[2023-10-10T06:38:09.251+0000] {processor.py:157} INFO - Started process (PID=34) to work on /opt/airflow/dags/constant_variables.py
[2023-10-10T06:38:09.252+0000] {processor.py:829} INFO - Processing file /opt/airflow/dags/constant_variables.py for tasks to queue
[2023-10-10T06:38:09.256+0000] {logging_mixin.py:151} INFO - [2023-10-10T06:38:09.255+0000] {dagbag.py:539} INFO - Filling up the DagBag from /opt/airflow/dags/constant_variables.py
[2023-10-10T06:38:09.262+0000] {processor.py:841} WARNING - No viable dags retrieved from /opt/airflow/dags/constant_variables.py
[2023-10-10T06:38:09.273+0000] {processor.py:179} INFO - Processing /opt/airflow/dags/constant_variables.py took 0.027 seconds
[2023-10-10T06:38:40.315+0000] {processor.py:157} INFO - Started process (PID=90) to work on /opt/airflow/dags/constant_variables.py
[2023-10-10T06:38:40.318+0000] {processor.py:829} INFO - Processing file /opt/airflow/dags/constant_variables.py for tasks to queue
[2023-10-10T06:38:40.322+0000] {logging_mixin.py:151} INFO - [2023-10-10T06:38:40.321+0000] {dagbag.py:539} INFO - Filling up the DagBag from /opt/airflow/dags/constant_variables.py
[2023-10-10T06:38:40.326+0000] {processor.py:841} WARNING - No viable dags retrieved from /opt/airflow/dags/constant_variables.py
[2023-10-10T06:38:40.339+0000] {processor.py:179} INFO - Processing /opt/airflow/dags/constant_variables.py took 0.032 seconds
[2023-10-10T06:39:10.528+0000] {processor.py:157} INFO - Started process (PID=146) to work on /opt/airflow/dags/constant_variables.py
[2023-10-10T06:39:10.531+0000] {processor.py:829} INFO - Processing file /opt/airflow/dags/constant_variables.py for tasks to queue
[2023-10-10T06:39:10.536+0000] {logging_mixin.py:151} INFO - [2023-10-10T06:39:10.536+0000] {dagbag.py:539} INFO - Filling up the DagBag from /opt/airflow/dags/constant_variables.py
[2023-10-10T06:39:10.542+0000] {processor.py:841} WARNING - No viable dags retrieved from /opt/airflow/dags/constant_variables.py
[2023-10-10T06:39:10.558+0000] {processor.py:179} INFO - Processing /opt/airflow/dags/constant_variables.py took 0.038 seconds
[2023-10-10T06:39:40.785+0000] {processor.py:157} INFO - Started process (PID=202) to work on /opt/airflow/dags/constant_variables.py
[2023-10-10T06:39:40.791+0000] {processor.py:829} INFO - Processing file /opt/airflow/dags/constant_variables.py for tasks to queue
[2023-10-10T06:39:40.800+0000] {logging_mixin.py:151} INFO - [2023-10-10T06:39:40.799+0000] {dagbag.py:539} INFO - Filling up the DagBag from /opt/airflow/dags/constant_variables.py
[2023-10-10T06:39:40.804+0000] {processor.py:841} WARNING - No viable dags retrieved from /opt/airflow/dags/constant_variables.py
[2023-10-10T06:39:40.820+0000] {processor.py:179} INFO - Processing /opt/airflow/dags/constant_variables.py took 0.045 seconds
[2023-10-10T06:40:10.943+0000] {processor.py:157} INFO - Started process (PID=258) to work on /opt/airflow/dags/constant_variables.py
[2023-10-10T06:40:10.945+0000] {processor.py:829} INFO - Processing file /opt/airflow/dags/constant_variables.py for tasks to queue
[2023-10-10T06:40:10.950+0000] {logging_mixin.py:151} INFO - [2023-10-10T06:40:10.949+0000] {dagbag.py:539} INFO - Filling up the DagBag from /opt/airflow/dags/constant_variables.py
[2023-10-10T06:40:10.956+0000] {processor.py:841} WARNING - No viable dags retrieved from /opt/airflow/dags/constant_variables.py
[2023-10-10T06:40:10.974+0000] {processor.py:179} INFO - Processing /opt/airflow/dags/constant_variables.py took 0.040 seconds
[2023-10-10T06:40:41.361+0000] {processor.py:157} INFO - Started process (PID=314) to work on /opt/airflow/dags/constant_variables.py
[2023-10-10T06:40:41.363+0000] {processor.py:829} INFO - Processing file /opt/airflow/dags/constant_variables.py for tasks to queue
[2023-10-10T06:40:41.366+0000] {logging_mixin.py:151} INFO - [2023-10-10T06:40:41.366+0000] {dagbag.py:539} INFO - Filling up the DagBag from /opt/airflow/dags/constant_variables.py
[2023-10-10T06:40:41.370+0000] {processor.py:841} WARNING - No viable dags retrieved from /opt/airflow/dags/constant_variables.py
[2023-10-10T06:40:41.385+0000] {processor.py:179} INFO - Processing /opt/airflow/dags/constant_variables.py took 0.030 seconds
[2023-10-10T06:41:11.875+0000] {processor.py:157} INFO - Started process (PID=370) to work on /opt/airflow/dags/constant_variables.py
[2023-10-10T06:41:11.877+0000] {processor.py:829} INFO - Processing file /opt/airflow/dags/constant_variables.py for tasks to queue
[2023-10-10T06:41:11.882+0000] {logging_mixin.py:151} INFO - [2023-10-10T06:41:11.881+0000] {dagbag.py:539} INFO - Filling up the DagBag from /opt/airflow/dags/constant_variables.py
[2023-10-10T06:41:11.887+0000] {processor.py:841} WARNING - No viable dags retrieved from /opt/airflow/dags/constant_variables.py
[2023-10-10T06:41:11.903+0000] {processor.py:179} INFO - Processing /opt/airflow/dags/constant_variables.py took 0.033 seconds
[2023-10-10T06:41:42.181+0000] {processor.py:157} INFO - Started process (PID=426) to work on /opt/airflow/dags/constant_variables.py
[2023-10-10T06:41:42.182+0000] {processor.py:829} INFO - Processing file /opt/airflow/dags/constant_variables.py for tasks to queue
[2023-10-10T06:41:42.186+0000] {logging_mixin.py:151} INFO - [2023-10-10T06:41:42.186+0000] {dagbag.py:539} INFO - Filling up the DagBag from /opt/airflow/dags/constant_variables.py
[2023-10-10T06:41:42.190+0000] {processor.py:841} WARNING - No viable dags retrieved from /opt/airflow/dags/constant_variables.py
[2023-10-10T06:41:42.204+0000] {processor.py:179} INFO - Processing /opt/airflow/dags/constant_variables.py took 0.030 seconds
[2023-10-10T06:42:12.533+0000] {processor.py:157} INFO - Started process (PID=482) to work on /opt/airflow/dags/constant_variables.py
[2023-10-10T06:42:12.535+0000] {processor.py:829} INFO - Processing file /opt/airflow/dags/constant_variables.py for tasks to queue
[2023-10-10T06:42:12.539+0000] {logging_mixin.py:151} INFO - [2023-10-10T06:42:12.539+0000] {dagbag.py:539} INFO - Filling up the DagBag from /opt/airflow/dags/constant_variables.py
[2023-10-10T06:42:12.543+0000] {processor.py:841} WARNING - No viable dags retrieved from /opt/airflow/dags/constant_variables.py
[2023-10-10T06:42:12.557+0000] {processor.py:179} INFO - Processing /opt/airflow/dags/constant_variables.py took 0.028 seconds
[2023-10-10T06:42:42.729+0000] {processor.py:157} INFO - Started process (PID=538) to work on /opt/airflow/dags/constant_variables.py
[2023-10-10T06:42:42.731+0000] {processor.py:829} INFO - Processing file /opt/airflow/dags/constant_variables.py for tasks to queue
[2023-10-10T06:42:42.734+0000] {logging_mixin.py:151} INFO - [2023-10-10T06:42:42.733+0000] {dagbag.py:539} INFO - Filling up the DagBag from /opt/airflow/dags/constant_variables.py
[2023-10-10T06:42:42.737+0000] {processor.py:841} WARNING - No viable dags retrieved from /opt/airflow/dags/constant_variables.py
[2023-10-10T06:42:42.748+0000] {processor.py:179} INFO - Processing /opt/airflow/dags/constant_variables.py took 0.021 seconds
[2023-10-10T06:43:13.126+0000] {processor.py:157} INFO - Started process (PID=594) to work on /opt/airflow/dags/constant_variables.py
[2023-10-10T06:43:13.128+0000] {processor.py:829} INFO - Processing file /opt/airflow/dags/constant_variables.py for tasks to queue
[2023-10-10T06:43:13.132+0000] {logging_mixin.py:151} INFO - [2023-10-10T06:43:13.132+0000] {dagbag.py:539} INFO - Filling up the DagBag from /opt/airflow/dags/constant_variables.py
[2023-10-10T06:43:13.138+0000] {processor.py:841} WARNING - No viable dags retrieved from /opt/airflow/dags/constant_variables.py
[2023-10-10T06:43:13.155+0000] {processor.py:179} INFO - Processing /opt/airflow/dags/constant_variables.py took 0.036 seconds
[2023-10-10T06:46:47.892+0000] {processor.py:157} INFO - Started process (PID=35) to work on /opt/airflow/dags/constant_variables.py
[2023-10-10T06:46:47.893+0000] {processor.py:829} INFO - Processing file /opt/airflow/dags/constant_variables.py for tasks to queue
[2023-10-10T06:46:47.895+0000] {logging_mixin.py:151} INFO - [2023-10-10T06:46:47.895+0000] {dagbag.py:539} INFO - Filling up the DagBag from /opt/airflow/dags/constant_variables.py
[2023-10-10T06:46:47.898+0000] {processor.py:841} WARNING - No viable dags retrieved from /opt/airflow/dags/constant_variables.py
[2023-10-10T06:46:47.909+0000] {processor.py:179} INFO - Processing /opt/airflow/dags/constant_variables.py took 0.021 seconds
[2023-10-10T06:47:18.801+0000] {processor.py:157} INFO - Started process (PID=91) to work on /opt/airflow/dags/constant_variables.py
[2023-10-10T06:47:18.803+0000] {processor.py:829} INFO - Processing file /opt/airflow/dags/constant_variables.py for tasks to queue
[2023-10-10T06:47:18.806+0000] {logging_mixin.py:151} INFO - [2023-10-10T06:47:18.805+0000] {dagbag.py:539} INFO - Filling up the DagBag from /opt/airflow/dags/constant_variables.py
[2023-10-10T06:47:18.809+0000] {processor.py:841} WARNING - No viable dags retrieved from /opt/airflow/dags/constant_variables.py
[2023-10-10T06:47:18.821+0000] {processor.py:179} INFO - Processing /opt/airflow/dags/constant_variables.py took 0.023 seconds
[2023-10-10T06:47:49.163+0000] {processor.py:157} INFO - Started process (PID=147) to work on /opt/airflow/dags/constant_variables.py
[2023-10-10T06:47:49.166+0000] {processor.py:829} INFO - Processing file /opt/airflow/dags/constant_variables.py for tasks to queue
[2023-10-10T06:47:49.170+0000] {logging_mixin.py:151} INFO - [2023-10-10T06:47:49.169+0000] {dagbag.py:539} INFO - Filling up the DagBag from /opt/airflow/dags/constant_variables.py
[2023-10-10T06:47:49.175+0000] {processor.py:841} WARNING - No viable dags retrieved from /opt/airflow/dags/constant_variables.py
[2023-10-10T06:47:49.190+0000] {processor.py:179} INFO - Processing /opt/airflow/dags/constant_variables.py took 0.034 seconds
[2023-10-10T06:48:19.340+0000] {processor.py:157} INFO - Started process (PID=203) to work on /opt/airflow/dags/constant_variables.py
[2023-10-10T06:48:19.342+0000] {processor.py:829} INFO - Processing file /opt/airflow/dags/constant_variables.py for tasks to queue
[2023-10-10T06:48:19.347+0000] {logging_mixin.py:151} INFO - [2023-10-10T06:48:19.346+0000] {dagbag.py:539} INFO - Filling up the DagBag from /opt/airflow/dags/constant_variables.py
[2023-10-10T06:48:19.353+0000] {processor.py:841} WARNING - No viable dags retrieved from /opt/airflow/dags/constant_variables.py
[2023-10-10T06:48:19.368+0000] {processor.py:179} INFO - Processing /opt/airflow/dags/constant_variables.py took 0.035 seconds
[2023-10-10T06:48:49.617+0000] {processor.py:157} INFO - Started process (PID=259) to work on /opt/airflow/dags/constant_variables.py
[2023-10-10T06:48:49.619+0000] {processor.py:829} INFO - Processing file /opt/airflow/dags/constant_variables.py for tasks to queue
[2023-10-10T06:48:49.623+0000] {logging_mixin.py:151} INFO - [2023-10-10T06:48:49.622+0000] {dagbag.py:539} INFO - Filling up the DagBag from /opt/airflow/dags/constant_variables.py
[2023-10-10T06:48:49.627+0000] {processor.py:841} WARNING - No viable dags retrieved from /opt/airflow/dags/constant_variables.py
[2023-10-10T06:48:49.640+0000] {processor.py:179} INFO - Processing /opt/airflow/dags/constant_variables.py took 0.032 seconds
[2023-10-10T06:49:19.823+0000] {processor.py:157} INFO - Started process (PID=315) to work on /opt/airflow/dags/constant_variables.py
[2023-10-10T06:49:19.825+0000] {processor.py:829} INFO - Processing file /opt/airflow/dags/constant_variables.py for tasks to queue
[2023-10-10T06:49:19.830+0000] {logging_mixin.py:151} INFO - [2023-10-10T06:49:19.830+0000] {dagbag.py:539} INFO - Filling up the DagBag from /opt/airflow/dags/constant_variables.py
[2023-10-10T06:49:19.835+0000] {processor.py:841} WARNING - No viable dags retrieved from /opt/airflow/dags/constant_variables.py
[2023-10-10T06:49:19.850+0000] {processor.py:179} INFO - Processing /opt/airflow/dags/constant_variables.py took 0.035 seconds
[2023-10-10T06:49:49.951+0000] {processor.py:157} INFO - Started process (PID=371) to work on /opt/airflow/dags/constant_variables.py
[2023-10-10T06:49:49.953+0000] {processor.py:829} INFO - Processing file /opt/airflow/dags/constant_variables.py for tasks to queue
[2023-10-10T06:49:49.957+0000] {logging_mixin.py:151} INFO - [2023-10-10T06:49:49.956+0000] {dagbag.py:539} INFO - Filling up the DagBag from /opt/airflow/dags/constant_variables.py
[2023-10-10T06:49:49.961+0000] {processor.py:841} WARNING - No viable dags retrieved from /opt/airflow/dags/constant_variables.py
[2023-10-10T06:49:49.975+0000] {processor.py:179} INFO - Processing /opt/airflow/dags/constant_variables.py took 0.028 seconds
[2023-10-10T06:50:20.211+0000] {processor.py:157} INFO - Started process (PID=427) to work on /opt/airflow/dags/constant_variables.py
[2023-10-10T06:50:20.213+0000] {processor.py:829} INFO - Processing file /opt/airflow/dags/constant_variables.py for tasks to queue
[2023-10-10T06:50:20.218+0000] {logging_mixin.py:151} INFO - [2023-10-10T06:50:20.217+0000] {dagbag.py:539} INFO - Filling up the DagBag from /opt/airflow/dags/constant_variables.py
[2023-10-10T06:50:20.222+0000] {processor.py:841} WARNING - No viable dags retrieved from /opt/airflow/dags/constant_variables.py
[2023-10-10T06:50:20.237+0000] {processor.py:179} INFO - Processing /opt/airflow/dags/constant_variables.py took 0.030 seconds
[2023-10-10T06:50:50.383+0000] {processor.py:157} INFO - Started process (PID=483) to work on /opt/airflow/dags/constant_variables.py
[2023-10-10T06:50:50.388+0000] {processor.py:829} INFO - Processing file /opt/airflow/dags/constant_variables.py for tasks to queue
[2023-10-10T06:50:50.399+0000] {logging_mixin.py:151} INFO - [2023-10-10T06:50:50.399+0000] {dagbag.py:539} INFO - Filling up the DagBag from /opt/airflow/dags/constant_variables.py
[2023-10-10T06:50:50.404+0000] {processor.py:841} WARNING - No viable dags retrieved from /opt/airflow/dags/constant_variables.py
[2023-10-10T06:50:50.422+0000] {processor.py:179} INFO - Processing /opt/airflow/dags/constant_variables.py took 0.050 seconds
[2023-10-10T06:51:20.775+0000] {processor.py:157} INFO - Started process (PID=539) to work on /opt/airflow/dags/constant_variables.py
[2023-10-10T06:51:20.779+0000] {processor.py:829} INFO - Processing file /opt/airflow/dags/constant_variables.py for tasks to queue
[2023-10-10T06:51:20.784+0000] {logging_mixin.py:151} INFO - [2023-10-10T06:51:20.783+0000] {dagbag.py:539} INFO - Filling up the DagBag from /opt/airflow/dags/constant_variables.py
[2023-10-10T06:51:20.790+0000] {processor.py:841} WARNING - No viable dags retrieved from /opt/airflow/dags/constant_variables.py
[2023-10-10T06:51:20.805+0000] {processor.py:179} INFO - Processing /opt/airflow/dags/constant_variables.py took 0.037 seconds
[2023-10-10T06:51:51.087+0000] {processor.py:157} INFO - Started process (PID=595) to work on /opt/airflow/dags/constant_variables.py
[2023-10-10T06:51:51.089+0000] {processor.py:829} INFO - Processing file /opt/airflow/dags/constant_variables.py for tasks to queue
[2023-10-10T06:51:51.092+0000] {logging_mixin.py:151} INFO - [2023-10-10T06:51:51.092+0000] {dagbag.py:539} INFO - Filling up the DagBag from /opt/airflow/dags/constant_variables.py
[2023-10-10T06:51:51.097+0000] {processor.py:841} WARNING - No viable dags retrieved from /opt/airflow/dags/constant_variables.py
[2023-10-10T06:51:51.112+0000] {processor.py:179} INFO - Processing /opt/airflow/dags/constant_variables.py took 0.032 seconds
[2023-10-10T06:52:21.350+0000] {processor.py:157} INFO - Started process (PID=651) to work on /opt/airflow/dags/constant_variables.py
[2023-10-10T06:52:21.353+0000] {processor.py:829} INFO - Processing file /opt/airflow/dags/constant_variables.py for tasks to queue
[2023-10-10T06:52:21.358+0000] {logging_mixin.py:151} INFO - [2023-10-10T06:52:21.357+0000] {dagbag.py:539} INFO - Filling up the DagBag from /opt/airflow/dags/constant_variables.py
[2023-10-10T06:52:21.363+0000] {processor.py:841} WARNING - No viable dags retrieved from /opt/airflow/dags/constant_variables.py
[2023-10-10T06:52:21.378+0000] {processor.py:179} INFO - Processing /opt/airflow/dags/constant_variables.py took 0.036 seconds
[2023-10-10T06:52:51.565+0000] {processor.py:157} INFO - Started process (PID=707) to work on /opt/airflow/dags/constant_variables.py
[2023-10-10T06:52:51.567+0000] {processor.py:829} INFO - Processing file /opt/airflow/dags/constant_variables.py for tasks to queue
[2023-10-10T06:52:51.570+0000] {logging_mixin.py:151} INFO - [2023-10-10T06:52:51.569+0000] {dagbag.py:539} INFO - Filling up the DagBag from /opt/airflow/dags/constant_variables.py
[2023-10-10T06:52:51.575+0000] {processor.py:841} WARNING - No viable dags retrieved from /opt/airflow/dags/constant_variables.py
[2023-10-10T06:52:51.589+0000] {processor.py:179} INFO - Processing /opt/airflow/dags/constant_variables.py took 0.029 seconds
[2023-10-10T06:53:21.921+0000] {processor.py:157} INFO - Started process (PID=763) to work on /opt/airflow/dags/constant_variables.py
[2023-10-10T06:53:21.925+0000] {processor.py:829} INFO - Processing file /opt/airflow/dags/constant_variables.py for tasks to queue
[2023-10-10T06:53:21.928+0000] {logging_mixin.py:151} INFO - [2023-10-10T06:53:21.927+0000] {dagbag.py:539} INFO - Filling up the DagBag from /opt/airflow/dags/constant_variables.py
[2023-10-10T06:53:21.932+0000] {processor.py:841} WARNING - No viable dags retrieved from /opt/airflow/dags/constant_variables.py
[2023-10-10T06:53:21.945+0000] {processor.py:179} INFO - Processing /opt/airflow/dags/constant_variables.py took 0.031 seconds
[2023-10-10T06:53:52.102+0000] {processor.py:157} INFO - Started process (PID=819) to work on /opt/airflow/dags/constant_variables.py
[2023-10-10T06:53:52.105+0000] {processor.py:829} INFO - Processing file /opt/airflow/dags/constant_variables.py for tasks to queue
[2023-10-10T06:53:52.109+0000] {logging_mixin.py:151} INFO - [2023-10-10T06:53:52.109+0000] {dagbag.py:539} INFO - Filling up the DagBag from /opt/airflow/dags/constant_variables.py
[2023-10-10T06:53:52.114+0000] {processor.py:841} WARNING - No viable dags retrieved from /opt/airflow/dags/constant_variables.py
[2023-10-10T06:53:52.131+0000] {processor.py:179} INFO - Processing /opt/airflow/dags/constant_variables.py took 0.037 seconds
[2023-10-10T06:54:22.330+0000] {processor.py:157} INFO - Started process (PID=875) to work on /opt/airflow/dags/constant_variables.py
[2023-10-10T06:54:22.331+0000] {processor.py:829} INFO - Processing file /opt/airflow/dags/constant_variables.py for tasks to queue
[2023-10-10T06:54:22.335+0000] {logging_mixin.py:151} INFO - [2023-10-10T06:54:22.335+0000] {dagbag.py:539} INFO - Filling up the DagBag from /opt/airflow/dags/constant_variables.py
[2023-10-10T06:54:22.342+0000] {processor.py:841} WARNING - No viable dags retrieved from /opt/airflow/dags/constant_variables.py
[2023-10-10T06:54:22.358+0000] {processor.py:179} INFO - Processing /opt/airflow/dags/constant_variables.py took 0.035 seconds
[2023-10-10T06:54:52.618+0000] {processor.py:157} INFO - Started process (PID=931) to work on /opt/airflow/dags/constant_variables.py
[2023-10-10T06:54:52.622+0000] {processor.py:829} INFO - Processing file /opt/airflow/dags/constant_variables.py for tasks to queue
[2023-10-10T06:54:52.627+0000] {logging_mixin.py:151} INFO - [2023-10-10T06:54:52.626+0000] {dagbag.py:539} INFO - Filling up the DagBag from /opt/airflow/dags/constant_variables.py
[2023-10-10T06:54:52.631+0000] {processor.py:841} WARNING - No viable dags retrieved from /opt/airflow/dags/constant_variables.py
[2023-10-10T06:54:52.646+0000] {processor.py:179} INFO - Processing /opt/airflow/dags/constant_variables.py took 0.036 seconds
[2023-10-10T06:55:22.698+0000] {processor.py:157} INFO - Started process (PID=987) to work on /opt/airflow/dags/constant_variables.py
[2023-10-10T06:55:22.700+0000] {processor.py:829} INFO - Processing file /opt/airflow/dags/constant_variables.py for tasks to queue
[2023-10-10T06:55:22.705+0000] {logging_mixin.py:151} INFO - [2023-10-10T06:55:22.704+0000] {dagbag.py:539} INFO - Filling up the DagBag from /opt/airflow/dags/constant_variables.py
[2023-10-10T06:55:22.710+0000] {processor.py:841} WARNING - No viable dags retrieved from /opt/airflow/dags/constant_variables.py
[2023-10-10T06:55:22.733+0000] {processor.py:179} INFO - Processing /opt/airflow/dags/constant_variables.py took 0.042 seconds
[2023-10-10T06:55:52.955+0000] {processor.py:157} INFO - Started process (PID=1043) to work on /opt/airflow/dags/constant_variables.py
[2023-10-10T06:55:52.959+0000] {processor.py:829} INFO - Processing file /opt/airflow/dags/constant_variables.py for tasks to queue
[2023-10-10T06:55:52.962+0000] {logging_mixin.py:151} INFO - [2023-10-10T06:55:52.962+0000] {dagbag.py:539} INFO - Filling up the DagBag from /opt/airflow/dags/constant_variables.py
[2023-10-10T06:55:52.966+0000] {processor.py:841} WARNING - No viable dags retrieved from /opt/airflow/dags/constant_variables.py
[2023-10-10T06:55:52.980+0000] {processor.py:179} INFO - Processing /opt/airflow/dags/constant_variables.py took 0.032 seconds
[2023-10-10T06:56:23.142+0000] {processor.py:157} INFO - Started process (PID=1099) to work on /opt/airflow/dags/constant_variables.py
[2023-10-10T06:56:23.145+0000] {processor.py:829} INFO - Processing file /opt/airflow/dags/constant_variables.py for tasks to queue
[2023-10-10T06:56:23.159+0000] {logging_mixin.py:151} INFO - [2023-10-10T06:56:23.159+0000] {dagbag.py:539} INFO - Filling up the DagBag from /opt/airflow/dags/constant_variables.py
[2023-10-10T06:56:23.164+0000] {processor.py:841} WARNING - No viable dags retrieved from /opt/airflow/dags/constant_variables.py
[2023-10-10T06:56:23.181+0000] {processor.py:179} INFO - Processing /opt/airflow/dags/constant_variables.py took 0.048 seconds
[2023-10-10T17:17:50.764+0000] {processor.py:157} INFO - Started process (PID=35) to work on /opt/airflow/dags/constant_variables.py
[2023-10-10T17:17:50.766+0000] {processor.py:829} INFO - Processing file /opt/airflow/dags/constant_variables.py for tasks to queue
[2023-10-10T17:17:50.768+0000] {logging_mixin.py:151} INFO - [2023-10-10T17:17:50.768+0000] {dagbag.py:539} INFO - Filling up the DagBag from /opt/airflow/dags/constant_variables.py
[2023-10-10T17:17:50.772+0000] {processor.py:841} WARNING - No viable dags retrieved from /opt/airflow/dags/constant_variables.py
[2023-10-10T17:17:50.790+0000] {processor.py:179} INFO - Processing /opt/airflow/dags/constant_variables.py took 0.029 seconds
[2023-10-10T17:18:21.121+0000] {processor.py:157} INFO - Started process (PID=91) to work on /opt/airflow/dags/constant_variables.py
[2023-10-10T17:18:21.122+0000] {processor.py:829} INFO - Processing file /opt/airflow/dags/constant_variables.py for tasks to queue
[2023-10-10T17:18:21.125+0000] {logging_mixin.py:151} INFO - [2023-10-10T17:18:21.125+0000] {dagbag.py:539} INFO - Filling up the DagBag from /opt/airflow/dags/constant_variables.py
[2023-10-10T17:18:21.130+0000] {processor.py:841} WARNING - No viable dags retrieved from /opt/airflow/dags/constant_variables.py
[2023-10-10T17:18:21.143+0000] {processor.py:179} INFO - Processing /opt/airflow/dags/constant_variables.py took 0.027 seconds
[2023-10-10T17:18:51.190+0000] {processor.py:157} INFO - Started process (PID=147) to work on /opt/airflow/dags/constant_variables.py
[2023-10-10T17:18:51.190+0000] {processor.py:829} INFO - Processing file /opt/airflow/dags/constant_variables.py for tasks to queue
[2023-10-10T17:18:51.192+0000] {logging_mixin.py:151} INFO - [2023-10-10T17:18:51.192+0000] {dagbag.py:539} INFO - Filling up the DagBag from /opt/airflow/dags/constant_variables.py
[2023-10-10T17:18:51.194+0000] {processor.py:841} WARNING - No viable dags retrieved from /opt/airflow/dags/constant_variables.py
[2023-10-10T17:18:51.204+0000] {processor.py:179} INFO - Processing /opt/airflow/dags/constant_variables.py took 0.017 seconds
[2023-10-10T17:19:21.275+0000] {processor.py:157} INFO - Started process (PID=203) to work on /opt/airflow/dags/constant_variables.py
[2023-10-10T17:19:21.275+0000] {processor.py:829} INFO - Processing file /opt/airflow/dags/constant_variables.py for tasks to queue
[2023-10-10T17:19:21.277+0000] {logging_mixin.py:151} INFO - [2023-10-10T17:19:21.277+0000] {dagbag.py:539} INFO - Filling up the DagBag from /opt/airflow/dags/constant_variables.py
[2023-10-10T17:19:21.279+0000] {processor.py:841} WARNING - No viable dags retrieved from /opt/airflow/dags/constant_variables.py
[2023-10-10T17:19:21.287+0000] {processor.py:179} INFO - Processing /opt/airflow/dags/constant_variables.py took 0.015 seconds
[2023-10-10T17:19:51.467+0000] {processor.py:157} INFO - Started process (PID=259) to work on /opt/airflow/dags/constant_variables.py
[2023-10-10T17:19:51.468+0000] {processor.py:829} INFO - Processing file /opt/airflow/dags/constant_variables.py for tasks to queue
[2023-10-10T17:19:51.470+0000] {logging_mixin.py:151} INFO - [2023-10-10T17:19:51.470+0000] {dagbag.py:539} INFO - Filling up the DagBag from /opt/airflow/dags/constant_variables.py
[2023-10-10T17:19:51.472+0000] {processor.py:841} WARNING - No viable dags retrieved from /opt/airflow/dags/constant_variables.py
[2023-10-10T17:19:51.480+0000] {processor.py:179} INFO - Processing /opt/airflow/dags/constant_variables.py took 0.015 seconds
[2023-10-10T17:20:21.542+0000] {processor.py:157} INFO - Started process (PID=315) to work on /opt/airflow/dags/constant_variables.py
[2023-10-10T17:20:21.543+0000] {processor.py:829} INFO - Processing file /opt/airflow/dags/constant_variables.py for tasks to queue
[2023-10-10T17:20:21.547+0000] {logging_mixin.py:151} INFO - [2023-10-10T17:20:21.547+0000] {dagbag.py:539} INFO - Filling up the DagBag from /opt/airflow/dags/constant_variables.py
[2023-10-10T17:20:21.551+0000] {processor.py:841} WARNING - No viable dags retrieved from /opt/airflow/dags/constant_variables.py
[2023-10-10T17:20:21.565+0000] {processor.py:179} INFO - Processing /opt/airflow/dags/constant_variables.py took 0.029 seconds
[2023-10-10T17:20:51.712+0000] {processor.py:157} INFO - Started process (PID=371) to work on /opt/airflow/dags/constant_variables.py
[2023-10-10T17:20:51.713+0000] {processor.py:829} INFO - Processing file /opt/airflow/dags/constant_variables.py for tasks to queue
[2023-10-10T17:20:51.716+0000] {logging_mixin.py:151} INFO - [2023-10-10T17:20:51.716+0000] {dagbag.py:539} INFO - Filling up the DagBag from /opt/airflow/dags/constant_variables.py
[2023-10-10T17:20:51.720+0000] {processor.py:841} WARNING - No viable dags retrieved from /opt/airflow/dags/constant_variables.py
[2023-10-10T17:20:51.733+0000] {processor.py:179} INFO - Processing /opt/airflow/dags/constant_variables.py took 0.026 seconds
[2023-10-10T17:21:21.809+0000] {processor.py:157} INFO - Started process (PID=427) to work on /opt/airflow/dags/constant_variables.py
[2023-10-10T17:21:21.810+0000] {processor.py:829} INFO - Processing file /opt/airflow/dags/constant_variables.py for tasks to queue
[2023-10-10T17:21:21.812+0000] {logging_mixin.py:151} INFO - [2023-10-10T17:21:21.812+0000] {dagbag.py:539} INFO - Filling up the DagBag from /opt/airflow/dags/constant_variables.py
[2023-10-10T17:21:21.815+0000] {processor.py:841} WARNING - No viable dags retrieved from /opt/airflow/dags/constant_variables.py
[2023-10-10T17:21:21.825+0000] {processor.py:179} INFO - Processing /opt/airflow/dags/constant_variables.py took 0.018 seconds
[2023-10-10T17:21:51.954+0000] {processor.py:157} INFO - Started process (PID=483) to work on /opt/airflow/dags/constant_variables.py
[2023-10-10T17:21:51.955+0000] {processor.py:829} INFO - Processing file /opt/airflow/dags/constant_variables.py for tasks to queue
[2023-10-10T17:21:51.957+0000] {logging_mixin.py:151} INFO - [2023-10-10T17:21:51.957+0000] {dagbag.py:539} INFO - Filling up the DagBag from /opt/airflow/dags/constant_variables.py
[2023-10-10T17:21:51.960+0000] {processor.py:841} WARNING - No viable dags retrieved from /opt/airflow/dags/constant_variables.py
[2023-10-10T17:21:51.972+0000] {processor.py:179} INFO - Processing /opt/airflow/dags/constant_variables.py took 0.021 seconds
[2023-10-10T17:22:22.231+0000] {processor.py:157} INFO - Started process (PID=539) to work on /opt/airflow/dags/constant_variables.py
[2023-10-10T17:22:22.232+0000] {processor.py:829} INFO - Processing file /opt/airflow/dags/constant_variables.py for tasks to queue
[2023-10-10T17:22:22.234+0000] {logging_mixin.py:151} INFO - [2023-10-10T17:22:22.234+0000] {dagbag.py:539} INFO - Filling up the DagBag from /opt/airflow/dags/constant_variables.py
[2023-10-10T17:22:22.237+0000] {processor.py:841} WARNING - No viable dags retrieved from /opt/airflow/dags/constant_variables.py
[2023-10-10T17:22:22.250+0000] {processor.py:179} INFO - Processing /opt/airflow/dags/constant_variables.py took 0.023 seconds
[2023-10-10T17:22:52.287+0000] {processor.py:157} INFO - Started process (PID=595) to work on /opt/airflow/dags/constant_variables.py
[2023-10-10T17:22:52.288+0000] {processor.py:829} INFO - Processing file /opt/airflow/dags/constant_variables.py for tasks to queue
[2023-10-10T17:22:52.292+0000] {logging_mixin.py:151} INFO - [2023-10-10T17:22:52.291+0000] {dagbag.py:539} INFO - Filling up the DagBag from /opt/airflow/dags/constant_variables.py
[2023-10-10T17:22:52.297+0000] {processor.py:841} WARNING - No viable dags retrieved from /opt/airflow/dags/constant_variables.py
[2023-10-10T17:22:52.311+0000] {processor.py:179} INFO - Processing /opt/airflow/dags/constant_variables.py took 0.030 seconds
[2023-10-10T17:23:22.434+0000] {processor.py:157} INFO - Started process (PID=651) to work on /opt/airflow/dags/constant_variables.py
[2023-10-10T17:23:22.436+0000] {processor.py:829} INFO - Processing file /opt/airflow/dags/constant_variables.py for tasks to queue
[2023-10-10T17:23:22.439+0000] {logging_mixin.py:151} INFO - [2023-10-10T17:23:22.439+0000] {dagbag.py:539} INFO - Filling up the DagBag from /opt/airflow/dags/constant_variables.py
[2023-10-10T17:23:22.443+0000] {processor.py:841} WARNING - No viable dags retrieved from /opt/airflow/dags/constant_variables.py
[2023-10-10T17:23:22.455+0000] {processor.py:179} INFO - Processing /opt/airflow/dags/constant_variables.py took 0.027 seconds
[2023-10-10T17:23:52.534+0000] {processor.py:157} INFO - Started process (PID=707) to work on /opt/airflow/dags/constant_variables.py
[2023-10-10T17:23:52.535+0000] {processor.py:829} INFO - Processing file /opt/airflow/dags/constant_variables.py for tasks to queue
[2023-10-10T17:23:52.538+0000] {logging_mixin.py:151} INFO - [2023-10-10T17:23:52.538+0000] {dagbag.py:539} INFO - Filling up the DagBag from /opt/airflow/dags/constant_variables.py
[2023-10-10T17:23:52.542+0000] {processor.py:841} WARNING - No viable dags retrieved from /opt/airflow/dags/constant_variables.py
[2023-10-10T17:23:52.555+0000] {processor.py:179} INFO - Processing /opt/airflow/dags/constant_variables.py took 0.026 seconds
[2023-10-10T17:24:22.762+0000] {processor.py:157} INFO - Started process (PID=763) to work on /opt/airflow/dags/constant_variables.py
[2023-10-10T17:24:22.763+0000] {processor.py:829} INFO - Processing file /opt/airflow/dags/constant_variables.py for tasks to queue
[2023-10-10T17:24:22.766+0000] {logging_mixin.py:151} INFO - [2023-10-10T17:24:22.766+0000] {dagbag.py:539} INFO - Filling up the DagBag from /opt/airflow/dags/constant_variables.py
[2023-10-10T17:24:22.769+0000] {processor.py:841} WARNING - No viable dags retrieved from /opt/airflow/dags/constant_variables.py
[2023-10-10T17:24:22.781+0000] {processor.py:179} INFO - Processing /opt/airflow/dags/constant_variables.py took 0.024 seconds
[2023-10-10T17:24:52.910+0000] {processor.py:157} INFO - Started process (PID=819) to work on /opt/airflow/dags/constant_variables.py
[2023-10-10T17:24:52.911+0000] {processor.py:829} INFO - Processing file /opt/airflow/dags/constant_variables.py for tasks to queue
[2023-10-10T17:24:52.913+0000] {logging_mixin.py:151} INFO - [2023-10-10T17:24:52.913+0000] {dagbag.py:539} INFO - Filling up the DagBag from /opt/airflow/dags/constant_variables.py
[2023-10-10T17:24:52.916+0000] {processor.py:841} WARNING - No viable dags retrieved from /opt/airflow/dags/constant_variables.py
[2023-10-10T17:24:52.926+0000] {processor.py:179} INFO - Processing /opt/airflow/dags/constant_variables.py took 0.019 seconds
[2023-10-10T17:25:23.036+0000] {processor.py:157} INFO - Started process (PID=875) to work on /opt/airflow/dags/constant_variables.py
[2023-10-10T17:25:23.037+0000] {processor.py:829} INFO - Processing file /opt/airflow/dags/constant_variables.py for tasks to queue
[2023-10-10T17:25:23.040+0000] {logging_mixin.py:151} INFO - [2023-10-10T17:25:23.040+0000] {dagbag.py:539} INFO - Filling up the DagBag from /opt/airflow/dags/constant_variables.py
[2023-10-10T17:25:23.045+0000] {processor.py:841} WARNING - No viable dags retrieved from /opt/airflow/dags/constant_variables.py
[2023-10-10T17:25:23.057+0000] {processor.py:179} INFO - Processing /opt/airflow/dags/constant_variables.py took 0.025 seconds
[2023-10-10T17:25:53.246+0000] {processor.py:157} INFO - Started process (PID=931) to work on /opt/airflow/dags/constant_variables.py
[2023-10-10T17:25:53.247+0000] {processor.py:829} INFO - Processing file /opt/airflow/dags/constant_variables.py for tasks to queue
[2023-10-10T17:25:53.248+0000] {logging_mixin.py:151} INFO - [2023-10-10T17:25:53.248+0000] {dagbag.py:539} INFO - Filling up the DagBag from /opt/airflow/dags/constant_variables.py
[2023-10-10T17:25:53.251+0000] {processor.py:841} WARNING - No viable dags retrieved from /opt/airflow/dags/constant_variables.py
[2023-10-10T17:25:53.261+0000] {processor.py:179} INFO - Processing /opt/airflow/dags/constant_variables.py took 0.017 seconds
[2023-10-10T17:26:23.343+0000] {processor.py:157} INFO - Started process (PID=987) to work on /opt/airflow/dags/constant_variables.py
[2023-10-10T17:26:23.344+0000] {processor.py:829} INFO - Processing file /opt/airflow/dags/constant_variables.py for tasks to queue
[2023-10-10T17:26:23.346+0000] {logging_mixin.py:151} INFO - [2023-10-10T17:26:23.346+0000] {dagbag.py:539} INFO - Filling up the DagBag from /opt/airflow/dags/constant_variables.py
[2023-10-10T17:26:23.350+0000] {processor.py:841} WARNING - No viable dags retrieved from /opt/airflow/dags/constant_variables.py
[2023-10-10T17:26:23.363+0000] {processor.py:179} INFO - Processing /opt/airflow/dags/constant_variables.py took 0.024 seconds
[2023-10-10T17:26:53.424+0000] {processor.py:157} INFO - Started process (PID=1043) to work on /opt/airflow/dags/constant_variables.py
[2023-10-10T17:26:53.426+0000] {processor.py:829} INFO - Processing file /opt/airflow/dags/constant_variables.py for tasks to queue
[2023-10-10T17:26:53.428+0000] {logging_mixin.py:151} INFO - [2023-10-10T17:26:53.428+0000] {dagbag.py:539} INFO - Filling up the DagBag from /opt/airflow/dags/constant_variables.py
[2023-10-10T17:26:53.432+0000] {processor.py:841} WARNING - No viable dags retrieved from /opt/airflow/dags/constant_variables.py
[2023-10-10T17:26:53.446+0000] {processor.py:179} INFO - Processing /opt/airflow/dags/constant_variables.py took 0.027 seconds
[2023-10-10T17:27:23.641+0000] {processor.py:157} INFO - Started process (PID=1099) to work on /opt/airflow/dags/constant_variables.py
[2023-10-10T17:27:23.641+0000] {processor.py:829} INFO - Processing file /opt/airflow/dags/constant_variables.py for tasks to queue
[2023-10-10T17:27:23.643+0000] {logging_mixin.py:151} INFO - [2023-10-10T17:27:23.643+0000] {dagbag.py:539} INFO - Filling up the DagBag from /opt/airflow/dags/constant_variables.py
[2023-10-10T17:27:23.645+0000] {processor.py:841} WARNING - No viable dags retrieved from /opt/airflow/dags/constant_variables.py
[2023-10-10T17:27:23.655+0000] {processor.py:179} INFO - Processing /opt/airflow/dags/constant_variables.py took 0.017 seconds
[2023-10-10T17:27:53.756+0000] {processor.py:157} INFO - Started process (PID=1155) to work on /opt/airflow/dags/constant_variables.py
[2023-10-10T17:27:53.758+0000] {processor.py:829} INFO - Processing file /opt/airflow/dags/constant_variables.py for tasks to queue
[2023-10-10T17:27:53.762+0000] {logging_mixin.py:151} INFO - [2023-10-10T17:27:53.762+0000] {dagbag.py:539} INFO - Filling up the DagBag from /opt/airflow/dags/constant_variables.py
[2023-10-10T17:27:53.767+0000] {processor.py:841} WARNING - No viable dags retrieved from /opt/airflow/dags/constant_variables.py
[2023-10-10T17:27:53.782+0000] {processor.py:179} INFO - Processing /opt/airflow/dags/constant_variables.py took 0.032 seconds
[2023-10-10T17:28:23.939+0000] {processor.py:157} INFO - Started process (PID=1212) to work on /opt/airflow/dags/constant_variables.py
[2023-10-10T17:28:23.941+0000] {processor.py:829} INFO - Processing file /opt/airflow/dags/constant_variables.py for tasks to queue
[2023-10-10T17:28:23.943+0000] {logging_mixin.py:151} INFO - [2023-10-10T17:28:23.943+0000] {dagbag.py:539} INFO - Filling up the DagBag from /opt/airflow/dags/constant_variables.py
[2023-10-10T17:28:23.946+0000] {processor.py:841} WARNING - No viable dags retrieved from /opt/airflow/dags/constant_variables.py
[2023-10-10T17:28:23.957+0000] {processor.py:179} INFO - Processing /opt/airflow/dags/constant_variables.py took 0.022 seconds
[2023-10-10T17:28:54.075+0000] {processor.py:157} INFO - Started process (PID=1268) to work on /opt/airflow/dags/constant_variables.py
[2023-10-10T17:28:54.076+0000] {processor.py:829} INFO - Processing file /opt/airflow/dags/constant_variables.py for tasks to queue
[2023-10-10T17:28:54.079+0000] {logging_mixin.py:151} INFO - [2023-10-10T17:28:54.079+0000] {dagbag.py:539} INFO - Filling up the DagBag from /opt/airflow/dags/constant_variables.py
[2023-10-10T17:28:54.083+0000] {processor.py:841} WARNING - No viable dags retrieved from /opt/airflow/dags/constant_variables.py
[2023-10-10T17:28:54.098+0000] {processor.py:179} INFO - Processing /opt/airflow/dags/constant_variables.py took 0.028 seconds
