[2023-10-10T06:38:09.283+0000] {processor.py:157} INFO - Started process (PID=35) to work on /opt/airflow/dags/mongo_data_loader.py
[2023-10-10T06:38:09.284+0000] {processor.py:829} INFO - Processing file /opt/airflow/dags/mongo_data_loader.py for tasks to queue
[2023-10-10T06:38:09.285+0000] {logging_mixin.py:151} INFO - [2023-10-10T06:38:09.285+0000] {dagbag.py:539} INFO - Filling up the DagBag from /opt/airflow/dags/mongo_data_loader.py
[2023-10-10T06:38:09.544+0000] {processor.py:839} INFO - DAG(s) dict_keys(['mongo_data_loader']) retrieved from /opt/airflow/dags/mongo_data_loader.py
[2023-10-10T06:38:09.660+0000] {logging_mixin.py:151} INFO - [2023-10-10T06:38:09.660+0000] {security.py:708} INFO - Not syncing DAG-level permissions for DAG 'DAG:mongo_data_loader' as access control is unset.
[2023-10-10T06:38:09.661+0000] {logging_mixin.py:151} INFO - [2023-10-10T06:38:09.661+0000] {dag.py:2915} INFO - Sync 1 DAGs
[2023-10-10T06:38:09.673+0000] {logging_mixin.py:151} INFO - [2023-10-10T06:38:09.673+0000] {dag.py:3696} INFO - Setting next_dagrun for mongo_data_loader to 2023-09-10T16:45:00+00:00, run_after=2023-10-10T16:45:00+00:00
[2023-10-10T06:38:09.684+0000] {processor.py:179} INFO - Processing /opt/airflow/dags/mongo_data_loader.py took 0.406 seconds
[2023-10-10T06:38:40.317+0000] {processor.py:157} INFO - Started process (PID=91) to work on /opt/airflow/dags/mongo_data_loader.py
[2023-10-10T06:38:40.319+0000] {processor.py:829} INFO - Processing file /opt/airflow/dags/mongo_data_loader.py for tasks to queue
[2023-10-10T06:38:40.322+0000] {logging_mixin.py:151} INFO - [2023-10-10T06:38:40.321+0000] {dagbag.py:539} INFO - Filling up the DagBag from /opt/airflow/dags/mongo_data_loader.py
[2023-10-10T06:38:40.385+0000] {processor.py:839} INFO - DAG(s) dict_keys(['mongo_data_loader']) retrieved from /opt/airflow/dags/mongo_data_loader.py
[2023-10-10T06:38:40.398+0000] {logging_mixin.py:151} INFO - [2023-10-10T06:38:40.398+0000] {dag.py:2915} INFO - Sync 1 DAGs
[2023-10-10T06:38:40.413+0000] {logging_mixin.py:151} INFO - [2023-10-10T06:38:40.413+0000] {dag.py:3696} INFO - Setting next_dagrun for mongo_data_loader to 2023-09-10T16:45:00+00:00, run_after=2023-10-10T16:45:00+00:00
[2023-10-10T06:38:40.422+0000] {processor.py:179} INFO - Processing /opt/airflow/dags/mongo_data_loader.py took 0.109 seconds
[2023-10-10T06:39:10.533+0000] {processor.py:157} INFO - Started process (PID=147) to work on /opt/airflow/dags/mongo_data_loader.py
[2023-10-10T06:39:10.535+0000] {processor.py:829} INFO - Processing file /opt/airflow/dags/mongo_data_loader.py for tasks to queue
[2023-10-10T06:39:10.537+0000] {logging_mixin.py:151} INFO - [2023-10-10T06:39:10.537+0000] {dagbag.py:539} INFO - Filling up the DagBag from /opt/airflow/dags/mongo_data_loader.py
[2023-10-10T06:39:10.607+0000] {processor.py:839} INFO - DAG(s) dict_keys(['mongo_data_loader']) retrieved from /opt/airflow/dags/mongo_data_loader.py
[2023-10-10T06:39:10.619+0000] {logging_mixin.py:151} INFO - [2023-10-10T06:39:10.619+0000] {dag.py:2915} INFO - Sync 1 DAGs
[2023-10-10T06:39:10.632+0000] {logging_mixin.py:151} INFO - [2023-10-10T06:39:10.632+0000] {dag.py:3696} INFO - Setting next_dagrun for mongo_data_loader to 2023-09-10T16:45:00+00:00, run_after=2023-10-10T16:45:00+00:00
[2023-10-10T06:39:10.642+0000] {processor.py:179} INFO - Processing /opt/airflow/dags/mongo_data_loader.py took 0.114 seconds
[2023-10-10T06:39:40.786+0000] {processor.py:157} INFO - Started process (PID=203) to work on /opt/airflow/dags/mongo_data_loader.py
[2023-10-10T06:39:40.791+0000] {processor.py:829} INFO - Processing file /opt/airflow/dags/mongo_data_loader.py for tasks to queue
[2023-10-10T06:39:40.800+0000] {logging_mixin.py:151} INFO - [2023-10-10T06:39:40.799+0000] {dagbag.py:539} INFO - Filling up the DagBag from /opt/airflow/dags/mongo_data_loader.py
[2023-10-10T06:39:40.874+0000] {processor.py:839} INFO - DAG(s) dict_keys(['mongo_data_loader']) retrieved from /opt/airflow/dags/mongo_data_loader.py
[2023-10-10T06:39:40.890+0000] {logging_mixin.py:151} INFO - [2023-10-10T06:39:40.890+0000] {dag.py:2915} INFO - Sync 1 DAGs
[2023-10-10T06:39:40.905+0000] {logging_mixin.py:151} INFO - [2023-10-10T06:39:40.905+0000] {dag.py:3696} INFO - Setting next_dagrun for mongo_data_loader to 2023-09-10T16:45:00+00:00, run_after=2023-10-10T16:45:00+00:00
[2023-10-10T06:39:40.916+0000] {processor.py:179} INFO - Processing /opt/airflow/dags/mongo_data_loader.py took 0.134 seconds
[2023-10-10T06:40:10.990+0000] {processor.py:157} INFO - Started process (PID=259) to work on /opt/airflow/dags/mongo_data_loader.py
[2023-10-10T06:40:10.991+0000] {processor.py:829} INFO - Processing file /opt/airflow/dags/mongo_data_loader.py for tasks to queue
[2023-10-10T06:40:10.992+0000] {logging_mixin.py:151} INFO - [2023-10-10T06:40:10.992+0000] {dagbag.py:539} INFO - Filling up the DagBag from /opt/airflow/dags/mongo_data_loader.py
[2023-10-10T06:40:11.048+0000] {processor.py:839} INFO - DAG(s) dict_keys(['mongo_data_loader']) retrieved from /opt/airflow/dags/mongo_data_loader.py
[2023-10-10T06:40:11.060+0000] {logging_mixin.py:151} INFO - [2023-10-10T06:40:11.060+0000] {dag.py:2915} INFO - Sync 1 DAGs
[2023-10-10T06:40:11.073+0000] {logging_mixin.py:151} INFO - [2023-10-10T06:40:11.073+0000] {dag.py:3696} INFO - Setting next_dagrun for mongo_data_loader to 2023-09-10T16:45:00+00:00, run_after=2023-10-10T16:45:00+00:00
[2023-10-10T06:40:11.083+0000] {processor.py:179} INFO - Processing /opt/airflow/dags/mongo_data_loader.py took 0.096 seconds
[2023-10-10T06:40:41.363+0000] {processor.py:157} INFO - Started process (PID=315) to work on /opt/airflow/dags/mongo_data_loader.py
[2023-10-10T06:40:41.364+0000] {processor.py:829} INFO - Processing file /opt/airflow/dags/mongo_data_loader.py for tasks to queue
[2023-10-10T06:40:41.366+0000] {logging_mixin.py:151} INFO - [2023-10-10T06:40:41.366+0000] {dagbag.py:539} INFO - Filling up the DagBag from /opt/airflow/dags/mongo_data_loader.py
[2023-10-10T06:40:41.436+0000] {processor.py:839} INFO - DAG(s) dict_keys(['mongo_data_loader']) retrieved from /opt/airflow/dags/mongo_data_loader.py
[2023-10-10T06:40:41.450+0000] {logging_mixin.py:151} INFO - [2023-10-10T06:40:41.450+0000] {dag.py:2915} INFO - Sync 1 DAGs
[2023-10-10T06:40:41.465+0000] {logging_mixin.py:151} INFO - [2023-10-10T06:40:41.465+0000] {dag.py:3696} INFO - Setting next_dagrun for mongo_data_loader to 2023-09-10T16:45:00+00:00, run_after=2023-10-10T16:45:00+00:00
[2023-10-10T06:40:41.477+0000] {processor.py:179} INFO - Processing /opt/airflow/dags/mongo_data_loader.py took 0.119 seconds
[2023-10-10T06:41:11.878+0000] {processor.py:157} INFO - Started process (PID=371) to work on /opt/airflow/dags/mongo_data_loader.py
[2023-10-10T06:41:11.880+0000] {processor.py:829} INFO - Processing file /opt/airflow/dags/mongo_data_loader.py for tasks to queue
[2023-10-10T06:41:11.882+0000] {logging_mixin.py:151} INFO - [2023-10-10T06:41:11.882+0000] {dagbag.py:539} INFO - Filling up the DagBag from /opt/airflow/dags/mongo_data_loader.py
[2023-10-10T06:41:11.958+0000] {processor.py:839} INFO - DAG(s) dict_keys(['mongo_data_loader']) retrieved from /opt/airflow/dags/mongo_data_loader.py
[2023-10-10T06:41:11.973+0000] {logging_mixin.py:151} INFO - [2023-10-10T06:41:11.973+0000] {dag.py:2915} INFO - Sync 1 DAGs
[2023-10-10T06:41:11.995+0000] {logging_mixin.py:151} INFO - [2023-10-10T06:41:11.995+0000] {dag.py:3696} INFO - Setting next_dagrun for mongo_data_loader to 2023-09-10T16:45:00+00:00, run_after=2023-10-10T16:45:00+00:00
[2023-10-10T06:41:12.007+0000] {processor.py:179} INFO - Processing /opt/airflow/dags/mongo_data_loader.py took 0.132 seconds
[2023-10-10T06:41:42.183+0000] {processor.py:157} INFO - Started process (PID=427) to work on /opt/airflow/dags/mongo_data_loader.py
[2023-10-10T06:41:42.184+0000] {processor.py:829} INFO - Processing file /opt/airflow/dags/mongo_data_loader.py for tasks to queue
[2023-10-10T06:41:42.186+0000] {logging_mixin.py:151} INFO - [2023-10-10T06:41:42.186+0000] {dagbag.py:539} INFO - Filling up the DagBag from /opt/airflow/dags/mongo_data_loader.py
[2023-10-10T06:41:42.248+0000] {processor.py:839} INFO - DAG(s) dict_keys(['mongo_data_loader']) retrieved from /opt/airflow/dags/mongo_data_loader.py
[2023-10-10T06:41:42.260+0000] {logging_mixin.py:151} INFO - [2023-10-10T06:41:42.260+0000] {dag.py:2915} INFO - Sync 1 DAGs
[2023-10-10T06:41:42.272+0000] {logging_mixin.py:151} INFO - [2023-10-10T06:41:42.272+0000] {dag.py:3696} INFO - Setting next_dagrun for mongo_data_loader to 2023-09-10T16:45:00+00:00, run_after=2023-10-10T16:45:00+00:00
[2023-10-10T06:41:42.282+0000] {processor.py:179} INFO - Processing /opt/airflow/dags/mongo_data_loader.py took 0.102 seconds
[2023-10-10T06:42:12.536+0000] {processor.py:157} INFO - Started process (PID=483) to work on /opt/airflow/dags/mongo_data_loader.py
[2023-10-10T06:42:12.537+0000] {processor.py:829} INFO - Processing file /opt/airflow/dags/mongo_data_loader.py for tasks to queue
[2023-10-10T06:42:12.539+0000] {logging_mixin.py:151} INFO - [2023-10-10T06:42:12.539+0000] {dagbag.py:539} INFO - Filling up the DagBag from /opt/airflow/dags/mongo_data_loader.py
[2023-10-10T06:42:12.604+0000] {processor.py:839} INFO - DAG(s) dict_keys(['mongo_data_loader']) retrieved from /opt/airflow/dags/mongo_data_loader.py
[2023-10-10T06:42:12.617+0000] {logging_mixin.py:151} INFO - [2023-10-10T06:42:12.617+0000] {dag.py:2915} INFO - Sync 1 DAGs
[2023-10-10T06:42:12.630+0000] {logging_mixin.py:151} INFO - [2023-10-10T06:42:12.630+0000] {dag.py:3696} INFO - Setting next_dagrun for mongo_data_loader to 2023-09-10T16:45:00+00:00, run_after=2023-10-10T16:45:00+00:00
[2023-10-10T06:42:12.641+0000] {processor.py:179} INFO - Processing /opt/airflow/dags/mongo_data_loader.py took 0.108 seconds
[2023-10-10T06:42:42.735+0000] {processor.py:157} INFO - Started process (PID=539) to work on /opt/airflow/dags/mongo_data_loader.py
[2023-10-10T06:42:42.736+0000] {processor.py:829} INFO - Processing file /opt/airflow/dags/mongo_data_loader.py for tasks to queue
[2023-10-10T06:42:42.737+0000] {logging_mixin.py:151} INFO - [2023-10-10T06:42:42.737+0000] {dagbag.py:539} INFO - Filling up the DagBag from /opt/airflow/dags/mongo_data_loader.py
[2023-10-10T06:42:42.791+0000] {processor.py:839} INFO - DAG(s) dict_keys(['mongo_data_loader']) retrieved from /opt/airflow/dags/mongo_data_loader.py
[2023-10-10T06:42:42.819+0000] {logging_mixin.py:151} INFO - [2023-10-10T06:42:42.818+0000] {dag.py:2915} INFO - Sync 1 DAGs
[2023-10-10T06:42:42.855+0000] {logging_mixin.py:151} INFO - [2023-10-10T06:42:42.854+0000] {dag.py:3696} INFO - Setting next_dagrun for mongo_data_loader to 2023-09-10T16:45:00+00:00, run_after=2023-10-10T16:45:00+00:00
[2023-10-10T06:42:42.885+0000] {processor.py:179} INFO - Processing /opt/airflow/dags/mongo_data_loader.py took 0.153 seconds
[2023-10-10T06:43:13.134+0000] {processor.py:157} INFO - Started process (PID=595) to work on /opt/airflow/dags/mongo_data_loader.py
[2023-10-10T06:43:13.136+0000] {processor.py:829} INFO - Processing file /opt/airflow/dags/mongo_data_loader.py for tasks to queue
[2023-10-10T06:43:13.139+0000] {logging_mixin.py:151} INFO - [2023-10-10T06:43:13.139+0000] {dagbag.py:539} INFO - Filling up the DagBag from /opt/airflow/dags/mongo_data_loader.py
[2023-10-10T06:43:13.199+0000] {processor.py:839} INFO - DAG(s) dict_keys(['mongo_data_loader']) retrieved from /opt/airflow/dags/mongo_data_loader.py
[2023-10-10T06:43:13.211+0000] {logging_mixin.py:151} INFO - [2023-10-10T06:43:13.211+0000] {dag.py:2915} INFO - Sync 1 DAGs
[2023-10-10T06:43:13.222+0000] {logging_mixin.py:151} INFO - [2023-10-10T06:43:13.222+0000] {dag.py:3696} INFO - Setting next_dagrun for mongo_data_loader to 2023-09-10T16:45:00+00:00, run_after=2023-10-10T16:45:00+00:00
[2023-10-10T06:43:13.231+0000] {processor.py:179} INFO - Processing /opt/airflow/dags/mongo_data_loader.py took 0.102 seconds
[2023-10-10T06:46:47.920+0000] {processor.py:157} INFO - Started process (PID=36) to work on /opt/airflow/dags/mongo_data_loader.py
[2023-10-10T06:46:47.947+0000] {processor.py:829} INFO - Processing file /opt/airflow/dags/mongo_data_loader.py for tasks to queue
[2023-10-10T06:46:47.960+0000] {logging_mixin.py:151} INFO - [2023-10-10T06:46:47.960+0000] {dagbag.py:539} INFO - Filling up the DagBag from /opt/airflow/dags/mongo_data_loader.py
[2023-10-10T06:46:48.087+0000] {processor.py:839} INFO - DAG(s) dict_keys(['mongo_data_loader']) retrieved from /opt/airflow/dags/mongo_data_loader.py
[2023-10-10T06:46:48.203+0000] {logging_mixin.py:151} INFO - [2023-10-10T06:46:48.203+0000] {security.py:708} INFO - Not syncing DAG-level permissions for DAG 'DAG:mongo_data_loader' as access control is unset.
[2023-10-10T06:46:48.203+0000] {logging_mixin.py:151} INFO - [2023-10-10T06:46:48.203+0000] {dag.py:2915} INFO - Sync 1 DAGs
[2023-10-10T06:46:48.216+0000] {logging_mixin.py:151} INFO - [2023-10-10T06:46:48.216+0000] {dag.py:3696} INFO - Setting next_dagrun for mongo_data_loader to 2023-09-10T16:45:00+00:00, run_after=2023-10-10T16:45:00+00:00
[2023-10-10T06:46:48.227+0000] {processor.py:179} INFO - Processing /opt/airflow/dags/mongo_data_loader.py took 0.309 seconds
[2023-10-10T06:47:18.803+0000] {processor.py:157} INFO - Started process (PID=92) to work on /opt/airflow/dags/mongo_data_loader.py
[2023-10-10T06:47:18.805+0000] {processor.py:829} INFO - Processing file /opt/airflow/dags/mongo_data_loader.py for tasks to queue
[2023-10-10T06:47:18.807+0000] {logging_mixin.py:151} INFO - [2023-10-10T06:47:18.806+0000] {dagbag.py:539} INFO - Filling up the DagBag from /opt/airflow/dags/mongo_data_loader.py
[2023-10-10T06:47:18.868+0000] {processor.py:839} INFO - DAG(s) dict_keys(['mongo_data_loader']) retrieved from /opt/airflow/dags/mongo_data_loader.py
[2023-10-10T06:47:18.884+0000] {logging_mixin.py:151} INFO - [2023-10-10T06:47:18.884+0000] {dag.py:2915} INFO - Sync 1 DAGs
[2023-10-10T06:47:18.919+0000] {logging_mixin.py:151} INFO - [2023-10-10T06:47:18.919+0000] {dag.py:3696} INFO - Setting next_dagrun for mongo_data_loader to 2023-09-10T16:45:00+00:00, run_after=2023-10-10T16:45:00+00:00
[2023-10-10T06:47:18.939+0000] {processor.py:179} INFO - Processing /opt/airflow/dags/mongo_data_loader.py took 0.139 seconds
[2023-10-10T06:47:49.167+0000] {processor.py:157} INFO - Started process (PID=148) to work on /opt/airflow/dags/mongo_data_loader.py
[2023-10-10T06:47:49.169+0000] {processor.py:829} INFO - Processing file /opt/airflow/dags/mongo_data_loader.py for tasks to queue
[2023-10-10T06:47:49.171+0000] {logging_mixin.py:151} INFO - [2023-10-10T06:47:49.171+0000] {dagbag.py:539} INFO - Filling up the DagBag from /opt/airflow/dags/mongo_data_loader.py
[2023-10-10T06:47:49.234+0000] {processor.py:839} INFO - DAG(s) dict_keys(['mongo_data_loader']) retrieved from /opt/airflow/dags/mongo_data_loader.py
[2023-10-10T06:47:49.248+0000] {logging_mixin.py:151} INFO - [2023-10-10T06:47:49.248+0000] {dag.py:2915} INFO - Sync 1 DAGs
[2023-10-10T06:47:49.260+0000] {logging_mixin.py:151} INFO - [2023-10-10T06:47:49.260+0000] {dag.py:3696} INFO - Setting next_dagrun for mongo_data_loader to 2023-09-10T16:45:00+00:00, run_after=2023-10-10T16:45:00+00:00
[2023-10-10T06:47:49.270+0000] {processor.py:179} INFO - Processing /opt/airflow/dags/mongo_data_loader.py took 0.106 seconds
[2023-10-10T06:48:19.349+0000] {processor.py:157} INFO - Started process (PID=204) to work on /opt/airflow/dags/mongo_data_loader.py
[2023-10-10T06:48:19.350+0000] {processor.py:829} INFO - Processing file /opt/airflow/dags/mongo_data_loader.py for tasks to queue
[2023-10-10T06:48:19.353+0000] {logging_mixin.py:151} INFO - [2023-10-10T06:48:19.353+0000] {dagbag.py:539} INFO - Filling up the DagBag from /opt/airflow/dags/mongo_data_loader.py
[2023-10-10T06:48:19.406+0000] {processor.py:839} INFO - DAG(s) dict_keys(['mongo_data_loader']) retrieved from /opt/airflow/dags/mongo_data_loader.py
[2023-10-10T06:48:19.419+0000] {logging_mixin.py:151} INFO - [2023-10-10T06:48:19.419+0000] {dag.py:2915} INFO - Sync 1 DAGs
[2023-10-10T06:48:19.433+0000] {logging_mixin.py:151} INFO - [2023-10-10T06:48:19.433+0000] {dag.py:3696} INFO - Setting next_dagrun for mongo_data_loader to 2023-09-10T16:45:00+00:00, run_after=2023-10-10T16:45:00+00:00
[2023-10-10T06:48:19.442+0000] {processor.py:179} INFO - Processing /opt/airflow/dags/mongo_data_loader.py took 0.099 seconds
[2023-10-10T06:48:49.620+0000] {processor.py:157} INFO - Started process (PID=260) to work on /opt/airflow/dags/mongo_data_loader.py
[2023-10-10T06:48:49.621+0000] {processor.py:829} INFO - Processing file /opt/airflow/dags/mongo_data_loader.py for tasks to queue
[2023-10-10T06:48:49.623+0000] {logging_mixin.py:151} INFO - [2023-10-10T06:48:49.623+0000] {dagbag.py:539} INFO - Filling up the DagBag from /opt/airflow/dags/mongo_data_loader.py
[2023-10-10T06:48:49.687+0000] {processor.py:839} INFO - DAG(s) dict_keys(['mongo_data_loader']) retrieved from /opt/airflow/dags/mongo_data_loader.py
[2023-10-10T06:48:49.700+0000] {logging_mixin.py:151} INFO - [2023-10-10T06:48:49.700+0000] {dag.py:2915} INFO - Sync 1 DAGs
[2023-10-10T06:48:49.712+0000] {logging_mixin.py:151} INFO - [2023-10-10T06:48:49.712+0000] {dag.py:3696} INFO - Setting next_dagrun for mongo_data_loader to 2023-09-10T16:45:00+00:00, run_after=2023-10-10T16:45:00+00:00
[2023-10-10T06:48:49.723+0000] {processor.py:179} INFO - Processing /opt/airflow/dags/mongo_data_loader.py took 0.108 seconds
[2023-10-10T06:49:19.829+0000] {processor.py:157} INFO - Started process (PID=316) to work on /opt/airflow/dags/mongo_data_loader.py
[2023-10-10T06:49:19.831+0000] {processor.py:829} INFO - Processing file /opt/airflow/dags/mongo_data_loader.py for tasks to queue
[2023-10-10T06:49:19.835+0000] {logging_mixin.py:151} INFO - [2023-10-10T06:49:19.834+0000] {dagbag.py:539} INFO - Filling up the DagBag from /opt/airflow/dags/mongo_data_loader.py
[2023-10-10T06:49:19.897+0000] {processor.py:839} INFO - DAG(s) dict_keys(['mongo_data_loader']) retrieved from /opt/airflow/dags/mongo_data_loader.py
[2023-10-10T06:49:19.911+0000] {logging_mixin.py:151} INFO - [2023-10-10T06:49:19.910+0000] {dag.py:2915} INFO - Sync 1 DAGs
[2023-10-10T06:49:19.923+0000] {logging_mixin.py:151} INFO - [2023-10-10T06:49:19.923+0000] {dag.py:3696} INFO - Setting next_dagrun for mongo_data_loader to 2023-09-10T16:45:00+00:00, run_after=2023-10-10T16:45:00+00:00
[2023-10-10T06:49:19.933+0000] {processor.py:179} INFO - Processing /opt/airflow/dags/mongo_data_loader.py took 0.108 seconds
[2023-10-10T06:49:49.995+0000] {processor.py:157} INFO - Started process (PID=373) to work on /opt/airflow/dags/mongo_data_loader.py
[2023-10-10T06:49:49.996+0000] {processor.py:829} INFO - Processing file /opt/airflow/dags/mongo_data_loader.py for tasks to queue
[2023-10-10T06:49:49.998+0000] {logging_mixin.py:151} INFO - [2023-10-10T06:49:49.998+0000] {dagbag.py:539} INFO - Filling up the DagBag from /opt/airflow/dags/mongo_data_loader.py
[2023-10-10T06:49:50.062+0000] {processor.py:839} INFO - DAG(s) dict_keys(['mongo_data_loader']) retrieved from /opt/airflow/dags/mongo_data_loader.py
[2023-10-10T06:49:50.079+0000] {logging_mixin.py:151} INFO - [2023-10-10T06:49:50.078+0000] {dag.py:2915} INFO - Sync 1 DAGs
[2023-10-10T06:49:50.093+0000] {logging_mixin.py:151} INFO - [2023-10-10T06:49:50.093+0000] {dag.py:3696} INFO - Setting next_dagrun for mongo_data_loader to 2023-09-10T16:45:00+00:00, run_after=2023-10-10T16:45:00+00:00
[2023-10-10T06:49:50.103+0000] {processor.py:179} INFO - Processing /opt/airflow/dags/mongo_data_loader.py took 0.111 seconds
[2023-10-10T06:50:20.215+0000] {processor.py:157} INFO - Started process (PID=428) to work on /opt/airflow/dags/mongo_data_loader.py
[2023-10-10T06:50:20.216+0000] {processor.py:829} INFO - Processing file /opt/airflow/dags/mongo_data_loader.py for tasks to queue
[2023-10-10T06:50:20.219+0000] {logging_mixin.py:151} INFO - [2023-10-10T06:50:20.218+0000] {dagbag.py:539} INFO - Filling up the DagBag from /opt/airflow/dags/mongo_data_loader.py
[2023-10-10T06:50:20.292+0000] {processor.py:839} INFO - DAG(s) dict_keys(['mongo_data_loader']) retrieved from /opt/airflow/dags/mongo_data_loader.py
[2023-10-10T06:50:20.306+0000] {logging_mixin.py:151} INFO - [2023-10-10T06:50:20.305+0000] {dag.py:2915} INFO - Sync 1 DAGs
[2023-10-10T06:50:20.320+0000] {logging_mixin.py:151} INFO - [2023-10-10T06:50:20.320+0000] {dag.py:3696} INFO - Setting next_dagrun for mongo_data_loader to 2023-09-10T16:45:00+00:00, run_after=2023-10-10T16:45:00+00:00
[2023-10-10T06:50:20.330+0000] {processor.py:179} INFO - Processing /opt/airflow/dags/mongo_data_loader.py took 0.119 seconds
[2023-10-10T06:50:50.394+0000] {processor.py:157} INFO - Started process (PID=484) to work on /opt/airflow/dags/mongo_data_loader.py
[2023-10-10T06:50:50.396+0000] {processor.py:829} INFO - Processing file /opt/airflow/dags/mongo_data_loader.py for tasks to queue
[2023-10-10T06:50:50.401+0000] {logging_mixin.py:151} INFO - [2023-10-10T06:50:50.400+0000] {dagbag.py:539} INFO - Filling up the DagBag from /opt/airflow/dags/mongo_data_loader.py
[2023-10-10T06:50:50.468+0000] {processor.py:839} INFO - DAG(s) dict_keys(['mongo_data_loader']) retrieved from /opt/airflow/dags/mongo_data_loader.py
[2023-10-10T06:50:50.485+0000] {logging_mixin.py:151} INFO - [2023-10-10T06:50:50.485+0000] {dag.py:2915} INFO - Sync 1 DAGs
[2023-10-10T06:50:50.501+0000] {logging_mixin.py:151} INFO - [2023-10-10T06:50:50.501+0000] {dag.py:3696} INFO - Setting next_dagrun for mongo_data_loader to 2023-09-10T16:45:00+00:00, run_after=2023-10-10T16:45:00+00:00
[2023-10-10T06:50:50.510+0000] {processor.py:179} INFO - Processing /opt/airflow/dags/mongo_data_loader.py took 0.129 seconds
[2023-10-10T06:51:20.782+0000] {processor.py:157} INFO - Started process (PID=540) to work on /opt/airflow/dags/mongo_data_loader.py
[2023-10-10T06:51:20.784+0000] {processor.py:829} INFO - Processing file /opt/airflow/dags/mongo_data_loader.py for tasks to queue
[2023-10-10T06:51:20.787+0000] {logging_mixin.py:151} INFO - [2023-10-10T06:51:20.787+0000] {dagbag.py:539} INFO - Filling up the DagBag from /opt/airflow/dags/mongo_data_loader.py
[2023-10-10T06:51:20.850+0000] {processor.py:839} INFO - DAG(s) dict_keys(['mongo_data_loader']) retrieved from /opt/airflow/dags/mongo_data_loader.py
[2023-10-10T06:51:20.863+0000] {logging_mixin.py:151} INFO - [2023-10-10T06:51:20.863+0000] {dag.py:2915} INFO - Sync 1 DAGs
[2023-10-10T06:51:20.877+0000] {logging_mixin.py:151} INFO - [2023-10-10T06:51:20.877+0000] {dag.py:3696} INFO - Setting next_dagrun for mongo_data_loader to 2023-09-10T16:45:00+00:00, run_after=2023-10-10T16:45:00+00:00
[2023-10-10T06:51:20.886+0000] {processor.py:179} INFO - Processing /opt/airflow/dags/mongo_data_loader.py took 0.108 seconds
[2023-10-10T06:51:51.090+0000] {processor.py:157} INFO - Started process (PID=596) to work on /opt/airflow/dags/mongo_data_loader.py
[2023-10-10T06:51:51.092+0000] {processor.py:829} INFO - Processing file /opt/airflow/dags/mongo_data_loader.py for tasks to queue
[2023-10-10T06:51:51.094+0000] {logging_mixin.py:151} INFO - [2023-10-10T06:51:51.094+0000] {dagbag.py:539} INFO - Filling up the DagBag from /opt/airflow/dags/mongo_data_loader.py
[2023-10-10T06:51:51.159+0000] {processor.py:839} INFO - DAG(s) dict_keys(['mongo_data_loader']) retrieved from /opt/airflow/dags/mongo_data_loader.py
[2023-10-10T06:51:51.175+0000] {logging_mixin.py:151} INFO - [2023-10-10T06:51:51.174+0000] {dag.py:2915} INFO - Sync 1 DAGs
[2023-10-10T06:51:51.190+0000] {logging_mixin.py:151} INFO - [2023-10-10T06:51:51.190+0000] {dag.py:3696} INFO - Setting next_dagrun for mongo_data_loader to 2023-09-10T16:45:00+00:00, run_after=2023-10-10T16:45:00+00:00
[2023-10-10T06:51:51.200+0000] {processor.py:179} INFO - Processing /opt/airflow/dags/mongo_data_loader.py took 0.114 seconds
[2023-10-10T06:52:21.355+0000] {processor.py:157} INFO - Started process (PID=652) to work on /opt/airflow/dags/mongo_data_loader.py
[2023-10-10T06:52:21.356+0000] {processor.py:829} INFO - Processing file /opt/airflow/dags/mongo_data_loader.py for tasks to queue
[2023-10-10T06:52:21.359+0000] {logging_mixin.py:151} INFO - [2023-10-10T06:52:21.359+0000] {dagbag.py:539} INFO - Filling up the DagBag from /opt/airflow/dags/mongo_data_loader.py
[2023-10-10T06:52:21.426+0000] {processor.py:839} INFO - DAG(s) dict_keys(['mongo_data_loader']) retrieved from /opt/airflow/dags/mongo_data_loader.py
[2023-10-10T06:52:21.442+0000] {logging_mixin.py:151} INFO - [2023-10-10T06:52:21.442+0000] {dag.py:2915} INFO - Sync 1 DAGs
[2023-10-10T06:52:21.456+0000] {logging_mixin.py:151} INFO - [2023-10-10T06:52:21.456+0000] {dag.py:3696} INFO - Setting next_dagrun for mongo_data_loader to 2023-09-10T16:45:00+00:00, run_after=2023-10-10T16:45:00+00:00
[2023-10-10T06:52:21.466+0000] {processor.py:179} INFO - Processing /opt/airflow/dags/mongo_data_loader.py took 0.116 seconds
[2023-10-10T06:52:51.571+0000] {processor.py:157} INFO - Started process (PID=708) to work on /opt/airflow/dags/mongo_data_loader.py
[2023-10-10T06:52:51.573+0000] {processor.py:829} INFO - Processing file /opt/airflow/dags/mongo_data_loader.py for tasks to queue
[2023-10-10T06:52:51.576+0000] {logging_mixin.py:151} INFO - [2023-10-10T06:52:51.575+0000] {dagbag.py:539} INFO - Filling up the DagBag from /opt/airflow/dags/mongo_data_loader.py
[2023-10-10T06:52:51.630+0000] {processor.py:839} INFO - DAG(s) dict_keys(['mongo_data_loader']) retrieved from /opt/airflow/dags/mongo_data_loader.py
[2023-10-10T06:52:51.642+0000] {logging_mixin.py:151} INFO - [2023-10-10T06:52:51.642+0000] {dag.py:2915} INFO - Sync 1 DAGs
[2023-10-10T06:52:51.654+0000] {logging_mixin.py:151} INFO - [2023-10-10T06:52:51.654+0000] {dag.py:3696} INFO - Setting next_dagrun for mongo_data_loader to 2023-09-10T16:45:00+00:00, run_after=2023-10-10T16:45:00+00:00
[2023-10-10T06:52:51.664+0000] {processor.py:179} INFO - Processing /opt/airflow/dags/mongo_data_loader.py took 0.096 seconds
[2023-10-10T06:53:21.930+0000] {processor.py:157} INFO - Started process (PID=764) to work on /opt/airflow/dags/mongo_data_loader.py
[2023-10-10T06:53:21.931+0000] {processor.py:829} INFO - Processing file /opt/airflow/dags/mongo_data_loader.py for tasks to queue
[2023-10-10T06:53:21.934+0000] {logging_mixin.py:151} INFO - [2023-10-10T06:53:21.934+0000] {dagbag.py:539} INFO - Filling up the DagBag from /opt/airflow/dags/mongo_data_loader.py
[2023-10-10T06:53:21.992+0000] {processor.py:839} INFO - DAG(s) dict_keys(['mongo_data_loader']) retrieved from /opt/airflow/dags/mongo_data_loader.py
[2023-10-10T06:53:22.005+0000] {logging_mixin.py:151} INFO - [2023-10-10T06:53:22.005+0000] {dag.py:2915} INFO - Sync 1 DAGs
[2023-10-10T06:53:22.018+0000] {logging_mixin.py:151} INFO - [2023-10-10T06:53:22.018+0000] {dag.py:3696} INFO - Setting next_dagrun for mongo_data_loader to 2023-09-10T16:45:00+00:00, run_after=2023-10-10T16:45:00+00:00
[2023-10-10T06:53:22.027+0000] {processor.py:179} INFO - Processing /opt/airflow/dags/mongo_data_loader.py took 0.101 seconds
[2023-10-10T06:53:52.106+0000] {processor.py:157} INFO - Started process (PID=820) to work on /opt/airflow/dags/mongo_data_loader.py
[2023-10-10T06:53:52.107+0000] {processor.py:829} INFO - Processing file /opt/airflow/dags/mongo_data_loader.py for tasks to queue
[2023-10-10T06:53:52.110+0000] {logging_mixin.py:151} INFO - [2023-10-10T06:53:52.109+0000] {dagbag.py:539} INFO - Filling up the DagBag from /opt/airflow/dags/mongo_data_loader.py
[2023-10-10T06:53:52.196+0000] {processor.py:839} INFO - DAG(s) dict_keys(['mongo_data_loader']) retrieved from /opt/airflow/dags/mongo_data_loader.py
[2023-10-10T06:53:52.211+0000] {logging_mixin.py:151} INFO - [2023-10-10T06:53:52.210+0000] {dag.py:2915} INFO - Sync 1 DAGs
[2023-10-10T06:53:52.225+0000] {logging_mixin.py:151} INFO - [2023-10-10T06:53:52.224+0000] {dag.py:3696} INFO - Setting next_dagrun for mongo_data_loader to 2023-09-10T16:45:00+00:00, run_after=2023-10-10T16:45:00+00:00
[2023-10-10T06:53:52.234+0000] {processor.py:179} INFO - Processing /opt/airflow/dags/mongo_data_loader.py took 0.132 seconds
[2023-10-10T06:54:22.336+0000] {processor.py:157} INFO - Started process (PID=876) to work on /opt/airflow/dags/mongo_data_loader.py
[2023-10-10T06:54:22.338+0000] {processor.py:829} INFO - Processing file /opt/airflow/dags/mongo_data_loader.py for tasks to queue
[2023-10-10T06:54:22.340+0000] {logging_mixin.py:151} INFO - [2023-10-10T06:54:22.340+0000] {dagbag.py:539} INFO - Filling up the DagBag from /opt/airflow/dags/mongo_data_loader.py
[2023-10-10T06:54:22.406+0000] {processor.py:839} INFO - DAG(s) dict_keys(['mongo_data_loader']) retrieved from /opt/airflow/dags/mongo_data_loader.py
[2023-10-10T06:54:22.421+0000] {logging_mixin.py:151} INFO - [2023-10-10T06:54:22.421+0000] {dag.py:2915} INFO - Sync 1 DAGs
[2023-10-10T06:54:22.435+0000] {logging_mixin.py:151} INFO - [2023-10-10T06:54:22.435+0000] {dag.py:3696} INFO - Setting next_dagrun for mongo_data_loader to 2023-09-10T16:45:00+00:00, run_after=2023-10-10T16:45:00+00:00
[2023-10-10T06:54:22.445+0000] {processor.py:179} INFO - Processing /opt/airflow/dags/mongo_data_loader.py took 0.114 seconds
[2023-10-10T06:54:52.625+0000] {processor.py:157} INFO - Started process (PID=932) to work on /opt/airflow/dags/mongo_data_loader.py
[2023-10-10T06:54:52.626+0000] {processor.py:829} INFO - Processing file /opt/airflow/dags/mongo_data_loader.py for tasks to queue
[2023-10-10T06:54:52.629+0000] {logging_mixin.py:151} INFO - [2023-10-10T06:54:52.629+0000] {dagbag.py:539} INFO - Filling up the DagBag from /opt/airflow/dags/mongo_data_loader.py
[2023-10-10T06:54:52.692+0000] {processor.py:839} INFO - DAG(s) dict_keys(['mongo_data_loader']) retrieved from /opt/airflow/dags/mongo_data_loader.py
[2023-10-10T06:54:52.705+0000] {logging_mixin.py:151} INFO - [2023-10-10T06:54:52.705+0000] {dag.py:2915} INFO - Sync 1 DAGs
[2023-10-10T06:54:52.718+0000] {logging_mixin.py:151} INFO - [2023-10-10T06:54:52.718+0000] {dag.py:3696} INFO - Setting next_dagrun for mongo_data_loader to 2023-09-10T16:45:00+00:00, run_after=2023-10-10T16:45:00+00:00
[2023-10-10T06:54:52.728+0000] {processor.py:179} INFO - Processing /opt/airflow/dags/mongo_data_loader.py took 0.108 seconds
[2023-10-10T06:55:22.751+0000] {processor.py:157} INFO - Started process (PID=988) to work on /opt/airflow/dags/mongo_data_loader.py
[2023-10-10T06:55:22.753+0000] {processor.py:829} INFO - Processing file /opt/airflow/dags/mongo_data_loader.py for tasks to queue
[2023-10-10T06:55:22.755+0000] {logging_mixin.py:151} INFO - [2023-10-10T06:55:22.754+0000] {dagbag.py:539} INFO - Filling up the DagBag from /opt/airflow/dags/mongo_data_loader.py
[2023-10-10T06:55:22.804+0000] {processor.py:839} INFO - DAG(s) dict_keys(['mongo_data_loader']) retrieved from /opt/airflow/dags/mongo_data_loader.py
[2023-10-10T06:55:22.818+0000] {logging_mixin.py:151} INFO - [2023-10-10T06:55:22.817+0000] {dag.py:2915} INFO - Sync 1 DAGs
[2023-10-10T06:55:22.830+0000] {logging_mixin.py:151} INFO - [2023-10-10T06:55:22.830+0000] {dag.py:3696} INFO - Setting next_dagrun for mongo_data_loader to 2023-09-10T16:45:00+00:00, run_after=2023-10-10T16:45:00+00:00
[2023-10-10T06:55:22.840+0000] {processor.py:179} INFO - Processing /opt/airflow/dags/mongo_data_loader.py took 0.091 seconds
[2023-10-10T06:55:52.965+0000] {processor.py:157} INFO - Started process (PID=1044) to work on /opt/airflow/dags/mongo_data_loader.py
[2023-10-10T06:55:52.966+0000] {processor.py:829} INFO - Processing file /opt/airflow/dags/mongo_data_loader.py for tasks to queue
[2023-10-10T06:55:52.968+0000] {logging_mixin.py:151} INFO - [2023-10-10T06:55:52.968+0000] {dagbag.py:539} INFO - Filling up the DagBag from /opt/airflow/dags/mongo_data_loader.py
[2023-10-10T06:55:53.021+0000] {processor.py:839} INFO - DAG(s) dict_keys(['mongo_data_loader']) retrieved from /opt/airflow/dags/mongo_data_loader.py
[2023-10-10T06:55:53.033+0000] {logging_mixin.py:151} INFO - [2023-10-10T06:55:53.033+0000] {dag.py:2915} INFO - Sync 1 DAGs
[2023-10-10T06:55:53.046+0000] {logging_mixin.py:151} INFO - [2023-10-10T06:55:53.046+0000] {dag.py:3696} INFO - Setting next_dagrun for mongo_data_loader to 2023-09-10T16:45:00+00:00, run_after=2023-10-10T16:45:00+00:00
[2023-10-10T06:55:53.055+0000] {processor.py:179} INFO - Processing /opt/airflow/dags/mongo_data_loader.py took 0.095 seconds
[2023-10-10T06:56:23.145+0000] {processor.py:157} INFO - Started process (PID=1100) to work on /opt/airflow/dags/mongo_data_loader.py
[2023-10-10T06:56:23.147+0000] {processor.py:829} INFO - Processing file /opt/airflow/dags/mongo_data_loader.py for tasks to queue
[2023-10-10T06:56:23.159+0000] {logging_mixin.py:151} INFO - [2023-10-10T06:56:23.159+0000] {dagbag.py:539} INFO - Filling up the DagBag from /opt/airflow/dags/mongo_data_loader.py
[2023-10-10T06:56:23.235+0000] {processor.py:839} INFO - DAG(s) dict_keys(['mongo_data_loader']) retrieved from /opt/airflow/dags/mongo_data_loader.py
[2023-10-10T06:56:23.250+0000] {logging_mixin.py:151} INFO - [2023-10-10T06:56:23.250+0000] {dag.py:2915} INFO - Sync 1 DAGs
[2023-10-10T06:56:23.263+0000] {logging_mixin.py:151} INFO - [2023-10-10T06:56:23.263+0000] {dag.py:3696} INFO - Setting next_dagrun for mongo_data_loader to 2023-09-10T16:45:00+00:00, run_after=2023-10-10T16:45:00+00:00
[2023-10-10T06:56:23.273+0000] {processor.py:179} INFO - Processing /opt/airflow/dags/mongo_data_loader.py took 0.133 seconds
[2023-10-10T17:17:50.793+0000] {processor.py:157} INFO - Started process (PID=36) to work on /opt/airflow/dags/mongo_data_loader.py
[2023-10-10T17:17:50.795+0000] {processor.py:829} INFO - Processing file /opt/airflow/dags/mongo_data_loader.py for tasks to queue
[2023-10-10T17:17:50.797+0000] {logging_mixin.py:151} INFO - [2023-10-10T17:17:50.797+0000] {dagbag.py:539} INFO - Filling up the DagBag from /opt/airflow/dags/mongo_data_loader.py
[2023-10-10T17:17:50.909+0000] {processor.py:839} INFO - DAG(s) dict_keys(['mongo_data_loader']) retrieved from /opt/airflow/dags/mongo_data_loader.py
[2023-10-10T17:17:51.038+0000] {logging_mixin.py:151} INFO - [2023-10-10T17:17:51.037+0000] {security.py:708} INFO - Not syncing DAG-level permissions for DAG 'DAG:mongo_data_loader' as access control is unset.
[2023-10-10T17:17:51.045+0000] {logging_mixin.py:151} INFO - [2023-10-10T17:17:51.044+0000] {dag.py:2915} INFO - Sync 1 DAGs
[2023-10-10T17:17:51.061+0000] {logging_mixin.py:151} INFO - [2023-10-10T17:17:51.060+0000] {dag.py:3696} INFO - Setting next_dagrun for mongo_data_loader to 2023-09-10T16:45:00+00:00, run_after=2023-10-10T16:45:00+00:00
[2023-10-10T17:17:51.071+0000] {processor.py:179} INFO - Processing /opt/airflow/dags/mongo_data_loader.py took 0.283 seconds
[2023-10-10T17:18:21.126+0000] {processor.py:157} INFO - Started process (PID=92) to work on /opt/airflow/dags/mongo_data_loader.py
[2023-10-10T17:18:21.128+0000] {processor.py:829} INFO - Processing file /opt/airflow/dags/mongo_data_loader.py for tasks to queue
[2023-10-10T17:18:21.130+0000] {logging_mixin.py:151} INFO - [2023-10-10T17:18:21.130+0000] {dagbag.py:539} INFO - Filling up the DagBag from /opt/airflow/dags/mongo_data_loader.py
[2023-10-10T17:18:21.180+0000] {processor.py:839} INFO - DAG(s) dict_keys(['mongo_data_loader']) retrieved from /opt/airflow/dags/mongo_data_loader.py
[2023-10-10T17:18:21.191+0000] {logging_mixin.py:151} INFO - [2023-10-10T17:18:21.191+0000] {dag.py:2915} INFO - Sync 1 DAGs
[2023-10-10T17:18:21.203+0000] {logging_mixin.py:151} INFO - [2023-10-10T17:18:21.203+0000] {dag.py:3696} INFO - Setting next_dagrun for mongo_data_loader to 2023-10-10T16:45:00+00:00, run_after=2023-11-10T16:45:00+00:00
[2023-10-10T17:18:21.213+0000] {processor.py:179} INFO - Processing /opt/airflow/dags/mongo_data_loader.py took 0.090 seconds
[2023-10-10T17:18:52.229+0000] {processor.py:157} INFO - Started process (PID=148) to work on /opt/airflow/dags/mongo_data_loader.py
[2023-10-10T17:18:52.230+0000] {processor.py:829} INFO - Processing file /opt/airflow/dags/mongo_data_loader.py for tasks to queue
[2023-10-10T17:18:52.234+0000] {logging_mixin.py:151} INFO - [2023-10-10T17:18:52.234+0000] {dagbag.py:539} INFO - Filling up the DagBag from /opt/airflow/dags/mongo_data_loader.py
[2023-10-10T17:18:52.291+0000] {processor.py:839} INFO - DAG(s) dict_keys(['mongo_data_loader']) retrieved from /opt/airflow/dags/mongo_data_loader.py
[2023-10-10T17:18:52.303+0000] {logging_mixin.py:151} INFO - [2023-10-10T17:18:52.303+0000] {dag.py:2915} INFO - Sync 1 DAGs
[2023-10-10T17:18:52.315+0000] {logging_mixin.py:151} INFO - [2023-10-10T17:18:52.315+0000] {dag.py:3696} INFO - Setting next_dagrun for mongo_data_loader to 2023-10-10T16:45:00+00:00, run_after=2023-11-10T16:45:00+00:00
[2023-10-10T17:18:52.323+0000] {processor.py:179} INFO - Processing /opt/airflow/dags/mongo_data_loader.py took 0.099 seconds
[2023-10-10T17:19:22.389+0000] {processor.py:157} INFO - Started process (PID=205) to work on /opt/airflow/dags/mongo_data_loader.py
[2023-10-10T17:19:22.390+0000] {processor.py:829} INFO - Processing file /opt/airflow/dags/mongo_data_loader.py for tasks to queue
[2023-10-10T17:19:22.391+0000] {logging_mixin.py:151} INFO - [2023-10-10T17:19:22.391+0000] {dagbag.py:539} INFO - Filling up the DagBag from /opt/airflow/dags/mongo_data_loader.py
[2023-10-10T17:19:22.434+0000] {processor.py:839} INFO - DAG(s) dict_keys(['mongo_data_loader']) retrieved from /opt/airflow/dags/mongo_data_loader.py
[2023-10-10T17:19:22.447+0000] {logging_mixin.py:151} INFO - [2023-10-10T17:19:22.447+0000] {dag.py:2915} INFO - Sync 1 DAGs
[2023-10-10T17:19:22.460+0000] {logging_mixin.py:151} INFO - [2023-10-10T17:19:22.460+0000] {dag.py:3696} INFO - Setting next_dagrun for mongo_data_loader to 2023-10-10T16:45:00+00:00, run_after=2023-11-10T16:45:00+00:00
[2023-10-10T17:19:22.469+0000] {processor.py:179} INFO - Processing /opt/airflow/dags/mongo_data_loader.py took 0.082 seconds
[2023-10-10T17:19:52.504+0000] {processor.py:157} INFO - Started process (PID=260) to work on /opt/airflow/dags/mongo_data_loader.py
[2023-10-10T17:19:52.506+0000] {processor.py:829} INFO - Processing file /opt/airflow/dags/mongo_data_loader.py for tasks to queue
[2023-10-10T17:19:52.509+0000] {logging_mixin.py:151} INFO - [2023-10-10T17:19:52.509+0000] {dagbag.py:539} INFO - Filling up the DagBag from /opt/airflow/dags/mongo_data_loader.py
[2023-10-10T17:19:52.563+0000] {processor.py:839} INFO - DAG(s) dict_keys(['mongo_data_loader']) retrieved from /opt/airflow/dags/mongo_data_loader.py
[2023-10-10T17:19:52.575+0000] {logging_mixin.py:151} INFO - [2023-10-10T17:19:52.574+0000] {dag.py:2915} INFO - Sync 1 DAGs
[2023-10-10T17:19:52.586+0000] {logging_mixin.py:151} INFO - [2023-10-10T17:19:52.585+0000] {dag.py:3696} INFO - Setting next_dagrun for mongo_data_loader to 2023-10-10T16:45:00+00:00, run_after=2023-11-10T16:45:00+00:00
[2023-10-10T17:19:52.596+0000] {processor.py:179} INFO - Processing /opt/airflow/dags/mongo_data_loader.py took 0.097 seconds
[2023-10-10T17:20:22.676+0000] {processor.py:157} INFO - Started process (PID=317) to work on /opt/airflow/dags/mongo_data_loader.py
[2023-10-10T17:20:22.676+0000] {processor.py:829} INFO - Processing file /opt/airflow/dags/mongo_data_loader.py for tasks to queue
[2023-10-10T17:20:22.678+0000] {logging_mixin.py:151} INFO - [2023-10-10T17:20:22.678+0000] {dagbag.py:539} INFO - Filling up the DagBag from /opt/airflow/dags/mongo_data_loader.py
[2023-10-10T17:20:22.721+0000] {processor.py:839} INFO - DAG(s) dict_keys(['mongo_data_loader']) retrieved from /opt/airflow/dags/mongo_data_loader.py
[2023-10-10T17:20:22.733+0000] {logging_mixin.py:151} INFO - [2023-10-10T17:20:22.733+0000] {dag.py:2915} INFO - Sync 1 DAGs
[2023-10-10T17:20:22.745+0000] {logging_mixin.py:151} INFO - [2023-10-10T17:20:22.745+0000] {dag.py:3696} INFO - Setting next_dagrun for mongo_data_loader to 2023-10-10T16:45:00+00:00, run_after=2023-11-10T16:45:00+00:00
[2023-10-10T17:20:22.754+0000] {processor.py:179} INFO - Processing /opt/airflow/dags/mongo_data_loader.py took 0.081 seconds
[2023-10-10T17:20:52.824+0000] {processor.py:157} INFO - Started process (PID=374) to work on /opt/airflow/dags/mongo_data_loader.py
[2023-10-10T17:20:52.825+0000] {processor.py:829} INFO - Processing file /opt/airflow/dags/mongo_data_loader.py for tasks to queue
[2023-10-10T17:20:52.827+0000] {logging_mixin.py:151} INFO - [2023-10-10T17:20:52.827+0000] {dagbag.py:539} INFO - Filling up the DagBag from /opt/airflow/dags/mongo_data_loader.py
[2023-10-10T17:20:52.869+0000] {processor.py:839} INFO - DAG(s) dict_keys(['mongo_data_loader']) retrieved from /opt/airflow/dags/mongo_data_loader.py
[2023-10-10T17:20:52.881+0000] {logging_mixin.py:151} INFO - [2023-10-10T17:20:52.881+0000] {dag.py:2915} INFO - Sync 1 DAGs
[2023-10-10T17:20:52.893+0000] {logging_mixin.py:151} INFO - [2023-10-10T17:20:52.893+0000] {dag.py:3696} INFO - Setting next_dagrun for mongo_data_loader to 2023-10-10T16:45:00+00:00, run_after=2023-11-10T16:45:00+00:00
[2023-10-10T17:20:52.903+0000] {processor.py:179} INFO - Processing /opt/airflow/dags/mongo_data_loader.py took 0.081 seconds
[2023-10-10T17:21:22.922+0000] {processor.py:157} INFO - Started process (PID=430) to work on /opt/airflow/dags/mongo_data_loader.py
[2023-10-10T17:21:22.923+0000] {processor.py:829} INFO - Processing file /opt/airflow/dags/mongo_data_loader.py for tasks to queue
[2023-10-10T17:21:22.925+0000] {logging_mixin.py:151} INFO - [2023-10-10T17:21:22.925+0000] {dagbag.py:539} INFO - Filling up the DagBag from /opt/airflow/dags/mongo_data_loader.py
[2023-10-10T17:21:22.968+0000] {processor.py:839} INFO - DAG(s) dict_keys(['mongo_data_loader']) retrieved from /opt/airflow/dags/mongo_data_loader.py
[2023-10-10T17:21:22.979+0000] {logging_mixin.py:151} INFO - [2023-10-10T17:21:22.979+0000] {dag.py:2915} INFO - Sync 1 DAGs
[2023-10-10T17:21:22.992+0000] {logging_mixin.py:151} INFO - [2023-10-10T17:21:22.992+0000] {dag.py:3696} INFO - Setting next_dagrun for mongo_data_loader to 2023-10-10T16:45:00+00:00, run_after=2023-11-10T16:45:00+00:00
[2023-10-10T17:21:23.001+0000] {processor.py:179} INFO - Processing /opt/airflow/dags/mongo_data_loader.py took 0.081 seconds
[2023-10-10T17:21:53.034+0000] {processor.py:157} INFO - Started process (PID=487) to work on /opt/airflow/dags/mongo_data_loader.py
[2023-10-10T17:21:53.035+0000] {processor.py:829} INFO - Processing file /opt/airflow/dags/mongo_data_loader.py for tasks to queue
[2023-10-10T17:21:53.037+0000] {logging_mixin.py:151} INFO - [2023-10-10T17:21:53.036+0000] {dagbag.py:539} INFO - Filling up the DagBag from /opt/airflow/dags/mongo_data_loader.py
[2023-10-10T17:21:53.080+0000] {processor.py:839} INFO - DAG(s) dict_keys(['mongo_data_loader']) retrieved from /opt/airflow/dags/mongo_data_loader.py
[2023-10-10T17:21:53.093+0000] {logging_mixin.py:151} INFO - [2023-10-10T17:21:53.092+0000] {dag.py:2915} INFO - Sync 1 DAGs
[2023-10-10T17:21:53.103+0000] {logging_mixin.py:151} INFO - [2023-10-10T17:21:53.103+0000] {dag.py:3696} INFO - Setting next_dagrun for mongo_data_loader to 2023-10-10T16:45:00+00:00, run_after=2023-11-10T16:45:00+00:00
[2023-10-10T17:21:53.112+0000] {processor.py:179} INFO - Processing /opt/airflow/dags/mongo_data_loader.py took 0.080 seconds
[2023-10-10T17:22:23.245+0000] {processor.py:157} INFO - Started process (PID=540) to work on /opt/airflow/dags/mongo_data_loader.py
[2023-10-10T17:22:23.246+0000] {processor.py:829} INFO - Processing file /opt/airflow/dags/mongo_data_loader.py for tasks to queue
[2023-10-10T17:22:23.248+0000] {logging_mixin.py:151} INFO - [2023-10-10T17:22:23.247+0000] {dagbag.py:539} INFO - Filling up the DagBag from /opt/airflow/dags/mongo_data_loader.py
[2023-10-10T17:22:23.293+0000] {processor.py:839} INFO - DAG(s) dict_keys(['mongo_data_loader']) retrieved from /opt/airflow/dags/mongo_data_loader.py
[2023-10-10T17:22:23.307+0000] {logging_mixin.py:151} INFO - [2023-10-10T17:22:23.307+0000] {dag.py:2915} INFO - Sync 1 DAGs
[2023-10-10T17:22:23.319+0000] {logging_mixin.py:151} INFO - [2023-10-10T17:22:23.319+0000] {dag.py:3696} INFO - Setting next_dagrun for mongo_data_loader to 2023-10-10T16:45:00+00:00, run_after=2023-11-10T16:45:00+00:00
[2023-10-10T17:22:23.329+0000] {processor.py:179} INFO - Processing /opt/airflow/dags/mongo_data_loader.py took 0.087 seconds
[2023-10-10T17:22:53.371+0000] {processor.py:157} INFO - Started process (PID=597) to work on /opt/airflow/dags/mongo_data_loader.py
[2023-10-10T17:22:53.373+0000] {processor.py:829} INFO - Processing file /opt/airflow/dags/mongo_data_loader.py for tasks to queue
[2023-10-10T17:22:53.375+0000] {logging_mixin.py:151} INFO - [2023-10-10T17:22:53.375+0000] {dagbag.py:539} INFO - Filling up the DagBag from /opt/airflow/dags/mongo_data_loader.py
[2023-10-10T17:22:53.424+0000] {processor.py:839} INFO - DAG(s) dict_keys(['mongo_data_loader']) retrieved from /opt/airflow/dags/mongo_data_loader.py
[2023-10-10T17:22:53.436+0000] {logging_mixin.py:151} INFO - [2023-10-10T17:22:53.436+0000] {dag.py:2915} INFO - Sync 1 DAGs
[2023-10-10T17:22:53.449+0000] {logging_mixin.py:151} INFO - [2023-10-10T17:22:53.449+0000] {dag.py:3696} INFO - Setting next_dagrun for mongo_data_loader to 2023-10-10T16:45:00+00:00, run_after=2023-11-10T16:45:00+00:00
[2023-10-10T17:22:53.458+0000] {processor.py:179} INFO - Processing /opt/airflow/dags/mongo_data_loader.py took 0.091 seconds
[2023-10-10T17:23:23.498+0000] {processor.py:157} INFO - Started process (PID=653) to work on /opt/airflow/dags/mongo_data_loader.py
[2023-10-10T17:23:23.499+0000] {processor.py:829} INFO - Processing file /opt/airflow/dags/mongo_data_loader.py for tasks to queue
[2023-10-10T17:23:23.502+0000] {logging_mixin.py:151} INFO - [2023-10-10T17:23:23.502+0000] {dagbag.py:539} INFO - Filling up the DagBag from /opt/airflow/dags/mongo_data_loader.py
[2023-10-10T17:23:23.551+0000] {processor.py:839} INFO - DAG(s) dict_keys(['mongo_data_loader']) retrieved from /opt/airflow/dags/mongo_data_loader.py
[2023-10-10T17:23:23.562+0000] {logging_mixin.py:151} INFO - [2023-10-10T17:23:23.562+0000] {dag.py:2915} INFO - Sync 1 DAGs
[2023-10-10T17:23:23.575+0000] {logging_mixin.py:151} INFO - [2023-10-10T17:23:23.574+0000] {dag.py:3696} INFO - Setting next_dagrun for mongo_data_loader to 2023-10-10T16:45:00+00:00, run_after=2023-11-10T16:45:00+00:00
[2023-10-10T17:23:23.584+0000] {processor.py:179} INFO - Processing /opt/airflow/dags/mongo_data_loader.py took 0.090 seconds
[2023-10-10T17:23:53.646+0000] {processor.py:157} INFO - Started process (PID=709) to work on /opt/airflow/dags/mongo_data_loader.py
[2023-10-10T17:23:53.647+0000] {processor.py:829} INFO - Processing file /opt/airflow/dags/mongo_data_loader.py for tasks to queue
[2023-10-10T17:23:53.648+0000] {logging_mixin.py:151} INFO - [2023-10-10T17:23:53.648+0000] {dagbag.py:539} INFO - Filling up the DagBag from /opt/airflow/dags/mongo_data_loader.py
[2023-10-10T17:23:53.692+0000] {processor.py:839} INFO - DAG(s) dict_keys(['mongo_data_loader']) retrieved from /opt/airflow/dags/mongo_data_loader.py
[2023-10-10T17:23:53.704+0000] {logging_mixin.py:151} INFO - [2023-10-10T17:23:53.704+0000] {dag.py:2915} INFO - Sync 1 DAGs
[2023-10-10T17:23:53.716+0000] {logging_mixin.py:151} INFO - [2023-10-10T17:23:53.716+0000] {dag.py:3696} INFO - Setting next_dagrun for mongo_data_loader to 2023-10-10T16:45:00+00:00, run_after=2023-11-10T16:45:00+00:00
[2023-10-10T17:23:53.725+0000] {processor.py:179} INFO - Processing /opt/airflow/dags/mongo_data_loader.py took 0.081 seconds
[2023-10-10T17:24:23.811+0000] {processor.py:157} INFO - Started process (PID=764) to work on /opt/airflow/dags/mongo_data_loader.py
[2023-10-10T17:24:23.814+0000] {processor.py:829} INFO - Processing file /opt/airflow/dags/mongo_data_loader.py for tasks to queue
[2023-10-10T17:24:23.818+0000] {logging_mixin.py:151} INFO - [2023-10-10T17:24:23.817+0000] {dagbag.py:539} INFO - Filling up the DagBag from /opt/airflow/dags/mongo_data_loader.py
[2023-10-10T17:24:23.876+0000] {processor.py:839} INFO - DAG(s) dict_keys(['mongo_data_loader']) retrieved from /opt/airflow/dags/mongo_data_loader.py
[2023-10-10T17:24:23.888+0000] {logging_mixin.py:151} INFO - [2023-10-10T17:24:23.888+0000] {dag.py:2915} INFO - Sync 1 DAGs
[2023-10-10T17:24:23.901+0000] {logging_mixin.py:151} INFO - [2023-10-10T17:24:23.900+0000] {dag.py:3696} INFO - Setting next_dagrun for mongo_data_loader to 2023-10-10T16:45:00+00:00, run_after=2023-11-10T16:45:00+00:00
[2023-10-10T17:24:23.909+0000] {processor.py:179} INFO - Processing /opt/airflow/dags/mongo_data_loader.py took 0.104 seconds
[2023-10-10T17:24:53.962+0000] {processor.py:157} INFO - Started process (PID=821) to work on /opt/airflow/dags/mongo_data_loader.py
[2023-10-10T17:24:53.963+0000] {processor.py:829} INFO - Processing file /opt/airflow/dags/mongo_data_loader.py for tasks to queue
[2023-10-10T17:24:53.965+0000] {logging_mixin.py:151} INFO - [2023-10-10T17:24:53.965+0000] {dagbag.py:539} INFO - Filling up the DagBag from /opt/airflow/dags/mongo_data_loader.py
[2023-10-10T17:24:54.014+0000] {processor.py:839} INFO - DAG(s) dict_keys(['mongo_data_loader']) retrieved from /opt/airflow/dags/mongo_data_loader.py
[2023-10-10T17:24:54.025+0000] {logging_mixin.py:151} INFO - [2023-10-10T17:24:54.025+0000] {dag.py:2915} INFO - Sync 1 DAGs
[2023-10-10T17:24:54.036+0000] {logging_mixin.py:151} INFO - [2023-10-10T17:24:54.036+0000] {dag.py:3696} INFO - Setting next_dagrun for mongo_data_loader to 2023-10-10T16:45:00+00:00, run_after=2023-11-10T16:45:00+00:00
[2023-10-10T17:24:54.046+0000] {processor.py:179} INFO - Processing /opt/airflow/dags/mongo_data_loader.py took 0.088 seconds
[2023-10-10T17:25:24.098+0000] {processor.py:157} INFO - Started process (PID=877) to work on /opt/airflow/dags/mongo_data_loader.py
[2023-10-10T17:25:24.100+0000] {processor.py:829} INFO - Processing file /opt/airflow/dags/mongo_data_loader.py for tasks to queue
[2023-10-10T17:25:24.102+0000] {logging_mixin.py:151} INFO - [2023-10-10T17:25:24.102+0000] {dagbag.py:539} INFO - Filling up the DagBag from /opt/airflow/dags/mongo_data_loader.py
[2023-10-10T17:25:24.152+0000] {processor.py:839} INFO - DAG(s) dict_keys(['mongo_data_loader']) retrieved from /opt/airflow/dags/mongo_data_loader.py
[2023-10-10T17:25:24.163+0000] {logging_mixin.py:151} INFO - [2023-10-10T17:25:24.163+0000] {dag.py:2915} INFO - Sync 1 DAGs
[2023-10-10T17:25:24.174+0000] {logging_mixin.py:151} INFO - [2023-10-10T17:25:24.174+0000] {dag.py:3696} INFO - Setting next_dagrun for mongo_data_loader to 2023-10-10T16:45:00+00:00, run_after=2023-11-10T16:45:00+00:00
[2023-10-10T17:25:24.182+0000] {processor.py:179} INFO - Processing /opt/airflow/dags/mongo_data_loader.py took 0.088 seconds
[2023-10-10T17:25:54.272+0000] {processor.py:157} INFO - Started process (PID=932) to work on /opt/airflow/dags/mongo_data_loader.py
[2023-10-10T17:25:54.273+0000] {processor.py:829} INFO - Processing file /opt/airflow/dags/mongo_data_loader.py for tasks to queue
[2023-10-10T17:25:54.276+0000] {logging_mixin.py:151} INFO - [2023-10-10T17:25:54.276+0000] {dagbag.py:539} INFO - Filling up the DagBag from /opt/airflow/dags/mongo_data_loader.py
[2023-10-10T17:25:54.327+0000] {processor.py:839} INFO - DAG(s) dict_keys(['mongo_data_loader']) retrieved from /opt/airflow/dags/mongo_data_loader.py
[2023-10-10T17:25:54.339+0000] {logging_mixin.py:151} INFO - [2023-10-10T17:25:54.338+0000] {dag.py:2915} INFO - Sync 1 DAGs
[2023-10-10T17:25:54.351+0000] {logging_mixin.py:151} INFO - [2023-10-10T17:25:54.351+0000] {dag.py:3696} INFO - Setting next_dagrun for mongo_data_loader to 2023-10-10T16:45:00+00:00, run_after=2023-11-10T16:45:00+00:00
[2023-10-10T17:25:54.360+0000] {processor.py:179} INFO - Processing /opt/airflow/dags/mongo_data_loader.py took 0.092 seconds
[2023-10-10T17:26:24.407+0000] {processor.py:157} INFO - Started process (PID=989) to work on /opt/airflow/dags/mongo_data_loader.py
[2023-10-10T17:26:24.409+0000] {processor.py:829} INFO - Processing file /opt/airflow/dags/mongo_data_loader.py for tasks to queue
[2023-10-10T17:26:24.411+0000] {logging_mixin.py:151} INFO - [2023-10-10T17:26:24.410+0000] {dagbag.py:539} INFO - Filling up the DagBag from /opt/airflow/dags/mongo_data_loader.py
[2023-10-10T17:26:24.461+0000] {processor.py:839} INFO - DAG(s) dict_keys(['mongo_data_loader']) retrieved from /opt/airflow/dags/mongo_data_loader.py
[2023-10-10T17:26:24.472+0000] {logging_mixin.py:151} INFO - [2023-10-10T17:26:24.472+0000] {dag.py:2915} INFO - Sync 1 DAGs
[2023-10-10T17:26:24.485+0000] {logging_mixin.py:151} INFO - [2023-10-10T17:26:24.485+0000] {dag.py:3696} INFO - Setting next_dagrun for mongo_data_loader to 2023-10-10T16:45:00+00:00, run_after=2023-11-10T16:45:00+00:00
[2023-10-10T17:26:24.493+0000] {processor.py:179} INFO - Processing /opt/airflow/dags/mongo_data_loader.py took 0.090 seconds
[2023-10-10T17:26:54.561+0000] {processor.py:157} INFO - Started process (PID=1045) to work on /opt/airflow/dags/mongo_data_loader.py
[2023-10-10T17:26:54.562+0000] {processor.py:829} INFO - Processing file /opt/airflow/dags/mongo_data_loader.py for tasks to queue
[2023-10-10T17:26:54.563+0000] {logging_mixin.py:151} INFO - [2023-10-10T17:26:54.563+0000] {dagbag.py:539} INFO - Filling up the DagBag from /opt/airflow/dags/mongo_data_loader.py
[2023-10-10T17:26:54.608+0000] {processor.py:839} INFO - DAG(s) dict_keys(['mongo_data_loader']) retrieved from /opt/airflow/dags/mongo_data_loader.py
[2023-10-10T17:26:54.621+0000] {logging_mixin.py:151} INFO - [2023-10-10T17:26:54.620+0000] {dag.py:2915} INFO - Sync 1 DAGs
[2023-10-10T17:26:54.633+0000] {logging_mixin.py:151} INFO - [2023-10-10T17:26:54.632+0000] {dag.py:3696} INFO - Setting next_dagrun for mongo_data_loader to 2023-10-10T16:45:00+00:00, run_after=2023-11-10T16:45:00+00:00
[2023-10-10T17:26:54.642+0000] {processor.py:179} INFO - Processing /opt/airflow/dags/mongo_data_loader.py took 0.084 seconds
[2023-10-10T17:27:24.680+0000] {processor.py:157} INFO - Started process (PID=1100) to work on /opt/airflow/dags/mongo_data_loader.py
[2023-10-10T17:27:24.682+0000] {processor.py:829} INFO - Processing file /opt/airflow/dags/mongo_data_loader.py for tasks to queue
[2023-10-10T17:27:24.685+0000] {logging_mixin.py:151} INFO - [2023-10-10T17:27:24.684+0000] {dagbag.py:539} INFO - Filling up the DagBag from /opt/airflow/dags/mongo_data_loader.py
[2023-10-10T17:27:24.737+0000] {processor.py:839} INFO - DAG(s) dict_keys(['mongo_data_loader']) retrieved from /opt/airflow/dags/mongo_data_loader.py
[2023-10-10T17:27:24.749+0000] {logging_mixin.py:151} INFO - [2023-10-10T17:27:24.749+0000] {dag.py:2915} INFO - Sync 1 DAGs
[2023-10-10T17:27:24.761+0000] {logging_mixin.py:151} INFO - [2023-10-10T17:27:24.761+0000] {dag.py:3696} INFO - Setting next_dagrun for mongo_data_loader to 2023-10-10T16:45:00+00:00, run_after=2023-11-10T16:45:00+00:00
[2023-10-10T17:27:24.769+0000] {processor.py:179} INFO - Processing /opt/airflow/dags/mongo_data_loader.py took 0.095 seconds
[2023-10-10T17:27:54.820+0000] {processor.py:157} INFO - Started process (PID=1157) to work on /opt/airflow/dags/mongo_data_loader.py
[2023-10-10T17:27:54.822+0000] {processor.py:829} INFO - Processing file /opt/airflow/dags/mongo_data_loader.py for tasks to queue
[2023-10-10T17:27:54.825+0000] {logging_mixin.py:151} INFO - [2023-10-10T17:27:54.824+0000] {dagbag.py:539} INFO - Filling up the DagBag from /opt/airflow/dags/mongo_data_loader.py
[2023-10-10T17:27:54.875+0000] {processor.py:839} INFO - DAG(s) dict_keys(['mongo_data_loader']) retrieved from /opt/airflow/dags/mongo_data_loader.py
[2023-10-10T17:27:54.887+0000] {logging_mixin.py:151} INFO - [2023-10-10T17:27:54.887+0000] {dag.py:2915} INFO - Sync 1 DAGs
[2023-10-10T17:27:54.899+0000] {logging_mixin.py:151} INFO - [2023-10-10T17:27:54.899+0000] {dag.py:3696} INFO - Setting next_dagrun for mongo_data_loader to 2023-10-10T16:45:00+00:00, run_after=2023-11-10T16:45:00+00:00
[2023-10-10T17:27:54.908+0000] {processor.py:179} INFO - Processing /opt/airflow/dags/mongo_data_loader.py took 0.092 seconds
[2023-10-10T17:28:24.985+0000] {processor.py:157} INFO - Started process (PID=1213) to work on /opt/airflow/dags/mongo_data_loader.py
[2023-10-10T17:28:24.987+0000] {processor.py:829} INFO - Processing file /opt/airflow/dags/mongo_data_loader.py for tasks to queue
[2023-10-10T17:28:24.991+0000] {logging_mixin.py:151} INFO - [2023-10-10T17:28:24.991+0000] {dagbag.py:539} INFO - Filling up the DagBag from /opt/airflow/dags/mongo_data_loader.py
[2023-10-10T17:28:25.047+0000] {processor.py:839} INFO - DAG(s) dict_keys(['mongo_data_loader']) retrieved from /opt/airflow/dags/mongo_data_loader.py
[2023-10-10T17:28:25.059+0000] {logging_mixin.py:151} INFO - [2023-10-10T17:28:25.059+0000] {dag.py:2915} INFO - Sync 1 DAGs
[2023-10-10T17:28:25.072+0000] {logging_mixin.py:151} INFO - [2023-10-10T17:28:25.071+0000] {dag.py:3696} INFO - Setting next_dagrun for mongo_data_loader to 2023-10-10T16:45:00+00:00, run_after=2023-11-10T16:45:00+00:00
[2023-10-10T17:28:25.080+0000] {processor.py:179} INFO - Processing /opt/airflow/dags/mongo_data_loader.py took 0.101 seconds
[2023-10-10T17:28:55.126+0000] {processor.py:157} INFO - Started process (PID=1270) to work on /opt/airflow/dags/mongo_data_loader.py
[2023-10-10T17:28:55.128+0000] {processor.py:829} INFO - Processing file /opt/airflow/dags/mongo_data_loader.py for tasks to queue
[2023-10-10T17:28:55.129+0000] {logging_mixin.py:151} INFO - [2023-10-10T17:28:55.129+0000] {dagbag.py:539} INFO - Filling up the DagBag from /opt/airflow/dags/mongo_data_loader.py
[2023-10-10T17:28:55.185+0000] {processor.py:839} INFO - DAG(s) dict_keys(['mongo_data_loader']) retrieved from /opt/airflow/dags/mongo_data_loader.py
[2023-10-10T17:28:55.198+0000] {logging_mixin.py:151} INFO - [2023-10-10T17:28:55.198+0000] {dag.py:2915} INFO - Sync 1 DAGs
[2023-10-10T17:28:55.211+0000] {logging_mixin.py:151} INFO - [2023-10-10T17:28:55.210+0000] {dag.py:3696} INFO - Setting next_dagrun for mongo_data_loader to 2023-10-10T16:45:00+00:00, run_after=2023-11-10T16:45:00+00:00
[2023-10-10T17:28:55.220+0000] {processor.py:179} INFO - Processing /opt/airflow/dags/mongo_data_loader.py took 0.097 seconds
