[2023-10-10T06:38:10.303+0000] {processor.py:157} INFO - Started process (PID=48) to work on /home/airflow/.local/lib/python3.8/site-packages/airflow/example_dags/example_short_circuit_operator.py
[2023-10-10T06:38:10.304+0000] {processor.py:829} INFO - Processing file /home/airflow/.local/lib/python3.8/site-packages/airflow/example_dags/example_short_circuit_operator.py for tasks to queue
[2023-10-10T06:38:10.306+0000] {logging_mixin.py:151} INFO - [2023-10-10T06:38:10.306+0000] {dagbag.py:539} INFO - Filling up the DagBag from /home/airflow/.local/lib/python3.8/site-packages/airflow/example_dags/example_short_circuit_operator.py
[2023-10-10T06:38:10.313+0000] {processor.py:839} INFO - DAG(s) dict_keys(['example_short_circuit_operator']) retrieved from /home/airflow/.local/lib/python3.8/site-packages/airflow/example_dags/example_short_circuit_operator.py
[2023-10-10T06:38:10.323+0000] {logging_mixin.py:151} INFO - [2023-10-10T06:38:10.322+0000] {dag.py:2915} INFO - Sync 1 DAGs
[2023-10-10T06:38:10.338+0000] {logging_mixin.py:151} INFO - [2023-10-10T06:38:10.338+0000] {dag.py:3696} INFO - Setting next_dagrun for example_short_circuit_operator to 2023-10-09T06:38:10.338405+00:00, run_after=2023-10-10T06:38:10.338405+00:00
[2023-10-10T06:38:10.351+0000] {processor.py:179} INFO - Processing /home/airflow/.local/lib/python3.8/site-packages/airflow/example_dags/example_short_circuit_operator.py took 0.052 seconds
[2023-10-10T06:38:40.786+0000] {processor.py:157} INFO - Started process (PID=104) to work on /home/airflow/.local/lib/python3.8/site-packages/airflow/example_dags/example_short_circuit_operator.py
[2023-10-10T06:38:40.787+0000] {processor.py:829} INFO - Processing file /home/airflow/.local/lib/python3.8/site-packages/airflow/example_dags/example_short_circuit_operator.py for tasks to queue
[2023-10-10T06:38:40.789+0000] {logging_mixin.py:151} INFO - [2023-10-10T06:38:40.788+0000] {dagbag.py:539} INFO - Filling up the DagBag from /home/airflow/.local/lib/python3.8/site-packages/airflow/example_dags/example_short_circuit_operator.py
[2023-10-10T06:38:40.793+0000] {processor.py:839} INFO - DAG(s) dict_keys(['example_short_circuit_operator']) retrieved from /home/airflow/.local/lib/python3.8/site-packages/airflow/example_dags/example_short_circuit_operator.py
[2023-10-10T06:38:40.807+0000] {logging_mixin.py:151} INFO - [2023-10-10T06:38:40.807+0000] {dag.py:2915} INFO - Sync 1 DAGs
[2023-10-10T06:38:40.821+0000] {logging_mixin.py:151} INFO - [2023-10-10T06:38:40.820+0000] {dag.py:3696} INFO - Setting next_dagrun for example_short_circuit_operator to 2023-10-09T06:38:40.820755+00:00, run_after=2023-10-10T06:38:40.820755+00:00
[2023-10-10T06:38:40.832+0000] {processor.py:179} INFO - Processing /home/airflow/.local/lib/python3.8/site-packages/airflow/example_dags/example_short_circuit_operator.py took 0.048 seconds
[2023-10-10T06:39:11.214+0000] {processor.py:157} INFO - Started process (PID=160) to work on /home/airflow/.local/lib/python3.8/site-packages/airflow/example_dags/example_short_circuit_operator.py
[2023-10-10T06:39:11.215+0000] {processor.py:829} INFO - Processing file /home/airflow/.local/lib/python3.8/site-packages/airflow/example_dags/example_short_circuit_operator.py for tasks to queue
[2023-10-10T06:39:11.217+0000] {logging_mixin.py:151} INFO - [2023-10-10T06:39:11.216+0000] {dagbag.py:539} INFO - Filling up the DagBag from /home/airflow/.local/lib/python3.8/site-packages/airflow/example_dags/example_short_circuit_operator.py
[2023-10-10T06:39:11.221+0000] {processor.py:839} INFO - DAG(s) dict_keys(['example_short_circuit_operator']) retrieved from /home/airflow/.local/lib/python3.8/site-packages/airflow/example_dags/example_short_circuit_operator.py
[2023-10-10T06:39:11.234+0000] {logging_mixin.py:151} INFO - [2023-10-10T06:39:11.234+0000] {dag.py:2915} INFO - Sync 1 DAGs
[2023-10-10T06:39:11.246+0000] {logging_mixin.py:151} INFO - [2023-10-10T06:39:11.246+0000] {dag.py:3696} INFO - Setting next_dagrun for example_short_circuit_operator to 2023-10-09T06:39:11.245911+00:00, run_after=2023-10-10T06:39:11.245911+00:00
[2023-10-10T06:39:11.255+0000] {processor.py:179} INFO - Processing /home/airflow/.local/lib/python3.8/site-packages/airflow/example_dags/example_short_circuit_operator.py took 0.044 seconds
[2023-10-10T06:39:41.428+0000] {processor.py:157} INFO - Started process (PID=216) to work on /home/airflow/.local/lib/python3.8/site-packages/airflow/example_dags/example_short_circuit_operator.py
[2023-10-10T06:39:41.428+0000] {processor.py:829} INFO - Processing file /home/airflow/.local/lib/python3.8/site-packages/airflow/example_dags/example_short_circuit_operator.py for tasks to queue
[2023-10-10T06:39:41.430+0000] {logging_mixin.py:151} INFO - [2023-10-10T06:39:41.430+0000] {dagbag.py:539} INFO - Filling up the DagBag from /home/airflow/.local/lib/python3.8/site-packages/airflow/example_dags/example_short_circuit_operator.py
[2023-10-10T06:39:41.434+0000] {processor.py:839} INFO - DAG(s) dict_keys(['example_short_circuit_operator']) retrieved from /home/airflow/.local/lib/python3.8/site-packages/airflow/example_dags/example_short_circuit_operator.py
[2023-10-10T06:39:41.448+0000] {logging_mixin.py:151} INFO - [2023-10-10T06:39:41.448+0000] {dag.py:2915} INFO - Sync 1 DAGs
[2023-10-10T06:39:41.459+0000] {logging_mixin.py:151} INFO - [2023-10-10T06:39:41.459+0000] {dag.py:3696} INFO - Setting next_dagrun for example_short_circuit_operator to 2023-10-09T06:39:41.459378+00:00, run_after=2023-10-10T06:39:41.459378+00:00
[2023-10-10T06:39:41.468+0000] {processor.py:179} INFO - Processing /home/airflow/.local/lib/python3.8/site-packages/airflow/example_dags/example_short_circuit_operator.py took 0.043 seconds
[2023-10-10T06:40:11.520+0000] {processor.py:157} INFO - Started process (PID=272) to work on /home/airflow/.local/lib/python3.8/site-packages/airflow/example_dags/example_short_circuit_operator.py
[2023-10-10T06:40:11.521+0000] {processor.py:829} INFO - Processing file /home/airflow/.local/lib/python3.8/site-packages/airflow/example_dags/example_short_circuit_operator.py for tasks to queue
[2023-10-10T06:40:11.523+0000] {logging_mixin.py:151} INFO - [2023-10-10T06:40:11.523+0000] {dagbag.py:539} INFO - Filling up the DagBag from /home/airflow/.local/lib/python3.8/site-packages/airflow/example_dags/example_short_circuit_operator.py
[2023-10-10T06:40:11.532+0000] {processor.py:839} INFO - DAG(s) dict_keys(['example_short_circuit_operator']) retrieved from /home/airflow/.local/lib/python3.8/site-packages/airflow/example_dags/example_short_circuit_operator.py
[2023-10-10T06:40:11.551+0000] {logging_mixin.py:151} INFO - [2023-10-10T06:40:11.551+0000] {dag.py:2915} INFO - Sync 1 DAGs
[2023-10-10T06:40:11.565+0000] {logging_mixin.py:151} INFO - [2023-10-10T06:40:11.565+0000] {dag.py:3696} INFO - Setting next_dagrun for example_short_circuit_operator to 2023-10-09T06:40:11.565638+00:00, run_after=2023-10-10T06:40:11.565638+00:00
[2023-10-10T06:40:11.578+0000] {processor.py:179} INFO - Processing /home/airflow/.local/lib/python3.8/site-packages/airflow/example_dags/example_short_circuit_operator.py took 0.060 seconds
[2023-10-10T06:40:41.880+0000] {processor.py:157} INFO - Started process (PID=327) to work on /home/airflow/.local/lib/python3.8/site-packages/airflow/example_dags/example_short_circuit_operator.py
[2023-10-10T06:40:41.881+0000] {processor.py:829} INFO - Processing file /home/airflow/.local/lib/python3.8/site-packages/airflow/example_dags/example_short_circuit_operator.py for tasks to queue
[2023-10-10T06:40:41.882+0000] {logging_mixin.py:151} INFO - [2023-10-10T06:40:41.882+0000] {dagbag.py:539} INFO - Filling up the DagBag from /home/airflow/.local/lib/python3.8/site-packages/airflow/example_dags/example_short_circuit_operator.py
[2023-10-10T06:40:41.888+0000] {processor.py:839} INFO - DAG(s) dict_keys(['example_short_circuit_operator']) retrieved from /home/airflow/.local/lib/python3.8/site-packages/airflow/example_dags/example_short_circuit_operator.py
[2023-10-10T06:40:41.917+0000] {logging_mixin.py:151} INFO - [2023-10-10T06:40:41.917+0000] {dag.py:2915} INFO - Sync 1 DAGs
[2023-10-10T06:40:41.940+0000] {logging_mixin.py:151} INFO - [2023-10-10T06:40:41.940+0000] {dag.py:3696} INFO - Setting next_dagrun for example_short_circuit_operator to 2023-10-09T06:40:41.940341+00:00, run_after=2023-10-10T06:40:41.940341+00:00
[2023-10-10T06:40:41.953+0000] {processor.py:179} INFO - Processing /home/airflow/.local/lib/python3.8/site-packages/airflow/example_dags/example_short_circuit_operator.py took 0.076 seconds
[2023-10-10T06:41:12.342+0000] {processor.py:157} INFO - Started process (PID=383) to work on /home/airflow/.local/lib/python3.8/site-packages/airflow/example_dags/example_short_circuit_operator.py
[2023-10-10T06:41:12.344+0000] {processor.py:829} INFO - Processing file /home/airflow/.local/lib/python3.8/site-packages/airflow/example_dags/example_short_circuit_operator.py for tasks to queue
[2023-10-10T06:41:12.345+0000] {logging_mixin.py:151} INFO - [2023-10-10T06:41:12.345+0000] {dagbag.py:539} INFO - Filling up the DagBag from /home/airflow/.local/lib/python3.8/site-packages/airflow/example_dags/example_short_circuit_operator.py
[2023-10-10T06:41:12.351+0000] {processor.py:839} INFO - DAG(s) dict_keys(['example_short_circuit_operator']) retrieved from /home/airflow/.local/lib/python3.8/site-packages/airflow/example_dags/example_short_circuit_operator.py
[2023-10-10T06:41:12.366+0000] {logging_mixin.py:151} INFO - [2023-10-10T06:41:12.366+0000] {dag.py:2915} INFO - Sync 1 DAGs
[2023-10-10T06:41:12.380+0000] {logging_mixin.py:151} INFO - [2023-10-10T06:41:12.380+0000] {dag.py:3696} INFO - Setting next_dagrun for example_short_circuit_operator to 2023-10-09T06:41:12.380499+00:00, run_after=2023-10-10T06:41:12.380499+00:00
[2023-10-10T06:41:12.398+0000] {processor.py:179} INFO - Processing /home/airflow/.local/lib/python3.8/site-packages/airflow/example_dags/example_short_circuit_operator.py took 0.059 seconds
[2023-10-10T06:41:42.566+0000] {processor.py:157} INFO - Started process (PID=439) to work on /home/airflow/.local/lib/python3.8/site-packages/airflow/example_dags/example_short_circuit_operator.py
[2023-10-10T06:41:42.566+0000] {processor.py:829} INFO - Processing file /home/airflow/.local/lib/python3.8/site-packages/airflow/example_dags/example_short_circuit_operator.py for tasks to queue
[2023-10-10T06:41:42.568+0000] {logging_mixin.py:151} INFO - [2023-10-10T06:41:42.568+0000] {dagbag.py:539} INFO - Filling up the DagBag from /home/airflow/.local/lib/python3.8/site-packages/airflow/example_dags/example_short_circuit_operator.py
[2023-10-10T06:41:42.572+0000] {processor.py:839} INFO - DAG(s) dict_keys(['example_short_circuit_operator']) retrieved from /home/airflow/.local/lib/python3.8/site-packages/airflow/example_dags/example_short_circuit_operator.py
[2023-10-10T06:41:42.586+0000] {logging_mixin.py:151} INFO - [2023-10-10T06:41:42.586+0000] {dag.py:2915} INFO - Sync 1 DAGs
[2023-10-10T06:41:42.597+0000] {logging_mixin.py:151} INFO - [2023-10-10T06:41:42.597+0000] {dag.py:3696} INFO - Setting next_dagrun for example_short_circuit_operator to 2023-10-09T06:41:42.597247+00:00, run_after=2023-10-10T06:41:42.597247+00:00
[2023-10-10T06:41:42.606+0000] {processor.py:179} INFO - Processing /home/airflow/.local/lib/python3.8/site-packages/airflow/example_dags/example_short_circuit_operator.py took 0.042 seconds
[2023-10-10T06:42:12.949+0000] {processor.py:157} INFO - Started process (PID=495) to work on /home/airflow/.local/lib/python3.8/site-packages/airflow/example_dags/example_short_circuit_operator.py
[2023-10-10T06:42:12.952+0000] {processor.py:829} INFO - Processing file /home/airflow/.local/lib/python3.8/site-packages/airflow/example_dags/example_short_circuit_operator.py for tasks to queue
[2023-10-10T06:42:12.954+0000] {logging_mixin.py:151} INFO - [2023-10-10T06:42:12.953+0000] {dagbag.py:539} INFO - Filling up the DagBag from /home/airflow/.local/lib/python3.8/site-packages/airflow/example_dags/example_short_circuit_operator.py
[2023-10-10T06:42:12.958+0000] {processor.py:839} INFO - DAG(s) dict_keys(['example_short_circuit_operator']) retrieved from /home/airflow/.local/lib/python3.8/site-packages/airflow/example_dags/example_short_circuit_operator.py
[2023-10-10T06:42:12.972+0000] {logging_mixin.py:151} INFO - [2023-10-10T06:42:12.972+0000] {dag.py:2915} INFO - Sync 1 DAGs
[2023-10-10T06:42:12.984+0000] {logging_mixin.py:151} INFO - [2023-10-10T06:42:12.984+0000] {dag.py:3696} INFO - Setting next_dagrun for example_short_circuit_operator to 2023-10-09T06:42:12.984460+00:00, run_after=2023-10-10T06:42:12.984460+00:00
[2023-10-10T06:42:12.995+0000] {processor.py:179} INFO - Processing /home/airflow/.local/lib/python3.8/site-packages/airflow/example_dags/example_short_circuit_operator.py took 0.048 seconds
[2023-10-10T06:42:43.336+0000] {processor.py:157} INFO - Started process (PID=551) to work on /home/airflow/.local/lib/python3.8/site-packages/airflow/example_dags/example_short_circuit_operator.py
[2023-10-10T06:42:43.337+0000] {processor.py:829} INFO - Processing file /home/airflow/.local/lib/python3.8/site-packages/airflow/example_dags/example_short_circuit_operator.py for tasks to queue
[2023-10-10T06:42:43.339+0000] {logging_mixin.py:151} INFO - [2023-10-10T06:42:43.339+0000] {dagbag.py:539} INFO - Filling up the DagBag from /home/airflow/.local/lib/python3.8/site-packages/airflow/example_dags/example_short_circuit_operator.py
[2023-10-10T06:42:43.344+0000] {processor.py:839} INFO - DAG(s) dict_keys(['example_short_circuit_operator']) retrieved from /home/airflow/.local/lib/python3.8/site-packages/airflow/example_dags/example_short_circuit_operator.py
[2023-10-10T06:42:43.365+0000] {logging_mixin.py:151} INFO - [2023-10-10T06:42:43.365+0000] {dag.py:2915} INFO - Sync 1 DAGs
[2023-10-10T06:42:43.381+0000] {logging_mixin.py:151} INFO - [2023-10-10T06:42:43.381+0000] {dag.py:3696} INFO - Setting next_dagrun for example_short_circuit_operator to 2023-10-09T06:42:43.380859+00:00, run_after=2023-10-10T06:42:43.380859+00:00
[2023-10-10T06:42:43.393+0000] {processor.py:179} INFO - Processing /home/airflow/.local/lib/python3.8/site-packages/airflow/example_dags/example_short_circuit_operator.py took 0.059 seconds
[2023-10-10T06:43:13.562+0000] {processor.py:157} INFO - Started process (PID=608) to work on /home/airflow/.local/lib/python3.8/site-packages/airflow/example_dags/example_short_circuit_operator.py
[2023-10-10T06:43:13.562+0000] {processor.py:829} INFO - Processing file /home/airflow/.local/lib/python3.8/site-packages/airflow/example_dags/example_short_circuit_operator.py for tasks to queue
[2023-10-10T06:43:13.564+0000] {logging_mixin.py:151} INFO - [2023-10-10T06:43:13.564+0000] {dagbag.py:539} INFO - Filling up the DagBag from /home/airflow/.local/lib/python3.8/site-packages/airflow/example_dags/example_short_circuit_operator.py
[2023-10-10T06:43:13.569+0000] {processor.py:839} INFO - DAG(s) dict_keys(['example_short_circuit_operator']) retrieved from /home/airflow/.local/lib/python3.8/site-packages/airflow/example_dags/example_short_circuit_operator.py
[2023-10-10T06:43:13.582+0000] {logging_mixin.py:151} INFO - [2023-10-10T06:43:13.581+0000] {dag.py:2915} INFO - Sync 1 DAGs
[2023-10-10T06:43:13.593+0000] {logging_mixin.py:151} INFO - [2023-10-10T06:43:13.593+0000] {dag.py:3696} INFO - Setting next_dagrun for example_short_circuit_operator to 2023-10-09T06:43:13.593060+00:00, run_after=2023-10-10T06:43:13.593060+00:00
[2023-10-10T06:43:13.602+0000] {processor.py:179} INFO - Processing /home/airflow/.local/lib/python3.8/site-packages/airflow/example_dags/example_short_circuit_operator.py took 0.043 seconds
[2023-10-10T06:46:48.876+0000] {processor.py:157} INFO - Started process (PID=49) to work on /home/airflow/.local/lib/python3.8/site-packages/airflow/example_dags/example_short_circuit_operator.py
[2023-10-10T06:46:48.878+0000] {processor.py:829} INFO - Processing file /home/airflow/.local/lib/python3.8/site-packages/airflow/example_dags/example_short_circuit_operator.py for tasks to queue
[2023-10-10T06:46:48.879+0000] {logging_mixin.py:151} INFO - [2023-10-10T06:46:48.879+0000] {dagbag.py:539} INFO - Filling up the DagBag from /home/airflow/.local/lib/python3.8/site-packages/airflow/example_dags/example_short_circuit_operator.py
[2023-10-10T06:46:48.887+0000] {processor.py:839} INFO - DAG(s) dict_keys(['example_short_circuit_operator']) retrieved from /home/airflow/.local/lib/python3.8/site-packages/airflow/example_dags/example_short_circuit_operator.py
[2023-10-10T06:46:48.896+0000] {logging_mixin.py:151} INFO - [2023-10-10T06:46:48.896+0000] {dag.py:2915} INFO - Sync 1 DAGs
[2023-10-10T06:46:48.909+0000] {logging_mixin.py:151} INFO - [2023-10-10T06:46:48.909+0000] {dag.py:3696} INFO - Setting next_dagrun for example_short_circuit_operator to 2023-10-09T06:46:48.909370+00:00, run_after=2023-10-10T06:46:48.909370+00:00
[2023-10-10T06:46:48.920+0000] {processor.py:179} INFO - Processing /home/airflow/.local/lib/python3.8/site-packages/airflow/example_dags/example_short_circuit_operator.py took 0.047 seconds
[2023-10-10T06:47:19.455+0000] {processor.py:157} INFO - Started process (PID=105) to work on /home/airflow/.local/lib/python3.8/site-packages/airflow/example_dags/example_short_circuit_operator.py
[2023-10-10T06:47:19.457+0000] {processor.py:829} INFO - Processing file /home/airflow/.local/lib/python3.8/site-packages/airflow/example_dags/example_short_circuit_operator.py for tasks to queue
[2023-10-10T06:47:19.458+0000] {logging_mixin.py:151} INFO - [2023-10-10T06:47:19.458+0000] {dagbag.py:539} INFO - Filling up the DagBag from /home/airflow/.local/lib/python3.8/site-packages/airflow/example_dags/example_short_circuit_operator.py
[2023-10-10T06:47:19.464+0000] {processor.py:839} INFO - DAG(s) dict_keys(['example_short_circuit_operator']) retrieved from /home/airflow/.local/lib/python3.8/site-packages/airflow/example_dags/example_short_circuit_operator.py
[2023-10-10T06:47:19.485+0000] {logging_mixin.py:151} INFO - [2023-10-10T06:47:19.485+0000] {dag.py:2915} INFO - Sync 1 DAGs
[2023-10-10T06:47:19.505+0000] {logging_mixin.py:151} INFO - [2023-10-10T06:47:19.505+0000] {dag.py:3696} INFO - Setting next_dagrun for example_short_circuit_operator to 2023-10-09T06:47:19.505412+00:00, run_after=2023-10-10T06:47:19.505412+00:00
[2023-10-10T06:47:19.519+0000] {processor.py:179} INFO - Processing /home/airflow/.local/lib/python3.8/site-packages/airflow/example_dags/example_short_circuit_operator.py took 0.066 seconds
[2023-10-10T06:47:49.607+0000] {processor.py:157} INFO - Started process (PID=160) to work on /home/airflow/.local/lib/python3.8/site-packages/airflow/example_dags/example_short_circuit_operator.py
[2023-10-10T06:47:49.608+0000] {processor.py:829} INFO - Processing file /home/airflow/.local/lib/python3.8/site-packages/airflow/example_dags/example_short_circuit_operator.py for tasks to queue
[2023-10-10T06:47:49.609+0000] {logging_mixin.py:151} INFO - [2023-10-10T06:47:49.609+0000] {dagbag.py:539} INFO - Filling up the DagBag from /home/airflow/.local/lib/python3.8/site-packages/airflow/example_dags/example_short_circuit_operator.py
[2023-10-10T06:47:49.614+0000] {processor.py:839} INFO - DAG(s) dict_keys(['example_short_circuit_operator']) retrieved from /home/airflow/.local/lib/python3.8/site-packages/airflow/example_dags/example_short_circuit_operator.py
[2023-10-10T06:47:49.628+0000] {logging_mixin.py:151} INFO - [2023-10-10T06:47:49.628+0000] {dag.py:2915} INFO - Sync 1 DAGs
[2023-10-10T06:47:49.640+0000] {logging_mixin.py:151} INFO - [2023-10-10T06:47:49.640+0000] {dag.py:3696} INFO - Setting next_dagrun for example_short_circuit_operator to 2023-10-09T06:47:49.639947+00:00, run_after=2023-10-10T06:47:49.639947+00:00
[2023-10-10T06:47:49.650+0000] {processor.py:179} INFO - Processing /home/airflow/.local/lib/python3.8/site-packages/airflow/example_dags/example_short_circuit_operator.py took 0.046 seconds
[2023-10-10T06:48:19.799+0000] {processor.py:157} INFO - Started process (PID=216) to work on /home/airflow/.local/lib/python3.8/site-packages/airflow/example_dags/example_short_circuit_operator.py
[2023-10-10T06:48:19.800+0000] {processor.py:829} INFO - Processing file /home/airflow/.local/lib/python3.8/site-packages/airflow/example_dags/example_short_circuit_operator.py for tasks to queue
[2023-10-10T06:48:19.801+0000] {logging_mixin.py:151} INFO - [2023-10-10T06:48:19.801+0000] {dagbag.py:539} INFO - Filling up the DagBag from /home/airflow/.local/lib/python3.8/site-packages/airflow/example_dags/example_short_circuit_operator.py
[2023-10-10T06:48:19.806+0000] {processor.py:839} INFO - DAG(s) dict_keys(['example_short_circuit_operator']) retrieved from /home/airflow/.local/lib/python3.8/site-packages/airflow/example_dags/example_short_circuit_operator.py
[2023-10-10T06:48:19.820+0000] {logging_mixin.py:151} INFO - [2023-10-10T06:48:19.820+0000] {dag.py:2915} INFO - Sync 1 DAGs
[2023-10-10T06:48:19.831+0000] {logging_mixin.py:151} INFO - [2023-10-10T06:48:19.831+0000] {dag.py:3696} INFO - Setting next_dagrun for example_short_circuit_operator to 2023-10-09T06:48:19.831621+00:00, run_after=2023-10-10T06:48:19.831621+00:00
[2023-10-10T06:48:19.842+0000] {processor.py:179} INFO - Processing /home/airflow/.local/lib/python3.8/site-packages/airflow/example_dags/example_short_circuit_operator.py took 0.045 seconds
[2023-10-10T06:48:49.997+0000] {processor.py:157} INFO - Started process (PID=272) to work on /home/airflow/.local/lib/python3.8/site-packages/airflow/example_dags/example_short_circuit_operator.py
[2023-10-10T06:48:49.998+0000] {processor.py:829} INFO - Processing file /home/airflow/.local/lib/python3.8/site-packages/airflow/example_dags/example_short_circuit_operator.py for tasks to queue
[2023-10-10T06:48:49.999+0000] {logging_mixin.py:151} INFO - [2023-10-10T06:48:49.999+0000] {dagbag.py:539} INFO - Filling up the DagBag from /home/airflow/.local/lib/python3.8/site-packages/airflow/example_dags/example_short_circuit_operator.py
[2023-10-10T06:48:50.004+0000] {processor.py:839} INFO - DAG(s) dict_keys(['example_short_circuit_operator']) retrieved from /home/airflow/.local/lib/python3.8/site-packages/airflow/example_dags/example_short_circuit_operator.py
[2023-10-10T06:48:50.018+0000] {logging_mixin.py:151} INFO - [2023-10-10T06:48:50.018+0000] {dag.py:2915} INFO - Sync 1 DAGs
[2023-10-10T06:48:50.031+0000] {logging_mixin.py:151} INFO - [2023-10-10T06:48:50.031+0000] {dag.py:3696} INFO - Setting next_dagrun for example_short_circuit_operator to 2023-10-09T06:48:50.031546+00:00, run_after=2023-10-10T06:48:50.031546+00:00
[2023-10-10T06:48:50.041+0000] {processor.py:179} INFO - Processing /home/airflow/.local/lib/python3.8/site-packages/airflow/example_dags/example_short_circuit_operator.py took 0.047 seconds
[2023-10-10T06:49:20.223+0000] {processor.py:157} INFO - Started process (PID=328) to work on /home/airflow/.local/lib/python3.8/site-packages/airflow/example_dags/example_short_circuit_operator.py
[2023-10-10T06:49:20.224+0000] {processor.py:829} INFO - Processing file /home/airflow/.local/lib/python3.8/site-packages/airflow/example_dags/example_short_circuit_operator.py for tasks to queue
[2023-10-10T06:49:20.226+0000] {logging_mixin.py:151} INFO - [2023-10-10T06:49:20.225+0000] {dagbag.py:539} INFO - Filling up the DagBag from /home/airflow/.local/lib/python3.8/site-packages/airflow/example_dags/example_short_circuit_operator.py
[2023-10-10T06:49:20.230+0000] {processor.py:839} INFO - DAG(s) dict_keys(['example_short_circuit_operator']) retrieved from /home/airflow/.local/lib/python3.8/site-packages/airflow/example_dags/example_short_circuit_operator.py
[2023-10-10T06:49:20.249+0000] {logging_mixin.py:151} INFO - [2023-10-10T06:49:20.249+0000] {dag.py:2915} INFO - Sync 1 DAGs
[2023-10-10T06:49:20.262+0000] {logging_mixin.py:151} INFO - [2023-10-10T06:49:20.262+0000] {dag.py:3696} INFO - Setting next_dagrun for example_short_circuit_operator to 2023-10-09T06:49:20.261977+00:00, run_after=2023-10-10T06:49:20.261977+00:00
[2023-10-10T06:49:20.273+0000] {processor.py:179} INFO - Processing /home/airflow/.local/lib/python3.8/site-packages/airflow/example_dags/example_short_circuit_operator.py took 0.052 seconds
[2023-10-10T06:49:50.367+0000] {processor.py:157} INFO - Started process (PID=384) to work on /home/airflow/.local/lib/python3.8/site-packages/airflow/example_dags/example_short_circuit_operator.py
[2023-10-10T06:49:50.368+0000] {processor.py:829} INFO - Processing file /home/airflow/.local/lib/python3.8/site-packages/airflow/example_dags/example_short_circuit_operator.py for tasks to queue
[2023-10-10T06:49:50.370+0000] {logging_mixin.py:151} INFO - [2023-10-10T06:49:50.369+0000] {dagbag.py:539} INFO - Filling up the DagBag from /home/airflow/.local/lib/python3.8/site-packages/airflow/example_dags/example_short_circuit_operator.py
[2023-10-10T06:49:50.374+0000] {processor.py:839} INFO - DAG(s) dict_keys(['example_short_circuit_operator']) retrieved from /home/airflow/.local/lib/python3.8/site-packages/airflow/example_dags/example_short_circuit_operator.py
[2023-10-10T06:49:50.389+0000] {logging_mixin.py:151} INFO - [2023-10-10T06:49:50.389+0000] {dag.py:2915} INFO - Sync 1 DAGs
[2023-10-10T06:49:50.402+0000] {logging_mixin.py:151} INFO - [2023-10-10T06:49:50.402+0000] {dag.py:3696} INFO - Setting next_dagrun for example_short_circuit_operator to 2023-10-09T06:49:50.401874+00:00, run_after=2023-10-10T06:49:50.401874+00:00
[2023-10-10T06:49:50.413+0000] {processor.py:179} INFO - Processing /home/airflow/.local/lib/python3.8/site-packages/airflow/example_dags/example_short_circuit_operator.py took 0.048 seconds
[2023-10-10T06:50:20.659+0000] {processor.py:157} INFO - Started process (PID=440) to work on /home/airflow/.local/lib/python3.8/site-packages/airflow/example_dags/example_short_circuit_operator.py
[2023-10-10T06:50:20.661+0000] {processor.py:829} INFO - Processing file /home/airflow/.local/lib/python3.8/site-packages/airflow/example_dags/example_short_circuit_operator.py for tasks to queue
[2023-10-10T06:50:20.662+0000] {logging_mixin.py:151} INFO - [2023-10-10T06:50:20.662+0000] {dagbag.py:539} INFO - Filling up the DagBag from /home/airflow/.local/lib/python3.8/site-packages/airflow/example_dags/example_short_circuit_operator.py
[2023-10-10T06:50:20.667+0000] {processor.py:839} INFO - DAG(s) dict_keys(['example_short_circuit_operator']) retrieved from /home/airflow/.local/lib/python3.8/site-packages/airflow/example_dags/example_short_circuit_operator.py
[2023-10-10T06:50:20.681+0000] {logging_mixin.py:151} INFO - [2023-10-10T06:50:20.681+0000] {dag.py:2915} INFO - Sync 1 DAGs
[2023-10-10T06:50:20.694+0000] {logging_mixin.py:151} INFO - [2023-10-10T06:50:20.693+0000] {dag.py:3696} INFO - Setting next_dagrun for example_short_circuit_operator to 2023-10-09T06:50:20.693682+00:00, run_after=2023-10-10T06:50:20.693682+00:00
[2023-10-10T06:50:20.705+0000] {processor.py:179} INFO - Processing /home/airflow/.local/lib/python3.8/site-packages/airflow/example_dags/example_short_circuit_operator.py took 0.049 seconds
[2023-10-10T06:50:50.905+0000] {processor.py:157} INFO - Started process (PID=496) to work on /home/airflow/.local/lib/python3.8/site-packages/airflow/example_dags/example_short_circuit_operator.py
[2023-10-10T06:50:50.908+0000] {processor.py:829} INFO - Processing file /home/airflow/.local/lib/python3.8/site-packages/airflow/example_dags/example_short_circuit_operator.py for tasks to queue
[2023-10-10T06:50:50.909+0000] {logging_mixin.py:151} INFO - [2023-10-10T06:50:50.909+0000] {dagbag.py:539} INFO - Filling up the DagBag from /home/airflow/.local/lib/python3.8/site-packages/airflow/example_dags/example_short_circuit_operator.py
[2023-10-10T06:50:50.914+0000] {processor.py:839} INFO - DAG(s) dict_keys(['example_short_circuit_operator']) retrieved from /home/airflow/.local/lib/python3.8/site-packages/airflow/example_dags/example_short_circuit_operator.py
[2023-10-10T06:50:50.932+0000] {logging_mixin.py:151} INFO - [2023-10-10T06:50:50.931+0000] {dag.py:2915} INFO - Sync 1 DAGs
[2023-10-10T06:50:50.946+0000] {logging_mixin.py:151} INFO - [2023-10-10T06:50:50.945+0000] {dag.py:3696} INFO - Setting next_dagrun for example_short_circuit_operator to 2023-10-09T06:50:50.945778+00:00, run_after=2023-10-10T06:50:50.945778+00:00
[2023-10-10T06:50:50.957+0000] {processor.py:179} INFO - Processing /home/airflow/.local/lib/python3.8/site-packages/airflow/example_dags/example_short_circuit_operator.py took 0.054 seconds
[2023-10-10T06:51:21.171+0000] {processor.py:157} INFO - Started process (PID=552) to work on /home/airflow/.local/lib/python3.8/site-packages/airflow/example_dags/example_short_circuit_operator.py
[2023-10-10T06:51:21.172+0000] {processor.py:829} INFO - Processing file /home/airflow/.local/lib/python3.8/site-packages/airflow/example_dags/example_short_circuit_operator.py for tasks to queue
[2023-10-10T06:51:21.173+0000] {logging_mixin.py:151} INFO - [2023-10-10T06:51:21.173+0000] {dagbag.py:539} INFO - Filling up the DagBag from /home/airflow/.local/lib/python3.8/site-packages/airflow/example_dags/example_short_circuit_operator.py
[2023-10-10T06:51:21.178+0000] {processor.py:839} INFO - DAG(s) dict_keys(['example_short_circuit_operator']) retrieved from /home/airflow/.local/lib/python3.8/site-packages/airflow/example_dags/example_short_circuit_operator.py
[2023-10-10T06:51:21.195+0000] {logging_mixin.py:151} INFO - [2023-10-10T06:51:21.194+0000] {dag.py:2915} INFO - Sync 1 DAGs
[2023-10-10T06:51:21.206+0000] {logging_mixin.py:151} INFO - [2023-10-10T06:51:21.206+0000] {dag.py:3696} INFO - Setting next_dagrun for example_short_circuit_operator to 2023-10-09T06:51:21.206391+00:00, run_after=2023-10-10T06:51:21.206391+00:00
[2023-10-10T06:51:21.224+0000] {processor.py:179} INFO - Processing /home/airflow/.local/lib/python3.8/site-packages/airflow/example_dags/example_short_circuit_operator.py took 0.056 seconds
[2023-10-10T06:51:51.491+0000] {processor.py:157} INFO - Started process (PID=608) to work on /home/airflow/.local/lib/python3.8/site-packages/airflow/example_dags/example_short_circuit_operator.py
[2023-10-10T06:51:51.492+0000] {processor.py:829} INFO - Processing file /home/airflow/.local/lib/python3.8/site-packages/airflow/example_dags/example_short_circuit_operator.py for tasks to queue
[2023-10-10T06:51:51.494+0000] {logging_mixin.py:151} INFO - [2023-10-10T06:51:51.494+0000] {dagbag.py:539} INFO - Filling up the DagBag from /home/airflow/.local/lib/python3.8/site-packages/airflow/example_dags/example_short_circuit_operator.py
[2023-10-10T06:51:51.499+0000] {processor.py:839} INFO - DAG(s) dict_keys(['example_short_circuit_operator']) retrieved from /home/airflow/.local/lib/python3.8/site-packages/airflow/example_dags/example_short_circuit_operator.py
[2023-10-10T06:51:51.512+0000] {logging_mixin.py:151} INFO - [2023-10-10T06:51:51.512+0000] {dag.py:2915} INFO - Sync 1 DAGs
[2023-10-10T06:51:51.523+0000] {logging_mixin.py:151} INFO - [2023-10-10T06:51:51.522+0000] {dag.py:3696} INFO - Setting next_dagrun for example_short_circuit_operator to 2023-10-09T06:51:51.522779+00:00, run_after=2023-10-10T06:51:51.522779+00:00
[2023-10-10T06:51:51.532+0000] {processor.py:179} INFO - Processing /home/airflow/.local/lib/python3.8/site-packages/airflow/example_dags/example_short_circuit_operator.py took 0.043 seconds
[2023-10-10T06:52:21.762+0000] {processor.py:157} INFO - Started process (PID=664) to work on /home/airflow/.local/lib/python3.8/site-packages/airflow/example_dags/example_short_circuit_operator.py
[2023-10-10T06:52:21.764+0000] {processor.py:829} INFO - Processing file /home/airflow/.local/lib/python3.8/site-packages/airflow/example_dags/example_short_circuit_operator.py for tasks to queue
[2023-10-10T06:52:21.765+0000] {logging_mixin.py:151} INFO - [2023-10-10T06:52:21.765+0000] {dagbag.py:539} INFO - Filling up the DagBag from /home/airflow/.local/lib/python3.8/site-packages/airflow/example_dags/example_short_circuit_operator.py
[2023-10-10T06:52:21.770+0000] {processor.py:839} INFO - DAG(s) dict_keys(['example_short_circuit_operator']) retrieved from /home/airflow/.local/lib/python3.8/site-packages/airflow/example_dags/example_short_circuit_operator.py
[2023-10-10T06:52:21.783+0000] {logging_mixin.py:151} INFO - [2023-10-10T06:52:21.783+0000] {dag.py:2915} INFO - Sync 1 DAGs
[2023-10-10T06:52:21.794+0000] {logging_mixin.py:151} INFO - [2023-10-10T06:52:21.794+0000] {dag.py:3696} INFO - Setting next_dagrun for example_short_circuit_operator to 2023-10-09T06:52:21.794300+00:00, run_after=2023-10-10T06:52:21.794300+00:00
[2023-10-10T06:52:21.804+0000] {processor.py:179} INFO - Processing /home/airflow/.local/lib/python3.8/site-packages/airflow/example_dags/example_short_circuit_operator.py took 0.044 seconds
[2023-10-10T06:52:51.943+0000] {processor.py:157} INFO - Started process (PID=720) to work on /home/airflow/.local/lib/python3.8/site-packages/airflow/example_dags/example_short_circuit_operator.py
[2023-10-10T06:52:51.944+0000] {processor.py:829} INFO - Processing file /home/airflow/.local/lib/python3.8/site-packages/airflow/example_dags/example_short_circuit_operator.py for tasks to queue
[2023-10-10T06:52:51.946+0000] {logging_mixin.py:151} INFO - [2023-10-10T06:52:51.945+0000] {dagbag.py:539} INFO - Filling up the DagBag from /home/airflow/.local/lib/python3.8/site-packages/airflow/example_dags/example_short_circuit_operator.py
[2023-10-10T06:52:51.950+0000] {processor.py:839} INFO - DAG(s) dict_keys(['example_short_circuit_operator']) retrieved from /home/airflow/.local/lib/python3.8/site-packages/airflow/example_dags/example_short_circuit_operator.py
[2023-10-10T06:52:51.964+0000] {logging_mixin.py:151} INFO - [2023-10-10T06:52:51.964+0000] {dag.py:2915} INFO - Sync 1 DAGs
[2023-10-10T06:52:51.975+0000] {logging_mixin.py:151} INFO - [2023-10-10T06:52:51.975+0000] {dag.py:3696} INFO - Setting next_dagrun for example_short_circuit_operator to 2023-10-09T06:52:51.975149+00:00, run_after=2023-10-10T06:52:51.975149+00:00
[2023-10-10T06:52:51.983+0000] {processor.py:179} INFO - Processing /home/airflow/.local/lib/python3.8/site-packages/airflow/example_dags/example_short_circuit_operator.py took 0.042 seconds
[2023-10-10T06:53:22.311+0000] {processor.py:157} INFO - Started process (PID=776) to work on /home/airflow/.local/lib/python3.8/site-packages/airflow/example_dags/example_short_circuit_operator.py
[2023-10-10T06:53:22.312+0000] {processor.py:829} INFO - Processing file /home/airflow/.local/lib/python3.8/site-packages/airflow/example_dags/example_short_circuit_operator.py for tasks to queue
[2023-10-10T06:53:22.314+0000] {logging_mixin.py:151} INFO - [2023-10-10T06:53:22.314+0000] {dagbag.py:539} INFO - Filling up the DagBag from /home/airflow/.local/lib/python3.8/site-packages/airflow/example_dags/example_short_circuit_operator.py
[2023-10-10T06:53:22.318+0000] {processor.py:839} INFO - DAG(s) dict_keys(['example_short_circuit_operator']) retrieved from /home/airflow/.local/lib/python3.8/site-packages/airflow/example_dags/example_short_circuit_operator.py
[2023-10-10T06:53:22.332+0000] {logging_mixin.py:151} INFO - [2023-10-10T06:53:22.332+0000] {dag.py:2915} INFO - Sync 1 DAGs
[2023-10-10T06:53:22.344+0000] {logging_mixin.py:151} INFO - [2023-10-10T06:53:22.344+0000] {dag.py:3696} INFO - Setting next_dagrun for example_short_circuit_operator to 2023-10-09T06:53:22.344436+00:00, run_after=2023-10-10T06:53:22.344436+00:00
[2023-10-10T06:53:22.354+0000] {processor.py:179} INFO - Processing /home/airflow/.local/lib/python3.8/site-packages/airflow/example_dags/example_short_circuit_operator.py took 0.045 seconds
[2023-10-10T06:53:52.556+0000] {processor.py:157} INFO - Started process (PID=832) to work on /home/airflow/.local/lib/python3.8/site-packages/airflow/example_dags/example_short_circuit_operator.py
[2023-10-10T06:53:52.557+0000] {processor.py:829} INFO - Processing file /home/airflow/.local/lib/python3.8/site-packages/airflow/example_dags/example_short_circuit_operator.py for tasks to queue
[2023-10-10T06:53:52.559+0000] {logging_mixin.py:151} INFO - [2023-10-10T06:53:52.559+0000] {dagbag.py:539} INFO - Filling up the DagBag from /home/airflow/.local/lib/python3.8/site-packages/airflow/example_dags/example_short_circuit_operator.py
[2023-10-10T06:53:52.564+0000] {processor.py:839} INFO - DAG(s) dict_keys(['example_short_circuit_operator']) retrieved from /home/airflow/.local/lib/python3.8/site-packages/airflow/example_dags/example_short_circuit_operator.py
[2023-10-10T06:53:52.581+0000] {logging_mixin.py:151} INFO - [2023-10-10T06:53:52.580+0000] {dag.py:2915} INFO - Sync 1 DAGs
[2023-10-10T06:53:52.593+0000] {logging_mixin.py:151} INFO - [2023-10-10T06:53:52.593+0000] {dag.py:3696} INFO - Setting next_dagrun for example_short_circuit_operator to 2023-10-09T06:53:52.593219+00:00, run_after=2023-10-10T06:53:52.593219+00:00
[2023-10-10T06:53:52.605+0000] {processor.py:179} INFO - Processing /home/airflow/.local/lib/python3.8/site-packages/airflow/example_dags/example_short_circuit_operator.py took 0.051 seconds
[2023-10-10T06:54:22.728+0000] {processor.py:157} INFO - Started process (PID=888) to work on /home/airflow/.local/lib/python3.8/site-packages/airflow/example_dags/example_short_circuit_operator.py
[2023-10-10T06:54:22.729+0000] {processor.py:829} INFO - Processing file /home/airflow/.local/lib/python3.8/site-packages/airflow/example_dags/example_short_circuit_operator.py for tasks to queue
[2023-10-10T06:54:22.730+0000] {logging_mixin.py:151} INFO - [2023-10-10T06:54:22.730+0000] {dagbag.py:539} INFO - Filling up the DagBag from /home/airflow/.local/lib/python3.8/site-packages/airflow/example_dags/example_short_circuit_operator.py
[2023-10-10T06:54:22.735+0000] {processor.py:839} INFO - DAG(s) dict_keys(['example_short_circuit_operator']) retrieved from /home/airflow/.local/lib/python3.8/site-packages/airflow/example_dags/example_short_circuit_operator.py
[2023-10-10T06:54:22.749+0000] {logging_mixin.py:151} INFO - [2023-10-10T06:54:22.748+0000] {dag.py:2915} INFO - Sync 1 DAGs
[2023-10-10T06:54:22.761+0000] {logging_mixin.py:151} INFO - [2023-10-10T06:54:22.760+0000] {dag.py:3696} INFO - Setting next_dagrun for example_short_circuit_operator to 2023-10-09T06:54:22.760815+00:00, run_after=2023-10-10T06:54:22.760815+00:00
[2023-10-10T06:54:22.771+0000] {processor.py:179} INFO - Processing /home/airflow/.local/lib/python3.8/site-packages/airflow/example_dags/example_short_circuit_operator.py took 0.045 seconds
[2023-10-10T06:54:53.010+0000] {processor.py:157} INFO - Started process (PID=944) to work on /home/airflow/.local/lib/python3.8/site-packages/airflow/example_dags/example_short_circuit_operator.py
[2023-10-10T06:54:53.011+0000] {processor.py:829} INFO - Processing file /home/airflow/.local/lib/python3.8/site-packages/airflow/example_dags/example_short_circuit_operator.py for tasks to queue
[2023-10-10T06:54:53.012+0000] {logging_mixin.py:151} INFO - [2023-10-10T06:54:53.012+0000] {dagbag.py:539} INFO - Filling up the DagBag from /home/airflow/.local/lib/python3.8/site-packages/airflow/example_dags/example_short_circuit_operator.py
[2023-10-10T06:54:53.017+0000] {processor.py:839} INFO - DAG(s) dict_keys(['example_short_circuit_operator']) retrieved from /home/airflow/.local/lib/python3.8/site-packages/airflow/example_dags/example_short_circuit_operator.py
[2023-10-10T06:54:53.030+0000] {logging_mixin.py:151} INFO - [2023-10-10T06:54:53.030+0000] {dag.py:2915} INFO - Sync 1 DAGs
[2023-10-10T06:54:53.042+0000] {logging_mixin.py:151} INFO - [2023-10-10T06:54:53.042+0000] {dag.py:3696} INFO - Setting next_dagrun for example_short_circuit_operator to 2023-10-09T06:54:53.042422+00:00, run_after=2023-10-10T06:54:53.042422+00:00
[2023-10-10T06:54:53.050+0000] {processor.py:179} INFO - Processing /home/airflow/.local/lib/python3.8/site-packages/airflow/example_dags/example_short_circuit_operator.py took 0.042 seconds
[2023-10-10T06:55:23.126+0000] {processor.py:157} INFO - Started process (PID=1000) to work on /home/airflow/.local/lib/python3.8/site-packages/airflow/example_dags/example_short_circuit_operator.py
[2023-10-10T06:55:23.127+0000] {processor.py:829} INFO - Processing file /home/airflow/.local/lib/python3.8/site-packages/airflow/example_dags/example_short_circuit_operator.py for tasks to queue
[2023-10-10T06:55:23.130+0000] {logging_mixin.py:151} INFO - [2023-10-10T06:55:23.129+0000] {dagbag.py:539} INFO - Filling up the DagBag from /home/airflow/.local/lib/python3.8/site-packages/airflow/example_dags/example_short_circuit_operator.py
[2023-10-10T06:55:23.135+0000] {processor.py:839} INFO - DAG(s) dict_keys(['example_short_circuit_operator']) retrieved from /home/airflow/.local/lib/python3.8/site-packages/airflow/example_dags/example_short_circuit_operator.py
[2023-10-10T06:55:23.152+0000] {logging_mixin.py:151} INFO - [2023-10-10T06:55:23.152+0000] {dag.py:2915} INFO - Sync 1 DAGs
[2023-10-10T06:55:23.164+0000] {logging_mixin.py:151} INFO - [2023-10-10T06:55:23.164+0000] {dag.py:3696} INFO - Setting next_dagrun for example_short_circuit_operator to 2023-10-09T06:55:23.164633+00:00, run_after=2023-10-10T06:55:23.164633+00:00
[2023-10-10T06:55:23.174+0000] {processor.py:179} INFO - Processing /home/airflow/.local/lib/python3.8/site-packages/airflow/example_dags/example_short_circuit_operator.py took 0.051 seconds
[2023-10-10T06:55:53.337+0000] {processor.py:157} INFO - Started process (PID=1056) to work on /home/airflow/.local/lib/python3.8/site-packages/airflow/example_dags/example_short_circuit_operator.py
[2023-10-10T06:55:53.337+0000] {processor.py:829} INFO - Processing file /home/airflow/.local/lib/python3.8/site-packages/airflow/example_dags/example_short_circuit_operator.py for tasks to queue
[2023-10-10T06:55:53.339+0000] {logging_mixin.py:151} INFO - [2023-10-10T06:55:53.339+0000] {dagbag.py:539} INFO - Filling up the DagBag from /home/airflow/.local/lib/python3.8/site-packages/airflow/example_dags/example_short_circuit_operator.py
[2023-10-10T06:55:53.343+0000] {processor.py:839} INFO - DAG(s) dict_keys(['example_short_circuit_operator']) retrieved from /home/airflow/.local/lib/python3.8/site-packages/airflow/example_dags/example_short_circuit_operator.py
[2023-10-10T06:55:53.356+0000] {logging_mixin.py:151} INFO - [2023-10-10T06:55:53.356+0000] {dag.py:2915} INFO - Sync 1 DAGs
[2023-10-10T06:55:53.368+0000] {logging_mixin.py:151} INFO - [2023-10-10T06:55:53.368+0000] {dag.py:3696} INFO - Setting next_dagrun for example_short_circuit_operator to 2023-10-09T06:55:53.368098+00:00, run_after=2023-10-10T06:55:53.368098+00:00
[2023-10-10T06:55:53.377+0000] {processor.py:179} INFO - Processing /home/airflow/.local/lib/python3.8/site-packages/airflow/example_dags/example_short_circuit_operator.py took 0.042 seconds
[2023-10-10T06:56:23.642+0000] {processor.py:157} INFO - Started process (PID=1112) to work on /home/airflow/.local/lib/python3.8/site-packages/airflow/example_dags/example_short_circuit_operator.py
[2023-10-10T06:56:23.643+0000] {processor.py:829} INFO - Processing file /home/airflow/.local/lib/python3.8/site-packages/airflow/example_dags/example_short_circuit_operator.py for tasks to queue
[2023-10-10T06:56:23.644+0000] {logging_mixin.py:151} INFO - [2023-10-10T06:56:23.644+0000] {dagbag.py:539} INFO - Filling up the DagBag from /home/airflow/.local/lib/python3.8/site-packages/airflow/example_dags/example_short_circuit_operator.py
[2023-10-10T06:56:23.649+0000] {processor.py:839} INFO - DAG(s) dict_keys(['example_short_circuit_operator']) retrieved from /home/airflow/.local/lib/python3.8/site-packages/airflow/example_dags/example_short_circuit_operator.py
[2023-10-10T06:56:23.665+0000] {logging_mixin.py:151} INFO - [2023-10-10T06:56:23.664+0000] {dag.py:2915} INFO - Sync 1 DAGs
[2023-10-10T06:56:23.676+0000] {logging_mixin.py:151} INFO - [2023-10-10T06:56:23.676+0000] {dag.py:3696} INFO - Setting next_dagrun for example_short_circuit_operator to 2023-10-09T06:56:23.676218+00:00, run_after=2023-10-10T06:56:23.676218+00:00
[2023-10-10T06:56:23.685+0000] {processor.py:179} INFO - Processing /home/airflow/.local/lib/python3.8/site-packages/airflow/example_dags/example_short_circuit_operator.py took 0.045 seconds
[2023-10-10T17:17:51.666+0000] {processor.py:157} INFO - Started process (PID=49) to work on /home/airflow/.local/lib/python3.8/site-packages/airflow/example_dags/example_short_circuit_operator.py
[2023-10-10T17:17:51.667+0000] {processor.py:829} INFO - Processing file /home/airflow/.local/lib/python3.8/site-packages/airflow/example_dags/example_short_circuit_operator.py for tasks to queue
[2023-10-10T17:17:51.668+0000] {logging_mixin.py:151} INFO - [2023-10-10T17:17:51.668+0000] {dagbag.py:539} INFO - Filling up the DagBag from /home/airflow/.local/lib/python3.8/site-packages/airflow/example_dags/example_short_circuit_operator.py
[2023-10-10T17:17:51.676+0000] {processor.py:839} INFO - DAG(s) dict_keys(['example_short_circuit_operator']) retrieved from /home/airflow/.local/lib/python3.8/site-packages/airflow/example_dags/example_short_circuit_operator.py
[2023-10-10T17:17:51.685+0000] {logging_mixin.py:151} INFO - [2023-10-10T17:17:51.685+0000] {dag.py:2915} INFO - Sync 1 DAGs
[2023-10-10T17:17:51.698+0000] {logging_mixin.py:151} INFO - [2023-10-10T17:17:51.698+0000] {dag.py:3696} INFO - Setting next_dagrun for example_short_circuit_operator to 2023-10-09T17:17:51.698498+00:00, run_after=2023-10-10T17:17:51.698498+00:00
[2023-10-10T17:17:51.709+0000] {processor.py:179} INFO - Processing /home/airflow/.local/lib/python3.8/site-packages/airflow/example_dags/example_short_circuit_operator.py took 0.046 seconds
[2023-10-10T17:18:22.696+0000] {processor.py:157} INFO - Started process (PID=105) to work on /home/airflow/.local/lib/python3.8/site-packages/airflow/example_dags/example_short_circuit_operator.py
[2023-10-10T17:18:22.697+0000] {processor.py:829} INFO - Processing file /home/airflow/.local/lib/python3.8/site-packages/airflow/example_dags/example_short_circuit_operator.py for tasks to queue
[2023-10-10T17:18:22.699+0000] {logging_mixin.py:151} INFO - [2023-10-10T17:18:22.699+0000] {dagbag.py:539} INFO - Filling up the DagBag from /home/airflow/.local/lib/python3.8/site-packages/airflow/example_dags/example_short_circuit_operator.py
[2023-10-10T17:18:22.705+0000] {processor.py:839} INFO - DAG(s) dict_keys(['example_short_circuit_operator']) retrieved from /home/airflow/.local/lib/python3.8/site-packages/airflow/example_dags/example_short_circuit_operator.py
[2023-10-10T17:18:22.723+0000] {logging_mixin.py:151} INFO - [2023-10-10T17:18:22.722+0000] {dag.py:2915} INFO - Sync 1 DAGs
[2023-10-10T17:18:22.735+0000] {logging_mixin.py:151} INFO - [2023-10-10T17:18:22.735+0000] {dag.py:3696} INFO - Setting next_dagrun for example_short_circuit_operator to 2023-10-09T17:18:22.735036+00:00, run_after=2023-10-10T17:18:22.735036+00:00
[2023-10-10T17:18:22.745+0000] {processor.py:179} INFO - Processing /home/airflow/.local/lib/python3.8/site-packages/airflow/example_dags/example_short_circuit_operator.py took 0.052 seconds
[2023-10-10T17:18:53.624+0000] {processor.py:157} INFO - Started process (PID=161) to work on /home/airflow/.local/lib/python3.8/site-packages/airflow/example_dags/example_short_circuit_operator.py
[2023-10-10T17:18:53.626+0000] {processor.py:829} INFO - Processing file /home/airflow/.local/lib/python3.8/site-packages/airflow/example_dags/example_short_circuit_operator.py for tasks to queue
[2023-10-10T17:18:53.629+0000] {logging_mixin.py:151} INFO - [2023-10-10T17:18:53.629+0000] {dagbag.py:539} INFO - Filling up the DagBag from /home/airflow/.local/lib/python3.8/site-packages/airflow/example_dags/example_short_circuit_operator.py
[2023-10-10T17:18:53.637+0000] {processor.py:839} INFO - DAG(s) dict_keys(['example_short_circuit_operator']) retrieved from /home/airflow/.local/lib/python3.8/site-packages/airflow/example_dags/example_short_circuit_operator.py
[2023-10-10T17:18:53.654+0000] {logging_mixin.py:151} INFO - [2023-10-10T17:18:53.654+0000] {dag.py:2915} INFO - Sync 1 DAGs
[2023-10-10T17:18:53.667+0000] {logging_mixin.py:151} INFO - [2023-10-10T17:18:53.667+0000] {dag.py:3696} INFO - Setting next_dagrun for example_short_circuit_operator to 2023-10-09T17:18:53.667470+00:00, run_after=2023-10-10T17:18:53.667470+00:00
[2023-10-10T17:18:53.676+0000] {processor.py:179} INFO - Processing /home/airflow/.local/lib/python3.8/site-packages/airflow/example_dags/example_short_circuit_operator.py took 0.056 seconds
[2023-10-10T17:19:23.719+0000] {processor.py:157} INFO - Started process (PID=216) to work on /home/airflow/.local/lib/python3.8/site-packages/airflow/example_dags/example_short_circuit_operator.py
[2023-10-10T17:19:23.720+0000] {processor.py:829} INFO - Processing file /home/airflow/.local/lib/python3.8/site-packages/airflow/example_dags/example_short_circuit_operator.py for tasks to queue
[2023-10-10T17:19:23.723+0000] {logging_mixin.py:151} INFO - [2023-10-10T17:19:23.723+0000] {dagbag.py:539} INFO - Filling up the DagBag from /home/airflow/.local/lib/python3.8/site-packages/airflow/example_dags/example_short_circuit_operator.py
[2023-10-10T17:19:23.729+0000] {processor.py:839} INFO - DAG(s) dict_keys(['example_short_circuit_operator']) retrieved from /home/airflow/.local/lib/python3.8/site-packages/airflow/example_dags/example_short_circuit_operator.py
[2023-10-10T17:19:23.745+0000] {logging_mixin.py:151} INFO - [2023-10-10T17:19:23.745+0000] {dag.py:2915} INFO - Sync 1 DAGs
[2023-10-10T17:19:23.757+0000] {logging_mixin.py:151} INFO - [2023-10-10T17:19:23.757+0000] {dag.py:3696} INFO - Setting next_dagrun for example_short_circuit_operator to 2023-10-09T17:19:23.757520+00:00, run_after=2023-10-10T17:19:23.757520+00:00
[2023-10-10T17:19:23.766+0000] {processor.py:179} INFO - Processing /home/airflow/.local/lib/python3.8/site-packages/airflow/example_dags/example_short_circuit_operator.py took 0.051 seconds
[2023-10-10T17:19:53.894+0000] {processor.py:157} INFO - Started process (PID=272) to work on /home/airflow/.local/lib/python3.8/site-packages/airflow/example_dags/example_short_circuit_operator.py
[2023-10-10T17:19:53.896+0000] {processor.py:829} INFO - Processing file /home/airflow/.local/lib/python3.8/site-packages/airflow/example_dags/example_short_circuit_operator.py for tasks to queue
[2023-10-10T17:19:53.899+0000] {logging_mixin.py:151} INFO - [2023-10-10T17:19:53.899+0000] {dagbag.py:539} INFO - Filling up the DagBag from /home/airflow/.local/lib/python3.8/site-packages/airflow/example_dags/example_short_circuit_operator.py
[2023-10-10T17:19:53.908+0000] {processor.py:839} INFO - DAG(s) dict_keys(['example_short_circuit_operator']) retrieved from /home/airflow/.local/lib/python3.8/site-packages/airflow/example_dags/example_short_circuit_operator.py
[2023-10-10T17:19:53.927+0000] {logging_mixin.py:151} INFO - [2023-10-10T17:19:53.927+0000] {dag.py:2915} INFO - Sync 1 DAGs
[2023-10-10T17:19:53.940+0000] {logging_mixin.py:151} INFO - [2023-10-10T17:19:53.940+0000] {dag.py:3696} INFO - Setting next_dagrun for example_short_circuit_operator to 2023-10-09T17:19:53.940392+00:00, run_after=2023-10-10T17:19:53.940392+00:00
[2023-10-10T17:19:53.949+0000] {processor.py:179} INFO - Processing /home/airflow/.local/lib/python3.8/site-packages/airflow/example_dags/example_short_circuit_operator.py took 0.062 seconds
[2023-10-10T17:20:24.037+0000] {processor.py:157} INFO - Started process (PID=328) to work on /home/airflow/.local/lib/python3.8/site-packages/airflow/example_dags/example_short_circuit_operator.py
[2023-10-10T17:20:24.039+0000] {processor.py:829} INFO - Processing file /home/airflow/.local/lib/python3.8/site-packages/airflow/example_dags/example_short_circuit_operator.py for tasks to queue
[2023-10-10T17:20:24.042+0000] {logging_mixin.py:151} INFO - [2023-10-10T17:20:24.042+0000] {dagbag.py:539} INFO - Filling up the DagBag from /home/airflow/.local/lib/python3.8/site-packages/airflow/example_dags/example_short_circuit_operator.py
[2023-10-10T17:20:24.052+0000] {processor.py:839} INFO - DAG(s) dict_keys(['example_short_circuit_operator']) retrieved from /home/airflow/.local/lib/python3.8/site-packages/airflow/example_dags/example_short_circuit_operator.py
[2023-10-10T17:20:24.070+0000] {logging_mixin.py:151} INFO - [2023-10-10T17:20:24.070+0000] {dag.py:2915} INFO - Sync 1 DAGs
[2023-10-10T17:20:24.083+0000] {logging_mixin.py:151} INFO - [2023-10-10T17:20:24.083+0000] {dag.py:3696} INFO - Setting next_dagrun for example_short_circuit_operator to 2023-10-09T17:20:24.082945+00:00, run_after=2023-10-10T17:20:24.082945+00:00
[2023-10-10T17:20:24.094+0000] {processor.py:179} INFO - Processing /home/airflow/.local/lib/python3.8/site-packages/airflow/example_dags/example_short_circuit_operator.py took 0.063 seconds
[2023-10-10T17:20:54.143+0000] {processor.py:157} INFO - Started process (PID=384) to work on /home/airflow/.local/lib/python3.8/site-packages/airflow/example_dags/example_short_circuit_operator.py
[2023-10-10T17:20:54.145+0000] {processor.py:829} INFO - Processing file /home/airflow/.local/lib/python3.8/site-packages/airflow/example_dags/example_short_circuit_operator.py for tasks to queue
[2023-10-10T17:20:54.149+0000] {logging_mixin.py:151} INFO - [2023-10-10T17:20:54.148+0000] {dagbag.py:539} INFO - Filling up the DagBag from /home/airflow/.local/lib/python3.8/site-packages/airflow/example_dags/example_short_circuit_operator.py
[2023-10-10T17:20:54.157+0000] {processor.py:839} INFO - DAG(s) dict_keys(['example_short_circuit_operator']) retrieved from /home/airflow/.local/lib/python3.8/site-packages/airflow/example_dags/example_short_circuit_operator.py
[2023-10-10T17:20:54.176+0000] {logging_mixin.py:151} INFO - [2023-10-10T17:20:54.175+0000] {dag.py:2915} INFO - Sync 1 DAGs
[2023-10-10T17:20:54.189+0000] {logging_mixin.py:151} INFO - [2023-10-10T17:20:54.188+0000] {dag.py:3696} INFO - Setting next_dagrun for example_short_circuit_operator to 2023-10-09T17:20:54.188775+00:00, run_after=2023-10-10T17:20:54.188775+00:00
[2023-10-10T17:20:54.198+0000] {processor.py:179} INFO - Processing /home/airflow/.local/lib/python3.8/site-packages/airflow/example_dags/example_short_circuit_operator.py took 0.061 seconds
[2023-10-10T17:21:24.328+0000] {processor.py:157} INFO - Started process (PID=440) to work on /home/airflow/.local/lib/python3.8/site-packages/airflow/example_dags/example_short_circuit_operator.py
[2023-10-10T17:21:24.330+0000] {processor.py:829} INFO - Processing file /home/airflow/.local/lib/python3.8/site-packages/airflow/example_dags/example_short_circuit_operator.py for tasks to queue
[2023-10-10T17:21:24.334+0000] {logging_mixin.py:151} INFO - [2023-10-10T17:21:24.334+0000] {dagbag.py:539} INFO - Filling up the DagBag from /home/airflow/.local/lib/python3.8/site-packages/airflow/example_dags/example_short_circuit_operator.py
[2023-10-10T17:21:24.344+0000] {processor.py:839} INFO - DAG(s) dict_keys(['example_short_circuit_operator']) retrieved from /home/airflow/.local/lib/python3.8/site-packages/airflow/example_dags/example_short_circuit_operator.py
[2023-10-10T17:21:24.365+0000] {logging_mixin.py:151} INFO - [2023-10-10T17:21:24.365+0000] {dag.py:2915} INFO - Sync 1 DAGs
[2023-10-10T17:21:24.378+0000] {logging_mixin.py:151} INFO - [2023-10-10T17:21:24.378+0000] {dag.py:3696} INFO - Setting next_dagrun for example_short_circuit_operator to 2023-10-09T17:21:24.377862+00:00, run_after=2023-10-10T17:21:24.377862+00:00
[2023-10-10T17:21:24.387+0000] {processor.py:179} INFO - Processing /home/airflow/.local/lib/python3.8/site-packages/airflow/example_dags/example_short_circuit_operator.py took 0.065 seconds
[2023-10-10T17:21:54.418+0000] {processor.py:157} INFO - Started process (PID=496) to work on /home/airflow/.local/lib/python3.8/site-packages/airflow/example_dags/example_short_circuit_operator.py
[2023-10-10T17:21:54.419+0000] {processor.py:829} INFO - Processing file /home/airflow/.local/lib/python3.8/site-packages/airflow/example_dags/example_short_circuit_operator.py for tasks to queue
[2023-10-10T17:21:54.421+0000] {logging_mixin.py:151} INFO - [2023-10-10T17:21:54.421+0000] {dagbag.py:539} INFO - Filling up the DagBag from /home/airflow/.local/lib/python3.8/site-packages/airflow/example_dags/example_short_circuit_operator.py
[2023-10-10T17:21:54.427+0000] {processor.py:839} INFO - DAG(s) dict_keys(['example_short_circuit_operator']) retrieved from /home/airflow/.local/lib/python3.8/site-packages/airflow/example_dags/example_short_circuit_operator.py
[2023-10-10T17:21:54.443+0000] {logging_mixin.py:151} INFO - [2023-10-10T17:21:54.443+0000] {dag.py:2915} INFO - Sync 1 DAGs
[2023-10-10T17:21:54.454+0000] {logging_mixin.py:151} INFO - [2023-10-10T17:21:54.454+0000] {dag.py:3696} INFO - Setting next_dagrun for example_short_circuit_operator to 2023-10-09T17:21:54.454589+00:00, run_after=2023-10-10T17:21:54.454589+00:00
[2023-10-10T17:21:54.463+0000] {processor.py:179} INFO - Processing /home/airflow/.local/lib/python3.8/site-packages/airflow/example_dags/example_short_circuit_operator.py took 0.051 seconds
[2023-10-10T17:22:24.624+0000] {processor.py:157} INFO - Started process (PID=552) to work on /home/airflow/.local/lib/python3.8/site-packages/airflow/example_dags/example_short_circuit_operator.py
[2023-10-10T17:22:24.625+0000] {processor.py:829} INFO - Processing file /home/airflow/.local/lib/python3.8/site-packages/airflow/example_dags/example_short_circuit_operator.py for tasks to queue
[2023-10-10T17:22:24.627+0000] {logging_mixin.py:151} INFO - [2023-10-10T17:22:24.627+0000] {dagbag.py:539} INFO - Filling up the DagBag from /home/airflow/.local/lib/python3.8/site-packages/airflow/example_dags/example_short_circuit_operator.py
[2023-10-10T17:22:24.633+0000] {processor.py:839} INFO - DAG(s) dict_keys(['example_short_circuit_operator']) retrieved from /home/airflow/.local/lib/python3.8/site-packages/airflow/example_dags/example_short_circuit_operator.py
[2023-10-10T17:22:24.650+0000] {logging_mixin.py:151} INFO - [2023-10-10T17:22:24.650+0000] {dag.py:2915} INFO - Sync 1 DAGs
[2023-10-10T17:22:24.663+0000] {logging_mixin.py:151} INFO - [2023-10-10T17:22:24.662+0000] {dag.py:3696} INFO - Setting next_dagrun for example_short_circuit_operator to 2023-10-09T17:22:24.662810+00:00, run_after=2023-10-10T17:22:24.662810+00:00
[2023-10-10T17:22:24.677+0000] {processor.py:179} INFO - Processing /home/airflow/.local/lib/python3.8/site-packages/airflow/example_dags/example_short_circuit_operator.py took 0.056 seconds
[2023-10-10T17:22:54.710+0000] {processor.py:157} INFO - Started process (PID=608) to work on /home/airflow/.local/lib/python3.8/site-packages/airflow/example_dags/example_short_circuit_operator.py
[2023-10-10T17:22:54.711+0000] {processor.py:829} INFO - Processing file /home/airflow/.local/lib/python3.8/site-packages/airflow/example_dags/example_short_circuit_operator.py for tasks to queue
[2023-10-10T17:22:54.712+0000] {logging_mixin.py:151} INFO - [2023-10-10T17:22:54.712+0000] {dagbag.py:539} INFO - Filling up the DagBag from /home/airflow/.local/lib/python3.8/site-packages/airflow/example_dags/example_short_circuit_operator.py
[2023-10-10T17:22:54.717+0000] {processor.py:839} INFO - DAG(s) dict_keys(['example_short_circuit_operator']) retrieved from /home/airflow/.local/lib/python3.8/site-packages/airflow/example_dags/example_short_circuit_operator.py
[2023-10-10T17:22:54.731+0000] {logging_mixin.py:151} INFO - [2023-10-10T17:22:54.731+0000] {dag.py:2915} INFO - Sync 1 DAGs
[2023-10-10T17:22:54.743+0000] {logging_mixin.py:151} INFO - [2023-10-10T17:22:54.743+0000] {dag.py:3696} INFO - Setting next_dagrun for example_short_circuit_operator to 2023-10-09T17:22:54.742979+00:00, run_after=2023-10-10T17:22:54.742979+00:00
[2023-10-10T17:22:54.755+0000] {processor.py:179} INFO - Processing /home/airflow/.local/lib/python3.8/site-packages/airflow/example_dags/example_short_circuit_operator.py took 0.048 seconds
[2023-10-10T17:23:24.859+0000] {processor.py:157} INFO - Started process (PID=664) to work on /home/airflow/.local/lib/python3.8/site-packages/airflow/example_dags/example_short_circuit_operator.py
[2023-10-10T17:23:24.861+0000] {processor.py:829} INFO - Processing file /home/airflow/.local/lib/python3.8/site-packages/airflow/example_dags/example_short_circuit_operator.py for tasks to queue
[2023-10-10T17:23:24.864+0000] {logging_mixin.py:151} INFO - [2023-10-10T17:23:24.864+0000] {dagbag.py:539} INFO - Filling up the DagBag from /home/airflow/.local/lib/python3.8/site-packages/airflow/example_dags/example_short_circuit_operator.py
[2023-10-10T17:23:24.874+0000] {processor.py:839} INFO - DAG(s) dict_keys(['example_short_circuit_operator']) retrieved from /home/airflow/.local/lib/python3.8/site-packages/airflow/example_dags/example_short_circuit_operator.py
[2023-10-10T17:23:24.896+0000] {logging_mixin.py:151} INFO - [2023-10-10T17:23:24.896+0000] {dag.py:2915} INFO - Sync 1 DAGs
[2023-10-10T17:23:24.908+0000] {logging_mixin.py:151} INFO - [2023-10-10T17:23:24.908+0000] {dag.py:3696} INFO - Setting next_dagrun for example_short_circuit_operator to 2023-10-09T17:23:24.908538+00:00, run_after=2023-10-10T17:23:24.908538+00:00
[2023-10-10T17:23:24.917+0000] {processor.py:179} INFO - Processing /home/airflow/.local/lib/python3.8/site-packages/airflow/example_dags/example_short_circuit_operator.py took 0.065 seconds
[2023-10-10T17:23:54.999+0000] {processor.py:157} INFO - Started process (PID=720) to work on /home/airflow/.local/lib/python3.8/site-packages/airflow/example_dags/example_short_circuit_operator.py
[2023-10-10T17:23:55.001+0000] {processor.py:829} INFO - Processing file /home/airflow/.local/lib/python3.8/site-packages/airflow/example_dags/example_short_circuit_operator.py for tasks to queue
[2023-10-10T17:23:55.005+0000] {logging_mixin.py:151} INFO - [2023-10-10T17:23:55.004+0000] {dagbag.py:539} INFO - Filling up the DagBag from /home/airflow/.local/lib/python3.8/site-packages/airflow/example_dags/example_short_circuit_operator.py
[2023-10-10T17:23:55.014+0000] {processor.py:839} INFO - DAG(s) dict_keys(['example_short_circuit_operator']) retrieved from /home/airflow/.local/lib/python3.8/site-packages/airflow/example_dags/example_short_circuit_operator.py
[2023-10-10T17:23:55.032+0000] {logging_mixin.py:151} INFO - [2023-10-10T17:23:55.032+0000] {dag.py:2915} INFO - Sync 1 DAGs
[2023-10-10T17:23:55.045+0000] {logging_mixin.py:151} INFO - [2023-10-10T17:23:55.045+0000] {dag.py:3696} INFO - Setting next_dagrun for example_short_circuit_operator to 2023-10-09T17:23:55.045139+00:00, run_after=2023-10-10T17:23:55.045139+00:00
[2023-10-10T17:23:55.055+0000] {processor.py:179} INFO - Processing /home/airflow/.local/lib/python3.8/site-packages/airflow/example_dags/example_short_circuit_operator.py took 0.062 seconds
[2023-10-10T17:24:25.183+0000] {processor.py:157} INFO - Started process (PID=776) to work on /home/airflow/.local/lib/python3.8/site-packages/airflow/example_dags/example_short_circuit_operator.py
[2023-10-10T17:24:25.184+0000] {processor.py:829} INFO - Processing file /home/airflow/.local/lib/python3.8/site-packages/airflow/example_dags/example_short_circuit_operator.py for tasks to queue
[2023-10-10T17:24:25.186+0000] {logging_mixin.py:151} INFO - [2023-10-10T17:24:25.186+0000] {dagbag.py:539} INFO - Filling up the DagBag from /home/airflow/.local/lib/python3.8/site-packages/airflow/example_dags/example_short_circuit_operator.py
[2023-10-10T17:24:25.191+0000] {processor.py:839} INFO - DAG(s) dict_keys(['example_short_circuit_operator']) retrieved from /home/airflow/.local/lib/python3.8/site-packages/airflow/example_dags/example_short_circuit_operator.py
[2023-10-10T17:24:25.206+0000] {logging_mixin.py:151} INFO - [2023-10-10T17:24:25.206+0000] {dag.py:2915} INFO - Sync 1 DAGs
[2023-10-10T17:24:25.217+0000] {logging_mixin.py:151} INFO - [2023-10-10T17:24:25.217+0000] {dag.py:3696} INFO - Setting next_dagrun for example_short_circuit_operator to 2023-10-09T17:24:25.217271+00:00, run_after=2023-10-10T17:24:25.217271+00:00
[2023-10-10T17:24:25.229+0000] {processor.py:179} INFO - Processing /home/airflow/.local/lib/python3.8/site-packages/airflow/example_dags/example_short_circuit_operator.py took 0.049 seconds
[2023-10-10T17:24:55.379+0000] {processor.py:157} INFO - Started process (PID=832) to work on /home/airflow/.local/lib/python3.8/site-packages/airflow/example_dags/example_short_circuit_operator.py
[2023-10-10T17:24:55.381+0000] {processor.py:829} INFO - Processing file /home/airflow/.local/lib/python3.8/site-packages/airflow/example_dags/example_short_circuit_operator.py for tasks to queue
[2023-10-10T17:24:55.384+0000] {logging_mixin.py:151} INFO - [2023-10-10T17:24:55.384+0000] {dagbag.py:539} INFO - Filling up the DagBag from /home/airflow/.local/lib/python3.8/site-packages/airflow/example_dags/example_short_circuit_operator.py
[2023-10-10T17:24:55.393+0000] {processor.py:839} INFO - DAG(s) dict_keys(['example_short_circuit_operator']) retrieved from /home/airflow/.local/lib/python3.8/site-packages/airflow/example_dags/example_short_circuit_operator.py
[2023-10-10T17:24:55.412+0000] {logging_mixin.py:151} INFO - [2023-10-10T17:24:55.412+0000] {dag.py:2915} INFO - Sync 1 DAGs
[2023-10-10T17:24:55.424+0000] {logging_mixin.py:151} INFO - [2023-10-10T17:24:55.424+0000] {dag.py:3696} INFO - Setting next_dagrun for example_short_circuit_operator to 2023-10-09T17:24:55.424219+00:00, run_after=2023-10-10T17:24:55.424219+00:00
[2023-10-10T17:24:55.433+0000] {processor.py:179} INFO - Processing /home/airflow/.local/lib/python3.8/site-packages/airflow/example_dags/example_short_circuit_operator.py took 0.059 seconds
[2023-10-10T17:25:25.500+0000] {processor.py:157} INFO - Started process (PID=888) to work on /home/airflow/.local/lib/python3.8/site-packages/airflow/example_dags/example_short_circuit_operator.py
[2023-10-10T17:25:25.502+0000] {processor.py:829} INFO - Processing file /home/airflow/.local/lib/python3.8/site-packages/airflow/example_dags/example_short_circuit_operator.py for tasks to queue
[2023-10-10T17:25:25.507+0000] {logging_mixin.py:151} INFO - [2023-10-10T17:25:25.506+0000] {dagbag.py:539} INFO - Filling up the DagBag from /home/airflow/.local/lib/python3.8/site-packages/airflow/example_dags/example_short_circuit_operator.py
[2023-10-10T17:25:25.517+0000] {processor.py:839} INFO - DAG(s) dict_keys(['example_short_circuit_operator']) retrieved from /home/airflow/.local/lib/python3.8/site-packages/airflow/example_dags/example_short_circuit_operator.py
[2023-10-10T17:25:25.535+0000] {logging_mixin.py:151} INFO - [2023-10-10T17:25:25.535+0000] {dag.py:2915} INFO - Sync 1 DAGs
[2023-10-10T17:25:25.548+0000] {logging_mixin.py:151} INFO - [2023-10-10T17:25:25.548+0000] {dag.py:3696} INFO - Setting next_dagrun for example_short_circuit_operator to 2023-10-09T17:25:25.548541+00:00, run_after=2023-10-10T17:25:25.548541+00:00
[2023-10-10T17:25:25.558+0000] {processor.py:179} INFO - Processing /home/airflow/.local/lib/python3.8/site-packages/airflow/example_dags/example_short_circuit_operator.py took 0.064 seconds
[2023-10-10T17:25:55.654+0000] {processor.py:157} INFO - Started process (PID=944) to work on /home/airflow/.local/lib/python3.8/site-packages/airflow/example_dags/example_short_circuit_operator.py
[2023-10-10T17:25:55.656+0000] {processor.py:829} INFO - Processing file /home/airflow/.local/lib/python3.8/site-packages/airflow/example_dags/example_short_circuit_operator.py for tasks to queue
[2023-10-10T17:25:55.661+0000] {logging_mixin.py:151} INFO - [2023-10-10T17:25:55.660+0000] {dagbag.py:539} INFO - Filling up the DagBag from /home/airflow/.local/lib/python3.8/site-packages/airflow/example_dags/example_short_circuit_operator.py
[2023-10-10T17:25:55.670+0000] {processor.py:839} INFO - DAG(s) dict_keys(['example_short_circuit_operator']) retrieved from /home/airflow/.local/lib/python3.8/site-packages/airflow/example_dags/example_short_circuit_operator.py
[2023-10-10T17:25:55.695+0000] {logging_mixin.py:151} INFO - [2023-10-10T17:25:55.695+0000] {dag.py:2915} INFO - Sync 1 DAGs
[2023-10-10T17:25:55.706+0000] {logging_mixin.py:151} INFO - [2023-10-10T17:25:55.706+0000] {dag.py:3696} INFO - Setting next_dagrun for example_short_circuit_operator to 2023-10-09T17:25:55.706563+00:00, run_after=2023-10-10T17:25:55.706563+00:00
[2023-10-10T17:25:55.716+0000] {processor.py:179} INFO - Processing /home/airflow/.local/lib/python3.8/site-packages/airflow/example_dags/example_short_circuit_operator.py took 0.068 seconds
[2023-10-10T17:26:25.780+0000] {processor.py:157} INFO - Started process (PID=1000) to work on /home/airflow/.local/lib/python3.8/site-packages/airflow/example_dags/example_short_circuit_operator.py
[2023-10-10T17:26:25.781+0000] {processor.py:829} INFO - Processing file /home/airflow/.local/lib/python3.8/site-packages/airflow/example_dags/example_short_circuit_operator.py for tasks to queue
[2023-10-10T17:26:25.784+0000] {logging_mixin.py:151} INFO - [2023-10-10T17:26:25.783+0000] {dagbag.py:539} INFO - Filling up the DagBag from /home/airflow/.local/lib/python3.8/site-packages/airflow/example_dags/example_short_circuit_operator.py
[2023-10-10T17:26:25.791+0000] {processor.py:839} INFO - DAG(s) dict_keys(['example_short_circuit_operator']) retrieved from /home/airflow/.local/lib/python3.8/site-packages/airflow/example_dags/example_short_circuit_operator.py
[2023-10-10T17:26:25.810+0000] {logging_mixin.py:151} INFO - [2023-10-10T17:26:25.810+0000] {dag.py:2915} INFO - Sync 1 DAGs
[2023-10-10T17:26:25.823+0000] {logging_mixin.py:151} INFO - [2023-10-10T17:26:25.823+0000] {dag.py:3696} INFO - Setting next_dagrun for example_short_circuit_operator to 2023-10-09T17:26:25.823628+00:00, run_after=2023-10-10T17:26:25.823628+00:00
[2023-10-10T17:26:25.833+0000] {processor.py:179} INFO - Processing /home/airflow/.local/lib/python3.8/site-packages/airflow/example_dags/example_short_circuit_operator.py took 0.059 seconds
[2023-10-10T17:26:55.931+0000] {processor.py:157} INFO - Started process (PID=1056) to work on /home/airflow/.local/lib/python3.8/site-packages/airflow/example_dags/example_short_circuit_operator.py
[2023-10-10T17:26:55.933+0000] {processor.py:829} INFO - Processing file /home/airflow/.local/lib/python3.8/site-packages/airflow/example_dags/example_short_circuit_operator.py for tasks to queue
[2023-10-10T17:26:55.937+0000] {logging_mixin.py:151} INFO - [2023-10-10T17:26:55.936+0000] {dagbag.py:539} INFO - Filling up the DagBag from /home/airflow/.local/lib/python3.8/site-packages/airflow/example_dags/example_short_circuit_operator.py
[2023-10-10T17:26:55.947+0000] {processor.py:839} INFO - DAG(s) dict_keys(['example_short_circuit_operator']) retrieved from /home/airflow/.local/lib/python3.8/site-packages/airflow/example_dags/example_short_circuit_operator.py
[2023-10-10T17:26:55.969+0000] {logging_mixin.py:151} INFO - [2023-10-10T17:26:55.969+0000] {dag.py:2915} INFO - Sync 1 DAGs
[2023-10-10T17:26:55.981+0000] {logging_mixin.py:151} INFO - [2023-10-10T17:26:55.981+0000] {dag.py:3696} INFO - Setting next_dagrun for example_short_circuit_operator to 2023-10-09T17:26:55.981452+00:00, run_after=2023-10-10T17:26:55.981452+00:00
[2023-10-10T17:26:55.991+0000] {processor.py:179} INFO - Processing /home/airflow/.local/lib/python3.8/site-packages/airflow/example_dags/example_short_circuit_operator.py took 0.066 seconds
[2023-10-10T17:27:26.067+0000] {processor.py:157} INFO - Started process (PID=1112) to work on /home/airflow/.local/lib/python3.8/site-packages/airflow/example_dags/example_short_circuit_operator.py
[2023-10-10T17:27:26.069+0000] {processor.py:829} INFO - Processing file /home/airflow/.local/lib/python3.8/site-packages/airflow/example_dags/example_short_circuit_operator.py for tasks to queue
[2023-10-10T17:27:26.072+0000] {logging_mixin.py:151} INFO - [2023-10-10T17:27:26.072+0000] {dagbag.py:539} INFO - Filling up the DagBag from /home/airflow/.local/lib/python3.8/site-packages/airflow/example_dags/example_short_circuit_operator.py
[2023-10-10T17:27:26.080+0000] {processor.py:839} INFO - DAG(s) dict_keys(['example_short_circuit_operator']) retrieved from /home/airflow/.local/lib/python3.8/site-packages/airflow/example_dags/example_short_circuit_operator.py
[2023-10-10T17:27:26.097+0000] {logging_mixin.py:151} INFO - [2023-10-10T17:27:26.097+0000] {dag.py:2915} INFO - Sync 1 DAGs
[2023-10-10T17:27:26.110+0000] {logging_mixin.py:151} INFO - [2023-10-10T17:27:26.110+0000] {dag.py:3696} INFO - Setting next_dagrun for example_short_circuit_operator to 2023-10-09T17:27:26.110155+00:00, run_after=2023-10-10T17:27:26.110155+00:00
[2023-10-10T17:27:26.119+0000] {processor.py:179} INFO - Processing /home/airflow/.local/lib/python3.8/site-packages/airflow/example_dags/example_short_circuit_operator.py took 0.058 seconds
[2023-10-10T17:27:56.191+0000] {processor.py:157} INFO - Started process (PID=1168) to work on /home/airflow/.local/lib/python3.8/site-packages/airflow/example_dags/example_short_circuit_operator.py
[2023-10-10T17:27:56.194+0000] {processor.py:829} INFO - Processing file /home/airflow/.local/lib/python3.8/site-packages/airflow/example_dags/example_short_circuit_operator.py for tasks to queue
[2023-10-10T17:27:56.197+0000] {logging_mixin.py:151} INFO - [2023-10-10T17:27:56.196+0000] {dagbag.py:539} INFO - Filling up the DagBag from /home/airflow/.local/lib/python3.8/site-packages/airflow/example_dags/example_short_circuit_operator.py
[2023-10-10T17:27:56.206+0000] {processor.py:839} INFO - DAG(s) dict_keys(['example_short_circuit_operator']) retrieved from /home/airflow/.local/lib/python3.8/site-packages/airflow/example_dags/example_short_circuit_operator.py
[2023-10-10T17:27:56.225+0000] {logging_mixin.py:151} INFO - [2023-10-10T17:27:56.225+0000] {dag.py:2915} INFO - Sync 1 DAGs
[2023-10-10T17:27:56.238+0000] {logging_mixin.py:151} INFO - [2023-10-10T17:27:56.238+0000] {dag.py:3696} INFO - Setting next_dagrun for example_short_circuit_operator to 2023-10-09T17:27:56.238080+00:00, run_after=2023-10-10T17:27:56.238080+00:00
[2023-10-10T17:27:56.247+0000] {processor.py:179} INFO - Processing /home/airflow/.local/lib/python3.8/site-packages/airflow/example_dags/example_short_circuit_operator.py took 0.061 seconds
[2023-10-10T17:28:26.369+0000] {processor.py:157} INFO - Started process (PID=1225) to work on /home/airflow/.local/lib/python3.8/site-packages/airflow/example_dags/example_short_circuit_operator.py
[2023-10-10T17:28:26.372+0000] {processor.py:829} INFO - Processing file /home/airflow/.local/lib/python3.8/site-packages/airflow/example_dags/example_short_circuit_operator.py for tasks to queue
[2023-10-10T17:28:26.376+0000] {logging_mixin.py:151} INFO - [2023-10-10T17:28:26.375+0000] {dagbag.py:539} INFO - Filling up the DagBag from /home/airflow/.local/lib/python3.8/site-packages/airflow/example_dags/example_short_circuit_operator.py
[2023-10-10T17:28:26.385+0000] {processor.py:839} INFO - DAG(s) dict_keys(['example_short_circuit_operator']) retrieved from /home/airflow/.local/lib/python3.8/site-packages/airflow/example_dags/example_short_circuit_operator.py
[2023-10-10T17:28:26.407+0000] {logging_mixin.py:151} INFO - [2023-10-10T17:28:26.407+0000] {dag.py:2915} INFO - Sync 1 DAGs
[2023-10-10T17:28:26.419+0000] {logging_mixin.py:151} INFO - [2023-10-10T17:28:26.419+0000] {dag.py:3696} INFO - Setting next_dagrun for example_short_circuit_operator to 2023-10-09T17:28:26.419230+00:00, run_after=2023-10-10T17:28:26.419230+00:00
[2023-10-10T17:28:26.428+0000] {processor.py:179} INFO - Processing /home/airflow/.local/lib/python3.8/site-packages/airflow/example_dags/example_short_circuit_operator.py took 0.065 seconds
[2023-10-10T17:28:56.562+0000] {processor.py:157} INFO - Started process (PID=1281) to work on /home/airflow/.local/lib/python3.8/site-packages/airflow/example_dags/example_short_circuit_operator.py
[2023-10-10T17:28:56.564+0000] {processor.py:829} INFO - Processing file /home/airflow/.local/lib/python3.8/site-packages/airflow/example_dags/example_short_circuit_operator.py for tasks to queue
[2023-10-10T17:28:56.567+0000] {logging_mixin.py:151} INFO - [2023-10-10T17:28:56.567+0000] {dagbag.py:539} INFO - Filling up the DagBag from /home/airflow/.local/lib/python3.8/site-packages/airflow/example_dags/example_short_circuit_operator.py
[2023-10-10T17:28:56.572+0000] {processor.py:839} INFO - DAG(s) dict_keys(['example_short_circuit_operator']) retrieved from /home/airflow/.local/lib/python3.8/site-packages/airflow/example_dags/example_short_circuit_operator.py
[2023-10-10T17:28:56.588+0000] {logging_mixin.py:151} INFO - [2023-10-10T17:28:56.588+0000] {dag.py:2915} INFO - Sync 1 DAGs
[2023-10-10T17:28:56.599+0000] {logging_mixin.py:151} INFO - [2023-10-10T17:28:56.599+0000] {dag.py:3696} INFO - Setting next_dagrun for example_short_circuit_operator to 2023-10-09T17:28:56.599235+00:00, run_after=2023-10-10T17:28:56.599235+00:00
[2023-10-10T17:28:56.608+0000] {processor.py:179} INFO - Processing /home/airflow/.local/lib/python3.8/site-packages/airflow/example_dags/example_short_circuit_operator.py took 0.050 seconds
