[2023-10-10T06:38:11.151+0000] {processor.py:157} INFO - Started process (PID=64) to work on /home/airflow/.local/lib/python3.8/site-packages/airflow/example_dags/example_setup_teardown_taskflow.py
[2023-10-10T06:38:11.152+0000] {processor.py:829} INFO - Processing file /home/airflow/.local/lib/python3.8/site-packages/airflow/example_dags/example_setup_teardown_taskflow.py for tasks to queue
[2023-10-10T06:38:11.153+0000] {logging_mixin.py:151} INFO - [2023-10-10T06:38:11.153+0000] {dagbag.py:539} INFO - Filling up the DagBag from /home/airflow/.local/lib/python3.8/site-packages/airflow/example_dags/example_setup_teardown_taskflow.py
[2023-10-10T06:38:11.162+0000] {processor.py:839} INFO - DAG(s) dict_keys(['example_setup_teardown_taskflow']) retrieved from /home/airflow/.local/lib/python3.8/site-packages/airflow/example_dags/example_setup_teardown_taskflow.py
[2023-10-10T06:38:11.172+0000] {logging_mixin.py:151} INFO - [2023-10-10T06:38:11.172+0000] {dag.py:2915} INFO - Sync 1 DAGs
[2023-10-10T06:38:11.190+0000] {logging_mixin.py:151} INFO - [2023-10-10T06:38:11.189+0000] {dag.py:3696} INFO - Setting next_dagrun for example_setup_teardown_taskflow to 2023-10-09T06:38:11.189627+00:00, run_after=2023-10-10T06:38:11.189627+00:00
[2023-10-10T06:38:11.202+0000] {processor.py:179} INFO - Processing /home/airflow/.local/lib/python3.8/site-packages/airflow/example_dags/example_setup_teardown_taskflow.py took 0.055 seconds
[2023-10-10T06:38:41.297+0000] {processor.py:157} INFO - Started process (PID=119) to work on /home/airflow/.local/lib/python3.8/site-packages/airflow/example_dags/example_setup_teardown_taskflow.py
[2023-10-10T06:38:41.298+0000] {processor.py:829} INFO - Processing file /home/airflow/.local/lib/python3.8/site-packages/airflow/example_dags/example_setup_teardown_taskflow.py for tasks to queue
[2023-10-10T06:38:41.300+0000] {logging_mixin.py:151} INFO - [2023-10-10T06:38:41.299+0000] {dagbag.py:539} INFO - Filling up the DagBag from /home/airflow/.local/lib/python3.8/site-packages/airflow/example_dags/example_setup_teardown_taskflow.py
[2023-10-10T06:38:41.305+0000] {processor.py:839} INFO - DAG(s) dict_keys(['example_setup_teardown_taskflow']) retrieved from /home/airflow/.local/lib/python3.8/site-packages/airflow/example_dags/example_setup_teardown_taskflow.py
[2023-10-10T06:38:41.320+0000] {logging_mixin.py:151} INFO - [2023-10-10T06:38:41.320+0000] {dag.py:2915} INFO - Sync 1 DAGs
[2023-10-10T06:38:41.336+0000] {logging_mixin.py:151} INFO - [2023-10-10T06:38:41.336+0000] {dag.py:3696} INFO - Setting next_dagrun for example_setup_teardown_taskflow to 2023-10-09T06:38:41.336060+00:00, run_after=2023-10-10T06:38:41.336060+00:00
[2023-10-10T06:38:41.347+0000] {processor.py:179} INFO - Processing /home/airflow/.local/lib/python3.8/site-packages/airflow/example_dags/example_setup_teardown_taskflow.py took 0.053 seconds
[2023-10-10T06:39:11.777+0000] {processor.py:157} INFO - Started process (PID=176) to work on /home/airflow/.local/lib/python3.8/site-packages/airflow/example_dags/example_setup_teardown_taskflow.py
[2023-10-10T06:39:11.778+0000] {processor.py:829} INFO - Processing file /home/airflow/.local/lib/python3.8/site-packages/airflow/example_dags/example_setup_teardown_taskflow.py for tasks to queue
[2023-10-10T06:39:11.780+0000] {logging_mixin.py:151} INFO - [2023-10-10T06:39:11.780+0000] {dagbag.py:539} INFO - Filling up the DagBag from /home/airflow/.local/lib/python3.8/site-packages/airflow/example_dags/example_setup_teardown_taskflow.py
[2023-10-10T06:39:11.786+0000] {processor.py:839} INFO - DAG(s) dict_keys(['example_setup_teardown_taskflow']) retrieved from /home/airflow/.local/lib/python3.8/site-packages/airflow/example_dags/example_setup_teardown_taskflow.py
[2023-10-10T06:39:11.798+0000] {logging_mixin.py:151} INFO - [2023-10-10T06:39:11.798+0000] {dag.py:2915} INFO - Sync 1 DAGs
[2023-10-10T06:39:11.810+0000] {logging_mixin.py:151} INFO - [2023-10-10T06:39:11.810+0000] {dag.py:3696} INFO - Setting next_dagrun for example_setup_teardown_taskflow to 2023-10-09T06:39:11.810272+00:00, run_after=2023-10-10T06:39:11.810272+00:00
[2023-10-10T06:39:11.821+0000] {processor.py:179} INFO - Processing /home/airflow/.local/lib/python3.8/site-packages/airflow/example_dags/example_setup_teardown_taskflow.py took 0.046 seconds
[2023-10-10T06:39:41.905+0000] {processor.py:157} INFO - Started process (PID=231) to work on /home/airflow/.local/lib/python3.8/site-packages/airflow/example_dags/example_setup_teardown_taskflow.py
[2023-10-10T06:39:41.906+0000] {processor.py:829} INFO - Processing file /home/airflow/.local/lib/python3.8/site-packages/airflow/example_dags/example_setup_teardown_taskflow.py for tasks to queue
[2023-10-10T06:39:41.907+0000] {logging_mixin.py:151} INFO - [2023-10-10T06:39:41.907+0000] {dagbag.py:539} INFO - Filling up the DagBag from /home/airflow/.local/lib/python3.8/site-packages/airflow/example_dags/example_setup_teardown_taskflow.py
[2023-10-10T06:39:41.913+0000] {processor.py:839} INFO - DAG(s) dict_keys(['example_setup_teardown_taskflow']) retrieved from /home/airflow/.local/lib/python3.8/site-packages/airflow/example_dags/example_setup_teardown_taskflow.py
[2023-10-10T06:39:41.926+0000] {logging_mixin.py:151} INFO - [2023-10-10T06:39:41.926+0000] {dag.py:2915} INFO - Sync 1 DAGs
[2023-10-10T06:39:41.937+0000] {logging_mixin.py:151} INFO - [2023-10-10T06:39:41.937+0000] {dag.py:3696} INFO - Setting next_dagrun for example_setup_teardown_taskflow to 2023-10-09T06:39:41.937576+00:00, run_after=2023-10-10T06:39:41.937576+00:00
[2023-10-10T06:39:41.947+0000] {processor.py:179} INFO - Processing /home/airflow/.local/lib/python3.8/site-packages/airflow/example_dags/example_setup_teardown_taskflow.py took 0.044 seconds
[2023-10-10T06:40:12.153+0000] {processor.py:157} INFO - Started process (PID=287) to work on /home/airflow/.local/lib/python3.8/site-packages/airflow/example_dags/example_setup_teardown_taskflow.py
[2023-10-10T06:40:12.154+0000] {processor.py:829} INFO - Processing file /home/airflow/.local/lib/python3.8/site-packages/airflow/example_dags/example_setup_teardown_taskflow.py for tasks to queue
[2023-10-10T06:40:12.156+0000] {logging_mixin.py:151} INFO - [2023-10-10T06:40:12.156+0000] {dagbag.py:539} INFO - Filling up the DagBag from /home/airflow/.local/lib/python3.8/site-packages/airflow/example_dags/example_setup_teardown_taskflow.py
[2023-10-10T06:40:12.161+0000] {processor.py:839} INFO - DAG(s) dict_keys(['example_setup_teardown_taskflow']) retrieved from /home/airflow/.local/lib/python3.8/site-packages/airflow/example_dags/example_setup_teardown_taskflow.py
[2023-10-10T06:40:12.174+0000] {logging_mixin.py:151} INFO - [2023-10-10T06:40:12.174+0000] {dag.py:2915} INFO - Sync 1 DAGs
[2023-10-10T06:40:12.184+0000] {logging_mixin.py:151} INFO - [2023-10-10T06:40:12.184+0000] {dag.py:3696} INFO - Setting next_dagrun for example_setup_teardown_taskflow to 2023-10-09T06:40:12.184612+00:00, run_after=2023-10-10T06:40:12.184612+00:00
[2023-10-10T06:40:12.193+0000] {processor.py:179} INFO - Processing /home/airflow/.local/lib/python3.8/site-packages/airflow/example_dags/example_setup_teardown_taskflow.py took 0.042 seconds
[2023-10-10T06:40:42.875+0000] {processor.py:157} INFO - Started process (PID=344) to work on /home/airflow/.local/lib/python3.8/site-packages/airflow/example_dags/example_setup_teardown_taskflow.py
[2023-10-10T06:40:42.876+0000] {processor.py:829} INFO - Processing file /home/airflow/.local/lib/python3.8/site-packages/airflow/example_dags/example_setup_teardown_taskflow.py for tasks to queue
[2023-10-10T06:40:42.877+0000] {logging_mixin.py:151} INFO - [2023-10-10T06:40:42.877+0000] {dagbag.py:539} INFO - Filling up the DagBag from /home/airflow/.local/lib/python3.8/site-packages/airflow/example_dags/example_setup_teardown_taskflow.py
[2023-10-10T06:40:42.884+0000] {processor.py:839} INFO - DAG(s) dict_keys(['example_setup_teardown_taskflow']) retrieved from /home/airflow/.local/lib/python3.8/site-packages/airflow/example_dags/example_setup_teardown_taskflow.py
[2023-10-10T06:40:42.896+0000] {logging_mixin.py:151} INFO - [2023-10-10T06:40:42.896+0000] {dag.py:2915} INFO - Sync 1 DAGs
[2023-10-10T06:40:42.908+0000] {logging_mixin.py:151} INFO - [2023-10-10T06:40:42.907+0000] {dag.py:3696} INFO - Setting next_dagrun for example_setup_teardown_taskflow to 2023-10-09T06:40:42.907701+00:00, run_after=2023-10-10T06:40:42.907701+00:00
[2023-10-10T06:40:42.917+0000] {processor.py:179} INFO - Processing /home/airflow/.local/lib/python3.8/site-packages/airflow/example_dags/example_setup_teardown_taskflow.py took 0.044 seconds
[2023-10-10T06:41:13.091+0000] {processor.py:157} INFO - Started process (PID=400) to work on /home/airflow/.local/lib/python3.8/site-packages/airflow/example_dags/example_setup_teardown_taskflow.py
[2023-10-10T06:41:13.092+0000] {processor.py:829} INFO - Processing file /home/airflow/.local/lib/python3.8/site-packages/airflow/example_dags/example_setup_teardown_taskflow.py for tasks to queue
[2023-10-10T06:41:13.094+0000] {logging_mixin.py:151} INFO - [2023-10-10T06:41:13.094+0000] {dagbag.py:539} INFO - Filling up the DagBag from /home/airflow/.local/lib/python3.8/site-packages/airflow/example_dags/example_setup_teardown_taskflow.py
[2023-10-10T06:41:13.099+0000] {processor.py:839} INFO - DAG(s) dict_keys(['example_setup_teardown_taskflow']) retrieved from /home/airflow/.local/lib/python3.8/site-packages/airflow/example_dags/example_setup_teardown_taskflow.py
[2023-10-10T06:41:13.113+0000] {logging_mixin.py:151} INFO - [2023-10-10T06:41:13.112+0000] {dag.py:2915} INFO - Sync 1 DAGs
[2023-10-10T06:41:13.124+0000] {logging_mixin.py:151} INFO - [2023-10-10T06:41:13.124+0000] {dag.py:3696} INFO - Setting next_dagrun for example_setup_teardown_taskflow to 2023-10-09T06:41:13.124195+00:00, run_after=2023-10-10T06:41:13.124195+00:00
[2023-10-10T06:41:13.135+0000] {processor.py:179} INFO - Processing /home/airflow/.local/lib/python3.8/site-packages/airflow/example_dags/example_setup_teardown_taskflow.py took 0.046 seconds
[2023-10-10T06:41:44.508+0000] {processor.py:157} INFO - Started process (PID=456) to work on /home/airflow/.local/lib/python3.8/site-packages/airflow/example_dags/example_setup_teardown_taskflow.py
[2023-10-10T06:41:44.509+0000] {processor.py:829} INFO - Processing file /home/airflow/.local/lib/python3.8/site-packages/airflow/example_dags/example_setup_teardown_taskflow.py for tasks to queue
[2023-10-10T06:41:44.510+0000] {logging_mixin.py:151} INFO - [2023-10-10T06:41:44.510+0000] {dagbag.py:539} INFO - Filling up the DagBag from /home/airflow/.local/lib/python3.8/site-packages/airflow/example_dags/example_setup_teardown_taskflow.py
[2023-10-10T06:41:44.516+0000] {processor.py:839} INFO - DAG(s) dict_keys(['example_setup_teardown_taskflow']) retrieved from /home/airflow/.local/lib/python3.8/site-packages/airflow/example_dags/example_setup_teardown_taskflow.py
[2023-10-10T06:41:44.529+0000] {logging_mixin.py:151} INFO - [2023-10-10T06:41:44.529+0000] {dag.py:2915} INFO - Sync 1 DAGs
[2023-10-10T06:41:44.540+0000] {logging_mixin.py:151} INFO - [2023-10-10T06:41:44.540+0000] {dag.py:3696} INFO - Setting next_dagrun for example_setup_teardown_taskflow to 2023-10-09T06:41:44.540203+00:00, run_after=2023-10-10T06:41:44.540203+00:00
[2023-10-10T06:41:44.548+0000] {processor.py:179} INFO - Processing /home/airflow/.local/lib/python3.8/site-packages/airflow/example_dags/example_setup_teardown_taskflow.py took 0.043 seconds
[2023-10-10T06:42:14.704+0000] {processor.py:157} INFO - Started process (PID=512) to work on /home/airflow/.local/lib/python3.8/site-packages/airflow/example_dags/example_setup_teardown_taskflow.py
[2023-10-10T06:42:14.705+0000] {processor.py:829} INFO - Processing file /home/airflow/.local/lib/python3.8/site-packages/airflow/example_dags/example_setup_teardown_taskflow.py for tasks to queue
[2023-10-10T06:42:14.706+0000] {logging_mixin.py:151} INFO - [2023-10-10T06:42:14.706+0000] {dagbag.py:539} INFO - Filling up the DagBag from /home/airflow/.local/lib/python3.8/site-packages/airflow/example_dags/example_setup_teardown_taskflow.py
[2023-10-10T06:42:14.713+0000] {processor.py:839} INFO - DAG(s) dict_keys(['example_setup_teardown_taskflow']) retrieved from /home/airflow/.local/lib/python3.8/site-packages/airflow/example_dags/example_setup_teardown_taskflow.py
[2023-10-10T06:42:14.727+0000] {logging_mixin.py:151} INFO - [2023-10-10T06:42:14.727+0000] {dag.py:2915} INFO - Sync 1 DAGs
[2023-10-10T06:42:14.739+0000] {logging_mixin.py:151} INFO - [2023-10-10T06:42:14.739+0000] {dag.py:3696} INFO - Setting next_dagrun for example_setup_teardown_taskflow to 2023-10-09T06:42:14.739435+00:00, run_after=2023-10-10T06:42:14.739435+00:00
[2023-10-10T06:42:14.749+0000] {processor.py:179} INFO - Processing /home/airflow/.local/lib/python3.8/site-packages/airflow/example_dags/example_setup_teardown_taskflow.py took 0.047 seconds
[2023-10-10T06:42:45.012+0000] {processor.py:157} INFO - Started process (PID=568) to work on /home/airflow/.local/lib/python3.8/site-packages/airflow/example_dags/example_setup_teardown_taskflow.py
[2023-10-10T06:42:45.012+0000] {processor.py:829} INFO - Processing file /home/airflow/.local/lib/python3.8/site-packages/airflow/example_dags/example_setup_teardown_taskflow.py for tasks to queue
[2023-10-10T06:42:45.014+0000] {logging_mixin.py:151} INFO - [2023-10-10T06:42:45.014+0000] {dagbag.py:539} INFO - Filling up the DagBag from /home/airflow/.local/lib/python3.8/site-packages/airflow/example_dags/example_setup_teardown_taskflow.py
[2023-10-10T06:42:45.019+0000] {processor.py:839} INFO - DAG(s) dict_keys(['example_setup_teardown_taskflow']) retrieved from /home/airflow/.local/lib/python3.8/site-packages/airflow/example_dags/example_setup_teardown_taskflow.py
[2023-10-10T06:42:45.032+0000] {logging_mixin.py:151} INFO - [2023-10-10T06:42:45.032+0000] {dag.py:2915} INFO - Sync 1 DAGs
[2023-10-10T06:42:45.045+0000] {logging_mixin.py:151} INFO - [2023-10-10T06:42:45.045+0000] {dag.py:3696} INFO - Setting next_dagrun for example_setup_teardown_taskflow to 2023-10-09T06:42:45.045152+00:00, run_after=2023-10-10T06:42:45.045152+00:00
[2023-10-10T06:42:45.055+0000] {processor.py:179} INFO - Processing /home/airflow/.local/lib/python3.8/site-packages/airflow/example_dags/example_setup_teardown_taskflow.py took 0.046 seconds
[2023-10-10T06:43:15.492+0000] {processor.py:157} INFO - Started process (PID=624) to work on /home/airflow/.local/lib/python3.8/site-packages/airflow/example_dags/example_setup_teardown_taskflow.py
[2023-10-10T06:43:15.493+0000] {processor.py:829} INFO - Processing file /home/airflow/.local/lib/python3.8/site-packages/airflow/example_dags/example_setup_teardown_taskflow.py for tasks to queue
[2023-10-10T06:43:15.495+0000] {logging_mixin.py:151} INFO - [2023-10-10T06:43:15.494+0000] {dagbag.py:539} INFO - Filling up the DagBag from /home/airflow/.local/lib/python3.8/site-packages/airflow/example_dags/example_setup_teardown_taskflow.py
[2023-10-10T06:43:15.501+0000] {processor.py:839} INFO - DAG(s) dict_keys(['example_setup_teardown_taskflow']) retrieved from /home/airflow/.local/lib/python3.8/site-packages/airflow/example_dags/example_setup_teardown_taskflow.py
[2023-10-10T06:43:15.514+0000] {logging_mixin.py:151} INFO - [2023-10-10T06:43:15.514+0000] {dag.py:2915} INFO - Sync 1 DAGs
[2023-10-10T06:43:15.525+0000] {logging_mixin.py:151} INFO - [2023-10-10T06:43:15.525+0000] {dag.py:3696} INFO - Setting next_dagrun for example_setup_teardown_taskflow to 2023-10-09T06:43:15.525606+00:00, run_after=2023-10-10T06:43:15.525606+00:00
[2023-10-10T06:43:15.536+0000] {processor.py:179} INFO - Processing /home/airflow/.local/lib/python3.8/site-packages/airflow/example_dags/example_setup_teardown_taskflow.py took 0.047 seconds
[2023-10-10T06:46:49.734+0000] {processor.py:157} INFO - Started process (PID=65) to work on /home/airflow/.local/lib/python3.8/site-packages/airflow/example_dags/example_setup_teardown_taskflow.py
[2023-10-10T06:46:49.736+0000] {processor.py:829} INFO - Processing file /home/airflow/.local/lib/python3.8/site-packages/airflow/example_dags/example_setup_teardown_taskflow.py for tasks to queue
[2023-10-10T06:46:49.739+0000] {logging_mixin.py:151} INFO - [2023-10-10T06:46:49.739+0000] {dagbag.py:539} INFO - Filling up the DagBag from /home/airflow/.local/lib/python3.8/site-packages/airflow/example_dags/example_setup_teardown_taskflow.py
[2023-10-10T06:46:49.749+0000] {processor.py:839} INFO - DAG(s) dict_keys(['example_setup_teardown_taskflow']) retrieved from /home/airflow/.local/lib/python3.8/site-packages/airflow/example_dags/example_setup_teardown_taskflow.py
[2023-10-10T06:46:49.781+0000] {logging_mixin.py:151} INFO - [2023-10-10T06:46:49.774+0000] {dag.py:2915} INFO - Sync 1 DAGs
[2023-10-10T06:46:49.806+0000] {logging_mixin.py:151} INFO - [2023-10-10T06:46:49.806+0000] {dag.py:3696} INFO - Setting next_dagrun for example_setup_teardown_taskflow to 2023-10-09T06:46:49.806307+00:00, run_after=2023-10-10T06:46:49.806307+00:00
[2023-10-10T06:46:49.820+0000] {processor.py:179} INFO - Processing /home/airflow/.local/lib/python3.8/site-packages/airflow/example_dags/example_setup_teardown_taskflow.py took 0.088 seconds
[2023-10-10T06:47:20.117+0000] {processor.py:157} INFO - Started process (PID=121) to work on /home/airflow/.local/lib/python3.8/site-packages/airflow/example_dags/example_setup_teardown_taskflow.py
[2023-10-10T06:47:20.117+0000] {processor.py:829} INFO - Processing file /home/airflow/.local/lib/python3.8/site-packages/airflow/example_dags/example_setup_teardown_taskflow.py for tasks to queue
[2023-10-10T06:47:20.119+0000] {logging_mixin.py:151} INFO - [2023-10-10T06:47:20.119+0000] {dagbag.py:539} INFO - Filling up the DagBag from /home/airflow/.local/lib/python3.8/site-packages/airflow/example_dags/example_setup_teardown_taskflow.py
[2023-10-10T06:47:20.125+0000] {processor.py:839} INFO - DAG(s) dict_keys(['example_setup_teardown_taskflow']) retrieved from /home/airflow/.local/lib/python3.8/site-packages/airflow/example_dags/example_setup_teardown_taskflow.py
[2023-10-10T06:47:20.138+0000] {logging_mixin.py:151} INFO - [2023-10-10T06:47:20.138+0000] {dag.py:2915} INFO - Sync 1 DAGs
[2023-10-10T06:47:20.150+0000] {logging_mixin.py:151} INFO - [2023-10-10T06:47:20.150+0000] {dag.py:3696} INFO - Setting next_dagrun for example_setup_teardown_taskflow to 2023-10-09T06:47:20.150654+00:00, run_after=2023-10-10T06:47:20.150654+00:00
[2023-10-10T06:47:20.161+0000] {processor.py:179} INFO - Processing /home/airflow/.local/lib/python3.8/site-packages/airflow/example_dags/example_setup_teardown_taskflow.py took 0.046 seconds
[2023-10-10T06:47:50.264+0000] {processor.py:157} INFO - Started process (PID=176) to work on /home/airflow/.local/lib/python3.8/site-packages/airflow/example_dags/example_setup_teardown_taskflow.py
[2023-10-10T06:47:50.265+0000] {processor.py:829} INFO - Processing file /home/airflow/.local/lib/python3.8/site-packages/airflow/example_dags/example_setup_teardown_taskflow.py for tasks to queue
[2023-10-10T06:47:50.266+0000] {logging_mixin.py:151} INFO - [2023-10-10T06:47:50.266+0000] {dagbag.py:539} INFO - Filling up the DagBag from /home/airflow/.local/lib/python3.8/site-packages/airflow/example_dags/example_setup_teardown_taskflow.py
[2023-10-10T06:47:50.271+0000] {processor.py:839} INFO - DAG(s) dict_keys(['example_setup_teardown_taskflow']) retrieved from /home/airflow/.local/lib/python3.8/site-packages/airflow/example_dags/example_setup_teardown_taskflow.py
[2023-10-10T06:47:50.284+0000] {logging_mixin.py:151} INFO - [2023-10-10T06:47:50.284+0000] {dag.py:2915} INFO - Sync 1 DAGs
[2023-10-10T06:47:50.302+0000] {logging_mixin.py:151} INFO - [2023-10-10T06:47:50.302+0000] {dag.py:3696} INFO - Setting next_dagrun for example_setup_teardown_taskflow to 2023-10-09T06:47:50.301929+00:00, run_after=2023-10-10T06:47:50.301929+00:00
[2023-10-10T06:47:50.315+0000] {processor.py:179} INFO - Processing /home/airflow/.local/lib/python3.8/site-packages/airflow/example_dags/example_setup_teardown_taskflow.py took 0.054 seconds
[2023-10-10T06:48:20.488+0000] {processor.py:157} INFO - Started process (PID=232) to work on /home/airflow/.local/lib/python3.8/site-packages/airflow/example_dags/example_setup_teardown_taskflow.py
[2023-10-10T06:48:20.489+0000] {processor.py:829} INFO - Processing file /home/airflow/.local/lib/python3.8/site-packages/airflow/example_dags/example_setup_teardown_taskflow.py for tasks to queue
[2023-10-10T06:48:20.491+0000] {logging_mixin.py:151} INFO - [2023-10-10T06:48:20.491+0000] {dagbag.py:539} INFO - Filling up the DagBag from /home/airflow/.local/lib/python3.8/site-packages/airflow/example_dags/example_setup_teardown_taskflow.py
[2023-10-10T06:48:20.497+0000] {processor.py:839} INFO - DAG(s) dict_keys(['example_setup_teardown_taskflow']) retrieved from /home/airflow/.local/lib/python3.8/site-packages/airflow/example_dags/example_setup_teardown_taskflow.py
[2023-10-10T06:48:20.511+0000] {logging_mixin.py:151} INFO - [2023-10-10T06:48:20.511+0000] {dag.py:2915} INFO - Sync 1 DAGs
[2023-10-10T06:48:20.536+0000] {logging_mixin.py:151} INFO - [2023-10-10T06:48:20.535+0000] {dag.py:3696} INFO - Setting next_dagrun for example_setup_teardown_taskflow to 2023-10-09T06:48:20.535595+00:00, run_after=2023-10-10T06:48:20.535595+00:00
[2023-10-10T06:48:20.547+0000] {processor.py:179} INFO - Processing /home/airflow/.local/lib/python3.8/site-packages/airflow/example_dags/example_setup_teardown_taskflow.py took 0.062 seconds
[2023-10-10T06:48:50.753+0000] {processor.py:157} INFO - Started process (PID=288) to work on /home/airflow/.local/lib/python3.8/site-packages/airflow/example_dags/example_setup_teardown_taskflow.py
[2023-10-10T06:48:50.754+0000] {processor.py:829} INFO - Processing file /home/airflow/.local/lib/python3.8/site-packages/airflow/example_dags/example_setup_teardown_taskflow.py for tasks to queue
[2023-10-10T06:48:50.756+0000] {logging_mixin.py:151} INFO - [2023-10-10T06:48:50.756+0000] {dagbag.py:539} INFO - Filling up the DagBag from /home/airflow/.local/lib/python3.8/site-packages/airflow/example_dags/example_setup_teardown_taskflow.py
[2023-10-10T06:48:50.762+0000] {processor.py:839} INFO - DAG(s) dict_keys(['example_setup_teardown_taskflow']) retrieved from /home/airflow/.local/lib/python3.8/site-packages/airflow/example_dags/example_setup_teardown_taskflow.py
[2023-10-10T06:48:50.775+0000] {logging_mixin.py:151} INFO - [2023-10-10T06:48:50.775+0000] {dag.py:2915} INFO - Sync 1 DAGs
[2023-10-10T06:48:50.786+0000] {logging_mixin.py:151} INFO - [2023-10-10T06:48:50.786+0000] {dag.py:3696} INFO - Setting next_dagrun for example_setup_teardown_taskflow to 2023-10-09T06:48:50.786127+00:00, run_after=2023-10-10T06:48:50.786127+00:00
[2023-10-10T06:48:50.796+0000] {processor.py:179} INFO - Processing /home/airflow/.local/lib/python3.8/site-packages/airflow/example_dags/example_setup_teardown_taskflow.py took 0.044 seconds
[2023-10-10T06:49:20.958+0000] {processor.py:157} INFO - Started process (PID=344) to work on /home/airflow/.local/lib/python3.8/site-packages/airflow/example_dags/example_setup_teardown_taskflow.py
[2023-10-10T06:49:20.959+0000] {processor.py:829} INFO - Processing file /home/airflow/.local/lib/python3.8/site-packages/airflow/example_dags/example_setup_teardown_taskflow.py for tasks to queue
[2023-10-10T06:49:20.961+0000] {logging_mixin.py:151} INFO - [2023-10-10T06:49:20.961+0000] {dagbag.py:539} INFO - Filling up the DagBag from /home/airflow/.local/lib/python3.8/site-packages/airflow/example_dags/example_setup_teardown_taskflow.py
[2023-10-10T06:49:20.967+0000] {processor.py:839} INFO - DAG(s) dict_keys(['example_setup_teardown_taskflow']) retrieved from /home/airflow/.local/lib/python3.8/site-packages/airflow/example_dags/example_setup_teardown_taskflow.py
[2023-10-10T06:49:20.987+0000] {logging_mixin.py:151} INFO - [2023-10-10T06:49:20.987+0000] {dag.py:2915} INFO - Sync 1 DAGs
[2023-10-10T06:49:21.000+0000] {logging_mixin.py:151} INFO - [2023-10-10T06:49:21.000+0000] {dag.py:3696} INFO - Setting next_dagrun for example_setup_teardown_taskflow to 2023-10-09T06:49:20.999934+00:00, run_after=2023-10-10T06:49:20.999934+00:00
[2023-10-10T06:49:21.012+0000] {processor.py:179} INFO - Processing /home/airflow/.local/lib/python3.8/site-packages/airflow/example_dags/example_setup_teardown_taskflow.py took 0.056 seconds
[2023-10-10T06:49:52.199+0000] {processor.py:157} INFO - Started process (PID=401) to work on /home/airflow/.local/lib/python3.8/site-packages/airflow/example_dags/example_setup_teardown_taskflow.py
[2023-10-10T06:49:52.200+0000] {processor.py:829} INFO - Processing file /home/airflow/.local/lib/python3.8/site-packages/airflow/example_dags/example_setup_teardown_taskflow.py for tasks to queue
[2023-10-10T06:49:52.203+0000] {logging_mixin.py:151} INFO - [2023-10-10T06:49:52.202+0000] {dagbag.py:539} INFO - Filling up the DagBag from /home/airflow/.local/lib/python3.8/site-packages/airflow/example_dags/example_setup_teardown_taskflow.py
[2023-10-10T06:49:52.221+0000] {processor.py:839} INFO - DAG(s) dict_keys(['example_setup_teardown_taskflow']) retrieved from /home/airflow/.local/lib/python3.8/site-packages/airflow/example_dags/example_setup_teardown_taskflow.py
[2023-10-10T06:49:52.240+0000] {logging_mixin.py:151} INFO - [2023-10-10T06:49:52.240+0000] {dag.py:2915} INFO - Sync 1 DAGs
[2023-10-10T06:49:52.258+0000] {logging_mixin.py:151} INFO - [2023-10-10T06:49:52.258+0000] {dag.py:3696} INFO - Setting next_dagrun for example_setup_teardown_taskflow to 2023-10-09T06:49:52.257977+00:00, run_after=2023-10-10T06:49:52.257977+00:00
[2023-10-10T06:49:52.272+0000] {processor.py:179} INFO - Processing /home/airflow/.local/lib/python3.8/site-packages/airflow/example_dags/example_setup_teardown_taskflow.py took 0.076 seconds
[2023-10-10T06:50:22.304+0000] {processor.py:157} INFO - Started process (PID=457) to work on /home/airflow/.local/lib/python3.8/site-packages/airflow/example_dags/example_setup_teardown_taskflow.py
[2023-10-10T06:50:22.305+0000] {processor.py:829} INFO - Processing file /home/airflow/.local/lib/python3.8/site-packages/airflow/example_dags/example_setup_teardown_taskflow.py for tasks to queue
[2023-10-10T06:50:22.307+0000] {logging_mixin.py:151} INFO - [2023-10-10T06:50:22.307+0000] {dagbag.py:539} INFO - Filling up the DagBag from /home/airflow/.local/lib/python3.8/site-packages/airflow/example_dags/example_setup_teardown_taskflow.py
[2023-10-10T06:50:22.312+0000] {processor.py:839} INFO - DAG(s) dict_keys(['example_setup_teardown_taskflow']) retrieved from /home/airflow/.local/lib/python3.8/site-packages/airflow/example_dags/example_setup_teardown_taskflow.py
[2023-10-10T06:50:22.326+0000] {logging_mixin.py:151} INFO - [2023-10-10T06:50:22.325+0000] {dag.py:2915} INFO - Sync 1 DAGs
[2023-10-10T06:50:22.337+0000] {logging_mixin.py:151} INFO - [2023-10-10T06:50:22.337+0000] {dag.py:3696} INFO - Setting next_dagrun for example_setup_teardown_taskflow to 2023-10-09T06:50:22.337515+00:00, run_after=2023-10-10T06:50:22.337515+00:00
[2023-10-10T06:50:22.346+0000] {processor.py:179} INFO - Processing /home/airflow/.local/lib/python3.8/site-packages/airflow/example_dags/example_setup_teardown_taskflow.py took 0.044 seconds
[2023-10-10T06:50:52.612+0000] {processor.py:157} INFO - Started process (PID=513) to work on /home/airflow/.local/lib/python3.8/site-packages/airflow/example_dags/example_setup_teardown_taskflow.py
[2023-10-10T06:50:52.613+0000] {processor.py:829} INFO - Processing file /home/airflow/.local/lib/python3.8/site-packages/airflow/example_dags/example_setup_teardown_taskflow.py for tasks to queue
[2023-10-10T06:50:52.614+0000] {logging_mixin.py:151} INFO - [2023-10-10T06:50:52.614+0000] {dagbag.py:539} INFO - Filling up the DagBag from /home/airflow/.local/lib/python3.8/site-packages/airflow/example_dags/example_setup_teardown_taskflow.py
[2023-10-10T06:50:52.619+0000] {processor.py:839} INFO - DAG(s) dict_keys(['example_setup_teardown_taskflow']) retrieved from /home/airflow/.local/lib/python3.8/site-packages/airflow/example_dags/example_setup_teardown_taskflow.py
[2023-10-10T06:50:52.633+0000] {logging_mixin.py:151} INFO - [2023-10-10T06:50:52.633+0000] {dag.py:2915} INFO - Sync 1 DAGs
[2023-10-10T06:50:52.644+0000] {logging_mixin.py:151} INFO - [2023-10-10T06:50:52.644+0000] {dag.py:3696} INFO - Setting next_dagrun for example_setup_teardown_taskflow to 2023-10-09T06:50:52.643975+00:00, run_after=2023-10-10T06:50:52.643975+00:00
[2023-10-10T06:50:52.654+0000] {processor.py:179} INFO - Processing /home/airflow/.local/lib/python3.8/site-packages/airflow/example_dags/example_setup_teardown_taskflow.py took 0.044 seconds
[2023-10-10T06:51:23.070+0000] {processor.py:157} INFO - Started process (PID=569) to work on /home/airflow/.local/lib/python3.8/site-packages/airflow/example_dags/example_setup_teardown_taskflow.py
[2023-10-10T06:51:23.071+0000] {processor.py:829} INFO - Processing file /home/airflow/.local/lib/python3.8/site-packages/airflow/example_dags/example_setup_teardown_taskflow.py for tasks to queue
[2023-10-10T06:51:23.072+0000] {logging_mixin.py:151} INFO - [2023-10-10T06:51:23.072+0000] {dagbag.py:539} INFO - Filling up the DagBag from /home/airflow/.local/lib/python3.8/site-packages/airflow/example_dags/example_setup_teardown_taskflow.py
[2023-10-10T06:51:23.078+0000] {processor.py:839} INFO - DAG(s) dict_keys(['example_setup_teardown_taskflow']) retrieved from /home/airflow/.local/lib/python3.8/site-packages/airflow/example_dags/example_setup_teardown_taskflow.py
[2023-10-10T06:51:23.091+0000] {logging_mixin.py:151} INFO - [2023-10-10T06:51:23.090+0000] {dag.py:2915} INFO - Sync 1 DAGs
[2023-10-10T06:51:23.102+0000] {logging_mixin.py:151} INFO - [2023-10-10T06:51:23.101+0000] {dag.py:3696} INFO - Setting next_dagrun for example_setup_teardown_taskflow to 2023-10-09T06:51:23.101744+00:00, run_after=2023-10-10T06:51:23.101744+00:00
[2023-10-10T06:51:23.110+0000] {processor.py:179} INFO - Processing /home/airflow/.local/lib/python3.8/site-packages/airflow/example_dags/example_setup_teardown_taskflow.py took 0.043 seconds
[2023-10-10T06:51:53.242+0000] {processor.py:157} INFO - Started process (PID=625) to work on /home/airflow/.local/lib/python3.8/site-packages/airflow/example_dags/example_setup_teardown_taskflow.py
[2023-10-10T06:51:53.243+0000] {processor.py:829} INFO - Processing file /home/airflow/.local/lib/python3.8/site-packages/airflow/example_dags/example_setup_teardown_taskflow.py for tasks to queue
[2023-10-10T06:51:53.245+0000] {logging_mixin.py:151} INFO - [2023-10-10T06:51:53.245+0000] {dagbag.py:539} INFO - Filling up the DagBag from /home/airflow/.local/lib/python3.8/site-packages/airflow/example_dags/example_setup_teardown_taskflow.py
[2023-10-10T06:51:53.253+0000] {processor.py:839} INFO - DAG(s) dict_keys(['example_setup_teardown_taskflow']) retrieved from /home/airflow/.local/lib/python3.8/site-packages/airflow/example_dags/example_setup_teardown_taskflow.py
[2023-10-10T06:51:53.274+0000] {logging_mixin.py:151} INFO - [2023-10-10T06:51:53.274+0000] {dag.py:2915} INFO - Sync 1 DAGs
[2023-10-10T06:51:53.299+0000] {logging_mixin.py:151} INFO - [2023-10-10T06:51:53.299+0000] {dag.py:3696} INFO - Setting next_dagrun for example_setup_teardown_taskflow to 2023-10-09T06:51:53.299342+00:00, run_after=2023-10-10T06:51:53.299342+00:00
[2023-10-10T06:51:53.317+0000] {processor.py:179} INFO - Processing /home/airflow/.local/lib/python3.8/site-packages/airflow/example_dags/example_setup_teardown_taskflow.py took 0.077 seconds
[2023-10-10T06:52:23.517+0000] {processor.py:157} INFO - Started process (PID=681) to work on /home/airflow/.local/lib/python3.8/site-packages/airflow/example_dags/example_setup_teardown_taskflow.py
[2023-10-10T06:52:23.519+0000] {processor.py:829} INFO - Processing file /home/airflow/.local/lib/python3.8/site-packages/airflow/example_dags/example_setup_teardown_taskflow.py for tasks to queue
[2023-10-10T06:52:23.521+0000] {logging_mixin.py:151} INFO - [2023-10-10T06:52:23.521+0000] {dagbag.py:539} INFO - Filling up the DagBag from /home/airflow/.local/lib/python3.8/site-packages/airflow/example_dags/example_setup_teardown_taskflow.py
[2023-10-10T06:52:23.529+0000] {processor.py:839} INFO - DAG(s) dict_keys(['example_setup_teardown_taskflow']) retrieved from /home/airflow/.local/lib/python3.8/site-packages/airflow/example_dags/example_setup_teardown_taskflow.py
[2023-10-10T06:52:23.544+0000] {logging_mixin.py:151} INFO - [2023-10-10T06:52:23.544+0000] {dag.py:2915} INFO - Sync 1 DAGs
[2023-10-10T06:52:23.559+0000] {logging_mixin.py:151} INFO - [2023-10-10T06:52:23.558+0000] {dag.py:3696} INFO - Setting next_dagrun for example_setup_teardown_taskflow to 2023-10-09T06:52:23.558697+00:00, run_after=2023-10-10T06:52:23.558697+00:00
[2023-10-10T06:52:23.570+0000] {processor.py:179} INFO - Processing /home/airflow/.local/lib/python3.8/site-packages/airflow/example_dags/example_setup_teardown_taskflow.py took 0.056 seconds
[2023-10-10T06:52:53.712+0000] {processor.py:157} INFO - Started process (PID=736) to work on /home/airflow/.local/lib/python3.8/site-packages/airflow/example_dags/example_setup_teardown_taskflow.py
[2023-10-10T06:52:53.713+0000] {processor.py:829} INFO - Processing file /home/airflow/.local/lib/python3.8/site-packages/airflow/example_dags/example_setup_teardown_taskflow.py for tasks to queue
[2023-10-10T06:52:53.714+0000] {logging_mixin.py:151} INFO - [2023-10-10T06:52:53.714+0000] {dagbag.py:539} INFO - Filling up the DagBag from /home/airflow/.local/lib/python3.8/site-packages/airflow/example_dags/example_setup_teardown_taskflow.py
[2023-10-10T06:52:53.720+0000] {processor.py:839} INFO - DAG(s) dict_keys(['example_setup_teardown_taskflow']) retrieved from /home/airflow/.local/lib/python3.8/site-packages/airflow/example_dags/example_setup_teardown_taskflow.py
[2023-10-10T06:52:53.732+0000] {logging_mixin.py:151} INFO - [2023-10-10T06:52:53.731+0000] {dag.py:2915} INFO - Sync 1 DAGs
[2023-10-10T06:52:53.742+0000] {logging_mixin.py:151} INFO - [2023-10-10T06:52:53.742+0000] {dag.py:3696} INFO - Setting next_dagrun for example_setup_teardown_taskflow to 2023-10-09T06:52:53.741912+00:00, run_after=2023-10-10T06:52:53.741912+00:00
[2023-10-10T06:52:53.751+0000] {processor.py:179} INFO - Processing /home/airflow/.local/lib/python3.8/site-packages/airflow/example_dags/example_setup_teardown_taskflow.py took 0.041 seconds
[2023-10-10T06:53:23.934+0000] {processor.py:157} INFO - Started process (PID=792) to work on /home/airflow/.local/lib/python3.8/site-packages/airflow/example_dags/example_setup_teardown_taskflow.py
[2023-10-10T06:53:23.935+0000] {processor.py:829} INFO - Processing file /home/airflow/.local/lib/python3.8/site-packages/airflow/example_dags/example_setup_teardown_taskflow.py for tasks to queue
[2023-10-10T06:53:23.937+0000] {logging_mixin.py:151} INFO - [2023-10-10T06:53:23.937+0000] {dagbag.py:539} INFO - Filling up the DagBag from /home/airflow/.local/lib/python3.8/site-packages/airflow/example_dags/example_setup_teardown_taskflow.py
[2023-10-10T06:53:23.942+0000] {processor.py:839} INFO - DAG(s) dict_keys(['example_setup_teardown_taskflow']) retrieved from /home/airflow/.local/lib/python3.8/site-packages/airflow/example_dags/example_setup_teardown_taskflow.py
[2023-10-10T06:53:23.953+0000] {logging_mixin.py:151} INFO - [2023-10-10T06:53:23.953+0000] {dag.py:2915} INFO - Sync 1 DAGs
[2023-10-10T06:53:23.964+0000] {logging_mixin.py:151} INFO - [2023-10-10T06:53:23.964+0000] {dag.py:3696} INFO - Setting next_dagrun for example_setup_teardown_taskflow to 2023-10-09T06:53:23.964067+00:00, run_after=2023-10-10T06:53:23.964067+00:00
[2023-10-10T06:53:23.973+0000] {processor.py:179} INFO - Processing /home/airflow/.local/lib/python3.8/site-packages/airflow/example_dags/example_setup_teardown_taskflow.py took 0.040 seconds
[2023-10-10T06:53:54.393+0000] {processor.py:157} INFO - Started process (PID=849) to work on /home/airflow/.local/lib/python3.8/site-packages/airflow/example_dags/example_setup_teardown_taskflow.py
[2023-10-10T06:53:54.394+0000] {processor.py:829} INFO - Processing file /home/airflow/.local/lib/python3.8/site-packages/airflow/example_dags/example_setup_teardown_taskflow.py for tasks to queue
[2023-10-10T06:53:54.395+0000] {logging_mixin.py:151} INFO - [2023-10-10T06:53:54.395+0000] {dagbag.py:539} INFO - Filling up the DagBag from /home/airflow/.local/lib/python3.8/site-packages/airflow/example_dags/example_setup_teardown_taskflow.py
[2023-10-10T06:53:54.401+0000] {processor.py:839} INFO - DAG(s) dict_keys(['example_setup_teardown_taskflow']) retrieved from /home/airflow/.local/lib/python3.8/site-packages/airflow/example_dags/example_setup_teardown_taskflow.py
[2023-10-10T06:53:54.414+0000] {logging_mixin.py:151} INFO - [2023-10-10T06:53:54.414+0000] {dag.py:2915} INFO - Sync 1 DAGs
[2023-10-10T06:53:54.425+0000] {logging_mixin.py:151} INFO - [2023-10-10T06:53:54.425+0000] {dag.py:3696} INFO - Setting next_dagrun for example_setup_teardown_taskflow to 2023-10-09T06:53:54.424912+00:00, run_after=2023-10-10T06:53:54.424912+00:00
[2023-10-10T06:53:54.435+0000] {processor.py:179} INFO - Processing /home/airflow/.local/lib/python3.8/site-packages/airflow/example_dags/example_setup_teardown_taskflow.py took 0.044 seconds
[2023-10-10T06:54:25.440+0000] {processor.py:157} INFO - Started process (PID=905) to work on /home/airflow/.local/lib/python3.8/site-packages/airflow/example_dags/example_setup_teardown_taskflow.py
[2023-10-10T06:54:25.441+0000] {processor.py:829} INFO - Processing file /home/airflow/.local/lib/python3.8/site-packages/airflow/example_dags/example_setup_teardown_taskflow.py for tasks to queue
[2023-10-10T06:54:25.444+0000] {logging_mixin.py:151} INFO - [2023-10-10T06:54:25.443+0000] {dagbag.py:539} INFO - Filling up the DagBag from /home/airflow/.local/lib/python3.8/site-packages/airflow/example_dags/example_setup_teardown_taskflow.py
[2023-10-10T06:54:25.450+0000] {processor.py:839} INFO - DAG(s) dict_keys(['example_setup_teardown_taskflow']) retrieved from /home/airflow/.local/lib/python3.8/site-packages/airflow/example_dags/example_setup_teardown_taskflow.py
[2023-10-10T06:54:25.466+0000] {logging_mixin.py:151} INFO - [2023-10-10T06:54:25.466+0000] {dag.py:2915} INFO - Sync 1 DAGs
[2023-10-10T06:54:25.479+0000] {logging_mixin.py:151} INFO - [2023-10-10T06:54:25.479+0000] {dag.py:3696} INFO - Setting next_dagrun for example_setup_teardown_taskflow to 2023-10-09T06:54:25.479072+00:00, run_after=2023-10-10T06:54:25.479072+00:00
[2023-10-10T06:54:25.491+0000] {processor.py:179} INFO - Processing /home/airflow/.local/lib/python3.8/site-packages/airflow/example_dags/example_setup_teardown_taskflow.py took 0.053 seconds
[2023-10-10T06:54:55.537+0000] {processor.py:157} INFO - Started process (PID=960) to work on /home/airflow/.local/lib/python3.8/site-packages/airflow/example_dags/example_setup_teardown_taskflow.py
[2023-10-10T06:54:55.537+0000] {processor.py:829} INFO - Processing file /home/airflow/.local/lib/python3.8/site-packages/airflow/example_dags/example_setup_teardown_taskflow.py for tasks to queue
[2023-10-10T06:54:55.539+0000] {logging_mixin.py:151} INFO - [2023-10-10T06:54:55.539+0000] {dagbag.py:539} INFO - Filling up the DagBag from /home/airflow/.local/lib/python3.8/site-packages/airflow/example_dags/example_setup_teardown_taskflow.py
[2023-10-10T06:54:55.545+0000] {processor.py:839} INFO - DAG(s) dict_keys(['example_setup_teardown_taskflow']) retrieved from /home/airflow/.local/lib/python3.8/site-packages/airflow/example_dags/example_setup_teardown_taskflow.py
[2023-10-10T06:54:55.558+0000] {logging_mixin.py:151} INFO - [2023-10-10T06:54:55.558+0000] {dag.py:2915} INFO - Sync 1 DAGs
[2023-10-10T06:54:55.570+0000] {logging_mixin.py:151} INFO - [2023-10-10T06:54:55.570+0000] {dag.py:3696} INFO - Setting next_dagrun for example_setup_teardown_taskflow to 2023-10-09T06:54:55.570298+00:00, run_after=2023-10-10T06:54:55.570298+00:00
[2023-10-10T06:54:55.580+0000] {processor.py:179} INFO - Processing /home/airflow/.local/lib/python3.8/site-packages/airflow/example_dags/example_setup_teardown_taskflow.py took 0.046 seconds
[2023-10-10T06:55:25.819+0000] {processor.py:157} INFO - Started process (PID=1016) to work on /home/airflow/.local/lib/python3.8/site-packages/airflow/example_dags/example_setup_teardown_taskflow.py
[2023-10-10T06:55:25.821+0000] {processor.py:829} INFO - Processing file /home/airflow/.local/lib/python3.8/site-packages/airflow/example_dags/example_setup_teardown_taskflow.py for tasks to queue
[2023-10-10T06:55:25.823+0000] {logging_mixin.py:151} INFO - [2023-10-10T06:55:25.822+0000] {dagbag.py:539} INFO - Filling up the DagBag from /home/airflow/.local/lib/python3.8/site-packages/airflow/example_dags/example_setup_teardown_taskflow.py
[2023-10-10T06:55:25.830+0000] {processor.py:839} INFO - DAG(s) dict_keys(['example_setup_teardown_taskflow']) retrieved from /home/airflow/.local/lib/python3.8/site-packages/airflow/example_dags/example_setup_teardown_taskflow.py
[2023-10-10T06:55:25.845+0000] {logging_mixin.py:151} INFO - [2023-10-10T06:55:25.845+0000] {dag.py:2915} INFO - Sync 1 DAGs
[2023-10-10T06:55:25.857+0000] {logging_mixin.py:151} INFO - [2023-10-10T06:55:25.857+0000] {dag.py:3696} INFO - Setting next_dagrun for example_setup_teardown_taskflow to 2023-10-09T06:55:25.857461+00:00, run_after=2023-10-10T06:55:25.857461+00:00
[2023-10-10T06:55:25.867+0000] {processor.py:179} INFO - Processing /home/airflow/.local/lib/python3.8/site-packages/airflow/example_dags/example_setup_teardown_taskflow.py took 0.050 seconds
[2023-10-10T06:55:55.946+0000] {processor.py:157} INFO - Started process (PID=1072) to work on /home/airflow/.local/lib/python3.8/site-packages/airflow/example_dags/example_setup_teardown_taskflow.py
[2023-10-10T06:55:55.947+0000] {processor.py:829} INFO - Processing file /home/airflow/.local/lib/python3.8/site-packages/airflow/example_dags/example_setup_teardown_taskflow.py for tasks to queue
[2023-10-10T06:55:55.948+0000] {logging_mixin.py:151} INFO - [2023-10-10T06:55:55.948+0000] {dagbag.py:539} INFO - Filling up the DagBag from /home/airflow/.local/lib/python3.8/site-packages/airflow/example_dags/example_setup_teardown_taskflow.py
[2023-10-10T06:55:55.954+0000] {processor.py:839} INFO - DAG(s) dict_keys(['example_setup_teardown_taskflow']) retrieved from /home/airflow/.local/lib/python3.8/site-packages/airflow/example_dags/example_setup_teardown_taskflow.py
[2023-10-10T06:55:55.967+0000] {logging_mixin.py:151} INFO - [2023-10-10T06:55:55.967+0000] {dag.py:2915} INFO - Sync 1 DAGs
[2023-10-10T06:55:55.979+0000] {logging_mixin.py:151} INFO - [2023-10-10T06:55:55.979+0000] {dag.py:3696} INFO - Setting next_dagrun for example_setup_teardown_taskflow to 2023-10-09T06:55:55.979199+00:00, run_after=2023-10-10T06:55:55.979199+00:00
[2023-10-10T06:55:55.989+0000] {processor.py:179} INFO - Processing /home/airflow/.local/lib/python3.8/site-packages/airflow/example_dags/example_setup_teardown_taskflow.py took 0.046 seconds
[2023-10-10T06:56:26.386+0000] {processor.py:157} INFO - Started process (PID=1128) to work on /home/airflow/.local/lib/python3.8/site-packages/airflow/example_dags/example_setup_teardown_taskflow.py
[2023-10-10T06:56:26.387+0000] {processor.py:829} INFO - Processing file /home/airflow/.local/lib/python3.8/site-packages/airflow/example_dags/example_setup_teardown_taskflow.py for tasks to queue
[2023-10-10T06:56:26.389+0000] {logging_mixin.py:151} INFO - [2023-10-10T06:56:26.389+0000] {dagbag.py:539} INFO - Filling up the DagBag from /home/airflow/.local/lib/python3.8/site-packages/airflow/example_dags/example_setup_teardown_taskflow.py
[2023-10-10T06:56:26.394+0000] {processor.py:839} INFO - DAG(s) dict_keys(['example_setup_teardown_taskflow']) retrieved from /home/airflow/.local/lib/python3.8/site-packages/airflow/example_dags/example_setup_teardown_taskflow.py
[2023-10-10T06:56:26.408+0000] {logging_mixin.py:151} INFO - [2023-10-10T06:56:26.408+0000] {dag.py:2915} INFO - Sync 1 DAGs
[2023-10-10T06:56:26.420+0000] {logging_mixin.py:151} INFO - [2023-10-10T06:56:26.420+0000] {dag.py:3696} INFO - Setting next_dagrun for example_setup_teardown_taskflow to 2023-10-09T06:56:26.419840+00:00, run_after=2023-10-10T06:56:26.419840+00:00
[2023-10-10T06:56:26.430+0000] {processor.py:179} INFO - Processing /home/airflow/.local/lib/python3.8/site-packages/airflow/example_dags/example_setup_teardown_taskflow.py took 0.046 seconds
[2023-10-10T17:17:52.426+0000] {processor.py:157} INFO - Started process (PID=65) to work on /home/airflow/.local/lib/python3.8/site-packages/airflow/example_dags/example_setup_teardown_taskflow.py
[2023-10-10T17:17:52.427+0000] {processor.py:829} INFO - Processing file /home/airflow/.local/lib/python3.8/site-packages/airflow/example_dags/example_setup_teardown_taskflow.py for tasks to queue
[2023-10-10T17:17:52.429+0000] {logging_mixin.py:151} INFO - [2023-10-10T17:17:52.429+0000] {dagbag.py:539} INFO - Filling up the DagBag from /home/airflow/.local/lib/python3.8/site-packages/airflow/example_dags/example_setup_teardown_taskflow.py
[2023-10-10T17:17:52.441+0000] {processor.py:839} INFO - DAG(s) dict_keys(['example_setup_teardown_taskflow']) retrieved from /home/airflow/.local/lib/python3.8/site-packages/airflow/example_dags/example_setup_teardown_taskflow.py
[2023-10-10T17:17:52.451+0000] {logging_mixin.py:151} INFO - [2023-10-10T17:17:52.451+0000] {dag.py:2915} INFO - Sync 1 DAGs
[2023-10-10T17:17:52.473+0000] {logging_mixin.py:151} INFO - [2023-10-10T17:17:52.473+0000] {dag.py:3696} INFO - Setting next_dagrun for example_setup_teardown_taskflow to 2023-10-09T17:17:52.473267+00:00, run_after=2023-10-10T17:17:52.473267+00:00
[2023-10-10T17:17:52.488+0000] {processor.py:179} INFO - Processing /home/airflow/.local/lib/python3.8/site-packages/airflow/example_dags/example_setup_teardown_taskflow.py took 0.065 seconds
[2023-10-10T17:18:23.262+0000] {processor.py:157} INFO - Started process (PID=121) to work on /home/airflow/.local/lib/python3.8/site-packages/airflow/example_dags/example_setup_teardown_taskflow.py
[2023-10-10T17:18:23.263+0000] {processor.py:829} INFO - Processing file /home/airflow/.local/lib/python3.8/site-packages/airflow/example_dags/example_setup_teardown_taskflow.py for tasks to queue
[2023-10-10T17:18:23.264+0000] {logging_mixin.py:151} INFO - [2023-10-10T17:18:23.264+0000] {dagbag.py:539} INFO - Filling up the DagBag from /home/airflow/.local/lib/python3.8/site-packages/airflow/example_dags/example_setup_teardown_taskflow.py
[2023-10-10T17:18:23.270+0000] {processor.py:839} INFO - DAG(s) dict_keys(['example_setup_teardown_taskflow']) retrieved from /home/airflow/.local/lib/python3.8/site-packages/airflow/example_dags/example_setup_teardown_taskflow.py
[2023-10-10T17:18:23.282+0000] {logging_mixin.py:151} INFO - [2023-10-10T17:18:23.282+0000] {dag.py:2915} INFO - Sync 1 DAGs
[2023-10-10T17:18:23.294+0000] {logging_mixin.py:151} INFO - [2023-10-10T17:18:23.294+0000] {dag.py:3696} INFO - Setting next_dagrun for example_setup_teardown_taskflow to 2023-10-09T17:18:23.293996+00:00, run_after=2023-10-10T17:18:23.293996+00:00
[2023-10-10T17:18:23.303+0000] {processor.py:179} INFO - Processing /home/airflow/.local/lib/python3.8/site-packages/airflow/example_dags/example_setup_teardown_taskflow.py took 0.044 seconds
[2023-10-10T17:18:54.195+0000] {processor.py:157} INFO - Started process (PID=177) to work on /home/airflow/.local/lib/python3.8/site-packages/airflow/example_dags/example_setup_teardown_taskflow.py
[2023-10-10T17:18:54.195+0000] {processor.py:829} INFO - Processing file /home/airflow/.local/lib/python3.8/site-packages/airflow/example_dags/example_setup_teardown_taskflow.py for tasks to queue
[2023-10-10T17:18:54.197+0000] {logging_mixin.py:151} INFO - [2023-10-10T17:18:54.197+0000] {dagbag.py:539} INFO - Filling up the DagBag from /home/airflow/.local/lib/python3.8/site-packages/airflow/example_dags/example_setup_teardown_taskflow.py
[2023-10-10T17:18:54.202+0000] {processor.py:839} INFO - DAG(s) dict_keys(['example_setup_teardown_taskflow']) retrieved from /home/airflow/.local/lib/python3.8/site-packages/airflow/example_dags/example_setup_teardown_taskflow.py
[2023-10-10T17:18:54.215+0000] {logging_mixin.py:151} INFO - [2023-10-10T17:18:54.214+0000] {dag.py:2915} INFO - Sync 1 DAGs
[2023-10-10T17:18:54.226+0000] {logging_mixin.py:151} INFO - [2023-10-10T17:18:54.226+0000] {dag.py:3696} INFO - Setting next_dagrun for example_setup_teardown_taskflow to 2023-10-09T17:18:54.226028+00:00, run_after=2023-10-10T17:18:54.226028+00:00
[2023-10-10T17:18:54.235+0000] {processor.py:179} INFO - Processing /home/airflow/.local/lib/python3.8/site-packages/airflow/example_dags/example_setup_teardown_taskflow.py took 0.043 seconds
[2023-10-10T17:19:24.549+0000] {processor.py:157} INFO - Started process (PID=233) to work on /home/airflow/.local/lib/python3.8/site-packages/airflow/example_dags/example_setup_teardown_taskflow.py
[2023-10-10T17:19:24.550+0000] {processor.py:829} INFO - Processing file /home/airflow/.local/lib/python3.8/site-packages/airflow/example_dags/example_setup_teardown_taskflow.py for tasks to queue
[2023-10-10T17:19:24.552+0000] {logging_mixin.py:151} INFO - [2023-10-10T17:19:24.551+0000] {dagbag.py:539} INFO - Filling up the DagBag from /home/airflow/.local/lib/python3.8/site-packages/airflow/example_dags/example_setup_teardown_taskflow.py
[2023-10-10T17:19:24.557+0000] {processor.py:839} INFO - DAG(s) dict_keys(['example_setup_teardown_taskflow']) retrieved from /home/airflow/.local/lib/python3.8/site-packages/airflow/example_dags/example_setup_teardown_taskflow.py
[2023-10-10T17:19:24.570+0000] {logging_mixin.py:151} INFO - [2023-10-10T17:19:24.569+0000] {dag.py:2915} INFO - Sync 1 DAGs
[2023-10-10T17:19:24.580+0000] {logging_mixin.py:151} INFO - [2023-10-10T17:19:24.580+0000] {dag.py:3696} INFO - Setting next_dagrun for example_setup_teardown_taskflow to 2023-10-09T17:19:24.580364+00:00, run_after=2023-10-10T17:19:24.580364+00:00
[2023-10-10T17:19:24.589+0000] {processor.py:179} INFO - Processing /home/airflow/.local/lib/python3.8/site-packages/airflow/example_dags/example_setup_teardown_taskflow.py took 0.042 seconds
[2023-10-10T17:19:54.612+0000] {processor.py:157} INFO - Started process (PID=289) to work on /home/airflow/.local/lib/python3.8/site-packages/airflow/example_dags/example_setup_teardown_taskflow.py
[2023-10-10T17:19:54.613+0000] {processor.py:829} INFO - Processing file /home/airflow/.local/lib/python3.8/site-packages/airflow/example_dags/example_setup_teardown_taskflow.py for tasks to queue
[2023-10-10T17:19:54.615+0000] {logging_mixin.py:151} INFO - [2023-10-10T17:19:54.615+0000] {dagbag.py:539} INFO - Filling up the DagBag from /home/airflow/.local/lib/python3.8/site-packages/airflow/example_dags/example_setup_teardown_taskflow.py
[2023-10-10T17:19:54.620+0000] {processor.py:839} INFO - DAG(s) dict_keys(['example_setup_teardown_taskflow']) retrieved from /home/airflow/.local/lib/python3.8/site-packages/airflow/example_dags/example_setup_teardown_taskflow.py
[2023-10-10T17:19:54.634+0000] {logging_mixin.py:151} INFO - [2023-10-10T17:19:54.634+0000] {dag.py:2915} INFO - Sync 1 DAGs
[2023-10-10T17:19:54.645+0000] {logging_mixin.py:151} INFO - [2023-10-10T17:19:54.645+0000] {dag.py:3696} INFO - Setting next_dagrun for example_setup_teardown_taskflow to 2023-10-09T17:19:54.645157+00:00, run_after=2023-10-10T17:19:54.645157+00:00
[2023-10-10T17:19:54.657+0000] {processor.py:179} INFO - Processing /home/airflow/.local/lib/python3.8/site-packages/airflow/example_dags/example_setup_teardown_taskflow.py took 0.047 seconds
[2023-10-10T17:20:25.621+0000] {processor.py:157} INFO - Started process (PID=345) to work on /home/airflow/.local/lib/python3.8/site-packages/airflow/example_dags/example_setup_teardown_taskflow.py
[2023-10-10T17:20:25.622+0000] {processor.py:829} INFO - Processing file /home/airflow/.local/lib/python3.8/site-packages/airflow/example_dags/example_setup_teardown_taskflow.py for tasks to queue
[2023-10-10T17:20:25.623+0000] {logging_mixin.py:151} INFO - [2023-10-10T17:20:25.623+0000] {dagbag.py:539} INFO - Filling up the DagBag from /home/airflow/.local/lib/python3.8/site-packages/airflow/example_dags/example_setup_teardown_taskflow.py
[2023-10-10T17:20:25.629+0000] {processor.py:839} INFO - DAG(s) dict_keys(['example_setup_teardown_taskflow']) retrieved from /home/airflow/.local/lib/python3.8/site-packages/airflow/example_dags/example_setup_teardown_taskflow.py
[2023-10-10T17:20:25.642+0000] {logging_mixin.py:151} INFO - [2023-10-10T17:20:25.642+0000] {dag.py:2915} INFO - Sync 1 DAGs
[2023-10-10T17:20:25.655+0000] {logging_mixin.py:151} INFO - [2023-10-10T17:20:25.655+0000] {dag.py:3696} INFO - Setting next_dagrun for example_setup_teardown_taskflow to 2023-10-09T17:20:25.654869+00:00, run_after=2023-10-10T17:20:25.654869+00:00
[2023-10-10T17:20:25.665+0000] {processor.py:179} INFO - Processing /home/airflow/.local/lib/python3.8/site-packages/airflow/example_dags/example_setup_teardown_taskflow.py took 0.047 seconds
[2023-10-10T17:20:55.811+0000] {processor.py:157} INFO - Started process (PID=400) to work on /home/airflow/.local/lib/python3.8/site-packages/airflow/example_dags/example_setup_teardown_taskflow.py
[2023-10-10T17:20:55.813+0000] {processor.py:829} INFO - Processing file /home/airflow/.local/lib/python3.8/site-packages/airflow/example_dags/example_setup_teardown_taskflow.py for tasks to queue
[2023-10-10T17:20:55.814+0000] {logging_mixin.py:151} INFO - [2023-10-10T17:20:55.814+0000] {dagbag.py:539} INFO - Filling up the DagBag from /home/airflow/.local/lib/python3.8/site-packages/airflow/example_dags/example_setup_teardown_taskflow.py
[2023-10-10T17:20:55.820+0000] {processor.py:839} INFO - DAG(s) dict_keys(['example_setup_teardown_taskflow']) retrieved from /home/airflow/.local/lib/python3.8/site-packages/airflow/example_dags/example_setup_teardown_taskflow.py
[2023-10-10T17:20:55.832+0000] {logging_mixin.py:151} INFO - [2023-10-10T17:20:55.832+0000] {dag.py:2915} INFO - Sync 1 DAGs
[2023-10-10T17:20:55.846+0000] {logging_mixin.py:151} INFO - [2023-10-10T17:20:55.846+0000] {dag.py:3696} INFO - Setting next_dagrun for example_setup_teardown_taskflow to 2023-10-09T17:20:55.845923+00:00, run_after=2023-10-10T17:20:55.845923+00:00
[2023-10-10T17:20:55.858+0000] {processor.py:179} INFO - Processing /home/airflow/.local/lib/python3.8/site-packages/airflow/example_dags/example_setup_teardown_taskflow.py took 0.049 seconds
[2023-10-10T17:21:25.971+0000] {processor.py:157} INFO - Started process (PID=456) to work on /home/airflow/.local/lib/python3.8/site-packages/airflow/example_dags/example_setup_teardown_taskflow.py
[2023-10-10T17:21:25.972+0000] {processor.py:829} INFO - Processing file /home/airflow/.local/lib/python3.8/site-packages/airflow/example_dags/example_setup_teardown_taskflow.py for tasks to queue
[2023-10-10T17:21:25.974+0000] {logging_mixin.py:151} INFO - [2023-10-10T17:21:25.974+0000] {dagbag.py:539} INFO - Filling up the DagBag from /home/airflow/.local/lib/python3.8/site-packages/airflow/example_dags/example_setup_teardown_taskflow.py
[2023-10-10T17:21:25.980+0000] {processor.py:839} INFO - DAG(s) dict_keys(['example_setup_teardown_taskflow']) retrieved from /home/airflow/.local/lib/python3.8/site-packages/airflow/example_dags/example_setup_teardown_taskflow.py
[2023-10-10T17:21:25.994+0000] {logging_mixin.py:151} INFO - [2023-10-10T17:21:25.994+0000] {dag.py:2915} INFO - Sync 1 DAGs
[2023-10-10T17:21:26.006+0000] {logging_mixin.py:151} INFO - [2023-10-10T17:21:26.006+0000] {dag.py:3696} INFO - Setting next_dagrun for example_setup_teardown_taskflow to 2023-10-09T17:21:26.006673+00:00, run_after=2023-10-10T17:21:26.006673+00:00
[2023-10-10T17:21:26.017+0000] {processor.py:179} INFO - Processing /home/airflow/.local/lib/python3.8/site-packages/airflow/example_dags/example_setup_teardown_taskflow.py took 0.048 seconds
[2023-10-10T17:21:56.226+0000] {processor.py:157} INFO - Started process (PID=512) to work on /home/airflow/.local/lib/python3.8/site-packages/airflow/example_dags/example_setup_teardown_taskflow.py
[2023-10-10T17:21:56.227+0000] {processor.py:829} INFO - Processing file /home/airflow/.local/lib/python3.8/site-packages/airflow/example_dags/example_setup_teardown_taskflow.py for tasks to queue
[2023-10-10T17:21:56.229+0000] {logging_mixin.py:151} INFO - [2023-10-10T17:21:56.229+0000] {dagbag.py:539} INFO - Filling up the DagBag from /home/airflow/.local/lib/python3.8/site-packages/airflow/example_dags/example_setup_teardown_taskflow.py
[2023-10-10T17:21:56.234+0000] {processor.py:839} INFO - DAG(s) dict_keys(['example_setup_teardown_taskflow']) retrieved from /home/airflow/.local/lib/python3.8/site-packages/airflow/example_dags/example_setup_teardown_taskflow.py
[2023-10-10T17:21:56.247+0000] {logging_mixin.py:151} INFO - [2023-10-10T17:21:56.247+0000] {dag.py:2915} INFO - Sync 1 DAGs
[2023-10-10T17:21:56.258+0000] {logging_mixin.py:151} INFO - [2023-10-10T17:21:56.258+0000] {dag.py:3696} INFO - Setting next_dagrun for example_setup_teardown_taskflow to 2023-10-09T17:21:56.258279+00:00, run_after=2023-10-10T17:21:56.258279+00:00
[2023-10-10T17:21:56.267+0000] {processor.py:179} INFO - Processing /home/airflow/.local/lib/python3.8/site-packages/airflow/example_dags/example_setup_teardown_taskflow.py took 0.043 seconds
[2023-10-10T17:22:27.302+0000] {processor.py:157} INFO - Started process (PID=569) to work on /home/airflow/.local/lib/python3.8/site-packages/airflow/example_dags/example_setup_teardown_taskflow.py
[2023-10-10T17:22:27.303+0000] {processor.py:829} INFO - Processing file /home/airflow/.local/lib/python3.8/site-packages/airflow/example_dags/example_setup_teardown_taskflow.py for tasks to queue
[2023-10-10T17:22:27.304+0000] {logging_mixin.py:151} INFO - [2023-10-10T17:22:27.304+0000] {dagbag.py:539} INFO - Filling up the DagBag from /home/airflow/.local/lib/python3.8/site-packages/airflow/example_dags/example_setup_teardown_taskflow.py
[2023-10-10T17:22:27.309+0000] {processor.py:839} INFO - DAG(s) dict_keys(['example_setup_teardown_taskflow']) retrieved from /home/airflow/.local/lib/python3.8/site-packages/airflow/example_dags/example_setup_teardown_taskflow.py
[2023-10-10T17:22:27.322+0000] {logging_mixin.py:151} INFO - [2023-10-10T17:22:27.322+0000] {dag.py:2915} INFO - Sync 1 DAGs
[2023-10-10T17:22:27.332+0000] {logging_mixin.py:151} INFO - [2023-10-10T17:22:27.332+0000] {dag.py:3696} INFO - Setting next_dagrun for example_setup_teardown_taskflow to 2023-10-09T17:22:27.332072+00:00, run_after=2023-10-10T17:22:27.332072+00:00
[2023-10-10T17:22:27.343+0000] {processor.py:179} INFO - Processing /home/airflow/.local/lib/python3.8/site-packages/airflow/example_dags/example_setup_teardown_taskflow.py took 0.043 seconds
[2023-10-10T17:22:57.520+0000] {processor.py:157} INFO - Started process (PID=625) to work on /home/airflow/.local/lib/python3.8/site-packages/airflow/example_dags/example_setup_teardown_taskflow.py
[2023-10-10T17:22:57.521+0000] {processor.py:829} INFO - Processing file /home/airflow/.local/lib/python3.8/site-packages/airflow/example_dags/example_setup_teardown_taskflow.py for tasks to queue
[2023-10-10T17:22:57.522+0000] {logging_mixin.py:151} INFO - [2023-10-10T17:22:57.522+0000] {dagbag.py:539} INFO - Filling up the DagBag from /home/airflow/.local/lib/python3.8/site-packages/airflow/example_dags/example_setup_teardown_taskflow.py
[2023-10-10T17:22:57.527+0000] {processor.py:839} INFO - DAG(s) dict_keys(['example_setup_teardown_taskflow']) retrieved from /home/airflow/.local/lib/python3.8/site-packages/airflow/example_dags/example_setup_teardown_taskflow.py
[2023-10-10T17:22:57.541+0000] {logging_mixin.py:151} INFO - [2023-10-10T17:22:57.541+0000] {dag.py:2915} INFO - Sync 1 DAGs
[2023-10-10T17:22:57.553+0000] {logging_mixin.py:151} INFO - [2023-10-10T17:22:57.553+0000] {dag.py:3696} INFO - Setting next_dagrun for example_setup_teardown_taskflow to 2023-10-09T17:22:57.552979+00:00, run_after=2023-10-10T17:22:57.552979+00:00
[2023-10-10T17:22:57.565+0000] {processor.py:179} INFO - Processing /home/airflow/.local/lib/python3.8/site-packages/airflow/example_dags/example_setup_teardown_taskflow.py took 0.047 seconds
[2023-10-10T17:23:28.478+0000] {processor.py:157} INFO - Started process (PID=681) to work on /home/airflow/.local/lib/python3.8/site-packages/airflow/example_dags/example_setup_teardown_taskflow.py
[2023-10-10T17:23:28.479+0000] {processor.py:829} INFO - Processing file /home/airflow/.local/lib/python3.8/site-packages/airflow/example_dags/example_setup_teardown_taskflow.py for tasks to queue
[2023-10-10T17:23:28.480+0000] {logging_mixin.py:151} INFO - [2023-10-10T17:23:28.480+0000] {dagbag.py:539} INFO - Filling up the DagBag from /home/airflow/.local/lib/python3.8/site-packages/airflow/example_dags/example_setup_teardown_taskflow.py
[2023-10-10T17:23:28.485+0000] {processor.py:839} INFO - DAG(s) dict_keys(['example_setup_teardown_taskflow']) retrieved from /home/airflow/.local/lib/python3.8/site-packages/airflow/example_dags/example_setup_teardown_taskflow.py
[2023-10-10T17:23:28.498+0000] {logging_mixin.py:151} INFO - [2023-10-10T17:23:28.498+0000] {dag.py:2915} INFO - Sync 1 DAGs
[2023-10-10T17:23:28.508+0000] {logging_mixin.py:151} INFO - [2023-10-10T17:23:28.508+0000] {dag.py:3696} INFO - Setting next_dagrun for example_setup_teardown_taskflow to 2023-10-09T17:23:28.508474+00:00, run_after=2023-10-10T17:23:28.508474+00:00
[2023-10-10T17:23:28.518+0000] {processor.py:179} INFO - Processing /home/airflow/.local/lib/python3.8/site-packages/airflow/example_dags/example_setup_teardown_taskflow.py took 0.042 seconds
[2023-10-10T17:23:58.876+0000] {processor.py:157} INFO - Started process (PID=737) to work on /home/airflow/.local/lib/python3.8/site-packages/airflow/example_dags/example_setup_teardown_taskflow.py
[2023-10-10T17:23:58.877+0000] {processor.py:829} INFO - Processing file /home/airflow/.local/lib/python3.8/site-packages/airflow/example_dags/example_setup_teardown_taskflow.py for tasks to queue
[2023-10-10T17:23:58.878+0000] {logging_mixin.py:151} INFO - [2023-10-10T17:23:58.878+0000] {dagbag.py:539} INFO - Filling up the DagBag from /home/airflow/.local/lib/python3.8/site-packages/airflow/example_dags/example_setup_teardown_taskflow.py
[2023-10-10T17:23:58.884+0000] {processor.py:839} INFO - DAG(s) dict_keys(['example_setup_teardown_taskflow']) retrieved from /home/airflow/.local/lib/python3.8/site-packages/airflow/example_dags/example_setup_teardown_taskflow.py
[2023-10-10T17:23:58.896+0000] {logging_mixin.py:151} INFO - [2023-10-10T17:23:58.896+0000] {dag.py:2915} INFO - Sync 1 DAGs
[2023-10-10T17:23:58.907+0000] {logging_mixin.py:151} INFO - [2023-10-10T17:23:58.907+0000] {dag.py:3696} INFO - Setting next_dagrun for example_setup_teardown_taskflow to 2023-10-09T17:23:58.907549+00:00, run_after=2023-10-10T17:23:58.907549+00:00
[2023-10-10T17:23:58.916+0000] {processor.py:179} INFO - Processing /home/airflow/.local/lib/python3.8/site-packages/airflow/example_dags/example_setup_teardown_taskflow.py took 0.042 seconds
[2023-10-10T17:24:29.963+0000] {processor.py:157} INFO - Started process (PID=793) to work on /home/airflow/.local/lib/python3.8/site-packages/airflow/example_dags/example_setup_teardown_taskflow.py
[2023-10-10T17:24:29.964+0000] {processor.py:829} INFO - Processing file /home/airflow/.local/lib/python3.8/site-packages/airflow/example_dags/example_setup_teardown_taskflow.py for tasks to queue
[2023-10-10T17:24:29.965+0000] {logging_mixin.py:151} INFO - [2023-10-10T17:24:29.965+0000] {dagbag.py:539} INFO - Filling up the DagBag from /home/airflow/.local/lib/python3.8/site-packages/airflow/example_dags/example_setup_teardown_taskflow.py
[2023-10-10T17:24:29.970+0000] {processor.py:839} INFO - DAG(s) dict_keys(['example_setup_teardown_taskflow']) retrieved from /home/airflow/.local/lib/python3.8/site-packages/airflow/example_dags/example_setup_teardown_taskflow.py
[2023-10-10T17:24:29.983+0000] {logging_mixin.py:151} INFO - [2023-10-10T17:24:29.983+0000] {dag.py:2915} INFO - Sync 1 DAGs
[2023-10-10T17:24:29.994+0000] {logging_mixin.py:151} INFO - [2023-10-10T17:24:29.994+0000] {dag.py:3696} INFO - Setting next_dagrun for example_setup_teardown_taskflow to 2023-10-09T17:24:29.993970+00:00, run_after=2023-10-10T17:24:29.993970+00:00
[2023-10-10T17:24:30.004+0000] {processor.py:179} INFO - Processing /home/airflow/.local/lib/python3.8/site-packages/airflow/example_dags/example_setup_teardown_taskflow.py took 0.043 seconds
[2023-10-10T17:25:00.212+0000] {processor.py:157} INFO - Started process (PID=849) to work on /home/airflow/.local/lib/python3.8/site-packages/airflow/example_dags/example_setup_teardown_taskflow.py
[2023-10-10T17:25:00.213+0000] {processor.py:829} INFO - Processing file /home/airflow/.local/lib/python3.8/site-packages/airflow/example_dags/example_setup_teardown_taskflow.py for tasks to queue
[2023-10-10T17:25:00.214+0000] {logging_mixin.py:151} INFO - [2023-10-10T17:25:00.214+0000] {dagbag.py:539} INFO - Filling up the DagBag from /home/airflow/.local/lib/python3.8/site-packages/airflow/example_dags/example_setup_teardown_taskflow.py
[2023-10-10T17:25:00.220+0000] {processor.py:839} INFO - DAG(s) dict_keys(['example_setup_teardown_taskflow']) retrieved from /home/airflow/.local/lib/python3.8/site-packages/airflow/example_dags/example_setup_teardown_taskflow.py
[2023-10-10T17:25:00.233+0000] {logging_mixin.py:151} INFO - [2023-10-10T17:25:00.233+0000] {dag.py:2915} INFO - Sync 1 DAGs
[2023-10-10T17:25:00.243+0000] {logging_mixin.py:151} INFO - [2023-10-10T17:25:00.243+0000] {dag.py:3696} INFO - Setting next_dagrun for example_setup_teardown_taskflow to 2023-10-09T17:25:00.243217+00:00, run_after=2023-10-10T17:25:00.243217+00:00
[2023-10-10T17:25:00.254+0000] {processor.py:179} INFO - Processing /home/airflow/.local/lib/python3.8/site-packages/airflow/example_dags/example_setup_teardown_taskflow.py took 0.045 seconds
[2023-10-10T17:25:30.431+0000] {processor.py:157} INFO - Started process (PID=905) to work on /home/airflow/.local/lib/python3.8/site-packages/airflow/example_dags/example_setup_teardown_taskflow.py
[2023-10-10T17:25:30.432+0000] {processor.py:829} INFO - Processing file /home/airflow/.local/lib/python3.8/site-packages/airflow/example_dags/example_setup_teardown_taskflow.py for tasks to queue
[2023-10-10T17:25:30.433+0000] {logging_mixin.py:151} INFO - [2023-10-10T17:25:30.433+0000] {dagbag.py:539} INFO - Filling up the DagBag from /home/airflow/.local/lib/python3.8/site-packages/airflow/example_dags/example_setup_teardown_taskflow.py
[2023-10-10T17:25:30.439+0000] {processor.py:839} INFO - DAG(s) dict_keys(['example_setup_teardown_taskflow']) retrieved from /home/airflow/.local/lib/python3.8/site-packages/airflow/example_dags/example_setup_teardown_taskflow.py
[2023-10-10T17:25:30.452+0000] {logging_mixin.py:151} INFO - [2023-10-10T17:25:30.452+0000] {dag.py:2915} INFO - Sync 1 DAGs
[2023-10-10T17:25:30.463+0000] {logging_mixin.py:151} INFO - [2023-10-10T17:25:30.463+0000] {dag.py:3696} INFO - Setting next_dagrun for example_setup_teardown_taskflow to 2023-10-09T17:25:30.463413+00:00, run_after=2023-10-10T17:25:30.463413+00:00
[2023-10-10T17:25:30.473+0000] {processor.py:179} INFO - Processing /home/airflow/.local/lib/python3.8/site-packages/airflow/example_dags/example_setup_teardown_taskflow.py took 0.044 seconds
[2023-10-10T17:26:01.385+0000] {processor.py:157} INFO - Started process (PID=961) to work on /home/airflow/.local/lib/python3.8/site-packages/airflow/example_dags/example_setup_teardown_taskflow.py
[2023-10-10T17:26:01.386+0000] {processor.py:829} INFO - Processing file /home/airflow/.local/lib/python3.8/site-packages/airflow/example_dags/example_setup_teardown_taskflow.py for tasks to queue
[2023-10-10T17:26:01.387+0000] {logging_mixin.py:151} INFO - [2023-10-10T17:26:01.387+0000] {dagbag.py:539} INFO - Filling up the DagBag from /home/airflow/.local/lib/python3.8/site-packages/airflow/example_dags/example_setup_teardown_taskflow.py
[2023-10-10T17:26:01.392+0000] {processor.py:839} INFO - DAG(s) dict_keys(['example_setup_teardown_taskflow']) retrieved from /home/airflow/.local/lib/python3.8/site-packages/airflow/example_dags/example_setup_teardown_taskflow.py
[2023-10-10T17:26:01.405+0000] {logging_mixin.py:151} INFO - [2023-10-10T17:26:01.405+0000] {dag.py:2915} INFO - Sync 1 DAGs
[2023-10-10T17:26:01.416+0000] {logging_mixin.py:151} INFO - [2023-10-10T17:26:01.416+0000] {dag.py:3696} INFO - Setting next_dagrun for example_setup_teardown_taskflow to 2023-10-09T17:26:01.416285+00:00, run_after=2023-10-10T17:26:01.416285+00:00
[2023-10-10T17:26:01.427+0000] {processor.py:179} INFO - Processing /home/airflow/.local/lib/python3.8/site-packages/airflow/example_dags/example_setup_teardown_taskflow.py took 0.044 seconds
[2023-10-10T17:26:31.586+0000] {processor.py:157} INFO - Started process (PID=1017) to work on /home/airflow/.local/lib/python3.8/site-packages/airflow/example_dags/example_setup_teardown_taskflow.py
[2023-10-10T17:26:31.587+0000] {processor.py:829} INFO - Processing file /home/airflow/.local/lib/python3.8/site-packages/airflow/example_dags/example_setup_teardown_taskflow.py for tasks to queue
[2023-10-10T17:26:31.588+0000] {logging_mixin.py:151} INFO - [2023-10-10T17:26:31.588+0000] {dagbag.py:539} INFO - Filling up the DagBag from /home/airflow/.local/lib/python3.8/site-packages/airflow/example_dags/example_setup_teardown_taskflow.py
[2023-10-10T17:26:31.593+0000] {processor.py:839} INFO - DAG(s) dict_keys(['example_setup_teardown_taskflow']) retrieved from /home/airflow/.local/lib/python3.8/site-packages/airflow/example_dags/example_setup_teardown_taskflow.py
[2023-10-10T17:26:31.606+0000] {logging_mixin.py:151} INFO - [2023-10-10T17:26:31.606+0000] {dag.py:2915} INFO - Sync 1 DAGs
[2023-10-10T17:26:31.616+0000] {logging_mixin.py:151} INFO - [2023-10-10T17:26:31.616+0000] {dag.py:3696} INFO - Setting next_dagrun for example_setup_teardown_taskflow to 2023-10-09T17:26:31.615981+00:00, run_after=2023-10-10T17:26:31.615981+00:00
[2023-10-10T17:26:31.625+0000] {processor.py:179} INFO - Processing /home/airflow/.local/lib/python3.8/site-packages/airflow/example_dags/example_setup_teardown_taskflow.py took 0.041 seconds
[2023-10-10T17:27:02.765+0000] {processor.py:157} INFO - Started process (PID=1073) to work on /home/airflow/.local/lib/python3.8/site-packages/airflow/example_dags/example_setup_teardown_taskflow.py
[2023-10-10T17:27:02.767+0000] {processor.py:829} INFO - Processing file /home/airflow/.local/lib/python3.8/site-packages/airflow/example_dags/example_setup_teardown_taskflow.py for tasks to queue
[2023-10-10T17:27:02.770+0000] {logging_mixin.py:151} INFO - [2023-10-10T17:27:02.769+0000] {dagbag.py:539} INFO - Filling up the DagBag from /home/airflow/.local/lib/python3.8/site-packages/airflow/example_dags/example_setup_teardown_taskflow.py
[2023-10-10T17:27:02.778+0000] {processor.py:839} INFO - DAG(s) dict_keys(['example_setup_teardown_taskflow']) retrieved from /home/airflow/.local/lib/python3.8/site-packages/airflow/example_dags/example_setup_teardown_taskflow.py
[2023-10-10T17:27:02.800+0000] {logging_mixin.py:151} INFO - [2023-10-10T17:27:02.799+0000] {dag.py:2915} INFO - Sync 1 DAGs
[2023-10-10T17:27:02.818+0000] {logging_mixin.py:151} INFO - [2023-10-10T17:27:02.818+0000] {dag.py:3696} INFO - Setting next_dagrun for example_setup_teardown_taskflow to 2023-10-09T17:27:02.818169+00:00, run_after=2023-10-10T17:27:02.818169+00:00
[2023-10-10T17:27:02.836+0000] {processor.py:179} INFO - Processing /home/airflow/.local/lib/python3.8/site-packages/airflow/example_dags/example_setup_teardown_taskflow.py took 0.073 seconds
[2023-10-10T17:27:33.805+0000] {processor.py:157} INFO - Started process (PID=1129) to work on /home/airflow/.local/lib/python3.8/site-packages/airflow/example_dags/example_setup_teardown_taskflow.py
[2023-10-10T17:27:33.806+0000] {processor.py:829} INFO - Processing file /home/airflow/.local/lib/python3.8/site-packages/airflow/example_dags/example_setup_teardown_taskflow.py for tasks to queue
[2023-10-10T17:27:33.807+0000] {logging_mixin.py:151} INFO - [2023-10-10T17:27:33.807+0000] {dagbag.py:539} INFO - Filling up the DagBag from /home/airflow/.local/lib/python3.8/site-packages/airflow/example_dags/example_setup_teardown_taskflow.py
[2023-10-10T17:27:33.812+0000] {processor.py:839} INFO - DAG(s) dict_keys(['example_setup_teardown_taskflow']) retrieved from /home/airflow/.local/lib/python3.8/site-packages/airflow/example_dags/example_setup_teardown_taskflow.py
[2023-10-10T17:27:33.824+0000] {logging_mixin.py:151} INFO - [2023-10-10T17:27:33.824+0000] {dag.py:2915} INFO - Sync 1 DAGs
[2023-10-10T17:27:33.836+0000] {logging_mixin.py:151} INFO - [2023-10-10T17:27:33.836+0000] {dag.py:3696} INFO - Setting next_dagrun for example_setup_teardown_taskflow to 2023-10-09T17:27:33.836414+00:00, run_after=2023-10-10T17:27:33.836414+00:00
[2023-10-10T17:27:33.846+0000] {processor.py:179} INFO - Processing /home/airflow/.local/lib/python3.8/site-packages/airflow/example_dags/example_setup_teardown_taskflow.py took 0.043 seconds
[2023-10-10T17:28:04.000+0000] {processor.py:157} INFO - Started process (PID=1185) to work on /home/airflow/.local/lib/python3.8/site-packages/airflow/example_dags/example_setup_teardown_taskflow.py
[2023-10-10T17:28:04.001+0000] {processor.py:829} INFO - Processing file /home/airflow/.local/lib/python3.8/site-packages/airflow/example_dags/example_setup_teardown_taskflow.py for tasks to queue
[2023-10-10T17:28:04.003+0000] {logging_mixin.py:151} INFO - [2023-10-10T17:28:04.003+0000] {dagbag.py:539} INFO - Filling up the DagBag from /home/airflow/.local/lib/python3.8/site-packages/airflow/example_dags/example_setup_teardown_taskflow.py
[2023-10-10T17:28:04.008+0000] {processor.py:839} INFO - DAG(s) dict_keys(['example_setup_teardown_taskflow']) retrieved from /home/airflow/.local/lib/python3.8/site-packages/airflow/example_dags/example_setup_teardown_taskflow.py
[2023-10-10T17:28:04.021+0000] {logging_mixin.py:151} INFO - [2023-10-10T17:28:04.021+0000] {dag.py:2915} INFO - Sync 1 DAGs
[2023-10-10T17:28:04.032+0000] {logging_mixin.py:151} INFO - [2023-10-10T17:28:04.032+0000] {dag.py:3696} INFO - Setting next_dagrun for example_setup_teardown_taskflow to 2023-10-09T17:28:04.032317+00:00, run_after=2023-10-10T17:28:04.032317+00:00
[2023-10-10T17:28:04.043+0000] {processor.py:179} INFO - Processing /home/airflow/.local/lib/python3.8/site-packages/airflow/example_dags/example_setup_teardown_taskflow.py took 0.045 seconds
[2023-10-10T17:28:35.128+0000] {processor.py:157} INFO - Started process (PID=1242) to work on /home/airflow/.local/lib/python3.8/site-packages/airflow/example_dags/example_setup_teardown_taskflow.py
[2023-10-10T17:28:35.129+0000] {processor.py:829} INFO - Processing file /home/airflow/.local/lib/python3.8/site-packages/airflow/example_dags/example_setup_teardown_taskflow.py for tasks to queue
[2023-10-10T17:28:35.131+0000] {logging_mixin.py:151} INFO - [2023-10-10T17:28:35.130+0000] {dagbag.py:539} INFO - Filling up the DagBag from /home/airflow/.local/lib/python3.8/site-packages/airflow/example_dags/example_setup_teardown_taskflow.py
[2023-10-10T17:28:35.136+0000] {processor.py:839} INFO - DAG(s) dict_keys(['example_setup_teardown_taskflow']) retrieved from /home/airflow/.local/lib/python3.8/site-packages/airflow/example_dags/example_setup_teardown_taskflow.py
[2023-10-10T17:28:35.148+0000] {logging_mixin.py:151} INFO - [2023-10-10T17:28:35.148+0000] {dag.py:2915} INFO - Sync 1 DAGs
[2023-10-10T17:28:35.158+0000] {logging_mixin.py:151} INFO - [2023-10-10T17:28:35.158+0000] {dag.py:3696} INFO - Setting next_dagrun for example_setup_teardown_taskflow to 2023-10-09T17:28:35.158578+00:00, run_after=2023-10-10T17:28:35.158578+00:00
[2023-10-10T17:28:35.167+0000] {processor.py:179} INFO - Processing /home/airflow/.local/lib/python3.8/site-packages/airflow/example_dags/example_setup_teardown_taskflow.py took 0.040 seconds
