[2023-10-10T06:38:10.238+0000] {processor.py:157} INFO - Started process (PID=47) to work on /home/airflow/.local/lib/python3.8/site-packages/airflow/example_dags/example_xcomargs.py
[2023-10-10T06:38:10.239+0000] {processor.py:829} INFO - Processing file /home/airflow/.local/lib/python3.8/site-packages/airflow/example_dags/example_xcomargs.py for tasks to queue
[2023-10-10T06:38:10.240+0000] {logging_mixin.py:151} INFO - [2023-10-10T06:38:10.240+0000] {dagbag.py:539} INFO - Filling up the DagBag from /home/airflow/.local/lib/python3.8/site-packages/airflow/example_dags/example_xcomargs.py
[2023-10-10T06:38:10.250+0000] {processor.py:839} INFO - DAG(s) dict_keys(['example_xcom_args_with_operators', 'example_xcom_args']) retrieved from /home/airflow/.local/lib/python3.8/site-packages/airflow/example_dags/example_xcomargs.py
[2023-10-10T06:38:10.260+0000] {logging_mixin.py:151} INFO - [2023-10-10T06:38:10.260+0000] {dag.py:2915} INFO - Sync 2 DAGs
[2023-10-10T06:38:10.270+0000] {logging_mixin.py:151} INFO - [2023-10-10T06:38:10.270+0000] {dag.py:3696} INFO - Setting next_dagrun for example_xcom_args to None, run_after=None
[2023-10-10T06:38:10.272+0000] {logging_mixin.py:151} INFO - [2023-10-10T06:38:10.272+0000] {dag.py:3696} INFO - Setting next_dagrun for example_xcom_args_with_operators to None, run_after=None
[2023-10-10T06:38:10.283+0000] {processor.py:179} INFO - Processing /home/airflow/.local/lib/python3.8/site-packages/airflow/example_dags/example_xcomargs.py took 0.047 seconds
[2023-10-10T06:38:40.733+0000] {processor.py:157} INFO - Started process (PID=103) to work on /home/airflow/.local/lib/python3.8/site-packages/airflow/example_dags/example_xcomargs.py
[2023-10-10T06:38:40.734+0000] {processor.py:829} INFO - Processing file /home/airflow/.local/lib/python3.8/site-packages/airflow/example_dags/example_xcomargs.py for tasks to queue
[2023-10-10T06:38:40.735+0000] {logging_mixin.py:151} INFO - [2023-10-10T06:38:40.735+0000] {dagbag.py:539} INFO - Filling up the DagBag from /home/airflow/.local/lib/python3.8/site-packages/airflow/example_dags/example_xcomargs.py
[2023-10-10T06:38:40.740+0000] {processor.py:839} INFO - DAG(s) dict_keys(['example_xcom_args', 'example_xcom_args_with_operators']) retrieved from /home/airflow/.local/lib/python3.8/site-packages/airflow/example_dags/example_xcomargs.py
[2023-10-10T06:38:40.754+0000] {logging_mixin.py:151} INFO - [2023-10-10T06:38:40.754+0000] {dag.py:2915} INFO - Sync 2 DAGs
[2023-10-10T06:38:40.761+0000] {logging_mixin.py:151} INFO - [2023-10-10T06:38:40.761+0000] {dag.py:3696} INFO - Setting next_dagrun for example_xcom_args to None, run_after=None
[2023-10-10T06:38:40.762+0000] {logging_mixin.py:151} INFO - [2023-10-10T06:38:40.762+0000] {dag.py:3696} INFO - Setting next_dagrun for example_xcom_args_with_operators to None, run_after=None
[2023-10-10T06:38:40.772+0000] {processor.py:179} INFO - Processing /home/airflow/.local/lib/python3.8/site-packages/airflow/example_dags/example_xcomargs.py took 0.041 seconds
[2023-10-10T06:39:10.885+0000] {processor.py:157} INFO - Started process (PID=158) to work on /home/airflow/.local/lib/python3.8/site-packages/airflow/example_dags/example_xcomargs.py
[2023-10-10T06:39:10.886+0000] {processor.py:829} INFO - Processing file /home/airflow/.local/lib/python3.8/site-packages/airflow/example_dags/example_xcomargs.py for tasks to queue
[2023-10-10T06:39:10.887+0000] {logging_mixin.py:151} INFO - [2023-10-10T06:39:10.887+0000] {dagbag.py:539} INFO - Filling up the DagBag from /home/airflow/.local/lib/python3.8/site-packages/airflow/example_dags/example_xcomargs.py
[2023-10-10T06:39:10.892+0000] {processor.py:839} INFO - DAG(s) dict_keys(['example_xcom_args', 'example_xcom_args_with_operators']) retrieved from /home/airflow/.local/lib/python3.8/site-packages/airflow/example_dags/example_xcomargs.py
[2023-10-10T06:39:10.910+0000] {logging_mixin.py:151} INFO - [2023-10-10T06:39:10.910+0000] {dag.py:2915} INFO - Sync 2 DAGs
[2023-10-10T06:39:10.918+0000] {logging_mixin.py:151} INFO - [2023-10-10T06:39:10.917+0000] {dag.py:3696} INFO - Setting next_dagrun for example_xcom_args to None, run_after=None
[2023-10-10T06:39:10.920+0000] {logging_mixin.py:151} INFO - [2023-10-10T06:39:10.920+0000] {dag.py:3696} INFO - Setting next_dagrun for example_xcom_args_with_operators to None, run_after=None
[2023-10-10T06:39:10.929+0000] {processor.py:179} INFO - Processing /home/airflow/.local/lib/python3.8/site-packages/airflow/example_dags/example_xcomargs.py took 0.047 seconds
[2023-10-10T06:39:41.179+0000] {processor.py:157} INFO - Started process (PID=214) to work on /home/airflow/.local/lib/python3.8/site-packages/airflow/example_dags/example_xcomargs.py
[2023-10-10T06:39:41.180+0000] {processor.py:829} INFO - Processing file /home/airflow/.local/lib/python3.8/site-packages/airflow/example_dags/example_xcomargs.py for tasks to queue
[2023-10-10T06:39:41.181+0000] {logging_mixin.py:151} INFO - [2023-10-10T06:39:41.181+0000] {dagbag.py:539} INFO - Filling up the DagBag from /home/airflow/.local/lib/python3.8/site-packages/airflow/example_dags/example_xcomargs.py
[2023-10-10T06:39:41.186+0000] {processor.py:839} INFO - DAG(s) dict_keys(['example_xcom_args', 'example_xcom_args_with_operators']) retrieved from /home/airflow/.local/lib/python3.8/site-packages/airflow/example_dags/example_xcomargs.py
[2023-10-10T06:39:41.200+0000] {logging_mixin.py:151} INFO - [2023-10-10T06:39:41.200+0000] {dag.py:2915} INFO - Sync 2 DAGs
[2023-10-10T06:39:41.207+0000] {logging_mixin.py:151} INFO - [2023-10-10T06:39:41.207+0000] {dag.py:3696} INFO - Setting next_dagrun for example_xcom_args to None, run_after=None
[2023-10-10T06:39:41.209+0000] {logging_mixin.py:151} INFO - [2023-10-10T06:39:41.208+0000] {dag.py:3696} INFO - Setting next_dagrun for example_xcom_args_with_operators to None, run_after=None
[2023-10-10T06:39:41.217+0000] {processor.py:179} INFO - Processing /home/airflow/.local/lib/python3.8/site-packages/airflow/example_dags/example_xcomargs.py took 0.040 seconds
[2023-10-10T06:40:11.457+0000] {processor.py:157} INFO - Started process (PID=270) to work on /home/airflow/.local/lib/python3.8/site-packages/airflow/example_dags/example_xcomargs.py
[2023-10-10T06:40:11.458+0000] {processor.py:829} INFO - Processing file /home/airflow/.local/lib/python3.8/site-packages/airflow/example_dags/example_xcomargs.py for tasks to queue
[2023-10-10T06:40:11.460+0000] {logging_mixin.py:151} INFO - [2023-10-10T06:40:11.460+0000] {dagbag.py:539} INFO - Filling up the DagBag from /home/airflow/.local/lib/python3.8/site-packages/airflow/example_dags/example_xcomargs.py
[2023-10-10T06:40:11.465+0000] {processor.py:839} INFO - DAG(s) dict_keys(['example_xcom_args', 'example_xcom_args_with_operators']) retrieved from /home/airflow/.local/lib/python3.8/site-packages/airflow/example_dags/example_xcomargs.py
[2023-10-10T06:40:11.480+0000] {logging_mixin.py:151} INFO - [2023-10-10T06:40:11.480+0000] {dag.py:2915} INFO - Sync 2 DAGs
[2023-10-10T06:40:11.489+0000] {logging_mixin.py:151} INFO - [2023-10-10T06:40:11.488+0000] {dag.py:3696} INFO - Setting next_dagrun for example_xcom_args to None, run_after=None
[2023-10-10T06:40:11.491+0000] {logging_mixin.py:151} INFO - [2023-10-10T06:40:11.491+0000] {dag.py:3696} INFO - Setting next_dagrun for example_xcom_args_with_operators to None, run_after=None
[2023-10-10T06:40:11.503+0000] {processor.py:179} INFO - Processing /home/airflow/.local/lib/python3.8/site-packages/airflow/example_dags/example_xcomargs.py took 0.048 seconds
[2023-10-10T06:40:41.824+0000] {processor.py:157} INFO - Started process (PID=326) to work on /home/airflow/.local/lib/python3.8/site-packages/airflow/example_dags/example_xcomargs.py
[2023-10-10T06:40:41.825+0000] {processor.py:829} INFO - Processing file /home/airflow/.local/lib/python3.8/site-packages/airflow/example_dags/example_xcomargs.py for tasks to queue
[2023-10-10T06:40:41.826+0000] {logging_mixin.py:151} INFO - [2023-10-10T06:40:41.826+0000] {dagbag.py:539} INFO - Filling up the DagBag from /home/airflow/.local/lib/python3.8/site-packages/airflow/example_dags/example_xcomargs.py
[2023-10-10T06:40:41.831+0000] {processor.py:839} INFO - DAG(s) dict_keys(['example_xcom_args_with_operators', 'example_xcom_args']) retrieved from /home/airflow/.local/lib/python3.8/site-packages/airflow/example_dags/example_xcomargs.py
[2023-10-10T06:40:41.845+0000] {logging_mixin.py:151} INFO - [2023-10-10T06:40:41.845+0000] {dag.py:2915} INFO - Sync 2 DAGs
[2023-10-10T06:40:41.853+0000] {logging_mixin.py:151} INFO - [2023-10-10T06:40:41.853+0000] {dag.py:3696} INFO - Setting next_dagrun for example_xcom_args to None, run_after=None
[2023-10-10T06:40:41.855+0000] {logging_mixin.py:151} INFO - [2023-10-10T06:40:41.855+0000] {dag.py:3696} INFO - Setting next_dagrun for example_xcom_args_with_operators to None, run_after=None
[2023-10-10T06:40:41.864+0000] {processor.py:179} INFO - Processing /home/airflow/.local/lib/python3.8/site-packages/airflow/example_dags/example_xcomargs.py took 0.043 seconds
[2023-10-10T06:41:12.285+0000] {processor.py:157} INFO - Started process (PID=382) to work on /home/airflow/.local/lib/python3.8/site-packages/airflow/example_dags/example_xcomargs.py
[2023-10-10T06:41:12.287+0000] {processor.py:829} INFO - Processing file /home/airflow/.local/lib/python3.8/site-packages/airflow/example_dags/example_xcomargs.py for tasks to queue
[2023-10-10T06:41:12.289+0000] {logging_mixin.py:151} INFO - [2023-10-10T06:41:12.288+0000] {dagbag.py:539} INFO - Filling up the DagBag from /home/airflow/.local/lib/python3.8/site-packages/airflow/example_dags/example_xcomargs.py
[2023-10-10T06:41:12.294+0000] {processor.py:839} INFO - DAG(s) dict_keys(['example_xcom_args_with_operators', 'example_xcom_args']) retrieved from /home/airflow/.local/lib/python3.8/site-packages/airflow/example_dags/example_xcomargs.py
[2023-10-10T06:41:12.309+0000] {logging_mixin.py:151} INFO - [2023-10-10T06:41:12.309+0000] {dag.py:2915} INFO - Sync 2 DAGs
[2023-10-10T06:41:12.316+0000] {logging_mixin.py:151} INFO - [2023-10-10T06:41:12.316+0000] {dag.py:3696} INFO - Setting next_dagrun for example_xcom_args to None, run_after=None
[2023-10-10T06:41:12.318+0000] {logging_mixin.py:151} INFO - [2023-10-10T06:41:12.318+0000] {dag.py:3696} INFO - Setting next_dagrun for example_xcom_args_with_operators to None, run_after=None
[2023-10-10T06:41:12.329+0000] {processor.py:179} INFO - Processing /home/airflow/.local/lib/python3.8/site-packages/airflow/example_dags/example_xcomargs.py took 0.046 seconds
[2023-10-10T06:41:42.517+0000] {processor.py:157} INFO - Started process (PID=438) to work on /home/airflow/.local/lib/python3.8/site-packages/airflow/example_dags/example_xcomargs.py
[2023-10-10T06:41:42.518+0000] {processor.py:829} INFO - Processing file /home/airflow/.local/lib/python3.8/site-packages/airflow/example_dags/example_xcomargs.py for tasks to queue
[2023-10-10T06:41:42.519+0000] {logging_mixin.py:151} INFO - [2023-10-10T06:41:42.519+0000] {dagbag.py:539} INFO - Filling up the DagBag from /home/airflow/.local/lib/python3.8/site-packages/airflow/example_dags/example_xcomargs.py
[2023-10-10T06:41:42.524+0000] {processor.py:839} INFO - DAG(s) dict_keys(['example_xcom_args_with_operators', 'example_xcom_args']) retrieved from /home/airflow/.local/lib/python3.8/site-packages/airflow/example_dags/example_xcomargs.py
[2023-10-10T06:41:42.537+0000] {logging_mixin.py:151} INFO - [2023-10-10T06:41:42.536+0000] {dag.py:2915} INFO - Sync 2 DAGs
[2023-10-10T06:41:42.543+0000] {logging_mixin.py:151} INFO - [2023-10-10T06:41:42.543+0000] {dag.py:3696} INFO - Setting next_dagrun for example_xcom_args to None, run_after=None
[2023-10-10T06:41:42.545+0000] {logging_mixin.py:151} INFO - [2023-10-10T06:41:42.545+0000] {dag.py:3696} INFO - Setting next_dagrun for example_xcom_args_with_operators to None, run_after=None
[2023-10-10T06:41:42.553+0000] {processor.py:179} INFO - Processing /home/airflow/.local/lib/python3.8/site-packages/airflow/example_dags/example_xcomargs.py took 0.038 seconds
[2023-10-10T06:42:12.902+0000] {processor.py:157} INFO - Started process (PID=494) to work on /home/airflow/.local/lib/python3.8/site-packages/airflow/example_dags/example_xcomargs.py
[2023-10-10T06:42:12.903+0000] {processor.py:829} INFO - Processing file /home/airflow/.local/lib/python3.8/site-packages/airflow/example_dags/example_xcomargs.py for tasks to queue
[2023-10-10T06:42:12.905+0000] {logging_mixin.py:151} INFO - [2023-10-10T06:42:12.905+0000] {dagbag.py:539} INFO - Filling up the DagBag from /home/airflow/.local/lib/python3.8/site-packages/airflow/example_dags/example_xcomargs.py
[2023-10-10T06:42:12.910+0000] {processor.py:839} INFO - DAG(s) dict_keys(['example_xcom_args', 'example_xcom_args_with_operators']) retrieved from /home/airflow/.local/lib/python3.8/site-packages/airflow/example_dags/example_xcomargs.py
[2023-10-10T06:42:12.925+0000] {logging_mixin.py:151} INFO - [2023-10-10T06:42:12.925+0000] {dag.py:2915} INFO - Sync 2 DAGs
[2023-10-10T06:42:12.932+0000] {logging_mixin.py:151} INFO - [2023-10-10T06:42:12.932+0000] {dag.py:3696} INFO - Setting next_dagrun for example_xcom_args to None, run_after=None
[2023-10-10T06:42:12.934+0000] {logging_mixin.py:151} INFO - [2023-10-10T06:42:12.934+0000] {dag.py:3696} INFO - Setting next_dagrun for example_xcom_args_with_operators to None, run_after=None
[2023-10-10T06:42:12.944+0000] {processor.py:179} INFO - Processing /home/airflow/.local/lib/python3.8/site-packages/airflow/example_dags/example_xcomargs.py took 0.044 seconds
[2023-10-10T06:42:43.280+0000] {processor.py:157} INFO - Started process (PID=550) to work on /home/airflow/.local/lib/python3.8/site-packages/airflow/example_dags/example_xcomargs.py
[2023-10-10T06:42:43.280+0000] {processor.py:829} INFO - Processing file /home/airflow/.local/lib/python3.8/site-packages/airflow/example_dags/example_xcomargs.py for tasks to queue
[2023-10-10T06:42:43.282+0000] {logging_mixin.py:151} INFO - [2023-10-10T06:42:43.282+0000] {dagbag.py:539} INFO - Filling up the DagBag from /home/airflow/.local/lib/python3.8/site-packages/airflow/example_dags/example_xcomargs.py
[2023-10-10T06:42:43.288+0000] {processor.py:839} INFO - DAG(s) dict_keys(['example_xcom_args_with_operators', 'example_xcom_args']) retrieved from /home/airflow/.local/lib/python3.8/site-packages/airflow/example_dags/example_xcomargs.py
[2023-10-10T06:42:43.303+0000] {logging_mixin.py:151} INFO - [2023-10-10T06:42:43.302+0000] {dag.py:2915} INFO - Sync 2 DAGs
[2023-10-10T06:42:43.309+0000] {logging_mixin.py:151} INFO - [2023-10-10T06:42:43.309+0000] {dag.py:3696} INFO - Setting next_dagrun for example_xcom_args to None, run_after=None
[2023-10-10T06:42:43.311+0000] {logging_mixin.py:151} INFO - [2023-10-10T06:42:43.311+0000] {dag.py:3696} INFO - Setting next_dagrun for example_xcom_args_with_operators to None, run_after=None
[2023-10-10T06:42:43.320+0000] {processor.py:179} INFO - Processing /home/airflow/.local/lib/python3.8/site-packages/airflow/example_dags/example_xcomargs.py took 0.044 seconds
[2023-10-10T06:43:13.509+0000] {processor.py:157} INFO - Started process (PID=606) to work on /home/airflow/.local/lib/python3.8/site-packages/airflow/example_dags/example_xcomargs.py
[2023-10-10T06:43:13.510+0000] {processor.py:829} INFO - Processing file /home/airflow/.local/lib/python3.8/site-packages/airflow/example_dags/example_xcomargs.py for tasks to queue
[2023-10-10T06:43:13.511+0000] {logging_mixin.py:151} INFO - [2023-10-10T06:43:13.511+0000] {dagbag.py:539} INFO - Filling up the DagBag from /home/airflow/.local/lib/python3.8/site-packages/airflow/example_dags/example_xcomargs.py
[2023-10-10T06:43:13.516+0000] {processor.py:839} INFO - DAG(s) dict_keys(['example_xcom_args_with_operators', 'example_xcom_args']) retrieved from /home/airflow/.local/lib/python3.8/site-packages/airflow/example_dags/example_xcomargs.py
[2023-10-10T06:43:13.530+0000] {logging_mixin.py:151} INFO - [2023-10-10T06:43:13.530+0000] {dag.py:2915} INFO - Sync 2 DAGs
[2023-10-10T06:43:13.537+0000] {logging_mixin.py:151} INFO - [2023-10-10T06:43:13.537+0000] {dag.py:3696} INFO - Setting next_dagrun for example_xcom_args to None, run_after=None
[2023-10-10T06:43:13.539+0000] {logging_mixin.py:151} INFO - [2023-10-10T06:43:13.538+0000] {dag.py:3696} INFO - Setting next_dagrun for example_xcom_args_with_operators to None, run_after=None
[2023-10-10T06:43:13.547+0000] {processor.py:179} INFO - Processing /home/airflow/.local/lib/python3.8/site-packages/airflow/example_dags/example_xcomargs.py took 0.040 seconds
[2023-10-10T06:46:48.826+0000] {processor.py:157} INFO - Started process (PID=48) to work on /home/airflow/.local/lib/python3.8/site-packages/airflow/example_dags/example_xcomargs.py
[2023-10-10T06:46:48.827+0000] {processor.py:829} INFO - Processing file /home/airflow/.local/lib/python3.8/site-packages/airflow/example_dags/example_xcomargs.py for tasks to queue
[2023-10-10T06:46:48.829+0000] {logging_mixin.py:151} INFO - [2023-10-10T06:46:48.828+0000] {dagbag.py:539} INFO - Filling up the DagBag from /home/airflow/.local/lib/python3.8/site-packages/airflow/example_dags/example_xcomargs.py
[2023-10-10T06:46:48.835+0000] {processor.py:839} INFO - DAG(s) dict_keys(['example_xcom_args_with_operators', 'example_xcom_args']) retrieved from /home/airflow/.local/lib/python3.8/site-packages/airflow/example_dags/example_xcomargs.py
[2023-10-10T06:46:48.843+0000] {logging_mixin.py:151} INFO - [2023-10-10T06:46:48.843+0000] {dag.py:2915} INFO - Sync 2 DAGs
[2023-10-10T06:46:48.850+0000] {logging_mixin.py:151} INFO - [2023-10-10T06:46:48.850+0000] {dag.py:3696} INFO - Setting next_dagrun for example_xcom_args to None, run_after=None
[2023-10-10T06:46:48.852+0000] {logging_mixin.py:151} INFO - [2023-10-10T06:46:48.852+0000] {dag.py:3696} INFO - Setting next_dagrun for example_xcom_args_with_operators to None, run_after=None
[2023-10-10T06:46:48.861+0000] {processor.py:179} INFO - Processing /home/airflow/.local/lib/python3.8/site-packages/airflow/example_dags/example_xcomargs.py took 0.037 seconds
[2023-10-10T06:47:19.390+0000] {processor.py:157} INFO - Started process (PID=104) to work on /home/airflow/.local/lib/python3.8/site-packages/airflow/example_dags/example_xcomargs.py
[2023-10-10T06:47:19.391+0000] {processor.py:829} INFO - Processing file /home/airflow/.local/lib/python3.8/site-packages/airflow/example_dags/example_xcomargs.py for tasks to queue
[2023-10-10T06:47:19.393+0000] {logging_mixin.py:151} INFO - [2023-10-10T06:47:19.393+0000] {dagbag.py:539} INFO - Filling up the DagBag from /home/airflow/.local/lib/python3.8/site-packages/airflow/example_dags/example_xcomargs.py
[2023-10-10T06:47:19.399+0000] {processor.py:839} INFO - DAG(s) dict_keys(['example_xcom_args_with_operators', 'example_xcom_args']) retrieved from /home/airflow/.local/lib/python3.8/site-packages/airflow/example_dags/example_xcomargs.py
[2023-10-10T06:47:19.415+0000] {logging_mixin.py:151} INFO - [2023-10-10T06:47:19.415+0000] {dag.py:2915} INFO - Sync 2 DAGs
[2023-10-10T06:47:19.424+0000] {logging_mixin.py:151} INFO - [2023-10-10T06:47:19.424+0000] {dag.py:3696} INFO - Setting next_dagrun for example_xcom_args to None, run_after=None
[2023-10-10T06:47:19.427+0000] {logging_mixin.py:151} INFO - [2023-10-10T06:47:19.427+0000] {dag.py:3696} INFO - Setting next_dagrun for example_xcom_args_with_operators to None, run_after=None
[2023-10-10T06:47:19.438+0000] {processor.py:179} INFO - Processing /home/airflow/.local/lib/python3.8/site-packages/airflow/example_dags/example_xcomargs.py took 0.051 seconds
[2023-10-10T06:47:49.551+0000] {processor.py:157} INFO - Started process (PID=159) to work on /home/airflow/.local/lib/python3.8/site-packages/airflow/example_dags/example_xcomargs.py
[2023-10-10T06:47:49.552+0000] {processor.py:829} INFO - Processing file /home/airflow/.local/lib/python3.8/site-packages/airflow/example_dags/example_xcomargs.py for tasks to queue
[2023-10-10T06:47:49.553+0000] {logging_mixin.py:151} INFO - [2023-10-10T06:47:49.553+0000] {dagbag.py:539} INFO - Filling up the DagBag from /home/airflow/.local/lib/python3.8/site-packages/airflow/example_dags/example_xcomargs.py
[2023-10-10T06:47:49.557+0000] {processor.py:839} INFO - DAG(s) dict_keys(['example_xcom_args', 'example_xcom_args_with_operators']) retrieved from /home/airflow/.local/lib/python3.8/site-packages/airflow/example_dags/example_xcomargs.py
[2023-10-10T06:47:49.572+0000] {logging_mixin.py:151} INFO - [2023-10-10T06:47:49.572+0000] {dag.py:2915} INFO - Sync 2 DAGs
[2023-10-10T06:47:49.579+0000] {logging_mixin.py:151} INFO - [2023-10-10T06:47:49.579+0000] {dag.py:3696} INFO - Setting next_dagrun for example_xcom_args to None, run_after=None
[2023-10-10T06:47:49.581+0000] {logging_mixin.py:151} INFO - [2023-10-10T06:47:49.581+0000] {dag.py:3696} INFO - Setting next_dagrun for example_xcom_args_with_operators to None, run_after=None
[2023-10-10T06:47:49.590+0000] {processor.py:179} INFO - Processing /home/airflow/.local/lib/python3.8/site-packages/airflow/example_dags/example_xcomargs.py took 0.042 seconds
[2023-10-10T06:48:19.742+0000] {processor.py:157} INFO - Started process (PID=215) to work on /home/airflow/.local/lib/python3.8/site-packages/airflow/example_dags/example_xcomargs.py
[2023-10-10T06:48:19.743+0000] {processor.py:829} INFO - Processing file /home/airflow/.local/lib/python3.8/site-packages/airflow/example_dags/example_xcomargs.py for tasks to queue
[2023-10-10T06:48:19.744+0000] {logging_mixin.py:151} INFO - [2023-10-10T06:48:19.744+0000] {dagbag.py:539} INFO - Filling up the DagBag from /home/airflow/.local/lib/python3.8/site-packages/airflow/example_dags/example_xcomargs.py
[2023-10-10T06:48:19.749+0000] {processor.py:839} INFO - DAG(s) dict_keys(['example_xcom_args', 'example_xcom_args_with_operators']) retrieved from /home/airflow/.local/lib/python3.8/site-packages/airflow/example_dags/example_xcomargs.py
[2023-10-10T06:48:19.763+0000] {logging_mixin.py:151} INFO - [2023-10-10T06:48:19.763+0000] {dag.py:2915} INFO - Sync 2 DAGs
[2023-10-10T06:48:19.771+0000] {logging_mixin.py:151} INFO - [2023-10-10T06:48:19.771+0000] {dag.py:3696} INFO - Setting next_dagrun for example_xcom_args to None, run_after=None
[2023-10-10T06:48:19.773+0000] {logging_mixin.py:151} INFO - [2023-10-10T06:48:19.772+0000] {dag.py:3696} INFO - Setting next_dagrun for example_xcom_args_with_operators to None, run_after=None
[2023-10-10T06:48:19.782+0000] {processor.py:179} INFO - Processing /home/airflow/.local/lib/python3.8/site-packages/airflow/example_dags/example_xcomargs.py took 0.042 seconds
[2023-10-10T06:48:49.951+0000] {processor.py:157} INFO - Started process (PID=271) to work on /home/airflow/.local/lib/python3.8/site-packages/airflow/example_dags/example_xcomargs.py
[2023-10-10T06:48:49.952+0000] {processor.py:829} INFO - Processing file /home/airflow/.local/lib/python3.8/site-packages/airflow/example_dags/example_xcomargs.py for tasks to queue
[2023-10-10T06:48:49.954+0000] {logging_mixin.py:151} INFO - [2023-10-10T06:48:49.953+0000] {dagbag.py:539} INFO - Filling up the DagBag from /home/airflow/.local/lib/python3.8/site-packages/airflow/example_dags/example_xcomargs.py
[2023-10-10T06:48:49.958+0000] {processor.py:839} INFO - DAG(s) dict_keys(['example_xcom_args', 'example_xcom_args_with_operators']) retrieved from /home/airflow/.local/lib/python3.8/site-packages/airflow/example_dags/example_xcomargs.py
[2023-10-10T06:48:49.972+0000] {logging_mixin.py:151} INFO - [2023-10-10T06:48:49.972+0000] {dag.py:2915} INFO - Sync 2 DAGs
[2023-10-10T06:48:49.979+0000] {logging_mixin.py:151} INFO - [2023-10-10T06:48:49.979+0000] {dag.py:3696} INFO - Setting next_dagrun for example_xcom_args to None, run_after=None
[2023-10-10T06:48:49.981+0000] {logging_mixin.py:151} INFO - [2023-10-10T06:48:49.981+0000] {dag.py:3696} INFO - Setting next_dagrun for example_xcom_args_with_operators to None, run_after=None
[2023-10-10T06:48:49.989+0000] {processor.py:179} INFO - Processing /home/airflow/.local/lib/python3.8/site-packages/airflow/example_dags/example_xcomargs.py took 0.040 seconds
[2023-10-10T06:49:20.181+0000] {processor.py:157} INFO - Started process (PID=327) to work on /home/airflow/.local/lib/python3.8/site-packages/airflow/example_dags/example_xcomargs.py
[2023-10-10T06:49:20.182+0000] {processor.py:829} INFO - Processing file /home/airflow/.local/lib/python3.8/site-packages/airflow/example_dags/example_xcomargs.py for tasks to queue
[2023-10-10T06:49:20.183+0000] {logging_mixin.py:151} INFO - [2023-10-10T06:49:20.183+0000] {dagbag.py:539} INFO - Filling up the DagBag from /home/airflow/.local/lib/python3.8/site-packages/airflow/example_dags/example_xcomargs.py
[2023-10-10T06:49:20.188+0000] {processor.py:839} INFO - DAG(s) dict_keys(['example_xcom_args_with_operators', 'example_xcom_args']) retrieved from /home/airflow/.local/lib/python3.8/site-packages/airflow/example_dags/example_xcomargs.py
[2023-10-10T06:49:20.202+0000] {logging_mixin.py:151} INFO - [2023-10-10T06:49:20.202+0000] {dag.py:2915} INFO - Sync 2 DAGs
[2023-10-10T06:49:20.208+0000] {logging_mixin.py:151} INFO - [2023-10-10T06:49:20.208+0000] {dag.py:3696} INFO - Setting next_dagrun for example_xcom_args to None, run_after=None
[2023-10-10T06:49:20.210+0000] {logging_mixin.py:151} INFO - [2023-10-10T06:49:20.210+0000] {dag.py:3696} INFO - Setting next_dagrun for example_xcom_args_with_operators to None, run_after=None
[2023-10-10T06:49:20.218+0000] {processor.py:179} INFO - Processing /home/airflow/.local/lib/python3.8/site-packages/airflow/example_dags/example_xcomargs.py took 0.040 seconds
[2023-10-10T06:49:50.347+0000] {processor.py:157} INFO - Started process (PID=383) to work on /home/airflow/.local/lib/python3.8/site-packages/airflow/example_dags/example_xcomargs.py
[2023-10-10T06:49:50.349+0000] {processor.py:829} INFO - Processing file /home/airflow/.local/lib/python3.8/site-packages/airflow/example_dags/example_xcomargs.py for tasks to queue
[2023-10-10T06:49:50.351+0000] {logging_mixin.py:151} INFO - [2023-10-10T06:49:50.350+0000] {dagbag.py:539} INFO - Filling up the DagBag from /home/airflow/.local/lib/python3.8/site-packages/airflow/example_dags/example_xcomargs.py
[2023-10-10T06:49:50.356+0000] {processor.py:839} INFO - DAG(s) dict_keys(['example_xcom_args_with_operators', 'example_xcom_args']) retrieved from /home/airflow/.local/lib/python3.8/site-packages/airflow/example_dags/example_xcomargs.py
[2023-10-10T06:49:50.372+0000] {logging_mixin.py:151} INFO - [2023-10-10T06:49:50.372+0000] {dag.py:2915} INFO - Sync 2 DAGs
[2023-10-10T06:49:50.379+0000] {logging_mixin.py:151} INFO - [2023-10-10T06:49:50.379+0000] {dag.py:3696} INFO - Setting next_dagrun for example_xcom_args to None, run_after=None
[2023-10-10T06:49:50.381+0000] {logging_mixin.py:151} INFO - [2023-10-10T06:49:50.381+0000] {dag.py:3696} INFO - Setting next_dagrun for example_xcom_args_with_operators to None, run_after=None
[2023-10-10T06:49:50.391+0000] {processor.py:179} INFO - Processing /home/airflow/.local/lib/python3.8/site-packages/airflow/example_dags/example_xcomargs.py took 0.046 seconds
[2023-10-10T06:50:20.611+0000] {processor.py:157} INFO - Started process (PID=439) to work on /home/airflow/.local/lib/python3.8/site-packages/airflow/example_dags/example_xcomargs.py
[2023-10-10T06:50:20.612+0000] {processor.py:829} INFO - Processing file /home/airflow/.local/lib/python3.8/site-packages/airflow/example_dags/example_xcomargs.py for tasks to queue
[2023-10-10T06:50:20.613+0000] {logging_mixin.py:151} INFO - [2023-10-10T06:50:20.613+0000] {dagbag.py:539} INFO - Filling up the DagBag from /home/airflow/.local/lib/python3.8/site-packages/airflow/example_dags/example_xcomargs.py
[2023-10-10T06:50:20.618+0000] {processor.py:839} INFO - DAG(s) dict_keys(['example_xcom_args', 'example_xcom_args_with_operators']) retrieved from /home/airflow/.local/lib/python3.8/site-packages/airflow/example_dags/example_xcomargs.py
[2023-10-10T06:50:20.634+0000] {logging_mixin.py:151} INFO - [2023-10-10T06:50:20.634+0000] {dag.py:2915} INFO - Sync 2 DAGs
[2023-10-10T06:50:20.641+0000] {logging_mixin.py:151} INFO - [2023-10-10T06:50:20.641+0000] {dag.py:3696} INFO - Setting next_dagrun for example_xcom_args to None, run_after=None
[2023-10-10T06:50:20.643+0000] {logging_mixin.py:151} INFO - [2023-10-10T06:50:20.643+0000] {dag.py:3696} INFO - Setting next_dagrun for example_xcom_args_with_operators to None, run_after=None
[2023-10-10T06:50:20.652+0000] {processor.py:179} INFO - Processing /home/airflow/.local/lib/python3.8/site-packages/airflow/example_dags/example_xcomargs.py took 0.043 seconds
[2023-10-10T06:50:50.838+0000] {processor.py:157} INFO - Started process (PID=495) to work on /home/airflow/.local/lib/python3.8/site-packages/airflow/example_dags/example_xcomargs.py
[2023-10-10T06:50:50.840+0000] {processor.py:829} INFO - Processing file /home/airflow/.local/lib/python3.8/site-packages/airflow/example_dags/example_xcomargs.py for tasks to queue
[2023-10-10T06:50:50.842+0000] {logging_mixin.py:151} INFO - [2023-10-10T06:50:50.841+0000] {dagbag.py:539} INFO - Filling up the DagBag from /home/airflow/.local/lib/python3.8/site-packages/airflow/example_dags/example_xcomargs.py
[2023-10-10T06:50:50.848+0000] {processor.py:839} INFO - DAG(s) dict_keys(['example_xcom_args_with_operators', 'example_xcom_args']) retrieved from /home/airflow/.local/lib/python3.8/site-packages/airflow/example_dags/example_xcomargs.py
[2023-10-10T06:50:50.865+0000] {logging_mixin.py:151} INFO - [2023-10-10T06:50:50.864+0000] {dag.py:2915} INFO - Sync 2 DAGs
[2023-10-10T06:50:50.874+0000] {logging_mixin.py:151} INFO - [2023-10-10T06:50:50.874+0000] {dag.py:3696} INFO - Setting next_dagrun for example_xcom_args to None, run_after=None
[2023-10-10T06:50:50.876+0000] {logging_mixin.py:151} INFO - [2023-10-10T06:50:50.876+0000] {dag.py:3696} INFO - Setting next_dagrun for example_xcom_args_with_operators to None, run_after=None
[2023-10-10T06:50:50.887+0000] {processor.py:179} INFO - Processing /home/airflow/.local/lib/python3.8/site-packages/airflow/example_dags/example_xcomargs.py took 0.053 seconds
[2023-10-10T06:51:21.123+0000] {processor.py:157} INFO - Started process (PID=551) to work on /home/airflow/.local/lib/python3.8/site-packages/airflow/example_dags/example_xcomargs.py
[2023-10-10T06:51:21.124+0000] {processor.py:829} INFO - Processing file /home/airflow/.local/lib/python3.8/site-packages/airflow/example_dags/example_xcomargs.py for tasks to queue
[2023-10-10T06:51:21.125+0000] {logging_mixin.py:151} INFO - [2023-10-10T06:51:21.125+0000] {dagbag.py:539} INFO - Filling up the DagBag from /home/airflow/.local/lib/python3.8/site-packages/airflow/example_dags/example_xcomargs.py
[2023-10-10T06:51:21.130+0000] {processor.py:839} INFO - DAG(s) dict_keys(['example_xcom_args', 'example_xcom_args_with_operators']) retrieved from /home/airflow/.local/lib/python3.8/site-packages/airflow/example_dags/example_xcomargs.py
[2023-10-10T06:51:21.143+0000] {logging_mixin.py:151} INFO - [2023-10-10T06:51:21.143+0000] {dag.py:2915} INFO - Sync 2 DAGs
[2023-10-10T06:51:21.150+0000] {logging_mixin.py:151} INFO - [2023-10-10T06:51:21.150+0000] {dag.py:3696} INFO - Setting next_dagrun for example_xcom_args to None, run_after=None
[2023-10-10T06:51:21.151+0000] {logging_mixin.py:151} INFO - [2023-10-10T06:51:21.151+0000] {dag.py:3696} INFO - Setting next_dagrun for example_xcom_args_with_operators to None, run_after=None
[2023-10-10T06:51:21.159+0000] {processor.py:179} INFO - Processing /home/airflow/.local/lib/python3.8/site-packages/airflow/example_dags/example_xcomargs.py took 0.038 seconds
[2023-10-10T06:51:51.450+0000] {processor.py:157} INFO - Started process (PID=607) to work on /home/airflow/.local/lib/python3.8/site-packages/airflow/example_dags/example_xcomargs.py
[2023-10-10T06:51:51.452+0000] {processor.py:829} INFO - Processing file /home/airflow/.local/lib/python3.8/site-packages/airflow/example_dags/example_xcomargs.py for tasks to queue
[2023-10-10T06:51:51.453+0000] {logging_mixin.py:151} INFO - [2023-10-10T06:51:51.453+0000] {dagbag.py:539} INFO - Filling up the DagBag from /home/airflow/.local/lib/python3.8/site-packages/airflow/example_dags/example_xcomargs.py
[2023-10-10T06:51:51.458+0000] {processor.py:839} INFO - DAG(s) dict_keys(['example_xcom_args', 'example_xcom_args_with_operators']) retrieved from /home/airflow/.local/lib/python3.8/site-packages/airflow/example_dags/example_xcomargs.py
[2023-10-10T06:51:51.472+0000] {logging_mixin.py:151} INFO - [2023-10-10T06:51:51.472+0000] {dag.py:2915} INFO - Sync 2 DAGs
[2023-10-10T06:51:51.479+0000] {logging_mixin.py:151} INFO - [2023-10-10T06:51:51.478+0000] {dag.py:3696} INFO - Setting next_dagrun for example_xcom_args to None, run_after=None
[2023-10-10T06:51:51.480+0000] {logging_mixin.py:151} INFO - [2023-10-10T06:51:51.480+0000] {dag.py:3696} INFO - Setting next_dagrun for example_xcom_args_with_operators to None, run_after=None
[2023-10-10T06:51:51.489+0000] {processor.py:179} INFO - Processing /home/airflow/.local/lib/python3.8/site-packages/airflow/example_dags/example_xcomargs.py took 0.041 seconds
[2023-10-10T06:52:21.716+0000] {processor.py:157} INFO - Started process (PID=663) to work on /home/airflow/.local/lib/python3.8/site-packages/airflow/example_dags/example_xcomargs.py
[2023-10-10T06:52:21.717+0000] {processor.py:829} INFO - Processing file /home/airflow/.local/lib/python3.8/site-packages/airflow/example_dags/example_xcomargs.py for tasks to queue
[2023-10-10T06:52:21.719+0000] {logging_mixin.py:151} INFO - [2023-10-10T06:52:21.719+0000] {dagbag.py:539} INFO - Filling up the DagBag from /home/airflow/.local/lib/python3.8/site-packages/airflow/example_dags/example_xcomargs.py
[2023-10-10T06:52:21.724+0000] {processor.py:839} INFO - DAG(s) dict_keys(['example_xcom_args_with_operators', 'example_xcom_args']) retrieved from /home/airflow/.local/lib/python3.8/site-packages/airflow/example_dags/example_xcomargs.py
[2023-10-10T06:52:21.739+0000] {logging_mixin.py:151} INFO - [2023-10-10T06:52:21.739+0000] {dag.py:2915} INFO - Sync 2 DAGs
[2023-10-10T06:52:21.746+0000] {logging_mixin.py:151} INFO - [2023-10-10T06:52:21.746+0000] {dag.py:3696} INFO - Setting next_dagrun for example_xcom_args to None, run_after=None
[2023-10-10T06:52:21.748+0000] {logging_mixin.py:151} INFO - [2023-10-10T06:52:21.748+0000] {dag.py:3696} INFO - Setting next_dagrun for example_xcom_args_with_operators to None, run_after=None
[2023-10-10T06:52:21.757+0000] {processor.py:179} INFO - Processing /home/airflow/.local/lib/python3.8/site-packages/airflow/example_dags/example_xcomargs.py took 0.044 seconds
[2023-10-10T06:52:51.895+0000] {processor.py:157} INFO - Started process (PID=719) to work on /home/airflow/.local/lib/python3.8/site-packages/airflow/example_dags/example_xcomargs.py
[2023-10-10T06:52:51.896+0000] {processor.py:829} INFO - Processing file /home/airflow/.local/lib/python3.8/site-packages/airflow/example_dags/example_xcomargs.py for tasks to queue
[2023-10-10T06:52:51.898+0000] {logging_mixin.py:151} INFO - [2023-10-10T06:52:51.897+0000] {dagbag.py:539} INFO - Filling up the DagBag from /home/airflow/.local/lib/python3.8/site-packages/airflow/example_dags/example_xcomargs.py
[2023-10-10T06:52:51.902+0000] {processor.py:839} INFO - DAG(s) dict_keys(['example_xcom_args', 'example_xcom_args_with_operators']) retrieved from /home/airflow/.local/lib/python3.8/site-packages/airflow/example_dags/example_xcomargs.py
[2023-10-10T06:52:51.915+0000] {logging_mixin.py:151} INFO - [2023-10-10T06:52:51.915+0000] {dag.py:2915} INFO - Sync 2 DAGs
[2023-10-10T06:52:51.922+0000] {logging_mixin.py:151} INFO - [2023-10-10T06:52:51.922+0000] {dag.py:3696} INFO - Setting next_dagrun for example_xcom_args to None, run_after=None
[2023-10-10T06:52:51.924+0000] {logging_mixin.py:151} INFO - [2023-10-10T06:52:51.924+0000] {dag.py:3696} INFO - Setting next_dagrun for example_xcom_args_with_operators to None, run_after=None
[2023-10-10T06:52:51.932+0000] {processor.py:179} INFO - Processing /home/airflow/.local/lib/python3.8/site-packages/airflow/example_dags/example_xcomargs.py took 0.039 seconds
[2023-10-10T06:53:22.264+0000] {processor.py:157} INFO - Started process (PID=775) to work on /home/airflow/.local/lib/python3.8/site-packages/airflow/example_dags/example_xcomargs.py
[2023-10-10T06:53:22.265+0000] {processor.py:829} INFO - Processing file /home/airflow/.local/lib/python3.8/site-packages/airflow/example_dags/example_xcomargs.py for tasks to queue
[2023-10-10T06:53:22.267+0000] {logging_mixin.py:151} INFO - [2023-10-10T06:53:22.266+0000] {dagbag.py:539} INFO - Filling up the DagBag from /home/airflow/.local/lib/python3.8/site-packages/airflow/example_dags/example_xcomargs.py
[2023-10-10T06:53:22.271+0000] {processor.py:839} INFO - DAG(s) dict_keys(['example_xcom_args_with_operators', 'example_xcom_args']) retrieved from /home/airflow/.local/lib/python3.8/site-packages/airflow/example_dags/example_xcomargs.py
[2023-10-10T06:53:22.286+0000] {logging_mixin.py:151} INFO - [2023-10-10T06:53:22.286+0000] {dag.py:2915} INFO - Sync 2 DAGs
[2023-10-10T06:53:22.293+0000] {logging_mixin.py:151} INFO - [2023-10-10T06:53:22.293+0000] {dag.py:3696} INFO - Setting next_dagrun for example_xcom_args to None, run_after=None
[2023-10-10T06:53:22.294+0000] {logging_mixin.py:151} INFO - [2023-10-10T06:53:22.294+0000] {dag.py:3696} INFO - Setting next_dagrun for example_xcom_args_with_operators to None, run_after=None
[2023-10-10T06:53:22.303+0000] {processor.py:179} INFO - Processing /home/airflow/.local/lib/python3.8/site-packages/airflow/example_dags/example_xcomargs.py took 0.041 seconds
[2023-10-10T06:53:52.498+0000] {processor.py:157} INFO - Started process (PID=831) to work on /home/airflow/.local/lib/python3.8/site-packages/airflow/example_dags/example_xcomargs.py
[2023-10-10T06:53:52.500+0000] {processor.py:829} INFO - Processing file /home/airflow/.local/lib/python3.8/site-packages/airflow/example_dags/example_xcomargs.py for tasks to queue
[2023-10-10T06:53:52.502+0000] {logging_mixin.py:151} INFO - [2023-10-10T06:53:52.502+0000] {dagbag.py:539} INFO - Filling up the DagBag from /home/airflow/.local/lib/python3.8/site-packages/airflow/example_dags/example_xcomargs.py
[2023-10-10T06:53:52.507+0000] {processor.py:839} INFO - DAG(s) dict_keys(['example_xcom_args', 'example_xcom_args_with_operators']) retrieved from /home/airflow/.local/lib/python3.8/site-packages/airflow/example_dags/example_xcomargs.py
[2023-10-10T06:53:52.527+0000] {logging_mixin.py:151} INFO - [2023-10-10T06:53:52.527+0000] {dag.py:2915} INFO - Sync 2 DAGs
[2023-10-10T06:53:52.536+0000] {logging_mixin.py:151} INFO - [2023-10-10T06:53:52.536+0000] {dag.py:3696} INFO - Setting next_dagrun for example_xcom_args to None, run_after=None
[2023-10-10T06:53:52.540+0000] {logging_mixin.py:151} INFO - [2023-10-10T06:53:52.540+0000] {dag.py:3696} INFO - Setting next_dagrun for example_xcom_args_with_operators to None, run_after=None
[2023-10-10T06:53:52.550+0000] {processor.py:179} INFO - Processing /home/airflow/.local/lib/python3.8/site-packages/airflow/example_dags/example_xcomargs.py took 0.055 seconds
[2023-10-10T06:54:22.683+0000] {processor.py:157} INFO - Started process (PID=887) to work on /home/airflow/.local/lib/python3.8/site-packages/airflow/example_dags/example_xcomargs.py
[2023-10-10T06:54:22.684+0000] {processor.py:829} INFO - Processing file /home/airflow/.local/lib/python3.8/site-packages/airflow/example_dags/example_xcomargs.py for tasks to queue
[2023-10-10T06:54:22.685+0000] {logging_mixin.py:151} INFO - [2023-10-10T06:54:22.685+0000] {dagbag.py:539} INFO - Filling up the DagBag from /home/airflow/.local/lib/python3.8/site-packages/airflow/example_dags/example_xcomargs.py
[2023-10-10T06:54:22.690+0000] {processor.py:839} INFO - DAG(s) dict_keys(['example_xcom_args', 'example_xcom_args_with_operators']) retrieved from /home/airflow/.local/lib/python3.8/site-packages/airflow/example_dags/example_xcomargs.py
[2023-10-10T06:54:22.704+0000] {logging_mixin.py:151} INFO - [2023-10-10T06:54:22.704+0000] {dag.py:2915} INFO - Sync 2 DAGs
[2023-10-10T06:54:22.711+0000] {logging_mixin.py:151} INFO - [2023-10-10T06:54:22.711+0000] {dag.py:3696} INFO - Setting next_dagrun for example_xcom_args to None, run_after=None
[2023-10-10T06:54:22.712+0000] {logging_mixin.py:151} INFO - [2023-10-10T06:54:22.712+0000] {dag.py:3696} INFO - Setting next_dagrun for example_xcom_args_with_operators to None, run_after=None
[2023-10-10T06:54:22.721+0000] {processor.py:179} INFO - Processing /home/airflow/.local/lib/python3.8/site-packages/airflow/example_dags/example_xcomargs.py took 0.040 seconds
[2023-10-10T06:54:52.961+0000] {processor.py:157} INFO - Started process (PID=943) to work on /home/airflow/.local/lib/python3.8/site-packages/airflow/example_dags/example_xcomargs.py
[2023-10-10T06:54:52.962+0000] {processor.py:829} INFO - Processing file /home/airflow/.local/lib/python3.8/site-packages/airflow/example_dags/example_xcomargs.py for tasks to queue
[2023-10-10T06:54:52.964+0000] {logging_mixin.py:151} INFO - [2023-10-10T06:54:52.964+0000] {dagbag.py:539} INFO - Filling up the DagBag from /home/airflow/.local/lib/python3.8/site-packages/airflow/example_dags/example_xcomargs.py
[2023-10-10T06:54:52.969+0000] {processor.py:839} INFO - DAG(s) dict_keys(['example_xcom_args_with_operators', 'example_xcom_args']) retrieved from /home/airflow/.local/lib/python3.8/site-packages/airflow/example_dags/example_xcomargs.py
[2023-10-10T06:54:52.982+0000] {logging_mixin.py:151} INFO - [2023-10-10T06:54:52.982+0000] {dag.py:2915} INFO - Sync 2 DAGs
[2023-10-10T06:54:52.989+0000] {logging_mixin.py:151} INFO - [2023-10-10T06:54:52.989+0000] {dag.py:3696} INFO - Setting next_dagrun for example_xcom_args to None, run_after=None
[2023-10-10T06:54:52.991+0000] {logging_mixin.py:151} INFO - [2023-10-10T06:54:52.990+0000] {dag.py:3696} INFO - Setting next_dagrun for example_xcom_args_with_operators to None, run_after=None
[2023-10-10T06:54:52.999+0000] {processor.py:179} INFO - Processing /home/airflow/.local/lib/python3.8/site-packages/airflow/example_dags/example_xcomargs.py took 0.040 seconds
[2023-10-10T06:55:23.088+0000] {processor.py:157} INFO - Started process (PID=999) to work on /home/airflow/.local/lib/python3.8/site-packages/airflow/example_dags/example_xcomargs.py
[2023-10-10T06:55:23.089+0000] {processor.py:829} INFO - Processing file /home/airflow/.local/lib/python3.8/site-packages/airflow/example_dags/example_xcomargs.py for tasks to queue
[2023-10-10T06:55:23.090+0000] {logging_mixin.py:151} INFO - [2023-10-10T06:55:23.090+0000] {dagbag.py:539} INFO - Filling up the DagBag from /home/airflow/.local/lib/python3.8/site-packages/airflow/example_dags/example_xcomargs.py
[2023-10-10T06:55:23.095+0000] {processor.py:839} INFO - DAG(s) dict_keys(['example_xcom_args', 'example_xcom_args_with_operators']) retrieved from /home/airflow/.local/lib/python3.8/site-packages/airflow/example_dags/example_xcomargs.py
[2023-10-10T06:55:23.109+0000] {logging_mixin.py:151} INFO - [2023-10-10T06:55:23.109+0000] {dag.py:2915} INFO - Sync 2 DAGs
[2023-10-10T06:55:23.116+0000] {logging_mixin.py:151} INFO - [2023-10-10T06:55:23.116+0000] {dag.py:3696} INFO - Setting next_dagrun for example_xcom_args to None, run_after=None
[2023-10-10T06:55:23.119+0000] {logging_mixin.py:151} INFO - [2023-10-10T06:55:23.119+0000] {dag.py:3696} INFO - Setting next_dagrun for example_xcom_args_with_operators to None, run_after=None
[2023-10-10T06:55:23.132+0000] {processor.py:179} INFO - Processing /home/airflow/.local/lib/python3.8/site-packages/airflow/example_dags/example_xcomargs.py took 0.047 seconds
[2023-10-10T06:55:53.292+0000] {processor.py:157} INFO - Started process (PID=1055) to work on /home/airflow/.local/lib/python3.8/site-packages/airflow/example_dags/example_xcomargs.py
[2023-10-10T06:55:53.292+0000] {processor.py:829} INFO - Processing file /home/airflow/.local/lib/python3.8/site-packages/airflow/example_dags/example_xcomargs.py for tasks to queue
[2023-10-10T06:55:53.294+0000] {logging_mixin.py:151} INFO - [2023-10-10T06:55:53.294+0000] {dagbag.py:539} INFO - Filling up the DagBag from /home/airflow/.local/lib/python3.8/site-packages/airflow/example_dags/example_xcomargs.py
[2023-10-10T06:55:53.299+0000] {processor.py:839} INFO - DAG(s) dict_keys(['example_xcom_args_with_operators', 'example_xcom_args']) retrieved from /home/airflow/.local/lib/python3.8/site-packages/airflow/example_dags/example_xcomargs.py
[2023-10-10T06:55:53.313+0000] {logging_mixin.py:151} INFO - [2023-10-10T06:55:53.313+0000] {dag.py:2915} INFO - Sync 2 DAGs
[2023-10-10T06:55:53.320+0000] {logging_mixin.py:151} INFO - [2023-10-10T06:55:53.320+0000] {dag.py:3696} INFO - Setting next_dagrun for example_xcom_args to None, run_after=None
[2023-10-10T06:55:53.322+0000] {logging_mixin.py:151} INFO - [2023-10-10T06:55:53.322+0000] {dag.py:3696} INFO - Setting next_dagrun for example_xcom_args_with_operators to None, run_after=None
[2023-10-10T06:55:53.330+0000] {processor.py:179} INFO - Processing /home/airflow/.local/lib/python3.8/site-packages/airflow/example_dags/example_xcomargs.py took 0.041 seconds
[2023-10-10T06:56:23.638+0000] {processor.py:157} INFO - Started process (PID=1111) to work on /home/airflow/.local/lib/python3.8/site-packages/airflow/example_dags/example_xcomargs.py
[2023-10-10T06:56:23.639+0000] {processor.py:829} INFO - Processing file /home/airflow/.local/lib/python3.8/site-packages/airflow/example_dags/example_xcomargs.py for tasks to queue
[2023-10-10T06:56:23.641+0000] {logging_mixin.py:151} INFO - [2023-10-10T06:56:23.641+0000] {dagbag.py:539} INFO - Filling up the DagBag from /home/airflow/.local/lib/python3.8/site-packages/airflow/example_dags/example_xcomargs.py
[2023-10-10T06:56:23.646+0000] {processor.py:839} INFO - DAG(s) dict_keys(['example_xcom_args', 'example_xcom_args_with_operators']) retrieved from /home/airflow/.local/lib/python3.8/site-packages/airflow/example_dags/example_xcomargs.py
[2023-10-10T06:56:23.663+0000] {logging_mixin.py:151} INFO - [2023-10-10T06:56:23.663+0000] {dag.py:2915} INFO - Sync 2 DAGs
[2023-10-10T06:56:23.670+0000] {logging_mixin.py:151} INFO - [2023-10-10T06:56:23.670+0000] {dag.py:3696} INFO - Setting next_dagrun for example_xcom_args to None, run_after=None
[2023-10-10T06:56:23.672+0000] {logging_mixin.py:151} INFO - [2023-10-10T06:56:23.672+0000] {dag.py:3696} INFO - Setting next_dagrun for example_xcom_args_with_operators to None, run_after=None
[2023-10-10T06:56:23.680+0000] {processor.py:179} INFO - Processing /home/airflow/.local/lib/python3.8/site-packages/airflow/example_dags/example_xcomargs.py took 0.044 seconds
[2023-10-10T17:17:51.600+0000] {processor.py:157} INFO - Started process (PID=48) to work on /home/airflow/.local/lib/python3.8/site-packages/airflow/example_dags/example_xcomargs.py
[2023-10-10T17:17:51.600+0000] {processor.py:829} INFO - Processing file /home/airflow/.local/lib/python3.8/site-packages/airflow/example_dags/example_xcomargs.py for tasks to queue
[2023-10-10T17:17:51.602+0000] {logging_mixin.py:151} INFO - [2023-10-10T17:17:51.601+0000] {dagbag.py:539} INFO - Filling up the DagBag from /home/airflow/.local/lib/python3.8/site-packages/airflow/example_dags/example_xcomargs.py
[2023-10-10T17:17:51.608+0000] {processor.py:839} INFO - DAG(s) dict_keys(['example_xcom_args', 'example_xcom_args_with_operators']) retrieved from /home/airflow/.local/lib/python3.8/site-packages/airflow/example_dags/example_xcomargs.py
[2023-10-10T17:17:51.617+0000] {logging_mixin.py:151} INFO - [2023-10-10T17:17:51.617+0000] {dag.py:2915} INFO - Sync 2 DAGs
[2023-10-10T17:17:51.626+0000] {logging_mixin.py:151} INFO - [2023-10-10T17:17:51.626+0000] {dag.py:3696} INFO - Setting next_dagrun for example_xcom_args to None, run_after=None
[2023-10-10T17:17:51.629+0000] {logging_mixin.py:151} INFO - [2023-10-10T17:17:51.629+0000] {dag.py:3696} INFO - Setting next_dagrun for example_xcom_args_with_operators to None, run_after=None
[2023-10-10T17:17:51.639+0000] {processor.py:179} INFO - Processing /home/airflow/.local/lib/python3.8/site-packages/airflow/example_dags/example_xcomargs.py took 0.042 seconds
[2023-10-10T17:18:21.669+0000] {processor.py:157} INFO - Started process (PID=103) to work on /home/airflow/.local/lib/python3.8/site-packages/airflow/example_dags/example_xcomargs.py
[2023-10-10T17:18:21.669+0000] {processor.py:829} INFO - Processing file /home/airflow/.local/lib/python3.8/site-packages/airflow/example_dags/example_xcomargs.py for tasks to queue
[2023-10-10T17:18:21.671+0000] {logging_mixin.py:151} INFO - [2023-10-10T17:18:21.671+0000] {dagbag.py:539} INFO - Filling up the DagBag from /home/airflow/.local/lib/python3.8/site-packages/airflow/example_dags/example_xcomargs.py
[2023-10-10T17:18:21.676+0000] {processor.py:839} INFO - DAG(s) dict_keys(['example_xcom_args_with_operators', 'example_xcom_args']) retrieved from /home/airflow/.local/lib/python3.8/site-packages/airflow/example_dags/example_xcomargs.py
[2023-10-10T17:18:21.689+0000] {logging_mixin.py:151} INFO - [2023-10-10T17:18:21.689+0000] {dag.py:2915} INFO - Sync 2 DAGs
[2023-10-10T17:18:21.696+0000] {logging_mixin.py:151} INFO - [2023-10-10T17:18:21.696+0000] {dag.py:3696} INFO - Setting next_dagrun for example_xcom_args to None, run_after=None
[2023-10-10T17:18:21.697+0000] {logging_mixin.py:151} INFO - [2023-10-10T17:18:21.697+0000] {dag.py:3696} INFO - Setting next_dagrun for example_xcom_args_with_operators to None, run_after=None
[2023-10-10T17:18:21.705+0000] {processor.py:179} INFO - Processing /home/airflow/.local/lib/python3.8/site-packages/airflow/example_dags/example_xcomargs.py took 0.039 seconds
[2023-10-10T17:18:52.556+0000] {processor.py:157} INFO - Started process (PID=159) to work on /home/airflow/.local/lib/python3.8/site-packages/airflow/example_dags/example_xcomargs.py
[2023-10-10T17:18:52.557+0000] {processor.py:829} INFO - Processing file /home/airflow/.local/lib/python3.8/site-packages/airflow/example_dags/example_xcomargs.py for tasks to queue
[2023-10-10T17:18:52.559+0000] {logging_mixin.py:151} INFO - [2023-10-10T17:18:52.559+0000] {dagbag.py:539} INFO - Filling up the DagBag from /home/airflow/.local/lib/python3.8/site-packages/airflow/example_dags/example_xcomargs.py
[2023-10-10T17:18:52.563+0000] {processor.py:839} INFO - DAG(s) dict_keys(['example_xcom_args', 'example_xcom_args_with_operators']) retrieved from /home/airflow/.local/lib/python3.8/site-packages/airflow/example_dags/example_xcomargs.py
[2023-10-10T17:18:52.577+0000] {logging_mixin.py:151} INFO - [2023-10-10T17:18:52.577+0000] {dag.py:2915} INFO - Sync 2 DAGs
[2023-10-10T17:18:52.584+0000] {logging_mixin.py:151} INFO - [2023-10-10T17:18:52.584+0000] {dag.py:3696} INFO - Setting next_dagrun for example_xcom_args to None, run_after=None
[2023-10-10T17:18:52.586+0000] {logging_mixin.py:151} INFO - [2023-10-10T17:18:52.586+0000] {dag.py:3696} INFO - Setting next_dagrun for example_xcom_args_with_operators to None, run_after=None
[2023-10-10T17:18:52.593+0000] {processor.py:179} INFO - Processing /home/airflow/.local/lib/python3.8/site-packages/airflow/example_dags/example_xcomargs.py took 0.039 seconds
[2023-10-10T17:19:22.668+0000] {processor.py:157} INFO - Started process (PID=215) to work on /home/airflow/.local/lib/python3.8/site-packages/airflow/example_dags/example_xcomargs.py
[2023-10-10T17:19:22.668+0000] {processor.py:829} INFO - Processing file /home/airflow/.local/lib/python3.8/site-packages/airflow/example_dags/example_xcomargs.py for tasks to queue
[2023-10-10T17:19:22.670+0000] {logging_mixin.py:151} INFO - [2023-10-10T17:19:22.670+0000] {dagbag.py:539} INFO - Filling up the DagBag from /home/airflow/.local/lib/python3.8/site-packages/airflow/example_dags/example_xcomargs.py
[2023-10-10T17:19:22.675+0000] {processor.py:839} INFO - DAG(s) dict_keys(['example_xcom_args', 'example_xcom_args_with_operators']) retrieved from /home/airflow/.local/lib/python3.8/site-packages/airflow/example_dags/example_xcomargs.py
[2023-10-10T17:19:22.689+0000] {logging_mixin.py:151} INFO - [2023-10-10T17:19:22.688+0000] {dag.py:2915} INFO - Sync 2 DAGs
[2023-10-10T17:19:22.696+0000] {logging_mixin.py:151} INFO - [2023-10-10T17:19:22.696+0000] {dag.py:3696} INFO - Setting next_dagrun for example_xcom_args to None, run_after=None
[2023-10-10T17:19:22.697+0000] {logging_mixin.py:151} INFO - [2023-10-10T17:19:22.697+0000] {dag.py:3696} INFO - Setting next_dagrun for example_xcom_args_with_operators to None, run_after=None
[2023-10-10T17:19:22.705+0000] {processor.py:179} INFO - Processing /home/airflow/.local/lib/python3.8/site-packages/airflow/example_dags/example_xcomargs.py took 0.040 seconds
[2023-10-10T17:19:52.835+0000] {processor.py:157} INFO - Started process (PID=271) to work on /home/airflow/.local/lib/python3.8/site-packages/airflow/example_dags/example_xcomargs.py
[2023-10-10T17:19:52.835+0000] {processor.py:829} INFO - Processing file /home/airflow/.local/lib/python3.8/site-packages/airflow/example_dags/example_xcomargs.py for tasks to queue
[2023-10-10T17:19:52.837+0000] {logging_mixin.py:151} INFO - [2023-10-10T17:19:52.837+0000] {dagbag.py:539} INFO - Filling up the DagBag from /home/airflow/.local/lib/python3.8/site-packages/airflow/example_dags/example_xcomargs.py
[2023-10-10T17:19:52.842+0000] {processor.py:839} INFO - DAG(s) dict_keys(['example_xcom_args', 'example_xcom_args_with_operators']) retrieved from /home/airflow/.local/lib/python3.8/site-packages/airflow/example_dags/example_xcomargs.py
[2023-10-10T17:19:52.855+0000] {logging_mixin.py:151} INFO - [2023-10-10T17:19:52.854+0000] {dag.py:2915} INFO - Sync 2 DAGs
[2023-10-10T17:19:52.862+0000] {logging_mixin.py:151} INFO - [2023-10-10T17:19:52.862+0000] {dag.py:3696} INFO - Setting next_dagrun for example_xcom_args to None, run_after=None
[2023-10-10T17:19:52.863+0000] {logging_mixin.py:151} INFO - [2023-10-10T17:19:52.863+0000] {dag.py:3696} INFO - Setting next_dagrun for example_xcom_args_with_operators to None, run_after=None
[2023-10-10T17:19:52.871+0000] {processor.py:179} INFO - Processing /home/airflow/.local/lib/python3.8/site-packages/airflow/example_dags/example_xcomargs.py took 0.038 seconds
[2023-10-10T17:20:22.955+0000] {processor.py:157} INFO - Started process (PID=327) to work on /home/airflow/.local/lib/python3.8/site-packages/airflow/example_dags/example_xcomargs.py
[2023-10-10T17:20:22.955+0000] {processor.py:829} INFO - Processing file /home/airflow/.local/lib/python3.8/site-packages/airflow/example_dags/example_xcomargs.py for tasks to queue
[2023-10-10T17:20:22.957+0000] {logging_mixin.py:151} INFO - [2023-10-10T17:20:22.957+0000] {dagbag.py:539} INFO - Filling up the DagBag from /home/airflow/.local/lib/python3.8/site-packages/airflow/example_dags/example_xcomargs.py
[2023-10-10T17:20:22.962+0000] {processor.py:839} INFO - DAG(s) dict_keys(['example_xcom_args', 'example_xcom_args_with_operators']) retrieved from /home/airflow/.local/lib/python3.8/site-packages/airflow/example_dags/example_xcomargs.py
[2023-10-10T17:20:22.976+0000] {logging_mixin.py:151} INFO - [2023-10-10T17:20:22.976+0000] {dag.py:2915} INFO - Sync 2 DAGs
[2023-10-10T17:20:22.983+0000] {logging_mixin.py:151} INFO - [2023-10-10T17:20:22.983+0000] {dag.py:3696} INFO - Setting next_dagrun for example_xcom_args to None, run_after=None
[2023-10-10T17:20:22.985+0000] {logging_mixin.py:151} INFO - [2023-10-10T17:20:22.985+0000] {dag.py:3696} INFO - Setting next_dagrun for example_xcom_args_with_operators to None, run_after=None
[2023-10-10T17:20:22.992+0000] {processor.py:179} INFO - Processing /home/airflow/.local/lib/python3.8/site-packages/airflow/example_dags/example_xcomargs.py took 0.040 seconds
[2023-10-10T17:20:53.079+0000] {processor.py:157} INFO - Started process (PID=383) to work on /home/airflow/.local/lib/python3.8/site-packages/airflow/example_dags/example_xcomargs.py
[2023-10-10T17:20:53.080+0000] {processor.py:829} INFO - Processing file /home/airflow/.local/lib/python3.8/site-packages/airflow/example_dags/example_xcomargs.py for tasks to queue
[2023-10-10T17:20:53.081+0000] {logging_mixin.py:151} INFO - [2023-10-10T17:20:53.081+0000] {dagbag.py:539} INFO - Filling up the DagBag from /home/airflow/.local/lib/python3.8/site-packages/airflow/example_dags/example_xcomargs.py
[2023-10-10T17:20:53.086+0000] {processor.py:839} INFO - DAG(s) dict_keys(['example_xcom_args_with_operators', 'example_xcom_args']) retrieved from /home/airflow/.local/lib/python3.8/site-packages/airflow/example_dags/example_xcomargs.py
[2023-10-10T17:20:53.099+0000] {logging_mixin.py:151} INFO - [2023-10-10T17:20:53.099+0000] {dag.py:2915} INFO - Sync 2 DAGs
[2023-10-10T17:20:53.106+0000] {logging_mixin.py:151} INFO - [2023-10-10T17:20:53.106+0000] {dag.py:3696} INFO - Setting next_dagrun for example_xcom_args to None, run_after=None
[2023-10-10T17:20:53.108+0000] {logging_mixin.py:151} INFO - [2023-10-10T17:20:53.108+0000] {dag.py:3696} INFO - Setting next_dagrun for example_xcom_args_with_operators to None, run_after=None
[2023-10-10T17:20:53.115+0000] {processor.py:179} INFO - Processing /home/airflow/.local/lib/python3.8/site-packages/airflow/example_dags/example_xcomargs.py took 0.039 seconds
[2023-10-10T17:21:23.245+0000] {processor.py:157} INFO - Started process (PID=439) to work on /home/airflow/.local/lib/python3.8/site-packages/airflow/example_dags/example_xcomargs.py
[2023-10-10T17:21:23.246+0000] {processor.py:829} INFO - Processing file /home/airflow/.local/lib/python3.8/site-packages/airflow/example_dags/example_xcomargs.py for tasks to queue
[2023-10-10T17:21:23.248+0000] {logging_mixin.py:151} INFO - [2023-10-10T17:21:23.248+0000] {dagbag.py:539} INFO - Filling up the DagBag from /home/airflow/.local/lib/python3.8/site-packages/airflow/example_dags/example_xcomargs.py
[2023-10-10T17:21:23.253+0000] {processor.py:839} INFO - DAG(s) dict_keys(['example_xcom_args', 'example_xcom_args_with_operators']) retrieved from /home/airflow/.local/lib/python3.8/site-packages/airflow/example_dags/example_xcomargs.py
[2023-10-10T17:21:23.271+0000] {logging_mixin.py:151} INFO - [2023-10-10T17:21:23.271+0000] {dag.py:2915} INFO - Sync 2 DAGs
[2023-10-10T17:21:23.280+0000] {logging_mixin.py:151} INFO - [2023-10-10T17:21:23.280+0000] {dag.py:3696} INFO - Setting next_dagrun for example_xcom_args to None, run_after=None
[2023-10-10T17:21:23.283+0000] {logging_mixin.py:151} INFO - [2023-10-10T17:21:23.283+0000] {dag.py:3696} INFO - Setting next_dagrun for example_xcom_args_with_operators to None, run_after=None
[2023-10-10T17:21:23.295+0000] {processor.py:179} INFO - Processing /home/airflow/.local/lib/python3.8/site-packages/airflow/example_dags/example_xcomargs.py took 0.052 seconds
[2023-10-10T17:21:53.346+0000] {processor.py:157} INFO - Started process (PID=495) to work on /home/airflow/.local/lib/python3.8/site-packages/airflow/example_dags/example_xcomargs.py
[2023-10-10T17:21:53.347+0000] {processor.py:829} INFO - Processing file /home/airflow/.local/lib/python3.8/site-packages/airflow/example_dags/example_xcomargs.py for tasks to queue
[2023-10-10T17:21:53.348+0000] {logging_mixin.py:151} INFO - [2023-10-10T17:21:53.348+0000] {dagbag.py:539} INFO - Filling up the DagBag from /home/airflow/.local/lib/python3.8/site-packages/airflow/example_dags/example_xcomargs.py
[2023-10-10T17:21:53.353+0000] {processor.py:839} INFO - DAG(s) dict_keys(['example_xcom_args', 'example_xcom_args_with_operators']) retrieved from /home/airflow/.local/lib/python3.8/site-packages/airflow/example_dags/example_xcomargs.py
[2023-10-10T17:21:53.367+0000] {logging_mixin.py:151} INFO - [2023-10-10T17:21:53.367+0000] {dag.py:2915} INFO - Sync 2 DAGs
[2023-10-10T17:21:53.374+0000] {logging_mixin.py:151} INFO - [2023-10-10T17:21:53.374+0000] {dag.py:3696} INFO - Setting next_dagrun for example_xcom_args to None, run_after=None
[2023-10-10T17:21:53.376+0000] {logging_mixin.py:151} INFO - [2023-10-10T17:21:53.376+0000] {dag.py:3696} INFO - Setting next_dagrun for example_xcom_args_with_operators to None, run_after=None
[2023-10-10T17:21:53.384+0000] {processor.py:179} INFO - Processing /home/airflow/.local/lib/python3.8/site-packages/airflow/example_dags/example_xcomargs.py took 0.040 seconds
[2023-10-10T17:22:23.574+0000] {processor.py:157} INFO - Started process (PID=551) to work on /home/airflow/.local/lib/python3.8/site-packages/airflow/example_dags/example_xcomargs.py
[2023-10-10T17:22:23.575+0000] {processor.py:829} INFO - Processing file /home/airflow/.local/lib/python3.8/site-packages/airflow/example_dags/example_xcomargs.py for tasks to queue
[2023-10-10T17:22:23.577+0000] {logging_mixin.py:151} INFO - [2023-10-10T17:22:23.577+0000] {dagbag.py:539} INFO - Filling up the DagBag from /home/airflow/.local/lib/python3.8/site-packages/airflow/example_dags/example_xcomargs.py
[2023-10-10T17:22:23.582+0000] {processor.py:839} INFO - DAG(s) dict_keys(['example_xcom_args_with_operators', 'example_xcom_args']) retrieved from /home/airflow/.local/lib/python3.8/site-packages/airflow/example_dags/example_xcomargs.py
[2023-10-10T17:22:23.596+0000] {logging_mixin.py:151} INFO - [2023-10-10T17:22:23.596+0000] {dag.py:2915} INFO - Sync 2 DAGs
[2023-10-10T17:22:23.604+0000] {logging_mixin.py:151} INFO - [2023-10-10T17:22:23.604+0000] {dag.py:3696} INFO - Setting next_dagrun for example_xcom_args to None, run_after=None
[2023-10-10T17:22:23.606+0000] {logging_mixin.py:151} INFO - [2023-10-10T17:22:23.606+0000] {dag.py:3696} INFO - Setting next_dagrun for example_xcom_args_with_operators to None, run_after=None
[2023-10-10T17:22:23.614+0000] {processor.py:179} INFO - Processing /home/airflow/.local/lib/python3.8/site-packages/airflow/example_dags/example_xcomargs.py took 0.042 seconds
[2023-10-10T17:22:53.687+0000] {processor.py:157} INFO - Started process (PID=607) to work on /home/airflow/.local/lib/python3.8/site-packages/airflow/example_dags/example_xcomargs.py
[2023-10-10T17:22:53.688+0000] {processor.py:829} INFO - Processing file /home/airflow/.local/lib/python3.8/site-packages/airflow/example_dags/example_xcomargs.py for tasks to queue
[2023-10-10T17:22:53.689+0000] {logging_mixin.py:151} INFO - [2023-10-10T17:22:53.689+0000] {dagbag.py:539} INFO - Filling up the DagBag from /home/airflow/.local/lib/python3.8/site-packages/airflow/example_dags/example_xcomargs.py
[2023-10-10T17:22:53.695+0000] {processor.py:839} INFO - DAG(s) dict_keys(['example_xcom_args', 'example_xcom_args_with_operators']) retrieved from /home/airflow/.local/lib/python3.8/site-packages/airflow/example_dags/example_xcomargs.py
[2023-10-10T17:22:53.709+0000] {logging_mixin.py:151} INFO - [2023-10-10T17:22:53.708+0000] {dag.py:2915} INFO - Sync 2 DAGs
[2023-10-10T17:22:53.715+0000] {logging_mixin.py:151} INFO - [2023-10-10T17:22:53.715+0000] {dag.py:3696} INFO - Setting next_dagrun for example_xcom_args to None, run_after=None
[2023-10-10T17:22:53.717+0000] {logging_mixin.py:151} INFO - [2023-10-10T17:22:53.717+0000] {dag.py:3696} INFO - Setting next_dagrun for example_xcom_args_with_operators to None, run_after=None
[2023-10-10T17:22:53.725+0000] {processor.py:179} INFO - Processing /home/airflow/.local/lib/python3.8/site-packages/airflow/example_dags/example_xcomargs.py took 0.041 seconds
[2023-10-10T17:23:23.810+0000] {processor.py:157} INFO - Started process (PID=663) to work on /home/airflow/.local/lib/python3.8/site-packages/airflow/example_dags/example_xcomargs.py
[2023-10-10T17:23:23.811+0000] {processor.py:829} INFO - Processing file /home/airflow/.local/lib/python3.8/site-packages/airflow/example_dags/example_xcomargs.py for tasks to queue
[2023-10-10T17:23:23.812+0000] {logging_mixin.py:151} INFO - [2023-10-10T17:23:23.812+0000] {dagbag.py:539} INFO - Filling up the DagBag from /home/airflow/.local/lib/python3.8/site-packages/airflow/example_dags/example_xcomargs.py
[2023-10-10T17:23:23.817+0000] {processor.py:839} INFO - DAG(s) dict_keys(['example_xcom_args', 'example_xcom_args_with_operators']) retrieved from /home/airflow/.local/lib/python3.8/site-packages/airflow/example_dags/example_xcomargs.py
[2023-10-10T17:23:23.830+0000] {logging_mixin.py:151} INFO - [2023-10-10T17:23:23.830+0000] {dag.py:2915} INFO - Sync 2 DAGs
[2023-10-10T17:23:23.837+0000] {logging_mixin.py:151} INFO - [2023-10-10T17:23:23.837+0000] {dag.py:3696} INFO - Setting next_dagrun for example_xcom_args to None, run_after=None
[2023-10-10T17:23:23.839+0000] {logging_mixin.py:151} INFO - [2023-10-10T17:23:23.838+0000] {dag.py:3696} INFO - Setting next_dagrun for example_xcom_args_with_operators to None, run_after=None
[2023-10-10T17:23:23.846+0000] {processor.py:179} INFO - Processing /home/airflow/.local/lib/python3.8/site-packages/airflow/example_dags/example_xcomargs.py took 0.039 seconds
[2023-10-10T17:23:53.925+0000] {processor.py:157} INFO - Started process (PID=719) to work on /home/airflow/.local/lib/python3.8/site-packages/airflow/example_dags/example_xcomargs.py
[2023-10-10T17:23:53.926+0000] {processor.py:829} INFO - Processing file /home/airflow/.local/lib/python3.8/site-packages/airflow/example_dags/example_xcomargs.py for tasks to queue
[2023-10-10T17:23:53.927+0000] {logging_mixin.py:151} INFO - [2023-10-10T17:23:53.927+0000] {dagbag.py:539} INFO - Filling up the DagBag from /home/airflow/.local/lib/python3.8/site-packages/airflow/example_dags/example_xcomargs.py
[2023-10-10T17:23:53.932+0000] {processor.py:839} INFO - DAG(s) dict_keys(['example_xcom_args', 'example_xcom_args_with_operators']) retrieved from /home/airflow/.local/lib/python3.8/site-packages/airflow/example_dags/example_xcomargs.py
[2023-10-10T17:23:53.946+0000] {logging_mixin.py:151} INFO - [2023-10-10T17:23:53.946+0000] {dag.py:2915} INFO - Sync 2 DAGs
[2023-10-10T17:23:53.953+0000] {logging_mixin.py:151} INFO - [2023-10-10T17:23:53.952+0000] {dag.py:3696} INFO - Setting next_dagrun for example_xcom_args to None, run_after=None
[2023-10-10T17:23:53.954+0000] {logging_mixin.py:151} INFO - [2023-10-10T17:23:53.954+0000] {dag.py:3696} INFO - Setting next_dagrun for example_xcom_args_with_operators to None, run_after=None
[2023-10-10T17:23:53.962+0000] {processor.py:179} INFO - Processing /home/airflow/.local/lib/python3.8/site-packages/airflow/example_dags/example_xcomargs.py took 0.039 seconds
[2023-10-10T17:24:24.138+0000] {processor.py:157} INFO - Started process (PID=775) to work on /home/airflow/.local/lib/python3.8/site-packages/airflow/example_dags/example_xcomargs.py
[2023-10-10T17:24:24.139+0000] {processor.py:829} INFO - Processing file /home/airflow/.local/lib/python3.8/site-packages/airflow/example_dags/example_xcomargs.py for tasks to queue
[2023-10-10T17:24:24.141+0000] {logging_mixin.py:151} INFO - [2023-10-10T17:24:24.140+0000] {dagbag.py:539} INFO - Filling up the DagBag from /home/airflow/.local/lib/python3.8/site-packages/airflow/example_dags/example_xcomargs.py
[2023-10-10T17:24:24.145+0000] {processor.py:839} INFO - DAG(s) dict_keys(['example_xcom_args_with_operators', 'example_xcom_args']) retrieved from /home/airflow/.local/lib/python3.8/site-packages/airflow/example_dags/example_xcomargs.py
[2023-10-10T17:24:24.159+0000] {logging_mixin.py:151} INFO - [2023-10-10T17:24:24.159+0000] {dag.py:2915} INFO - Sync 2 DAGs
[2023-10-10T17:24:24.165+0000] {logging_mixin.py:151} INFO - [2023-10-10T17:24:24.165+0000] {dag.py:3696} INFO - Setting next_dagrun for example_xcom_args to None, run_after=None
[2023-10-10T17:24:24.167+0000] {logging_mixin.py:151} INFO - [2023-10-10T17:24:24.167+0000] {dag.py:3696} INFO - Setting next_dagrun for example_xcom_args_with_operators to None, run_after=None
[2023-10-10T17:24:24.175+0000] {processor.py:179} INFO - Processing /home/airflow/.local/lib/python3.8/site-packages/airflow/example_dags/example_xcomargs.py took 0.039 seconds
[2023-10-10T17:24:54.332+0000] {processor.py:157} INFO - Started process (PID=831) to work on /home/airflow/.local/lib/python3.8/site-packages/airflow/example_dags/example_xcomargs.py
[2023-10-10T17:24:54.333+0000] {processor.py:829} INFO - Processing file /home/airflow/.local/lib/python3.8/site-packages/airflow/example_dags/example_xcomargs.py for tasks to queue
[2023-10-10T17:24:54.334+0000] {logging_mixin.py:151} INFO - [2023-10-10T17:24:54.334+0000] {dagbag.py:539} INFO - Filling up the DagBag from /home/airflow/.local/lib/python3.8/site-packages/airflow/example_dags/example_xcomargs.py
[2023-10-10T17:24:54.338+0000] {processor.py:839} INFO - DAG(s) dict_keys(['example_xcom_args', 'example_xcom_args_with_operators']) retrieved from /home/airflow/.local/lib/python3.8/site-packages/airflow/example_dags/example_xcomargs.py
[2023-10-10T17:24:54.352+0000] {logging_mixin.py:151} INFO - [2023-10-10T17:24:54.352+0000] {dag.py:2915} INFO - Sync 2 DAGs
[2023-10-10T17:24:54.359+0000] {logging_mixin.py:151} INFO - [2023-10-10T17:24:54.358+0000] {dag.py:3696} INFO - Setting next_dagrun for example_xcom_args to None, run_after=None
[2023-10-10T17:24:54.360+0000] {logging_mixin.py:151} INFO - [2023-10-10T17:24:54.360+0000] {dag.py:3696} INFO - Setting next_dagrun for example_xcom_args_with_operators to None, run_after=None
[2023-10-10T17:24:54.368+0000] {processor.py:179} INFO - Processing /home/airflow/.local/lib/python3.8/site-packages/airflow/example_dags/example_xcomargs.py took 0.039 seconds
[2023-10-10T17:25:24.413+0000] {processor.py:157} INFO - Started process (PID=887) to work on /home/airflow/.local/lib/python3.8/site-packages/airflow/example_dags/example_xcomargs.py
[2023-10-10T17:25:24.414+0000] {processor.py:829} INFO - Processing file /home/airflow/.local/lib/python3.8/site-packages/airflow/example_dags/example_xcomargs.py for tasks to queue
[2023-10-10T17:25:24.415+0000] {logging_mixin.py:151} INFO - [2023-10-10T17:25:24.415+0000] {dagbag.py:539} INFO - Filling up the DagBag from /home/airflow/.local/lib/python3.8/site-packages/airflow/example_dags/example_xcomargs.py
[2023-10-10T17:25:24.420+0000] {processor.py:839} INFO - DAG(s) dict_keys(['example_xcom_args_with_operators', 'example_xcom_args']) retrieved from /home/airflow/.local/lib/python3.8/site-packages/airflow/example_dags/example_xcomargs.py
[2023-10-10T17:25:24.433+0000] {logging_mixin.py:151} INFO - [2023-10-10T17:25:24.433+0000] {dag.py:2915} INFO - Sync 2 DAGs
[2023-10-10T17:25:24.440+0000] {logging_mixin.py:151} INFO - [2023-10-10T17:25:24.440+0000] {dag.py:3696} INFO - Setting next_dagrun for example_xcom_args to None, run_after=None
[2023-10-10T17:25:24.442+0000] {logging_mixin.py:151} INFO - [2023-10-10T17:25:24.442+0000] {dag.py:3696} INFO - Setting next_dagrun for example_xcom_args_with_operators to None, run_after=None
[2023-10-10T17:25:24.451+0000] {processor.py:179} INFO - Processing /home/airflow/.local/lib/python3.8/site-packages/airflow/example_dags/example_xcomargs.py took 0.041 seconds
[2023-10-10T17:25:54.590+0000] {processor.py:157} INFO - Started process (PID=943) to work on /home/airflow/.local/lib/python3.8/site-packages/airflow/example_dags/example_xcomargs.py
[2023-10-10T17:25:54.592+0000] {processor.py:829} INFO - Processing file /home/airflow/.local/lib/python3.8/site-packages/airflow/example_dags/example_xcomargs.py for tasks to queue
[2023-10-10T17:25:54.594+0000] {logging_mixin.py:151} INFO - [2023-10-10T17:25:54.594+0000] {dagbag.py:539} INFO - Filling up the DagBag from /home/airflow/.local/lib/python3.8/site-packages/airflow/example_dags/example_xcomargs.py
[2023-10-10T17:25:54.599+0000] {processor.py:839} INFO - DAG(s) dict_keys(['example_xcom_args', 'example_xcom_args_with_operators']) retrieved from /home/airflow/.local/lib/python3.8/site-packages/airflow/example_dags/example_xcomargs.py
[2023-10-10T17:25:54.614+0000] {logging_mixin.py:151} INFO - [2023-10-10T17:25:54.613+0000] {dag.py:2915} INFO - Sync 2 DAGs
[2023-10-10T17:25:54.621+0000] {logging_mixin.py:151} INFO - [2023-10-10T17:25:54.621+0000] {dag.py:3696} INFO - Setting next_dagrun for example_xcom_args to None, run_after=None
[2023-10-10T17:25:54.623+0000] {logging_mixin.py:151} INFO - [2023-10-10T17:25:54.623+0000] {dag.py:3696} INFO - Setting next_dagrun for example_xcom_args_with_operators to None, run_after=None
[2023-10-10T17:25:54.632+0000] {processor.py:179} INFO - Processing /home/airflow/.local/lib/python3.8/site-packages/airflow/example_dags/example_xcomargs.py took 0.044 seconds
[2023-10-10T17:26:24.725+0000] {processor.py:157} INFO - Started process (PID=999) to work on /home/airflow/.local/lib/python3.8/site-packages/airflow/example_dags/example_xcomargs.py
[2023-10-10T17:26:24.726+0000] {processor.py:829} INFO - Processing file /home/airflow/.local/lib/python3.8/site-packages/airflow/example_dags/example_xcomargs.py for tasks to queue
[2023-10-10T17:26:24.727+0000] {logging_mixin.py:151} INFO - [2023-10-10T17:26:24.727+0000] {dagbag.py:539} INFO - Filling up the DagBag from /home/airflow/.local/lib/python3.8/site-packages/airflow/example_dags/example_xcomargs.py
[2023-10-10T17:26:24.732+0000] {processor.py:839} INFO - DAG(s) dict_keys(['example_xcom_args_with_operators', 'example_xcom_args']) retrieved from /home/airflow/.local/lib/python3.8/site-packages/airflow/example_dags/example_xcomargs.py
[2023-10-10T17:26:24.746+0000] {logging_mixin.py:151} INFO - [2023-10-10T17:26:24.746+0000] {dag.py:2915} INFO - Sync 2 DAGs
[2023-10-10T17:26:24.752+0000] {logging_mixin.py:151} INFO - [2023-10-10T17:26:24.752+0000] {dag.py:3696} INFO - Setting next_dagrun for example_xcom_args to None, run_after=None
[2023-10-10T17:26:24.754+0000] {logging_mixin.py:151} INFO - [2023-10-10T17:26:24.754+0000] {dag.py:3696} INFO - Setting next_dagrun for example_xcom_args_with_operators to None, run_after=None
[2023-10-10T17:26:24.762+0000] {processor.py:179} INFO - Processing /home/airflow/.local/lib/python3.8/site-packages/airflow/example_dags/example_xcomargs.py took 0.039 seconds
[2023-10-10T17:26:54.854+0000] {processor.py:157} INFO - Started process (PID=1055) to work on /home/airflow/.local/lib/python3.8/site-packages/airflow/example_dags/example_xcomargs.py
[2023-10-10T17:26:54.855+0000] {processor.py:829} INFO - Processing file /home/airflow/.local/lib/python3.8/site-packages/airflow/example_dags/example_xcomargs.py for tasks to queue
[2023-10-10T17:26:54.856+0000] {logging_mixin.py:151} INFO - [2023-10-10T17:26:54.856+0000] {dagbag.py:539} INFO - Filling up the DagBag from /home/airflow/.local/lib/python3.8/site-packages/airflow/example_dags/example_xcomargs.py
[2023-10-10T17:26:54.861+0000] {processor.py:839} INFO - DAG(s) dict_keys(['example_xcom_args', 'example_xcom_args_with_operators']) retrieved from /home/airflow/.local/lib/python3.8/site-packages/airflow/example_dags/example_xcomargs.py
[2023-10-10T17:26:54.876+0000] {logging_mixin.py:151} INFO - [2023-10-10T17:26:54.876+0000] {dag.py:2915} INFO - Sync 2 DAGs
[2023-10-10T17:26:54.884+0000] {logging_mixin.py:151} INFO - [2023-10-10T17:26:54.883+0000] {dag.py:3696} INFO - Setting next_dagrun for example_xcom_args to None, run_after=None
[2023-10-10T17:26:54.885+0000] {logging_mixin.py:151} INFO - [2023-10-10T17:26:54.885+0000] {dag.py:3696} INFO - Setting next_dagrun for example_xcom_args_with_operators to None, run_after=None
[2023-10-10T17:26:54.893+0000] {processor.py:179} INFO - Processing /home/airflow/.local/lib/python3.8/site-packages/airflow/example_dags/example_xcomargs.py took 0.042 seconds
[2023-10-10T17:27:25.004+0000] {processor.py:157} INFO - Started process (PID=1111) to work on /home/airflow/.local/lib/python3.8/site-packages/airflow/example_dags/example_xcomargs.py
[2023-10-10T17:27:25.006+0000] {processor.py:829} INFO - Processing file /home/airflow/.local/lib/python3.8/site-packages/airflow/example_dags/example_xcomargs.py for tasks to queue
[2023-10-10T17:27:25.007+0000] {logging_mixin.py:151} INFO - [2023-10-10T17:27:25.007+0000] {dagbag.py:539} INFO - Filling up the DagBag from /home/airflow/.local/lib/python3.8/site-packages/airflow/example_dags/example_xcomargs.py
[2023-10-10T17:27:25.012+0000] {processor.py:839} INFO - DAG(s) dict_keys(['example_xcom_args', 'example_xcom_args_with_operators']) retrieved from /home/airflow/.local/lib/python3.8/site-packages/airflow/example_dags/example_xcomargs.py
[2023-10-10T17:27:25.026+0000] {logging_mixin.py:151} INFO - [2023-10-10T17:27:25.026+0000] {dag.py:2915} INFO - Sync 2 DAGs
[2023-10-10T17:27:25.033+0000] {logging_mixin.py:151} INFO - [2023-10-10T17:27:25.033+0000] {dag.py:3696} INFO - Setting next_dagrun for example_xcom_args to None, run_after=None
[2023-10-10T17:27:25.034+0000] {logging_mixin.py:151} INFO - [2023-10-10T17:27:25.034+0000] {dag.py:3696} INFO - Setting next_dagrun for example_xcom_args_with_operators to None, run_after=None
[2023-10-10T17:27:25.042+0000] {processor.py:179} INFO - Processing /home/airflow/.local/lib/python3.8/site-packages/airflow/example_dags/example_xcomargs.py took 0.040 seconds
[2023-10-10T17:27:55.137+0000] {processor.py:157} INFO - Started process (PID=1167) to work on /home/airflow/.local/lib/python3.8/site-packages/airflow/example_dags/example_xcomargs.py
[2023-10-10T17:27:55.138+0000] {processor.py:829} INFO - Processing file /home/airflow/.local/lib/python3.8/site-packages/airflow/example_dags/example_xcomargs.py for tasks to queue
[2023-10-10T17:27:55.139+0000] {logging_mixin.py:151} INFO - [2023-10-10T17:27:55.139+0000] {dagbag.py:539} INFO - Filling up the DagBag from /home/airflow/.local/lib/python3.8/site-packages/airflow/example_dags/example_xcomargs.py
[2023-10-10T17:27:55.145+0000] {processor.py:839} INFO - DAG(s) dict_keys(['example_xcom_args', 'example_xcom_args_with_operators']) retrieved from /home/airflow/.local/lib/python3.8/site-packages/airflow/example_dags/example_xcomargs.py
[2023-10-10T17:27:55.159+0000] {logging_mixin.py:151} INFO - [2023-10-10T17:27:55.159+0000] {dag.py:2915} INFO - Sync 2 DAGs
[2023-10-10T17:27:55.166+0000] {logging_mixin.py:151} INFO - [2023-10-10T17:27:55.166+0000] {dag.py:3696} INFO - Setting next_dagrun for example_xcom_args to None, run_after=None
[2023-10-10T17:27:55.168+0000] {logging_mixin.py:151} INFO - [2023-10-10T17:27:55.168+0000] {dag.py:3696} INFO - Setting next_dagrun for example_xcom_args_with_operators to None, run_after=None
[2023-10-10T17:27:55.178+0000] {processor.py:179} INFO - Processing /home/airflow/.local/lib/python3.8/site-packages/airflow/example_dags/example_xcomargs.py took 0.044 seconds
[2023-10-10T17:28:25.309+0000] {processor.py:157} INFO - Started process (PID=1224) to work on /home/airflow/.local/lib/python3.8/site-packages/airflow/example_dags/example_xcomargs.py
[2023-10-10T17:28:25.310+0000] {processor.py:829} INFO - Processing file /home/airflow/.local/lib/python3.8/site-packages/airflow/example_dags/example_xcomargs.py for tasks to queue
[2023-10-10T17:28:25.312+0000] {logging_mixin.py:151} INFO - [2023-10-10T17:28:25.311+0000] {dagbag.py:539} INFO - Filling up the DagBag from /home/airflow/.local/lib/python3.8/site-packages/airflow/example_dags/example_xcomargs.py
[2023-10-10T17:28:25.317+0000] {processor.py:839} INFO - DAG(s) dict_keys(['example_xcom_args', 'example_xcom_args_with_operators']) retrieved from /home/airflow/.local/lib/python3.8/site-packages/airflow/example_dags/example_xcomargs.py
[2023-10-10T17:28:25.331+0000] {logging_mixin.py:151} INFO - [2023-10-10T17:28:25.331+0000] {dag.py:2915} INFO - Sync 2 DAGs
[2023-10-10T17:28:25.338+0000] {logging_mixin.py:151} INFO - [2023-10-10T17:28:25.338+0000] {dag.py:3696} INFO - Setting next_dagrun for example_xcom_args to None, run_after=None
[2023-10-10T17:28:25.340+0000] {logging_mixin.py:151} INFO - [2023-10-10T17:28:25.340+0000] {dag.py:3696} INFO - Setting next_dagrun for example_xcom_args_with_operators to None, run_after=None
[2023-10-10T17:28:25.347+0000] {processor.py:179} INFO - Processing /home/airflow/.local/lib/python3.8/site-packages/airflow/example_dags/example_xcomargs.py took 0.041 seconds
[2023-10-10T17:28:55.542+0000] {processor.py:157} INFO - Started process (PID=1280) to work on /home/airflow/.local/lib/python3.8/site-packages/airflow/example_dags/example_xcomargs.py
[2023-10-10T17:28:55.543+0000] {processor.py:829} INFO - Processing file /home/airflow/.local/lib/python3.8/site-packages/airflow/example_dags/example_xcomargs.py for tasks to queue
[2023-10-10T17:28:55.545+0000] {logging_mixin.py:151} INFO - [2023-10-10T17:28:55.545+0000] {dagbag.py:539} INFO - Filling up the DagBag from /home/airflow/.local/lib/python3.8/site-packages/airflow/example_dags/example_xcomargs.py
[2023-10-10T17:28:55.549+0000] {processor.py:839} INFO - DAG(s) dict_keys(['example_xcom_args_with_operators', 'example_xcom_args']) retrieved from /home/airflow/.local/lib/python3.8/site-packages/airflow/example_dags/example_xcomargs.py
[2023-10-10T17:28:55.562+0000] {logging_mixin.py:151} INFO - [2023-10-10T17:28:55.562+0000] {dag.py:2915} INFO - Sync 2 DAGs
[2023-10-10T17:28:55.570+0000] {logging_mixin.py:151} INFO - [2023-10-10T17:28:55.569+0000] {dag.py:3696} INFO - Setting next_dagrun for example_xcom_args to None, run_after=None
[2023-10-10T17:28:55.571+0000] {logging_mixin.py:151} INFO - [2023-10-10T17:28:55.571+0000] {dag.py:3696} INFO - Setting next_dagrun for example_xcom_args_with_operators to None, run_after=None
[2023-10-10T17:28:55.580+0000] {processor.py:179} INFO - Processing /home/airflow/.local/lib/python3.8/site-packages/airflow/example_dags/example_xcomargs.py took 0.040 seconds
