[2023-10-10T06:38:10.069+0000] {processor.py:157} INFO - Started process (PID=44) to work on /home/airflow/.local/lib/python3.8/site-packages/airflow/example_dags/example_latest_only.py
[2023-10-10T06:38:10.070+0000] {processor.py:829} INFO - Processing file /home/airflow/.local/lib/python3.8/site-packages/airflow/example_dags/example_latest_only.py for tasks to queue
[2023-10-10T06:38:10.072+0000] {logging_mixin.py:151} INFO - [2023-10-10T06:38:10.072+0000] {dagbag.py:539} INFO - Filling up the DagBag from /home/airflow/.local/lib/python3.8/site-packages/airflow/example_dags/example_latest_only.py
[2023-10-10T06:38:10.076+0000] {processor.py:839} INFO - DAG(s) dict_keys(['latest_only']) retrieved from /home/airflow/.local/lib/python3.8/site-packages/airflow/example_dags/example_latest_only.py
[2023-10-10T06:38:10.084+0000] {logging_mixin.py:151} INFO - [2023-10-10T06:38:10.083+0000] {dag.py:2915} INFO - Sync 1 DAGs
[2023-10-10T06:38:10.096+0000] {logging_mixin.py:151} INFO - [2023-10-10T06:38:10.096+0000] {dag.py:3696} INFO - Setting next_dagrun for latest_only to 2023-10-10T02:38:10.096294+00:00, run_after=2023-10-10T06:38:10.096294+00:00
[2023-10-10T06:38:10.106+0000] {processor.py:179} INFO - Processing /home/airflow/.local/lib/python3.8/site-packages/airflow/example_dags/example_latest_only.py took 0.039 seconds
[2023-10-10T06:38:40.625+0000] {processor.py:157} INFO - Started process (PID=99) to work on /home/airflow/.local/lib/python3.8/site-packages/airflow/example_dags/example_latest_only.py
[2023-10-10T06:38:40.626+0000] {processor.py:829} INFO - Processing file /home/airflow/.local/lib/python3.8/site-packages/airflow/example_dags/example_latest_only.py for tasks to queue
[2023-10-10T06:38:40.628+0000] {logging_mixin.py:151} INFO - [2023-10-10T06:38:40.627+0000] {dagbag.py:539} INFO - Filling up the DagBag from /home/airflow/.local/lib/python3.8/site-packages/airflow/example_dags/example_latest_only.py
[2023-10-10T06:38:40.631+0000] {processor.py:839} INFO - DAG(s) dict_keys(['latest_only']) retrieved from /home/airflow/.local/lib/python3.8/site-packages/airflow/example_dags/example_latest_only.py
[2023-10-10T06:38:40.643+0000] {logging_mixin.py:151} INFO - [2023-10-10T06:38:40.643+0000] {dag.py:2915} INFO - Sync 1 DAGs
[2023-10-10T06:38:40.654+0000] {logging_mixin.py:151} INFO - [2023-10-10T06:38:40.654+0000] {dag.py:3696} INFO - Setting next_dagrun for latest_only to 2023-10-10T02:38:40.654494+00:00, run_after=2023-10-10T06:38:40.654494+00:00
[2023-10-10T06:38:40.663+0000] {processor.py:179} INFO - Processing /home/airflow/.local/lib/python3.8/site-packages/airflow/example_dags/example_latest_only.py took 0.040 seconds
[2023-10-10T06:39:10.812+0000] {processor.py:157} INFO - Started process (PID=155) to work on /home/airflow/.local/lib/python3.8/site-packages/airflow/example_dags/example_latest_only.py
[2023-10-10T06:39:10.813+0000] {processor.py:829} INFO - Processing file /home/airflow/.local/lib/python3.8/site-packages/airflow/example_dags/example_latest_only.py for tasks to queue
[2023-10-10T06:39:10.814+0000] {logging_mixin.py:151} INFO - [2023-10-10T06:39:10.814+0000] {dagbag.py:539} INFO - Filling up the DagBag from /home/airflow/.local/lib/python3.8/site-packages/airflow/example_dags/example_latest_only.py
[2023-10-10T06:39:10.818+0000] {processor.py:839} INFO - DAG(s) dict_keys(['latest_only']) retrieved from /home/airflow/.local/lib/python3.8/site-packages/airflow/example_dags/example_latest_only.py
[2023-10-10T06:39:10.832+0000] {logging_mixin.py:151} INFO - [2023-10-10T06:39:10.832+0000] {dag.py:2915} INFO - Sync 1 DAGs
[2023-10-10T06:39:10.845+0000] {logging_mixin.py:151} INFO - [2023-10-10T06:39:10.845+0000] {dag.py:3696} INFO - Setting next_dagrun for latest_only to 2023-10-10T02:39:10.845314+00:00, run_after=2023-10-10T06:39:10.845314+00:00
[2023-10-10T06:39:10.857+0000] {processor.py:179} INFO - Processing /home/airflow/.local/lib/python3.8/site-packages/airflow/example_dags/example_latest_only.py took 0.047 seconds
[2023-10-10T06:39:41.103+0000] {processor.py:157} INFO - Started process (PID=211) to work on /home/airflow/.local/lib/python3.8/site-packages/airflow/example_dags/example_latest_only.py
[2023-10-10T06:39:41.105+0000] {processor.py:829} INFO - Processing file /home/airflow/.local/lib/python3.8/site-packages/airflow/example_dags/example_latest_only.py for tasks to queue
[2023-10-10T06:39:41.107+0000] {logging_mixin.py:151} INFO - [2023-10-10T06:39:41.107+0000] {dagbag.py:539} INFO - Filling up the DagBag from /home/airflow/.local/lib/python3.8/site-packages/airflow/example_dags/example_latest_only.py
[2023-10-10T06:39:41.111+0000] {processor.py:839} INFO - DAG(s) dict_keys(['latest_only']) retrieved from /home/airflow/.local/lib/python3.8/site-packages/airflow/example_dags/example_latest_only.py
[2023-10-10T06:39:41.126+0000] {logging_mixin.py:151} INFO - [2023-10-10T06:39:41.126+0000] {dag.py:2915} INFO - Sync 1 DAGs
[2023-10-10T06:39:41.139+0000] {logging_mixin.py:151} INFO - [2023-10-10T06:39:41.139+0000] {dag.py:3696} INFO - Setting next_dagrun for latest_only to 2023-10-10T02:39:41.139576+00:00, run_after=2023-10-10T06:39:41.139576+00:00
[2023-10-10T06:39:41.150+0000] {processor.py:179} INFO - Processing /home/airflow/.local/lib/python3.8/site-packages/airflow/example_dags/example_latest_only.py took 0.049 seconds
[2023-10-10T06:40:11.335+0000] {processor.py:157} INFO - Started process (PID=267) to work on /home/airflow/.local/lib/python3.8/site-packages/airflow/example_dags/example_latest_only.py
[2023-10-10T06:40:11.335+0000] {processor.py:829} INFO - Processing file /home/airflow/.local/lib/python3.8/site-packages/airflow/example_dags/example_latest_only.py for tasks to queue
[2023-10-10T06:40:11.337+0000] {logging_mixin.py:151} INFO - [2023-10-10T06:40:11.337+0000] {dagbag.py:539} INFO - Filling up the DagBag from /home/airflow/.local/lib/python3.8/site-packages/airflow/example_dags/example_latest_only.py
[2023-10-10T06:40:11.340+0000] {processor.py:839} INFO - DAG(s) dict_keys(['latest_only']) retrieved from /home/airflow/.local/lib/python3.8/site-packages/airflow/example_dags/example_latest_only.py
[2023-10-10T06:40:11.353+0000] {logging_mixin.py:151} INFO - [2023-10-10T06:40:11.353+0000] {dag.py:2915} INFO - Sync 1 DAGs
[2023-10-10T06:40:11.369+0000] {logging_mixin.py:151} INFO - [2023-10-10T06:40:11.368+0000] {dag.py:3696} INFO - Setting next_dagrun for latest_only to 2023-10-10T02:40:11.368417+00:00, run_after=2023-10-10T06:40:11.368417+00:00
[2023-10-10T06:40:11.405+0000] {processor.py:179} INFO - Processing /home/airflow/.local/lib/python3.8/site-packages/airflow/example_dags/example_latest_only.py took 0.073 seconds
[2023-10-10T06:40:41.663+0000] {processor.py:157} INFO - Started process (PID=323) to work on /home/airflow/.local/lib/python3.8/site-packages/airflow/example_dags/example_latest_only.py
[2023-10-10T06:40:41.664+0000] {processor.py:829} INFO - Processing file /home/airflow/.local/lib/python3.8/site-packages/airflow/example_dags/example_latest_only.py for tasks to queue
[2023-10-10T06:40:41.666+0000] {logging_mixin.py:151} INFO - [2023-10-10T06:40:41.666+0000] {dagbag.py:539} INFO - Filling up the DagBag from /home/airflow/.local/lib/python3.8/site-packages/airflow/example_dags/example_latest_only.py
[2023-10-10T06:40:41.671+0000] {processor.py:839} INFO - DAG(s) dict_keys(['latest_only']) retrieved from /home/airflow/.local/lib/python3.8/site-packages/airflow/example_dags/example_latest_only.py
[2023-10-10T06:40:41.685+0000] {logging_mixin.py:151} INFO - [2023-10-10T06:40:41.685+0000] {dag.py:2915} INFO - Sync 1 DAGs
[2023-10-10T06:40:41.711+0000] {logging_mixin.py:151} INFO - [2023-10-10T06:40:41.711+0000] {dag.py:3696} INFO - Setting next_dagrun for latest_only to 2023-10-10T02:40:41.711624+00:00, run_after=2023-10-10T06:40:41.711624+00:00
[2023-10-10T06:40:41.744+0000] {processor.py:179} INFO - Processing /home/airflow/.local/lib/python3.8/site-packages/airflow/example_dags/example_latest_only.py took 0.083 seconds
[2023-10-10T06:41:12.203+0000] {processor.py:157} INFO - Started process (PID=379) to work on /home/airflow/.local/lib/python3.8/site-packages/airflow/example_dags/example_latest_only.py
[2023-10-10T06:41:12.206+0000] {processor.py:829} INFO - Processing file /home/airflow/.local/lib/python3.8/site-packages/airflow/example_dags/example_latest_only.py for tasks to queue
[2023-10-10T06:41:12.208+0000] {logging_mixin.py:151} INFO - [2023-10-10T06:41:12.208+0000] {dagbag.py:539} INFO - Filling up the DagBag from /home/airflow/.local/lib/python3.8/site-packages/airflow/example_dags/example_latest_only.py
[2023-10-10T06:41:12.212+0000] {processor.py:839} INFO - DAG(s) dict_keys(['latest_only']) retrieved from /home/airflow/.local/lib/python3.8/site-packages/airflow/example_dags/example_latest_only.py
[2023-10-10T06:41:12.229+0000] {logging_mixin.py:151} INFO - [2023-10-10T06:41:12.229+0000] {dag.py:2915} INFO - Sync 1 DAGs
[2023-10-10T06:41:12.242+0000] {logging_mixin.py:151} INFO - [2023-10-10T06:41:12.242+0000] {dag.py:3696} INFO - Setting next_dagrun for latest_only to 2023-10-10T02:41:12.242179+00:00, run_after=2023-10-10T06:41:12.242179+00:00
[2023-10-10T06:41:12.257+0000] {processor.py:179} INFO - Processing /home/airflow/.local/lib/python3.8/site-packages/airflow/example_dags/example_latest_only.py took 0.057 seconds
[2023-10-10T06:41:42.455+0000] {processor.py:157} INFO - Started process (PID=435) to work on /home/airflow/.local/lib/python3.8/site-packages/airflow/example_dags/example_latest_only.py
[2023-10-10T06:41:42.456+0000] {processor.py:829} INFO - Processing file /home/airflow/.local/lib/python3.8/site-packages/airflow/example_dags/example_latest_only.py for tasks to queue
[2023-10-10T06:41:42.458+0000] {logging_mixin.py:151} INFO - [2023-10-10T06:41:42.458+0000] {dagbag.py:539} INFO - Filling up the DagBag from /home/airflow/.local/lib/python3.8/site-packages/airflow/example_dags/example_latest_only.py
[2023-10-10T06:41:42.461+0000] {processor.py:839} INFO - DAG(s) dict_keys(['latest_only']) retrieved from /home/airflow/.local/lib/python3.8/site-packages/airflow/example_dags/example_latest_only.py
[2023-10-10T06:41:42.474+0000] {logging_mixin.py:151} INFO - [2023-10-10T06:41:42.474+0000] {dag.py:2915} INFO - Sync 1 DAGs
[2023-10-10T06:41:42.486+0000] {logging_mixin.py:151} INFO - [2023-10-10T06:41:42.485+0000] {dag.py:3696} INFO - Setting next_dagrun for latest_only to 2023-10-10T02:41:42.485718+00:00, run_after=2023-10-10T06:41:42.485718+00:00
[2023-10-10T06:41:42.495+0000] {processor.py:179} INFO - Processing /home/airflow/.local/lib/python3.8/site-packages/airflow/example_dags/example_latest_only.py took 0.041 seconds
[2023-10-10T06:42:12.832+0000] {processor.py:157} INFO - Started process (PID=491) to work on /home/airflow/.local/lib/python3.8/site-packages/airflow/example_dags/example_latest_only.py
[2023-10-10T06:42:12.833+0000] {processor.py:829} INFO - Processing file /home/airflow/.local/lib/python3.8/site-packages/airflow/example_dags/example_latest_only.py for tasks to queue
[2023-10-10T06:42:12.835+0000] {logging_mixin.py:151} INFO - [2023-10-10T06:42:12.834+0000] {dagbag.py:539} INFO - Filling up the DagBag from /home/airflow/.local/lib/python3.8/site-packages/airflow/example_dags/example_latest_only.py
[2023-10-10T06:42:12.838+0000] {processor.py:839} INFO - DAG(s) dict_keys(['latest_only']) retrieved from /home/airflow/.local/lib/python3.8/site-packages/airflow/example_dags/example_latest_only.py
[2023-10-10T06:42:12.852+0000] {logging_mixin.py:151} INFO - [2023-10-10T06:42:12.852+0000] {dag.py:2915} INFO - Sync 1 DAGs
[2023-10-10T06:42:12.864+0000] {logging_mixin.py:151} INFO - [2023-10-10T06:42:12.864+0000] {dag.py:3696} INFO - Setting next_dagrun for latest_only to 2023-10-10T02:42:12.864105+00:00, run_after=2023-10-10T06:42:12.864105+00:00
[2023-10-10T06:42:12.874+0000] {processor.py:179} INFO - Processing /home/airflow/.local/lib/python3.8/site-packages/airflow/example_dags/example_latest_only.py took 0.045 seconds
[2023-10-10T06:42:43.150+0000] {processor.py:157} INFO - Started process (PID=547) to work on /home/airflow/.local/lib/python3.8/site-packages/airflow/example_dags/example_latest_only.py
[2023-10-10T06:42:43.151+0000] {processor.py:829} INFO - Processing file /home/airflow/.local/lib/python3.8/site-packages/airflow/example_dags/example_latest_only.py for tasks to queue
[2023-10-10T06:42:43.153+0000] {logging_mixin.py:151} INFO - [2023-10-10T06:42:43.153+0000] {dagbag.py:539} INFO - Filling up the DagBag from /home/airflow/.local/lib/python3.8/site-packages/airflow/example_dags/example_latest_only.py
[2023-10-10T06:42:43.157+0000] {processor.py:839} INFO - DAG(s) dict_keys(['latest_only']) retrieved from /home/airflow/.local/lib/python3.8/site-packages/airflow/example_dags/example_latest_only.py
[2023-10-10T06:42:43.171+0000] {logging_mixin.py:151} INFO - [2023-10-10T06:42:43.171+0000] {dag.py:2915} INFO - Sync 1 DAGs
[2023-10-10T06:42:43.186+0000] {logging_mixin.py:151} INFO - [2023-10-10T06:42:43.186+0000] {dag.py:3696} INFO - Setting next_dagrun for latest_only to 2023-10-10T02:42:43.185932+00:00, run_after=2023-10-10T06:42:43.185932+00:00
[2023-10-10T06:42:43.199+0000] {processor.py:179} INFO - Processing /home/airflow/.local/lib/python3.8/site-packages/airflow/example_dags/example_latest_only.py took 0.052 seconds
[2023-10-10T06:43:13.414+0000] {processor.py:157} INFO - Started process (PID=603) to work on /home/airflow/.local/lib/python3.8/site-packages/airflow/example_dags/example_latest_only.py
[2023-10-10T06:43:13.415+0000] {processor.py:829} INFO - Processing file /home/airflow/.local/lib/python3.8/site-packages/airflow/example_dags/example_latest_only.py for tasks to queue
[2023-10-10T06:43:13.416+0000] {logging_mixin.py:151} INFO - [2023-10-10T06:43:13.416+0000] {dagbag.py:539} INFO - Filling up the DagBag from /home/airflow/.local/lib/python3.8/site-packages/airflow/example_dags/example_latest_only.py
[2023-10-10T06:43:13.420+0000] {processor.py:839} INFO - DAG(s) dict_keys(['latest_only']) retrieved from /home/airflow/.local/lib/python3.8/site-packages/airflow/example_dags/example_latest_only.py
[2023-10-10T06:43:13.432+0000] {logging_mixin.py:151} INFO - [2023-10-10T06:43:13.431+0000] {dag.py:2915} INFO - Sync 1 DAGs
[2023-10-10T06:43:13.443+0000] {logging_mixin.py:151} INFO - [2023-10-10T06:43:13.443+0000] {dag.py:3696} INFO - Setting next_dagrun for latest_only to 2023-10-10T02:43:13.443302+00:00, run_after=2023-10-10T06:43:13.443302+00:00
[2023-10-10T06:43:13.452+0000] {processor.py:179} INFO - Processing /home/airflow/.local/lib/python3.8/site-packages/airflow/example_dags/example_latest_only.py took 0.040 seconds
[2023-10-10T06:46:48.636+0000] {processor.py:157} INFO - Started process (PID=45) to work on /home/airflow/.local/lib/python3.8/site-packages/airflow/example_dags/example_latest_only.py
[2023-10-10T06:46:48.637+0000] {processor.py:829} INFO - Processing file /home/airflow/.local/lib/python3.8/site-packages/airflow/example_dags/example_latest_only.py for tasks to queue
[2023-10-10T06:46:48.639+0000] {logging_mixin.py:151} INFO - [2023-10-10T06:46:48.639+0000] {dagbag.py:539} INFO - Filling up the DagBag from /home/airflow/.local/lib/python3.8/site-packages/airflow/example_dags/example_latest_only.py
[2023-10-10T06:46:48.645+0000] {processor.py:839} INFO - DAG(s) dict_keys(['latest_only']) retrieved from /home/airflow/.local/lib/python3.8/site-packages/airflow/example_dags/example_latest_only.py
[2023-10-10T06:46:48.667+0000] {logging_mixin.py:151} INFO - [2023-10-10T06:46:48.667+0000] {dag.py:2915} INFO - Sync 1 DAGs
[2023-10-10T06:46:48.681+0000] {logging_mixin.py:151} INFO - [2023-10-10T06:46:48.681+0000] {dag.py:3696} INFO - Setting next_dagrun for latest_only to 2023-10-10T02:46:48.681652+00:00, run_after=2023-10-10T06:46:48.681652+00:00
[2023-10-10T06:46:48.693+0000] {processor.py:179} INFO - Processing /home/airflow/.local/lib/python3.8/site-packages/airflow/example_dags/example_latest_only.py took 0.060 seconds
[2023-10-10T06:47:19.227+0000] {processor.py:157} INFO - Started process (PID=100) to work on /home/airflow/.local/lib/python3.8/site-packages/airflow/example_dags/example_latest_only.py
[2023-10-10T06:47:19.229+0000] {processor.py:829} INFO - Processing file /home/airflow/.local/lib/python3.8/site-packages/airflow/example_dags/example_latest_only.py for tasks to queue
[2023-10-10T06:47:19.231+0000] {logging_mixin.py:151} INFO - [2023-10-10T06:47:19.230+0000] {dagbag.py:539} INFO - Filling up the DagBag from /home/airflow/.local/lib/python3.8/site-packages/airflow/example_dags/example_latest_only.py
[2023-10-10T06:47:19.237+0000] {processor.py:839} INFO - DAG(s) dict_keys(['latest_only']) retrieved from /home/airflow/.local/lib/python3.8/site-packages/airflow/example_dags/example_latest_only.py
[2023-10-10T06:47:19.259+0000] {logging_mixin.py:151} INFO - [2023-10-10T06:47:19.259+0000] {dag.py:2915} INFO - Sync 1 DAGs
[2023-10-10T06:47:19.273+0000] {logging_mixin.py:151} INFO - [2023-10-10T06:47:19.273+0000] {dag.py:3696} INFO - Setting next_dagrun for latest_only to 2023-10-10T02:47:19.273695+00:00, run_after=2023-10-10T06:47:19.273695+00:00
[2023-10-10T06:47:19.285+0000] {processor.py:179} INFO - Processing /home/airflow/.local/lib/python3.8/site-packages/airflow/example_dags/example_latest_only.py took 0.060 seconds
[2023-10-10T06:47:49.445+0000] {processor.py:157} INFO - Started process (PID=156) to work on /home/airflow/.local/lib/python3.8/site-packages/airflow/example_dags/example_latest_only.py
[2023-10-10T06:47:49.446+0000] {processor.py:829} INFO - Processing file /home/airflow/.local/lib/python3.8/site-packages/airflow/example_dags/example_latest_only.py for tasks to queue
[2023-10-10T06:47:49.447+0000] {logging_mixin.py:151} INFO - [2023-10-10T06:47:49.447+0000] {dagbag.py:539} INFO - Filling up the DagBag from /home/airflow/.local/lib/python3.8/site-packages/airflow/example_dags/example_latest_only.py
[2023-10-10T06:47:49.451+0000] {processor.py:839} INFO - DAG(s) dict_keys(['latest_only']) retrieved from /home/airflow/.local/lib/python3.8/site-packages/airflow/example_dags/example_latest_only.py
[2023-10-10T06:47:49.462+0000] {logging_mixin.py:151} INFO - [2023-10-10T06:47:49.462+0000] {dag.py:2915} INFO - Sync 1 DAGs
[2023-10-10T06:47:49.473+0000] {logging_mixin.py:151} INFO - [2023-10-10T06:47:49.473+0000] {dag.py:3696} INFO - Setting next_dagrun for latest_only to 2023-10-10T02:47:49.472887+00:00, run_after=2023-10-10T06:47:49.472887+00:00
[2023-10-10T06:47:49.481+0000] {processor.py:179} INFO - Processing /home/airflow/.local/lib/python3.8/site-packages/airflow/example_dags/example_latest_only.py took 0.039 seconds
[2023-10-10T06:48:19.619+0000] {processor.py:157} INFO - Started process (PID=212) to work on /home/airflow/.local/lib/python3.8/site-packages/airflow/example_dags/example_latest_only.py
[2023-10-10T06:48:19.620+0000] {processor.py:829} INFO - Processing file /home/airflow/.local/lib/python3.8/site-packages/airflow/example_dags/example_latest_only.py for tasks to queue
[2023-10-10T06:48:19.622+0000] {logging_mixin.py:151} INFO - [2023-10-10T06:48:19.622+0000] {dagbag.py:539} INFO - Filling up the DagBag from /home/airflow/.local/lib/python3.8/site-packages/airflow/example_dags/example_latest_only.py
[2023-10-10T06:48:19.626+0000] {processor.py:839} INFO - DAG(s) dict_keys(['latest_only']) retrieved from /home/airflow/.local/lib/python3.8/site-packages/airflow/example_dags/example_latest_only.py
[2023-10-10T06:48:19.640+0000] {logging_mixin.py:151} INFO - [2023-10-10T06:48:19.640+0000] {dag.py:2915} INFO - Sync 1 DAGs
[2023-10-10T06:48:19.652+0000] {logging_mixin.py:151} INFO - [2023-10-10T06:48:19.652+0000] {dag.py:3696} INFO - Setting next_dagrun for latest_only to 2023-10-10T02:48:19.652031+00:00, run_after=2023-10-10T06:48:19.652031+00:00
[2023-10-10T06:48:19.663+0000] {processor.py:179} INFO - Processing /home/airflow/.local/lib/python3.8/site-packages/airflow/example_dags/example_latest_only.py took 0.046 seconds
[2023-10-10T06:48:49.889+0000] {processor.py:157} INFO - Started process (PID=268) to work on /home/airflow/.local/lib/python3.8/site-packages/airflow/example_dags/example_latest_only.py
[2023-10-10T06:48:49.890+0000] {processor.py:829} INFO - Processing file /home/airflow/.local/lib/python3.8/site-packages/airflow/example_dags/example_latest_only.py for tasks to queue
[2023-10-10T06:48:49.891+0000] {logging_mixin.py:151} INFO - [2023-10-10T06:48:49.891+0000] {dagbag.py:539} INFO - Filling up the DagBag from /home/airflow/.local/lib/python3.8/site-packages/airflow/example_dags/example_latest_only.py
[2023-10-10T06:48:49.895+0000] {processor.py:839} INFO - DAG(s) dict_keys(['latest_only']) retrieved from /home/airflow/.local/lib/python3.8/site-packages/airflow/example_dags/example_latest_only.py
[2023-10-10T06:48:49.907+0000] {logging_mixin.py:151} INFO - [2023-10-10T06:48:49.907+0000] {dag.py:2915} INFO - Sync 1 DAGs
[2023-10-10T06:48:49.918+0000] {logging_mixin.py:151} INFO - [2023-10-10T06:48:49.918+0000] {dag.py:3696} INFO - Setting next_dagrun for latest_only to 2023-10-10T02:48:49.917980+00:00, run_after=2023-10-10T06:48:49.917980+00:00
[2023-10-10T06:48:49.927+0000] {processor.py:179} INFO - Processing /home/airflow/.local/lib/python3.8/site-packages/airflow/example_dags/example_latest_only.py took 0.041 seconds
[2023-10-10T06:49:20.100+0000] {processor.py:157} INFO - Started process (PID=324) to work on /home/airflow/.local/lib/python3.8/site-packages/airflow/example_dags/example_latest_only.py
[2023-10-10T06:49:20.101+0000] {processor.py:829} INFO - Processing file /home/airflow/.local/lib/python3.8/site-packages/airflow/example_dags/example_latest_only.py for tasks to queue
[2023-10-10T06:49:20.102+0000] {logging_mixin.py:151} INFO - [2023-10-10T06:49:20.102+0000] {dagbag.py:539} INFO - Filling up the DagBag from /home/airflow/.local/lib/python3.8/site-packages/airflow/example_dags/example_latest_only.py
[2023-10-10T06:49:20.106+0000] {processor.py:839} INFO - DAG(s) dict_keys(['latest_only']) retrieved from /home/airflow/.local/lib/python3.8/site-packages/airflow/example_dags/example_latest_only.py
[2023-10-10T06:49:20.125+0000] {logging_mixin.py:151} INFO - [2023-10-10T06:49:20.125+0000] {dag.py:2915} INFO - Sync 1 DAGs
[2023-10-10T06:49:20.141+0000] {logging_mixin.py:151} INFO - [2023-10-10T06:49:20.140+0000] {dag.py:3696} INFO - Setting next_dagrun for latest_only to 2023-10-10T02:49:20.140685+00:00, run_after=2023-10-10T06:49:20.140685+00:00
[2023-10-10T06:49:20.152+0000] {processor.py:179} INFO - Processing /home/airflow/.local/lib/python3.8/site-packages/airflow/example_dags/example_latest_only.py took 0.054 seconds
[2023-10-10T06:49:50.248+0000] {processor.py:157} INFO - Started process (PID=380) to work on /home/airflow/.local/lib/python3.8/site-packages/airflow/example_dags/example_latest_only.py
[2023-10-10T06:49:50.251+0000] {processor.py:829} INFO - Processing file /home/airflow/.local/lib/python3.8/site-packages/airflow/example_dags/example_latest_only.py for tasks to queue
[2023-10-10T06:49:50.253+0000] {logging_mixin.py:151} INFO - [2023-10-10T06:49:50.252+0000] {dagbag.py:539} INFO - Filling up the DagBag from /home/airflow/.local/lib/python3.8/site-packages/airflow/example_dags/example_latest_only.py
[2023-10-10T06:49:50.256+0000] {processor.py:839} INFO - DAG(s) dict_keys(['latest_only']) retrieved from /home/airflow/.local/lib/python3.8/site-packages/airflow/example_dags/example_latest_only.py
[2023-10-10T06:49:50.269+0000] {logging_mixin.py:151} INFO - [2023-10-10T06:49:50.269+0000] {dag.py:2915} INFO - Sync 1 DAGs
[2023-10-10T06:49:50.280+0000] {logging_mixin.py:151} INFO - [2023-10-10T06:49:50.280+0000] {dag.py:3696} INFO - Setting next_dagrun for latest_only to 2023-10-10T02:49:50.280538+00:00, run_after=2023-10-10T06:49:50.280538+00:00
[2023-10-10T06:49:50.291+0000] {processor.py:179} INFO - Processing /home/airflow/.local/lib/python3.8/site-packages/airflow/example_dags/example_latest_only.py took 0.045 seconds
[2023-10-10T06:50:20.543+0000] {processor.py:157} INFO - Started process (PID=436) to work on /home/airflow/.local/lib/python3.8/site-packages/airflow/example_dags/example_latest_only.py
[2023-10-10T06:50:20.544+0000] {processor.py:829} INFO - Processing file /home/airflow/.local/lib/python3.8/site-packages/airflow/example_dags/example_latest_only.py for tasks to queue
[2023-10-10T06:50:20.546+0000] {logging_mixin.py:151} INFO - [2023-10-10T06:50:20.546+0000] {dagbag.py:539} INFO - Filling up the DagBag from /home/airflow/.local/lib/python3.8/site-packages/airflow/example_dags/example_latest_only.py
[2023-10-10T06:50:20.550+0000] {processor.py:839} INFO - DAG(s) dict_keys(['latest_only']) retrieved from /home/airflow/.local/lib/python3.8/site-packages/airflow/example_dags/example_latest_only.py
[2023-10-10T06:50:20.563+0000] {logging_mixin.py:151} INFO - [2023-10-10T06:50:20.562+0000] {dag.py:2915} INFO - Sync 1 DAGs
[2023-10-10T06:50:20.574+0000] {logging_mixin.py:151} INFO - [2023-10-10T06:50:20.574+0000] {dag.py:3696} INFO - Setting next_dagrun for latest_only to 2023-10-10T02:50:20.574361+00:00, run_after=2023-10-10T06:50:20.574361+00:00
[2023-10-10T06:50:20.585+0000] {processor.py:179} INFO - Processing /home/airflow/.local/lib/python3.8/site-packages/airflow/example_dags/example_latest_only.py took 0.044 seconds
[2023-10-10T06:50:50.708+0000] {processor.py:157} INFO - Started process (PID=492) to work on /home/airflow/.local/lib/python3.8/site-packages/airflow/example_dags/example_latest_only.py
[2023-10-10T06:50:50.710+0000] {processor.py:829} INFO - Processing file /home/airflow/.local/lib/python3.8/site-packages/airflow/example_dags/example_latest_only.py for tasks to queue
[2023-10-10T06:50:50.712+0000] {logging_mixin.py:151} INFO - [2023-10-10T06:50:50.711+0000] {dagbag.py:539} INFO - Filling up the DagBag from /home/airflow/.local/lib/python3.8/site-packages/airflow/example_dags/example_latest_only.py
[2023-10-10T06:50:50.715+0000] {processor.py:839} INFO - DAG(s) dict_keys(['latest_only']) retrieved from /home/airflow/.local/lib/python3.8/site-packages/airflow/example_dags/example_latest_only.py
[2023-10-10T06:50:50.728+0000] {logging_mixin.py:151} INFO - [2023-10-10T06:50:50.728+0000] {dag.py:2915} INFO - Sync 1 DAGs
[2023-10-10T06:50:50.744+0000] {logging_mixin.py:151} INFO - [2023-10-10T06:50:50.744+0000] {dag.py:3696} INFO - Setting next_dagrun for latest_only to 2023-10-10T02:50:50.743977+00:00, run_after=2023-10-10T06:50:50.743977+00:00
[2023-10-10T06:50:50.755+0000] {processor.py:179} INFO - Processing /home/airflow/.local/lib/python3.8/site-packages/airflow/example_dags/example_latest_only.py took 0.049 seconds
[2023-10-10T06:51:21.060+0000] {processor.py:157} INFO - Started process (PID=548) to work on /home/airflow/.local/lib/python3.8/site-packages/airflow/example_dags/example_latest_only.py
[2023-10-10T06:51:21.061+0000] {processor.py:829} INFO - Processing file /home/airflow/.local/lib/python3.8/site-packages/airflow/example_dags/example_latest_only.py for tasks to queue
[2023-10-10T06:51:21.063+0000] {logging_mixin.py:151} INFO - [2023-10-10T06:51:21.063+0000] {dagbag.py:539} INFO - Filling up the DagBag from /home/airflow/.local/lib/python3.8/site-packages/airflow/example_dags/example_latest_only.py
[2023-10-10T06:51:21.067+0000] {processor.py:839} INFO - DAG(s) dict_keys(['latest_only']) retrieved from /home/airflow/.local/lib/python3.8/site-packages/airflow/example_dags/example_latest_only.py
[2023-10-10T06:51:21.078+0000] {logging_mixin.py:151} INFO - [2023-10-10T06:51:21.078+0000] {dag.py:2915} INFO - Sync 1 DAGs
[2023-10-10T06:51:21.091+0000] {logging_mixin.py:151} INFO - [2023-10-10T06:51:21.091+0000] {dag.py:3696} INFO - Setting next_dagrun for latest_only to 2023-10-10T02:51:21.090915+00:00, run_after=2023-10-10T06:51:21.090915+00:00
[2023-10-10T06:51:21.099+0000] {processor.py:179} INFO - Processing /home/airflow/.local/lib/python3.8/site-packages/airflow/example_dags/example_latest_only.py took 0.042 seconds
[2023-10-10T06:51:51.378+0000] {processor.py:157} INFO - Started process (PID=604) to work on /home/airflow/.local/lib/python3.8/site-packages/airflow/example_dags/example_latest_only.py
[2023-10-10T06:51:51.381+0000] {processor.py:829} INFO - Processing file /home/airflow/.local/lib/python3.8/site-packages/airflow/example_dags/example_latest_only.py for tasks to queue
[2023-10-10T06:51:51.382+0000] {logging_mixin.py:151} INFO - [2023-10-10T06:51:51.382+0000] {dagbag.py:539} INFO - Filling up the DagBag from /home/airflow/.local/lib/python3.8/site-packages/airflow/example_dags/example_latest_only.py
[2023-10-10T06:51:51.386+0000] {processor.py:839} INFO - DAG(s) dict_keys(['latest_only']) retrieved from /home/airflow/.local/lib/python3.8/site-packages/airflow/example_dags/example_latest_only.py
[2023-10-10T06:51:51.399+0000] {logging_mixin.py:151} INFO - [2023-10-10T06:51:51.399+0000] {dag.py:2915} INFO - Sync 1 DAGs
[2023-10-10T06:51:51.411+0000] {logging_mixin.py:151} INFO - [2023-10-10T06:51:51.411+0000] {dag.py:3696} INFO - Setting next_dagrun for latest_only to 2023-10-10T02:51:51.411057+00:00, run_after=2023-10-10T06:51:51.411057+00:00
[2023-10-10T06:51:51.420+0000] {processor.py:179} INFO - Processing /home/airflow/.local/lib/python3.8/site-packages/airflow/example_dags/example_latest_only.py took 0.045 seconds
[2023-10-10T06:52:21.647+0000] {processor.py:157} INFO - Started process (PID=660) to work on /home/airflow/.local/lib/python3.8/site-packages/airflow/example_dags/example_latest_only.py
[2023-10-10T06:52:21.649+0000] {processor.py:829} INFO - Processing file /home/airflow/.local/lib/python3.8/site-packages/airflow/example_dags/example_latest_only.py for tasks to queue
[2023-10-10T06:52:21.650+0000] {logging_mixin.py:151} INFO - [2023-10-10T06:52:21.650+0000] {dagbag.py:539} INFO - Filling up the DagBag from /home/airflow/.local/lib/python3.8/site-packages/airflow/example_dags/example_latest_only.py
[2023-10-10T06:52:21.654+0000] {processor.py:839} INFO - DAG(s) dict_keys(['latest_only']) retrieved from /home/airflow/.local/lib/python3.8/site-packages/airflow/example_dags/example_latest_only.py
[2023-10-10T06:52:21.666+0000] {logging_mixin.py:151} INFO - [2023-10-10T06:52:21.666+0000] {dag.py:2915} INFO - Sync 1 DAGs
[2023-10-10T06:52:21.678+0000] {logging_mixin.py:151} INFO - [2023-10-10T06:52:21.678+0000] {dag.py:3696} INFO - Setting next_dagrun for latest_only to 2023-10-10T02:52:21.677927+00:00, run_after=2023-10-10T06:52:21.677927+00:00
[2023-10-10T06:52:21.688+0000] {processor.py:179} INFO - Processing /home/airflow/.local/lib/python3.8/site-packages/airflow/example_dags/example_latest_only.py took 0.043 seconds
[2023-10-10T06:52:51.834+0000] {processor.py:157} INFO - Started process (PID=716) to work on /home/airflow/.local/lib/python3.8/site-packages/airflow/example_dags/example_latest_only.py
[2023-10-10T06:52:51.835+0000] {processor.py:829} INFO - Processing file /home/airflow/.local/lib/python3.8/site-packages/airflow/example_dags/example_latest_only.py for tasks to queue
[2023-10-10T06:52:51.837+0000] {logging_mixin.py:151} INFO - [2023-10-10T06:52:51.836+0000] {dagbag.py:539} INFO - Filling up the DagBag from /home/airflow/.local/lib/python3.8/site-packages/airflow/example_dags/example_latest_only.py
[2023-10-10T06:52:51.840+0000] {processor.py:839} INFO - DAG(s) dict_keys(['latest_only']) retrieved from /home/airflow/.local/lib/python3.8/site-packages/airflow/example_dags/example_latest_only.py
[2023-10-10T06:52:51.852+0000] {logging_mixin.py:151} INFO - [2023-10-10T06:52:51.852+0000] {dag.py:2915} INFO - Sync 1 DAGs
[2023-10-10T06:52:51.864+0000] {logging_mixin.py:151} INFO - [2023-10-10T06:52:51.864+0000] {dag.py:3696} INFO - Setting next_dagrun for latest_only to 2023-10-10T02:52:51.864299+00:00, run_after=2023-10-10T06:52:51.864299+00:00
[2023-10-10T06:52:51.873+0000] {processor.py:179} INFO - Processing /home/airflow/.local/lib/python3.8/site-packages/airflow/example_dags/example_latest_only.py took 0.041 seconds
[2023-10-10T06:53:22.196+0000] {processor.py:157} INFO - Started process (PID=772) to work on /home/airflow/.local/lib/python3.8/site-packages/airflow/example_dags/example_latest_only.py
[2023-10-10T06:53:22.197+0000] {processor.py:829} INFO - Processing file /home/airflow/.local/lib/python3.8/site-packages/airflow/example_dags/example_latest_only.py for tasks to queue
[2023-10-10T06:53:22.198+0000] {logging_mixin.py:151} INFO - [2023-10-10T06:53:22.198+0000] {dagbag.py:539} INFO - Filling up the DagBag from /home/airflow/.local/lib/python3.8/site-packages/airflow/example_dags/example_latest_only.py
[2023-10-10T06:53:22.202+0000] {processor.py:839} INFO - DAG(s) dict_keys(['latest_only']) retrieved from /home/airflow/.local/lib/python3.8/site-packages/airflow/example_dags/example_latest_only.py
[2023-10-10T06:53:22.215+0000] {logging_mixin.py:151} INFO - [2023-10-10T06:53:22.215+0000] {dag.py:2915} INFO - Sync 1 DAGs
[2023-10-10T06:53:22.227+0000] {logging_mixin.py:151} INFO - [2023-10-10T06:53:22.227+0000] {dag.py:3696} INFO - Setting next_dagrun for latest_only to 2023-10-10T02:53:22.227306+00:00, run_after=2023-10-10T06:53:22.227306+00:00
[2023-10-10T06:53:22.237+0000] {processor.py:179} INFO - Processing /home/airflow/.local/lib/python3.8/site-packages/airflow/example_dags/example_latest_only.py took 0.044 seconds
[2023-10-10T06:53:52.416+0000] {processor.py:157} INFO - Started process (PID=828) to work on /home/airflow/.local/lib/python3.8/site-packages/airflow/example_dags/example_latest_only.py
[2023-10-10T06:53:52.418+0000] {processor.py:829} INFO - Processing file /home/airflow/.local/lib/python3.8/site-packages/airflow/example_dags/example_latest_only.py for tasks to queue
[2023-10-10T06:53:52.420+0000] {logging_mixin.py:151} INFO - [2023-10-10T06:53:52.420+0000] {dagbag.py:539} INFO - Filling up the DagBag from /home/airflow/.local/lib/python3.8/site-packages/airflow/example_dags/example_latest_only.py
[2023-10-10T06:53:52.425+0000] {processor.py:839} INFO - DAG(s) dict_keys(['latest_only']) retrieved from /home/airflow/.local/lib/python3.8/site-packages/airflow/example_dags/example_latest_only.py
[2023-10-10T06:53:52.440+0000] {logging_mixin.py:151} INFO - [2023-10-10T06:53:52.439+0000] {dag.py:2915} INFO - Sync 1 DAGs
[2023-10-10T06:53:52.453+0000] {logging_mixin.py:151} INFO - [2023-10-10T06:53:52.453+0000] {dag.py:3696} INFO - Setting next_dagrun for latest_only to 2023-10-10T02:53:52.453086+00:00, run_after=2023-10-10T06:53:52.453086+00:00
[2023-10-10T06:53:52.462+0000] {processor.py:179} INFO - Processing /home/airflow/.local/lib/python3.8/site-packages/airflow/example_dags/example_latest_only.py took 0.048 seconds
[2023-10-10T06:54:22.617+0000] {processor.py:157} INFO - Started process (PID=884) to work on /home/airflow/.local/lib/python3.8/site-packages/airflow/example_dags/example_latest_only.py
[2023-10-10T06:54:22.618+0000] {processor.py:829} INFO - Processing file /home/airflow/.local/lib/python3.8/site-packages/airflow/example_dags/example_latest_only.py for tasks to queue
[2023-10-10T06:54:22.620+0000] {logging_mixin.py:151} INFO - [2023-10-10T06:54:22.619+0000] {dagbag.py:539} INFO - Filling up the DagBag from /home/airflow/.local/lib/python3.8/site-packages/airflow/example_dags/example_latest_only.py
[2023-10-10T06:54:22.623+0000] {processor.py:839} INFO - DAG(s) dict_keys(['latest_only']) retrieved from /home/airflow/.local/lib/python3.8/site-packages/airflow/example_dags/example_latest_only.py
[2023-10-10T06:54:22.635+0000] {logging_mixin.py:151} INFO - [2023-10-10T06:54:22.635+0000] {dag.py:2915} INFO - Sync 1 DAGs
[2023-10-10T06:54:22.647+0000] {logging_mixin.py:151} INFO - [2023-10-10T06:54:22.647+0000] {dag.py:3696} INFO - Setting next_dagrun for latest_only to 2023-10-10T02:54:22.647234+00:00, run_after=2023-10-10T06:54:22.647234+00:00
[2023-10-10T06:54:22.656+0000] {processor.py:179} INFO - Processing /home/airflow/.local/lib/python3.8/site-packages/airflow/example_dags/example_latest_only.py took 0.041 seconds
[2023-10-10T06:54:52.899+0000] {processor.py:157} INFO - Started process (PID=940) to work on /home/airflow/.local/lib/python3.8/site-packages/airflow/example_dags/example_latest_only.py
[2023-10-10T06:54:52.900+0000] {processor.py:829} INFO - Processing file /home/airflow/.local/lib/python3.8/site-packages/airflow/example_dags/example_latest_only.py for tasks to queue
[2023-10-10T06:54:52.902+0000] {logging_mixin.py:151} INFO - [2023-10-10T06:54:52.901+0000] {dagbag.py:539} INFO - Filling up the DagBag from /home/airflow/.local/lib/python3.8/site-packages/airflow/example_dags/example_latest_only.py
[2023-10-10T06:54:52.905+0000] {processor.py:839} INFO - DAG(s) dict_keys(['latest_only']) retrieved from /home/airflow/.local/lib/python3.8/site-packages/airflow/example_dags/example_latest_only.py
[2023-10-10T06:54:52.917+0000] {logging_mixin.py:151} INFO - [2023-10-10T06:54:52.917+0000] {dag.py:2915} INFO - Sync 1 DAGs
[2023-10-10T06:54:52.929+0000] {logging_mixin.py:151} INFO - [2023-10-10T06:54:52.929+0000] {dag.py:3696} INFO - Setting next_dagrun for latest_only to 2023-10-10T02:54:52.929204+00:00, run_after=2023-10-10T06:54:52.929204+00:00
[2023-10-10T06:54:52.938+0000] {processor.py:179} INFO - Processing /home/airflow/.local/lib/python3.8/site-packages/airflow/example_dags/example_latest_only.py took 0.042 seconds
[2023-10-10T06:55:23.008+0000] {processor.py:157} INFO - Started process (PID=996) to work on /home/airflow/.local/lib/python3.8/site-packages/airflow/example_dags/example_latest_only.py
[2023-10-10T06:55:23.010+0000] {processor.py:829} INFO - Processing file /home/airflow/.local/lib/python3.8/site-packages/airflow/example_dags/example_latest_only.py for tasks to queue
[2023-10-10T06:55:23.012+0000] {logging_mixin.py:151} INFO - [2023-10-10T06:55:23.012+0000] {dagbag.py:539} INFO - Filling up the DagBag from /home/airflow/.local/lib/python3.8/site-packages/airflow/example_dags/example_latest_only.py
[2023-10-10T06:55:23.016+0000] {processor.py:839} INFO - DAG(s) dict_keys(['latest_only']) retrieved from /home/airflow/.local/lib/python3.8/site-packages/airflow/example_dags/example_latest_only.py
[2023-10-10T06:55:23.029+0000] {logging_mixin.py:151} INFO - [2023-10-10T06:55:23.029+0000] {dag.py:2915} INFO - Sync 1 DAGs
[2023-10-10T06:55:23.042+0000] {logging_mixin.py:151} INFO - [2023-10-10T06:55:23.041+0000] {dag.py:3696} INFO - Setting next_dagrun for latest_only to 2023-10-10T02:55:23.041812+00:00, run_after=2023-10-10T06:55:23.041812+00:00
[2023-10-10T06:55:23.050+0000] {processor.py:179} INFO - Processing /home/airflow/.local/lib/python3.8/site-packages/airflow/example_dags/example_latest_only.py took 0.045 seconds
[2023-10-10T06:55:53.224+0000] {processor.py:157} INFO - Started process (PID=1052) to work on /home/airflow/.local/lib/python3.8/site-packages/airflow/example_dags/example_latest_only.py
[2023-10-10T06:55:53.225+0000] {processor.py:829} INFO - Processing file /home/airflow/.local/lib/python3.8/site-packages/airflow/example_dags/example_latest_only.py for tasks to queue
[2023-10-10T06:55:53.227+0000] {logging_mixin.py:151} INFO - [2023-10-10T06:55:53.227+0000] {dagbag.py:539} INFO - Filling up the DagBag from /home/airflow/.local/lib/python3.8/site-packages/airflow/example_dags/example_latest_only.py
[2023-10-10T06:55:53.230+0000] {processor.py:839} INFO - DAG(s) dict_keys(['latest_only']) retrieved from /home/airflow/.local/lib/python3.8/site-packages/airflow/example_dags/example_latest_only.py
[2023-10-10T06:55:53.242+0000] {logging_mixin.py:151} INFO - [2023-10-10T06:55:53.242+0000] {dag.py:2915} INFO - Sync 1 DAGs
[2023-10-10T06:55:53.254+0000] {logging_mixin.py:151} INFO - [2023-10-10T06:55:53.254+0000] {dag.py:3696} INFO - Setting next_dagrun for latest_only to 2023-10-10T02:55:53.254007+00:00, run_after=2023-10-10T06:55:53.254007+00:00
[2023-10-10T06:55:53.263+0000] {processor.py:179} INFO - Processing /home/airflow/.local/lib/python3.8/site-packages/airflow/example_dags/example_latest_only.py took 0.041 seconds
[2023-10-10T06:56:23.520+0000] {processor.py:157} INFO - Started process (PID=1108) to work on /home/airflow/.local/lib/python3.8/site-packages/airflow/example_dags/example_latest_only.py
[2023-10-10T06:56:23.521+0000] {processor.py:829} INFO - Processing file /home/airflow/.local/lib/python3.8/site-packages/airflow/example_dags/example_latest_only.py for tasks to queue
[2023-10-10T06:56:23.523+0000] {logging_mixin.py:151} INFO - [2023-10-10T06:56:23.522+0000] {dagbag.py:539} INFO - Filling up the DagBag from /home/airflow/.local/lib/python3.8/site-packages/airflow/example_dags/example_latest_only.py
[2023-10-10T06:56:23.527+0000] {processor.py:839} INFO - DAG(s) dict_keys(['latest_only']) retrieved from /home/airflow/.local/lib/python3.8/site-packages/airflow/example_dags/example_latest_only.py
[2023-10-10T06:56:23.541+0000] {logging_mixin.py:151} INFO - [2023-10-10T06:56:23.541+0000] {dag.py:2915} INFO - Sync 1 DAGs
[2023-10-10T06:56:23.552+0000] {logging_mixin.py:151} INFO - [2023-10-10T06:56:23.552+0000] {dag.py:3696} INFO - Setting next_dagrun for latest_only to 2023-10-10T02:56:23.552646+00:00, run_after=2023-10-10T06:56:23.552646+00:00
[2023-10-10T06:56:23.563+0000] {processor.py:179} INFO - Processing /home/airflow/.local/lib/python3.8/site-packages/airflow/example_dags/example_latest_only.py took 0.046 seconds
[2023-10-10T17:17:51.428+0000] {processor.py:157} INFO - Started process (PID=45) to work on /home/airflow/.local/lib/python3.8/site-packages/airflow/example_dags/example_latest_only.py
[2023-10-10T17:17:51.428+0000] {processor.py:829} INFO - Processing file /home/airflow/.local/lib/python3.8/site-packages/airflow/example_dags/example_latest_only.py for tasks to queue
[2023-10-10T17:17:51.431+0000] {logging_mixin.py:151} INFO - [2023-10-10T17:17:51.431+0000] {dagbag.py:539} INFO - Filling up the DagBag from /home/airflow/.local/lib/python3.8/site-packages/airflow/example_dags/example_latest_only.py
[2023-10-10T17:17:51.438+0000] {processor.py:839} INFO - DAG(s) dict_keys(['latest_only']) retrieved from /home/airflow/.local/lib/python3.8/site-packages/airflow/example_dags/example_latest_only.py
[2023-10-10T17:17:51.447+0000] {logging_mixin.py:151} INFO - [2023-10-10T17:17:51.446+0000] {dag.py:2915} INFO - Sync 1 DAGs
[2023-10-10T17:17:51.460+0000] {logging_mixin.py:151} INFO - [2023-10-10T17:17:51.460+0000] {dag.py:3696} INFO - Setting next_dagrun for latest_only to 2023-10-10T13:17:51.459900+00:00, run_after=2023-10-10T17:17:51.459900+00:00
[2023-10-10T17:17:51.470+0000] {processor.py:179} INFO - Processing /home/airflow/.local/lib/python3.8/site-packages/airflow/example_dags/example_latest_only.py took 0.045 seconds
[2023-10-10T17:18:21.507+0000] {processor.py:157} INFO - Started process (PID=100) to work on /home/airflow/.local/lib/python3.8/site-packages/airflow/example_dags/example_latest_only.py
[2023-10-10T17:18:21.507+0000] {processor.py:829} INFO - Processing file /home/airflow/.local/lib/python3.8/site-packages/airflow/example_dags/example_latest_only.py for tasks to queue
[2023-10-10T17:18:21.509+0000] {logging_mixin.py:151} INFO - [2023-10-10T17:18:21.509+0000] {dagbag.py:539} INFO - Filling up the DagBag from /home/airflow/.local/lib/python3.8/site-packages/airflow/example_dags/example_latest_only.py
[2023-10-10T17:18:21.513+0000] {processor.py:839} INFO - DAG(s) dict_keys(['latest_only']) retrieved from /home/airflow/.local/lib/python3.8/site-packages/airflow/example_dags/example_latest_only.py
[2023-10-10T17:18:21.525+0000] {logging_mixin.py:151} INFO - [2023-10-10T17:18:21.525+0000] {dag.py:2915} INFO - Sync 1 DAGs
[2023-10-10T17:18:21.537+0000] {logging_mixin.py:151} INFO - [2023-10-10T17:18:21.536+0000] {dag.py:3696} INFO - Setting next_dagrun for latest_only to 2023-10-10T13:18:21.536838+00:00, run_after=2023-10-10T17:18:21.536838+00:00
[2023-10-10T17:18:21.545+0000] {processor.py:179} INFO - Processing /home/airflow/.local/lib/python3.8/site-packages/airflow/example_dags/example_latest_only.py took 0.041 seconds
[2023-10-10T17:18:52.475+0000] {processor.py:157} INFO - Started process (PID=156) to work on /home/airflow/.local/lib/python3.8/site-packages/airflow/example_dags/example_latest_only.py
[2023-10-10T17:18:52.476+0000] {processor.py:829} INFO - Processing file /home/airflow/.local/lib/python3.8/site-packages/airflow/example_dags/example_latest_only.py for tasks to queue
[2023-10-10T17:18:52.477+0000] {logging_mixin.py:151} INFO - [2023-10-10T17:18:52.477+0000] {dagbag.py:539} INFO - Filling up the DagBag from /home/airflow/.local/lib/python3.8/site-packages/airflow/example_dags/example_latest_only.py
[2023-10-10T17:18:52.481+0000] {processor.py:839} INFO - DAG(s) dict_keys(['latest_only']) retrieved from /home/airflow/.local/lib/python3.8/site-packages/airflow/example_dags/example_latest_only.py
[2023-10-10T17:18:52.493+0000] {logging_mixin.py:151} INFO - [2023-10-10T17:18:52.493+0000] {dag.py:2915} INFO - Sync 1 DAGs
[2023-10-10T17:18:52.505+0000] {logging_mixin.py:151} INFO - [2023-10-10T17:18:52.505+0000] {dag.py:3696} INFO - Setting next_dagrun for latest_only to 2023-10-10T13:18:52.505261+00:00, run_after=2023-10-10T17:18:52.505261+00:00
[2023-10-10T17:18:52.513+0000] {processor.py:179} INFO - Processing /home/airflow/.local/lib/python3.8/site-packages/airflow/example_dags/example_latest_only.py took 0.041 seconds
[2023-10-10T17:19:22.592+0000] {processor.py:157} INFO - Started process (PID=212) to work on /home/airflow/.local/lib/python3.8/site-packages/airflow/example_dags/example_latest_only.py
[2023-10-10T17:19:22.593+0000] {processor.py:829} INFO - Processing file /home/airflow/.local/lib/python3.8/site-packages/airflow/example_dags/example_latest_only.py for tasks to queue
[2023-10-10T17:19:22.594+0000] {logging_mixin.py:151} INFO - [2023-10-10T17:19:22.594+0000] {dagbag.py:539} INFO - Filling up the DagBag from /home/airflow/.local/lib/python3.8/site-packages/airflow/example_dags/example_latest_only.py
[2023-10-10T17:19:22.598+0000] {processor.py:839} INFO - DAG(s) dict_keys(['latest_only']) retrieved from /home/airflow/.local/lib/python3.8/site-packages/airflow/example_dags/example_latest_only.py
[2023-10-10T17:19:22.610+0000] {logging_mixin.py:151} INFO - [2023-10-10T17:19:22.610+0000] {dag.py:2915} INFO - Sync 1 DAGs
[2023-10-10T17:19:22.622+0000] {logging_mixin.py:151} INFO - [2023-10-10T17:19:22.622+0000] {dag.py:3696} INFO - Setting next_dagrun for latest_only to 2023-10-10T13:19:22.621932+00:00, run_after=2023-10-10T17:19:22.621932+00:00
[2023-10-10T17:19:22.630+0000] {processor.py:179} INFO - Processing /home/airflow/.local/lib/python3.8/site-packages/airflow/example_dags/example_latest_only.py took 0.041 seconds
[2023-10-10T17:19:52.747+0000] {processor.py:157} INFO - Started process (PID=268) to work on /home/airflow/.local/lib/python3.8/site-packages/airflow/example_dags/example_latest_only.py
[2023-10-10T17:19:52.747+0000] {processor.py:829} INFO - Processing file /home/airflow/.local/lib/python3.8/site-packages/airflow/example_dags/example_latest_only.py for tasks to queue
[2023-10-10T17:19:52.749+0000] {logging_mixin.py:151} INFO - [2023-10-10T17:19:52.749+0000] {dagbag.py:539} INFO - Filling up the DagBag from /home/airflow/.local/lib/python3.8/site-packages/airflow/example_dags/example_latest_only.py
[2023-10-10T17:19:52.752+0000] {processor.py:839} INFO - DAG(s) dict_keys(['latest_only']) retrieved from /home/airflow/.local/lib/python3.8/site-packages/airflow/example_dags/example_latest_only.py
[2023-10-10T17:19:52.765+0000] {logging_mixin.py:151} INFO - [2023-10-10T17:19:52.765+0000] {dag.py:2915} INFO - Sync 1 DAGs
[2023-10-10T17:19:52.776+0000] {logging_mixin.py:151} INFO - [2023-10-10T17:19:52.776+0000] {dag.py:3696} INFO - Setting next_dagrun for latest_only to 2023-10-10T13:19:52.776425+00:00, run_after=2023-10-10T17:19:52.776425+00:00
[2023-10-10T17:19:52.787+0000] {processor.py:179} INFO - Processing /home/airflow/.local/lib/python3.8/site-packages/airflow/example_dags/example_latest_only.py took 0.043 seconds
[2023-10-10T17:20:22.883+0000] {processor.py:157} INFO - Started process (PID=324) to work on /home/airflow/.local/lib/python3.8/site-packages/airflow/example_dags/example_latest_only.py
[2023-10-10T17:20:22.883+0000] {processor.py:829} INFO - Processing file /home/airflow/.local/lib/python3.8/site-packages/airflow/example_dags/example_latest_only.py for tasks to queue
[2023-10-10T17:20:22.885+0000] {logging_mixin.py:151} INFO - [2023-10-10T17:20:22.885+0000] {dagbag.py:539} INFO - Filling up the DagBag from /home/airflow/.local/lib/python3.8/site-packages/airflow/example_dags/example_latest_only.py
[2023-10-10T17:20:22.888+0000] {processor.py:839} INFO - DAG(s) dict_keys(['latest_only']) retrieved from /home/airflow/.local/lib/python3.8/site-packages/airflow/example_dags/example_latest_only.py
[2023-10-10T17:20:22.900+0000] {logging_mixin.py:151} INFO - [2023-10-10T17:20:22.900+0000] {dag.py:2915} INFO - Sync 1 DAGs
[2023-10-10T17:20:22.912+0000] {logging_mixin.py:151} INFO - [2023-10-10T17:20:22.912+0000] {dag.py:3696} INFO - Setting next_dagrun for latest_only to 2023-10-10T13:20:22.912094+00:00, run_after=2023-10-10T17:20:22.912094+00:00
[2023-10-10T17:20:22.922+0000] {processor.py:179} INFO - Processing /home/airflow/.local/lib/python3.8/site-packages/airflow/example_dags/example_latest_only.py took 0.041 seconds
[2023-10-10T17:20:53.001+0000] {processor.py:157} INFO - Started process (PID=380) to work on /home/airflow/.local/lib/python3.8/site-packages/airflow/example_dags/example_latest_only.py
[2023-10-10T17:20:53.002+0000] {processor.py:829} INFO - Processing file /home/airflow/.local/lib/python3.8/site-packages/airflow/example_dags/example_latest_only.py for tasks to queue
[2023-10-10T17:20:53.003+0000] {logging_mixin.py:151} INFO - [2023-10-10T17:20:53.003+0000] {dagbag.py:539} INFO - Filling up the DagBag from /home/airflow/.local/lib/python3.8/site-packages/airflow/example_dags/example_latest_only.py
[2023-10-10T17:20:53.007+0000] {processor.py:839} INFO - DAG(s) dict_keys(['latest_only']) retrieved from /home/airflow/.local/lib/python3.8/site-packages/airflow/example_dags/example_latest_only.py
[2023-10-10T17:20:53.018+0000] {logging_mixin.py:151} INFO - [2023-10-10T17:20:53.018+0000] {dag.py:2915} INFO - Sync 1 DAGs
[2023-10-10T17:20:53.030+0000] {logging_mixin.py:151} INFO - [2023-10-10T17:20:53.030+0000] {dag.py:3696} INFO - Setting next_dagrun for latest_only to 2023-10-10T13:20:53.030196+00:00, run_after=2023-10-10T17:20:53.030196+00:00
[2023-10-10T17:20:53.039+0000] {processor.py:179} INFO - Processing /home/airflow/.local/lib/python3.8/site-packages/airflow/example_dags/example_latest_only.py took 0.041 seconds
[2023-10-10T17:21:23.136+0000] {processor.py:157} INFO - Started process (PID=436) to work on /home/airflow/.local/lib/python3.8/site-packages/airflow/example_dags/example_latest_only.py
[2023-10-10T17:21:23.139+0000] {processor.py:829} INFO - Processing file /home/airflow/.local/lib/python3.8/site-packages/airflow/example_dags/example_latest_only.py for tasks to queue
[2023-10-10T17:21:23.143+0000] {logging_mixin.py:151} INFO - [2023-10-10T17:21:23.143+0000] {dagbag.py:539} INFO - Filling up the DagBag from /home/airflow/.local/lib/python3.8/site-packages/airflow/example_dags/example_latest_only.py
[2023-10-10T17:21:23.148+0000] {processor.py:839} INFO - DAG(s) dict_keys(['latest_only']) retrieved from /home/airflow/.local/lib/python3.8/site-packages/airflow/example_dags/example_latest_only.py
[2023-10-10T17:21:23.166+0000] {logging_mixin.py:151} INFO - [2023-10-10T17:21:23.166+0000] {dag.py:2915} INFO - Sync 1 DAGs
[2023-10-10T17:21:23.180+0000] {logging_mixin.py:151} INFO - [2023-10-10T17:21:23.179+0000] {dag.py:3696} INFO - Setting next_dagrun for latest_only to 2023-10-10T13:21:23.179799+00:00, run_after=2023-10-10T17:21:23.179799+00:00
[2023-10-10T17:21:23.192+0000] {processor.py:179} INFO - Processing /home/airflow/.local/lib/python3.8/site-packages/airflow/example_dags/example_latest_only.py took 0.058 seconds
[2023-10-10T17:21:53.232+0000] {processor.py:157} INFO - Started process (PID=492) to work on /home/airflow/.local/lib/python3.8/site-packages/airflow/example_dags/example_latest_only.py
[2023-10-10T17:21:53.233+0000] {processor.py:829} INFO - Processing file /home/airflow/.local/lib/python3.8/site-packages/airflow/example_dags/example_latest_only.py for tasks to queue
[2023-10-10T17:21:53.235+0000] {logging_mixin.py:151} INFO - [2023-10-10T17:21:53.234+0000] {dagbag.py:539} INFO - Filling up the DagBag from /home/airflow/.local/lib/python3.8/site-packages/airflow/example_dags/example_latest_only.py
[2023-10-10T17:21:53.238+0000] {processor.py:839} INFO - DAG(s) dict_keys(['latest_only']) retrieved from /home/airflow/.local/lib/python3.8/site-packages/airflow/example_dags/example_latest_only.py
[2023-10-10T17:21:53.252+0000] {logging_mixin.py:151} INFO - [2023-10-10T17:21:53.251+0000] {dag.py:2915} INFO - Sync 1 DAGs
[2023-10-10T17:21:53.263+0000] {logging_mixin.py:151} INFO - [2023-10-10T17:21:53.263+0000] {dag.py:3696} INFO - Setting next_dagrun for latest_only to 2023-10-10T13:21:53.263643+00:00, run_after=2023-10-10T17:21:53.263643+00:00
[2023-10-10T17:21:53.275+0000] {processor.py:179} INFO - Processing /home/airflow/.local/lib/python3.8/site-packages/airflow/example_dags/example_latest_only.py took 0.045 seconds
[2023-10-10T17:22:23.492+0000] {processor.py:157} INFO - Started process (PID=548) to work on /home/airflow/.local/lib/python3.8/site-packages/airflow/example_dags/example_latest_only.py
[2023-10-10T17:22:23.492+0000] {processor.py:829} INFO - Processing file /home/airflow/.local/lib/python3.8/site-packages/airflow/example_dags/example_latest_only.py for tasks to queue
[2023-10-10T17:22:23.494+0000] {logging_mixin.py:151} INFO - [2023-10-10T17:22:23.494+0000] {dagbag.py:539} INFO - Filling up the DagBag from /home/airflow/.local/lib/python3.8/site-packages/airflow/example_dags/example_latest_only.py
[2023-10-10T17:22:23.497+0000] {processor.py:839} INFO - DAG(s) dict_keys(['latest_only']) retrieved from /home/airflow/.local/lib/python3.8/site-packages/airflow/example_dags/example_latest_only.py
[2023-10-10T17:22:23.509+0000] {logging_mixin.py:151} INFO - [2023-10-10T17:22:23.509+0000] {dag.py:2915} INFO - Sync 1 DAGs
[2023-10-10T17:22:23.521+0000] {logging_mixin.py:151} INFO - [2023-10-10T17:22:23.521+0000] {dag.py:3696} INFO - Setting next_dagrun for latest_only to 2023-10-10T13:22:23.521360+00:00, run_after=2023-10-10T17:22:23.521360+00:00
[2023-10-10T17:22:23.531+0000] {processor.py:179} INFO - Processing /home/airflow/.local/lib/python3.8/site-packages/airflow/example_dags/example_latest_only.py took 0.042 seconds
[2023-10-10T17:22:53.595+0000] {processor.py:157} INFO - Started process (PID=604) to work on /home/airflow/.local/lib/python3.8/site-packages/airflow/example_dags/example_latest_only.py
[2023-10-10T17:22:53.596+0000] {processor.py:829} INFO - Processing file /home/airflow/.local/lib/python3.8/site-packages/airflow/example_dags/example_latest_only.py for tasks to queue
[2023-10-10T17:22:53.597+0000] {logging_mixin.py:151} INFO - [2023-10-10T17:22:53.597+0000] {dagbag.py:539} INFO - Filling up the DagBag from /home/airflow/.local/lib/python3.8/site-packages/airflow/example_dags/example_latest_only.py
[2023-10-10T17:22:53.601+0000] {processor.py:839} INFO - DAG(s) dict_keys(['latest_only']) retrieved from /home/airflow/.local/lib/python3.8/site-packages/airflow/example_dags/example_latest_only.py
[2023-10-10T17:22:53.613+0000] {logging_mixin.py:151} INFO - [2023-10-10T17:22:53.613+0000] {dag.py:2915} INFO - Sync 1 DAGs
[2023-10-10T17:22:53.624+0000] {logging_mixin.py:151} INFO - [2023-10-10T17:22:53.624+0000] {dag.py:3696} INFO - Setting next_dagrun for latest_only to 2023-10-10T13:22:53.624669+00:00, run_after=2023-10-10T17:22:53.624669+00:00
[2023-10-10T17:22:53.633+0000] {processor.py:179} INFO - Processing /home/airflow/.local/lib/python3.8/site-packages/airflow/example_dags/example_latest_only.py took 0.041 seconds
[2023-10-10T17:23:23.717+0000] {processor.py:157} INFO - Started process (PID=660) to work on /home/airflow/.local/lib/python3.8/site-packages/airflow/example_dags/example_latest_only.py
[2023-10-10T17:23:23.718+0000] {processor.py:829} INFO - Processing file /home/airflow/.local/lib/python3.8/site-packages/airflow/example_dags/example_latest_only.py for tasks to queue
[2023-10-10T17:23:23.720+0000] {logging_mixin.py:151} INFO - [2023-10-10T17:23:23.719+0000] {dagbag.py:539} INFO - Filling up the DagBag from /home/airflow/.local/lib/python3.8/site-packages/airflow/example_dags/example_latest_only.py
[2023-10-10T17:23:23.723+0000] {processor.py:839} INFO - DAG(s) dict_keys(['latest_only']) retrieved from /home/airflow/.local/lib/python3.8/site-packages/airflow/example_dags/example_latest_only.py
[2023-10-10T17:23:23.734+0000] {logging_mixin.py:151} INFO - [2023-10-10T17:23:23.734+0000] {dag.py:2915} INFO - Sync 1 DAGs
[2023-10-10T17:23:23.745+0000] {logging_mixin.py:151} INFO - [2023-10-10T17:23:23.745+0000] {dag.py:3696} INFO - Setting next_dagrun for latest_only to 2023-10-10T13:23:23.745619+00:00, run_after=2023-10-10T17:23:23.745619+00:00
[2023-10-10T17:23:23.754+0000] {processor.py:179} INFO - Processing /home/airflow/.local/lib/python3.8/site-packages/airflow/example_dags/example_latest_only.py took 0.039 seconds
[2023-10-10T17:23:53.853+0000] {processor.py:157} INFO - Started process (PID=716) to work on /home/airflow/.local/lib/python3.8/site-packages/airflow/example_dags/example_latest_only.py
[2023-10-10T17:23:53.854+0000] {processor.py:829} INFO - Processing file /home/airflow/.local/lib/python3.8/site-packages/airflow/example_dags/example_latest_only.py for tasks to queue
[2023-10-10T17:23:53.856+0000] {logging_mixin.py:151} INFO - [2023-10-10T17:23:53.856+0000] {dagbag.py:539} INFO - Filling up the DagBag from /home/airflow/.local/lib/python3.8/site-packages/airflow/example_dags/example_latest_only.py
[2023-10-10T17:23:53.859+0000] {processor.py:839} INFO - DAG(s) dict_keys(['latest_only']) retrieved from /home/airflow/.local/lib/python3.8/site-packages/airflow/example_dags/example_latest_only.py
[2023-10-10T17:23:53.871+0000] {logging_mixin.py:151} INFO - [2023-10-10T17:23:53.871+0000] {dag.py:2915} INFO - Sync 1 DAGs
[2023-10-10T17:23:53.883+0000] {logging_mixin.py:151} INFO - [2023-10-10T17:23:53.883+0000] {dag.py:3696} INFO - Setting next_dagrun for latest_only to 2023-10-10T13:23:53.883572+00:00, run_after=2023-10-10T17:23:53.883572+00:00
[2023-10-10T17:23:53.893+0000] {processor.py:179} INFO - Processing /home/airflow/.local/lib/python3.8/site-packages/airflow/example_dags/example_latest_only.py took 0.043 seconds
[2023-10-10T17:24:24.053+0000] {processor.py:157} INFO - Started process (PID=772) to work on /home/airflow/.local/lib/python3.8/site-packages/airflow/example_dags/example_latest_only.py
[2023-10-10T17:24:24.054+0000] {processor.py:829} INFO - Processing file /home/airflow/.local/lib/python3.8/site-packages/airflow/example_dags/example_latest_only.py for tasks to queue
[2023-10-10T17:24:24.055+0000] {logging_mixin.py:151} INFO - [2023-10-10T17:24:24.055+0000] {dagbag.py:539} INFO - Filling up the DagBag from /home/airflow/.local/lib/python3.8/site-packages/airflow/example_dags/example_latest_only.py
[2023-10-10T17:24:24.059+0000] {processor.py:839} INFO - DAG(s) dict_keys(['latest_only']) retrieved from /home/airflow/.local/lib/python3.8/site-packages/airflow/example_dags/example_latest_only.py
[2023-10-10T17:24:24.071+0000] {logging_mixin.py:151} INFO - [2023-10-10T17:24:24.071+0000] {dag.py:2915} INFO - Sync 1 DAGs
[2023-10-10T17:24:24.082+0000] {logging_mixin.py:151} INFO - [2023-10-10T17:24:24.082+0000] {dag.py:3696} INFO - Setting next_dagrun for latest_only to 2023-10-10T13:24:24.082733+00:00, run_after=2023-10-10T17:24:24.082733+00:00
[2023-10-10T17:24:24.092+0000] {processor.py:179} INFO - Processing /home/airflow/.local/lib/python3.8/site-packages/airflow/example_dags/example_latest_only.py took 0.041 seconds
[2023-10-10T17:24:54.222+0000] {processor.py:157} INFO - Started process (PID=828) to work on /home/airflow/.local/lib/python3.8/site-packages/airflow/example_dags/example_latest_only.py
[2023-10-10T17:24:54.223+0000] {processor.py:829} INFO - Processing file /home/airflow/.local/lib/python3.8/site-packages/airflow/example_dags/example_latest_only.py for tasks to queue
[2023-10-10T17:24:54.224+0000] {logging_mixin.py:151} INFO - [2023-10-10T17:24:54.224+0000] {dagbag.py:539} INFO - Filling up the DagBag from /home/airflow/.local/lib/python3.8/site-packages/airflow/example_dags/example_latest_only.py
[2023-10-10T17:24:54.228+0000] {processor.py:839} INFO - DAG(s) dict_keys(['latest_only']) retrieved from /home/airflow/.local/lib/python3.8/site-packages/airflow/example_dags/example_latest_only.py
[2023-10-10T17:24:54.239+0000] {logging_mixin.py:151} INFO - [2023-10-10T17:24:54.239+0000] {dag.py:2915} INFO - Sync 1 DAGs
[2023-10-10T17:24:54.251+0000] {logging_mixin.py:151} INFO - [2023-10-10T17:24:54.251+0000] {dag.py:3696} INFO - Setting next_dagrun for latest_only to 2023-10-10T13:24:54.251465+00:00, run_after=2023-10-10T17:24:54.251465+00:00
[2023-10-10T17:24:54.262+0000] {processor.py:179} INFO - Processing /home/airflow/.local/lib/python3.8/site-packages/airflow/example_dags/example_latest_only.py took 0.042 seconds
[2023-10-10T17:25:24.319+0000] {processor.py:157} INFO - Started process (PID=884) to work on /home/airflow/.local/lib/python3.8/site-packages/airflow/example_dags/example_latest_only.py
[2023-10-10T17:25:24.320+0000] {processor.py:829} INFO - Processing file /home/airflow/.local/lib/python3.8/site-packages/airflow/example_dags/example_latest_only.py for tasks to queue
[2023-10-10T17:25:24.321+0000] {logging_mixin.py:151} INFO - [2023-10-10T17:25:24.321+0000] {dagbag.py:539} INFO - Filling up the DagBag from /home/airflow/.local/lib/python3.8/site-packages/airflow/example_dags/example_latest_only.py
[2023-10-10T17:25:24.325+0000] {processor.py:839} INFO - DAG(s) dict_keys(['latest_only']) retrieved from /home/airflow/.local/lib/python3.8/site-packages/airflow/example_dags/example_latest_only.py
[2023-10-10T17:25:24.336+0000] {logging_mixin.py:151} INFO - [2023-10-10T17:25:24.336+0000] {dag.py:2915} INFO - Sync 1 DAGs
[2023-10-10T17:25:24.347+0000] {logging_mixin.py:151} INFO - [2023-10-10T17:25:24.347+0000] {dag.py:3696} INFO - Setting next_dagrun for latest_only to 2023-10-10T13:25:24.347164+00:00, run_after=2023-10-10T17:25:24.347164+00:00
[2023-10-10T17:25:24.356+0000] {processor.py:179} INFO - Processing /home/airflow/.local/lib/python3.8/site-packages/airflow/example_dags/example_latest_only.py took 0.039 seconds
[2023-10-10T17:25:54.506+0000] {processor.py:157} INFO - Started process (PID=940) to work on /home/airflow/.local/lib/python3.8/site-packages/airflow/example_dags/example_latest_only.py
[2023-10-10T17:25:54.507+0000] {processor.py:829} INFO - Processing file /home/airflow/.local/lib/python3.8/site-packages/airflow/example_dags/example_latest_only.py for tasks to queue
[2023-10-10T17:25:54.508+0000] {logging_mixin.py:151} INFO - [2023-10-10T17:25:54.508+0000] {dagbag.py:539} INFO - Filling up the DagBag from /home/airflow/.local/lib/python3.8/site-packages/airflow/example_dags/example_latest_only.py
[2023-10-10T17:25:54.511+0000] {processor.py:839} INFO - DAG(s) dict_keys(['latest_only']) retrieved from /home/airflow/.local/lib/python3.8/site-packages/airflow/example_dags/example_latest_only.py
[2023-10-10T17:25:54.523+0000] {logging_mixin.py:151} INFO - [2023-10-10T17:25:54.523+0000] {dag.py:2915} INFO - Sync 1 DAGs
[2023-10-10T17:25:54.535+0000] {logging_mixin.py:151} INFO - [2023-10-10T17:25:54.535+0000] {dag.py:3696} INFO - Setting next_dagrun for latest_only to 2023-10-10T13:25:54.535258+00:00, run_after=2023-10-10T17:25:54.535258+00:00
[2023-10-10T17:25:54.544+0000] {processor.py:179} INFO - Processing /home/airflow/.local/lib/python3.8/site-packages/airflow/example_dags/example_latest_only.py took 0.041 seconds
[2023-10-10T17:26:24.629+0000] {processor.py:157} INFO - Started process (PID=996) to work on /home/airflow/.local/lib/python3.8/site-packages/airflow/example_dags/example_latest_only.py
[2023-10-10T17:26:24.630+0000] {processor.py:829} INFO - Processing file /home/airflow/.local/lib/python3.8/site-packages/airflow/example_dags/example_latest_only.py for tasks to queue
[2023-10-10T17:26:24.631+0000] {logging_mixin.py:151} INFO - [2023-10-10T17:26:24.631+0000] {dagbag.py:539} INFO - Filling up the DagBag from /home/airflow/.local/lib/python3.8/site-packages/airflow/example_dags/example_latest_only.py
[2023-10-10T17:26:24.635+0000] {processor.py:839} INFO - DAG(s) dict_keys(['latest_only']) retrieved from /home/airflow/.local/lib/python3.8/site-packages/airflow/example_dags/example_latest_only.py
[2023-10-10T17:26:24.647+0000] {logging_mixin.py:151} INFO - [2023-10-10T17:26:24.647+0000] {dag.py:2915} INFO - Sync 1 DAGs
[2023-10-10T17:26:24.659+0000] {logging_mixin.py:151} INFO - [2023-10-10T17:26:24.659+0000] {dag.py:3696} INFO - Setting next_dagrun for latest_only to 2023-10-10T13:26:24.659197+00:00, run_after=2023-10-10T17:26:24.659197+00:00
[2023-10-10T17:26:24.671+0000] {processor.py:179} INFO - Processing /home/airflow/.local/lib/python3.8/site-packages/airflow/example_dags/example_latest_only.py took 0.044 seconds
[2023-10-10T17:26:54.774+0000] {processor.py:157} INFO - Started process (PID=1052) to work on /home/airflow/.local/lib/python3.8/site-packages/airflow/example_dags/example_latest_only.py
[2023-10-10T17:26:54.775+0000] {processor.py:829} INFO - Processing file /home/airflow/.local/lib/python3.8/site-packages/airflow/example_dags/example_latest_only.py for tasks to queue
[2023-10-10T17:26:54.776+0000] {logging_mixin.py:151} INFO - [2023-10-10T17:26:54.776+0000] {dagbag.py:539} INFO - Filling up the DagBag from /home/airflow/.local/lib/python3.8/site-packages/airflow/example_dags/example_latest_only.py
[2023-10-10T17:26:54.780+0000] {processor.py:839} INFO - DAG(s) dict_keys(['latest_only']) retrieved from /home/airflow/.local/lib/python3.8/site-packages/airflow/example_dags/example_latest_only.py
[2023-10-10T17:26:54.793+0000] {logging_mixin.py:151} INFO - [2023-10-10T17:26:54.793+0000] {dag.py:2915} INFO - Sync 1 DAGs
[2023-10-10T17:26:54.805+0000] {logging_mixin.py:151} INFO - [2023-10-10T17:26:54.805+0000] {dag.py:3696} INFO - Setting next_dagrun for latest_only to 2023-10-10T13:26:54.805450+00:00, run_after=2023-10-10T17:26:54.805450+00:00
[2023-10-10T17:26:54.816+0000] {processor.py:179} INFO - Processing /home/airflow/.local/lib/python3.8/site-packages/airflow/example_dags/example_latest_only.py took 0.044 seconds
[2023-10-10T17:27:24.921+0000] {processor.py:157} INFO - Started process (PID=1108) to work on /home/airflow/.local/lib/python3.8/site-packages/airflow/example_dags/example_latest_only.py
[2023-10-10T17:27:24.922+0000] {processor.py:829} INFO - Processing file /home/airflow/.local/lib/python3.8/site-packages/airflow/example_dags/example_latest_only.py for tasks to queue
[2023-10-10T17:27:24.923+0000] {logging_mixin.py:151} INFO - [2023-10-10T17:27:24.923+0000] {dagbag.py:539} INFO - Filling up the DagBag from /home/airflow/.local/lib/python3.8/site-packages/airflow/example_dags/example_latest_only.py
[2023-10-10T17:27:24.926+0000] {processor.py:839} INFO - DAG(s) dict_keys(['latest_only']) retrieved from /home/airflow/.local/lib/python3.8/site-packages/airflow/example_dags/example_latest_only.py
[2023-10-10T17:27:24.939+0000] {logging_mixin.py:151} INFO - [2023-10-10T17:27:24.938+0000] {dag.py:2915} INFO - Sync 1 DAGs
[2023-10-10T17:27:24.950+0000] {logging_mixin.py:151} INFO - [2023-10-10T17:27:24.950+0000] {dag.py:3696} INFO - Setting next_dagrun for latest_only to 2023-10-10T13:27:24.950408+00:00, run_after=2023-10-10T17:27:24.950408+00:00
[2023-10-10T17:27:24.959+0000] {processor.py:179} INFO - Processing /home/airflow/.local/lib/python3.8/site-packages/airflow/example_dags/example_latest_only.py took 0.041 seconds
[2023-10-10T17:27:55.044+0000] {processor.py:157} INFO - Started process (PID=1164) to work on /home/airflow/.local/lib/python3.8/site-packages/airflow/example_dags/example_latest_only.py
[2023-10-10T17:27:55.045+0000] {processor.py:829} INFO - Processing file /home/airflow/.local/lib/python3.8/site-packages/airflow/example_dags/example_latest_only.py for tasks to queue
[2023-10-10T17:27:55.046+0000] {logging_mixin.py:151} INFO - [2023-10-10T17:27:55.046+0000] {dagbag.py:539} INFO - Filling up the DagBag from /home/airflow/.local/lib/python3.8/site-packages/airflow/example_dags/example_latest_only.py
[2023-10-10T17:27:55.050+0000] {processor.py:839} INFO - DAG(s) dict_keys(['latest_only']) retrieved from /home/airflow/.local/lib/python3.8/site-packages/airflow/example_dags/example_latest_only.py
[2023-10-10T17:27:55.062+0000] {logging_mixin.py:151} INFO - [2023-10-10T17:27:55.062+0000] {dag.py:2915} INFO - Sync 1 DAGs
[2023-10-10T17:27:55.073+0000] {logging_mixin.py:151} INFO - [2023-10-10T17:27:55.073+0000] {dag.py:3696} INFO - Setting next_dagrun for latest_only to 2023-10-10T13:27:55.072881+00:00, run_after=2023-10-10T17:27:55.072881+00:00
[2023-10-10T17:27:55.081+0000] {processor.py:179} INFO - Processing /home/airflow/.local/lib/python3.8/site-packages/airflow/example_dags/example_latest_only.py took 0.040 seconds
[2023-10-10T17:28:25.226+0000] {processor.py:157} INFO - Started process (PID=1221) to work on /home/airflow/.local/lib/python3.8/site-packages/airflow/example_dags/example_latest_only.py
[2023-10-10T17:28:25.227+0000] {processor.py:829} INFO - Processing file /home/airflow/.local/lib/python3.8/site-packages/airflow/example_dags/example_latest_only.py for tasks to queue
[2023-10-10T17:28:25.229+0000] {logging_mixin.py:151} INFO - [2023-10-10T17:28:25.228+0000] {dagbag.py:539} INFO - Filling up the DagBag from /home/airflow/.local/lib/python3.8/site-packages/airflow/example_dags/example_latest_only.py
[2023-10-10T17:28:25.232+0000] {processor.py:839} INFO - DAG(s) dict_keys(['latest_only']) retrieved from /home/airflow/.local/lib/python3.8/site-packages/airflow/example_dags/example_latest_only.py
[2023-10-10T17:28:25.244+0000] {logging_mixin.py:151} INFO - [2023-10-10T17:28:25.244+0000] {dag.py:2915} INFO - Sync 1 DAGs
[2023-10-10T17:28:25.255+0000] {logging_mixin.py:151} INFO - [2023-10-10T17:28:25.255+0000] {dag.py:3696} INFO - Setting next_dagrun for latest_only to 2023-10-10T13:28:25.255083+00:00, run_after=2023-10-10T17:28:25.255083+00:00
[2023-10-10T17:28:25.265+0000] {processor.py:179} INFO - Processing /home/airflow/.local/lib/python3.8/site-packages/airflow/example_dags/example_latest_only.py took 0.041 seconds
[2023-10-10T17:28:55.422+0000] {processor.py:157} INFO - Started process (PID=1277) to work on /home/airflow/.local/lib/python3.8/site-packages/airflow/example_dags/example_latest_only.py
[2023-10-10T17:28:55.423+0000] {processor.py:829} INFO - Processing file /home/airflow/.local/lib/python3.8/site-packages/airflow/example_dags/example_latest_only.py for tasks to queue
[2023-10-10T17:28:55.425+0000] {logging_mixin.py:151} INFO - [2023-10-10T17:28:55.425+0000] {dagbag.py:539} INFO - Filling up the DagBag from /home/airflow/.local/lib/python3.8/site-packages/airflow/example_dags/example_latest_only.py
[2023-10-10T17:28:55.429+0000] {processor.py:839} INFO - DAG(s) dict_keys(['latest_only']) retrieved from /home/airflow/.local/lib/python3.8/site-packages/airflow/example_dags/example_latest_only.py
[2023-10-10T17:28:55.443+0000] {logging_mixin.py:151} INFO - [2023-10-10T17:28:55.443+0000] {dag.py:2915} INFO - Sync 1 DAGs
[2023-10-10T17:28:55.455+0000] {logging_mixin.py:151} INFO - [2023-10-10T17:28:55.455+0000] {dag.py:3696} INFO - Setting next_dagrun for latest_only to 2023-10-10T13:28:55.454989+00:00, run_after=2023-10-10T17:28:55.454989+00:00
[2023-10-10T17:28:55.467+0000] {processor.py:179} INFO - Processing /home/airflow/.local/lib/python3.8/site-packages/airflow/example_dags/example_latest_only.py took 0.047 seconds
