[2023-10-10T06:38:09.703+0000] {processor.py:157} INFO - Started process (PID=37) to work on /home/airflow/.local/lib/python3.8/site-packages/airflow/example_dags/example_task_group_decorator.py
[2023-10-10T06:38:09.704+0000] {processor.py:829} INFO - Processing file /home/airflow/.local/lib/python3.8/site-packages/airflow/example_dags/example_task_group_decorator.py for tasks to queue
[2023-10-10T06:38:09.705+0000] {logging_mixin.py:151} INFO - [2023-10-10T06:38:09.705+0000] {dagbag.py:539} INFO - Filling up the DagBag from /home/airflow/.local/lib/python3.8/site-packages/airflow/example_dags/example_task_group_decorator.py
[2023-10-10T06:38:09.714+0000] {processor.py:839} INFO - DAG(s) dict_keys(['example_task_group_decorator']) retrieved from /home/airflow/.local/lib/python3.8/site-packages/airflow/example_dags/example_task_group_decorator.py
[2023-10-10T06:38:09.722+0000] {logging_mixin.py:151} INFO - [2023-10-10T06:38:09.722+0000] {dag.py:2915} INFO - Sync 1 DAGs
[2023-10-10T06:38:09.735+0000] {logging_mixin.py:151} INFO - [2023-10-10T06:38:09.735+0000] {dag.py:3696} INFO - Setting next_dagrun for example_task_group_decorator to 2023-10-09T06:38:09.735379+00:00, run_after=2023-10-10T06:38:09.735379+00:00
[2023-10-10T06:38:09.746+0000] {processor.py:179} INFO - Processing /home/airflow/.local/lib/python3.8/site-packages/airflow/example_dags/example_task_group_decorator.py took 0.045 seconds
[2023-10-10T06:38:40.437+0000] {processor.py:157} INFO - Started process (PID=93) to work on /home/airflow/.local/lib/python3.8/site-packages/airflow/example_dags/example_task_group_decorator.py
[2023-10-10T06:38:40.438+0000] {processor.py:829} INFO - Processing file /home/airflow/.local/lib/python3.8/site-packages/airflow/example_dags/example_task_group_decorator.py for tasks to queue
[2023-10-10T06:38:40.440+0000] {logging_mixin.py:151} INFO - [2023-10-10T06:38:40.439+0000] {dagbag.py:539} INFO - Filling up the DagBag from /home/airflow/.local/lib/python3.8/site-packages/airflow/example_dags/example_task_group_decorator.py
[2023-10-10T06:38:40.447+0000] {processor.py:839} INFO - DAG(s) dict_keys(['example_task_group_decorator']) retrieved from /home/airflow/.local/lib/python3.8/site-packages/airflow/example_dags/example_task_group_decorator.py
[2023-10-10T06:38:40.474+0000] {logging_mixin.py:151} INFO - [2023-10-10T06:38:40.474+0000] {dag.py:2915} INFO - Sync 1 DAGs
[2023-10-10T06:38:40.487+0000] {logging_mixin.py:151} INFO - [2023-10-10T06:38:40.487+0000] {dag.py:3696} INFO - Setting next_dagrun for example_task_group_decorator to 2023-10-09T06:38:40.487493+00:00, run_after=2023-10-10T06:38:40.487493+00:00
[2023-10-10T06:38:40.497+0000] {processor.py:179} INFO - Processing /home/airflow/.local/lib/python3.8/site-packages/airflow/example_dags/example_task_group_decorator.py took 0.063 seconds
[2023-10-10T06:39:10.637+0000] {processor.py:157} INFO - Started process (PID=149) to work on /home/airflow/.local/lib/python3.8/site-packages/airflow/example_dags/example_task_group_decorator.py
[2023-10-10T06:39:10.638+0000] {processor.py:829} INFO - Processing file /home/airflow/.local/lib/python3.8/site-packages/airflow/example_dags/example_task_group_decorator.py for tasks to queue
[2023-10-10T06:39:10.639+0000] {logging_mixin.py:151} INFO - [2023-10-10T06:39:10.639+0000] {dagbag.py:539} INFO - Filling up the DagBag from /home/airflow/.local/lib/python3.8/site-packages/airflow/example_dags/example_task_group_decorator.py
[2023-10-10T06:39:10.648+0000] {processor.py:839} INFO - DAG(s) dict_keys(['example_task_group_decorator']) retrieved from /home/airflow/.local/lib/python3.8/site-packages/airflow/example_dags/example_task_group_decorator.py
[2023-10-10T06:39:10.664+0000] {logging_mixin.py:151} INFO - [2023-10-10T06:39:10.664+0000] {dag.py:2915} INFO - Sync 1 DAGs
[2023-10-10T06:39:10.677+0000] {logging_mixin.py:151} INFO - [2023-10-10T06:39:10.677+0000] {dag.py:3696} INFO - Setting next_dagrun for example_task_group_decorator to 2023-10-09T06:39:10.677015+00:00, run_after=2023-10-10T06:39:10.677015+00:00
[2023-10-10T06:39:10.686+0000] {processor.py:179} INFO - Processing /home/airflow/.local/lib/python3.8/site-packages/airflow/example_dags/example_task_group_decorator.py took 0.052 seconds
[2023-10-10T06:39:40.910+0000] {processor.py:157} INFO - Started process (PID=205) to work on /home/airflow/.local/lib/python3.8/site-packages/airflow/example_dags/example_task_group_decorator.py
[2023-10-10T06:39:40.911+0000] {processor.py:829} INFO - Processing file /home/airflow/.local/lib/python3.8/site-packages/airflow/example_dags/example_task_group_decorator.py for tasks to queue
[2023-10-10T06:39:40.912+0000] {logging_mixin.py:151} INFO - [2023-10-10T06:39:40.912+0000] {dagbag.py:539} INFO - Filling up the DagBag from /home/airflow/.local/lib/python3.8/site-packages/airflow/example_dags/example_task_group_decorator.py
[2023-10-10T06:39:40.920+0000] {processor.py:839} INFO - DAG(s) dict_keys(['example_task_group_decorator']) retrieved from /home/airflow/.local/lib/python3.8/site-packages/airflow/example_dags/example_task_group_decorator.py
[2023-10-10T06:39:40.934+0000] {logging_mixin.py:151} INFO - [2023-10-10T06:39:40.934+0000] {dag.py:2915} INFO - Sync 1 DAGs
[2023-10-10T06:39:40.946+0000] {logging_mixin.py:151} INFO - [2023-10-10T06:39:40.946+0000] {dag.py:3696} INFO - Setting next_dagrun for example_task_group_decorator to 2023-10-09T06:39:40.946427+00:00, run_after=2023-10-10T06:39:40.946427+00:00
[2023-10-10T06:39:40.956+0000] {processor.py:179} INFO - Processing /home/airflow/.local/lib/python3.8/site-packages/airflow/example_dags/example_task_group_decorator.py took 0.049 seconds
[2023-10-10T06:40:11.059+0000] {processor.py:157} INFO - Started process (PID=261) to work on /home/airflow/.local/lib/python3.8/site-packages/airflow/example_dags/example_task_group_decorator.py
[2023-10-10T06:40:11.060+0000] {processor.py:829} INFO - Processing file /home/airflow/.local/lib/python3.8/site-packages/airflow/example_dags/example_task_group_decorator.py for tasks to queue
[2023-10-10T06:40:11.061+0000] {logging_mixin.py:151} INFO - [2023-10-10T06:40:11.061+0000] {dagbag.py:539} INFO - Filling up the DagBag from /home/airflow/.local/lib/python3.8/site-packages/airflow/example_dags/example_task_group_decorator.py
[2023-10-10T06:40:11.069+0000] {processor.py:839} INFO - DAG(s) dict_keys(['example_task_group_decorator']) retrieved from /home/airflow/.local/lib/python3.8/site-packages/airflow/example_dags/example_task_group_decorator.py
[2023-10-10T06:40:11.084+0000] {logging_mixin.py:151} INFO - [2023-10-10T06:40:11.083+0000] {dag.py:2915} INFO - Sync 1 DAGs
[2023-10-10T06:40:11.096+0000] {logging_mixin.py:151} INFO - [2023-10-10T06:40:11.096+0000] {dag.py:3696} INFO - Setting next_dagrun for example_task_group_decorator to 2023-10-09T06:40:11.096706+00:00, run_after=2023-10-10T06:40:11.096706+00:00
[2023-10-10T06:40:11.109+0000] {processor.py:179} INFO - Processing /home/airflow/.local/lib/python3.8/site-packages/airflow/example_dags/example_task_group_decorator.py took 0.053 seconds
[2023-10-10T06:40:41.475+0000] {processor.py:157} INFO - Started process (PID=317) to work on /home/airflow/.local/lib/python3.8/site-packages/airflow/example_dags/example_task_group_decorator.py
[2023-10-10T06:40:41.477+0000] {processor.py:829} INFO - Processing file /home/airflow/.local/lib/python3.8/site-packages/airflow/example_dags/example_task_group_decorator.py for tasks to queue
[2023-10-10T06:40:41.479+0000] {logging_mixin.py:151} INFO - [2023-10-10T06:40:41.479+0000] {dagbag.py:539} INFO - Filling up the DagBag from /home/airflow/.local/lib/python3.8/site-packages/airflow/example_dags/example_task_group_decorator.py
[2023-10-10T06:40:41.489+0000] {processor.py:839} INFO - DAG(s) dict_keys(['example_task_group_decorator']) retrieved from /home/airflow/.local/lib/python3.8/site-packages/airflow/example_dags/example_task_group_decorator.py
[2023-10-10T06:40:41.505+0000] {logging_mixin.py:151} INFO - [2023-10-10T06:40:41.505+0000] {dag.py:2915} INFO - Sync 1 DAGs
[2023-10-10T06:40:41.516+0000] {logging_mixin.py:151} INFO - [2023-10-10T06:40:41.516+0000] {dag.py:3696} INFO - Setting next_dagrun for example_task_group_decorator to 2023-10-09T06:40:41.516614+00:00, run_after=2023-10-10T06:40:41.516614+00:00
[2023-10-10T06:40:41.525+0000] {processor.py:179} INFO - Processing /home/airflow/.local/lib/python3.8/site-packages/airflow/example_dags/example_task_group_decorator.py took 0.052 seconds
[2023-10-10T06:41:12.003+0000] {processor.py:157} INFO - Started process (PID=373) to work on /home/airflow/.local/lib/python3.8/site-packages/airflow/example_dags/example_task_group_decorator.py
[2023-10-10T06:41:12.005+0000] {processor.py:829} INFO - Processing file /home/airflow/.local/lib/python3.8/site-packages/airflow/example_dags/example_task_group_decorator.py for tasks to queue
[2023-10-10T06:41:12.007+0000] {logging_mixin.py:151} INFO - [2023-10-10T06:41:12.007+0000] {dagbag.py:539} INFO - Filling up the DagBag from /home/airflow/.local/lib/python3.8/site-packages/airflow/example_dags/example_task_group_decorator.py
[2023-10-10T06:41:12.016+0000] {processor.py:839} INFO - DAG(s) dict_keys(['example_task_group_decorator']) retrieved from /home/airflow/.local/lib/python3.8/site-packages/airflow/example_dags/example_task_group_decorator.py
[2023-10-10T06:41:12.032+0000] {logging_mixin.py:151} INFO - [2023-10-10T06:41:12.031+0000] {dag.py:2915} INFO - Sync 1 DAGs
[2023-10-10T06:41:12.044+0000] {logging_mixin.py:151} INFO - [2023-10-10T06:41:12.044+0000] {dag.py:3696} INFO - Setting next_dagrun for example_task_group_decorator to 2023-10-09T06:41:12.043918+00:00, run_after=2023-10-10T06:41:12.043918+00:00
[2023-10-10T06:41:12.053+0000] {processor.py:179} INFO - Processing /home/airflow/.local/lib/python3.8/site-packages/airflow/example_dags/example_task_group_decorator.py took 0.053 seconds
[2023-10-10T06:41:42.281+0000] {processor.py:157} INFO - Started process (PID=429) to work on /home/airflow/.local/lib/python3.8/site-packages/airflow/example_dags/example_task_group_decorator.py
[2023-10-10T06:41:42.281+0000] {processor.py:829} INFO - Processing file /home/airflow/.local/lib/python3.8/site-packages/airflow/example_dags/example_task_group_decorator.py for tasks to queue
[2023-10-10T06:41:42.283+0000] {logging_mixin.py:151} INFO - [2023-10-10T06:41:42.283+0000] {dagbag.py:539} INFO - Filling up the DagBag from /home/airflow/.local/lib/python3.8/site-packages/airflow/example_dags/example_task_group_decorator.py
[2023-10-10T06:41:42.291+0000] {processor.py:839} INFO - DAG(s) dict_keys(['example_task_group_decorator']) retrieved from /home/airflow/.local/lib/python3.8/site-packages/airflow/example_dags/example_task_group_decorator.py
[2023-10-10T06:41:42.305+0000] {logging_mixin.py:151} INFO - [2023-10-10T06:41:42.305+0000] {dag.py:2915} INFO - Sync 1 DAGs
[2023-10-10T06:41:42.317+0000] {logging_mixin.py:151} INFO - [2023-10-10T06:41:42.317+0000] {dag.py:3696} INFO - Setting next_dagrun for example_task_group_decorator to 2023-10-09T06:41:42.317560+00:00, run_after=2023-10-10T06:41:42.317560+00:00
[2023-10-10T06:41:42.326+0000] {processor.py:179} INFO - Processing /home/airflow/.local/lib/python3.8/site-packages/airflow/example_dags/example_task_group_decorator.py took 0.047 seconds
[2023-10-10T06:42:12.639+0000] {processor.py:157} INFO - Started process (PID=485) to work on /home/airflow/.local/lib/python3.8/site-packages/airflow/example_dags/example_task_group_decorator.py
[2023-10-10T06:42:12.640+0000] {processor.py:829} INFO - Processing file /home/airflow/.local/lib/python3.8/site-packages/airflow/example_dags/example_task_group_decorator.py for tasks to queue
[2023-10-10T06:42:12.641+0000] {logging_mixin.py:151} INFO - [2023-10-10T06:42:12.641+0000] {dagbag.py:539} INFO - Filling up the DagBag from /home/airflow/.local/lib/python3.8/site-packages/airflow/example_dags/example_task_group_decorator.py
[2023-10-10T06:42:12.650+0000] {processor.py:839} INFO - DAG(s) dict_keys(['example_task_group_decorator']) retrieved from /home/airflow/.local/lib/python3.8/site-packages/airflow/example_dags/example_task_group_decorator.py
[2023-10-10T06:42:12.665+0000] {logging_mixin.py:151} INFO - [2023-10-10T06:42:12.665+0000] {dag.py:2915} INFO - Sync 1 DAGs
[2023-10-10T06:42:12.678+0000] {logging_mixin.py:151} INFO - [2023-10-10T06:42:12.677+0000] {dag.py:3696} INFO - Setting next_dagrun for example_task_group_decorator to 2023-10-09T06:42:12.677630+00:00, run_after=2023-10-10T06:42:12.677630+00:00
[2023-10-10T06:42:12.687+0000] {processor.py:179} INFO - Processing /home/airflow/.local/lib/python3.8/site-packages/airflow/example_dags/example_task_group_decorator.py took 0.051 seconds
[2023-10-10T06:42:42.892+0000] {processor.py:157} INFO - Started process (PID=541) to work on /home/airflow/.local/lib/python3.8/site-packages/airflow/example_dags/example_task_group_decorator.py
[2023-10-10T06:42:42.896+0000] {processor.py:829} INFO - Processing file /home/airflow/.local/lib/python3.8/site-packages/airflow/example_dags/example_task_group_decorator.py for tasks to queue
[2023-10-10T06:42:42.899+0000] {logging_mixin.py:151} INFO - [2023-10-10T06:42:42.899+0000] {dagbag.py:539} INFO - Filling up the DagBag from /home/airflow/.local/lib/python3.8/site-packages/airflow/example_dags/example_task_group_decorator.py
[2023-10-10T06:42:42.911+0000] {processor.py:839} INFO - DAG(s) dict_keys(['example_task_group_decorator']) retrieved from /home/airflow/.local/lib/python3.8/site-packages/airflow/example_dags/example_task_group_decorator.py
[2023-10-10T06:42:42.930+0000] {logging_mixin.py:151} INFO - [2023-10-10T06:42:42.930+0000] {dag.py:2915} INFO - Sync 1 DAGs
[2023-10-10T06:42:42.945+0000] {logging_mixin.py:151} INFO - [2023-10-10T06:42:42.944+0000] {dag.py:3696} INFO - Setting next_dagrun for example_task_group_decorator to 2023-10-09T06:42:42.944646+00:00, run_after=2023-10-10T06:42:42.944646+00:00
[2023-10-10T06:42:42.957+0000] {processor.py:179} INFO - Processing /home/airflow/.local/lib/python3.8/site-packages/airflow/example_dags/example_task_group_decorator.py took 0.072 seconds
[2023-10-10T06:43:13.247+0000] {processor.py:157} INFO - Started process (PID=597) to work on /home/airflow/.local/lib/python3.8/site-packages/airflow/example_dags/example_task_group_decorator.py
[2023-10-10T06:43:13.248+0000] {processor.py:829} INFO - Processing file /home/airflow/.local/lib/python3.8/site-packages/airflow/example_dags/example_task_group_decorator.py for tasks to queue
[2023-10-10T06:43:13.250+0000] {logging_mixin.py:151} INFO - [2023-10-10T06:43:13.250+0000] {dagbag.py:539} INFO - Filling up the DagBag from /home/airflow/.local/lib/python3.8/site-packages/airflow/example_dags/example_task_group_decorator.py
[2023-10-10T06:43:13.257+0000] {processor.py:839} INFO - DAG(s) dict_keys(['example_task_group_decorator']) retrieved from /home/airflow/.local/lib/python3.8/site-packages/airflow/example_dags/example_task_group_decorator.py
[2023-10-10T06:43:13.269+0000] {logging_mixin.py:151} INFO - [2023-10-10T06:43:13.269+0000] {dag.py:2915} INFO - Sync 1 DAGs
[2023-10-10T06:43:13.280+0000] {logging_mixin.py:151} INFO - [2023-10-10T06:43:13.280+0000] {dag.py:3696} INFO - Setting next_dagrun for example_task_group_decorator to 2023-10-09T06:43:13.280636+00:00, run_after=2023-10-10T06:43:13.280636+00:00
[2023-10-10T06:43:13.289+0000] {processor.py:179} INFO - Processing /home/airflow/.local/lib/python3.8/site-packages/airflow/example_dags/example_task_group_decorator.py took 0.044 seconds
[2023-10-10T06:46:48.247+0000] {processor.py:157} INFO - Started process (PID=38) to work on /home/airflow/.local/lib/python3.8/site-packages/airflow/example_dags/example_task_group_decorator.py
[2023-10-10T06:46:48.248+0000] {processor.py:829} INFO - Processing file /home/airflow/.local/lib/python3.8/site-packages/airflow/example_dags/example_task_group_decorator.py for tasks to queue
[2023-10-10T06:46:48.249+0000] {logging_mixin.py:151} INFO - [2023-10-10T06:46:48.249+0000] {dagbag.py:539} INFO - Filling up the DagBag from /home/airflow/.local/lib/python3.8/site-packages/airflow/example_dags/example_task_group_decorator.py
[2023-10-10T06:46:48.258+0000] {processor.py:839} INFO - DAG(s) dict_keys(['example_task_group_decorator']) retrieved from /home/airflow/.local/lib/python3.8/site-packages/airflow/example_dags/example_task_group_decorator.py
[2023-10-10T06:46:48.266+0000] {logging_mixin.py:151} INFO - [2023-10-10T06:46:48.265+0000] {dag.py:2915} INFO - Sync 1 DAGs
[2023-10-10T06:46:48.281+0000] {logging_mixin.py:151} INFO - [2023-10-10T06:46:48.281+0000] {dag.py:3696} INFO - Setting next_dagrun for example_task_group_decorator to 2023-10-09T06:46:48.280898+00:00, run_after=2023-10-10T06:46:48.280898+00:00
[2023-10-10T06:46:48.290+0000] {processor.py:179} INFO - Processing /home/airflow/.local/lib/python3.8/site-packages/airflow/example_dags/example_task_group_decorator.py took 0.046 seconds
[2023-10-10T06:47:18.963+0000] {processor.py:157} INFO - Started process (PID=94) to work on /home/airflow/.local/lib/python3.8/site-packages/airflow/example_dags/example_task_group_decorator.py
[2023-10-10T06:47:18.965+0000] {processor.py:829} INFO - Processing file /home/airflow/.local/lib/python3.8/site-packages/airflow/example_dags/example_task_group_decorator.py for tasks to queue
[2023-10-10T06:47:18.967+0000] {logging_mixin.py:151} INFO - [2023-10-10T06:47:18.967+0000] {dagbag.py:539} INFO - Filling up the DagBag from /home/airflow/.local/lib/python3.8/site-packages/airflow/example_dags/example_task_group_decorator.py
[2023-10-10T06:47:18.980+0000] {processor.py:839} INFO - DAG(s) dict_keys(['example_task_group_decorator']) retrieved from /home/airflow/.local/lib/python3.8/site-packages/airflow/example_dags/example_task_group_decorator.py
[2023-10-10T06:47:19.002+0000] {logging_mixin.py:151} INFO - [2023-10-10T06:47:19.002+0000] {dag.py:2915} INFO - Sync 1 DAGs
[2023-10-10T06:47:19.014+0000] {logging_mixin.py:151} INFO - [2023-10-10T06:47:19.014+0000] {dag.py:3696} INFO - Setting next_dagrun for example_task_group_decorator to 2023-10-09T06:47:19.014050+00:00, run_after=2023-10-10T06:47:19.014050+00:00
[2023-10-10T06:47:19.024+0000] {processor.py:179} INFO - Processing /home/airflow/.local/lib/python3.8/site-packages/airflow/example_dags/example_task_group_decorator.py took 0.063 seconds
[2023-10-10T06:47:49.266+0000] {processor.py:157} INFO - Started process (PID=150) to work on /home/airflow/.local/lib/python3.8/site-packages/airflow/example_dags/example_task_group_decorator.py
[2023-10-10T06:47:49.267+0000] {processor.py:829} INFO - Processing file /home/airflow/.local/lib/python3.8/site-packages/airflow/example_dags/example_task_group_decorator.py for tasks to queue
[2023-10-10T06:47:49.268+0000] {logging_mixin.py:151} INFO - [2023-10-10T06:47:49.268+0000] {dagbag.py:539} INFO - Filling up the DagBag from /home/airflow/.local/lib/python3.8/site-packages/airflow/example_dags/example_task_group_decorator.py
[2023-10-10T06:47:49.276+0000] {processor.py:839} INFO - DAG(s) dict_keys(['example_task_group_decorator']) retrieved from /home/airflow/.local/lib/python3.8/site-packages/airflow/example_dags/example_task_group_decorator.py
[2023-10-10T06:47:49.290+0000] {logging_mixin.py:151} INFO - [2023-10-10T06:47:49.290+0000] {dag.py:2915} INFO - Sync 1 DAGs
[2023-10-10T06:47:49.302+0000] {logging_mixin.py:151} INFO - [2023-10-10T06:47:49.302+0000] {dag.py:3696} INFO - Setting next_dagrun for example_task_group_decorator to 2023-10-09T06:47:49.301809+00:00, run_after=2023-10-10T06:47:49.301809+00:00
[2023-10-10T06:47:49.311+0000] {processor.py:179} INFO - Processing /home/airflow/.local/lib/python3.8/site-packages/airflow/example_dags/example_task_group_decorator.py took 0.047 seconds
[2023-10-10T06:48:19.441+0000] {processor.py:157} INFO - Started process (PID=206) to work on /home/airflow/.local/lib/python3.8/site-packages/airflow/example_dags/example_task_group_decorator.py
[2023-10-10T06:48:19.442+0000] {processor.py:829} INFO - Processing file /home/airflow/.local/lib/python3.8/site-packages/airflow/example_dags/example_task_group_decorator.py for tasks to queue
[2023-10-10T06:48:19.443+0000] {logging_mixin.py:151} INFO - [2023-10-10T06:48:19.443+0000] {dagbag.py:539} INFO - Filling up the DagBag from /home/airflow/.local/lib/python3.8/site-packages/airflow/example_dags/example_task_group_decorator.py
[2023-10-10T06:48:19.451+0000] {processor.py:839} INFO - DAG(s) dict_keys(['example_task_group_decorator']) retrieved from /home/airflow/.local/lib/python3.8/site-packages/airflow/example_dags/example_task_group_decorator.py
[2023-10-10T06:48:19.466+0000] {logging_mixin.py:151} INFO - [2023-10-10T06:48:19.466+0000] {dag.py:2915} INFO - Sync 1 DAGs
[2023-10-10T06:48:19.478+0000] {logging_mixin.py:151} INFO - [2023-10-10T06:48:19.478+0000] {dag.py:3696} INFO - Setting next_dagrun for example_task_group_decorator to 2023-10-09T06:48:19.477981+00:00, run_after=2023-10-10T06:48:19.477981+00:00
[2023-10-10T06:48:19.486+0000] {processor.py:179} INFO - Processing /home/airflow/.local/lib/python3.8/site-packages/airflow/example_dags/example_task_group_decorator.py took 0.048 seconds
[2023-10-10T06:48:49.718+0000] {processor.py:157} INFO - Started process (PID=262) to work on /home/airflow/.local/lib/python3.8/site-packages/airflow/example_dags/example_task_group_decorator.py
[2023-10-10T06:48:49.719+0000] {processor.py:829} INFO - Processing file /home/airflow/.local/lib/python3.8/site-packages/airflow/example_dags/example_task_group_decorator.py for tasks to queue
[2023-10-10T06:48:49.720+0000] {logging_mixin.py:151} INFO - [2023-10-10T06:48:49.720+0000] {dagbag.py:539} INFO - Filling up the DagBag from /home/airflow/.local/lib/python3.8/site-packages/airflow/example_dags/example_task_group_decorator.py
[2023-10-10T06:48:49.728+0000] {processor.py:839} INFO - DAG(s) dict_keys(['example_task_group_decorator']) retrieved from /home/airflow/.local/lib/python3.8/site-packages/airflow/example_dags/example_task_group_decorator.py
[2023-10-10T06:48:49.742+0000] {logging_mixin.py:151} INFO - [2023-10-10T06:48:49.742+0000] {dag.py:2915} INFO - Sync 1 DAGs
[2023-10-10T06:48:49.753+0000] {logging_mixin.py:151} INFO - [2023-10-10T06:48:49.753+0000] {dag.py:3696} INFO - Setting next_dagrun for example_task_group_decorator to 2023-10-09T06:48:49.753576+00:00, run_after=2023-10-10T06:48:49.753576+00:00
[2023-10-10T06:48:49.762+0000] {processor.py:179} INFO - Processing /home/airflow/.local/lib/python3.8/site-packages/airflow/example_dags/example_task_group_decorator.py took 0.047 seconds
[2023-10-10T06:49:19.928+0000] {processor.py:157} INFO - Started process (PID=318) to work on /home/airflow/.local/lib/python3.8/site-packages/airflow/example_dags/example_task_group_decorator.py
[2023-10-10T06:49:19.929+0000] {processor.py:829} INFO - Processing file /home/airflow/.local/lib/python3.8/site-packages/airflow/example_dags/example_task_group_decorator.py for tasks to queue
[2023-10-10T06:49:19.931+0000] {logging_mixin.py:151} INFO - [2023-10-10T06:49:19.931+0000] {dagbag.py:539} INFO - Filling up the DagBag from /home/airflow/.local/lib/python3.8/site-packages/airflow/example_dags/example_task_group_decorator.py
[2023-10-10T06:49:19.939+0000] {processor.py:839} INFO - DAG(s) dict_keys(['example_task_group_decorator']) retrieved from /home/airflow/.local/lib/python3.8/site-packages/airflow/example_dags/example_task_group_decorator.py
[2023-10-10T06:49:19.953+0000] {logging_mixin.py:151} INFO - [2023-10-10T06:49:19.953+0000] {dag.py:2915} INFO - Sync 1 DAGs
[2023-10-10T06:49:19.964+0000] {logging_mixin.py:151} INFO - [2023-10-10T06:49:19.964+0000] {dag.py:3696} INFO - Setting next_dagrun for example_task_group_decorator to 2023-10-09T06:49:19.964499+00:00, run_after=2023-10-10T06:49:19.964499+00:00
[2023-10-10T06:49:19.973+0000] {processor.py:179} INFO - Processing /home/airflow/.local/lib/python3.8/site-packages/airflow/example_dags/example_task_group_decorator.py took 0.047 seconds
[2023-10-10T06:49:50.038+0000] {processor.py:157} INFO - Started process (PID=374) to work on /home/airflow/.local/lib/python3.8/site-packages/airflow/example_dags/example_task_group_decorator.py
[2023-10-10T06:49:50.039+0000] {processor.py:829} INFO - Processing file /home/airflow/.local/lib/python3.8/site-packages/airflow/example_dags/example_task_group_decorator.py for tasks to queue
[2023-10-10T06:49:50.041+0000] {logging_mixin.py:151} INFO - [2023-10-10T06:49:50.041+0000] {dagbag.py:539} INFO - Filling up the DagBag from /home/airflow/.local/lib/python3.8/site-packages/airflow/example_dags/example_task_group_decorator.py
[2023-10-10T06:49:50.050+0000] {processor.py:839} INFO - DAG(s) dict_keys(['example_task_group_decorator']) retrieved from /home/airflow/.local/lib/python3.8/site-packages/airflow/example_dags/example_task_group_decorator.py
[2023-10-10T06:49:50.066+0000] {logging_mixin.py:151} INFO - [2023-10-10T06:49:50.066+0000] {dag.py:2915} INFO - Sync 1 DAGs
[2023-10-10T06:49:50.080+0000] {logging_mixin.py:151} INFO - [2023-10-10T06:49:50.080+0000] {dag.py:3696} INFO - Setting next_dagrun for example_task_group_decorator to 2023-10-09T06:49:50.080489+00:00, run_after=2023-10-10T06:49:50.080489+00:00
[2023-10-10T06:49:50.092+0000] {processor.py:179} INFO - Processing /home/airflow/.local/lib/python3.8/site-packages/airflow/example_dags/example_task_group_decorator.py took 0.057 seconds
[2023-10-10T06:50:20.328+0000] {processor.py:157} INFO - Started process (PID=430) to work on /home/airflow/.local/lib/python3.8/site-packages/airflow/example_dags/example_task_group_decorator.py
[2023-10-10T06:50:20.329+0000] {processor.py:829} INFO - Processing file /home/airflow/.local/lib/python3.8/site-packages/airflow/example_dags/example_task_group_decorator.py for tasks to queue
[2023-10-10T06:50:20.331+0000] {logging_mixin.py:151} INFO - [2023-10-10T06:50:20.331+0000] {dagbag.py:539} INFO - Filling up the DagBag from /home/airflow/.local/lib/python3.8/site-packages/airflow/example_dags/example_task_group_decorator.py
[2023-10-10T06:50:20.339+0000] {processor.py:839} INFO - DAG(s) dict_keys(['example_task_group_decorator']) retrieved from /home/airflow/.local/lib/python3.8/site-packages/airflow/example_dags/example_task_group_decorator.py
[2023-10-10T06:50:20.354+0000] {logging_mixin.py:151} INFO - [2023-10-10T06:50:20.354+0000] {dag.py:2915} INFO - Sync 1 DAGs
[2023-10-10T06:50:20.367+0000] {logging_mixin.py:151} INFO - [2023-10-10T06:50:20.367+0000] {dag.py:3696} INFO - Setting next_dagrun for example_task_group_decorator to 2023-10-09T06:50:20.367129+00:00, run_after=2023-10-10T06:50:20.367129+00:00
[2023-10-10T06:50:20.377+0000] {processor.py:179} INFO - Processing /home/airflow/.local/lib/python3.8/site-packages/airflow/example_dags/example_task_group_decorator.py took 0.052 seconds
[2023-10-10T06:50:50.513+0000] {processor.py:157} INFO - Started process (PID=486) to work on /home/airflow/.local/lib/python3.8/site-packages/airflow/example_dags/example_task_group_decorator.py
[2023-10-10T06:50:50.514+0000] {processor.py:829} INFO - Processing file /home/airflow/.local/lib/python3.8/site-packages/airflow/example_dags/example_task_group_decorator.py for tasks to queue
[2023-10-10T06:50:50.516+0000] {logging_mixin.py:151} INFO - [2023-10-10T06:50:50.515+0000] {dagbag.py:539} INFO - Filling up the DagBag from /home/airflow/.local/lib/python3.8/site-packages/airflow/example_dags/example_task_group_decorator.py
[2023-10-10T06:50:50.524+0000] {processor.py:839} INFO - DAG(s) dict_keys(['example_task_group_decorator']) retrieved from /home/airflow/.local/lib/python3.8/site-packages/airflow/example_dags/example_task_group_decorator.py
[2023-10-10T06:50:50.539+0000] {logging_mixin.py:151} INFO - [2023-10-10T06:50:50.539+0000] {dag.py:2915} INFO - Sync 1 DAGs
[2023-10-10T06:50:50.551+0000] {logging_mixin.py:151} INFO - [2023-10-10T06:50:50.551+0000] {dag.py:3696} INFO - Setting next_dagrun for example_task_group_decorator to 2023-10-09T06:50:50.551602+00:00, run_after=2023-10-10T06:50:50.551602+00:00
[2023-10-10T06:50:50.561+0000] {processor.py:179} INFO - Processing /home/airflow/.local/lib/python3.8/site-packages/airflow/example_dags/example_task_group_decorator.py took 0.051 seconds
[2023-10-10T06:51:20.885+0000] {processor.py:157} INFO - Started process (PID=542) to work on /home/airflow/.local/lib/python3.8/site-packages/airflow/example_dags/example_task_group_decorator.py
[2023-10-10T06:51:20.886+0000] {processor.py:829} INFO - Processing file /home/airflow/.local/lib/python3.8/site-packages/airflow/example_dags/example_task_group_decorator.py for tasks to queue
[2023-10-10T06:51:20.888+0000] {logging_mixin.py:151} INFO - [2023-10-10T06:51:20.888+0000] {dagbag.py:539} INFO - Filling up the DagBag from /home/airflow/.local/lib/python3.8/site-packages/airflow/example_dags/example_task_group_decorator.py
[2023-10-10T06:51:20.896+0000] {processor.py:839} INFO - DAG(s) dict_keys(['example_task_group_decorator']) retrieved from /home/airflow/.local/lib/python3.8/site-packages/airflow/example_dags/example_task_group_decorator.py
[2023-10-10T06:51:20.910+0000] {logging_mixin.py:151} INFO - [2023-10-10T06:51:20.910+0000] {dag.py:2915} INFO - Sync 1 DAGs
[2023-10-10T06:51:20.921+0000] {logging_mixin.py:151} INFO - [2023-10-10T06:51:20.921+0000] {dag.py:3696} INFO - Setting next_dagrun for example_task_group_decorator to 2023-10-09T06:51:20.921170+00:00, run_after=2023-10-10T06:51:20.921170+00:00
[2023-10-10T06:51:20.930+0000] {processor.py:179} INFO - Processing /home/airflow/.local/lib/python3.8/site-packages/airflow/example_dags/example_task_group_decorator.py took 0.047 seconds
[2023-10-10T06:51:51.194+0000] {processor.py:157} INFO - Started process (PID=598) to work on /home/airflow/.local/lib/python3.8/site-packages/airflow/example_dags/example_task_group_decorator.py
[2023-10-10T06:51:51.195+0000] {processor.py:829} INFO - Processing file /home/airflow/.local/lib/python3.8/site-packages/airflow/example_dags/example_task_group_decorator.py for tasks to queue
[2023-10-10T06:51:51.197+0000] {logging_mixin.py:151} INFO - [2023-10-10T06:51:51.197+0000] {dagbag.py:539} INFO - Filling up the DagBag from /home/airflow/.local/lib/python3.8/site-packages/airflow/example_dags/example_task_group_decorator.py
[2023-10-10T06:51:51.209+0000] {processor.py:839} INFO - DAG(s) dict_keys(['example_task_group_decorator']) retrieved from /home/airflow/.local/lib/python3.8/site-packages/airflow/example_dags/example_task_group_decorator.py
[2023-10-10T06:51:51.225+0000] {logging_mixin.py:151} INFO - [2023-10-10T06:51:51.224+0000] {dag.py:2915} INFO - Sync 1 DAGs
[2023-10-10T06:51:51.237+0000] {logging_mixin.py:151} INFO - [2023-10-10T06:51:51.236+0000] {dag.py:3696} INFO - Setting next_dagrun for example_task_group_decorator to 2023-10-09T06:51:51.236694+00:00, run_after=2023-10-10T06:51:51.236694+00:00
[2023-10-10T06:51:51.246+0000] {processor.py:179} INFO - Processing /home/airflow/.local/lib/python3.8/site-packages/airflow/example_dags/example_task_group_decorator.py took 0.054 seconds
[2023-10-10T06:52:21.461+0000] {processor.py:157} INFO - Started process (PID=654) to work on /home/airflow/.local/lib/python3.8/site-packages/airflow/example_dags/example_task_group_decorator.py
[2023-10-10T06:52:21.462+0000] {processor.py:829} INFO - Processing file /home/airflow/.local/lib/python3.8/site-packages/airflow/example_dags/example_task_group_decorator.py for tasks to queue
[2023-10-10T06:52:21.464+0000] {logging_mixin.py:151} INFO - [2023-10-10T06:52:21.464+0000] {dagbag.py:539} INFO - Filling up the DagBag from /home/airflow/.local/lib/python3.8/site-packages/airflow/example_dags/example_task_group_decorator.py
[2023-10-10T06:52:21.472+0000] {processor.py:839} INFO - DAG(s) dict_keys(['example_task_group_decorator']) retrieved from /home/airflow/.local/lib/python3.8/site-packages/airflow/example_dags/example_task_group_decorator.py
[2023-10-10T06:52:21.486+0000] {logging_mixin.py:151} INFO - [2023-10-10T06:52:21.486+0000] {dag.py:2915} INFO - Sync 1 DAGs
[2023-10-10T06:52:21.498+0000] {logging_mixin.py:151} INFO - [2023-10-10T06:52:21.497+0000] {dag.py:3696} INFO - Setting next_dagrun for example_task_group_decorator to 2023-10-09T06:52:21.497669+00:00, run_after=2023-10-10T06:52:21.497669+00:00
[2023-10-10T06:52:21.507+0000] {processor.py:179} INFO - Processing /home/airflow/.local/lib/python3.8/site-packages/airflow/example_dags/example_task_group_decorator.py took 0.048 seconds
[2023-10-10T06:52:51.661+0000] {processor.py:157} INFO - Started process (PID=710) to work on /home/airflow/.local/lib/python3.8/site-packages/airflow/example_dags/example_task_group_decorator.py
[2023-10-10T06:52:51.662+0000] {processor.py:829} INFO - Processing file /home/airflow/.local/lib/python3.8/site-packages/airflow/example_dags/example_task_group_decorator.py for tasks to queue
[2023-10-10T06:52:51.664+0000] {logging_mixin.py:151} INFO - [2023-10-10T06:52:51.663+0000] {dagbag.py:539} INFO - Filling up the DagBag from /home/airflow/.local/lib/python3.8/site-packages/airflow/example_dags/example_task_group_decorator.py
[2023-10-10T06:52:51.671+0000] {processor.py:839} INFO - DAG(s) dict_keys(['example_task_group_decorator']) retrieved from /home/airflow/.local/lib/python3.8/site-packages/airflow/example_dags/example_task_group_decorator.py
[2023-10-10T06:52:51.686+0000] {logging_mixin.py:151} INFO - [2023-10-10T06:52:51.685+0000] {dag.py:2915} INFO - Sync 1 DAGs
[2023-10-10T06:52:51.697+0000] {logging_mixin.py:151} INFO - [2023-10-10T06:52:51.697+0000] {dag.py:3696} INFO - Setting next_dagrun for example_task_group_decorator to 2023-10-09T06:52:51.697618+00:00, run_after=2023-10-10T06:52:51.697618+00:00
[2023-10-10T06:52:51.707+0000] {processor.py:179} INFO - Processing /home/airflow/.local/lib/python3.8/site-packages/airflow/example_dags/example_task_group_decorator.py took 0.048 seconds
[2023-10-10T06:53:22.023+0000] {processor.py:157} INFO - Started process (PID=766) to work on /home/airflow/.local/lib/python3.8/site-packages/airflow/example_dags/example_task_group_decorator.py
[2023-10-10T06:53:22.024+0000] {processor.py:829} INFO - Processing file /home/airflow/.local/lib/python3.8/site-packages/airflow/example_dags/example_task_group_decorator.py for tasks to queue
[2023-10-10T06:53:22.026+0000] {logging_mixin.py:151} INFO - [2023-10-10T06:53:22.026+0000] {dagbag.py:539} INFO - Filling up the DagBag from /home/airflow/.local/lib/python3.8/site-packages/airflow/example_dags/example_task_group_decorator.py
[2023-10-10T06:53:22.034+0000] {processor.py:839} INFO - DAG(s) dict_keys(['example_task_group_decorator']) retrieved from /home/airflow/.local/lib/python3.8/site-packages/airflow/example_dags/example_task_group_decorator.py
[2023-10-10T06:53:22.048+0000] {logging_mixin.py:151} INFO - [2023-10-10T06:53:22.048+0000] {dag.py:2915} INFO - Sync 1 DAGs
[2023-10-10T06:53:22.060+0000] {logging_mixin.py:151} INFO - [2023-10-10T06:53:22.059+0000] {dag.py:3696} INFO - Setting next_dagrun for example_task_group_decorator to 2023-10-09T06:53:22.059740+00:00, run_after=2023-10-10T06:53:22.059740+00:00
[2023-10-10T06:53:22.069+0000] {processor.py:179} INFO - Processing /home/airflow/.local/lib/python3.8/site-packages/airflow/example_dags/example_task_group_decorator.py took 0.048 seconds
[2023-10-10T06:53:52.226+0000] {processor.py:157} INFO - Started process (PID=822) to work on /home/airflow/.local/lib/python3.8/site-packages/airflow/example_dags/example_task_group_decorator.py
[2023-10-10T06:53:52.227+0000] {processor.py:829} INFO - Processing file /home/airflow/.local/lib/python3.8/site-packages/airflow/example_dags/example_task_group_decorator.py for tasks to queue
[2023-10-10T06:53:52.228+0000] {logging_mixin.py:151} INFO - [2023-10-10T06:53:52.228+0000] {dagbag.py:539} INFO - Filling up the DagBag from /home/airflow/.local/lib/python3.8/site-packages/airflow/example_dags/example_task_group_decorator.py
[2023-10-10T06:53:52.236+0000] {processor.py:839} INFO - DAG(s) dict_keys(['example_task_group_decorator']) retrieved from /home/airflow/.local/lib/python3.8/site-packages/airflow/example_dags/example_task_group_decorator.py
[2023-10-10T06:53:52.250+0000] {logging_mixin.py:151} INFO - [2023-10-10T06:53:52.250+0000] {dag.py:2915} INFO - Sync 1 DAGs
[2023-10-10T06:53:52.263+0000] {logging_mixin.py:151} INFO - [2023-10-10T06:53:52.263+0000] {dag.py:3696} INFO - Setting next_dagrun for example_task_group_decorator to 2023-10-09T06:53:52.262830+00:00, run_after=2023-10-10T06:53:52.262830+00:00
[2023-10-10T06:53:52.272+0000] {processor.py:179} INFO - Processing /home/airflow/.local/lib/python3.8/site-packages/airflow/example_dags/example_task_group_decorator.py took 0.049 seconds
[2023-10-10T06:54:22.441+0000] {processor.py:157} INFO - Started process (PID=878) to work on /home/airflow/.local/lib/python3.8/site-packages/airflow/example_dags/example_task_group_decorator.py
[2023-10-10T06:54:22.442+0000] {processor.py:829} INFO - Processing file /home/airflow/.local/lib/python3.8/site-packages/airflow/example_dags/example_task_group_decorator.py for tasks to queue
[2023-10-10T06:54:22.444+0000] {logging_mixin.py:151} INFO - [2023-10-10T06:54:22.443+0000] {dagbag.py:539} INFO - Filling up the DagBag from /home/airflow/.local/lib/python3.8/site-packages/airflow/example_dags/example_task_group_decorator.py
[2023-10-10T06:54:22.452+0000] {processor.py:839} INFO - DAG(s) dict_keys(['example_task_group_decorator']) retrieved from /home/airflow/.local/lib/python3.8/site-packages/airflow/example_dags/example_task_group_decorator.py
[2023-10-10T06:54:22.466+0000] {logging_mixin.py:151} INFO - [2023-10-10T06:54:22.466+0000] {dag.py:2915} INFO - Sync 1 DAGs
[2023-10-10T06:54:22.477+0000] {logging_mixin.py:151} INFO - [2023-10-10T06:54:22.477+0000] {dag.py:3696} INFO - Setting next_dagrun for example_task_group_decorator to 2023-10-09T06:54:22.477524+00:00, run_after=2023-10-10T06:54:22.477524+00:00
[2023-10-10T06:54:22.487+0000] {processor.py:179} INFO - Processing /home/airflow/.local/lib/python3.8/site-packages/airflow/example_dags/example_task_group_decorator.py took 0.048 seconds
[2023-10-10T06:54:52.725+0000] {processor.py:157} INFO - Started process (PID=934) to work on /home/airflow/.local/lib/python3.8/site-packages/airflow/example_dags/example_task_group_decorator.py
[2023-10-10T06:54:52.727+0000] {processor.py:829} INFO - Processing file /home/airflow/.local/lib/python3.8/site-packages/airflow/example_dags/example_task_group_decorator.py for tasks to queue
[2023-10-10T06:54:52.728+0000] {logging_mixin.py:151} INFO - [2023-10-10T06:54:52.728+0000] {dagbag.py:539} INFO - Filling up the DagBag from /home/airflow/.local/lib/python3.8/site-packages/airflow/example_dags/example_task_group_decorator.py
[2023-10-10T06:54:52.736+0000] {processor.py:839} INFO - DAG(s) dict_keys(['example_task_group_decorator']) retrieved from /home/airflow/.local/lib/python3.8/site-packages/airflow/example_dags/example_task_group_decorator.py
[2023-10-10T06:54:52.750+0000] {logging_mixin.py:151} INFO - [2023-10-10T06:54:52.750+0000] {dag.py:2915} INFO - Sync 1 DAGs
[2023-10-10T06:54:52.762+0000] {logging_mixin.py:151} INFO - [2023-10-10T06:54:52.762+0000] {dag.py:3696} INFO - Setting next_dagrun for example_task_group_decorator to 2023-10-09T06:54:52.761799+00:00, run_after=2023-10-10T06:54:52.761799+00:00
[2023-10-10T06:54:52.770+0000] {processor.py:179} INFO - Processing /home/airflow/.local/lib/python3.8/site-packages/airflow/example_dags/example_task_group_decorator.py took 0.047 seconds
[2023-10-10T06:55:22.818+0000] {processor.py:157} INFO - Started process (PID=990) to work on /home/airflow/.local/lib/python3.8/site-packages/airflow/example_dags/example_task_group_decorator.py
[2023-10-10T06:55:22.819+0000] {processor.py:829} INFO - Processing file /home/airflow/.local/lib/python3.8/site-packages/airflow/example_dags/example_task_group_decorator.py for tasks to queue
[2023-10-10T06:55:22.821+0000] {logging_mixin.py:151} INFO - [2023-10-10T06:55:22.820+0000] {dagbag.py:539} INFO - Filling up the DagBag from /home/airflow/.local/lib/python3.8/site-packages/airflow/example_dags/example_task_group_decorator.py
[2023-10-10T06:55:22.828+0000] {processor.py:839} INFO - DAG(s) dict_keys(['example_task_group_decorator']) retrieved from /home/airflow/.local/lib/python3.8/site-packages/airflow/example_dags/example_task_group_decorator.py
[2023-10-10T06:55:22.843+0000] {logging_mixin.py:151} INFO - [2023-10-10T06:55:22.843+0000] {dag.py:2915} INFO - Sync 1 DAGs
[2023-10-10T06:55:22.855+0000] {logging_mixin.py:151} INFO - [2023-10-10T06:55:22.855+0000] {dag.py:3696} INFO - Setting next_dagrun for example_task_group_decorator to 2023-10-09T06:55:22.855633+00:00, run_after=2023-10-10T06:55:22.855633+00:00
[2023-10-10T06:55:22.866+0000] {processor.py:179} INFO - Processing /home/airflow/.local/lib/python3.8/site-packages/airflow/example_dags/example_task_group_decorator.py took 0.050 seconds
[2023-10-10T06:55:53.048+0000] {processor.py:157} INFO - Started process (PID=1046) to work on /home/airflow/.local/lib/python3.8/site-packages/airflow/example_dags/example_task_group_decorator.py
[2023-10-10T06:55:53.050+0000] {processor.py:829} INFO - Processing file /home/airflow/.local/lib/python3.8/site-packages/airflow/example_dags/example_task_group_decorator.py for tasks to queue
[2023-10-10T06:55:53.051+0000] {logging_mixin.py:151} INFO - [2023-10-10T06:55:53.051+0000] {dagbag.py:539} INFO - Filling up the DagBag from /home/airflow/.local/lib/python3.8/site-packages/airflow/example_dags/example_task_group_decorator.py
[2023-10-10T06:55:53.059+0000] {processor.py:839} INFO - DAG(s) dict_keys(['example_task_group_decorator']) retrieved from /home/airflow/.local/lib/python3.8/site-packages/airflow/example_dags/example_task_group_decorator.py
[2023-10-10T06:55:53.073+0000] {logging_mixin.py:151} INFO - [2023-10-10T06:55:53.073+0000] {dag.py:2915} INFO - Sync 1 DAGs
[2023-10-10T06:55:53.085+0000] {logging_mixin.py:151} INFO - [2023-10-10T06:55:53.085+0000] {dag.py:3696} INFO - Setting next_dagrun for example_task_group_decorator to 2023-10-09T06:55:53.085557+00:00, run_after=2023-10-10T06:55:53.085557+00:00
[2023-10-10T06:55:53.094+0000] {processor.py:179} INFO - Processing /home/airflow/.local/lib/python3.8/site-packages/airflow/example_dags/example_task_group_decorator.py took 0.048 seconds
[2023-10-10T06:56:23.274+0000] {processor.py:157} INFO - Started process (PID=1102) to work on /home/airflow/.local/lib/python3.8/site-packages/airflow/example_dags/example_task_group_decorator.py
[2023-10-10T06:56:23.275+0000] {processor.py:829} INFO - Processing file /home/airflow/.local/lib/python3.8/site-packages/airflow/example_dags/example_task_group_decorator.py for tasks to queue
[2023-10-10T06:56:23.277+0000] {logging_mixin.py:151} INFO - [2023-10-10T06:56:23.276+0000] {dagbag.py:539} INFO - Filling up the DagBag from /home/airflow/.local/lib/python3.8/site-packages/airflow/example_dags/example_task_group_decorator.py
[2023-10-10T06:56:23.285+0000] {processor.py:839} INFO - DAG(s) dict_keys(['example_task_group_decorator']) retrieved from /home/airflow/.local/lib/python3.8/site-packages/airflow/example_dags/example_task_group_decorator.py
[2023-10-10T06:56:23.300+0000] {logging_mixin.py:151} INFO - [2023-10-10T06:56:23.300+0000] {dag.py:2915} INFO - Sync 1 DAGs
[2023-10-10T06:56:23.312+0000] {logging_mixin.py:151} INFO - [2023-10-10T06:56:23.312+0000] {dag.py:3696} INFO - Setting next_dagrun for example_task_group_decorator to 2023-10-09T06:56:23.312339+00:00, run_after=2023-10-10T06:56:23.312339+00:00
[2023-10-10T06:56:23.322+0000] {processor.py:179} INFO - Processing /home/airflow/.local/lib/python3.8/site-packages/airflow/example_dags/example_task_group_decorator.py took 0.050 seconds
[2023-10-10T17:17:51.091+0000] {processor.py:157} INFO - Started process (PID=38) to work on /home/airflow/.local/lib/python3.8/site-packages/airflow/example_dags/example_task_group_decorator.py
[2023-10-10T17:17:51.092+0000] {processor.py:829} INFO - Processing file /home/airflow/.local/lib/python3.8/site-packages/airflow/example_dags/example_task_group_decorator.py for tasks to queue
[2023-10-10T17:17:51.093+0000] {logging_mixin.py:151} INFO - [2023-10-10T17:17:51.093+0000] {dagbag.py:539} INFO - Filling up the DagBag from /home/airflow/.local/lib/python3.8/site-packages/airflow/example_dags/example_task_group_decorator.py
[2023-10-10T17:17:51.103+0000] {processor.py:839} INFO - DAG(s) dict_keys(['example_task_group_decorator']) retrieved from /home/airflow/.local/lib/python3.8/site-packages/airflow/example_dags/example_task_group_decorator.py
[2023-10-10T17:17:51.112+0000] {logging_mixin.py:151} INFO - [2023-10-10T17:17:51.112+0000] {dag.py:2915} INFO - Sync 1 DAGs
[2023-10-10T17:17:51.126+0000] {logging_mixin.py:151} INFO - [2023-10-10T17:17:51.126+0000] {dag.py:3696} INFO - Setting next_dagrun for example_task_group_decorator to 2023-10-09T17:17:51.126157+00:00, run_after=2023-10-10T17:17:51.126157+00:00
[2023-10-10T17:17:51.138+0000] {processor.py:179} INFO - Processing /home/airflow/.local/lib/python3.8/site-packages/airflow/example_dags/example_task_group_decorator.py took 0.049 seconds
[2023-10-10T17:18:21.228+0000] {processor.py:157} INFO - Started process (PID=94) to work on /home/airflow/.local/lib/python3.8/site-packages/airflow/example_dags/example_task_group_decorator.py
[2023-10-10T17:18:21.229+0000] {processor.py:829} INFO - Processing file /home/airflow/.local/lib/python3.8/site-packages/airflow/example_dags/example_task_group_decorator.py for tasks to queue
[2023-10-10T17:18:21.230+0000] {logging_mixin.py:151} INFO - [2023-10-10T17:18:21.230+0000] {dagbag.py:539} INFO - Filling up the DagBag from /home/airflow/.local/lib/python3.8/site-packages/airflow/example_dags/example_task_group_decorator.py
[2023-10-10T17:18:21.238+0000] {processor.py:839} INFO - DAG(s) dict_keys(['example_task_group_decorator']) retrieved from /home/airflow/.local/lib/python3.8/site-packages/airflow/example_dags/example_task_group_decorator.py
[2023-10-10T17:18:21.251+0000] {logging_mixin.py:151} INFO - [2023-10-10T17:18:21.251+0000] {dag.py:2915} INFO - Sync 1 DAGs
[2023-10-10T17:18:21.263+0000] {logging_mixin.py:151} INFO - [2023-10-10T17:18:21.263+0000] {dag.py:3696} INFO - Setting next_dagrun for example_task_group_decorator to 2023-10-09T17:18:21.263646+00:00, run_after=2023-10-10T17:18:21.263646+00:00
[2023-10-10T17:18:21.274+0000] {processor.py:179} INFO - Processing /home/airflow/.local/lib/python3.8/site-packages/airflow/example_dags/example_task_group_decorator.py took 0.048 seconds
[2023-10-10T17:18:52.300+0000] {processor.py:157} INFO - Started process (PID=150) to work on /home/airflow/.local/lib/python3.8/site-packages/airflow/example_dags/example_task_group_decorator.py
[2023-10-10T17:18:52.301+0000] {processor.py:829} INFO - Processing file /home/airflow/.local/lib/python3.8/site-packages/airflow/example_dags/example_task_group_decorator.py for tasks to queue
[2023-10-10T17:18:52.302+0000] {logging_mixin.py:151} INFO - [2023-10-10T17:18:52.302+0000] {dagbag.py:539} INFO - Filling up the DagBag from /home/airflow/.local/lib/python3.8/site-packages/airflow/example_dags/example_task_group_decorator.py
[2023-10-10T17:18:52.309+0000] {processor.py:839} INFO - DAG(s) dict_keys(['example_task_group_decorator']) retrieved from /home/airflow/.local/lib/python3.8/site-packages/airflow/example_dags/example_task_group_decorator.py
[2023-10-10T17:18:52.322+0000] {logging_mixin.py:151} INFO - [2023-10-10T17:18:52.322+0000] {dag.py:2915} INFO - Sync 1 DAGs
[2023-10-10T17:18:52.334+0000] {logging_mixin.py:151} INFO - [2023-10-10T17:18:52.334+0000] {dag.py:3696} INFO - Setting next_dagrun for example_task_group_decorator to 2023-10-09T17:18:52.334010+00:00, run_after=2023-10-10T17:18:52.334010+00:00
[2023-10-10T17:18:52.343+0000] {processor.py:179} INFO - Processing /home/airflow/.local/lib/python3.8/site-packages/airflow/example_dags/example_task_group_decorator.py took 0.046 seconds
[2023-10-10T17:19:22.392+0000] {processor.py:157} INFO - Started process (PID=206) to work on /home/airflow/.local/lib/python3.8/site-packages/airflow/example_dags/example_task_group_decorator.py
[2023-10-10T17:19:22.393+0000] {processor.py:829} INFO - Processing file /home/airflow/.local/lib/python3.8/site-packages/airflow/example_dags/example_task_group_decorator.py for tasks to queue
[2023-10-10T17:19:22.394+0000] {logging_mixin.py:151} INFO - [2023-10-10T17:19:22.394+0000] {dagbag.py:539} INFO - Filling up the DagBag from /home/airflow/.local/lib/python3.8/site-packages/airflow/example_dags/example_task_group_decorator.py
[2023-10-10T17:19:22.402+0000] {processor.py:839} INFO - DAG(s) dict_keys(['example_task_group_decorator']) retrieved from /home/airflow/.local/lib/python3.8/site-packages/airflow/example_dags/example_task_group_decorator.py
[2023-10-10T17:19:22.417+0000] {logging_mixin.py:151} INFO - [2023-10-10T17:19:22.416+0000] {dag.py:2915} INFO - Sync 1 DAGs
[2023-10-10T17:19:22.427+0000] {logging_mixin.py:151} INFO - [2023-10-10T17:19:22.427+0000] {dag.py:3696} INFO - Setting next_dagrun for example_task_group_decorator to 2023-10-09T17:19:22.427700+00:00, run_after=2023-10-10T17:19:22.427700+00:00
[2023-10-10T17:19:22.440+0000] {processor.py:179} INFO - Processing /home/airflow/.local/lib/python3.8/site-packages/airflow/example_dags/example_task_group_decorator.py took 0.050 seconds
[2023-10-10T17:19:52.572+0000] {processor.py:157} INFO - Started process (PID=262) to work on /home/airflow/.local/lib/python3.8/site-packages/airflow/example_dags/example_task_group_decorator.py
[2023-10-10T17:19:52.573+0000] {processor.py:829} INFO - Processing file /home/airflow/.local/lib/python3.8/site-packages/airflow/example_dags/example_task_group_decorator.py for tasks to queue
[2023-10-10T17:19:52.574+0000] {logging_mixin.py:151} INFO - [2023-10-10T17:19:52.574+0000] {dagbag.py:539} INFO - Filling up the DagBag from /home/airflow/.local/lib/python3.8/site-packages/airflow/example_dags/example_task_group_decorator.py
[2023-10-10T17:19:52.581+0000] {processor.py:839} INFO - DAG(s) dict_keys(['example_task_group_decorator']) retrieved from /home/airflow/.local/lib/python3.8/site-packages/airflow/example_dags/example_task_group_decorator.py
[2023-10-10T17:19:52.594+0000] {logging_mixin.py:151} INFO - [2023-10-10T17:19:52.594+0000] {dag.py:2915} INFO - Sync 1 DAGs
[2023-10-10T17:19:52.606+0000] {logging_mixin.py:151} INFO - [2023-10-10T17:19:52.606+0000] {dag.py:3696} INFO - Setting next_dagrun for example_task_group_decorator to 2023-10-09T17:19:52.605963+00:00, run_after=2023-10-10T17:19:52.605963+00:00
[2023-10-10T17:19:52.615+0000] {processor.py:179} INFO - Processing /home/airflow/.local/lib/python3.8/site-packages/airflow/example_dags/example_task_group_decorator.py took 0.046 seconds
[2023-10-10T17:20:22.679+0000] {processor.py:157} INFO - Started process (PID=318) to work on /home/airflow/.local/lib/python3.8/site-packages/airflow/example_dags/example_task_group_decorator.py
[2023-10-10T17:20:22.679+0000] {processor.py:829} INFO - Processing file /home/airflow/.local/lib/python3.8/site-packages/airflow/example_dags/example_task_group_decorator.py for tasks to queue
[2023-10-10T17:20:22.681+0000] {logging_mixin.py:151} INFO - [2023-10-10T17:20:22.681+0000] {dagbag.py:539} INFO - Filling up the DagBag from /home/airflow/.local/lib/python3.8/site-packages/airflow/example_dags/example_task_group_decorator.py
[2023-10-10T17:20:22.688+0000] {processor.py:839} INFO - DAG(s) dict_keys(['example_task_group_decorator']) retrieved from /home/airflow/.local/lib/python3.8/site-packages/airflow/example_dags/example_task_group_decorator.py
[2023-10-10T17:20:22.701+0000] {logging_mixin.py:151} INFO - [2023-10-10T17:20:22.701+0000] {dag.py:2915} INFO - Sync 1 DAGs
[2023-10-10T17:20:22.712+0000] {logging_mixin.py:151} INFO - [2023-10-10T17:20:22.712+0000] {dag.py:3696} INFO - Setting next_dagrun for example_task_group_decorator to 2023-10-09T17:20:22.712369+00:00, run_after=2023-10-10T17:20:22.712369+00:00
[2023-10-10T17:20:22.722+0000] {processor.py:179} INFO - Processing /home/airflow/.local/lib/python3.8/site-packages/airflow/example_dags/example_task_group_decorator.py took 0.046 seconds
[2023-10-10T17:20:52.771+0000] {processor.py:157} INFO - Started process (PID=373) to work on /home/airflow/.local/lib/python3.8/site-packages/airflow/example_dags/example_task_group_decorator.py
[2023-10-10T17:20:52.773+0000] {processor.py:829} INFO - Processing file /home/airflow/.local/lib/python3.8/site-packages/airflow/example_dags/example_task_group_decorator.py for tasks to queue
[2023-10-10T17:20:52.775+0000] {logging_mixin.py:151} INFO - [2023-10-10T17:20:52.775+0000] {dagbag.py:539} INFO - Filling up the DagBag from /home/airflow/.local/lib/python3.8/site-packages/airflow/example_dags/example_task_group_decorator.py
[2023-10-10T17:20:52.785+0000] {processor.py:839} INFO - DAG(s) dict_keys(['example_task_group_decorator']) retrieved from /home/airflow/.local/lib/python3.8/site-packages/airflow/example_dags/example_task_group_decorator.py
[2023-10-10T17:20:52.801+0000] {logging_mixin.py:151} INFO - [2023-10-10T17:20:52.801+0000] {dag.py:2915} INFO - Sync 1 DAGs
[2023-10-10T17:20:52.812+0000] {logging_mixin.py:151} INFO - [2023-10-10T17:20:52.812+0000] {dag.py:3696} INFO - Setting next_dagrun for example_task_group_decorator to 2023-10-09T17:20:52.812320+00:00, run_after=2023-10-10T17:20:52.812320+00:00
[2023-10-10T17:20:52.821+0000] {processor.py:179} INFO - Processing /home/airflow/.local/lib/python3.8/site-packages/airflow/example_dags/example_task_group_decorator.py took 0.055 seconds
[2023-10-10T17:21:22.869+0000] {processor.py:157} INFO - Started process (PID=429) to work on /home/airflow/.local/lib/python3.8/site-packages/airflow/example_dags/example_task_group_decorator.py
[2023-10-10T17:21:22.871+0000] {processor.py:829} INFO - Processing file /home/airflow/.local/lib/python3.8/site-packages/airflow/example_dags/example_task_group_decorator.py for tasks to queue
[2023-10-10T17:21:22.873+0000] {logging_mixin.py:151} INFO - [2023-10-10T17:21:22.873+0000] {dagbag.py:539} INFO - Filling up the DagBag from /home/airflow/.local/lib/python3.8/site-packages/airflow/example_dags/example_task_group_decorator.py
[2023-10-10T17:21:22.883+0000] {processor.py:839} INFO - DAG(s) dict_keys(['example_task_group_decorator']) retrieved from /home/airflow/.local/lib/python3.8/site-packages/airflow/example_dags/example_task_group_decorator.py
[2023-10-10T17:21:22.899+0000] {logging_mixin.py:151} INFO - [2023-10-10T17:21:22.899+0000] {dag.py:2915} INFO - Sync 1 DAGs
[2023-10-10T17:21:22.911+0000] {logging_mixin.py:151} INFO - [2023-10-10T17:21:22.911+0000] {dag.py:3696} INFO - Setting next_dagrun for example_task_group_decorator to 2023-10-09T17:21:22.911407+00:00, run_after=2023-10-10T17:21:22.911407+00:00
[2023-10-10T17:21:22.920+0000] {processor.py:179} INFO - Processing /home/airflow/.local/lib/python3.8/site-packages/airflow/example_dags/example_task_group_decorator.py took 0.055 seconds
[2023-10-10T17:21:52.976+0000] {processor.py:157} INFO - Started process (PID=485) to work on /home/airflow/.local/lib/python3.8/site-packages/airflow/example_dags/example_task_group_decorator.py
[2023-10-10T17:21:52.977+0000] {processor.py:829} INFO - Processing file /home/airflow/.local/lib/python3.8/site-packages/airflow/example_dags/example_task_group_decorator.py for tasks to queue
[2023-10-10T17:21:52.978+0000] {logging_mixin.py:151} INFO - [2023-10-10T17:21:52.978+0000] {dagbag.py:539} INFO - Filling up the DagBag from /home/airflow/.local/lib/python3.8/site-packages/airflow/example_dags/example_task_group_decorator.py
[2023-10-10T17:21:52.986+0000] {processor.py:839} INFO - DAG(s) dict_keys(['example_task_group_decorator']) retrieved from /home/airflow/.local/lib/python3.8/site-packages/airflow/example_dags/example_task_group_decorator.py
[2023-10-10T17:21:52.998+0000] {logging_mixin.py:151} INFO - [2023-10-10T17:21:52.998+0000] {dag.py:2915} INFO - Sync 1 DAGs
[2023-10-10T17:21:53.009+0000] {logging_mixin.py:151} INFO - [2023-10-10T17:21:53.009+0000] {dag.py:3696} INFO - Setting next_dagrun for example_task_group_decorator to 2023-10-09T17:21:53.009566+00:00, run_after=2023-10-10T17:21:53.009566+00:00
[2023-10-10T17:21:53.019+0000] {processor.py:179} INFO - Processing /home/airflow/.local/lib/python3.8/site-packages/airflow/example_dags/example_task_group_decorator.py took 0.045 seconds
[2023-10-10T17:22:23.305+0000] {processor.py:157} INFO - Started process (PID=542) to work on /home/airflow/.local/lib/python3.8/site-packages/airflow/example_dags/example_task_group_decorator.py
[2023-10-10T17:22:23.306+0000] {processor.py:829} INFO - Processing file /home/airflow/.local/lib/python3.8/site-packages/airflow/example_dags/example_task_group_decorator.py for tasks to queue
[2023-10-10T17:22:23.307+0000] {logging_mixin.py:151} INFO - [2023-10-10T17:22:23.307+0000] {dagbag.py:539} INFO - Filling up the DagBag from /home/airflow/.local/lib/python3.8/site-packages/airflow/example_dags/example_task_group_decorator.py
[2023-10-10T17:22:23.315+0000] {processor.py:839} INFO - DAG(s) dict_keys(['example_task_group_decorator']) retrieved from /home/airflow/.local/lib/python3.8/site-packages/airflow/example_dags/example_task_group_decorator.py
[2023-10-10T17:22:23.329+0000] {logging_mixin.py:151} INFO - [2023-10-10T17:22:23.329+0000] {dag.py:2915} INFO - Sync 1 DAGs
[2023-10-10T17:22:23.342+0000] {logging_mixin.py:151} INFO - [2023-10-10T17:22:23.342+0000] {dag.py:3696} INFO - Setting next_dagrun for example_task_group_decorator to 2023-10-09T17:22:23.342343+00:00, run_after=2023-10-10T17:22:23.342343+00:00
[2023-10-10T17:22:23.353+0000] {processor.py:179} INFO - Processing /home/airflow/.local/lib/python3.8/site-packages/airflow/example_dags/example_task_group_decorator.py took 0.050 seconds
[2023-10-10T17:22:53.422+0000] {processor.py:157} INFO - Started process (PID=598) to work on /home/airflow/.local/lib/python3.8/site-packages/airflow/example_dags/example_task_group_decorator.py
[2023-10-10T17:22:53.423+0000] {processor.py:829} INFO - Processing file /home/airflow/.local/lib/python3.8/site-packages/airflow/example_dags/example_task_group_decorator.py for tasks to queue
[2023-10-10T17:22:53.425+0000] {logging_mixin.py:151} INFO - [2023-10-10T17:22:53.424+0000] {dagbag.py:539} INFO - Filling up the DagBag from /home/airflow/.local/lib/python3.8/site-packages/airflow/example_dags/example_task_group_decorator.py
[2023-10-10T17:22:53.432+0000] {processor.py:839} INFO - DAG(s) dict_keys(['example_task_group_decorator']) retrieved from /home/airflow/.local/lib/python3.8/site-packages/airflow/example_dags/example_task_group_decorator.py
[2023-10-10T17:22:53.445+0000] {logging_mixin.py:151} INFO - [2023-10-10T17:22:53.445+0000] {dag.py:2915} INFO - Sync 1 DAGs
[2023-10-10T17:22:53.456+0000] {logging_mixin.py:151} INFO - [2023-10-10T17:22:53.456+0000] {dag.py:3696} INFO - Setting next_dagrun for example_task_group_decorator to 2023-10-09T17:22:53.456039+00:00, run_after=2023-10-10T17:22:53.456039+00:00
[2023-10-10T17:22:53.465+0000] {processor.py:179} INFO - Processing /home/airflow/.local/lib/python3.8/site-packages/airflow/example_dags/example_task_group_decorator.py took 0.045 seconds
[2023-10-10T17:23:23.550+0000] {processor.py:157} INFO - Started process (PID=654) to work on /home/airflow/.local/lib/python3.8/site-packages/airflow/example_dags/example_task_group_decorator.py
[2023-10-10T17:23:23.551+0000] {processor.py:829} INFO - Processing file /home/airflow/.local/lib/python3.8/site-packages/airflow/example_dags/example_task_group_decorator.py for tasks to queue
[2023-10-10T17:23:23.552+0000] {logging_mixin.py:151} INFO - [2023-10-10T17:23:23.552+0000] {dagbag.py:539} INFO - Filling up the DagBag from /home/airflow/.local/lib/python3.8/site-packages/airflow/example_dags/example_task_group_decorator.py
[2023-10-10T17:23:23.559+0000] {processor.py:839} INFO - DAG(s) dict_keys(['example_task_group_decorator']) retrieved from /home/airflow/.local/lib/python3.8/site-packages/airflow/example_dags/example_task_group_decorator.py
[2023-10-10T17:23:23.573+0000] {logging_mixin.py:151} INFO - [2023-10-10T17:23:23.573+0000] {dag.py:2915} INFO - Sync 1 DAGs
[2023-10-10T17:23:23.584+0000] {logging_mixin.py:151} INFO - [2023-10-10T17:23:23.584+0000] {dag.py:3696} INFO - Setting next_dagrun for example_task_group_decorator to 2023-10-09T17:23:23.584124+00:00, run_after=2023-10-10T17:23:23.584124+00:00
[2023-10-10T17:23:23.593+0000] {processor.py:179} INFO - Processing /home/airflow/.local/lib/python3.8/site-packages/airflow/example_dags/example_task_group_decorator.py took 0.045 seconds
[2023-10-10T17:23:53.649+0000] {processor.py:157} INFO - Started process (PID=710) to work on /home/airflow/.local/lib/python3.8/site-packages/airflow/example_dags/example_task_group_decorator.py
[2023-10-10T17:23:53.650+0000] {processor.py:829} INFO - Processing file /home/airflow/.local/lib/python3.8/site-packages/airflow/example_dags/example_task_group_decorator.py for tasks to queue
[2023-10-10T17:23:53.652+0000] {logging_mixin.py:151} INFO - [2023-10-10T17:23:53.652+0000] {dagbag.py:539} INFO - Filling up the DagBag from /home/airflow/.local/lib/python3.8/site-packages/airflow/example_dags/example_task_group_decorator.py
[2023-10-10T17:23:53.659+0000] {processor.py:839} INFO - DAG(s) dict_keys(['example_task_group_decorator']) retrieved from /home/airflow/.local/lib/python3.8/site-packages/airflow/example_dags/example_task_group_decorator.py
[2023-10-10T17:23:53.673+0000] {logging_mixin.py:151} INFO - [2023-10-10T17:23:53.673+0000] {dag.py:2915} INFO - Sync 1 DAGs
[2023-10-10T17:23:53.685+0000] {logging_mixin.py:151} INFO - [2023-10-10T17:23:53.685+0000] {dag.py:3696} INFO - Setting next_dagrun for example_task_group_decorator to 2023-10-09T17:23:53.685165+00:00, run_after=2023-10-10T17:23:53.685165+00:00
[2023-10-10T17:23:53.694+0000] {processor.py:179} INFO - Processing /home/airflow/.local/lib/python3.8/site-packages/airflow/example_dags/example_task_group_decorator.py took 0.047 seconds
[2023-10-10T17:24:23.882+0000] {processor.py:157} INFO - Started process (PID=766) to work on /home/airflow/.local/lib/python3.8/site-packages/airflow/example_dags/example_task_group_decorator.py
[2023-10-10T17:24:23.883+0000] {processor.py:829} INFO - Processing file /home/airflow/.local/lib/python3.8/site-packages/airflow/example_dags/example_task_group_decorator.py for tasks to queue
[2023-10-10T17:24:23.884+0000] {logging_mixin.py:151} INFO - [2023-10-10T17:24:23.884+0000] {dagbag.py:539} INFO - Filling up the DagBag from /home/airflow/.local/lib/python3.8/site-packages/airflow/example_dags/example_task_group_decorator.py
[2023-10-10T17:24:23.892+0000] {processor.py:839} INFO - DAG(s) dict_keys(['example_task_group_decorator']) retrieved from /home/airflow/.local/lib/python3.8/site-packages/airflow/example_dags/example_task_group_decorator.py
[2023-10-10T17:24:23.905+0000] {logging_mixin.py:151} INFO - [2023-10-10T17:24:23.905+0000] {dag.py:2915} INFO - Sync 1 DAGs
[2023-10-10T17:24:23.916+0000] {logging_mixin.py:151} INFO - [2023-10-10T17:24:23.916+0000] {dag.py:3696} INFO - Setting next_dagrun for example_task_group_decorator to 2023-10-09T17:24:23.916181+00:00, run_after=2023-10-10T17:24:23.916181+00:00
[2023-10-10T17:24:23.925+0000] {processor.py:179} INFO - Processing /home/airflow/.local/lib/python3.8/site-packages/airflow/example_dags/example_task_group_decorator.py took 0.046 seconds
[2023-10-10T17:24:54.008+0000] {processor.py:157} INFO - Started process (PID=822) to work on /home/airflow/.local/lib/python3.8/site-packages/airflow/example_dags/example_task_group_decorator.py
[2023-10-10T17:24:54.009+0000] {processor.py:829} INFO - Processing file /home/airflow/.local/lib/python3.8/site-packages/airflow/example_dags/example_task_group_decorator.py for tasks to queue
[2023-10-10T17:24:54.011+0000] {logging_mixin.py:151} INFO - [2023-10-10T17:24:54.011+0000] {dagbag.py:539} INFO - Filling up the DagBag from /home/airflow/.local/lib/python3.8/site-packages/airflow/example_dags/example_task_group_decorator.py
[2023-10-10T17:24:54.018+0000] {processor.py:839} INFO - DAG(s) dict_keys(['example_task_group_decorator']) retrieved from /home/airflow/.local/lib/python3.8/site-packages/airflow/example_dags/example_task_group_decorator.py
[2023-10-10T17:24:54.032+0000] {logging_mixin.py:151} INFO - [2023-10-10T17:24:54.032+0000] {dag.py:2915} INFO - Sync 1 DAGs
[2023-10-10T17:24:54.043+0000] {logging_mixin.py:151} INFO - [2023-10-10T17:24:54.043+0000] {dag.py:3696} INFO - Setting next_dagrun for example_task_group_decorator to 2023-10-09T17:24:54.043073+00:00, run_after=2023-10-10T17:24:54.043073+00:00
[2023-10-10T17:24:54.052+0000] {processor.py:179} INFO - Processing /home/airflow/.local/lib/python3.8/site-packages/airflow/example_dags/example_task_group_decorator.py took 0.046 seconds
[2023-10-10T17:25:24.149+0000] {processor.py:157} INFO - Started process (PID=878) to work on /home/airflow/.local/lib/python3.8/site-packages/airflow/example_dags/example_task_group_decorator.py
[2023-10-10T17:25:24.150+0000] {processor.py:829} INFO - Processing file /home/airflow/.local/lib/python3.8/site-packages/airflow/example_dags/example_task_group_decorator.py for tasks to queue
[2023-10-10T17:25:24.152+0000] {logging_mixin.py:151} INFO - [2023-10-10T17:25:24.151+0000] {dagbag.py:539} INFO - Filling up the DagBag from /home/airflow/.local/lib/python3.8/site-packages/airflow/example_dags/example_task_group_decorator.py
[2023-10-10T17:25:24.158+0000] {processor.py:839} INFO - DAG(s) dict_keys(['example_task_group_decorator']) retrieved from /home/airflow/.local/lib/python3.8/site-packages/airflow/example_dags/example_task_group_decorator.py
[2023-10-10T17:25:24.172+0000] {logging_mixin.py:151} INFO - [2023-10-10T17:25:24.171+0000] {dag.py:2915} INFO - Sync 1 DAGs
[2023-10-10T17:25:24.183+0000] {logging_mixin.py:151} INFO - [2023-10-10T17:25:24.182+0000] {dag.py:3696} INFO - Setting next_dagrun for example_task_group_decorator to 2023-10-09T17:25:24.182744+00:00, run_after=2023-10-10T17:25:24.182744+00:00
[2023-10-10T17:25:24.192+0000] {processor.py:179} INFO - Processing /home/airflow/.local/lib/python3.8/site-packages/airflow/example_dags/example_task_group_decorator.py took 0.045 seconds
[2023-10-10T17:25:54.334+0000] {processor.py:157} INFO - Started process (PID=934) to work on /home/airflow/.local/lib/python3.8/site-packages/airflow/example_dags/example_task_group_decorator.py
[2023-10-10T17:25:54.335+0000] {processor.py:829} INFO - Processing file /home/airflow/.local/lib/python3.8/site-packages/airflow/example_dags/example_task_group_decorator.py for tasks to queue
[2023-10-10T17:25:54.337+0000] {logging_mixin.py:151} INFO - [2023-10-10T17:25:54.337+0000] {dagbag.py:539} INFO - Filling up the DagBag from /home/airflow/.local/lib/python3.8/site-packages/airflow/example_dags/example_task_group_decorator.py
[2023-10-10T17:25:54.345+0000] {processor.py:839} INFO - DAG(s) dict_keys(['example_task_group_decorator']) retrieved from /home/airflow/.local/lib/python3.8/site-packages/airflow/example_dags/example_task_group_decorator.py
[2023-10-10T17:25:54.358+0000] {logging_mixin.py:151} INFO - [2023-10-10T17:25:54.358+0000] {dag.py:2915} INFO - Sync 1 DAGs
[2023-10-10T17:25:54.369+0000] {logging_mixin.py:151} INFO - [2023-10-10T17:25:54.369+0000] {dag.py:3696} INFO - Setting next_dagrun for example_task_group_decorator to 2023-10-09T17:25:54.369712+00:00, run_after=2023-10-10T17:25:54.369712+00:00
[2023-10-10T17:25:54.379+0000] {processor.py:179} INFO - Processing /home/airflow/.local/lib/python3.8/site-packages/airflow/example_dags/example_task_group_decorator.py took 0.047 seconds
[2023-10-10T17:26:24.458+0000] {processor.py:157} INFO - Started process (PID=990) to work on /home/airflow/.local/lib/python3.8/site-packages/airflow/example_dags/example_task_group_decorator.py
[2023-10-10T17:26:24.459+0000] {processor.py:829} INFO - Processing file /home/airflow/.local/lib/python3.8/site-packages/airflow/example_dags/example_task_group_decorator.py for tasks to queue
[2023-10-10T17:26:24.460+0000] {logging_mixin.py:151} INFO - [2023-10-10T17:26:24.460+0000] {dagbag.py:539} INFO - Filling up the DagBag from /home/airflow/.local/lib/python3.8/site-packages/airflow/example_dags/example_task_group_decorator.py
[2023-10-10T17:26:24.467+0000] {processor.py:839} INFO - DAG(s) dict_keys(['example_task_group_decorator']) retrieved from /home/airflow/.local/lib/python3.8/site-packages/airflow/example_dags/example_task_group_decorator.py
[2023-10-10T17:26:24.481+0000] {logging_mixin.py:151} INFO - [2023-10-10T17:26:24.481+0000] {dag.py:2915} INFO - Sync 1 DAGs
[2023-10-10T17:26:24.492+0000] {logging_mixin.py:151} INFO - [2023-10-10T17:26:24.492+0000] {dag.py:3696} INFO - Setting next_dagrun for example_task_group_decorator to 2023-10-09T17:26:24.492510+00:00, run_after=2023-10-10T17:26:24.492510+00:00
[2023-10-10T17:26:24.501+0000] {processor.py:179} INFO - Processing /home/airflow/.local/lib/python3.8/site-packages/airflow/example_dags/example_task_group_decorator.py took 0.045 seconds
[2023-10-10T17:26:54.564+0000] {processor.py:157} INFO - Started process (PID=1046) to work on /home/airflow/.local/lib/python3.8/site-packages/airflow/example_dags/example_task_group_decorator.py
[2023-10-10T17:26:54.565+0000] {processor.py:829} INFO - Processing file /home/airflow/.local/lib/python3.8/site-packages/airflow/example_dags/example_task_group_decorator.py for tasks to queue
[2023-10-10T17:26:54.566+0000] {logging_mixin.py:151} INFO - [2023-10-10T17:26:54.566+0000] {dagbag.py:539} INFO - Filling up the DagBag from /home/airflow/.local/lib/python3.8/site-packages/airflow/example_dags/example_task_group_decorator.py
[2023-10-10T17:26:54.574+0000] {processor.py:839} INFO - DAG(s) dict_keys(['example_task_group_decorator']) retrieved from /home/airflow/.local/lib/python3.8/site-packages/airflow/example_dags/example_task_group_decorator.py
[2023-10-10T17:26:54.588+0000] {logging_mixin.py:151} INFO - [2023-10-10T17:26:54.588+0000] {dag.py:2915} INFO - Sync 1 DAGs
[2023-10-10T17:26:54.600+0000] {logging_mixin.py:151} INFO - [2023-10-10T17:26:54.600+0000] {dag.py:3696} INFO - Setting next_dagrun for example_task_group_decorator to 2023-10-09T17:26:54.600032+00:00, run_after=2023-10-10T17:26:54.600032+00:00
[2023-10-10T17:26:54.610+0000] {processor.py:179} INFO - Processing /home/airflow/.local/lib/python3.8/site-packages/airflow/example_dags/example_task_group_decorator.py took 0.048 seconds
[2023-10-10T17:27:24.745+0000] {processor.py:157} INFO - Started process (PID=1102) to work on /home/airflow/.local/lib/python3.8/site-packages/airflow/example_dags/example_task_group_decorator.py
[2023-10-10T17:27:24.746+0000] {processor.py:829} INFO - Processing file /home/airflow/.local/lib/python3.8/site-packages/airflow/example_dags/example_task_group_decorator.py for tasks to queue
[2023-10-10T17:27:24.749+0000] {logging_mixin.py:151} INFO - [2023-10-10T17:27:24.749+0000] {dagbag.py:539} INFO - Filling up the DagBag from /home/airflow/.local/lib/python3.8/site-packages/airflow/example_dags/example_task_group_decorator.py
[2023-10-10T17:27:24.757+0000] {processor.py:839} INFO - DAG(s) dict_keys(['example_task_group_decorator']) retrieved from /home/airflow/.local/lib/python3.8/site-packages/airflow/example_dags/example_task_group_decorator.py
[2023-10-10T17:27:24.770+0000] {logging_mixin.py:151} INFO - [2023-10-10T17:27:24.770+0000] {dag.py:2915} INFO - Sync 1 DAGs
[2023-10-10T17:27:24.782+0000] {logging_mixin.py:151} INFO - [2023-10-10T17:27:24.781+0000] {dag.py:3696} INFO - Setting next_dagrun for example_task_group_decorator to 2023-10-09T17:27:24.781773+00:00, run_after=2023-10-10T17:27:24.781773+00:00
[2023-10-10T17:27:24.791+0000] {processor.py:179} INFO - Processing /home/airflow/.local/lib/python3.8/site-packages/airflow/example_dags/example_task_group_decorator.py took 0.048 seconds
[2023-10-10T17:27:54.873+0000] {processor.py:157} INFO - Started process (PID=1158) to work on /home/airflow/.local/lib/python3.8/site-packages/airflow/example_dags/example_task_group_decorator.py
[2023-10-10T17:27:54.874+0000] {processor.py:829} INFO - Processing file /home/airflow/.local/lib/python3.8/site-packages/airflow/example_dags/example_task_group_decorator.py for tasks to queue
[2023-10-10T17:27:54.876+0000] {logging_mixin.py:151} INFO - [2023-10-10T17:27:54.876+0000] {dagbag.py:539} INFO - Filling up the DagBag from /home/airflow/.local/lib/python3.8/site-packages/airflow/example_dags/example_task_group_decorator.py
[2023-10-10T17:27:54.884+0000] {processor.py:839} INFO - DAG(s) dict_keys(['example_task_group_decorator']) retrieved from /home/airflow/.local/lib/python3.8/site-packages/airflow/example_dags/example_task_group_decorator.py
[2023-10-10T17:27:54.897+0000] {logging_mixin.py:151} INFO - [2023-10-10T17:27:54.897+0000] {dag.py:2915} INFO - Sync 1 DAGs
[2023-10-10T17:27:54.908+0000] {logging_mixin.py:151} INFO - [2023-10-10T17:27:54.908+0000] {dag.py:3696} INFO - Setting next_dagrun for example_task_group_decorator to 2023-10-09T17:27:54.908318+00:00, run_after=2023-10-10T17:27:54.908318+00:00
[2023-10-10T17:27:54.917+0000] {processor.py:179} INFO - Processing /home/airflow/.local/lib/python3.8/site-packages/airflow/example_dags/example_task_group_decorator.py took 0.046 seconds
[2023-10-10T17:28:25.055+0000] {processor.py:157} INFO - Started process (PID=1215) to work on /home/airflow/.local/lib/python3.8/site-packages/airflow/example_dags/example_task_group_decorator.py
[2023-10-10T17:28:25.056+0000] {processor.py:829} INFO - Processing file /home/airflow/.local/lib/python3.8/site-packages/airflow/example_dags/example_task_group_decorator.py for tasks to queue
[2023-10-10T17:28:25.057+0000] {logging_mixin.py:151} INFO - [2023-10-10T17:28:25.057+0000] {dagbag.py:539} INFO - Filling up the DagBag from /home/airflow/.local/lib/python3.8/site-packages/airflow/example_dags/example_task_group_decorator.py
[2023-10-10T17:28:25.065+0000] {processor.py:839} INFO - DAG(s) dict_keys(['example_task_group_decorator']) retrieved from /home/airflow/.local/lib/python3.8/site-packages/airflow/example_dags/example_task_group_decorator.py
[2023-10-10T17:28:25.079+0000] {logging_mixin.py:151} INFO - [2023-10-10T17:28:25.078+0000] {dag.py:2915} INFO - Sync 1 DAGs
[2023-10-10T17:28:25.090+0000] {logging_mixin.py:151} INFO - [2023-10-10T17:28:25.090+0000] {dag.py:3696} INFO - Setting next_dagrun for example_task_group_decorator to 2023-10-09T17:28:25.090298+00:00, run_after=2023-10-10T17:28:25.090298+00:00
[2023-10-10T17:28:25.100+0000] {processor.py:179} INFO - Processing /home/airflow/.local/lib/python3.8/site-packages/airflow/example_dags/example_task_group_decorator.py took 0.047 seconds
[2023-10-10T17:28:55.179+0000] {processor.py:157} INFO - Started process (PID=1271) to work on /home/airflow/.local/lib/python3.8/site-packages/airflow/example_dags/example_task_group_decorator.py
[2023-10-10T17:28:55.180+0000] {processor.py:829} INFO - Processing file /home/airflow/.local/lib/python3.8/site-packages/airflow/example_dags/example_task_group_decorator.py for tasks to queue
[2023-10-10T17:28:55.182+0000] {logging_mixin.py:151} INFO - [2023-10-10T17:28:55.182+0000] {dagbag.py:539} INFO - Filling up the DagBag from /home/airflow/.local/lib/python3.8/site-packages/airflow/example_dags/example_task_group_decorator.py
[2023-10-10T17:28:55.189+0000] {processor.py:839} INFO - DAG(s) dict_keys(['example_task_group_decorator']) retrieved from /home/airflow/.local/lib/python3.8/site-packages/airflow/example_dags/example_task_group_decorator.py
[2023-10-10T17:28:55.204+0000] {logging_mixin.py:151} INFO - [2023-10-10T17:28:55.204+0000] {dag.py:2915} INFO - Sync 1 DAGs
[2023-10-10T17:28:55.215+0000] {logging_mixin.py:151} INFO - [2023-10-10T17:28:55.215+0000] {dag.py:3696} INFO - Setting next_dagrun for example_task_group_decorator to 2023-10-09T17:28:55.215567+00:00, run_after=2023-10-10T17:28:55.215567+00:00
[2023-10-10T17:28:55.225+0000] {processor.py:179} INFO - Processing /home/airflow/.local/lib/python3.8/site-packages/airflow/example_dags/example_task_group_decorator.py took 0.048 seconds
