[2023-10-10T06:38:11.506+0000] {processor.py:157} INFO - Started process (PID=70) to work on /home/airflow/.local/lib/python3.8/site-packages/airflow/example_dags/example_params_trigger_ui.py
[2023-10-10T06:38:11.507+0000] {processor.py:829} INFO - Processing file /home/airflow/.local/lib/python3.8/site-packages/airflow/example_dags/example_params_trigger_ui.py for tasks to queue
[2023-10-10T06:38:11.510+0000] {logging_mixin.py:151} INFO - [2023-10-10T06:38:11.510+0000] {dagbag.py:539} INFO - Filling up the DagBag from /home/airflow/.local/lib/python3.8/site-packages/airflow/example_dags/example_params_trigger_ui.py
[2023-10-10T06:38:11.532+0000] {processor.py:839} INFO - DAG(s) dict_keys(['example_params_trigger_ui']) retrieved from /home/airflow/.local/lib/python3.8/site-packages/airflow/example_dags/example_params_trigger_ui.py
[2023-10-10T06:38:11.542+0000] {logging_mixin.py:151} INFO - [2023-10-10T06:38:11.542+0000] {dag.py:2915} INFO - Sync 1 DAGs
[2023-10-10T06:38:11.557+0000] {logging_mixin.py:151} INFO - [2023-10-10T06:38:11.557+0000] {dag.py:3696} INFO - Setting next_dagrun for example_params_trigger_ui to None, run_after=None
[2023-10-10T06:38:11.572+0000] {processor.py:179} INFO - Processing /home/airflow/.local/lib/python3.8/site-packages/airflow/example_dags/example_params_trigger_ui.py took 0.071 seconds
[2023-10-10T06:38:41.661+0000] {processor.py:157} INFO - Started process (PID=126) to work on /home/airflow/.local/lib/python3.8/site-packages/airflow/example_dags/example_params_trigger_ui.py
[2023-10-10T06:38:41.662+0000] {processor.py:829} INFO - Processing file /home/airflow/.local/lib/python3.8/site-packages/airflow/example_dags/example_params_trigger_ui.py for tasks to queue
[2023-10-10T06:38:41.664+0000] {logging_mixin.py:151} INFO - [2023-10-10T06:38:41.664+0000] {dagbag.py:539} INFO - Filling up the DagBag from /home/airflow/.local/lib/python3.8/site-packages/airflow/example_dags/example_params_trigger_ui.py
[2023-10-10T06:38:41.674+0000] {processor.py:839} INFO - DAG(s) dict_keys(['example_params_trigger_ui']) retrieved from /home/airflow/.local/lib/python3.8/site-packages/airflow/example_dags/example_params_trigger_ui.py
[2023-10-10T06:38:41.700+0000] {logging_mixin.py:151} INFO - [2023-10-10T06:38:41.700+0000] {dag.py:2915} INFO - Sync 1 DAGs
[2023-10-10T06:38:41.707+0000] {logging_mixin.py:151} INFO - [2023-10-10T06:38:41.706+0000] {dag.py:3696} INFO - Setting next_dagrun for example_params_trigger_ui to None, run_after=None
[2023-10-10T06:38:41.716+0000] {processor.py:179} INFO - Processing /home/airflow/.local/lib/python3.8/site-packages/airflow/example_dags/example_params_trigger_ui.py took 0.058 seconds
[2023-10-10T06:39:12.014+0000] {processor.py:157} INFO - Started process (PID=182) to work on /home/airflow/.local/lib/python3.8/site-packages/airflow/example_dags/example_params_trigger_ui.py
[2023-10-10T06:39:12.015+0000] {processor.py:829} INFO - Processing file /home/airflow/.local/lib/python3.8/site-packages/airflow/example_dags/example_params_trigger_ui.py for tasks to queue
[2023-10-10T06:39:12.016+0000] {logging_mixin.py:151} INFO - [2023-10-10T06:39:12.016+0000] {dagbag.py:539} INFO - Filling up the DagBag from /home/airflow/.local/lib/python3.8/site-packages/airflow/example_dags/example_params_trigger_ui.py
[2023-10-10T06:39:12.026+0000] {processor.py:839} INFO - DAG(s) dict_keys(['example_params_trigger_ui']) retrieved from /home/airflow/.local/lib/python3.8/site-packages/airflow/example_dags/example_params_trigger_ui.py
[2023-10-10T06:39:12.052+0000] {logging_mixin.py:151} INFO - [2023-10-10T06:39:12.052+0000] {dag.py:2915} INFO - Sync 1 DAGs
[2023-10-10T06:39:12.058+0000] {logging_mixin.py:151} INFO - [2023-10-10T06:39:12.058+0000] {dag.py:3696} INFO - Setting next_dagrun for example_params_trigger_ui to None, run_after=None
[2023-10-10T06:39:12.068+0000] {processor.py:179} INFO - Processing /home/airflow/.local/lib/python3.8/site-packages/airflow/example_dags/example_params_trigger_ui.py took 0.057 seconds
[2023-10-10T06:39:42.164+0000] {processor.py:157} INFO - Started process (PID=238) to work on /home/airflow/.local/lib/python3.8/site-packages/airflow/example_dags/example_params_trigger_ui.py
[2023-10-10T06:39:42.165+0000] {processor.py:829} INFO - Processing file /home/airflow/.local/lib/python3.8/site-packages/airflow/example_dags/example_params_trigger_ui.py for tasks to queue
[2023-10-10T06:39:42.166+0000] {logging_mixin.py:151} INFO - [2023-10-10T06:39:42.166+0000] {dagbag.py:539} INFO - Filling up the DagBag from /home/airflow/.local/lib/python3.8/site-packages/airflow/example_dags/example_params_trigger_ui.py
[2023-10-10T06:39:42.176+0000] {processor.py:839} INFO - DAG(s) dict_keys(['example_params_trigger_ui']) retrieved from /home/airflow/.local/lib/python3.8/site-packages/airflow/example_dags/example_params_trigger_ui.py
[2023-10-10T06:39:42.200+0000] {logging_mixin.py:151} INFO - [2023-10-10T06:39:42.200+0000] {dag.py:2915} INFO - Sync 1 DAGs
[2023-10-10T06:39:42.207+0000] {logging_mixin.py:151} INFO - [2023-10-10T06:39:42.207+0000] {dag.py:3696} INFO - Setting next_dagrun for example_params_trigger_ui to None, run_after=None
[2023-10-10T06:39:42.217+0000] {processor.py:179} INFO - Processing /home/airflow/.local/lib/python3.8/site-packages/airflow/example_dags/example_params_trigger_ui.py took 0.056 seconds
[2023-10-10T06:40:12.507+0000] {processor.py:157} INFO - Started process (PID=294) to work on /home/airflow/.local/lib/python3.8/site-packages/airflow/example_dags/example_params_trigger_ui.py
[2023-10-10T06:40:12.508+0000] {processor.py:829} INFO - Processing file /home/airflow/.local/lib/python3.8/site-packages/airflow/example_dags/example_params_trigger_ui.py for tasks to queue
[2023-10-10T06:40:12.509+0000] {logging_mixin.py:151} INFO - [2023-10-10T06:40:12.509+0000] {dagbag.py:539} INFO - Filling up the DagBag from /home/airflow/.local/lib/python3.8/site-packages/airflow/example_dags/example_params_trigger_ui.py
[2023-10-10T06:40:12.519+0000] {processor.py:839} INFO - DAG(s) dict_keys(['example_params_trigger_ui']) retrieved from /home/airflow/.local/lib/python3.8/site-packages/airflow/example_dags/example_params_trigger_ui.py
[2023-10-10T06:40:12.542+0000] {logging_mixin.py:151} INFO - [2023-10-10T06:40:12.541+0000] {dag.py:2915} INFO - Sync 1 DAGs
[2023-10-10T06:40:12.548+0000] {logging_mixin.py:151} INFO - [2023-10-10T06:40:12.548+0000] {dag.py:3696} INFO - Setting next_dagrun for example_params_trigger_ui to None, run_after=None
[2023-10-10T06:40:12.556+0000] {processor.py:179} INFO - Processing /home/airflow/.local/lib/python3.8/site-packages/airflow/example_dags/example_params_trigger_ui.py took 0.052 seconds
[2023-10-10T06:40:43.125+0000] {processor.py:157} INFO - Started process (PID=350) to work on /home/airflow/.local/lib/python3.8/site-packages/airflow/example_dags/example_params_trigger_ui.py
[2023-10-10T06:40:43.126+0000] {processor.py:829} INFO - Processing file /home/airflow/.local/lib/python3.8/site-packages/airflow/example_dags/example_params_trigger_ui.py for tasks to queue
[2023-10-10T06:40:43.128+0000] {logging_mixin.py:151} INFO - [2023-10-10T06:40:43.128+0000] {dagbag.py:539} INFO - Filling up the DagBag from /home/airflow/.local/lib/python3.8/site-packages/airflow/example_dags/example_params_trigger_ui.py
[2023-10-10T06:40:43.139+0000] {processor.py:839} INFO - DAG(s) dict_keys(['example_params_trigger_ui']) retrieved from /home/airflow/.local/lib/python3.8/site-packages/airflow/example_dags/example_params_trigger_ui.py
[2023-10-10T06:40:43.165+0000] {logging_mixin.py:151} INFO - [2023-10-10T06:40:43.165+0000] {dag.py:2915} INFO - Sync 1 DAGs
[2023-10-10T06:40:43.172+0000] {logging_mixin.py:151} INFO - [2023-10-10T06:40:43.172+0000] {dag.py:3696} INFO - Setting next_dagrun for example_params_trigger_ui to None, run_after=None
[2023-10-10T06:40:43.182+0000] {processor.py:179} INFO - Processing /home/airflow/.local/lib/python3.8/site-packages/airflow/example_dags/example_params_trigger_ui.py took 0.059 seconds
[2023-10-10T06:41:13.392+0000] {processor.py:157} INFO - Started process (PID=406) to work on /home/airflow/.local/lib/python3.8/site-packages/airflow/example_dags/example_params_trigger_ui.py
[2023-10-10T06:41:13.393+0000] {processor.py:829} INFO - Processing file /home/airflow/.local/lib/python3.8/site-packages/airflow/example_dags/example_params_trigger_ui.py for tasks to queue
[2023-10-10T06:41:13.395+0000] {logging_mixin.py:151} INFO - [2023-10-10T06:41:13.394+0000] {dagbag.py:539} INFO - Filling up the DagBag from /home/airflow/.local/lib/python3.8/site-packages/airflow/example_dags/example_params_trigger_ui.py
[2023-10-10T06:41:13.406+0000] {processor.py:839} INFO - DAG(s) dict_keys(['example_params_trigger_ui']) retrieved from /home/airflow/.local/lib/python3.8/site-packages/airflow/example_dags/example_params_trigger_ui.py
[2023-10-10T06:41:13.432+0000] {logging_mixin.py:151} INFO - [2023-10-10T06:41:13.432+0000] {dag.py:2915} INFO - Sync 1 DAGs
[2023-10-10T06:41:13.440+0000] {logging_mixin.py:151} INFO - [2023-10-10T06:41:13.440+0000] {dag.py:3696} INFO - Setting next_dagrun for example_params_trigger_ui to None, run_after=None
[2023-10-10T06:41:13.452+0000] {processor.py:179} INFO - Processing /home/airflow/.local/lib/python3.8/site-packages/airflow/example_dags/example_params_trigger_ui.py took 0.063 seconds
[2023-10-10T06:41:44.748+0000] {processor.py:157} INFO - Started process (PID=462) to work on /home/airflow/.local/lib/python3.8/site-packages/airflow/example_dags/example_params_trigger_ui.py
[2023-10-10T06:41:44.749+0000] {processor.py:829} INFO - Processing file /home/airflow/.local/lib/python3.8/site-packages/airflow/example_dags/example_params_trigger_ui.py for tasks to queue
[2023-10-10T06:41:44.751+0000] {logging_mixin.py:151} INFO - [2023-10-10T06:41:44.750+0000] {dagbag.py:539} INFO - Filling up the DagBag from /home/airflow/.local/lib/python3.8/site-packages/airflow/example_dags/example_params_trigger_ui.py
[2023-10-10T06:41:44.761+0000] {processor.py:839} INFO - DAG(s) dict_keys(['example_params_trigger_ui']) retrieved from /home/airflow/.local/lib/python3.8/site-packages/airflow/example_dags/example_params_trigger_ui.py
[2023-10-10T06:41:44.783+0000] {logging_mixin.py:151} INFO - [2023-10-10T06:41:44.783+0000] {dag.py:2915} INFO - Sync 1 DAGs
[2023-10-10T06:41:44.789+0000] {logging_mixin.py:151} INFO - [2023-10-10T06:41:44.789+0000] {dag.py:3696} INFO - Setting next_dagrun for example_params_trigger_ui to None, run_after=None
[2023-10-10T06:41:44.798+0000] {processor.py:179} INFO - Processing /home/airflow/.local/lib/python3.8/site-packages/airflow/example_dags/example_params_trigger_ui.py took 0.052 seconds
[2023-10-10T06:42:14.990+0000] {processor.py:157} INFO - Started process (PID=518) to work on /home/airflow/.local/lib/python3.8/site-packages/airflow/example_dags/example_params_trigger_ui.py
[2023-10-10T06:42:14.991+0000] {processor.py:829} INFO - Processing file /home/airflow/.local/lib/python3.8/site-packages/airflow/example_dags/example_params_trigger_ui.py for tasks to queue
[2023-10-10T06:42:14.993+0000] {logging_mixin.py:151} INFO - [2023-10-10T06:42:14.992+0000] {dagbag.py:539} INFO - Filling up the DagBag from /home/airflow/.local/lib/python3.8/site-packages/airflow/example_dags/example_params_trigger_ui.py
[2023-10-10T06:42:15.002+0000] {processor.py:839} INFO - DAG(s) dict_keys(['example_params_trigger_ui']) retrieved from /home/airflow/.local/lib/python3.8/site-packages/airflow/example_dags/example_params_trigger_ui.py
[2023-10-10T06:42:15.026+0000] {logging_mixin.py:151} INFO - [2023-10-10T06:42:15.026+0000] {dag.py:2915} INFO - Sync 1 DAGs
[2023-10-10T06:42:15.033+0000] {logging_mixin.py:151} INFO - [2023-10-10T06:42:15.033+0000] {dag.py:3696} INFO - Setting next_dagrun for example_params_trigger_ui to None, run_after=None
[2023-10-10T06:42:15.044+0000] {processor.py:179} INFO - Processing /home/airflow/.local/lib/python3.8/site-packages/airflow/example_dags/example_params_trigger_ui.py took 0.056 seconds
[2023-10-10T06:42:45.245+0000] {processor.py:157} INFO - Started process (PID=574) to work on /home/airflow/.local/lib/python3.8/site-packages/airflow/example_dags/example_params_trigger_ui.py
[2023-10-10T06:42:45.245+0000] {processor.py:829} INFO - Processing file /home/airflow/.local/lib/python3.8/site-packages/airflow/example_dags/example_params_trigger_ui.py for tasks to queue
[2023-10-10T06:42:45.247+0000] {logging_mixin.py:151} INFO - [2023-10-10T06:42:45.247+0000] {dagbag.py:539} INFO - Filling up the DagBag from /home/airflow/.local/lib/python3.8/site-packages/airflow/example_dags/example_params_trigger_ui.py
[2023-10-10T06:42:45.256+0000] {processor.py:839} INFO - DAG(s) dict_keys(['example_params_trigger_ui']) retrieved from /home/airflow/.local/lib/python3.8/site-packages/airflow/example_dags/example_params_trigger_ui.py
[2023-10-10T06:42:45.281+0000] {logging_mixin.py:151} INFO - [2023-10-10T06:42:45.281+0000] {dag.py:2915} INFO - Sync 1 DAGs
[2023-10-10T06:42:45.288+0000] {logging_mixin.py:151} INFO - [2023-10-10T06:42:45.288+0000] {dag.py:3696} INFO - Setting next_dagrun for example_params_trigger_ui to None, run_after=None
[2023-10-10T06:42:45.300+0000] {processor.py:179} INFO - Processing /home/airflow/.local/lib/python3.8/site-packages/airflow/example_dags/example_params_trigger_ui.py took 0.058 seconds
[2023-10-10T06:43:15.727+0000] {processor.py:157} INFO - Started process (PID=630) to work on /home/airflow/.local/lib/python3.8/site-packages/airflow/example_dags/example_params_trigger_ui.py
[2023-10-10T06:43:15.728+0000] {processor.py:829} INFO - Processing file /home/airflow/.local/lib/python3.8/site-packages/airflow/example_dags/example_params_trigger_ui.py for tasks to queue
[2023-10-10T06:43:15.730+0000] {logging_mixin.py:151} INFO - [2023-10-10T06:43:15.730+0000] {dagbag.py:539} INFO - Filling up the DagBag from /home/airflow/.local/lib/python3.8/site-packages/airflow/example_dags/example_params_trigger_ui.py
[2023-10-10T06:43:15.740+0000] {processor.py:839} INFO - DAG(s) dict_keys(['example_params_trigger_ui']) retrieved from /home/airflow/.local/lib/python3.8/site-packages/airflow/example_dags/example_params_trigger_ui.py
[2023-10-10T06:43:15.764+0000] {logging_mixin.py:151} INFO - [2023-10-10T06:43:15.764+0000] {dag.py:2915} INFO - Sync 1 DAGs
[2023-10-10T06:43:15.771+0000] {logging_mixin.py:151} INFO - [2023-10-10T06:43:15.771+0000] {dag.py:3696} INFO - Setting next_dagrun for example_params_trigger_ui to None, run_after=None
[2023-10-10T06:43:15.779+0000] {processor.py:179} INFO - Processing /home/airflow/.local/lib/python3.8/site-packages/airflow/example_dags/example_params_trigger_ui.py took 0.055 seconds
[2023-10-10T06:46:50.135+0000] {processor.py:157} INFO - Started process (PID=71) to work on /home/airflow/.local/lib/python3.8/site-packages/airflow/example_dags/example_params_trigger_ui.py
[2023-10-10T06:46:50.136+0000] {processor.py:829} INFO - Processing file /home/airflow/.local/lib/python3.8/site-packages/airflow/example_dags/example_params_trigger_ui.py for tasks to queue
[2023-10-10T06:46:50.139+0000] {logging_mixin.py:151} INFO - [2023-10-10T06:46:50.138+0000] {dagbag.py:539} INFO - Filling up the DagBag from /home/airflow/.local/lib/python3.8/site-packages/airflow/example_dags/example_params_trigger_ui.py
[2023-10-10T06:46:50.158+0000] {processor.py:839} INFO - DAG(s) dict_keys(['example_params_trigger_ui']) retrieved from /home/airflow/.local/lib/python3.8/site-packages/airflow/example_dags/example_params_trigger_ui.py
[2023-10-10T06:46:50.170+0000] {logging_mixin.py:151} INFO - [2023-10-10T06:46:50.170+0000] {dag.py:2915} INFO - Sync 1 DAGs
[2023-10-10T06:46:50.183+0000] {logging_mixin.py:151} INFO - [2023-10-10T06:46:50.183+0000] {dag.py:3696} INFO - Setting next_dagrun for example_params_trigger_ui to None, run_after=None
[2023-10-10T06:46:50.196+0000] {processor.py:179} INFO - Processing /home/airflow/.local/lib/python3.8/site-packages/airflow/example_dags/example_params_trigger_ui.py took 0.066 seconds
[2023-10-10T06:47:20.415+0000] {processor.py:157} INFO - Started process (PID=127) to work on /home/airflow/.local/lib/python3.8/site-packages/airflow/example_dags/example_params_trigger_ui.py
[2023-10-10T06:47:20.417+0000] {processor.py:829} INFO - Processing file /home/airflow/.local/lib/python3.8/site-packages/airflow/example_dags/example_params_trigger_ui.py for tasks to queue
[2023-10-10T06:47:20.418+0000] {logging_mixin.py:151} INFO - [2023-10-10T06:47:20.418+0000] {dagbag.py:539} INFO - Filling up the DagBag from /home/airflow/.local/lib/python3.8/site-packages/airflow/example_dags/example_params_trigger_ui.py
[2023-10-10T06:47:20.428+0000] {processor.py:839} INFO - DAG(s) dict_keys(['example_params_trigger_ui']) retrieved from /home/airflow/.local/lib/python3.8/site-packages/airflow/example_dags/example_params_trigger_ui.py
[2023-10-10T06:47:20.453+0000] {logging_mixin.py:151} INFO - [2023-10-10T06:47:20.453+0000] {dag.py:2915} INFO - Sync 1 DAGs
[2023-10-10T06:47:20.460+0000] {logging_mixin.py:151} INFO - [2023-10-10T06:47:20.460+0000] {dag.py:3696} INFO - Setting next_dagrun for example_params_trigger_ui to None, run_after=None
[2023-10-10T06:47:20.469+0000] {processor.py:179} INFO - Processing /home/airflow/.local/lib/python3.8/site-packages/airflow/example_dags/example_params_trigger_ui.py took 0.056 seconds
[2023-10-10T06:47:50.526+0000] {processor.py:157} INFO - Started process (PID=183) to work on /home/airflow/.local/lib/python3.8/site-packages/airflow/example_dags/example_params_trigger_ui.py
[2023-10-10T06:47:50.527+0000] {processor.py:829} INFO - Processing file /home/airflow/.local/lib/python3.8/site-packages/airflow/example_dags/example_params_trigger_ui.py for tasks to queue
[2023-10-10T06:47:50.529+0000] {logging_mixin.py:151} INFO - [2023-10-10T06:47:50.529+0000] {dagbag.py:539} INFO - Filling up the DagBag from /home/airflow/.local/lib/python3.8/site-packages/airflow/example_dags/example_params_trigger_ui.py
[2023-10-10T06:47:50.538+0000] {processor.py:839} INFO - DAG(s) dict_keys(['example_params_trigger_ui']) retrieved from /home/airflow/.local/lib/python3.8/site-packages/airflow/example_dags/example_params_trigger_ui.py
[2023-10-10T06:47:50.563+0000] {logging_mixin.py:151} INFO - [2023-10-10T06:47:50.562+0000] {dag.py:2915} INFO - Sync 1 DAGs
[2023-10-10T06:47:50.570+0000] {logging_mixin.py:151} INFO - [2023-10-10T06:47:50.570+0000] {dag.py:3696} INFO - Setting next_dagrun for example_params_trigger_ui to None, run_after=None
[2023-10-10T06:47:50.581+0000] {processor.py:179} INFO - Processing /home/airflow/.local/lib/python3.8/site-packages/airflow/example_dags/example_params_trigger_ui.py took 0.057 seconds
[2023-10-10T06:48:20.873+0000] {processor.py:157} INFO - Started process (PID=239) to work on /home/airflow/.local/lib/python3.8/site-packages/airflow/example_dags/example_params_trigger_ui.py
[2023-10-10T06:48:20.874+0000] {processor.py:829} INFO - Processing file /home/airflow/.local/lib/python3.8/site-packages/airflow/example_dags/example_params_trigger_ui.py for tasks to queue
[2023-10-10T06:48:20.876+0000] {logging_mixin.py:151} INFO - [2023-10-10T06:48:20.875+0000] {dagbag.py:539} INFO - Filling up the DagBag from /home/airflow/.local/lib/python3.8/site-packages/airflow/example_dags/example_params_trigger_ui.py
[2023-10-10T06:48:20.885+0000] {processor.py:839} INFO - DAG(s) dict_keys(['example_params_trigger_ui']) retrieved from /home/airflow/.local/lib/python3.8/site-packages/airflow/example_dags/example_params_trigger_ui.py
[2023-10-10T06:48:20.908+0000] {logging_mixin.py:151} INFO - [2023-10-10T06:48:20.908+0000] {dag.py:2915} INFO - Sync 1 DAGs
[2023-10-10T06:48:20.914+0000] {logging_mixin.py:151} INFO - [2023-10-10T06:48:20.914+0000] {dag.py:3696} INFO - Setting next_dagrun for example_params_trigger_ui to None, run_after=None
[2023-10-10T06:48:20.923+0000] {processor.py:179} INFO - Processing /home/airflow/.local/lib/python3.8/site-packages/airflow/example_dags/example_params_trigger_ui.py took 0.052 seconds
[2023-10-10T06:48:51.015+0000] {processor.py:157} INFO - Started process (PID=295) to work on /home/airflow/.local/lib/python3.8/site-packages/airflow/example_dags/example_params_trigger_ui.py
[2023-10-10T06:48:51.016+0000] {processor.py:829} INFO - Processing file /home/airflow/.local/lib/python3.8/site-packages/airflow/example_dags/example_params_trigger_ui.py for tasks to queue
[2023-10-10T06:48:51.018+0000] {logging_mixin.py:151} INFO - [2023-10-10T06:48:51.018+0000] {dagbag.py:539} INFO - Filling up the DagBag from /home/airflow/.local/lib/python3.8/site-packages/airflow/example_dags/example_params_trigger_ui.py
[2023-10-10T06:48:51.028+0000] {processor.py:839} INFO - DAG(s) dict_keys(['example_params_trigger_ui']) retrieved from /home/airflow/.local/lib/python3.8/site-packages/airflow/example_dags/example_params_trigger_ui.py
[2023-10-10T06:48:51.055+0000] {logging_mixin.py:151} INFO - [2023-10-10T06:48:51.055+0000] {dag.py:2915} INFO - Sync 1 DAGs
[2023-10-10T06:48:51.062+0000] {logging_mixin.py:151} INFO - [2023-10-10T06:48:51.061+0000] {dag.py:3696} INFO - Setting next_dagrun for example_params_trigger_ui to None, run_after=None
[2023-10-10T06:48:51.072+0000] {processor.py:179} INFO - Processing /home/airflow/.local/lib/python3.8/site-packages/airflow/example_dags/example_params_trigger_ui.py took 0.060 seconds
[2023-10-10T06:49:21.279+0000] {processor.py:157} INFO - Started process (PID=351) to work on /home/airflow/.local/lib/python3.8/site-packages/airflow/example_dags/example_params_trigger_ui.py
[2023-10-10T06:49:21.280+0000] {processor.py:829} INFO - Processing file /home/airflow/.local/lib/python3.8/site-packages/airflow/example_dags/example_params_trigger_ui.py for tasks to queue
[2023-10-10T06:49:21.281+0000] {logging_mixin.py:151} INFO - [2023-10-10T06:49:21.281+0000] {dagbag.py:539} INFO - Filling up the DagBag from /home/airflow/.local/lib/python3.8/site-packages/airflow/example_dags/example_params_trigger_ui.py
[2023-10-10T06:49:21.290+0000] {processor.py:839} INFO - DAG(s) dict_keys(['example_params_trigger_ui']) retrieved from /home/airflow/.local/lib/python3.8/site-packages/airflow/example_dags/example_params_trigger_ui.py
[2023-10-10T06:49:21.314+0000] {logging_mixin.py:151} INFO - [2023-10-10T06:49:21.314+0000] {dag.py:2915} INFO - Sync 1 DAGs
[2023-10-10T06:49:21.323+0000] {logging_mixin.py:151} INFO - [2023-10-10T06:49:21.323+0000] {dag.py:3696} INFO - Setting next_dagrun for example_params_trigger_ui to None, run_after=None
[2023-10-10T06:49:21.334+0000] {processor.py:179} INFO - Processing /home/airflow/.local/lib/python3.8/site-packages/airflow/example_dags/example_params_trigger_ui.py took 0.058 seconds
[2023-10-10T06:49:52.536+0000] {processor.py:157} INFO - Started process (PID=407) to work on /home/airflow/.local/lib/python3.8/site-packages/airflow/example_dags/example_params_trigger_ui.py
[2023-10-10T06:49:52.538+0000] {processor.py:829} INFO - Processing file /home/airflow/.local/lib/python3.8/site-packages/airflow/example_dags/example_params_trigger_ui.py for tasks to queue
[2023-10-10T06:49:52.539+0000] {logging_mixin.py:151} INFO - [2023-10-10T06:49:52.539+0000] {dagbag.py:539} INFO - Filling up the DagBag from /home/airflow/.local/lib/python3.8/site-packages/airflow/example_dags/example_params_trigger_ui.py
[2023-10-10T06:49:52.549+0000] {processor.py:839} INFO - DAG(s) dict_keys(['example_params_trigger_ui']) retrieved from /home/airflow/.local/lib/python3.8/site-packages/airflow/example_dags/example_params_trigger_ui.py
[2023-10-10T06:49:52.573+0000] {logging_mixin.py:151} INFO - [2023-10-10T06:49:52.573+0000] {dag.py:2915} INFO - Sync 1 DAGs
[2023-10-10T06:49:52.582+0000] {logging_mixin.py:151} INFO - [2023-10-10T06:49:52.582+0000] {dag.py:3696} INFO - Setting next_dagrun for example_params_trigger_ui to None, run_after=None
[2023-10-10T06:49:52.595+0000] {processor.py:179} INFO - Processing /home/airflow/.local/lib/python3.8/site-packages/airflow/example_dags/example_params_trigger_ui.py took 0.061 seconds
[2023-10-10T06:50:23.585+0000] {processor.py:157} INFO - Started process (PID=463) to work on /home/airflow/.local/lib/python3.8/site-packages/airflow/example_dags/example_params_trigger_ui.py
[2023-10-10T06:50:23.587+0000] {processor.py:829} INFO - Processing file /home/airflow/.local/lib/python3.8/site-packages/airflow/example_dags/example_params_trigger_ui.py for tasks to queue
[2023-10-10T06:50:23.590+0000] {logging_mixin.py:151} INFO - [2023-10-10T06:50:23.589+0000] {dagbag.py:539} INFO - Filling up the DagBag from /home/airflow/.local/lib/python3.8/site-packages/airflow/example_dags/example_params_trigger_ui.py
[2023-10-10T06:50:23.604+0000] {processor.py:839} INFO - DAG(s) dict_keys(['example_params_trigger_ui']) retrieved from /home/airflow/.local/lib/python3.8/site-packages/airflow/example_dags/example_params_trigger_ui.py
[2023-10-10T06:50:23.630+0000] {logging_mixin.py:151} INFO - [2023-10-10T06:50:23.630+0000] {dag.py:2915} INFO - Sync 1 DAGs
[2023-10-10T06:50:23.637+0000] {logging_mixin.py:151} INFO - [2023-10-10T06:50:23.637+0000] {dag.py:3696} INFO - Setting next_dagrun for example_params_trigger_ui to None, run_after=None
[2023-10-10T06:50:23.647+0000] {processor.py:179} INFO - Processing /home/airflow/.local/lib/python3.8/site-packages/airflow/example_dags/example_params_trigger_ui.py took 0.067 seconds
[2023-10-10T06:50:53.862+0000] {processor.py:157} INFO - Started process (PID=519) to work on /home/airflow/.local/lib/python3.8/site-packages/airflow/example_dags/example_params_trigger_ui.py
[2023-10-10T06:50:53.864+0000] {processor.py:829} INFO - Processing file /home/airflow/.local/lib/python3.8/site-packages/airflow/example_dags/example_params_trigger_ui.py for tasks to queue
[2023-10-10T06:50:53.866+0000] {logging_mixin.py:151} INFO - [2023-10-10T06:50:53.866+0000] {dagbag.py:539} INFO - Filling up the DagBag from /home/airflow/.local/lib/python3.8/site-packages/airflow/example_dags/example_params_trigger_ui.py
[2023-10-10T06:50:53.880+0000] {processor.py:839} INFO - DAG(s) dict_keys(['example_params_trigger_ui']) retrieved from /home/airflow/.local/lib/python3.8/site-packages/airflow/example_dags/example_params_trigger_ui.py
[2023-10-10T06:50:53.912+0000] {logging_mixin.py:151} INFO - [2023-10-10T06:50:53.912+0000] {dag.py:2915} INFO - Sync 1 DAGs
[2023-10-10T06:50:53.919+0000] {logging_mixin.py:151} INFO - [2023-10-10T06:50:53.919+0000] {dag.py:3696} INFO - Setting next_dagrun for example_params_trigger_ui to None, run_after=None
[2023-10-10T06:50:53.940+0000] {processor.py:179} INFO - Processing /home/airflow/.local/lib/python3.8/site-packages/airflow/example_dags/example_params_trigger_ui.py took 0.082 seconds
[2023-10-10T06:51:24.229+0000] {processor.py:157} INFO - Started process (PID=575) to work on /home/airflow/.local/lib/python3.8/site-packages/airflow/example_dags/example_params_trigger_ui.py
[2023-10-10T06:51:24.231+0000] {processor.py:829} INFO - Processing file /home/airflow/.local/lib/python3.8/site-packages/airflow/example_dags/example_params_trigger_ui.py for tasks to queue
[2023-10-10T06:51:24.235+0000] {logging_mixin.py:151} INFO - [2023-10-10T06:51:24.235+0000] {dagbag.py:539} INFO - Filling up the DagBag from /home/airflow/.local/lib/python3.8/site-packages/airflow/example_dags/example_params_trigger_ui.py
[2023-10-10T06:51:24.251+0000] {processor.py:839} INFO - DAG(s) dict_keys(['example_params_trigger_ui']) retrieved from /home/airflow/.local/lib/python3.8/site-packages/airflow/example_dags/example_params_trigger_ui.py
[2023-10-10T06:51:24.276+0000] {logging_mixin.py:151} INFO - [2023-10-10T06:51:24.276+0000] {dag.py:2915} INFO - Sync 1 DAGs
[2023-10-10T06:51:24.283+0000] {logging_mixin.py:151} INFO - [2023-10-10T06:51:24.283+0000] {dag.py:3696} INFO - Setting next_dagrun for example_params_trigger_ui to None, run_after=None
[2023-10-10T06:51:24.293+0000] {processor.py:179} INFO - Processing /home/airflow/.local/lib/python3.8/site-packages/airflow/example_dags/example_params_trigger_ui.py took 0.069 seconds
[2023-10-10T06:51:54.571+0000] {processor.py:157} INFO - Started process (PID=631) to work on /home/airflow/.local/lib/python3.8/site-packages/airflow/example_dags/example_params_trigger_ui.py
[2023-10-10T06:51:54.574+0000] {processor.py:829} INFO - Processing file /home/airflow/.local/lib/python3.8/site-packages/airflow/example_dags/example_params_trigger_ui.py for tasks to queue
[2023-10-10T06:51:54.575+0000] {logging_mixin.py:151} INFO - [2023-10-10T06:51:54.575+0000] {dagbag.py:539} INFO - Filling up the DagBag from /home/airflow/.local/lib/python3.8/site-packages/airflow/example_dags/example_params_trigger_ui.py
[2023-10-10T06:51:54.586+0000] {processor.py:839} INFO - DAG(s) dict_keys(['example_params_trigger_ui']) retrieved from /home/airflow/.local/lib/python3.8/site-packages/airflow/example_dags/example_params_trigger_ui.py
[2023-10-10T06:51:54.614+0000] {logging_mixin.py:151} INFO - [2023-10-10T06:51:54.614+0000] {dag.py:2915} INFO - Sync 1 DAGs
[2023-10-10T06:51:54.622+0000] {logging_mixin.py:151} INFO - [2023-10-10T06:51:54.622+0000] {dag.py:3696} INFO - Setting next_dagrun for example_params_trigger_ui to None, run_after=None
[2023-10-10T06:51:54.635+0000] {processor.py:179} INFO - Processing /home/airflow/.local/lib/python3.8/site-packages/airflow/example_dags/example_params_trigger_ui.py took 0.066 seconds
[2023-10-10T06:52:24.797+0000] {processor.py:157} INFO - Started process (PID=687) to work on /home/airflow/.local/lib/python3.8/site-packages/airflow/example_dags/example_params_trigger_ui.py
[2023-10-10T06:52:24.798+0000] {processor.py:829} INFO - Processing file /home/airflow/.local/lib/python3.8/site-packages/airflow/example_dags/example_params_trigger_ui.py for tasks to queue
[2023-10-10T06:52:24.800+0000] {logging_mixin.py:151} INFO - [2023-10-10T06:52:24.800+0000] {dagbag.py:539} INFO - Filling up the DagBag from /home/airflow/.local/lib/python3.8/site-packages/airflow/example_dags/example_params_trigger_ui.py
[2023-10-10T06:52:24.811+0000] {processor.py:839} INFO - DAG(s) dict_keys(['example_params_trigger_ui']) retrieved from /home/airflow/.local/lib/python3.8/site-packages/airflow/example_dags/example_params_trigger_ui.py
[2023-10-10T06:52:24.835+0000] {logging_mixin.py:151} INFO - [2023-10-10T06:52:24.835+0000] {dag.py:2915} INFO - Sync 1 DAGs
[2023-10-10T06:52:24.841+0000] {logging_mixin.py:151} INFO - [2023-10-10T06:52:24.841+0000] {dag.py:3696} INFO - Setting next_dagrun for example_params_trigger_ui to None, run_after=None
[2023-10-10T06:52:24.851+0000] {processor.py:179} INFO - Processing /home/airflow/.local/lib/python3.8/site-packages/airflow/example_dags/example_params_trigger_ui.py took 0.057 seconds
[2023-10-10T06:52:55.067+0000] {processor.py:157} INFO - Started process (PID=743) to work on /home/airflow/.local/lib/python3.8/site-packages/airflow/example_dags/example_params_trigger_ui.py
[2023-10-10T06:52:55.068+0000] {processor.py:829} INFO - Processing file /home/airflow/.local/lib/python3.8/site-packages/airflow/example_dags/example_params_trigger_ui.py for tasks to queue
[2023-10-10T06:52:55.069+0000] {logging_mixin.py:151} INFO - [2023-10-10T06:52:55.069+0000] {dagbag.py:539} INFO - Filling up the DagBag from /home/airflow/.local/lib/python3.8/site-packages/airflow/example_dags/example_params_trigger_ui.py
[2023-10-10T06:52:55.080+0000] {processor.py:839} INFO - DAG(s) dict_keys(['example_params_trigger_ui']) retrieved from /home/airflow/.local/lib/python3.8/site-packages/airflow/example_dags/example_params_trigger_ui.py
[2023-10-10T06:52:55.106+0000] {logging_mixin.py:151} INFO - [2023-10-10T06:52:55.106+0000] {dag.py:2915} INFO - Sync 1 DAGs
[2023-10-10T06:52:55.113+0000] {logging_mixin.py:151} INFO - [2023-10-10T06:52:55.113+0000] {dag.py:3696} INFO - Setting next_dagrun for example_params_trigger_ui to None, run_after=None
[2023-10-10T06:52:55.129+0000] {processor.py:179} INFO - Processing /home/airflow/.local/lib/python3.8/site-packages/airflow/example_dags/example_params_trigger_ui.py took 0.064 seconds
[2023-10-10T06:53:25.297+0000] {processor.py:157} INFO - Started process (PID=799) to work on /home/airflow/.local/lib/python3.8/site-packages/airflow/example_dags/example_params_trigger_ui.py
[2023-10-10T06:53:25.299+0000] {processor.py:829} INFO - Processing file /home/airflow/.local/lib/python3.8/site-packages/airflow/example_dags/example_params_trigger_ui.py for tasks to queue
[2023-10-10T06:53:25.301+0000] {logging_mixin.py:151} INFO - [2023-10-10T06:53:25.301+0000] {dagbag.py:539} INFO - Filling up the DagBag from /home/airflow/.local/lib/python3.8/site-packages/airflow/example_dags/example_params_trigger_ui.py
[2023-10-10T06:53:25.314+0000] {processor.py:839} INFO - DAG(s) dict_keys(['example_params_trigger_ui']) retrieved from /home/airflow/.local/lib/python3.8/site-packages/airflow/example_dags/example_params_trigger_ui.py
[2023-10-10T06:53:25.342+0000] {logging_mixin.py:151} INFO - [2023-10-10T06:53:25.342+0000] {dag.py:2915} INFO - Sync 1 DAGs
[2023-10-10T06:53:25.349+0000] {logging_mixin.py:151} INFO - [2023-10-10T06:53:25.349+0000] {dag.py:3696} INFO - Setting next_dagrun for example_params_trigger_ui to None, run_after=None
[2023-10-10T06:53:25.359+0000] {processor.py:179} INFO - Processing /home/airflow/.local/lib/python3.8/site-packages/airflow/example_dags/example_params_trigger_ui.py took 0.066 seconds
[2023-10-10T06:53:55.575+0000] {processor.py:157} INFO - Started process (PID=855) to work on /home/airflow/.local/lib/python3.8/site-packages/airflow/example_dags/example_params_trigger_ui.py
[2023-10-10T06:53:55.577+0000] {processor.py:829} INFO - Processing file /home/airflow/.local/lib/python3.8/site-packages/airflow/example_dags/example_params_trigger_ui.py for tasks to queue
[2023-10-10T06:53:55.578+0000] {logging_mixin.py:151} INFO - [2023-10-10T06:53:55.578+0000] {dagbag.py:539} INFO - Filling up the DagBag from /home/airflow/.local/lib/python3.8/site-packages/airflow/example_dags/example_params_trigger_ui.py
[2023-10-10T06:53:55.592+0000] {processor.py:839} INFO - DAG(s) dict_keys(['example_params_trigger_ui']) retrieved from /home/airflow/.local/lib/python3.8/site-packages/airflow/example_dags/example_params_trigger_ui.py
[2023-10-10T06:53:55.619+0000] {logging_mixin.py:151} INFO - [2023-10-10T06:53:55.619+0000] {dag.py:2915} INFO - Sync 1 DAGs
[2023-10-10T06:53:55.626+0000] {logging_mixin.py:151} INFO - [2023-10-10T06:53:55.626+0000] {dag.py:3696} INFO - Setting next_dagrun for example_params_trigger_ui to None, run_after=None
[2023-10-10T06:53:55.637+0000] {processor.py:179} INFO - Processing /home/airflow/.local/lib/python3.8/site-packages/airflow/example_dags/example_params_trigger_ui.py took 0.064 seconds
[2023-10-10T06:54:25.716+0000] {processor.py:157} INFO - Started process (PID=911) to work on /home/airflow/.local/lib/python3.8/site-packages/airflow/example_dags/example_params_trigger_ui.py
[2023-10-10T06:54:25.717+0000] {processor.py:829} INFO - Processing file /home/airflow/.local/lib/python3.8/site-packages/airflow/example_dags/example_params_trigger_ui.py for tasks to queue
[2023-10-10T06:54:25.718+0000] {logging_mixin.py:151} INFO - [2023-10-10T06:54:25.718+0000] {dagbag.py:539} INFO - Filling up the DagBag from /home/airflow/.local/lib/python3.8/site-packages/airflow/example_dags/example_params_trigger_ui.py
[2023-10-10T06:54:25.728+0000] {processor.py:839} INFO - DAG(s) dict_keys(['example_params_trigger_ui']) retrieved from /home/airflow/.local/lib/python3.8/site-packages/airflow/example_dags/example_params_trigger_ui.py
[2023-10-10T06:54:25.758+0000] {logging_mixin.py:151} INFO - [2023-10-10T06:54:25.758+0000] {dag.py:2915} INFO - Sync 1 DAGs
[2023-10-10T06:54:25.765+0000] {logging_mixin.py:151} INFO - [2023-10-10T06:54:25.765+0000] {dag.py:3696} INFO - Setting next_dagrun for example_params_trigger_ui to None, run_after=None
[2023-10-10T06:54:25.775+0000] {processor.py:179} INFO - Processing /home/airflow/.local/lib/python3.8/site-packages/airflow/example_dags/example_params_trigger_ui.py took 0.062 seconds
[2023-10-10T06:54:56.849+0000] {processor.py:157} INFO - Started process (PID=967) to work on /home/airflow/.local/lib/python3.8/site-packages/airflow/example_dags/example_params_trigger_ui.py
[2023-10-10T06:54:56.849+0000] {processor.py:829} INFO - Processing file /home/airflow/.local/lib/python3.8/site-packages/airflow/example_dags/example_params_trigger_ui.py for tasks to queue
[2023-10-10T06:54:56.851+0000] {logging_mixin.py:151} INFO - [2023-10-10T06:54:56.851+0000] {dagbag.py:539} INFO - Filling up the DagBag from /home/airflow/.local/lib/python3.8/site-packages/airflow/example_dags/example_params_trigger_ui.py
[2023-10-10T06:54:56.861+0000] {processor.py:839} INFO - DAG(s) dict_keys(['example_params_trigger_ui']) retrieved from /home/airflow/.local/lib/python3.8/site-packages/airflow/example_dags/example_params_trigger_ui.py
[2023-10-10T06:54:56.887+0000] {logging_mixin.py:151} INFO - [2023-10-10T06:54:56.887+0000] {dag.py:2915} INFO - Sync 1 DAGs
[2023-10-10T06:54:56.894+0000] {logging_mixin.py:151} INFO - [2023-10-10T06:54:56.894+0000] {dag.py:3696} INFO - Setting next_dagrun for example_params_trigger_ui to None, run_after=None
[2023-10-10T06:54:56.903+0000] {processor.py:179} INFO - Processing /home/airflow/.local/lib/python3.8/site-packages/airflow/example_dags/example_params_trigger_ui.py took 0.057 seconds
[2023-10-10T06:55:27.147+0000] {processor.py:157} INFO - Started process (PID=1023) to work on /home/airflow/.local/lib/python3.8/site-packages/airflow/example_dags/example_params_trigger_ui.py
[2023-10-10T06:55:27.148+0000] {processor.py:829} INFO - Processing file /home/airflow/.local/lib/python3.8/site-packages/airflow/example_dags/example_params_trigger_ui.py for tasks to queue
[2023-10-10T06:55:27.150+0000] {logging_mixin.py:151} INFO - [2023-10-10T06:55:27.150+0000] {dagbag.py:539} INFO - Filling up the DagBag from /home/airflow/.local/lib/python3.8/site-packages/airflow/example_dags/example_params_trigger_ui.py
[2023-10-10T06:55:27.162+0000] {processor.py:839} INFO - DAG(s) dict_keys(['example_params_trigger_ui']) retrieved from /home/airflow/.local/lib/python3.8/site-packages/airflow/example_dags/example_params_trigger_ui.py
[2023-10-10T06:55:27.187+0000] {logging_mixin.py:151} INFO - [2023-10-10T06:55:27.186+0000] {dag.py:2915} INFO - Sync 1 DAGs
[2023-10-10T06:55:27.195+0000] {logging_mixin.py:151} INFO - [2023-10-10T06:55:27.195+0000] {dag.py:3696} INFO - Setting next_dagrun for example_params_trigger_ui to None, run_after=None
[2023-10-10T06:55:27.205+0000] {processor.py:179} INFO - Processing /home/airflow/.local/lib/python3.8/site-packages/airflow/example_dags/example_params_trigger_ui.py took 0.061 seconds
[2023-10-10T06:55:57.317+0000] {processor.py:157} INFO - Started process (PID=1079) to work on /home/airflow/.local/lib/python3.8/site-packages/airflow/example_dags/example_params_trigger_ui.py
[2023-10-10T06:55:57.318+0000] {processor.py:829} INFO - Processing file /home/airflow/.local/lib/python3.8/site-packages/airflow/example_dags/example_params_trigger_ui.py for tasks to queue
[2023-10-10T06:55:57.320+0000] {logging_mixin.py:151} INFO - [2023-10-10T06:55:57.320+0000] {dagbag.py:539} INFO - Filling up the DagBag from /home/airflow/.local/lib/python3.8/site-packages/airflow/example_dags/example_params_trigger_ui.py
[2023-10-10T06:55:57.330+0000] {processor.py:839} INFO - DAG(s) dict_keys(['example_params_trigger_ui']) retrieved from /home/airflow/.local/lib/python3.8/site-packages/airflow/example_dags/example_params_trigger_ui.py
[2023-10-10T06:55:57.355+0000] {logging_mixin.py:151} INFO - [2023-10-10T06:55:57.355+0000] {dag.py:2915} INFO - Sync 1 DAGs
[2023-10-10T06:55:57.363+0000] {logging_mixin.py:151} INFO - [2023-10-10T06:55:57.362+0000] {dag.py:3696} INFO - Setting next_dagrun for example_params_trigger_ui to None, run_after=None
[2023-10-10T06:55:57.372+0000] {processor.py:179} INFO - Processing /home/airflow/.local/lib/python3.8/site-packages/airflow/example_dags/example_params_trigger_ui.py took 0.058 seconds
[2023-10-10T06:56:27.734+0000] {processor.py:157} INFO - Started process (PID=1135) to work on /home/airflow/.local/lib/python3.8/site-packages/airflow/example_dags/example_params_trigger_ui.py
[2023-10-10T06:56:27.736+0000] {processor.py:829} INFO - Processing file /home/airflow/.local/lib/python3.8/site-packages/airflow/example_dags/example_params_trigger_ui.py for tasks to queue
[2023-10-10T06:56:27.738+0000] {logging_mixin.py:151} INFO - [2023-10-10T06:56:27.737+0000] {dagbag.py:539} INFO - Filling up the DagBag from /home/airflow/.local/lib/python3.8/site-packages/airflow/example_dags/example_params_trigger_ui.py
[2023-10-10T06:56:27.747+0000] {processor.py:839} INFO - DAG(s) dict_keys(['example_params_trigger_ui']) retrieved from /home/airflow/.local/lib/python3.8/site-packages/airflow/example_dags/example_params_trigger_ui.py
[2023-10-10T06:56:27.771+0000] {logging_mixin.py:151} INFO - [2023-10-10T06:56:27.771+0000] {dag.py:2915} INFO - Sync 1 DAGs
[2023-10-10T06:56:27.778+0000] {logging_mixin.py:151} INFO - [2023-10-10T06:56:27.778+0000] {dag.py:3696} INFO - Setting next_dagrun for example_params_trigger_ui to None, run_after=None
[2023-10-10T06:56:27.788+0000] {processor.py:179} INFO - Processing /home/airflow/.local/lib/python3.8/site-packages/airflow/example_dags/example_params_trigger_ui.py took 0.056 seconds
[2023-10-10T17:17:52.752+0000] {processor.py:157} INFO - Started process (PID=71) to work on /home/airflow/.local/lib/python3.8/site-packages/airflow/example_dags/example_params_trigger_ui.py
[2023-10-10T17:17:52.753+0000] {processor.py:829} INFO - Processing file /home/airflow/.local/lib/python3.8/site-packages/airflow/example_dags/example_params_trigger_ui.py for tasks to queue
[2023-10-10T17:17:52.755+0000] {logging_mixin.py:151} INFO - [2023-10-10T17:17:52.755+0000] {dagbag.py:539} INFO - Filling up the DagBag from /home/airflow/.local/lib/python3.8/site-packages/airflow/example_dags/example_params_trigger_ui.py
[2023-10-10T17:17:52.772+0000] {processor.py:839} INFO - DAG(s) dict_keys(['example_params_trigger_ui']) retrieved from /home/airflow/.local/lib/python3.8/site-packages/airflow/example_dags/example_params_trigger_ui.py
[2023-10-10T17:17:52.783+0000] {logging_mixin.py:151} INFO - [2023-10-10T17:17:52.783+0000] {dag.py:2915} INFO - Sync 1 DAGs
[2023-10-10T17:17:52.793+0000] {logging_mixin.py:151} INFO - [2023-10-10T17:17:52.793+0000] {dag.py:3696} INFO - Setting next_dagrun for example_params_trigger_ui to None, run_after=None
[2023-10-10T17:17:52.809+0000] {processor.py:179} INFO - Processing /home/airflow/.local/lib/python3.8/site-packages/airflow/example_dags/example_params_trigger_ui.py took 0.061 seconds
[2023-10-10T17:18:23.490+0000] {processor.py:157} INFO - Started process (PID=127) to work on /home/airflow/.local/lib/python3.8/site-packages/airflow/example_dags/example_params_trigger_ui.py
[2023-10-10T17:18:23.491+0000] {processor.py:829} INFO - Processing file /home/airflow/.local/lib/python3.8/site-packages/airflow/example_dags/example_params_trigger_ui.py for tasks to queue
[2023-10-10T17:18:23.493+0000] {logging_mixin.py:151} INFO - [2023-10-10T17:18:23.493+0000] {dagbag.py:539} INFO - Filling up the DagBag from /home/airflow/.local/lib/python3.8/site-packages/airflow/example_dags/example_params_trigger_ui.py
[2023-10-10T17:18:23.502+0000] {processor.py:839} INFO - DAG(s) dict_keys(['example_params_trigger_ui']) retrieved from /home/airflow/.local/lib/python3.8/site-packages/airflow/example_dags/example_params_trigger_ui.py
[2023-10-10T17:18:23.527+0000] {logging_mixin.py:151} INFO - [2023-10-10T17:18:23.527+0000] {dag.py:2915} INFO - Sync 1 DAGs
[2023-10-10T17:18:23.533+0000] {logging_mixin.py:151} INFO - [2023-10-10T17:18:23.533+0000] {dag.py:3696} INFO - Setting next_dagrun for example_params_trigger_ui to None, run_after=None
[2023-10-10T17:18:23.543+0000] {processor.py:179} INFO - Processing /home/airflow/.local/lib/python3.8/site-packages/airflow/example_dags/example_params_trigger_ui.py took 0.054 seconds
[2023-10-10T17:18:54.420+0000] {processor.py:157} INFO - Started process (PID=183) to work on /home/airflow/.local/lib/python3.8/site-packages/airflow/example_dags/example_params_trigger_ui.py
[2023-10-10T17:18:54.421+0000] {processor.py:829} INFO - Processing file /home/airflow/.local/lib/python3.8/site-packages/airflow/example_dags/example_params_trigger_ui.py for tasks to queue
[2023-10-10T17:18:54.423+0000] {logging_mixin.py:151} INFO - [2023-10-10T17:18:54.422+0000] {dagbag.py:539} INFO - Filling up the DagBag from /home/airflow/.local/lib/python3.8/site-packages/airflow/example_dags/example_params_trigger_ui.py
[2023-10-10T17:18:54.432+0000] {processor.py:839} INFO - DAG(s) dict_keys(['example_params_trigger_ui']) retrieved from /home/airflow/.local/lib/python3.8/site-packages/airflow/example_dags/example_params_trigger_ui.py
[2023-10-10T17:18:54.455+0000] {logging_mixin.py:151} INFO - [2023-10-10T17:18:54.455+0000] {dag.py:2915} INFO - Sync 1 DAGs
[2023-10-10T17:18:54.462+0000] {logging_mixin.py:151} INFO - [2023-10-10T17:18:54.462+0000] {dag.py:3696} INFO - Setting next_dagrun for example_params_trigger_ui to None, run_after=None
[2023-10-10T17:18:54.471+0000] {processor.py:179} INFO - Processing /home/airflow/.local/lib/python3.8/site-packages/airflow/example_dags/example_params_trigger_ui.py took 0.053 seconds
[2023-10-10T17:19:24.787+0000] {processor.py:157} INFO - Started process (PID=239) to work on /home/airflow/.local/lib/python3.8/site-packages/airflow/example_dags/example_params_trigger_ui.py
[2023-10-10T17:19:24.788+0000] {processor.py:829} INFO - Processing file /home/airflow/.local/lib/python3.8/site-packages/airflow/example_dags/example_params_trigger_ui.py for tasks to queue
[2023-10-10T17:19:24.790+0000] {logging_mixin.py:151} INFO - [2023-10-10T17:19:24.790+0000] {dagbag.py:539} INFO - Filling up the DagBag from /home/airflow/.local/lib/python3.8/site-packages/airflow/example_dags/example_params_trigger_ui.py
[2023-10-10T17:19:24.799+0000] {processor.py:839} INFO - DAG(s) dict_keys(['example_params_trigger_ui']) retrieved from /home/airflow/.local/lib/python3.8/site-packages/airflow/example_dags/example_params_trigger_ui.py
[2023-10-10T17:19:24.822+0000] {logging_mixin.py:151} INFO - [2023-10-10T17:19:24.822+0000] {dag.py:2915} INFO - Sync 1 DAGs
[2023-10-10T17:19:24.828+0000] {logging_mixin.py:151} INFO - [2023-10-10T17:19:24.828+0000] {dag.py:3696} INFO - Setting next_dagrun for example_params_trigger_ui to None, run_after=None
[2023-10-10T17:19:24.836+0000] {processor.py:179} INFO - Processing /home/airflow/.local/lib/python3.8/site-packages/airflow/example_dags/example_params_trigger_ui.py took 0.051 seconds
[2023-10-10T17:19:54.855+0000] {processor.py:157} INFO - Started process (PID=295) to work on /home/airflow/.local/lib/python3.8/site-packages/airflow/example_dags/example_params_trigger_ui.py
[2023-10-10T17:19:54.856+0000] {processor.py:829} INFO - Processing file /home/airflow/.local/lib/python3.8/site-packages/airflow/example_dags/example_params_trigger_ui.py for tasks to queue
[2023-10-10T17:19:54.857+0000] {logging_mixin.py:151} INFO - [2023-10-10T17:19:54.857+0000] {dagbag.py:539} INFO - Filling up the DagBag from /home/airflow/.local/lib/python3.8/site-packages/airflow/example_dags/example_params_trigger_ui.py
[2023-10-10T17:19:54.867+0000] {processor.py:839} INFO - DAG(s) dict_keys(['example_params_trigger_ui']) retrieved from /home/airflow/.local/lib/python3.8/site-packages/airflow/example_dags/example_params_trigger_ui.py
[2023-10-10T17:19:54.891+0000] {logging_mixin.py:151} INFO - [2023-10-10T17:19:54.891+0000] {dag.py:2915} INFO - Sync 1 DAGs
[2023-10-10T17:19:54.898+0000] {logging_mixin.py:151} INFO - [2023-10-10T17:19:54.898+0000] {dag.py:3696} INFO - Setting next_dagrun for example_params_trigger_ui to None, run_after=None
[2023-10-10T17:19:54.907+0000] {processor.py:179} INFO - Processing /home/airflow/.local/lib/python3.8/site-packages/airflow/example_dags/example_params_trigger_ui.py took 0.054 seconds
[2023-10-10T17:20:25.855+0000] {processor.py:157} INFO - Started process (PID=351) to work on /home/airflow/.local/lib/python3.8/site-packages/airflow/example_dags/example_params_trigger_ui.py
[2023-10-10T17:20:25.855+0000] {processor.py:829} INFO - Processing file /home/airflow/.local/lib/python3.8/site-packages/airflow/example_dags/example_params_trigger_ui.py for tasks to queue
[2023-10-10T17:20:25.857+0000] {logging_mixin.py:151} INFO - [2023-10-10T17:20:25.857+0000] {dagbag.py:539} INFO - Filling up the DagBag from /home/airflow/.local/lib/python3.8/site-packages/airflow/example_dags/example_params_trigger_ui.py
[2023-10-10T17:20:25.866+0000] {processor.py:839} INFO - DAG(s) dict_keys(['example_params_trigger_ui']) retrieved from /home/airflow/.local/lib/python3.8/site-packages/airflow/example_dags/example_params_trigger_ui.py
[2023-10-10T17:20:25.891+0000] {logging_mixin.py:151} INFO - [2023-10-10T17:20:25.891+0000] {dag.py:2915} INFO - Sync 1 DAGs
[2023-10-10T17:20:25.898+0000] {logging_mixin.py:151} INFO - [2023-10-10T17:20:25.897+0000] {dag.py:3696} INFO - Setting next_dagrun for example_params_trigger_ui to None, run_after=None
[2023-10-10T17:20:25.907+0000] {processor.py:179} INFO - Processing /home/airflow/.local/lib/python3.8/site-packages/airflow/example_dags/example_params_trigger_ui.py took 0.054 seconds
[2023-10-10T17:20:56.072+0000] {processor.py:157} INFO - Started process (PID=407) to work on /home/airflow/.local/lib/python3.8/site-packages/airflow/example_dags/example_params_trigger_ui.py
[2023-10-10T17:20:56.073+0000] {processor.py:829} INFO - Processing file /home/airflow/.local/lib/python3.8/site-packages/airflow/example_dags/example_params_trigger_ui.py for tasks to queue
[2023-10-10T17:20:56.074+0000] {logging_mixin.py:151} INFO - [2023-10-10T17:20:56.074+0000] {dagbag.py:539} INFO - Filling up the DagBag from /home/airflow/.local/lib/python3.8/site-packages/airflow/example_dags/example_params_trigger_ui.py
[2023-10-10T17:20:56.084+0000] {processor.py:839} INFO - DAG(s) dict_keys(['example_params_trigger_ui']) retrieved from /home/airflow/.local/lib/python3.8/site-packages/airflow/example_dags/example_params_trigger_ui.py
[2023-10-10T17:20:56.108+0000] {logging_mixin.py:151} INFO - [2023-10-10T17:20:56.108+0000] {dag.py:2915} INFO - Sync 1 DAGs
[2023-10-10T17:20:56.115+0000] {logging_mixin.py:151} INFO - [2023-10-10T17:20:56.115+0000] {dag.py:3696} INFO - Setting next_dagrun for example_params_trigger_ui to None, run_after=None
[2023-10-10T17:20:56.126+0000] {processor.py:179} INFO - Processing /home/airflow/.local/lib/python3.8/site-packages/airflow/example_dags/example_params_trigger_ui.py took 0.056 seconds
[2023-10-10T17:21:26.241+0000] {processor.py:157} INFO - Started process (PID=463) to work on /home/airflow/.local/lib/python3.8/site-packages/airflow/example_dags/example_params_trigger_ui.py
[2023-10-10T17:21:26.242+0000] {processor.py:829} INFO - Processing file /home/airflow/.local/lib/python3.8/site-packages/airflow/example_dags/example_params_trigger_ui.py for tasks to queue
[2023-10-10T17:21:26.244+0000] {logging_mixin.py:151} INFO - [2023-10-10T17:21:26.244+0000] {dagbag.py:539} INFO - Filling up the DagBag from /home/airflow/.local/lib/python3.8/site-packages/airflow/example_dags/example_params_trigger_ui.py
[2023-10-10T17:21:26.252+0000] {processor.py:839} INFO - DAG(s) dict_keys(['example_params_trigger_ui']) retrieved from /home/airflow/.local/lib/python3.8/site-packages/airflow/example_dags/example_params_trigger_ui.py
[2023-10-10T17:21:26.277+0000] {logging_mixin.py:151} INFO - [2023-10-10T17:21:26.277+0000] {dag.py:2915} INFO - Sync 1 DAGs
[2023-10-10T17:21:26.284+0000] {logging_mixin.py:151} INFO - [2023-10-10T17:21:26.283+0000] {dag.py:3696} INFO - Setting next_dagrun for example_params_trigger_ui to None, run_after=None
[2023-10-10T17:21:26.293+0000] {processor.py:179} INFO - Processing /home/airflow/.local/lib/python3.8/site-packages/airflow/example_dags/example_params_trigger_ui.py took 0.054 seconds
[2023-10-10T17:21:56.510+0000] {processor.py:157} INFO - Started process (PID=519) to work on /home/airflow/.local/lib/python3.8/site-packages/airflow/example_dags/example_params_trigger_ui.py
[2023-10-10T17:21:56.510+0000] {processor.py:829} INFO - Processing file /home/airflow/.local/lib/python3.8/site-packages/airflow/example_dags/example_params_trigger_ui.py for tasks to queue
[2023-10-10T17:21:56.512+0000] {logging_mixin.py:151} INFO - [2023-10-10T17:21:56.512+0000] {dagbag.py:539} INFO - Filling up the DagBag from /home/airflow/.local/lib/python3.8/site-packages/airflow/example_dags/example_params_trigger_ui.py
[2023-10-10T17:21:56.522+0000] {processor.py:839} INFO - DAG(s) dict_keys(['example_params_trigger_ui']) retrieved from /home/airflow/.local/lib/python3.8/site-packages/airflow/example_dags/example_params_trigger_ui.py
[2023-10-10T17:21:56.546+0000] {logging_mixin.py:151} INFO - [2023-10-10T17:21:56.546+0000] {dag.py:2915} INFO - Sync 1 DAGs
[2023-10-10T17:21:56.552+0000] {logging_mixin.py:151} INFO - [2023-10-10T17:21:56.552+0000] {dag.py:3696} INFO - Setting next_dagrun for example_params_trigger_ui to None, run_after=None
[2023-10-10T17:21:56.561+0000] {processor.py:179} INFO - Processing /home/airflow/.local/lib/python3.8/site-packages/airflow/example_dags/example_params_trigger_ui.py took 0.054 seconds
[2023-10-10T17:22:27.542+0000] {processor.py:157} INFO - Started process (PID=575) to work on /home/airflow/.local/lib/python3.8/site-packages/airflow/example_dags/example_params_trigger_ui.py
[2023-10-10T17:22:27.543+0000] {processor.py:829} INFO - Processing file /home/airflow/.local/lib/python3.8/site-packages/airflow/example_dags/example_params_trigger_ui.py for tasks to queue
[2023-10-10T17:22:27.545+0000] {logging_mixin.py:151} INFO - [2023-10-10T17:22:27.544+0000] {dagbag.py:539} INFO - Filling up the DagBag from /home/airflow/.local/lib/python3.8/site-packages/airflow/example_dags/example_params_trigger_ui.py
[2023-10-10T17:22:27.555+0000] {processor.py:839} INFO - DAG(s) dict_keys(['example_params_trigger_ui']) retrieved from /home/airflow/.local/lib/python3.8/site-packages/airflow/example_dags/example_params_trigger_ui.py
[2023-10-10T17:22:27.580+0000] {logging_mixin.py:151} INFO - [2023-10-10T17:22:27.580+0000] {dag.py:2915} INFO - Sync 1 DAGs
[2023-10-10T17:22:27.587+0000] {logging_mixin.py:151} INFO - [2023-10-10T17:22:27.587+0000] {dag.py:3696} INFO - Setting next_dagrun for example_params_trigger_ui to None, run_after=None
[2023-10-10T17:22:27.596+0000] {processor.py:179} INFO - Processing /home/airflow/.local/lib/python3.8/site-packages/airflow/example_dags/example_params_trigger_ui.py took 0.057 seconds
[2023-10-10T17:22:57.801+0000] {processor.py:157} INFO - Started process (PID=631) to work on /home/airflow/.local/lib/python3.8/site-packages/airflow/example_dags/example_params_trigger_ui.py
[2023-10-10T17:22:57.802+0000] {processor.py:829} INFO - Processing file /home/airflow/.local/lib/python3.8/site-packages/airflow/example_dags/example_params_trigger_ui.py for tasks to queue
[2023-10-10T17:22:57.804+0000] {logging_mixin.py:151} INFO - [2023-10-10T17:22:57.804+0000] {dagbag.py:539} INFO - Filling up the DagBag from /home/airflow/.local/lib/python3.8/site-packages/airflow/example_dags/example_params_trigger_ui.py
[2023-10-10T17:22:57.813+0000] {processor.py:839} INFO - DAG(s) dict_keys(['example_params_trigger_ui']) retrieved from /home/airflow/.local/lib/python3.8/site-packages/airflow/example_dags/example_params_trigger_ui.py
[2023-10-10T17:22:57.836+0000] {logging_mixin.py:151} INFO - [2023-10-10T17:22:57.836+0000] {dag.py:2915} INFO - Sync 1 DAGs
[2023-10-10T17:22:57.842+0000] {logging_mixin.py:151} INFO - [2023-10-10T17:22:57.842+0000] {dag.py:3696} INFO - Setting next_dagrun for example_params_trigger_ui to None, run_after=None
[2023-10-10T17:22:57.851+0000] {processor.py:179} INFO - Processing /home/airflow/.local/lib/python3.8/site-packages/airflow/example_dags/example_params_trigger_ui.py took 0.051 seconds
[2023-10-10T17:23:28.704+0000] {processor.py:157} INFO - Started process (PID=687) to work on /home/airflow/.local/lib/python3.8/site-packages/airflow/example_dags/example_params_trigger_ui.py
[2023-10-10T17:23:28.705+0000] {processor.py:829} INFO - Processing file /home/airflow/.local/lib/python3.8/site-packages/airflow/example_dags/example_params_trigger_ui.py for tasks to queue
[2023-10-10T17:23:28.707+0000] {logging_mixin.py:151} INFO - [2023-10-10T17:23:28.707+0000] {dagbag.py:539} INFO - Filling up the DagBag from /home/airflow/.local/lib/python3.8/site-packages/airflow/example_dags/example_params_trigger_ui.py
[2023-10-10T17:23:28.716+0000] {processor.py:839} INFO - DAG(s) dict_keys(['example_params_trigger_ui']) retrieved from /home/airflow/.local/lib/python3.8/site-packages/airflow/example_dags/example_params_trigger_ui.py
[2023-10-10T17:23:28.741+0000] {logging_mixin.py:151} INFO - [2023-10-10T17:23:28.740+0000] {dag.py:2915} INFO - Sync 1 DAGs
[2023-10-10T17:23:28.747+0000] {logging_mixin.py:151} INFO - [2023-10-10T17:23:28.747+0000] {dag.py:3696} INFO - Setting next_dagrun for example_params_trigger_ui to None, run_after=None
[2023-10-10T17:23:28.759+0000] {processor.py:179} INFO - Processing /home/airflow/.local/lib/python3.8/site-packages/airflow/example_dags/example_params_trigger_ui.py took 0.057 seconds
[2023-10-10T17:23:59.106+0000] {processor.py:157} INFO - Started process (PID=743) to work on /home/airflow/.local/lib/python3.8/site-packages/airflow/example_dags/example_params_trigger_ui.py
[2023-10-10T17:23:59.107+0000] {processor.py:829} INFO - Processing file /home/airflow/.local/lib/python3.8/site-packages/airflow/example_dags/example_params_trigger_ui.py for tasks to queue
[2023-10-10T17:23:59.109+0000] {logging_mixin.py:151} INFO - [2023-10-10T17:23:59.109+0000] {dagbag.py:539} INFO - Filling up the DagBag from /home/airflow/.local/lib/python3.8/site-packages/airflow/example_dags/example_params_trigger_ui.py
[2023-10-10T17:23:59.118+0000] {processor.py:839} INFO - DAG(s) dict_keys(['example_params_trigger_ui']) retrieved from /home/airflow/.local/lib/python3.8/site-packages/airflow/example_dags/example_params_trigger_ui.py
[2023-10-10T17:23:59.142+0000] {logging_mixin.py:151} INFO - [2023-10-10T17:23:59.142+0000] {dag.py:2915} INFO - Sync 1 DAGs
[2023-10-10T17:23:59.149+0000] {logging_mixin.py:151} INFO - [2023-10-10T17:23:59.149+0000] {dag.py:3696} INFO - Setting next_dagrun for example_params_trigger_ui to None, run_after=None
[2023-10-10T17:23:59.159+0000] {processor.py:179} INFO - Processing /home/airflow/.local/lib/python3.8/site-packages/airflow/example_dags/example_params_trigger_ui.py took 0.055 seconds
[2023-10-10T17:24:30.187+0000] {processor.py:157} INFO - Started process (PID=799) to work on /home/airflow/.local/lib/python3.8/site-packages/airflow/example_dags/example_params_trigger_ui.py
[2023-10-10T17:24:30.188+0000] {processor.py:829} INFO - Processing file /home/airflow/.local/lib/python3.8/site-packages/airflow/example_dags/example_params_trigger_ui.py for tasks to queue
[2023-10-10T17:24:30.190+0000] {logging_mixin.py:151} INFO - [2023-10-10T17:24:30.190+0000] {dagbag.py:539} INFO - Filling up the DagBag from /home/airflow/.local/lib/python3.8/site-packages/airflow/example_dags/example_params_trigger_ui.py
[2023-10-10T17:24:30.199+0000] {processor.py:839} INFO - DAG(s) dict_keys(['example_params_trigger_ui']) retrieved from /home/airflow/.local/lib/python3.8/site-packages/airflow/example_dags/example_params_trigger_ui.py
[2023-10-10T17:24:30.222+0000] {logging_mixin.py:151} INFO - [2023-10-10T17:24:30.222+0000] {dag.py:2915} INFO - Sync 1 DAGs
[2023-10-10T17:24:30.228+0000] {logging_mixin.py:151} INFO - [2023-10-10T17:24:30.228+0000] {dag.py:3696} INFO - Setting next_dagrun for example_params_trigger_ui to None, run_after=None
[2023-10-10T17:24:30.238+0000] {processor.py:179} INFO - Processing /home/airflow/.local/lib/python3.8/site-packages/airflow/example_dags/example_params_trigger_ui.py took 0.053 seconds
[2023-10-10T17:25:00.379+0000] {processor.py:157} INFO - Started process (PID=855) to work on /home/airflow/.local/lib/python3.8/site-packages/airflow/example_dags/example_params_trigger_ui.py
[2023-10-10T17:25:00.380+0000] {processor.py:829} INFO - Processing file /home/airflow/.local/lib/python3.8/site-packages/airflow/example_dags/example_params_trigger_ui.py for tasks to queue
[2023-10-10T17:25:00.381+0000] {logging_mixin.py:151} INFO - [2023-10-10T17:25:00.381+0000] {dagbag.py:539} INFO - Filling up the DagBag from /home/airflow/.local/lib/python3.8/site-packages/airflow/example_dags/example_params_trigger_ui.py
[2023-10-10T17:25:00.391+0000] {processor.py:839} INFO - DAG(s) dict_keys(['example_params_trigger_ui']) retrieved from /home/airflow/.local/lib/python3.8/site-packages/airflow/example_dags/example_params_trigger_ui.py
[2023-10-10T17:25:00.415+0000] {logging_mixin.py:151} INFO - [2023-10-10T17:25:00.415+0000] {dag.py:2915} INFO - Sync 1 DAGs
[2023-10-10T17:25:00.422+0000] {logging_mixin.py:151} INFO - [2023-10-10T17:25:00.422+0000] {dag.py:3696} INFO - Setting next_dagrun for example_params_trigger_ui to None, run_after=None
[2023-10-10T17:25:00.431+0000] {processor.py:179} INFO - Processing /home/airflow/.local/lib/python3.8/site-packages/airflow/example_dags/example_params_trigger_ui.py took 0.054 seconds
[2023-10-10T17:25:30.659+0000] {processor.py:157} INFO - Started process (PID=911) to work on /home/airflow/.local/lib/python3.8/site-packages/airflow/example_dags/example_params_trigger_ui.py
[2023-10-10T17:25:30.659+0000] {processor.py:829} INFO - Processing file /home/airflow/.local/lib/python3.8/site-packages/airflow/example_dags/example_params_trigger_ui.py for tasks to queue
[2023-10-10T17:25:30.661+0000] {logging_mixin.py:151} INFO - [2023-10-10T17:25:30.661+0000] {dagbag.py:539} INFO - Filling up the DagBag from /home/airflow/.local/lib/python3.8/site-packages/airflow/example_dags/example_params_trigger_ui.py
[2023-10-10T17:25:30.670+0000] {processor.py:839} INFO - DAG(s) dict_keys(['example_params_trigger_ui']) retrieved from /home/airflow/.local/lib/python3.8/site-packages/airflow/example_dags/example_params_trigger_ui.py
[2023-10-10T17:25:30.693+0000] {logging_mixin.py:151} INFO - [2023-10-10T17:25:30.693+0000] {dag.py:2915} INFO - Sync 1 DAGs
[2023-10-10T17:25:30.700+0000] {logging_mixin.py:151} INFO - [2023-10-10T17:25:30.700+0000] {dag.py:3696} INFO - Setting next_dagrun for example_params_trigger_ui to None, run_after=None
[2023-10-10T17:25:30.709+0000] {processor.py:179} INFO - Processing /home/airflow/.local/lib/python3.8/site-packages/airflow/example_dags/example_params_trigger_ui.py took 0.053 seconds
[2023-10-10T17:26:01.566+0000] {processor.py:157} INFO - Started process (PID=967) to work on /home/airflow/.local/lib/python3.8/site-packages/airflow/example_dags/example_params_trigger_ui.py
[2023-10-10T17:26:01.567+0000] {processor.py:829} INFO - Processing file /home/airflow/.local/lib/python3.8/site-packages/airflow/example_dags/example_params_trigger_ui.py for tasks to queue
[2023-10-10T17:26:01.569+0000] {logging_mixin.py:151} INFO - [2023-10-10T17:26:01.568+0000] {dagbag.py:539} INFO - Filling up the DagBag from /home/airflow/.local/lib/python3.8/site-packages/airflow/example_dags/example_params_trigger_ui.py
[2023-10-10T17:26:01.578+0000] {processor.py:839} INFO - DAG(s) dict_keys(['example_params_trigger_ui']) retrieved from /home/airflow/.local/lib/python3.8/site-packages/airflow/example_dags/example_params_trigger_ui.py
[2023-10-10T17:26:01.602+0000] {logging_mixin.py:151} INFO - [2023-10-10T17:26:01.602+0000] {dag.py:2915} INFO - Sync 1 DAGs
[2023-10-10T17:26:01.610+0000] {logging_mixin.py:151} INFO - [2023-10-10T17:26:01.609+0000] {dag.py:3696} INFO - Setting next_dagrun for example_params_trigger_ui to None, run_after=None
[2023-10-10T17:26:01.621+0000] {processor.py:179} INFO - Processing /home/airflow/.local/lib/python3.8/site-packages/airflow/example_dags/example_params_trigger_ui.py took 0.057 seconds
[2023-10-10T17:26:31.772+0000] {processor.py:157} INFO - Started process (PID=1023) to work on /home/airflow/.local/lib/python3.8/site-packages/airflow/example_dags/example_params_trigger_ui.py
[2023-10-10T17:26:31.774+0000] {processor.py:829} INFO - Processing file /home/airflow/.local/lib/python3.8/site-packages/airflow/example_dags/example_params_trigger_ui.py for tasks to queue
[2023-10-10T17:26:31.776+0000] {logging_mixin.py:151} INFO - [2023-10-10T17:26:31.775+0000] {dagbag.py:539} INFO - Filling up the DagBag from /home/airflow/.local/lib/python3.8/site-packages/airflow/example_dags/example_params_trigger_ui.py
[2023-10-10T17:26:31.786+0000] {processor.py:839} INFO - DAG(s) dict_keys(['example_params_trigger_ui']) retrieved from /home/airflow/.local/lib/python3.8/site-packages/airflow/example_dags/example_params_trigger_ui.py
[2023-10-10T17:26:31.811+0000] {logging_mixin.py:151} INFO - [2023-10-10T17:26:31.811+0000] {dag.py:2915} INFO - Sync 1 DAGs
[2023-10-10T17:26:31.818+0000] {logging_mixin.py:151} INFO - [2023-10-10T17:26:31.818+0000] {dag.py:3696} INFO - Setting next_dagrun for example_params_trigger_ui to None, run_after=None
[2023-10-10T17:26:31.830+0000] {processor.py:179} INFO - Processing /home/airflow/.local/lib/python3.8/site-packages/airflow/example_dags/example_params_trigger_ui.py took 0.061 seconds
[2023-10-10T17:27:02.996+0000] {processor.py:157} INFO - Started process (PID=1079) to work on /home/airflow/.local/lib/python3.8/site-packages/airflow/example_dags/example_params_trigger_ui.py
[2023-10-10T17:27:02.998+0000] {processor.py:829} INFO - Processing file /home/airflow/.local/lib/python3.8/site-packages/airflow/example_dags/example_params_trigger_ui.py for tasks to queue
[2023-10-10T17:27:03.000+0000] {logging_mixin.py:151} INFO - [2023-10-10T17:27:03.000+0000] {dagbag.py:539} INFO - Filling up the DagBag from /home/airflow/.local/lib/python3.8/site-packages/airflow/example_dags/example_params_trigger_ui.py
[2023-10-10T17:27:03.010+0000] {processor.py:839} INFO - DAG(s) dict_keys(['example_params_trigger_ui']) retrieved from /home/airflow/.local/lib/python3.8/site-packages/airflow/example_dags/example_params_trigger_ui.py
[2023-10-10T17:27:03.036+0000] {logging_mixin.py:151} INFO - [2023-10-10T17:27:03.036+0000] {dag.py:2915} INFO - Sync 1 DAGs
[2023-10-10T17:27:03.044+0000] {logging_mixin.py:151} INFO - [2023-10-10T17:27:03.044+0000] {dag.py:3696} INFO - Setting next_dagrun for example_params_trigger_ui to None, run_after=None
[2023-10-10T17:27:03.056+0000] {processor.py:179} INFO - Processing /home/airflow/.local/lib/python3.8/site-packages/airflow/example_dags/example_params_trigger_ui.py took 0.063 seconds
[2023-10-10T17:27:33.988+0000] {processor.py:157} INFO - Started process (PID=1135) to work on /home/airflow/.local/lib/python3.8/site-packages/airflow/example_dags/example_params_trigger_ui.py
[2023-10-10T17:27:33.989+0000] {processor.py:829} INFO - Processing file /home/airflow/.local/lib/python3.8/site-packages/airflow/example_dags/example_params_trigger_ui.py for tasks to queue
[2023-10-10T17:27:33.991+0000] {logging_mixin.py:151} INFO - [2023-10-10T17:27:33.990+0000] {dagbag.py:539} INFO - Filling up the DagBag from /home/airflow/.local/lib/python3.8/site-packages/airflow/example_dags/example_params_trigger_ui.py
[2023-10-10T17:27:34.000+0000] {processor.py:839} INFO - DAG(s) dict_keys(['example_params_trigger_ui']) retrieved from /home/airflow/.local/lib/python3.8/site-packages/airflow/example_dags/example_params_trigger_ui.py
[2023-10-10T17:27:34.024+0000] {logging_mixin.py:151} INFO - [2023-10-10T17:27:34.024+0000] {dag.py:2915} INFO - Sync 1 DAGs
[2023-10-10T17:27:34.031+0000] {logging_mixin.py:151} INFO - [2023-10-10T17:27:34.031+0000] {dag.py:3696} INFO - Setting next_dagrun for example_params_trigger_ui to None, run_after=None
[2023-10-10T17:27:34.043+0000] {processor.py:179} INFO - Processing /home/airflow/.local/lib/python3.8/site-packages/airflow/example_dags/example_params_trigger_ui.py took 0.057 seconds
[2023-10-10T17:28:04.223+0000] {processor.py:157} INFO - Started process (PID=1191) to work on /home/airflow/.local/lib/python3.8/site-packages/airflow/example_dags/example_params_trigger_ui.py
[2023-10-10T17:28:04.223+0000] {processor.py:829} INFO - Processing file /home/airflow/.local/lib/python3.8/site-packages/airflow/example_dags/example_params_trigger_ui.py for tasks to queue
[2023-10-10T17:28:04.225+0000] {logging_mixin.py:151} INFO - [2023-10-10T17:28:04.225+0000] {dagbag.py:539} INFO - Filling up the DagBag from /home/airflow/.local/lib/python3.8/site-packages/airflow/example_dags/example_params_trigger_ui.py
[2023-10-10T17:28:04.235+0000] {processor.py:839} INFO - DAG(s) dict_keys(['example_params_trigger_ui']) retrieved from /home/airflow/.local/lib/python3.8/site-packages/airflow/example_dags/example_params_trigger_ui.py
[2023-10-10T17:28:04.258+0000] {logging_mixin.py:151} INFO - [2023-10-10T17:28:04.258+0000] {dag.py:2915} INFO - Sync 1 DAGs
[2023-10-10T17:28:04.265+0000] {logging_mixin.py:151} INFO - [2023-10-10T17:28:04.265+0000] {dag.py:3696} INFO - Setting next_dagrun for example_params_trigger_ui to None, run_after=None
[2023-10-10T17:28:04.275+0000] {processor.py:179} INFO - Processing /home/airflow/.local/lib/python3.8/site-packages/airflow/example_dags/example_params_trigger_ui.py took 0.055 seconds
[2023-10-10T17:28:35.304+0000] {processor.py:157} INFO - Started process (PID=1248) to work on /home/airflow/.local/lib/python3.8/site-packages/airflow/example_dags/example_params_trigger_ui.py
[2023-10-10T17:28:35.305+0000] {processor.py:829} INFO - Processing file /home/airflow/.local/lib/python3.8/site-packages/airflow/example_dags/example_params_trigger_ui.py for tasks to queue
[2023-10-10T17:28:35.306+0000] {logging_mixin.py:151} INFO - [2023-10-10T17:28:35.306+0000] {dagbag.py:539} INFO - Filling up the DagBag from /home/airflow/.local/lib/python3.8/site-packages/airflow/example_dags/example_params_trigger_ui.py
[2023-10-10T17:28:35.316+0000] {processor.py:839} INFO - DAG(s) dict_keys(['example_params_trigger_ui']) retrieved from /home/airflow/.local/lib/python3.8/site-packages/airflow/example_dags/example_params_trigger_ui.py
[2023-10-10T17:28:35.340+0000] {logging_mixin.py:151} INFO - [2023-10-10T17:28:35.340+0000] {dag.py:2915} INFO - Sync 1 DAGs
[2023-10-10T17:28:35.346+0000] {logging_mixin.py:151} INFO - [2023-10-10T17:28:35.346+0000] {dag.py:3696} INFO - Setting next_dagrun for example_params_trigger_ui to None, run_after=None
[2023-10-10T17:28:35.356+0000] {processor.py:179} INFO - Processing /home/airflow/.local/lib/python3.8/site-packages/airflow/example_dags/example_params_trigger_ui.py took 0.055 seconds
