[2023-10-10T06:38:11.356+0000] {processor.py:157} INFO - Started process (PID=67) to work on /home/airflow/.local/lib/python3.8/site-packages/airflow/example_dags/example_skip_dag.py
[2023-10-10T06:38:11.357+0000] {processor.py:829} INFO - Processing file /home/airflow/.local/lib/python3.8/site-packages/airflow/example_dags/example_skip_dag.py for tasks to queue
[2023-10-10T06:38:11.360+0000] {logging_mixin.py:151} INFO - [2023-10-10T06:38:11.360+0000] {dagbag.py:539} INFO - Filling up the DagBag from /home/airflow/.local/lib/python3.8/site-packages/airflow/example_dags/example_skip_dag.py
[2023-10-10T06:38:11.365+0000] {processor.py:839} INFO - DAG(s) dict_keys(['example_skip_dag']) retrieved from /home/airflow/.local/lib/python3.8/site-packages/airflow/example_dags/example_skip_dag.py
[2023-10-10T06:38:11.376+0000] {logging_mixin.py:151} INFO - [2023-10-10T06:38:11.376+0000] {dag.py:2915} INFO - Sync 1 DAGs
[2023-10-10T06:38:11.401+0000] {logging_mixin.py:151} INFO - [2023-10-10T06:38:11.401+0000] {dag.py:3696} INFO - Setting next_dagrun for example_skip_dag to 2023-10-09T06:38:11.401383+00:00, run_after=2023-10-10T06:38:11.401383+00:00
[2023-10-10T06:38:11.419+0000] {processor.py:179} INFO - Processing /home/airflow/.local/lib/python3.8/site-packages/airflow/example_dags/example_skip_dag.py took 0.065 seconds
[2023-10-10T06:38:41.543+0000] {processor.py:157} INFO - Started process (PID=123) to work on /home/airflow/.local/lib/python3.8/site-packages/airflow/example_dags/example_skip_dag.py
[2023-10-10T06:38:41.544+0000] {processor.py:829} INFO - Processing file /home/airflow/.local/lib/python3.8/site-packages/airflow/example_dags/example_skip_dag.py for tasks to queue
[2023-10-10T06:38:41.545+0000] {logging_mixin.py:151} INFO - [2023-10-10T06:38:41.545+0000] {dagbag.py:539} INFO - Filling up the DagBag from /home/airflow/.local/lib/python3.8/site-packages/airflow/example_dags/example_skip_dag.py
[2023-10-10T06:38:41.549+0000] {processor.py:839} INFO - DAG(s) dict_keys(['example_skip_dag']) retrieved from /home/airflow/.local/lib/python3.8/site-packages/airflow/example_dags/example_skip_dag.py
[2023-10-10T06:38:41.566+0000] {logging_mixin.py:151} INFO - [2023-10-10T06:38:41.566+0000] {dag.py:2915} INFO - Sync 1 DAGs
[2023-10-10T06:38:41.578+0000] {logging_mixin.py:151} INFO - [2023-10-10T06:38:41.578+0000] {dag.py:3696} INFO - Setting next_dagrun for example_skip_dag to 2023-10-09T06:38:41.577999+00:00, run_after=2023-10-10T06:38:41.577999+00:00
[2023-10-10T06:38:41.587+0000] {processor.py:179} INFO - Processing /home/airflow/.local/lib/python3.8/site-packages/airflow/example_dags/example_skip_dag.py took 0.047 seconds
[2023-10-10T06:39:11.926+0000] {processor.py:157} INFO - Started process (PID=179) to work on /home/airflow/.local/lib/python3.8/site-packages/airflow/example_dags/example_skip_dag.py
[2023-10-10T06:39:11.927+0000] {processor.py:829} INFO - Processing file /home/airflow/.local/lib/python3.8/site-packages/airflow/example_dags/example_skip_dag.py for tasks to queue
[2023-10-10T06:39:11.929+0000] {logging_mixin.py:151} INFO - [2023-10-10T06:39:11.929+0000] {dagbag.py:539} INFO - Filling up the DagBag from /home/airflow/.local/lib/python3.8/site-packages/airflow/example_dags/example_skip_dag.py
[2023-10-10T06:39:11.933+0000] {processor.py:839} INFO - DAG(s) dict_keys(['example_skip_dag']) retrieved from /home/airflow/.local/lib/python3.8/site-packages/airflow/example_dags/example_skip_dag.py
[2023-10-10T06:39:11.946+0000] {logging_mixin.py:151} INFO - [2023-10-10T06:39:11.946+0000] {dag.py:2915} INFO - Sync 1 DAGs
[2023-10-10T06:39:11.960+0000] {logging_mixin.py:151} INFO - [2023-10-10T06:39:11.960+0000] {dag.py:3696} INFO - Setting next_dagrun for example_skip_dag to 2023-10-09T06:39:11.960219+00:00, run_after=2023-10-10T06:39:11.960219+00:00
[2023-10-10T06:39:11.971+0000] {processor.py:179} INFO - Processing /home/airflow/.local/lib/python3.8/site-packages/airflow/example_dags/example_skip_dag.py took 0.047 seconds
[2023-10-10T06:39:42.037+0000] {processor.py:157} INFO - Started process (PID=235) to work on /home/airflow/.local/lib/python3.8/site-packages/airflow/example_dags/example_skip_dag.py
[2023-10-10T06:39:42.038+0000] {processor.py:829} INFO - Processing file /home/airflow/.local/lib/python3.8/site-packages/airflow/example_dags/example_skip_dag.py for tasks to queue
[2023-10-10T06:39:42.040+0000] {logging_mixin.py:151} INFO - [2023-10-10T06:39:42.040+0000] {dagbag.py:539} INFO - Filling up the DagBag from /home/airflow/.local/lib/python3.8/site-packages/airflow/example_dags/example_skip_dag.py
[2023-10-10T06:39:42.044+0000] {processor.py:839} INFO - DAG(s) dict_keys(['example_skip_dag']) retrieved from /home/airflow/.local/lib/python3.8/site-packages/airflow/example_dags/example_skip_dag.py
[2023-10-10T06:39:42.057+0000] {logging_mixin.py:151} INFO - [2023-10-10T06:39:42.057+0000] {dag.py:2915} INFO - Sync 1 DAGs
[2023-10-10T06:39:42.070+0000] {logging_mixin.py:151} INFO - [2023-10-10T06:39:42.070+0000] {dag.py:3696} INFO - Setting next_dagrun for example_skip_dag to 2023-10-09T06:39:42.070209+00:00, run_after=2023-10-10T06:39:42.070209+00:00
[2023-10-10T06:39:42.086+0000] {processor.py:179} INFO - Processing /home/airflow/.local/lib/python3.8/site-packages/airflow/example_dags/example_skip_dag.py took 0.052 seconds
[2023-10-10T06:40:12.329+0000] {processor.py:157} INFO - Started process (PID=291) to work on /home/airflow/.local/lib/python3.8/site-packages/airflow/example_dags/example_skip_dag.py
[2023-10-10T06:40:12.330+0000] {processor.py:829} INFO - Processing file /home/airflow/.local/lib/python3.8/site-packages/airflow/example_dags/example_skip_dag.py for tasks to queue
[2023-10-10T06:40:12.332+0000] {logging_mixin.py:151} INFO - [2023-10-10T06:40:12.332+0000] {dagbag.py:539} INFO - Filling up the DagBag from /home/airflow/.local/lib/python3.8/site-packages/airflow/example_dags/example_skip_dag.py
[2023-10-10T06:40:12.336+0000] {processor.py:839} INFO - DAG(s) dict_keys(['example_skip_dag']) retrieved from /home/airflow/.local/lib/python3.8/site-packages/airflow/example_dags/example_skip_dag.py
[2023-10-10T06:40:12.349+0000] {logging_mixin.py:151} INFO - [2023-10-10T06:40:12.349+0000] {dag.py:2915} INFO - Sync 1 DAGs
[2023-10-10T06:40:12.359+0000] {logging_mixin.py:151} INFO - [2023-10-10T06:40:12.359+0000] {dag.py:3696} INFO - Setting next_dagrun for example_skip_dag to 2023-10-09T06:40:12.359659+00:00, run_after=2023-10-10T06:40:12.359659+00:00
[2023-10-10T06:40:12.373+0000] {processor.py:179} INFO - Processing /home/airflow/.local/lib/python3.8/site-packages/airflow/example_dags/example_skip_dag.py took 0.046 seconds
[2023-10-10T06:40:42.990+0000] {processor.py:157} INFO - Started process (PID=347) to work on /home/airflow/.local/lib/python3.8/site-packages/airflow/example_dags/example_skip_dag.py
[2023-10-10T06:40:42.991+0000] {processor.py:829} INFO - Processing file /home/airflow/.local/lib/python3.8/site-packages/airflow/example_dags/example_skip_dag.py for tasks to queue
[2023-10-10T06:40:42.993+0000] {logging_mixin.py:151} INFO - [2023-10-10T06:40:42.993+0000] {dagbag.py:539} INFO - Filling up the DagBag from /home/airflow/.local/lib/python3.8/site-packages/airflow/example_dags/example_skip_dag.py
[2023-10-10T06:40:42.997+0000] {processor.py:839} INFO - DAG(s) dict_keys(['example_skip_dag']) retrieved from /home/airflow/.local/lib/python3.8/site-packages/airflow/example_dags/example_skip_dag.py
[2023-10-10T06:40:43.012+0000] {logging_mixin.py:151} INFO - [2023-10-10T06:40:43.012+0000] {dag.py:2915} INFO - Sync 1 DAGs
[2023-10-10T06:40:43.025+0000] {logging_mixin.py:151} INFO - [2023-10-10T06:40:43.025+0000] {dag.py:3696} INFO - Setting next_dagrun for example_skip_dag to 2023-10-09T06:40:43.025716+00:00, run_after=2023-10-10T06:40:43.025716+00:00
[2023-10-10T06:40:43.039+0000] {processor.py:179} INFO - Processing /home/airflow/.local/lib/python3.8/site-packages/airflow/example_dags/example_skip_dag.py took 0.051 seconds
[2023-10-10T06:41:13.289+0000] {processor.py:157} INFO - Started process (PID=403) to work on /home/airflow/.local/lib/python3.8/site-packages/airflow/example_dags/example_skip_dag.py
[2023-10-10T06:41:13.291+0000] {processor.py:829} INFO - Processing file /home/airflow/.local/lib/python3.8/site-packages/airflow/example_dags/example_skip_dag.py for tasks to queue
[2023-10-10T06:41:13.292+0000] {logging_mixin.py:151} INFO - [2023-10-10T06:41:13.292+0000] {dagbag.py:539} INFO - Filling up the DagBag from /home/airflow/.local/lib/python3.8/site-packages/airflow/example_dags/example_skip_dag.py
[2023-10-10T06:41:13.297+0000] {processor.py:839} INFO - DAG(s) dict_keys(['example_skip_dag']) retrieved from /home/airflow/.local/lib/python3.8/site-packages/airflow/example_dags/example_skip_dag.py
[2023-10-10T06:41:13.311+0000] {logging_mixin.py:151} INFO - [2023-10-10T06:41:13.310+0000] {dag.py:2915} INFO - Sync 1 DAGs
[2023-10-10T06:41:13.324+0000] {logging_mixin.py:151} INFO - [2023-10-10T06:41:13.324+0000] {dag.py:3696} INFO - Setting next_dagrun for example_skip_dag to 2023-10-09T06:41:13.324560+00:00, run_after=2023-10-10T06:41:13.324560+00:00
[2023-10-10T06:41:13.335+0000] {processor.py:179} INFO - Processing /home/airflow/.local/lib/python3.8/site-packages/airflow/example_dags/example_skip_dag.py took 0.049 seconds
[2023-10-10T06:41:44.622+0000] {processor.py:157} INFO - Started process (PID=459) to work on /home/airflow/.local/lib/python3.8/site-packages/airflow/example_dags/example_skip_dag.py
[2023-10-10T06:41:44.622+0000] {processor.py:829} INFO - Processing file /home/airflow/.local/lib/python3.8/site-packages/airflow/example_dags/example_skip_dag.py for tasks to queue
[2023-10-10T06:41:44.624+0000] {logging_mixin.py:151} INFO - [2023-10-10T06:41:44.624+0000] {dagbag.py:539} INFO - Filling up the DagBag from /home/airflow/.local/lib/python3.8/site-packages/airflow/example_dags/example_skip_dag.py
[2023-10-10T06:41:44.628+0000] {processor.py:839} INFO - DAG(s) dict_keys(['example_skip_dag']) retrieved from /home/airflow/.local/lib/python3.8/site-packages/airflow/example_dags/example_skip_dag.py
[2023-10-10T06:41:44.644+0000] {logging_mixin.py:151} INFO - [2023-10-10T06:41:44.644+0000] {dag.py:2915} INFO - Sync 1 DAGs
[2023-10-10T06:41:44.657+0000] {logging_mixin.py:151} INFO - [2023-10-10T06:41:44.657+0000] {dag.py:3696} INFO - Setting next_dagrun for example_skip_dag to 2023-10-09T06:41:44.656994+00:00, run_after=2023-10-10T06:41:44.656994+00:00
[2023-10-10T06:41:44.667+0000] {processor.py:179} INFO - Processing /home/airflow/.local/lib/python3.8/site-packages/airflow/example_dags/example_skip_dag.py took 0.048 seconds
[2023-10-10T06:42:14.878+0000] {processor.py:157} INFO - Started process (PID=515) to work on /home/airflow/.local/lib/python3.8/site-packages/airflow/example_dags/example_skip_dag.py
[2023-10-10T06:42:14.879+0000] {processor.py:829} INFO - Processing file /home/airflow/.local/lib/python3.8/site-packages/airflow/example_dags/example_skip_dag.py for tasks to queue
[2023-10-10T06:42:14.881+0000] {logging_mixin.py:151} INFO - [2023-10-10T06:42:14.880+0000] {dagbag.py:539} INFO - Filling up the DagBag from /home/airflow/.local/lib/python3.8/site-packages/airflow/example_dags/example_skip_dag.py
[2023-10-10T06:42:14.885+0000] {processor.py:839} INFO - DAG(s) dict_keys(['example_skip_dag']) retrieved from /home/airflow/.local/lib/python3.8/site-packages/airflow/example_dags/example_skip_dag.py
[2023-10-10T06:42:14.897+0000] {logging_mixin.py:151} INFO - [2023-10-10T06:42:14.897+0000] {dag.py:2915} INFO - Sync 1 DAGs
[2023-10-10T06:42:14.909+0000] {logging_mixin.py:151} INFO - [2023-10-10T06:42:14.909+0000] {dag.py:3696} INFO - Setting next_dagrun for example_skip_dag to 2023-10-09T06:42:14.909652+00:00, run_after=2023-10-10T06:42:14.909652+00:00
[2023-10-10T06:42:14.919+0000] {processor.py:179} INFO - Processing /home/airflow/.local/lib/python3.8/site-packages/airflow/example_dags/example_skip_dag.py took 0.043 seconds
[2023-10-10T06:42:45.176+0000] {processor.py:157} INFO - Started process (PID=571) to work on /home/airflow/.local/lib/python3.8/site-packages/airflow/example_dags/example_skip_dag.py
[2023-10-10T06:42:45.176+0000] {processor.py:829} INFO - Processing file /home/airflow/.local/lib/python3.8/site-packages/airflow/example_dags/example_skip_dag.py for tasks to queue
[2023-10-10T06:42:45.178+0000] {logging_mixin.py:151} INFO - [2023-10-10T06:42:45.178+0000] {dagbag.py:539} INFO - Filling up the DagBag from /home/airflow/.local/lib/python3.8/site-packages/airflow/example_dags/example_skip_dag.py
[2023-10-10T06:42:45.182+0000] {processor.py:839} INFO - DAG(s) dict_keys(['example_skip_dag']) retrieved from /home/airflow/.local/lib/python3.8/site-packages/airflow/example_dags/example_skip_dag.py
[2023-10-10T06:42:45.195+0000] {logging_mixin.py:151} INFO - [2023-10-10T06:42:45.195+0000] {dag.py:2915} INFO - Sync 1 DAGs
[2023-10-10T06:42:45.207+0000] {logging_mixin.py:151} INFO - [2023-10-10T06:42:45.207+0000] {dag.py:3696} INFO - Setting next_dagrun for example_skip_dag to 2023-10-09T06:42:45.207144+00:00, run_after=2023-10-10T06:42:45.207144+00:00
[2023-10-10T06:42:45.218+0000] {processor.py:179} INFO - Processing /home/airflow/.local/lib/python3.8/site-packages/airflow/example_dags/example_skip_dag.py took 0.045 seconds
[2023-10-10T06:43:15.613+0000] {processor.py:157} INFO - Started process (PID=627) to work on /home/airflow/.local/lib/python3.8/site-packages/airflow/example_dags/example_skip_dag.py
[2023-10-10T06:43:15.614+0000] {processor.py:829} INFO - Processing file /home/airflow/.local/lib/python3.8/site-packages/airflow/example_dags/example_skip_dag.py for tasks to queue
[2023-10-10T06:43:15.616+0000] {logging_mixin.py:151} INFO - [2023-10-10T06:43:15.616+0000] {dagbag.py:539} INFO - Filling up the DagBag from /home/airflow/.local/lib/python3.8/site-packages/airflow/example_dags/example_skip_dag.py
[2023-10-10T06:43:15.620+0000] {processor.py:839} INFO - DAG(s) dict_keys(['example_skip_dag']) retrieved from /home/airflow/.local/lib/python3.8/site-packages/airflow/example_dags/example_skip_dag.py
[2023-10-10T06:43:15.633+0000] {logging_mixin.py:151} INFO - [2023-10-10T06:43:15.633+0000] {dag.py:2915} INFO - Sync 1 DAGs
[2023-10-10T06:43:15.644+0000] {logging_mixin.py:151} INFO - [2023-10-10T06:43:15.644+0000] {dag.py:3696} INFO - Setting next_dagrun for example_skip_dag to 2023-10-09T06:43:15.644647+00:00, run_after=2023-10-10T06:43:15.644647+00:00
[2023-10-10T06:43:15.654+0000] {processor.py:179} INFO - Processing /home/airflow/.local/lib/python3.8/site-packages/airflow/example_dags/example_skip_dag.py took 0.044 seconds
[2023-10-10T06:46:49.950+0000] {processor.py:157} INFO - Started process (PID=68) to work on /home/airflow/.local/lib/python3.8/site-packages/airflow/example_dags/example_skip_dag.py
[2023-10-10T06:46:49.952+0000] {processor.py:829} INFO - Processing file /home/airflow/.local/lib/python3.8/site-packages/airflow/example_dags/example_skip_dag.py for tasks to queue
[2023-10-10T06:46:49.954+0000] {logging_mixin.py:151} INFO - [2023-10-10T06:46:49.954+0000] {dagbag.py:539} INFO - Filling up the DagBag from /home/airflow/.local/lib/python3.8/site-packages/airflow/example_dags/example_skip_dag.py
[2023-10-10T06:46:49.962+0000] {processor.py:839} INFO - DAG(s) dict_keys(['example_skip_dag']) retrieved from /home/airflow/.local/lib/python3.8/site-packages/airflow/example_dags/example_skip_dag.py
[2023-10-10T06:46:49.982+0000] {logging_mixin.py:151} INFO - [2023-10-10T06:46:49.981+0000] {dag.py:2915} INFO - Sync 1 DAGs
[2023-10-10T06:46:50.010+0000] {logging_mixin.py:151} INFO - [2023-10-10T06:46:50.010+0000] {dag.py:3696} INFO - Setting next_dagrun for example_skip_dag to 2023-10-09T06:46:50.008318+00:00, run_after=2023-10-10T06:46:50.008318+00:00
[2023-10-10T06:46:50.034+0000] {processor.py:179} INFO - Processing /home/airflow/.local/lib/python3.8/site-packages/airflow/example_dags/example_skip_dag.py took 0.087 seconds
[2023-10-10T06:47:20.298+0000] {processor.py:157} INFO - Started process (PID=124) to work on /home/airflow/.local/lib/python3.8/site-packages/airflow/example_dags/example_skip_dag.py
[2023-10-10T06:47:20.299+0000] {processor.py:829} INFO - Processing file /home/airflow/.local/lib/python3.8/site-packages/airflow/example_dags/example_skip_dag.py for tasks to queue
[2023-10-10T06:47:20.301+0000] {logging_mixin.py:151} INFO - [2023-10-10T06:47:20.301+0000] {dagbag.py:539} INFO - Filling up the DagBag from /home/airflow/.local/lib/python3.8/site-packages/airflow/example_dags/example_skip_dag.py
[2023-10-10T06:47:20.305+0000] {processor.py:839} INFO - DAG(s) dict_keys(['example_skip_dag']) retrieved from /home/airflow/.local/lib/python3.8/site-packages/airflow/example_dags/example_skip_dag.py
[2023-10-10T06:47:20.319+0000] {logging_mixin.py:151} INFO - [2023-10-10T06:47:20.319+0000] {dag.py:2915} INFO - Sync 1 DAGs
[2023-10-10T06:47:20.332+0000] {logging_mixin.py:151} INFO - [2023-10-10T06:47:20.332+0000] {dag.py:3696} INFO - Setting next_dagrun for example_skip_dag to 2023-10-09T06:47:20.332011+00:00, run_after=2023-10-10T06:47:20.332011+00:00
[2023-10-10T06:47:20.342+0000] {processor.py:179} INFO - Processing /home/airflow/.local/lib/python3.8/site-packages/airflow/example_dags/example_skip_dag.py took 0.046 seconds
[2023-10-10T06:47:50.417+0000] {processor.py:157} INFO - Started process (PID=180) to work on /home/airflow/.local/lib/python3.8/site-packages/airflow/example_dags/example_skip_dag.py
[2023-10-10T06:47:50.418+0000] {processor.py:829} INFO - Processing file /home/airflow/.local/lib/python3.8/site-packages/airflow/example_dags/example_skip_dag.py for tasks to queue
[2023-10-10T06:47:50.420+0000] {logging_mixin.py:151} INFO - [2023-10-10T06:47:50.420+0000] {dagbag.py:539} INFO - Filling up the DagBag from /home/airflow/.local/lib/python3.8/site-packages/airflow/example_dags/example_skip_dag.py
[2023-10-10T06:47:50.424+0000] {processor.py:839} INFO - DAG(s) dict_keys(['example_skip_dag']) retrieved from /home/airflow/.local/lib/python3.8/site-packages/airflow/example_dags/example_skip_dag.py
[2023-10-10T06:47:50.435+0000] {logging_mixin.py:151} INFO - [2023-10-10T06:47:50.435+0000] {dag.py:2915} INFO - Sync 1 DAGs
[2023-10-10T06:47:50.446+0000] {logging_mixin.py:151} INFO - [2023-10-10T06:47:50.446+0000] {dag.py:3696} INFO - Setting next_dagrun for example_skip_dag to 2023-10-09T06:47:50.446676+00:00, run_after=2023-10-10T06:47:50.446676+00:00
[2023-10-10T06:47:50.456+0000] {processor.py:179} INFO - Processing /home/airflow/.local/lib/python3.8/site-packages/airflow/example_dags/example_skip_dag.py took 0.041 seconds
[2023-10-10T06:48:20.573+0000] {processor.py:157} INFO - Started process (PID=235) to work on /home/airflow/.local/lib/python3.8/site-packages/airflow/example_dags/example_skip_dag.py
[2023-10-10T06:48:20.574+0000] {processor.py:829} INFO - Processing file /home/airflow/.local/lib/python3.8/site-packages/airflow/example_dags/example_skip_dag.py for tasks to queue
[2023-10-10T06:48:20.576+0000] {logging_mixin.py:151} INFO - [2023-10-10T06:48:20.576+0000] {dagbag.py:539} INFO - Filling up the DagBag from /home/airflow/.local/lib/python3.8/site-packages/airflow/example_dags/example_skip_dag.py
[2023-10-10T06:48:20.580+0000] {processor.py:839} INFO - DAG(s) dict_keys(['example_skip_dag']) retrieved from /home/airflow/.local/lib/python3.8/site-packages/airflow/example_dags/example_skip_dag.py
[2023-10-10T06:48:20.592+0000] {logging_mixin.py:151} INFO - [2023-10-10T06:48:20.592+0000] {dag.py:2915} INFO - Sync 1 DAGs
[2023-10-10T06:48:20.604+0000] {logging_mixin.py:151} INFO - [2023-10-10T06:48:20.603+0000] {dag.py:3696} INFO - Setting next_dagrun for example_skip_dag to 2023-10-09T06:48:20.603776+00:00, run_after=2023-10-10T06:48:20.603776+00:00
[2023-10-10T06:48:20.613+0000] {processor.py:179} INFO - Processing /home/airflow/.local/lib/python3.8/site-packages/airflow/example_dags/example_skip_dag.py took 0.042 seconds
[2023-10-10T06:48:50.835+0000] {processor.py:157} INFO - Started process (PID=291) to work on /home/airflow/.local/lib/python3.8/site-packages/airflow/example_dags/example_skip_dag.py
[2023-10-10T06:48:50.836+0000] {processor.py:829} INFO - Processing file /home/airflow/.local/lib/python3.8/site-packages/airflow/example_dags/example_skip_dag.py for tasks to queue
[2023-10-10T06:48:50.838+0000] {logging_mixin.py:151} INFO - [2023-10-10T06:48:50.838+0000] {dagbag.py:539} INFO - Filling up the DagBag from /home/airflow/.local/lib/python3.8/site-packages/airflow/example_dags/example_skip_dag.py
[2023-10-10T06:48:50.842+0000] {processor.py:839} INFO - DAG(s) dict_keys(['example_skip_dag']) retrieved from /home/airflow/.local/lib/python3.8/site-packages/airflow/example_dags/example_skip_dag.py
[2023-10-10T06:48:50.856+0000] {logging_mixin.py:151} INFO - [2023-10-10T06:48:50.856+0000] {dag.py:2915} INFO - Sync 1 DAGs
[2023-10-10T06:48:50.869+0000] {logging_mixin.py:151} INFO - [2023-10-10T06:48:50.869+0000] {dag.py:3696} INFO - Setting next_dagrun for example_skip_dag to 2023-10-09T06:48:50.869160+00:00, run_after=2023-10-10T06:48:50.869160+00:00
[2023-10-10T06:48:50.879+0000] {processor.py:179} INFO - Processing /home/airflow/.local/lib/python3.8/site-packages/airflow/example_dags/example_skip_dag.py took 0.047 seconds
[2023-10-10T06:49:21.086+0000] {processor.py:157} INFO - Started process (PID=347) to work on /home/airflow/.local/lib/python3.8/site-packages/airflow/example_dags/example_skip_dag.py
[2023-10-10T06:49:21.088+0000] {processor.py:829} INFO - Processing file /home/airflow/.local/lib/python3.8/site-packages/airflow/example_dags/example_skip_dag.py for tasks to queue
[2023-10-10T06:49:21.089+0000] {logging_mixin.py:151} INFO - [2023-10-10T06:49:21.089+0000] {dagbag.py:539} INFO - Filling up the DagBag from /home/airflow/.local/lib/python3.8/site-packages/airflow/example_dags/example_skip_dag.py
[2023-10-10T06:49:21.093+0000] {processor.py:839} INFO - DAG(s) dict_keys(['example_skip_dag']) retrieved from /home/airflow/.local/lib/python3.8/site-packages/airflow/example_dags/example_skip_dag.py
[2023-10-10T06:49:21.107+0000] {logging_mixin.py:151} INFO - [2023-10-10T06:49:21.107+0000] {dag.py:2915} INFO - Sync 1 DAGs
[2023-10-10T06:49:21.120+0000] {logging_mixin.py:151} INFO - [2023-10-10T06:49:21.120+0000] {dag.py:3696} INFO - Setting next_dagrun for example_skip_dag to 2023-10-09T06:49:21.120533+00:00, run_after=2023-10-10T06:49:21.120533+00:00
[2023-10-10T06:49:21.130+0000] {processor.py:179} INFO - Processing /home/airflow/.local/lib/python3.8/site-packages/airflow/example_dags/example_skip_dag.py took 0.046 seconds
[2023-10-10T06:49:52.384+0000] {processor.py:157} INFO - Started process (PID=404) to work on /home/airflow/.local/lib/python3.8/site-packages/airflow/example_dags/example_skip_dag.py
[2023-10-10T06:49:52.385+0000] {processor.py:829} INFO - Processing file /home/airflow/.local/lib/python3.8/site-packages/airflow/example_dags/example_skip_dag.py for tasks to queue
[2023-10-10T06:49:52.388+0000] {logging_mixin.py:151} INFO - [2023-10-10T06:49:52.388+0000] {dagbag.py:539} INFO - Filling up the DagBag from /home/airflow/.local/lib/python3.8/site-packages/airflow/example_dags/example_skip_dag.py
[2023-10-10T06:49:52.392+0000] {processor.py:839} INFO - DAG(s) dict_keys(['example_skip_dag']) retrieved from /home/airflow/.local/lib/python3.8/site-packages/airflow/example_dags/example_skip_dag.py
[2023-10-10T06:49:52.409+0000] {logging_mixin.py:151} INFO - [2023-10-10T06:49:52.409+0000] {dag.py:2915} INFO - Sync 1 DAGs
[2023-10-10T06:49:52.428+0000] {logging_mixin.py:151} INFO - [2023-10-10T06:49:52.428+0000] {dag.py:3696} INFO - Setting next_dagrun for example_skip_dag to 2023-10-09T06:49:52.428103+00:00, run_after=2023-10-10T06:49:52.428103+00:00
[2023-10-10T06:49:52.452+0000] {processor.py:179} INFO - Processing /home/airflow/.local/lib/python3.8/site-packages/airflow/example_dags/example_skip_dag.py took 0.071 seconds
[2023-10-10T06:50:22.473+0000] {processor.py:157} INFO - Started process (PID=460) to work on /home/airflow/.local/lib/python3.8/site-packages/airflow/example_dags/example_skip_dag.py
[2023-10-10T06:50:22.474+0000] {processor.py:829} INFO - Processing file /home/airflow/.local/lib/python3.8/site-packages/airflow/example_dags/example_skip_dag.py for tasks to queue
[2023-10-10T06:50:22.475+0000] {logging_mixin.py:151} INFO - [2023-10-10T06:50:22.475+0000] {dagbag.py:539} INFO - Filling up the DagBag from /home/airflow/.local/lib/python3.8/site-packages/airflow/example_dags/example_skip_dag.py
[2023-10-10T06:50:22.479+0000] {processor.py:839} INFO - DAG(s) dict_keys(['example_skip_dag']) retrieved from /home/airflow/.local/lib/python3.8/site-packages/airflow/example_dags/example_skip_dag.py
[2023-10-10T06:50:22.492+0000] {logging_mixin.py:151} INFO - [2023-10-10T06:50:22.492+0000] {dag.py:2915} INFO - Sync 1 DAGs
[2023-10-10T06:50:22.503+0000] {logging_mixin.py:151} INFO - [2023-10-10T06:50:22.503+0000] {dag.py:3696} INFO - Setting next_dagrun for example_skip_dag to 2023-10-09T06:50:22.503481+00:00, run_after=2023-10-10T06:50:22.503481+00:00
[2023-10-10T06:50:22.513+0000] {processor.py:179} INFO - Processing /home/airflow/.local/lib/python3.8/site-packages/airflow/example_dags/example_skip_dag.py took 0.043 seconds
[2023-10-10T06:50:52.771+0000] {processor.py:157} INFO - Started process (PID=516) to work on /home/airflow/.local/lib/python3.8/site-packages/airflow/example_dags/example_skip_dag.py
[2023-10-10T06:50:52.772+0000] {processor.py:829} INFO - Processing file /home/airflow/.local/lib/python3.8/site-packages/airflow/example_dags/example_skip_dag.py for tasks to queue
[2023-10-10T06:50:52.774+0000] {logging_mixin.py:151} INFO - [2023-10-10T06:50:52.774+0000] {dagbag.py:539} INFO - Filling up the DagBag from /home/airflow/.local/lib/python3.8/site-packages/airflow/example_dags/example_skip_dag.py
[2023-10-10T06:50:52.778+0000] {processor.py:839} INFO - DAG(s) dict_keys(['example_skip_dag']) retrieved from /home/airflow/.local/lib/python3.8/site-packages/airflow/example_dags/example_skip_dag.py
[2023-10-10T06:50:52.791+0000] {logging_mixin.py:151} INFO - [2023-10-10T06:50:52.791+0000] {dag.py:2915} INFO - Sync 1 DAGs
[2023-10-10T06:50:52.803+0000] {logging_mixin.py:151} INFO - [2023-10-10T06:50:52.803+0000] {dag.py:3696} INFO - Setting next_dagrun for example_skip_dag to 2023-10-09T06:50:52.803592+00:00, run_after=2023-10-10T06:50:52.803592+00:00
[2023-10-10T06:50:52.813+0000] {processor.py:179} INFO - Processing /home/airflow/.local/lib/python3.8/site-packages/airflow/example_dags/example_skip_dag.py took 0.045 seconds
[2023-10-10T06:51:23.183+0000] {processor.py:157} INFO - Started process (PID=572) to work on /home/airflow/.local/lib/python3.8/site-packages/airflow/example_dags/example_skip_dag.py
[2023-10-10T06:51:23.184+0000] {processor.py:829} INFO - Processing file /home/airflow/.local/lib/python3.8/site-packages/airflow/example_dags/example_skip_dag.py for tasks to queue
[2023-10-10T06:51:23.186+0000] {logging_mixin.py:151} INFO - [2023-10-10T06:51:23.186+0000] {dagbag.py:539} INFO - Filling up the DagBag from /home/airflow/.local/lib/python3.8/site-packages/airflow/example_dags/example_skip_dag.py
[2023-10-10T06:51:23.190+0000] {processor.py:839} INFO - DAG(s) dict_keys(['example_skip_dag']) retrieved from /home/airflow/.local/lib/python3.8/site-packages/airflow/example_dags/example_skip_dag.py
[2023-10-10T06:51:23.203+0000] {logging_mixin.py:151} INFO - [2023-10-10T06:51:23.203+0000] {dag.py:2915} INFO - Sync 1 DAGs
[2023-10-10T06:51:23.216+0000] {logging_mixin.py:151} INFO - [2023-10-10T06:51:23.215+0000] {dag.py:3696} INFO - Setting next_dagrun for example_skip_dag to 2023-10-09T06:51:23.215767+00:00, run_after=2023-10-10T06:51:23.215767+00:00
[2023-10-10T06:51:23.225+0000] {processor.py:179} INFO - Processing /home/airflow/.local/lib/python3.8/site-packages/airflow/example_dags/example_skip_dag.py took 0.044 seconds
[2023-10-10T06:51:53.480+0000] {processor.py:157} INFO - Started process (PID=628) to work on /home/airflow/.local/lib/python3.8/site-packages/airflow/example_dags/example_skip_dag.py
[2023-10-10T06:51:53.482+0000] {processor.py:829} INFO - Processing file /home/airflow/.local/lib/python3.8/site-packages/airflow/example_dags/example_skip_dag.py for tasks to queue
[2023-10-10T06:51:53.484+0000] {logging_mixin.py:151} INFO - [2023-10-10T06:51:53.483+0000] {dagbag.py:539} INFO - Filling up the DagBag from /home/airflow/.local/lib/python3.8/site-packages/airflow/example_dags/example_skip_dag.py
[2023-10-10T06:51:53.488+0000] {processor.py:839} INFO - DAG(s) dict_keys(['example_skip_dag']) retrieved from /home/airflow/.local/lib/python3.8/site-packages/airflow/example_dags/example_skip_dag.py
[2023-10-10T06:51:53.503+0000] {logging_mixin.py:151} INFO - [2023-10-10T06:51:53.502+0000] {dag.py:2915} INFO - Sync 1 DAGs
[2023-10-10T06:51:53.516+0000] {logging_mixin.py:151} INFO - [2023-10-10T06:51:53.516+0000] {dag.py:3696} INFO - Setting next_dagrun for example_skip_dag to 2023-10-09T06:51:53.515922+00:00, run_after=2023-10-10T06:51:53.515922+00:00
[2023-10-10T06:51:53.527+0000] {processor.py:179} INFO - Processing /home/airflow/.local/lib/python3.8/site-packages/airflow/example_dags/example_skip_dag.py took 0.051 seconds
[2023-10-10T06:52:23.719+0000] {processor.py:157} INFO - Started process (PID=684) to work on /home/airflow/.local/lib/python3.8/site-packages/airflow/example_dags/example_skip_dag.py
[2023-10-10T06:52:23.720+0000] {processor.py:829} INFO - Processing file /home/airflow/.local/lib/python3.8/site-packages/airflow/example_dags/example_skip_dag.py for tasks to queue
[2023-10-10T06:52:23.722+0000] {logging_mixin.py:151} INFO - [2023-10-10T06:52:23.722+0000] {dagbag.py:539} INFO - Filling up the DagBag from /home/airflow/.local/lib/python3.8/site-packages/airflow/example_dags/example_skip_dag.py
[2023-10-10T06:52:23.726+0000] {processor.py:839} INFO - DAG(s) dict_keys(['example_skip_dag']) retrieved from /home/airflow/.local/lib/python3.8/site-packages/airflow/example_dags/example_skip_dag.py
[2023-10-10T06:52:23.739+0000] {logging_mixin.py:151} INFO - [2023-10-10T06:52:23.739+0000] {dag.py:2915} INFO - Sync 1 DAGs
[2023-10-10T06:52:23.753+0000] {logging_mixin.py:151} INFO - [2023-10-10T06:52:23.753+0000] {dag.py:3696} INFO - Setting next_dagrun for example_skip_dag to 2023-10-09T06:52:23.753238+00:00, run_after=2023-10-10T06:52:23.753238+00:00
[2023-10-10T06:52:23.765+0000] {processor.py:179} INFO - Processing /home/airflow/.local/lib/python3.8/site-packages/airflow/example_dags/example_skip_dag.py took 0.049 seconds
[2023-10-10T06:52:53.999+0000] {processor.py:157} INFO - Started process (PID=740) to work on /home/airflow/.local/lib/python3.8/site-packages/airflow/example_dags/example_skip_dag.py
[2023-10-10T06:52:54.000+0000] {processor.py:829} INFO - Processing file /home/airflow/.local/lib/python3.8/site-packages/airflow/example_dags/example_skip_dag.py for tasks to queue
[2023-10-10T06:52:54.001+0000] {logging_mixin.py:151} INFO - [2023-10-10T06:52:54.001+0000] {dagbag.py:539} INFO - Filling up the DagBag from /home/airflow/.local/lib/python3.8/site-packages/airflow/example_dags/example_skip_dag.py
[2023-10-10T06:52:54.005+0000] {processor.py:839} INFO - DAG(s) dict_keys(['example_skip_dag']) retrieved from /home/airflow/.local/lib/python3.8/site-packages/airflow/example_dags/example_skip_dag.py
[2023-10-10T06:52:54.021+0000] {logging_mixin.py:151} INFO - [2023-10-10T06:52:54.021+0000] {dag.py:2915} INFO - Sync 1 DAGs
[2023-10-10T06:52:54.033+0000] {logging_mixin.py:151} INFO - [2023-10-10T06:52:54.033+0000] {dag.py:3696} INFO - Setting next_dagrun for example_skip_dag to 2023-10-09T06:52:54.033325+00:00, run_after=2023-10-10T06:52:54.033325+00:00
[2023-10-10T06:52:54.043+0000] {processor.py:179} INFO - Processing /home/airflow/.local/lib/python3.8/site-packages/airflow/example_dags/example_skip_dag.py took 0.047 seconds
[2023-10-10T06:53:24.208+0000] {processor.py:157} INFO - Started process (PID=796) to work on /home/airflow/.local/lib/python3.8/site-packages/airflow/example_dags/example_skip_dag.py
[2023-10-10T06:53:24.209+0000] {processor.py:829} INFO - Processing file /home/airflow/.local/lib/python3.8/site-packages/airflow/example_dags/example_skip_dag.py for tasks to queue
[2023-10-10T06:53:24.211+0000] {logging_mixin.py:151} INFO - [2023-10-10T06:53:24.211+0000] {dagbag.py:539} INFO - Filling up the DagBag from /home/airflow/.local/lib/python3.8/site-packages/airflow/example_dags/example_skip_dag.py
[2023-10-10T06:53:24.215+0000] {processor.py:839} INFO - DAG(s) dict_keys(['example_skip_dag']) retrieved from /home/airflow/.local/lib/python3.8/site-packages/airflow/example_dags/example_skip_dag.py
[2023-10-10T06:53:24.228+0000] {logging_mixin.py:151} INFO - [2023-10-10T06:53:24.228+0000] {dag.py:2915} INFO - Sync 1 DAGs
[2023-10-10T06:53:24.240+0000] {logging_mixin.py:151} INFO - [2023-10-10T06:53:24.240+0000] {dag.py:3696} INFO - Setting next_dagrun for example_skip_dag to 2023-10-09T06:53:24.240450+00:00, run_after=2023-10-10T06:53:24.240450+00:00
[2023-10-10T06:53:24.250+0000] {processor.py:179} INFO - Processing /home/airflow/.local/lib/python3.8/site-packages/airflow/example_dags/example_skip_dag.py took 0.044 seconds
[2023-10-10T06:53:54.507+0000] {processor.py:157} INFO - Started process (PID=852) to work on /home/airflow/.local/lib/python3.8/site-packages/airflow/example_dags/example_skip_dag.py
[2023-10-10T06:53:54.508+0000] {processor.py:829} INFO - Processing file /home/airflow/.local/lib/python3.8/site-packages/airflow/example_dags/example_skip_dag.py for tasks to queue
[2023-10-10T06:53:54.510+0000] {logging_mixin.py:151} INFO - [2023-10-10T06:53:54.510+0000] {dagbag.py:539} INFO - Filling up the DagBag from /home/airflow/.local/lib/python3.8/site-packages/airflow/example_dags/example_skip_dag.py
[2023-10-10T06:53:54.514+0000] {processor.py:839} INFO - DAG(s) dict_keys(['example_skip_dag']) retrieved from /home/airflow/.local/lib/python3.8/site-packages/airflow/example_dags/example_skip_dag.py
[2023-10-10T06:53:54.527+0000] {logging_mixin.py:151} INFO - [2023-10-10T06:53:54.527+0000] {dag.py:2915} INFO - Sync 1 DAGs
[2023-10-10T06:53:54.539+0000] {logging_mixin.py:151} INFO - [2023-10-10T06:53:54.539+0000] {dag.py:3696} INFO - Setting next_dagrun for example_skip_dag to 2023-10-09T06:53:54.539258+00:00, run_after=2023-10-10T06:53:54.539258+00:00
[2023-10-10T06:53:54.548+0000] {processor.py:179} INFO - Processing /home/airflow/.local/lib/python3.8/site-packages/airflow/example_dags/example_skip_dag.py took 0.043 seconds
[2023-10-10T06:54:25.636+0000] {processor.py:157} INFO - Started process (PID=908) to work on /home/airflow/.local/lib/python3.8/site-packages/airflow/example_dags/example_skip_dag.py
[2023-10-10T06:54:25.637+0000] {processor.py:829} INFO - Processing file /home/airflow/.local/lib/python3.8/site-packages/airflow/example_dags/example_skip_dag.py for tasks to queue
[2023-10-10T06:54:25.640+0000] {logging_mixin.py:151} INFO - [2023-10-10T06:54:25.640+0000] {dagbag.py:539} INFO - Filling up the DagBag from /home/airflow/.local/lib/python3.8/site-packages/airflow/example_dags/example_skip_dag.py
[2023-10-10T06:54:25.644+0000] {processor.py:839} INFO - DAG(s) dict_keys(['example_skip_dag']) retrieved from /home/airflow/.local/lib/python3.8/site-packages/airflow/example_dags/example_skip_dag.py
[2023-10-10T06:54:25.658+0000] {logging_mixin.py:151} INFO - [2023-10-10T06:54:25.658+0000] {dag.py:2915} INFO - Sync 1 DAGs
[2023-10-10T06:54:25.672+0000] {logging_mixin.py:151} INFO - [2023-10-10T06:54:25.671+0000] {dag.py:3696} INFO - Setting next_dagrun for example_skip_dag to 2023-10-09T06:54:25.671775+00:00, run_after=2023-10-10T06:54:25.671775+00:00
[2023-10-10T06:54:25.682+0000] {processor.py:179} INFO - Processing /home/airflow/.local/lib/python3.8/site-packages/airflow/example_dags/example_skip_dag.py took 0.049 seconds
[2023-10-10T06:54:56.723+0000] {processor.py:157} INFO - Started process (PID=964) to work on /home/airflow/.local/lib/python3.8/site-packages/airflow/example_dags/example_skip_dag.py
[2023-10-10T06:54:56.724+0000] {processor.py:829} INFO - Processing file /home/airflow/.local/lib/python3.8/site-packages/airflow/example_dags/example_skip_dag.py for tasks to queue
[2023-10-10T06:54:56.726+0000] {logging_mixin.py:151} INFO - [2023-10-10T06:54:56.726+0000] {dagbag.py:539} INFO - Filling up the DagBag from /home/airflow/.local/lib/python3.8/site-packages/airflow/example_dags/example_skip_dag.py
[2023-10-10T06:54:56.730+0000] {processor.py:839} INFO - DAG(s) dict_keys(['example_skip_dag']) retrieved from /home/airflow/.local/lib/python3.8/site-packages/airflow/example_dags/example_skip_dag.py
[2023-10-10T06:54:56.743+0000] {logging_mixin.py:151} INFO - [2023-10-10T06:54:56.743+0000] {dag.py:2915} INFO - Sync 1 DAGs
[2023-10-10T06:54:56.754+0000] {logging_mixin.py:151} INFO - [2023-10-10T06:54:56.754+0000] {dag.py:3696} INFO - Setting next_dagrun for example_skip_dag to 2023-10-09T06:54:56.754435+00:00, run_after=2023-10-10T06:54:56.754435+00:00
[2023-10-10T06:54:56.765+0000] {processor.py:179} INFO - Processing /home/airflow/.local/lib/python3.8/site-packages/airflow/example_dags/example_skip_dag.py took 0.044 seconds
[2023-10-10T06:55:27.009+0000] {processor.py:157} INFO - Started process (PID=1020) to work on /home/airflow/.local/lib/python3.8/site-packages/airflow/example_dags/example_skip_dag.py
[2023-10-10T06:55:27.010+0000] {processor.py:829} INFO - Processing file /home/airflow/.local/lib/python3.8/site-packages/airflow/example_dags/example_skip_dag.py for tasks to queue
[2023-10-10T06:55:27.012+0000] {logging_mixin.py:151} INFO - [2023-10-10T06:55:27.012+0000] {dagbag.py:539} INFO - Filling up the DagBag from /home/airflow/.local/lib/python3.8/site-packages/airflow/example_dags/example_skip_dag.py
[2023-10-10T06:55:27.018+0000] {processor.py:839} INFO - DAG(s) dict_keys(['example_skip_dag']) retrieved from /home/airflow/.local/lib/python3.8/site-packages/airflow/example_dags/example_skip_dag.py
[2023-10-10T06:55:27.034+0000] {logging_mixin.py:151} INFO - [2023-10-10T06:55:27.034+0000] {dag.py:2915} INFO - Sync 1 DAGs
[2023-10-10T06:55:27.048+0000] {logging_mixin.py:151} INFO - [2023-10-10T06:55:27.048+0000] {dag.py:3696} INFO - Setting next_dagrun for example_skip_dag to 2023-10-09T06:55:27.048403+00:00, run_after=2023-10-10T06:55:27.048403+00:00
[2023-10-10T06:55:27.060+0000] {processor.py:179} INFO - Processing /home/airflow/.local/lib/python3.8/site-packages/airflow/example_dags/example_skip_dag.py took 0.054 seconds
[2023-10-10T06:55:57.144+0000] {processor.py:157} INFO - Started process (PID=1076) to work on /home/airflow/.local/lib/python3.8/site-packages/airflow/example_dags/example_skip_dag.py
[2023-10-10T06:55:57.146+0000] {processor.py:829} INFO - Processing file /home/airflow/.local/lib/python3.8/site-packages/airflow/example_dags/example_skip_dag.py for tasks to queue
[2023-10-10T06:55:57.148+0000] {logging_mixin.py:151} INFO - [2023-10-10T06:55:57.147+0000] {dagbag.py:539} INFO - Filling up the DagBag from /home/airflow/.local/lib/python3.8/site-packages/airflow/example_dags/example_skip_dag.py
[2023-10-10T06:55:57.152+0000] {processor.py:839} INFO - DAG(s) dict_keys(['example_skip_dag']) retrieved from /home/airflow/.local/lib/python3.8/site-packages/airflow/example_dags/example_skip_dag.py
[2023-10-10T06:55:57.165+0000] {logging_mixin.py:151} INFO - [2023-10-10T06:55:57.165+0000] {dag.py:2915} INFO - Sync 1 DAGs
[2023-10-10T06:55:57.176+0000] {logging_mixin.py:151} INFO - [2023-10-10T06:55:57.176+0000] {dag.py:3696} INFO - Setting next_dagrun for example_skip_dag to 2023-10-09T06:55:57.175894+00:00, run_after=2023-10-10T06:55:57.175894+00:00
[2023-10-10T06:55:57.186+0000] {processor.py:179} INFO - Processing /home/airflow/.local/lib/python3.8/site-packages/airflow/example_dags/example_skip_dag.py took 0.044 seconds
[2023-10-10T06:56:27.561+0000] {processor.py:157} INFO - Started process (PID=1132) to work on /home/airflow/.local/lib/python3.8/site-packages/airflow/example_dags/example_skip_dag.py
[2023-10-10T06:56:27.563+0000] {processor.py:829} INFO - Processing file /home/airflow/.local/lib/python3.8/site-packages/airflow/example_dags/example_skip_dag.py for tasks to queue
[2023-10-10T06:56:27.565+0000] {logging_mixin.py:151} INFO - [2023-10-10T06:56:27.565+0000] {dagbag.py:539} INFO - Filling up the DagBag from /home/airflow/.local/lib/python3.8/site-packages/airflow/example_dags/example_skip_dag.py
[2023-10-10T06:56:27.569+0000] {processor.py:839} INFO - DAG(s) dict_keys(['example_skip_dag']) retrieved from /home/airflow/.local/lib/python3.8/site-packages/airflow/example_dags/example_skip_dag.py
[2023-10-10T06:56:27.582+0000] {logging_mixin.py:151} INFO - [2023-10-10T06:56:27.582+0000] {dag.py:2915} INFO - Sync 1 DAGs
[2023-10-10T06:56:27.594+0000] {logging_mixin.py:151} INFO - [2023-10-10T06:56:27.594+0000] {dag.py:3696} INFO - Setting next_dagrun for example_skip_dag to 2023-10-09T06:56:27.593954+00:00, run_after=2023-10-10T06:56:27.593954+00:00
[2023-10-10T06:56:27.602+0000] {processor.py:179} INFO - Processing /home/airflow/.local/lib/python3.8/site-packages/airflow/example_dags/example_skip_dag.py took 0.043 seconds
[2023-10-10T17:17:52.610+0000] {processor.py:157} INFO - Started process (PID=68) to work on /home/airflow/.local/lib/python3.8/site-packages/airflow/example_dags/example_skip_dag.py
[2023-10-10T17:17:52.611+0000] {processor.py:829} INFO - Processing file /home/airflow/.local/lib/python3.8/site-packages/airflow/example_dags/example_skip_dag.py for tasks to queue
[2023-10-10T17:17:52.613+0000] {logging_mixin.py:151} INFO - [2023-10-10T17:17:52.612+0000] {dagbag.py:539} INFO - Filling up the DagBag from /home/airflow/.local/lib/python3.8/site-packages/airflow/example_dags/example_skip_dag.py
[2023-10-10T17:17:52.620+0000] {processor.py:839} INFO - DAG(s) dict_keys(['example_skip_dag']) retrieved from /home/airflow/.local/lib/python3.8/site-packages/airflow/example_dags/example_skip_dag.py
[2023-10-10T17:17:52.631+0000] {logging_mixin.py:151} INFO - [2023-10-10T17:17:52.631+0000] {dag.py:2915} INFO - Sync 1 DAGs
[2023-10-10T17:17:52.649+0000] {logging_mixin.py:151} INFO - [2023-10-10T17:17:52.649+0000] {dag.py:3696} INFO - Setting next_dagrun for example_skip_dag to 2023-10-09T17:17:52.649399+00:00, run_after=2023-10-10T17:17:52.649399+00:00
[2023-10-10T17:17:52.661+0000] {processor.py:179} INFO - Processing /home/airflow/.local/lib/python3.8/site-packages/airflow/example_dags/example_skip_dag.py took 0.055 seconds
[2023-10-10T17:18:23.399+0000] {processor.py:157} INFO - Started process (PID=124) to work on /home/airflow/.local/lib/python3.8/site-packages/airflow/example_dags/example_skip_dag.py
[2023-10-10T17:18:23.399+0000] {processor.py:829} INFO - Processing file /home/airflow/.local/lib/python3.8/site-packages/airflow/example_dags/example_skip_dag.py for tasks to queue
[2023-10-10T17:18:23.401+0000] {logging_mixin.py:151} INFO - [2023-10-10T17:18:23.401+0000] {dagbag.py:539} INFO - Filling up the DagBag from /home/airflow/.local/lib/python3.8/site-packages/airflow/example_dags/example_skip_dag.py
[2023-10-10T17:18:23.405+0000] {processor.py:839} INFO - DAG(s) dict_keys(['example_skip_dag']) retrieved from /home/airflow/.local/lib/python3.8/site-packages/airflow/example_dags/example_skip_dag.py
[2023-10-10T17:18:23.418+0000] {logging_mixin.py:151} INFO - [2023-10-10T17:18:23.417+0000] {dag.py:2915} INFO - Sync 1 DAGs
[2023-10-10T17:18:23.431+0000] {logging_mixin.py:151} INFO - [2023-10-10T17:18:23.430+0000] {dag.py:3696} INFO - Setting next_dagrun for example_skip_dag to 2023-10-09T17:18:23.430806+00:00, run_after=2023-10-10T17:18:23.430806+00:00
[2023-10-10T17:18:23.441+0000] {processor.py:179} INFO - Processing /home/airflow/.local/lib/python3.8/site-packages/airflow/example_dags/example_skip_dag.py took 0.045 seconds
[2023-10-10T17:18:54.322+0000] {processor.py:157} INFO - Started process (PID=180) to work on /home/airflow/.local/lib/python3.8/site-packages/airflow/example_dags/example_skip_dag.py
[2023-10-10T17:18:54.323+0000] {processor.py:829} INFO - Processing file /home/airflow/.local/lib/python3.8/site-packages/airflow/example_dags/example_skip_dag.py for tasks to queue
[2023-10-10T17:18:54.325+0000] {logging_mixin.py:151} INFO - [2023-10-10T17:18:54.325+0000] {dagbag.py:539} INFO - Filling up the DagBag from /home/airflow/.local/lib/python3.8/site-packages/airflow/example_dags/example_skip_dag.py
[2023-10-10T17:18:54.329+0000] {processor.py:839} INFO - DAG(s) dict_keys(['example_skip_dag']) retrieved from /home/airflow/.local/lib/python3.8/site-packages/airflow/example_dags/example_skip_dag.py
[2023-10-10T17:18:54.342+0000] {logging_mixin.py:151} INFO - [2023-10-10T17:18:54.342+0000] {dag.py:2915} INFO - Sync 1 DAGs
[2023-10-10T17:18:54.353+0000] {logging_mixin.py:151} INFO - [2023-10-10T17:18:54.353+0000] {dag.py:3696} INFO - Setting next_dagrun for example_skip_dag to 2023-10-09T17:18:54.352883+00:00, run_after=2023-10-10T17:18:54.352883+00:00
[2023-10-10T17:18:54.363+0000] {processor.py:179} INFO - Processing /home/airflow/.local/lib/python3.8/site-packages/airflow/example_dags/example_skip_dag.py took 0.043 seconds
[2023-10-10T17:19:24.675+0000] {processor.py:157} INFO - Started process (PID=236) to work on /home/airflow/.local/lib/python3.8/site-packages/airflow/example_dags/example_skip_dag.py
[2023-10-10T17:19:24.676+0000] {processor.py:829} INFO - Processing file /home/airflow/.local/lib/python3.8/site-packages/airflow/example_dags/example_skip_dag.py for tasks to queue
[2023-10-10T17:19:24.677+0000] {logging_mixin.py:151} INFO - [2023-10-10T17:19:24.677+0000] {dagbag.py:539} INFO - Filling up the DagBag from /home/airflow/.local/lib/python3.8/site-packages/airflow/example_dags/example_skip_dag.py
[2023-10-10T17:19:24.682+0000] {processor.py:839} INFO - DAG(s) dict_keys(['example_skip_dag']) retrieved from /home/airflow/.local/lib/python3.8/site-packages/airflow/example_dags/example_skip_dag.py
[2023-10-10T17:19:24.694+0000] {logging_mixin.py:151} INFO - [2023-10-10T17:19:24.694+0000] {dag.py:2915} INFO - Sync 1 DAGs
[2023-10-10T17:19:24.706+0000] {logging_mixin.py:151} INFO - [2023-10-10T17:19:24.705+0000] {dag.py:3696} INFO - Setting next_dagrun for example_skip_dag to 2023-10-09T17:19:24.705736+00:00, run_after=2023-10-10T17:19:24.705736+00:00
[2023-10-10T17:19:24.714+0000] {processor.py:179} INFO - Processing /home/airflow/.local/lib/python3.8/site-packages/airflow/example_dags/example_skip_dag.py took 0.041 seconds
[2023-10-10T17:19:54.765+0000] {processor.py:157} INFO - Started process (PID=292) to work on /home/airflow/.local/lib/python3.8/site-packages/airflow/example_dags/example_skip_dag.py
[2023-10-10T17:19:54.766+0000] {processor.py:829} INFO - Processing file /home/airflow/.local/lib/python3.8/site-packages/airflow/example_dags/example_skip_dag.py for tasks to queue
[2023-10-10T17:19:54.768+0000] {logging_mixin.py:151} INFO - [2023-10-10T17:19:54.767+0000] {dagbag.py:539} INFO - Filling up the DagBag from /home/airflow/.local/lib/python3.8/site-packages/airflow/example_dags/example_skip_dag.py
[2023-10-10T17:19:54.771+0000] {processor.py:839} INFO - DAG(s) dict_keys(['example_skip_dag']) retrieved from /home/airflow/.local/lib/python3.8/site-packages/airflow/example_dags/example_skip_dag.py
[2023-10-10T17:19:54.784+0000] {logging_mixin.py:151} INFO - [2023-10-10T17:19:54.784+0000] {dag.py:2915} INFO - Sync 1 DAGs
[2023-10-10T17:19:54.796+0000] {logging_mixin.py:151} INFO - [2023-10-10T17:19:54.796+0000] {dag.py:3696} INFO - Setting next_dagrun for example_skip_dag to 2023-10-09T17:19:54.796471+00:00, run_after=2023-10-10T17:19:54.796471+00:00
[2023-10-10T17:19:54.808+0000] {processor.py:179} INFO - Processing /home/airflow/.local/lib/python3.8/site-packages/airflow/example_dags/example_skip_dag.py took 0.045 seconds
[2023-10-10T17:20:25.772+0000] {processor.py:157} INFO - Started process (PID=348) to work on /home/airflow/.local/lib/python3.8/site-packages/airflow/example_dags/example_skip_dag.py
[2023-10-10T17:20:25.773+0000] {processor.py:829} INFO - Processing file /home/airflow/.local/lib/python3.8/site-packages/airflow/example_dags/example_skip_dag.py for tasks to queue
[2023-10-10T17:20:25.775+0000] {logging_mixin.py:151} INFO - [2023-10-10T17:20:25.775+0000] {dagbag.py:539} INFO - Filling up the DagBag from /home/airflow/.local/lib/python3.8/site-packages/airflow/example_dags/example_skip_dag.py
[2023-10-10T17:20:25.779+0000] {processor.py:839} INFO - DAG(s) dict_keys(['example_skip_dag']) retrieved from /home/airflow/.local/lib/python3.8/site-packages/airflow/example_dags/example_skip_dag.py
[2023-10-10T17:20:25.791+0000] {logging_mixin.py:151} INFO - [2023-10-10T17:20:25.791+0000] {dag.py:2915} INFO - Sync 1 DAGs
[2023-10-10T17:20:25.804+0000] {logging_mixin.py:151} INFO - [2023-10-10T17:20:25.804+0000] {dag.py:3696} INFO - Setting next_dagrun for example_skip_dag to 2023-10-09T17:20:25.804019+00:00, run_after=2023-10-10T17:20:25.804019+00:00
[2023-10-10T17:20:25.814+0000] {processor.py:179} INFO - Processing /home/airflow/.local/lib/python3.8/site-packages/airflow/example_dags/example_skip_dag.py took 0.044 seconds
[2023-10-10T17:20:55.995+0000] {processor.py:157} INFO - Started process (PID=404) to work on /home/airflow/.local/lib/python3.8/site-packages/airflow/example_dags/example_skip_dag.py
[2023-10-10T17:20:55.996+0000] {processor.py:829} INFO - Processing file /home/airflow/.local/lib/python3.8/site-packages/airflow/example_dags/example_skip_dag.py for tasks to queue
[2023-10-10T17:20:55.998+0000] {logging_mixin.py:151} INFO - [2023-10-10T17:20:55.998+0000] {dagbag.py:539} INFO - Filling up the DagBag from /home/airflow/.local/lib/python3.8/site-packages/airflow/example_dags/example_skip_dag.py
[2023-10-10T17:20:56.002+0000] {processor.py:839} INFO - DAG(s) dict_keys(['example_skip_dag']) retrieved from /home/airflow/.local/lib/python3.8/site-packages/airflow/example_dags/example_skip_dag.py
[2023-10-10T17:20:56.014+0000] {logging_mixin.py:151} INFO - [2023-10-10T17:20:56.014+0000] {dag.py:2915} INFO - Sync 1 DAGs
[2023-10-10T17:20:56.026+0000] {logging_mixin.py:151} INFO - [2023-10-10T17:20:56.026+0000] {dag.py:3696} INFO - Setting next_dagrun for example_skip_dag to 2023-10-09T17:20:56.026645+00:00, run_after=2023-10-10T17:20:56.026645+00:00
[2023-10-10T17:20:56.037+0000] {processor.py:179} INFO - Processing /home/airflow/.local/lib/python3.8/site-packages/airflow/example_dags/example_skip_dag.py took 0.044 seconds
[2023-10-10T17:21:26.101+0000] {processor.py:157} INFO - Started process (PID=460) to work on /home/airflow/.local/lib/python3.8/site-packages/airflow/example_dags/example_skip_dag.py
[2023-10-10T17:21:26.102+0000] {processor.py:829} INFO - Processing file /home/airflow/.local/lib/python3.8/site-packages/airflow/example_dags/example_skip_dag.py for tasks to queue
[2023-10-10T17:21:26.104+0000] {logging_mixin.py:151} INFO - [2023-10-10T17:21:26.103+0000] {dagbag.py:539} INFO - Filling up the DagBag from /home/airflow/.local/lib/python3.8/site-packages/airflow/example_dags/example_skip_dag.py
[2023-10-10T17:21:26.107+0000] {processor.py:839} INFO - DAG(s) dict_keys(['example_skip_dag']) retrieved from /home/airflow/.local/lib/python3.8/site-packages/airflow/example_dags/example_skip_dag.py
[2023-10-10T17:21:26.119+0000] {logging_mixin.py:151} INFO - [2023-10-10T17:21:26.119+0000] {dag.py:2915} INFO - Sync 1 DAGs
[2023-10-10T17:21:26.129+0000] {logging_mixin.py:151} INFO - [2023-10-10T17:21:26.129+0000] {dag.py:3696} INFO - Setting next_dagrun for example_skip_dag to 2023-10-09T17:21:26.129597+00:00, run_after=2023-10-10T17:21:26.129597+00:00
[2023-10-10T17:21:26.139+0000] {processor.py:179} INFO - Processing /home/airflow/.local/lib/python3.8/site-packages/airflow/example_dags/example_skip_dag.py took 0.040 seconds
[2023-10-10T17:21:56.398+0000] {processor.py:157} INFO - Started process (PID=516) to work on /home/airflow/.local/lib/python3.8/site-packages/airflow/example_dags/example_skip_dag.py
[2023-10-10T17:21:56.399+0000] {processor.py:829} INFO - Processing file /home/airflow/.local/lib/python3.8/site-packages/airflow/example_dags/example_skip_dag.py for tasks to queue
[2023-10-10T17:21:56.400+0000] {logging_mixin.py:151} INFO - [2023-10-10T17:21:56.400+0000] {dagbag.py:539} INFO - Filling up the DagBag from /home/airflow/.local/lib/python3.8/site-packages/airflow/example_dags/example_skip_dag.py
[2023-10-10T17:21:56.404+0000] {processor.py:839} INFO - DAG(s) dict_keys(['example_skip_dag']) retrieved from /home/airflow/.local/lib/python3.8/site-packages/airflow/example_dags/example_skip_dag.py
[2023-10-10T17:21:56.417+0000] {logging_mixin.py:151} INFO - [2023-10-10T17:21:56.417+0000] {dag.py:2915} INFO - Sync 1 DAGs
[2023-10-10T17:21:56.428+0000] {logging_mixin.py:151} INFO - [2023-10-10T17:21:56.428+0000] {dag.py:3696} INFO - Setting next_dagrun for example_skip_dag to 2023-10-09T17:21:56.428682+00:00, run_after=2023-10-10T17:21:56.428682+00:00
[2023-10-10T17:21:56.438+0000] {processor.py:179} INFO - Processing /home/airflow/.local/lib/python3.8/site-packages/airflow/example_dags/example_skip_dag.py took 0.042 seconds
[2023-10-10T17:22:27.425+0000] {processor.py:157} INFO - Started process (PID=572) to work on /home/airflow/.local/lib/python3.8/site-packages/airflow/example_dags/example_skip_dag.py
[2023-10-10T17:22:27.426+0000] {processor.py:829} INFO - Processing file /home/airflow/.local/lib/python3.8/site-packages/airflow/example_dags/example_skip_dag.py for tasks to queue
[2023-10-10T17:22:27.427+0000] {logging_mixin.py:151} INFO - [2023-10-10T17:22:27.427+0000] {dagbag.py:539} INFO - Filling up the DagBag from /home/airflow/.local/lib/python3.8/site-packages/airflow/example_dags/example_skip_dag.py
[2023-10-10T17:22:27.431+0000] {processor.py:839} INFO - DAG(s) dict_keys(['example_skip_dag']) retrieved from /home/airflow/.local/lib/python3.8/site-packages/airflow/example_dags/example_skip_dag.py
[2023-10-10T17:22:27.443+0000] {logging_mixin.py:151} INFO - [2023-10-10T17:22:27.443+0000] {dag.py:2915} INFO - Sync 1 DAGs
[2023-10-10T17:22:27.454+0000] {logging_mixin.py:151} INFO - [2023-10-10T17:22:27.454+0000] {dag.py:3696} INFO - Setting next_dagrun for example_skip_dag to 2023-10-09T17:22:27.454255+00:00, run_after=2023-10-10T17:22:27.454255+00:00
[2023-10-10T17:22:27.466+0000] {processor.py:179} INFO - Processing /home/airflow/.local/lib/python3.8/site-packages/airflow/example_dags/example_skip_dag.py took 0.044 seconds
[2023-10-10T17:22:57.693+0000] {processor.py:157} INFO - Started process (PID=628) to work on /home/airflow/.local/lib/python3.8/site-packages/airflow/example_dags/example_skip_dag.py
[2023-10-10T17:22:57.694+0000] {processor.py:829} INFO - Processing file /home/airflow/.local/lib/python3.8/site-packages/airflow/example_dags/example_skip_dag.py for tasks to queue
[2023-10-10T17:22:57.696+0000] {logging_mixin.py:151} INFO - [2023-10-10T17:22:57.696+0000] {dagbag.py:539} INFO - Filling up the DagBag from /home/airflow/.local/lib/python3.8/site-packages/airflow/example_dags/example_skip_dag.py
[2023-10-10T17:22:57.700+0000] {processor.py:839} INFO - DAG(s) dict_keys(['example_skip_dag']) retrieved from /home/airflow/.local/lib/python3.8/site-packages/airflow/example_dags/example_skip_dag.py
[2023-10-10T17:22:57.712+0000] {logging_mixin.py:151} INFO - [2023-10-10T17:22:57.712+0000] {dag.py:2915} INFO - Sync 1 DAGs
[2023-10-10T17:22:57.723+0000] {logging_mixin.py:151} INFO - [2023-10-10T17:22:57.723+0000] {dag.py:3696} INFO - Setting next_dagrun for example_skip_dag to 2023-10-09T17:22:57.723673+00:00, run_after=2023-10-10T17:22:57.723673+00:00
[2023-10-10T17:22:57.732+0000] {processor.py:179} INFO - Processing /home/airflow/.local/lib/python3.8/site-packages/airflow/example_dags/example_skip_dag.py took 0.041 seconds
[2023-10-10T17:23:28.638+0000] {processor.py:157} INFO - Started process (PID=684) to work on /home/airflow/.local/lib/python3.8/site-packages/airflow/example_dags/example_skip_dag.py
[2023-10-10T17:23:28.639+0000] {processor.py:829} INFO - Processing file /home/airflow/.local/lib/python3.8/site-packages/airflow/example_dags/example_skip_dag.py for tasks to queue
[2023-10-10T17:23:28.641+0000] {logging_mixin.py:151} INFO - [2023-10-10T17:23:28.641+0000] {dagbag.py:539} INFO - Filling up the DagBag from /home/airflow/.local/lib/python3.8/site-packages/airflow/example_dags/example_skip_dag.py
[2023-10-10T17:23:28.645+0000] {processor.py:839} INFO - DAG(s) dict_keys(['example_skip_dag']) retrieved from /home/airflow/.local/lib/python3.8/site-packages/airflow/example_dags/example_skip_dag.py
[2023-10-10T17:23:28.658+0000] {logging_mixin.py:151} INFO - [2023-10-10T17:23:28.658+0000] {dag.py:2915} INFO - Sync 1 DAGs
[2023-10-10T17:23:28.669+0000] {logging_mixin.py:151} INFO - [2023-10-10T17:23:28.669+0000] {dag.py:3696} INFO - Setting next_dagrun for example_skip_dag to 2023-10-09T17:23:28.669224+00:00, run_after=2023-10-10T17:23:28.669224+00:00
[2023-10-10T17:23:28.678+0000] {processor.py:179} INFO - Processing /home/airflow/.local/lib/python3.8/site-packages/airflow/example_dags/example_skip_dag.py took 0.042 seconds
[2023-10-10T17:23:58.993+0000] {processor.py:157} INFO - Started process (PID=740) to work on /home/airflow/.local/lib/python3.8/site-packages/airflow/example_dags/example_skip_dag.py
[2023-10-10T17:23:58.994+0000] {processor.py:829} INFO - Processing file /home/airflow/.local/lib/python3.8/site-packages/airflow/example_dags/example_skip_dag.py for tasks to queue
[2023-10-10T17:23:58.995+0000] {logging_mixin.py:151} INFO - [2023-10-10T17:23:58.995+0000] {dagbag.py:539} INFO - Filling up the DagBag from /home/airflow/.local/lib/python3.8/site-packages/airflow/example_dags/example_skip_dag.py
[2023-10-10T17:23:58.999+0000] {processor.py:839} INFO - DAG(s) dict_keys(['example_skip_dag']) retrieved from /home/airflow/.local/lib/python3.8/site-packages/airflow/example_dags/example_skip_dag.py
[2023-10-10T17:23:59.012+0000] {logging_mixin.py:151} INFO - [2023-10-10T17:23:59.012+0000] {dag.py:2915} INFO - Sync 1 DAGs
[2023-10-10T17:23:59.024+0000] {logging_mixin.py:151} INFO - [2023-10-10T17:23:59.024+0000] {dag.py:3696} INFO - Setting next_dagrun for example_skip_dag to 2023-10-09T17:23:59.024313+00:00, run_after=2023-10-10T17:23:59.024313+00:00
[2023-10-10T17:23:59.035+0000] {processor.py:179} INFO - Processing /home/airflow/.local/lib/python3.8/site-packages/airflow/example_dags/example_skip_dag.py took 0.044 seconds
[2023-10-10T17:24:30.076+0000] {processor.py:157} INFO - Started process (PID=796) to work on /home/airflow/.local/lib/python3.8/site-packages/airflow/example_dags/example_skip_dag.py
[2023-10-10T17:24:30.077+0000] {processor.py:829} INFO - Processing file /home/airflow/.local/lib/python3.8/site-packages/airflow/example_dags/example_skip_dag.py for tasks to queue
[2023-10-10T17:24:30.078+0000] {logging_mixin.py:151} INFO - [2023-10-10T17:24:30.078+0000] {dagbag.py:539} INFO - Filling up the DagBag from /home/airflow/.local/lib/python3.8/site-packages/airflow/example_dags/example_skip_dag.py
[2023-10-10T17:24:30.082+0000] {processor.py:839} INFO - DAG(s) dict_keys(['example_skip_dag']) retrieved from /home/airflow/.local/lib/python3.8/site-packages/airflow/example_dags/example_skip_dag.py
[2023-10-10T17:24:30.095+0000] {logging_mixin.py:151} INFO - [2023-10-10T17:24:30.095+0000] {dag.py:2915} INFO - Sync 1 DAGs
[2023-10-10T17:24:30.106+0000] {logging_mixin.py:151} INFO - [2023-10-10T17:24:30.106+0000] {dag.py:3696} INFO - Setting next_dagrun for example_skip_dag to 2023-10-09T17:24:30.106425+00:00, run_after=2023-10-10T17:24:30.106425+00:00
[2023-10-10T17:24:30.116+0000] {processor.py:179} INFO - Processing /home/airflow/.local/lib/python3.8/site-packages/airflow/example_dags/example_skip_dag.py took 0.042 seconds
[2023-10-10T17:25:00.270+0000] {processor.py:157} INFO - Started process (PID=852) to work on /home/airflow/.local/lib/python3.8/site-packages/airflow/example_dags/example_skip_dag.py
[2023-10-10T17:25:00.271+0000] {processor.py:829} INFO - Processing file /home/airflow/.local/lib/python3.8/site-packages/airflow/example_dags/example_skip_dag.py for tasks to queue
[2023-10-10T17:25:00.272+0000] {logging_mixin.py:151} INFO - [2023-10-10T17:25:00.272+0000] {dagbag.py:539} INFO - Filling up the DagBag from /home/airflow/.local/lib/python3.8/site-packages/airflow/example_dags/example_skip_dag.py
[2023-10-10T17:25:00.277+0000] {processor.py:839} INFO - DAG(s) dict_keys(['example_skip_dag']) retrieved from /home/airflow/.local/lib/python3.8/site-packages/airflow/example_dags/example_skip_dag.py
[2023-10-10T17:25:00.289+0000] {logging_mixin.py:151} INFO - [2023-10-10T17:25:00.289+0000] {dag.py:2915} INFO - Sync 1 DAGs
[2023-10-10T17:25:00.299+0000] {logging_mixin.py:151} INFO - [2023-10-10T17:25:00.299+0000] {dag.py:3696} INFO - Setting next_dagrun for example_skip_dag to 2023-10-09T17:25:00.299454+00:00, run_after=2023-10-10T17:25:00.299454+00:00
[2023-10-10T17:25:00.309+0000] {processor.py:179} INFO - Processing /home/airflow/.local/lib/python3.8/site-packages/airflow/example_dags/example_skip_dag.py took 0.042 seconds
[2023-10-10T17:25:30.549+0000] {processor.py:157} INFO - Started process (PID=908) to work on /home/airflow/.local/lib/python3.8/site-packages/airflow/example_dags/example_skip_dag.py
[2023-10-10T17:25:30.550+0000] {processor.py:829} INFO - Processing file /home/airflow/.local/lib/python3.8/site-packages/airflow/example_dags/example_skip_dag.py for tasks to queue
[2023-10-10T17:25:30.551+0000] {logging_mixin.py:151} INFO - [2023-10-10T17:25:30.551+0000] {dagbag.py:539} INFO - Filling up the DagBag from /home/airflow/.local/lib/python3.8/site-packages/airflow/example_dags/example_skip_dag.py
[2023-10-10T17:25:30.556+0000] {processor.py:839} INFO - DAG(s) dict_keys(['example_skip_dag']) retrieved from /home/airflow/.local/lib/python3.8/site-packages/airflow/example_dags/example_skip_dag.py
[2023-10-10T17:25:30.568+0000] {logging_mixin.py:151} INFO - [2023-10-10T17:25:30.568+0000] {dag.py:2915} INFO - Sync 1 DAGs
[2023-10-10T17:25:30.580+0000] {logging_mixin.py:151} INFO - [2023-10-10T17:25:30.579+0000] {dag.py:3696} INFO - Setting next_dagrun for example_skip_dag to 2023-10-09T17:25:30.579816+00:00, run_after=2023-10-10T17:25:30.579816+00:00
[2023-10-10T17:25:30.589+0000] {processor.py:179} INFO - Processing /home/airflow/.local/lib/python3.8/site-packages/airflow/example_dags/example_skip_dag.py took 0.042 seconds
[2023-10-10T17:26:01.489+0000] {processor.py:157} INFO - Started process (PID=964) to work on /home/airflow/.local/lib/python3.8/site-packages/airflow/example_dags/example_skip_dag.py
[2023-10-10T17:26:01.490+0000] {processor.py:829} INFO - Processing file /home/airflow/.local/lib/python3.8/site-packages/airflow/example_dags/example_skip_dag.py for tasks to queue
[2023-10-10T17:26:01.491+0000] {logging_mixin.py:151} INFO - [2023-10-10T17:26:01.491+0000] {dagbag.py:539} INFO - Filling up the DagBag from /home/airflow/.local/lib/python3.8/site-packages/airflow/example_dags/example_skip_dag.py
[2023-10-10T17:26:01.495+0000] {processor.py:839} INFO - DAG(s) dict_keys(['example_skip_dag']) retrieved from /home/airflow/.local/lib/python3.8/site-packages/airflow/example_dags/example_skip_dag.py
[2023-10-10T17:26:01.508+0000] {logging_mixin.py:151} INFO - [2023-10-10T17:26:01.508+0000] {dag.py:2915} INFO - Sync 1 DAGs
[2023-10-10T17:26:01.520+0000] {logging_mixin.py:151} INFO - [2023-10-10T17:26:01.520+0000] {dag.py:3696} INFO - Setting next_dagrun for example_skip_dag to 2023-10-09T17:26:01.520598+00:00, run_after=2023-10-10T17:26:01.520598+00:00
[2023-10-10T17:26:01.530+0000] {processor.py:179} INFO - Processing /home/airflow/.local/lib/python3.8/site-packages/airflow/example_dags/example_skip_dag.py took 0.044 seconds
[2023-10-10T17:26:31.689+0000] {processor.py:157} INFO - Started process (PID=1020) to work on /home/airflow/.local/lib/python3.8/site-packages/airflow/example_dags/example_skip_dag.py
[2023-10-10T17:26:31.690+0000] {processor.py:829} INFO - Processing file /home/airflow/.local/lib/python3.8/site-packages/airflow/example_dags/example_skip_dag.py for tasks to queue
[2023-10-10T17:26:31.692+0000] {logging_mixin.py:151} INFO - [2023-10-10T17:26:31.691+0000] {dagbag.py:539} INFO - Filling up the DagBag from /home/airflow/.local/lib/python3.8/site-packages/airflow/example_dags/example_skip_dag.py
[2023-10-10T17:26:31.696+0000] {processor.py:839} INFO - DAG(s) dict_keys(['example_skip_dag']) retrieved from /home/airflow/.local/lib/python3.8/site-packages/airflow/example_dags/example_skip_dag.py
[2023-10-10T17:26:31.710+0000] {logging_mixin.py:151} INFO - [2023-10-10T17:26:31.710+0000] {dag.py:2915} INFO - Sync 1 DAGs
[2023-10-10T17:26:31.723+0000] {logging_mixin.py:151} INFO - [2023-10-10T17:26:31.723+0000] {dag.py:3696} INFO - Setting next_dagrun for example_skip_dag to 2023-10-09T17:26:31.722986+00:00, run_after=2023-10-10T17:26:31.722986+00:00
[2023-10-10T17:26:31.733+0000] {processor.py:179} INFO - Processing /home/airflow/.local/lib/python3.8/site-packages/airflow/example_dags/example_skip_dag.py took 0.047 seconds
[2023-10-10T17:27:02.909+0000] {processor.py:157} INFO - Started process (PID=1076) to work on /home/airflow/.local/lib/python3.8/site-packages/airflow/example_dags/example_skip_dag.py
[2023-10-10T17:27:02.910+0000] {processor.py:829} INFO - Processing file /home/airflow/.local/lib/python3.8/site-packages/airflow/example_dags/example_skip_dag.py for tasks to queue
[2023-10-10T17:27:02.912+0000] {logging_mixin.py:151} INFO - [2023-10-10T17:27:02.912+0000] {dagbag.py:539} INFO - Filling up the DagBag from /home/airflow/.local/lib/python3.8/site-packages/airflow/example_dags/example_skip_dag.py
[2023-10-10T17:27:02.916+0000] {processor.py:839} INFO - DAG(s) dict_keys(['example_skip_dag']) retrieved from /home/airflow/.local/lib/python3.8/site-packages/airflow/example_dags/example_skip_dag.py
[2023-10-10T17:27:02.930+0000] {logging_mixin.py:151} INFO - [2023-10-10T17:27:02.930+0000] {dag.py:2915} INFO - Sync 1 DAGs
[2023-10-10T17:27:02.943+0000] {logging_mixin.py:151} INFO - [2023-10-10T17:27:02.942+0000] {dag.py:3696} INFO - Setting next_dagrun for example_skip_dag to 2023-10-09T17:27:02.942808+00:00, run_after=2023-10-10T17:27:02.942808+00:00
[2023-10-10T17:27:02.952+0000] {processor.py:179} INFO - Processing /home/airflow/.local/lib/python3.8/site-packages/airflow/example_dags/example_skip_dag.py took 0.045 seconds
[2023-10-10T17:27:33.910+0000] {processor.py:157} INFO - Started process (PID=1132) to work on /home/airflow/.local/lib/python3.8/site-packages/airflow/example_dags/example_skip_dag.py
[2023-10-10T17:27:33.911+0000] {processor.py:829} INFO - Processing file /home/airflow/.local/lib/python3.8/site-packages/airflow/example_dags/example_skip_dag.py for tasks to queue
[2023-10-10T17:27:33.912+0000] {logging_mixin.py:151} INFO - [2023-10-10T17:27:33.912+0000] {dagbag.py:539} INFO - Filling up the DagBag from /home/airflow/.local/lib/python3.8/site-packages/airflow/example_dags/example_skip_dag.py
[2023-10-10T17:27:33.916+0000] {processor.py:839} INFO - DAG(s) dict_keys(['example_skip_dag']) retrieved from /home/airflow/.local/lib/python3.8/site-packages/airflow/example_dags/example_skip_dag.py
[2023-10-10T17:27:33.929+0000] {logging_mixin.py:151} INFO - [2023-10-10T17:27:33.929+0000] {dag.py:2915} INFO - Sync 1 DAGs
[2023-10-10T17:27:33.941+0000] {logging_mixin.py:151} INFO - [2023-10-10T17:27:33.940+0000] {dag.py:3696} INFO - Setting next_dagrun for example_skip_dag to 2023-10-09T17:27:33.940767+00:00, run_after=2023-10-10T17:27:33.940767+00:00
[2023-10-10T17:27:33.950+0000] {processor.py:179} INFO - Processing /home/airflow/.local/lib/python3.8/site-packages/airflow/example_dags/example_skip_dag.py took 0.042 seconds
[2023-10-10T17:28:04.112+0000] {processor.py:157} INFO - Started process (PID=1188) to work on /home/airflow/.local/lib/python3.8/site-packages/airflow/example_dags/example_skip_dag.py
[2023-10-10T17:28:04.112+0000] {processor.py:829} INFO - Processing file /home/airflow/.local/lib/python3.8/site-packages/airflow/example_dags/example_skip_dag.py for tasks to queue
[2023-10-10T17:28:04.114+0000] {logging_mixin.py:151} INFO - [2023-10-10T17:28:04.114+0000] {dagbag.py:539} INFO - Filling up the DagBag from /home/airflow/.local/lib/python3.8/site-packages/airflow/example_dags/example_skip_dag.py
[2023-10-10T17:28:04.118+0000] {processor.py:839} INFO - DAG(s) dict_keys(['example_skip_dag']) retrieved from /home/airflow/.local/lib/python3.8/site-packages/airflow/example_dags/example_skip_dag.py
[2023-10-10T17:28:04.130+0000] {logging_mixin.py:151} INFO - [2023-10-10T17:28:04.130+0000] {dag.py:2915} INFO - Sync 1 DAGs
[2023-10-10T17:28:04.142+0000] {logging_mixin.py:151} INFO - [2023-10-10T17:28:04.142+0000] {dag.py:3696} INFO - Setting next_dagrun for example_skip_dag to 2023-10-09T17:28:04.142461+00:00, run_after=2023-10-10T17:28:04.142461+00:00
[2023-10-10T17:28:04.151+0000] {processor.py:179} INFO - Processing /home/airflow/.local/lib/python3.8/site-packages/airflow/example_dags/example_skip_dag.py took 0.042 seconds
[2023-10-10T17:28:35.228+0000] {processor.py:157} INFO - Started process (PID=1245) to work on /home/airflow/.local/lib/python3.8/site-packages/airflow/example_dags/example_skip_dag.py
[2023-10-10T17:28:35.229+0000] {processor.py:829} INFO - Processing file /home/airflow/.local/lib/python3.8/site-packages/airflow/example_dags/example_skip_dag.py for tasks to queue
[2023-10-10T17:28:35.230+0000] {logging_mixin.py:151} INFO - [2023-10-10T17:28:35.230+0000] {dagbag.py:539} INFO - Filling up the DagBag from /home/airflow/.local/lib/python3.8/site-packages/airflow/example_dags/example_skip_dag.py
[2023-10-10T17:28:35.234+0000] {processor.py:839} INFO - DAG(s) dict_keys(['example_skip_dag']) retrieved from /home/airflow/.local/lib/python3.8/site-packages/airflow/example_dags/example_skip_dag.py
[2023-10-10T17:28:35.247+0000] {logging_mixin.py:151} INFO - [2023-10-10T17:28:35.247+0000] {dag.py:2915} INFO - Sync 1 DAGs
[2023-10-10T17:28:35.258+0000] {logging_mixin.py:151} INFO - [2023-10-10T17:28:35.258+0000] {dag.py:3696} INFO - Setting next_dagrun for example_skip_dag to 2023-10-09T17:28:35.258264+00:00, run_after=2023-10-10T17:28:35.258264+00:00
[2023-10-10T17:28:35.267+0000] {processor.py:179} INFO - Processing /home/airflow/.local/lib/python3.8/site-packages/airflow/example_dags/example_skip_dag.py took 0.042 seconds
