[2023-10-10T06:38:10.917+0000] {processor.py:157} INFO - Started process (PID=59) to work on /home/airflow/.local/lib/python3.8/site-packages/airflow/example_dags/example_latest_only_with_trigger.py
[2023-10-10T06:38:10.918+0000] {processor.py:829} INFO - Processing file /home/airflow/.local/lib/python3.8/site-packages/airflow/example_dags/example_latest_only_with_trigger.py for tasks to queue
[2023-10-10T06:38:10.920+0000] {logging_mixin.py:151} INFO - [2023-10-10T06:38:10.920+0000] {dagbag.py:539} INFO - Filling up the DagBag from /home/airflow/.local/lib/python3.8/site-packages/airflow/example_dags/example_latest_only_with_trigger.py
[2023-10-10T06:38:10.929+0000] {processor.py:839} INFO - DAG(s) dict_keys(['latest_only_with_trigger']) retrieved from /home/airflow/.local/lib/python3.8/site-packages/airflow/example_dags/example_latest_only_with_trigger.py
[2023-10-10T06:38:10.943+0000] {logging_mixin.py:151} INFO - [2023-10-10T06:38:10.942+0000] {dag.py:2915} INFO - Sync 1 DAGs
[2023-10-10T06:38:10.972+0000] {logging_mixin.py:151} INFO - [2023-10-10T06:38:10.972+0000] {dag.py:3696} INFO - Setting next_dagrun for latest_only_with_trigger to 2023-10-10T02:38:10.972033+00:00, run_after=2023-10-10T06:38:10.972033+00:00
[2023-10-10T06:38:10.985+0000] {processor.py:179} INFO - Processing /home/airflow/.local/lib/python3.8/site-packages/airflow/example_dags/example_latest_only_with_trigger.py took 0.070 seconds
[2023-10-10T06:38:41.188+0000] {processor.py:157} INFO - Started process (PID=115) to work on /home/airflow/.local/lib/python3.8/site-packages/airflow/example_dags/example_latest_only_with_trigger.py
[2023-10-10T06:38:41.189+0000] {processor.py:829} INFO - Processing file /home/airflow/.local/lib/python3.8/site-packages/airflow/example_dags/example_latest_only_with_trigger.py for tasks to queue
[2023-10-10T06:38:41.190+0000] {logging_mixin.py:151} INFO - [2023-10-10T06:38:41.190+0000] {dagbag.py:539} INFO - Filling up the DagBag from /home/airflow/.local/lib/python3.8/site-packages/airflow/example_dags/example_latest_only_with_trigger.py
[2023-10-10T06:38:41.194+0000] {processor.py:839} INFO - DAG(s) dict_keys(['latest_only_with_trigger']) retrieved from /home/airflow/.local/lib/python3.8/site-packages/airflow/example_dags/example_latest_only_with_trigger.py
[2023-10-10T06:38:41.206+0000] {logging_mixin.py:151} INFO - [2023-10-10T06:38:41.206+0000] {dag.py:2915} INFO - Sync 1 DAGs
[2023-10-10T06:38:41.218+0000] {logging_mixin.py:151} INFO - [2023-10-10T06:38:41.217+0000] {dag.py:3696} INFO - Setting next_dagrun for latest_only_with_trigger to 2023-10-10T02:38:41.217845+00:00, run_after=2023-10-10T06:38:41.217845+00:00
[2023-10-10T06:38:41.228+0000] {processor.py:179} INFO - Processing /home/airflow/.local/lib/python3.8/site-packages/airflow/example_dags/example_latest_only_with_trigger.py took 0.042 seconds
[2023-10-10T06:39:11.619+0000] {processor.py:157} INFO - Started process (PID=171) to work on /home/airflow/.local/lib/python3.8/site-packages/airflow/example_dags/example_latest_only_with_trigger.py
[2023-10-10T06:39:11.620+0000] {processor.py:829} INFO - Processing file /home/airflow/.local/lib/python3.8/site-packages/airflow/example_dags/example_latest_only_with_trigger.py for tasks to queue
[2023-10-10T06:39:11.622+0000] {logging_mixin.py:151} INFO - [2023-10-10T06:39:11.622+0000] {dagbag.py:539} INFO - Filling up the DagBag from /home/airflow/.local/lib/python3.8/site-packages/airflow/example_dags/example_latest_only_with_trigger.py
[2023-10-10T06:39:11.626+0000] {processor.py:839} INFO - DAG(s) dict_keys(['latest_only_with_trigger']) retrieved from /home/airflow/.local/lib/python3.8/site-packages/airflow/example_dags/example_latest_only_with_trigger.py
[2023-10-10T06:39:11.639+0000] {logging_mixin.py:151} INFO - [2023-10-10T06:39:11.639+0000] {dag.py:2915} INFO - Sync 1 DAGs
[2023-10-10T06:39:11.652+0000] {logging_mixin.py:151} INFO - [2023-10-10T06:39:11.652+0000] {dag.py:3696} INFO - Setting next_dagrun for latest_only_with_trigger to 2023-10-10T02:39:11.652226+00:00, run_after=2023-10-10T06:39:11.652226+00:00
[2023-10-10T06:39:11.664+0000] {processor.py:179} INFO - Processing /home/airflow/.local/lib/python3.8/site-packages/airflow/example_dags/example_latest_only_with_trigger.py took 0.047 seconds
[2023-10-10T06:39:41.792+0000] {processor.py:157} INFO - Started process (PID=227) to work on /home/airflow/.local/lib/python3.8/site-packages/airflow/example_dags/example_latest_only_with_trigger.py
[2023-10-10T06:39:41.793+0000] {processor.py:829} INFO - Processing file /home/airflow/.local/lib/python3.8/site-packages/airflow/example_dags/example_latest_only_with_trigger.py for tasks to queue
[2023-10-10T06:39:41.795+0000] {logging_mixin.py:151} INFO - [2023-10-10T06:39:41.794+0000] {dagbag.py:539} INFO - Filling up the DagBag from /home/airflow/.local/lib/python3.8/site-packages/airflow/example_dags/example_latest_only_with_trigger.py
[2023-10-10T06:39:41.798+0000] {processor.py:839} INFO - DAG(s) dict_keys(['latest_only_with_trigger']) retrieved from /home/airflow/.local/lib/python3.8/site-packages/airflow/example_dags/example_latest_only_with_trigger.py
[2023-10-10T06:39:41.811+0000] {logging_mixin.py:151} INFO - [2023-10-10T06:39:41.810+0000] {dag.py:2915} INFO - Sync 1 DAGs
[2023-10-10T06:39:41.821+0000] {logging_mixin.py:151} INFO - [2023-10-10T06:39:41.821+0000] {dag.py:3696} INFO - Setting next_dagrun for latest_only_with_trigger to 2023-10-10T02:39:41.821396+00:00, run_after=2023-10-10T06:39:41.821396+00:00
[2023-10-10T06:39:41.830+0000] {processor.py:179} INFO - Processing /home/airflow/.local/lib/python3.8/site-packages/airflow/example_dags/example_latest_only_with_trigger.py took 0.040 seconds
[2023-10-10T06:40:11.988+0000] {processor.py:157} INFO - Started process (PID=283) to work on /home/airflow/.local/lib/python3.8/site-packages/airflow/example_dags/example_latest_only_with_trigger.py
[2023-10-10T06:40:11.989+0000] {processor.py:829} INFO - Processing file /home/airflow/.local/lib/python3.8/site-packages/airflow/example_dags/example_latest_only_with_trigger.py for tasks to queue
[2023-10-10T06:40:11.990+0000] {logging_mixin.py:151} INFO - [2023-10-10T06:40:11.990+0000] {dagbag.py:539} INFO - Filling up the DagBag from /home/airflow/.local/lib/python3.8/site-packages/airflow/example_dags/example_latest_only_with_trigger.py
[2023-10-10T06:40:11.994+0000] {processor.py:839} INFO - DAG(s) dict_keys(['latest_only_with_trigger']) retrieved from /home/airflow/.local/lib/python3.8/site-packages/airflow/example_dags/example_latest_only_with_trigger.py
[2023-10-10T06:40:12.006+0000] {logging_mixin.py:151} INFO - [2023-10-10T06:40:12.005+0000] {dag.py:2915} INFO - Sync 1 DAGs
[2023-10-10T06:40:12.017+0000] {logging_mixin.py:151} INFO - [2023-10-10T06:40:12.017+0000] {dag.py:3696} INFO - Setting next_dagrun for latest_only_with_trigger to 2023-10-10T02:40:12.017348+00:00, run_after=2023-10-10T06:40:12.017348+00:00
[2023-10-10T06:40:12.027+0000] {processor.py:179} INFO - Processing /home/airflow/.local/lib/python3.8/site-packages/airflow/example_dags/example_latest_only_with_trigger.py took 0.042 seconds
[2023-10-10T06:40:42.537+0000] {processor.py:157} INFO - Started process (PID=339) to work on /home/airflow/.local/lib/python3.8/site-packages/airflow/example_dags/example_latest_only_with_trigger.py
[2023-10-10T06:40:42.538+0000] {processor.py:829} INFO - Processing file /home/airflow/.local/lib/python3.8/site-packages/airflow/example_dags/example_latest_only_with_trigger.py for tasks to queue
[2023-10-10T06:40:42.539+0000] {logging_mixin.py:151} INFO - [2023-10-10T06:40:42.539+0000] {dagbag.py:539} INFO - Filling up the DagBag from /home/airflow/.local/lib/python3.8/site-packages/airflow/example_dags/example_latest_only_with_trigger.py
[2023-10-10T06:40:42.543+0000] {processor.py:839} INFO - DAG(s) dict_keys(['latest_only_with_trigger']) retrieved from /home/airflow/.local/lib/python3.8/site-packages/airflow/example_dags/example_latest_only_with_trigger.py
[2023-10-10T06:40:42.556+0000] {logging_mixin.py:151} INFO - [2023-10-10T06:40:42.556+0000] {dag.py:2915} INFO - Sync 1 DAGs
[2023-10-10T06:40:42.569+0000] {logging_mixin.py:151} INFO - [2023-10-10T06:40:42.569+0000] {dag.py:3696} INFO - Setting next_dagrun for latest_only_with_trigger to 2023-10-10T02:40:42.568859+00:00, run_after=2023-10-10T06:40:42.568859+00:00
[2023-10-10T06:40:42.579+0000] {processor.py:179} INFO - Processing /home/airflow/.local/lib/python3.8/site-packages/airflow/example_dags/example_latest_only_with_trigger.py took 0.044 seconds
[2023-10-10T06:41:12.935+0000] {processor.py:157} INFO - Started process (PID=395) to work on /home/airflow/.local/lib/python3.8/site-packages/airflow/example_dags/example_latest_only_with_trigger.py
[2023-10-10T06:41:12.936+0000] {processor.py:829} INFO - Processing file /home/airflow/.local/lib/python3.8/site-packages/airflow/example_dags/example_latest_only_with_trigger.py for tasks to queue
[2023-10-10T06:41:12.938+0000] {logging_mixin.py:151} INFO - [2023-10-10T06:41:12.938+0000] {dagbag.py:539} INFO - Filling up the DagBag from /home/airflow/.local/lib/python3.8/site-packages/airflow/example_dags/example_latest_only_with_trigger.py
[2023-10-10T06:41:12.942+0000] {processor.py:839} INFO - DAG(s) dict_keys(['latest_only_with_trigger']) retrieved from /home/airflow/.local/lib/python3.8/site-packages/airflow/example_dags/example_latest_only_with_trigger.py
[2023-10-10T06:41:12.961+0000] {logging_mixin.py:151} INFO - [2023-10-10T06:41:12.961+0000] {dag.py:2915} INFO - Sync 1 DAGs
[2023-10-10T06:41:12.978+0000] {logging_mixin.py:151} INFO - [2023-10-10T06:41:12.978+0000] {dag.py:3696} INFO - Setting next_dagrun for latest_only_with_trigger to 2023-10-10T02:41:12.978354+00:00, run_after=2023-10-10T06:41:12.978354+00:00
[2023-10-10T06:41:12.990+0000] {processor.py:179} INFO - Processing /home/airflow/.local/lib/python3.8/site-packages/airflow/example_dags/example_latest_only_with_trigger.py took 0.057 seconds
[2023-10-10T06:41:44.103+0000] {processor.py:157} INFO - Started process (PID=451) to work on /home/airflow/.local/lib/python3.8/site-packages/airflow/example_dags/example_latest_only_with_trigger.py
[2023-10-10T06:41:44.104+0000] {processor.py:829} INFO - Processing file /home/airflow/.local/lib/python3.8/site-packages/airflow/example_dags/example_latest_only_with_trigger.py for tasks to queue
[2023-10-10T06:41:44.105+0000] {logging_mixin.py:151} INFO - [2023-10-10T06:41:44.105+0000] {dagbag.py:539} INFO - Filling up the DagBag from /home/airflow/.local/lib/python3.8/site-packages/airflow/example_dags/example_latest_only_with_trigger.py
[2023-10-10T06:41:44.109+0000] {processor.py:839} INFO - DAG(s) dict_keys(['latest_only_with_trigger']) retrieved from /home/airflow/.local/lib/python3.8/site-packages/airflow/example_dags/example_latest_only_with_trigger.py
[2023-10-10T06:41:44.123+0000] {logging_mixin.py:151} INFO - [2023-10-10T06:41:44.122+0000] {dag.py:2915} INFO - Sync 1 DAGs
[2023-10-10T06:41:44.142+0000] {logging_mixin.py:151} INFO - [2023-10-10T06:41:44.142+0000] {dag.py:3696} INFO - Setting next_dagrun for latest_only_with_trigger to 2023-10-10T02:41:44.141867+00:00, run_after=2023-10-10T06:41:44.141867+00:00
[2023-10-10T06:41:44.194+0000] {processor.py:179} INFO - Processing /home/airflow/.local/lib/python3.8/site-packages/airflow/example_dags/example_latest_only_with_trigger.py took 0.094 seconds
[2023-10-10T06:42:14.525+0000] {processor.py:157} INFO - Started process (PID=507) to work on /home/airflow/.local/lib/python3.8/site-packages/airflow/example_dags/example_latest_only_with_trigger.py
[2023-10-10T06:42:14.527+0000] {processor.py:829} INFO - Processing file /home/airflow/.local/lib/python3.8/site-packages/airflow/example_dags/example_latest_only_with_trigger.py for tasks to queue
[2023-10-10T06:42:14.528+0000] {logging_mixin.py:151} INFO - [2023-10-10T06:42:14.528+0000] {dagbag.py:539} INFO - Filling up the DagBag from /home/airflow/.local/lib/python3.8/site-packages/airflow/example_dags/example_latest_only_with_trigger.py
[2023-10-10T06:42:14.532+0000] {processor.py:839} INFO - DAG(s) dict_keys(['latest_only_with_trigger']) retrieved from /home/airflow/.local/lib/python3.8/site-packages/airflow/example_dags/example_latest_only_with_trigger.py
[2023-10-10T06:42:14.548+0000] {logging_mixin.py:151} INFO - [2023-10-10T06:42:14.548+0000] {dag.py:2915} INFO - Sync 1 DAGs
[2023-10-10T06:42:14.559+0000] {logging_mixin.py:151} INFO - [2023-10-10T06:42:14.559+0000] {dag.py:3696} INFO - Setting next_dagrun for latest_only_with_trigger to 2023-10-10T02:42:14.559660+00:00, run_after=2023-10-10T06:42:14.559660+00:00
[2023-10-10T06:42:14.570+0000] {processor.py:179} INFO - Processing /home/airflow/.local/lib/python3.8/site-packages/airflow/example_dags/example_latest_only_with_trigger.py took 0.047 seconds
[2023-10-10T06:42:44.885+0000] {processor.py:157} INFO - Started process (PID=563) to work on /home/airflow/.local/lib/python3.8/site-packages/airflow/example_dags/example_latest_only_with_trigger.py
[2023-10-10T06:42:44.886+0000] {processor.py:829} INFO - Processing file /home/airflow/.local/lib/python3.8/site-packages/airflow/example_dags/example_latest_only_with_trigger.py for tasks to queue
[2023-10-10T06:42:44.888+0000] {logging_mixin.py:151} INFO - [2023-10-10T06:42:44.888+0000] {dagbag.py:539} INFO - Filling up the DagBag from /home/airflow/.local/lib/python3.8/site-packages/airflow/example_dags/example_latest_only_with_trigger.py
[2023-10-10T06:42:44.892+0000] {processor.py:839} INFO - DAG(s) dict_keys(['latest_only_with_trigger']) retrieved from /home/airflow/.local/lib/python3.8/site-packages/airflow/example_dags/example_latest_only_with_trigger.py
[2023-10-10T06:42:44.904+0000] {logging_mixin.py:151} INFO - [2023-10-10T06:42:44.904+0000] {dag.py:2915} INFO - Sync 1 DAGs
[2023-10-10T06:42:44.916+0000] {logging_mixin.py:151} INFO - [2023-10-10T06:42:44.916+0000] {dag.py:3696} INFO - Setting next_dagrun for latest_only_with_trigger to 2023-10-10T02:42:44.916295+00:00, run_after=2023-10-10T06:42:44.916295+00:00
[2023-10-10T06:42:44.926+0000] {processor.py:179} INFO - Processing /home/airflow/.local/lib/python3.8/site-packages/airflow/example_dags/example_latest_only_with_trigger.py took 0.042 seconds
[2023-10-10T06:43:15.159+0000] {processor.py:157} INFO - Started process (PID=619) to work on /home/airflow/.local/lib/python3.8/site-packages/airflow/example_dags/example_latest_only_with_trigger.py
[2023-10-10T06:43:15.160+0000] {processor.py:829} INFO - Processing file /home/airflow/.local/lib/python3.8/site-packages/airflow/example_dags/example_latest_only_with_trigger.py for tasks to queue
[2023-10-10T06:43:15.162+0000] {logging_mixin.py:151} INFO - [2023-10-10T06:43:15.162+0000] {dagbag.py:539} INFO - Filling up the DagBag from /home/airflow/.local/lib/python3.8/site-packages/airflow/example_dags/example_latest_only_with_trigger.py
[2023-10-10T06:43:15.166+0000] {processor.py:839} INFO - DAG(s) dict_keys(['latest_only_with_trigger']) retrieved from /home/airflow/.local/lib/python3.8/site-packages/airflow/example_dags/example_latest_only_with_trigger.py
[2023-10-10T06:43:15.178+0000] {logging_mixin.py:151} INFO - [2023-10-10T06:43:15.178+0000] {dag.py:2915} INFO - Sync 1 DAGs
[2023-10-10T06:43:15.189+0000] {logging_mixin.py:151} INFO - [2023-10-10T06:43:15.189+0000] {dag.py:3696} INFO - Setting next_dagrun for latest_only_with_trigger to 2023-10-10T02:43:15.189333+00:00, run_after=2023-10-10T06:43:15.189333+00:00
[2023-10-10T06:43:15.198+0000] {processor.py:179} INFO - Processing /home/airflow/.local/lib/python3.8/site-packages/airflow/example_dags/example_latest_only_with_trigger.py took 0.041 seconds
[2023-10-10T06:46:49.499+0000] {processor.py:157} INFO - Started process (PID=60) to work on /home/airflow/.local/lib/python3.8/site-packages/airflow/example_dags/example_latest_only_with_trigger.py
[2023-10-10T06:46:49.501+0000] {processor.py:829} INFO - Processing file /home/airflow/.local/lib/python3.8/site-packages/airflow/example_dags/example_latest_only_with_trigger.py for tasks to queue
[2023-10-10T06:46:49.503+0000] {logging_mixin.py:151} INFO - [2023-10-10T06:46:49.503+0000] {dagbag.py:539} INFO - Filling up the DagBag from /home/airflow/.local/lib/python3.8/site-packages/airflow/example_dags/example_latest_only_with_trigger.py
[2023-10-10T06:46:49.512+0000] {processor.py:839} INFO - DAG(s) dict_keys(['latest_only_with_trigger']) retrieved from /home/airflow/.local/lib/python3.8/site-packages/airflow/example_dags/example_latest_only_with_trigger.py
[2023-10-10T06:46:49.522+0000] {logging_mixin.py:151} INFO - [2023-10-10T06:46:49.522+0000] {dag.py:2915} INFO - Sync 1 DAGs
[2023-10-10T06:46:49.539+0000] {logging_mixin.py:151} INFO - [2023-10-10T06:46:49.539+0000] {dag.py:3696} INFO - Setting next_dagrun for latest_only_with_trigger to 2023-10-10T02:46:49.539057+00:00, run_after=2023-10-10T06:46:49.539057+00:00
[2023-10-10T06:46:49.556+0000] {processor.py:179} INFO - Processing /home/airflow/.local/lib/python3.8/site-packages/airflow/example_dags/example_latest_only_with_trigger.py took 0.061 seconds
[2023-10-10T06:47:19.976+0000] {processor.py:157} INFO - Started process (PID=116) to work on /home/airflow/.local/lib/python3.8/site-packages/airflow/example_dags/example_latest_only_with_trigger.py
[2023-10-10T06:47:19.977+0000] {processor.py:829} INFO - Processing file /home/airflow/.local/lib/python3.8/site-packages/airflow/example_dags/example_latest_only_with_trigger.py for tasks to queue
[2023-10-10T06:47:19.978+0000] {logging_mixin.py:151} INFO - [2023-10-10T06:47:19.978+0000] {dagbag.py:539} INFO - Filling up the DagBag from /home/airflow/.local/lib/python3.8/site-packages/airflow/example_dags/example_latest_only_with_trigger.py
[2023-10-10T06:47:19.982+0000] {processor.py:839} INFO - DAG(s) dict_keys(['latest_only_with_trigger']) retrieved from /home/airflow/.local/lib/python3.8/site-packages/airflow/example_dags/example_latest_only_with_trigger.py
[2023-10-10T06:47:20.001+0000] {logging_mixin.py:151} INFO - [2023-10-10T06:47:20.001+0000] {dag.py:2915} INFO - Sync 1 DAGs
[2023-10-10T06:47:20.017+0000] {logging_mixin.py:151} INFO - [2023-10-10T06:47:20.016+0000] {dag.py:3696} INFO - Setting next_dagrun for latest_only_with_trigger to 2023-10-10T02:47:20.016690+00:00, run_after=2023-10-10T06:47:20.016690+00:00
[2023-10-10T06:47:20.029+0000] {processor.py:179} INFO - Processing /home/airflow/.local/lib/python3.8/site-packages/airflow/example_dags/example_latest_only_with_trigger.py took 0.057 seconds
[2023-10-10T06:47:50.153+0000] {processor.py:157} INFO - Started process (PID=172) to work on /home/airflow/.local/lib/python3.8/site-packages/airflow/example_dags/example_latest_only_with_trigger.py
[2023-10-10T06:47:50.154+0000] {processor.py:829} INFO - Processing file /home/airflow/.local/lib/python3.8/site-packages/airflow/example_dags/example_latest_only_with_trigger.py for tasks to queue
[2023-10-10T06:47:50.156+0000] {logging_mixin.py:151} INFO - [2023-10-10T06:47:50.155+0000] {dagbag.py:539} INFO - Filling up the DagBag from /home/airflow/.local/lib/python3.8/site-packages/airflow/example_dags/example_latest_only_with_trigger.py
[2023-10-10T06:47:50.159+0000] {processor.py:839} INFO - DAG(s) dict_keys(['latest_only_with_trigger']) retrieved from /home/airflow/.local/lib/python3.8/site-packages/airflow/example_dags/example_latest_only_with_trigger.py
[2023-10-10T06:47:50.172+0000] {logging_mixin.py:151} INFO - [2023-10-10T06:47:50.172+0000] {dag.py:2915} INFO - Sync 1 DAGs
[2023-10-10T06:47:50.184+0000] {logging_mixin.py:151} INFO - [2023-10-10T06:47:50.184+0000] {dag.py:3696} INFO - Setting next_dagrun for latest_only_with_trigger to 2023-10-10T02:47:50.183966+00:00, run_after=2023-10-10T06:47:50.183966+00:00
[2023-10-10T06:47:50.193+0000] {processor.py:179} INFO - Processing /home/airflow/.local/lib/python3.8/site-packages/airflow/example_dags/example_latest_only_with_trigger.py took 0.043 seconds
[2023-10-10T06:48:20.370+0000] {processor.py:157} INFO - Started process (PID=228) to work on /home/airflow/.local/lib/python3.8/site-packages/airflow/example_dags/example_latest_only_with_trigger.py
[2023-10-10T06:48:20.371+0000] {processor.py:829} INFO - Processing file /home/airflow/.local/lib/python3.8/site-packages/airflow/example_dags/example_latest_only_with_trigger.py for tasks to queue
[2023-10-10T06:48:20.373+0000] {logging_mixin.py:151} INFO - [2023-10-10T06:48:20.372+0000] {dagbag.py:539} INFO - Filling up the DagBag from /home/airflow/.local/lib/python3.8/site-packages/airflow/example_dags/example_latest_only_with_trigger.py
[2023-10-10T06:48:20.376+0000] {processor.py:839} INFO - DAG(s) dict_keys(['latest_only_with_trigger']) retrieved from /home/airflow/.local/lib/python3.8/site-packages/airflow/example_dags/example_latest_only_with_trigger.py
[2023-10-10T06:48:20.389+0000] {logging_mixin.py:151} INFO - [2023-10-10T06:48:20.389+0000] {dag.py:2915} INFO - Sync 1 DAGs
[2023-10-10T06:48:20.400+0000] {logging_mixin.py:151} INFO - [2023-10-10T06:48:20.400+0000] {dag.py:3696} INFO - Setting next_dagrun for latest_only_with_trigger to 2023-10-10T02:48:20.400601+00:00, run_after=2023-10-10T06:48:20.400601+00:00
[2023-10-10T06:48:20.410+0000] {processor.py:179} INFO - Processing /home/airflow/.local/lib/python3.8/site-packages/airflow/example_dags/example_latest_only_with_trigger.py took 0.042 seconds
[2023-10-10T06:48:50.639+0000] {processor.py:157} INFO - Started process (PID=284) to work on /home/airflow/.local/lib/python3.8/site-packages/airflow/example_dags/example_latest_only_with_trigger.py
[2023-10-10T06:48:50.640+0000] {processor.py:829} INFO - Processing file /home/airflow/.local/lib/python3.8/site-packages/airflow/example_dags/example_latest_only_with_trigger.py for tasks to queue
[2023-10-10T06:48:50.642+0000] {logging_mixin.py:151} INFO - [2023-10-10T06:48:50.641+0000] {dagbag.py:539} INFO - Filling up the DagBag from /home/airflow/.local/lib/python3.8/site-packages/airflow/example_dags/example_latest_only_with_trigger.py
[2023-10-10T06:48:50.645+0000] {processor.py:839} INFO - DAG(s) dict_keys(['latest_only_with_trigger']) retrieved from /home/airflow/.local/lib/python3.8/site-packages/airflow/example_dags/example_latest_only_with_trigger.py
[2023-10-10T06:48:50.659+0000] {logging_mixin.py:151} INFO - [2023-10-10T06:48:50.659+0000] {dag.py:2915} INFO - Sync 1 DAGs
[2023-10-10T06:48:50.672+0000] {logging_mixin.py:151} INFO - [2023-10-10T06:48:50.671+0000] {dag.py:3696} INFO - Setting next_dagrun for latest_only_with_trigger to 2023-10-10T02:48:50.671791+00:00, run_after=2023-10-10T06:48:50.671791+00:00
[2023-10-10T06:48:50.681+0000] {processor.py:179} INFO - Processing /home/airflow/.local/lib/python3.8/site-packages/airflow/example_dags/example_latest_only_with_trigger.py took 0.045 seconds
[2023-10-10T06:49:20.832+0000] {processor.py:157} INFO - Started process (PID=340) to work on /home/airflow/.local/lib/python3.8/site-packages/airflow/example_dags/example_latest_only_with_trigger.py
[2023-10-10T06:49:20.833+0000] {processor.py:829} INFO - Processing file /home/airflow/.local/lib/python3.8/site-packages/airflow/example_dags/example_latest_only_with_trigger.py for tasks to queue
[2023-10-10T06:49:20.835+0000] {logging_mixin.py:151} INFO - [2023-10-10T06:49:20.834+0000] {dagbag.py:539} INFO - Filling up the DagBag from /home/airflow/.local/lib/python3.8/site-packages/airflow/example_dags/example_latest_only_with_trigger.py
[2023-10-10T06:49:20.839+0000] {processor.py:839} INFO - DAG(s) dict_keys(['latest_only_with_trigger']) retrieved from /home/airflow/.local/lib/python3.8/site-packages/airflow/example_dags/example_latest_only_with_trigger.py
[2023-10-10T06:49:20.852+0000] {logging_mixin.py:151} INFO - [2023-10-10T06:49:20.852+0000] {dag.py:2915} INFO - Sync 1 DAGs
[2023-10-10T06:49:20.864+0000] {logging_mixin.py:151} INFO - [2023-10-10T06:49:20.864+0000] {dag.py:3696} INFO - Setting next_dagrun for latest_only_with_trigger to 2023-10-10T02:49:20.864218+00:00, run_after=2023-10-10T06:49:20.864218+00:00
[2023-10-10T06:49:20.874+0000] {processor.py:179} INFO - Processing /home/airflow/.local/lib/python3.8/site-packages/airflow/example_dags/example_latest_only_with_trigger.py took 0.045 seconds
[2023-10-10T06:49:51.842+0000] {processor.py:157} INFO - Started process (PID=396) to work on /home/airflow/.local/lib/python3.8/site-packages/airflow/example_dags/example_latest_only_with_trigger.py
[2023-10-10T06:49:51.844+0000] {processor.py:829} INFO - Processing file /home/airflow/.local/lib/python3.8/site-packages/airflow/example_dags/example_latest_only_with_trigger.py for tasks to queue
[2023-10-10T06:49:51.845+0000] {logging_mixin.py:151} INFO - [2023-10-10T06:49:51.845+0000] {dagbag.py:539} INFO - Filling up the DagBag from /home/airflow/.local/lib/python3.8/site-packages/airflow/example_dags/example_latest_only_with_trigger.py
[2023-10-10T06:49:51.849+0000] {processor.py:839} INFO - DAG(s) dict_keys(['latest_only_with_trigger']) retrieved from /home/airflow/.local/lib/python3.8/site-packages/airflow/example_dags/example_latest_only_with_trigger.py
[2023-10-10T06:49:51.862+0000] {logging_mixin.py:151} INFO - [2023-10-10T06:49:51.861+0000] {dag.py:2915} INFO - Sync 1 DAGs
[2023-10-10T06:49:51.875+0000] {logging_mixin.py:151} INFO - [2023-10-10T06:49:51.875+0000] {dag.py:3696} INFO - Setting next_dagrun for latest_only_with_trigger to 2023-10-10T02:49:51.875346+00:00, run_after=2023-10-10T06:49:51.875346+00:00
[2023-10-10T06:49:51.887+0000] {processor.py:179} INFO - Processing /home/airflow/.local/lib/python3.8/site-packages/airflow/example_dags/example_latest_only_with_trigger.py took 0.047 seconds
[2023-10-10T06:50:22.157+0000] {processor.py:157} INFO - Started process (PID=452) to work on /home/airflow/.local/lib/python3.8/site-packages/airflow/example_dags/example_latest_only_with_trigger.py
[2023-10-10T06:50:22.158+0000] {processor.py:829} INFO - Processing file /home/airflow/.local/lib/python3.8/site-packages/airflow/example_dags/example_latest_only_with_trigger.py for tasks to queue
[2023-10-10T06:50:22.159+0000] {logging_mixin.py:151} INFO - [2023-10-10T06:50:22.159+0000] {dagbag.py:539} INFO - Filling up the DagBag from /home/airflow/.local/lib/python3.8/site-packages/airflow/example_dags/example_latest_only_with_trigger.py
[2023-10-10T06:50:22.163+0000] {processor.py:839} INFO - DAG(s) dict_keys(['latest_only_with_trigger']) retrieved from /home/airflow/.local/lib/python3.8/site-packages/airflow/example_dags/example_latest_only_with_trigger.py
[2023-10-10T06:50:22.175+0000] {logging_mixin.py:151} INFO - [2023-10-10T06:50:22.175+0000] {dag.py:2915} INFO - Sync 1 DAGs
[2023-10-10T06:50:22.187+0000] {logging_mixin.py:151} INFO - [2023-10-10T06:50:22.187+0000] {dag.py:3696} INFO - Setting next_dagrun for latest_only_with_trigger to 2023-10-10T02:50:22.186970+00:00, run_after=2023-10-10T06:50:22.186970+00:00
[2023-10-10T06:50:22.197+0000] {processor.py:179} INFO - Processing /home/airflow/.local/lib/python3.8/site-packages/airflow/example_dags/example_latest_only_with_trigger.py took 0.042 seconds
[2023-10-10T06:50:52.457+0000] {processor.py:157} INFO - Started process (PID=508) to work on /home/airflow/.local/lib/python3.8/site-packages/airflow/example_dags/example_latest_only_with_trigger.py
[2023-10-10T06:50:52.458+0000] {processor.py:829} INFO - Processing file /home/airflow/.local/lib/python3.8/site-packages/airflow/example_dags/example_latest_only_with_trigger.py for tasks to queue
[2023-10-10T06:50:52.460+0000] {logging_mixin.py:151} INFO - [2023-10-10T06:50:52.459+0000] {dagbag.py:539} INFO - Filling up the DagBag from /home/airflow/.local/lib/python3.8/site-packages/airflow/example_dags/example_latest_only_with_trigger.py
[2023-10-10T06:50:52.464+0000] {processor.py:839} INFO - DAG(s) dict_keys(['latest_only_with_trigger']) retrieved from /home/airflow/.local/lib/python3.8/site-packages/airflow/example_dags/example_latest_only_with_trigger.py
[2023-10-10T06:50:52.478+0000] {logging_mixin.py:151} INFO - [2023-10-10T06:50:52.478+0000] {dag.py:2915} INFO - Sync 1 DAGs
[2023-10-10T06:50:52.491+0000] {logging_mixin.py:151} INFO - [2023-10-10T06:50:52.491+0000] {dag.py:3696} INFO - Setting next_dagrun for latest_only_with_trigger to 2023-10-10T02:50:52.491509+00:00, run_after=2023-10-10T06:50:52.491509+00:00
[2023-10-10T06:50:52.503+0000] {processor.py:179} INFO - Processing /home/airflow/.local/lib/python3.8/site-packages/airflow/example_dags/example_latest_only_with_trigger.py took 0.048 seconds
[2023-10-10T06:51:22.791+0000] {processor.py:157} INFO - Started process (PID=564) to work on /home/airflow/.local/lib/python3.8/site-packages/airflow/example_dags/example_latest_only_with_trigger.py
[2023-10-10T06:51:22.792+0000] {processor.py:829} INFO - Processing file /home/airflow/.local/lib/python3.8/site-packages/airflow/example_dags/example_latest_only_with_trigger.py for tasks to queue
[2023-10-10T06:51:22.794+0000] {logging_mixin.py:151} INFO - [2023-10-10T06:51:22.794+0000] {dagbag.py:539} INFO - Filling up the DagBag from /home/airflow/.local/lib/python3.8/site-packages/airflow/example_dags/example_latest_only_with_trigger.py
[2023-10-10T06:51:22.798+0000] {processor.py:839} INFO - DAG(s) dict_keys(['latest_only_with_trigger']) retrieved from /home/airflow/.local/lib/python3.8/site-packages/airflow/example_dags/example_latest_only_with_trigger.py
[2023-10-10T06:51:22.811+0000] {logging_mixin.py:151} INFO - [2023-10-10T06:51:22.811+0000] {dag.py:2915} INFO - Sync 1 DAGs
[2023-10-10T06:51:22.822+0000] {logging_mixin.py:151} INFO - [2023-10-10T06:51:22.822+0000] {dag.py:3696} INFO - Setting next_dagrun for latest_only_with_trigger to 2023-10-10T02:51:22.822698+00:00, run_after=2023-10-10T06:51:22.822698+00:00
[2023-10-10T06:51:22.832+0000] {processor.py:179} INFO - Processing /home/airflow/.local/lib/python3.8/site-packages/airflow/example_dags/example_latest_only_with_trigger.py took 0.043 seconds
[2023-10-10T06:51:53.051+0000] {processor.py:157} INFO - Started process (PID=620) to work on /home/airflow/.local/lib/python3.8/site-packages/airflow/example_dags/example_latest_only_with_trigger.py
[2023-10-10T06:51:53.053+0000] {processor.py:829} INFO - Processing file /home/airflow/.local/lib/python3.8/site-packages/airflow/example_dags/example_latest_only_with_trigger.py for tasks to queue
[2023-10-10T06:51:53.055+0000] {logging_mixin.py:151} INFO - [2023-10-10T06:51:53.054+0000] {dagbag.py:539} INFO - Filling up the DagBag from /home/airflow/.local/lib/python3.8/site-packages/airflow/example_dags/example_latest_only_with_trigger.py
[2023-10-10T06:51:53.059+0000] {processor.py:839} INFO - DAG(s) dict_keys(['latest_only_with_trigger']) retrieved from /home/airflow/.local/lib/python3.8/site-packages/airflow/example_dags/example_latest_only_with_trigger.py
[2023-10-10T06:51:53.072+0000] {logging_mixin.py:151} INFO - [2023-10-10T06:51:53.072+0000] {dag.py:2915} INFO - Sync 1 DAGs
[2023-10-10T06:51:53.083+0000] {logging_mixin.py:151} INFO - [2023-10-10T06:51:53.083+0000] {dag.py:3696} INFO - Setting next_dagrun for latest_only_with_trigger to 2023-10-10T02:51:53.083627+00:00, run_after=2023-10-10T06:51:53.083627+00:00
[2023-10-10T06:51:53.094+0000] {processor.py:179} INFO - Processing /home/airflow/.local/lib/python3.8/site-packages/airflow/example_dags/example_latest_only_with_trigger.py took 0.046 seconds
[2023-10-10T06:52:23.330+0000] {processor.py:157} INFO - Started process (PID=676) to work on /home/airflow/.local/lib/python3.8/site-packages/airflow/example_dags/example_latest_only_with_trigger.py
[2023-10-10T06:52:23.331+0000] {processor.py:829} INFO - Processing file /home/airflow/.local/lib/python3.8/site-packages/airflow/example_dags/example_latest_only_with_trigger.py for tasks to queue
[2023-10-10T06:52:23.333+0000] {logging_mixin.py:151} INFO - [2023-10-10T06:52:23.333+0000] {dagbag.py:539} INFO - Filling up the DagBag from /home/airflow/.local/lib/python3.8/site-packages/airflow/example_dags/example_latest_only_with_trigger.py
[2023-10-10T06:52:23.337+0000] {processor.py:839} INFO - DAG(s) dict_keys(['latest_only_with_trigger']) retrieved from /home/airflow/.local/lib/python3.8/site-packages/airflow/example_dags/example_latest_only_with_trigger.py
[2023-10-10T06:52:23.350+0000] {logging_mixin.py:151} INFO - [2023-10-10T06:52:23.350+0000] {dag.py:2915} INFO - Sync 1 DAGs
[2023-10-10T06:52:23.362+0000] {logging_mixin.py:151} INFO - [2023-10-10T06:52:23.362+0000] {dag.py:3696} INFO - Setting next_dagrun for latest_only_with_trigger to 2023-10-10T02:52:23.362259+00:00, run_after=2023-10-10T06:52:23.362259+00:00
[2023-10-10T06:52:23.372+0000] {processor.py:179} INFO - Processing /home/airflow/.local/lib/python3.8/site-packages/airflow/example_dags/example_latest_only_with_trigger.py took 0.044 seconds
[2023-10-10T06:52:53.602+0000] {processor.py:157} INFO - Started process (PID=732) to work on /home/airflow/.local/lib/python3.8/site-packages/airflow/example_dags/example_latest_only_with_trigger.py
[2023-10-10T06:52:53.603+0000] {processor.py:829} INFO - Processing file /home/airflow/.local/lib/python3.8/site-packages/airflow/example_dags/example_latest_only_with_trigger.py for tasks to queue
[2023-10-10T06:52:53.604+0000] {logging_mixin.py:151} INFO - [2023-10-10T06:52:53.604+0000] {dagbag.py:539} INFO - Filling up the DagBag from /home/airflow/.local/lib/python3.8/site-packages/airflow/example_dags/example_latest_only_with_trigger.py
[2023-10-10T06:52:53.608+0000] {processor.py:839} INFO - DAG(s) dict_keys(['latest_only_with_trigger']) retrieved from /home/airflow/.local/lib/python3.8/site-packages/airflow/example_dags/example_latest_only_with_trigger.py
[2023-10-10T06:52:53.622+0000] {logging_mixin.py:151} INFO - [2023-10-10T06:52:53.622+0000] {dag.py:2915} INFO - Sync 1 DAGs
[2023-10-10T06:52:53.633+0000] {logging_mixin.py:151} INFO - [2023-10-10T06:52:53.633+0000] {dag.py:3696} INFO - Setting next_dagrun for latest_only_with_trigger to 2023-10-10T02:52:53.632968+00:00, run_after=2023-10-10T06:52:53.632968+00:00
[2023-10-10T06:52:53.641+0000] {processor.py:179} INFO - Processing /home/airflow/.local/lib/python3.8/site-packages/airflow/example_dags/example_latest_only_with_trigger.py took 0.042 seconds
[2023-10-10T06:53:23.772+0000] {processor.py:157} INFO - Started process (PID=788) to work on /home/airflow/.local/lib/python3.8/site-packages/airflow/example_dags/example_latest_only_with_trigger.py
[2023-10-10T06:53:23.773+0000] {processor.py:829} INFO - Processing file /home/airflow/.local/lib/python3.8/site-packages/airflow/example_dags/example_latest_only_with_trigger.py for tasks to queue
[2023-10-10T06:53:23.775+0000] {logging_mixin.py:151} INFO - [2023-10-10T06:53:23.774+0000] {dagbag.py:539} INFO - Filling up the DagBag from /home/airflow/.local/lib/python3.8/site-packages/airflow/example_dags/example_latest_only_with_trigger.py
[2023-10-10T06:53:23.778+0000] {processor.py:839} INFO - DAG(s) dict_keys(['latest_only_with_trigger']) retrieved from /home/airflow/.local/lib/python3.8/site-packages/airflow/example_dags/example_latest_only_with_trigger.py
[2023-10-10T06:53:23.790+0000] {logging_mixin.py:151} INFO - [2023-10-10T06:53:23.790+0000] {dag.py:2915} INFO - Sync 1 DAGs
[2023-10-10T06:53:23.802+0000] {logging_mixin.py:151} INFO - [2023-10-10T06:53:23.801+0000] {dag.py:3696} INFO - Setting next_dagrun for latest_only_with_trigger to 2023-10-10T02:53:23.801815+00:00, run_after=2023-10-10T06:53:23.801815+00:00
[2023-10-10T06:53:23.810+0000] {processor.py:179} INFO - Processing /home/airflow/.local/lib/python3.8/site-packages/airflow/example_dags/example_latest_only_with_trigger.py took 0.040 seconds
[2023-10-10T06:53:54.058+0000] {processor.py:157} INFO - Started process (PID=844) to work on /home/airflow/.local/lib/python3.8/site-packages/airflow/example_dags/example_latest_only_with_trigger.py
[2023-10-10T06:53:54.059+0000] {processor.py:829} INFO - Processing file /home/airflow/.local/lib/python3.8/site-packages/airflow/example_dags/example_latest_only_with_trigger.py for tasks to queue
[2023-10-10T06:53:54.060+0000] {logging_mixin.py:151} INFO - [2023-10-10T06:53:54.060+0000] {dagbag.py:539} INFO - Filling up the DagBag from /home/airflow/.local/lib/python3.8/site-packages/airflow/example_dags/example_latest_only_with_trigger.py
[2023-10-10T06:53:54.063+0000] {processor.py:839} INFO - DAG(s) dict_keys(['latest_only_with_trigger']) retrieved from /home/airflow/.local/lib/python3.8/site-packages/airflow/example_dags/example_latest_only_with_trigger.py
[2023-10-10T06:53:54.076+0000] {logging_mixin.py:151} INFO - [2023-10-10T06:53:54.076+0000] {dag.py:2915} INFO - Sync 1 DAGs
[2023-10-10T06:53:54.087+0000] {logging_mixin.py:151} INFO - [2023-10-10T06:53:54.087+0000] {dag.py:3696} INFO - Setting next_dagrun for latest_only_with_trigger to 2023-10-10T02:53:54.087480+00:00, run_after=2023-10-10T06:53:54.087480+00:00
[2023-10-10T06:53:54.096+0000] {processor.py:179} INFO - Processing /home/airflow/.local/lib/python3.8/site-packages/airflow/example_dags/example_latest_only_with_trigger.py took 0.041 seconds
[2023-10-10T06:54:25.170+0000] {processor.py:157} INFO - Started process (PID=900) to work on /home/airflow/.local/lib/python3.8/site-packages/airflow/example_dags/example_latest_only_with_trigger.py
[2023-10-10T06:54:25.171+0000] {processor.py:829} INFO - Processing file /home/airflow/.local/lib/python3.8/site-packages/airflow/example_dags/example_latest_only_with_trigger.py for tasks to queue
[2023-10-10T06:54:25.173+0000] {logging_mixin.py:151} INFO - [2023-10-10T06:54:25.173+0000] {dagbag.py:539} INFO - Filling up the DagBag from /home/airflow/.local/lib/python3.8/site-packages/airflow/example_dags/example_latest_only_with_trigger.py
[2023-10-10T06:54:25.177+0000] {processor.py:839} INFO - DAG(s) dict_keys(['latest_only_with_trigger']) retrieved from /home/airflow/.local/lib/python3.8/site-packages/airflow/example_dags/example_latest_only_with_trigger.py
[2023-10-10T06:54:25.190+0000] {logging_mixin.py:151} INFO - [2023-10-10T06:54:25.190+0000] {dag.py:2915} INFO - Sync 1 DAGs
[2023-10-10T06:54:25.202+0000] {logging_mixin.py:151} INFO - [2023-10-10T06:54:25.202+0000] {dag.py:3696} INFO - Setting next_dagrun for latest_only_with_trigger to 2023-10-10T02:54:25.202436+00:00, run_after=2023-10-10T06:54:25.202436+00:00
[2023-10-10T06:54:25.217+0000] {processor.py:179} INFO - Processing /home/airflow/.local/lib/python3.8/site-packages/airflow/example_dags/example_latest_only_with_trigger.py took 0.049 seconds
[2023-10-10T06:54:55.422+0000] {processor.py:157} INFO - Started process (PID=956) to work on /home/airflow/.local/lib/python3.8/site-packages/airflow/example_dags/example_latest_only_with_trigger.py
[2023-10-10T06:54:55.423+0000] {processor.py:829} INFO - Processing file /home/airflow/.local/lib/python3.8/site-packages/airflow/example_dags/example_latest_only_with_trigger.py for tasks to queue
[2023-10-10T06:54:55.425+0000] {logging_mixin.py:151} INFO - [2023-10-10T06:54:55.424+0000] {dagbag.py:539} INFO - Filling up the DagBag from /home/airflow/.local/lib/python3.8/site-packages/airflow/example_dags/example_latest_only_with_trigger.py
[2023-10-10T06:54:55.428+0000] {processor.py:839} INFO - DAG(s) dict_keys(['latest_only_with_trigger']) retrieved from /home/airflow/.local/lib/python3.8/site-packages/airflow/example_dags/example_latest_only_with_trigger.py
[2023-10-10T06:54:55.441+0000] {logging_mixin.py:151} INFO - [2023-10-10T06:54:55.441+0000] {dag.py:2915} INFO - Sync 1 DAGs
[2023-10-10T06:54:55.453+0000] {logging_mixin.py:151} INFO - [2023-10-10T06:54:55.452+0000] {dag.py:3696} INFO - Setting next_dagrun for latest_only_with_trigger to 2023-10-10T02:54:55.452788+00:00, run_after=2023-10-10T06:54:55.452788+00:00
[2023-10-10T06:54:55.462+0000] {processor.py:179} INFO - Processing /home/airflow/.local/lib/python3.8/site-packages/airflow/example_dags/example_latest_only_with_trigger.py took 0.042 seconds
[2023-10-10T06:55:25.648+0000] {processor.py:157} INFO - Started process (PID=1012) to work on /home/airflow/.local/lib/python3.8/site-packages/airflow/example_dags/example_latest_only_with_trigger.py
[2023-10-10T06:55:25.649+0000] {processor.py:829} INFO - Processing file /home/airflow/.local/lib/python3.8/site-packages/airflow/example_dags/example_latest_only_with_trigger.py for tasks to queue
[2023-10-10T06:55:25.651+0000] {logging_mixin.py:151} INFO - [2023-10-10T06:55:25.650+0000] {dagbag.py:539} INFO - Filling up the DagBag from /home/airflow/.local/lib/python3.8/site-packages/airflow/example_dags/example_latest_only_with_trigger.py
[2023-10-10T06:55:25.655+0000] {processor.py:839} INFO - DAG(s) dict_keys(['latest_only_with_trigger']) retrieved from /home/airflow/.local/lib/python3.8/site-packages/airflow/example_dags/example_latest_only_with_trigger.py
[2023-10-10T06:55:25.667+0000] {logging_mixin.py:151} INFO - [2023-10-10T06:55:25.667+0000] {dag.py:2915} INFO - Sync 1 DAGs
[2023-10-10T06:55:25.678+0000] {logging_mixin.py:151} INFO - [2023-10-10T06:55:25.678+0000] {dag.py:3696} INFO - Setting next_dagrun for latest_only_with_trigger to 2023-10-10T02:55:25.677938+00:00, run_after=2023-10-10T06:55:25.677938+00:00
[2023-10-10T06:55:25.687+0000] {processor.py:179} INFO - Processing /home/airflow/.local/lib/python3.8/site-packages/airflow/example_dags/example_latest_only_with_trigger.py took 0.042 seconds
[2023-10-10T06:55:55.833+0000] {processor.py:157} INFO - Started process (PID=1068) to work on /home/airflow/.local/lib/python3.8/site-packages/airflow/example_dags/example_latest_only_with_trigger.py
[2023-10-10T06:55:55.834+0000] {processor.py:829} INFO - Processing file /home/airflow/.local/lib/python3.8/site-packages/airflow/example_dags/example_latest_only_with_trigger.py for tasks to queue
[2023-10-10T06:55:55.836+0000] {logging_mixin.py:151} INFO - [2023-10-10T06:55:55.835+0000] {dagbag.py:539} INFO - Filling up the DagBag from /home/airflow/.local/lib/python3.8/site-packages/airflow/example_dags/example_latest_only_with_trigger.py
[2023-10-10T06:55:55.839+0000] {processor.py:839} INFO - DAG(s) dict_keys(['latest_only_with_trigger']) retrieved from /home/airflow/.local/lib/python3.8/site-packages/airflow/example_dags/example_latest_only_with_trigger.py
[2023-10-10T06:55:55.852+0000] {logging_mixin.py:151} INFO - [2023-10-10T06:55:55.852+0000] {dag.py:2915} INFO - Sync 1 DAGs
[2023-10-10T06:55:55.864+0000] {logging_mixin.py:151} INFO - [2023-10-10T06:55:55.864+0000] {dag.py:3696} INFO - Setting next_dagrun for latest_only_with_trigger to 2023-10-10T02:55:55.864357+00:00, run_after=2023-10-10T06:55:55.864357+00:00
[2023-10-10T06:55:55.874+0000] {processor.py:179} INFO - Processing /home/airflow/.local/lib/python3.8/site-packages/airflow/example_dags/example_latest_only_with_trigger.py took 0.043 seconds
[2023-10-10T06:56:26.180+0000] {processor.py:157} INFO - Started process (PID=1124) to work on /home/airflow/.local/lib/python3.8/site-packages/airflow/example_dags/example_latest_only_with_trigger.py
[2023-10-10T06:56:26.181+0000] {processor.py:829} INFO - Processing file /home/airflow/.local/lib/python3.8/site-packages/airflow/example_dags/example_latest_only_with_trigger.py for tasks to queue
[2023-10-10T06:56:26.182+0000] {logging_mixin.py:151} INFO - [2023-10-10T06:56:26.182+0000] {dagbag.py:539} INFO - Filling up the DagBag from /home/airflow/.local/lib/python3.8/site-packages/airflow/example_dags/example_latest_only_with_trigger.py
[2023-10-10T06:56:26.187+0000] {processor.py:839} INFO - DAG(s) dict_keys(['latest_only_with_trigger']) retrieved from /home/airflow/.local/lib/python3.8/site-packages/airflow/example_dags/example_latest_only_with_trigger.py
[2023-10-10T06:56:26.202+0000] {logging_mixin.py:151} INFO - [2023-10-10T06:56:26.202+0000] {dag.py:2915} INFO - Sync 1 DAGs
[2023-10-10T06:56:26.224+0000] {logging_mixin.py:151} INFO - [2023-10-10T06:56:26.224+0000] {dag.py:3696} INFO - Setting next_dagrun for latest_only_with_trigger to 2023-10-10T02:56:26.223953+00:00, run_after=2023-10-10T06:56:26.223953+00:00
[2023-10-10T06:56:26.249+0000] {processor.py:179} INFO - Processing /home/airflow/.local/lib/python3.8/site-packages/airflow/example_dags/example_latest_only_with_trigger.py took 0.072 seconds
[2023-10-10T17:17:52.221+0000] {processor.py:157} INFO - Started process (PID=60) to work on /home/airflow/.local/lib/python3.8/site-packages/airflow/example_dags/example_latest_only_with_trigger.py
[2023-10-10T17:17:52.222+0000] {processor.py:829} INFO - Processing file /home/airflow/.local/lib/python3.8/site-packages/airflow/example_dags/example_latest_only_with_trigger.py for tasks to queue
[2023-10-10T17:17:52.225+0000] {logging_mixin.py:151} INFO - [2023-10-10T17:17:52.224+0000] {dagbag.py:539} INFO - Filling up the DagBag from /home/airflow/.local/lib/python3.8/site-packages/airflow/example_dags/example_latest_only_with_trigger.py
[2023-10-10T17:17:52.234+0000] {processor.py:839} INFO - DAG(s) dict_keys(['latest_only_with_trigger']) retrieved from /home/airflow/.local/lib/python3.8/site-packages/airflow/example_dags/example_latest_only_with_trigger.py
[2023-10-10T17:17:52.244+0000] {logging_mixin.py:151} INFO - [2023-10-10T17:17:52.244+0000] {dag.py:2915} INFO - Sync 1 DAGs
[2023-10-10T17:17:52.265+0000] {logging_mixin.py:151} INFO - [2023-10-10T17:17:52.265+0000] {dag.py:3696} INFO - Setting next_dagrun for latest_only_with_trigger to 2023-10-10T13:17:52.265134+00:00, run_after=2023-10-10T17:17:52.265134+00:00
[2023-10-10T17:17:52.277+0000] {processor.py:179} INFO - Processing /home/airflow/.local/lib/python3.8/site-packages/airflow/example_dags/example_latest_only_with_trigger.py took 0.059 seconds
[2023-10-10T17:18:23.113+0000] {processor.py:157} INFO - Started process (PID=116) to work on /home/airflow/.local/lib/python3.8/site-packages/airflow/example_dags/example_latest_only_with_trigger.py
[2023-10-10T17:18:23.114+0000] {processor.py:829} INFO - Processing file /home/airflow/.local/lib/python3.8/site-packages/airflow/example_dags/example_latest_only_with_trigger.py for tasks to queue
[2023-10-10T17:18:23.115+0000] {logging_mixin.py:151} INFO - [2023-10-10T17:18:23.115+0000] {dagbag.py:539} INFO - Filling up the DagBag from /home/airflow/.local/lib/python3.8/site-packages/airflow/example_dags/example_latest_only_with_trigger.py
[2023-10-10T17:18:23.119+0000] {processor.py:839} INFO - DAG(s) dict_keys(['latest_only_with_trigger']) retrieved from /home/airflow/.local/lib/python3.8/site-packages/airflow/example_dags/example_latest_only_with_trigger.py
[2023-10-10T17:18:23.131+0000] {logging_mixin.py:151} INFO - [2023-10-10T17:18:23.131+0000] {dag.py:2915} INFO - Sync 1 DAGs
[2023-10-10T17:18:23.143+0000] {logging_mixin.py:151} INFO - [2023-10-10T17:18:23.143+0000] {dag.py:3696} INFO - Setting next_dagrun for latest_only_with_trigger to 2023-10-10T13:18:23.142915+00:00, run_after=2023-10-10T17:18:23.142915+00:00
[2023-10-10T17:18:23.152+0000] {processor.py:179} INFO - Processing /home/airflow/.local/lib/python3.8/site-packages/airflow/example_dags/example_latest_only_with_trigger.py took 0.041 seconds
[2023-10-10T17:18:54.037+0000] {processor.py:157} INFO - Started process (PID=172) to work on /home/airflow/.local/lib/python3.8/site-packages/airflow/example_dags/example_latest_only_with_trigger.py
[2023-10-10T17:18:54.038+0000] {processor.py:829} INFO - Processing file /home/airflow/.local/lib/python3.8/site-packages/airflow/example_dags/example_latest_only_with_trigger.py for tasks to queue
[2023-10-10T17:18:54.039+0000] {logging_mixin.py:151} INFO - [2023-10-10T17:18:54.039+0000] {dagbag.py:539} INFO - Filling up the DagBag from /home/airflow/.local/lib/python3.8/site-packages/airflow/example_dags/example_latest_only_with_trigger.py
[2023-10-10T17:18:54.043+0000] {processor.py:839} INFO - DAG(s) dict_keys(['latest_only_with_trigger']) retrieved from /home/airflow/.local/lib/python3.8/site-packages/airflow/example_dags/example_latest_only_with_trigger.py
[2023-10-10T17:18:54.055+0000] {logging_mixin.py:151} INFO - [2023-10-10T17:18:54.055+0000] {dag.py:2915} INFO - Sync 1 DAGs
[2023-10-10T17:18:54.066+0000] {logging_mixin.py:151} INFO - [2023-10-10T17:18:54.066+0000] {dag.py:3696} INFO - Setting next_dagrun for latest_only_with_trigger to 2023-10-10T13:18:54.066024+00:00, run_after=2023-10-10T17:18:54.066024+00:00
[2023-10-10T17:18:54.075+0000] {processor.py:179} INFO - Processing /home/airflow/.local/lib/python3.8/site-packages/airflow/example_dags/example_latest_only_with_trigger.py took 0.041 seconds
[2023-10-10T17:19:24.278+0000] {processor.py:157} INFO - Started process (PID=228) to work on /home/airflow/.local/lib/python3.8/site-packages/airflow/example_dags/example_latest_only_with_trigger.py
[2023-10-10T17:19:24.279+0000] {processor.py:829} INFO - Processing file /home/airflow/.local/lib/python3.8/site-packages/airflow/example_dags/example_latest_only_with_trigger.py for tasks to queue
[2023-10-10T17:19:24.280+0000] {logging_mixin.py:151} INFO - [2023-10-10T17:19:24.280+0000] {dagbag.py:539} INFO - Filling up the DagBag from /home/airflow/.local/lib/python3.8/site-packages/airflow/example_dags/example_latest_only_with_trigger.py
[2023-10-10T17:19:24.284+0000] {processor.py:839} INFO - DAG(s) dict_keys(['latest_only_with_trigger']) retrieved from /home/airflow/.local/lib/python3.8/site-packages/airflow/example_dags/example_latest_only_with_trigger.py
[2023-10-10T17:19:24.297+0000] {logging_mixin.py:151} INFO - [2023-10-10T17:19:24.297+0000] {dag.py:2915} INFO - Sync 1 DAGs
[2023-10-10T17:19:24.308+0000] {logging_mixin.py:151} INFO - [2023-10-10T17:19:24.308+0000] {dag.py:3696} INFO - Setting next_dagrun for latest_only_with_trigger to 2023-10-10T13:19:24.308538+00:00, run_after=2023-10-10T17:19:24.308538+00:00
[2023-10-10T17:19:24.317+0000] {processor.py:179} INFO - Processing /home/airflow/.local/lib/python3.8/site-packages/airflow/example_dags/example_latest_only_with_trigger.py took 0.041 seconds
[2023-10-10T17:19:54.468+0000] {processor.py:157} INFO - Started process (PID=284) to work on /home/airflow/.local/lib/python3.8/site-packages/airflow/example_dags/example_latest_only_with_trigger.py
[2023-10-10T17:19:54.469+0000] {processor.py:829} INFO - Processing file /home/airflow/.local/lib/python3.8/site-packages/airflow/example_dags/example_latest_only_with_trigger.py for tasks to queue
[2023-10-10T17:19:54.470+0000] {logging_mixin.py:151} INFO - [2023-10-10T17:19:54.470+0000] {dagbag.py:539} INFO - Filling up the DagBag from /home/airflow/.local/lib/python3.8/site-packages/airflow/example_dags/example_latest_only_with_trigger.py
[2023-10-10T17:19:54.474+0000] {processor.py:839} INFO - DAG(s) dict_keys(['latest_only_with_trigger']) retrieved from /home/airflow/.local/lib/python3.8/site-packages/airflow/example_dags/example_latest_only_with_trigger.py
[2023-10-10T17:19:54.487+0000] {logging_mixin.py:151} INFO - [2023-10-10T17:19:54.487+0000] {dag.py:2915} INFO - Sync 1 DAGs
[2023-10-10T17:19:54.499+0000] {logging_mixin.py:151} INFO - [2023-10-10T17:19:54.498+0000] {dag.py:3696} INFO - Setting next_dagrun for latest_only_with_trigger to 2023-10-10T13:19:54.498797+00:00, run_after=2023-10-10T17:19:54.498797+00:00
[2023-10-10T17:19:54.508+0000] {processor.py:179} INFO - Processing /home/airflow/.local/lib/python3.8/site-packages/airflow/example_dags/example_latest_only_with_trigger.py took 0.042 seconds
[2023-10-10T17:20:25.488+0000] {processor.py:157} INFO - Started process (PID=340) to work on /home/airflow/.local/lib/python3.8/site-packages/airflow/example_dags/example_latest_only_with_trigger.py
[2023-10-10T17:20:25.489+0000] {processor.py:829} INFO - Processing file /home/airflow/.local/lib/python3.8/site-packages/airflow/example_dags/example_latest_only_with_trigger.py for tasks to queue
[2023-10-10T17:20:25.490+0000] {logging_mixin.py:151} INFO - [2023-10-10T17:20:25.490+0000] {dagbag.py:539} INFO - Filling up the DagBag from /home/airflow/.local/lib/python3.8/site-packages/airflow/example_dags/example_latest_only_with_trigger.py
[2023-10-10T17:20:25.494+0000] {processor.py:839} INFO - DAG(s) dict_keys(['latest_only_with_trigger']) retrieved from /home/airflow/.local/lib/python3.8/site-packages/airflow/example_dags/example_latest_only_with_trigger.py
[2023-10-10T17:20:25.506+0000] {logging_mixin.py:151} INFO - [2023-10-10T17:20:25.506+0000] {dag.py:2915} INFO - Sync 1 DAGs
[2023-10-10T17:20:25.517+0000] {logging_mixin.py:151} INFO - [2023-10-10T17:20:25.517+0000] {dag.py:3696} INFO - Setting next_dagrun for latest_only_with_trigger to 2023-10-10T13:20:25.517089+00:00, run_after=2023-10-10T17:20:25.517089+00:00
[2023-10-10T17:20:25.526+0000] {processor.py:179} INFO - Processing /home/airflow/.local/lib/python3.8/site-packages/airflow/example_dags/example_latest_only_with_trigger.py took 0.040 seconds
[2023-10-10T17:20:55.704+0000] {processor.py:157} INFO - Started process (PID=396) to work on /home/airflow/.local/lib/python3.8/site-packages/airflow/example_dags/example_latest_only_with_trigger.py
[2023-10-10T17:20:55.705+0000] {processor.py:829} INFO - Processing file /home/airflow/.local/lib/python3.8/site-packages/airflow/example_dags/example_latest_only_with_trigger.py for tasks to queue
[2023-10-10T17:20:55.706+0000] {logging_mixin.py:151} INFO - [2023-10-10T17:20:55.706+0000] {dagbag.py:539} INFO - Filling up the DagBag from /home/airflow/.local/lib/python3.8/site-packages/airflow/example_dags/example_latest_only_with_trigger.py
[2023-10-10T17:20:55.710+0000] {processor.py:839} INFO - DAG(s) dict_keys(['latest_only_with_trigger']) retrieved from /home/airflow/.local/lib/python3.8/site-packages/airflow/example_dags/example_latest_only_with_trigger.py
[2023-10-10T17:20:55.722+0000] {logging_mixin.py:151} INFO - [2023-10-10T17:20:55.722+0000] {dag.py:2915} INFO - Sync 1 DAGs
[2023-10-10T17:20:55.733+0000] {logging_mixin.py:151} INFO - [2023-10-10T17:20:55.733+0000] {dag.py:3696} INFO - Setting next_dagrun for latest_only_with_trigger to 2023-10-10T13:20:55.733025+00:00, run_after=2023-10-10T17:20:55.733025+00:00
[2023-10-10T17:20:55.742+0000] {processor.py:179} INFO - Processing /home/airflow/.local/lib/python3.8/site-packages/airflow/example_dags/example_latest_only_with_trigger.py took 0.040 seconds
[2023-10-10T17:21:25.858+0000] {processor.py:157} INFO - Started process (PID=452) to work on /home/airflow/.local/lib/python3.8/site-packages/airflow/example_dags/example_latest_only_with_trigger.py
[2023-10-10T17:21:25.859+0000] {processor.py:829} INFO - Processing file /home/airflow/.local/lib/python3.8/site-packages/airflow/example_dags/example_latest_only_with_trigger.py for tasks to queue
[2023-10-10T17:21:25.860+0000] {logging_mixin.py:151} INFO - [2023-10-10T17:21:25.860+0000] {dagbag.py:539} INFO - Filling up the DagBag from /home/airflow/.local/lib/python3.8/site-packages/airflow/example_dags/example_latest_only_with_trigger.py
[2023-10-10T17:21:25.864+0000] {processor.py:839} INFO - DAG(s) dict_keys(['latest_only_with_trigger']) retrieved from /home/airflow/.local/lib/python3.8/site-packages/airflow/example_dags/example_latest_only_with_trigger.py
[2023-10-10T17:21:25.876+0000] {logging_mixin.py:151} INFO - [2023-10-10T17:21:25.876+0000] {dag.py:2915} INFO - Sync 1 DAGs
[2023-10-10T17:21:25.887+0000] {logging_mixin.py:151} INFO - [2023-10-10T17:21:25.887+0000] {dag.py:3696} INFO - Setting next_dagrun for latest_only_with_trigger to 2023-10-10T13:21:25.887666+00:00, run_after=2023-10-10T17:21:25.887666+00:00
[2023-10-10T17:21:25.899+0000] {processor.py:179} INFO - Processing /home/airflow/.local/lib/python3.8/site-packages/airflow/example_dags/example_latest_only_with_trigger.py took 0.044 seconds
[2023-10-10T17:21:56.063+0000] {processor.py:157} INFO - Started process (PID=508) to work on /home/airflow/.local/lib/python3.8/site-packages/airflow/example_dags/example_latest_only_with_trigger.py
[2023-10-10T17:21:56.064+0000] {processor.py:829} INFO - Processing file /home/airflow/.local/lib/python3.8/site-packages/airflow/example_dags/example_latest_only_with_trigger.py for tasks to queue
[2023-10-10T17:21:56.065+0000] {logging_mixin.py:151} INFO - [2023-10-10T17:21:56.065+0000] {dagbag.py:539} INFO - Filling up the DagBag from /home/airflow/.local/lib/python3.8/site-packages/airflow/example_dags/example_latest_only_with_trigger.py
[2023-10-10T17:21:56.068+0000] {processor.py:839} INFO - DAG(s) dict_keys(['latest_only_with_trigger']) retrieved from /home/airflow/.local/lib/python3.8/site-packages/airflow/example_dags/example_latest_only_with_trigger.py
[2023-10-10T17:21:56.080+0000] {logging_mixin.py:151} INFO - [2023-10-10T17:21:56.080+0000] {dag.py:2915} INFO - Sync 1 DAGs
[2023-10-10T17:21:56.091+0000] {logging_mixin.py:151} INFO - [2023-10-10T17:21:56.091+0000] {dag.py:3696} INFO - Setting next_dagrun for latest_only_with_trigger to 2023-10-10T13:21:56.091594+00:00, run_after=2023-10-10T17:21:56.091594+00:00
[2023-10-10T17:21:56.100+0000] {processor.py:179} INFO - Processing /home/airflow/.local/lib/python3.8/site-packages/airflow/example_dags/example_latest_only_with_trigger.py took 0.040 seconds
[2023-10-10T17:22:27.071+0000] {processor.py:157} INFO - Started process (PID=564) to work on /home/airflow/.local/lib/python3.8/site-packages/airflow/example_dags/example_latest_only_with_trigger.py
[2023-10-10T17:22:27.072+0000] {processor.py:829} INFO - Processing file /home/airflow/.local/lib/python3.8/site-packages/airflow/example_dags/example_latest_only_with_trigger.py for tasks to queue
[2023-10-10T17:22:27.074+0000] {logging_mixin.py:151} INFO - [2023-10-10T17:22:27.074+0000] {dagbag.py:539} INFO - Filling up the DagBag from /home/airflow/.local/lib/python3.8/site-packages/airflow/example_dags/example_latest_only_with_trigger.py
[2023-10-10T17:22:27.078+0000] {processor.py:839} INFO - DAG(s) dict_keys(['latest_only_with_trigger']) retrieved from /home/airflow/.local/lib/python3.8/site-packages/airflow/example_dags/example_latest_only_with_trigger.py
[2023-10-10T17:22:27.092+0000] {logging_mixin.py:151} INFO - [2023-10-10T17:22:27.092+0000] {dag.py:2915} INFO - Sync 1 DAGs
[2023-10-10T17:22:27.104+0000] {logging_mixin.py:151} INFO - [2023-10-10T17:22:27.104+0000] {dag.py:3696} INFO - Setting next_dagrun for latest_only_with_trigger to 2023-10-10T13:22:27.104200+00:00, run_after=2023-10-10T17:22:27.104200+00:00
[2023-10-10T17:22:27.115+0000] {processor.py:179} INFO - Processing /home/airflow/.local/lib/python3.8/site-packages/airflow/example_dags/example_latest_only_with_trigger.py took 0.046 seconds
[2023-10-10T17:22:57.179+0000] {processor.py:157} INFO - Started process (PID=619) to work on /home/airflow/.local/lib/python3.8/site-packages/airflow/example_dags/example_latest_only_with_trigger.py
[2023-10-10T17:22:57.180+0000] {processor.py:829} INFO - Processing file /home/airflow/.local/lib/python3.8/site-packages/airflow/example_dags/example_latest_only_with_trigger.py for tasks to queue
[2023-10-10T17:22:57.182+0000] {logging_mixin.py:151} INFO - [2023-10-10T17:22:57.182+0000] {dagbag.py:539} INFO - Filling up the DagBag from /home/airflow/.local/lib/python3.8/site-packages/airflow/example_dags/example_latest_only_with_trigger.py
[2023-10-10T17:22:57.187+0000] {processor.py:839} INFO - DAG(s) dict_keys(['latest_only_with_trigger']) retrieved from /home/airflow/.local/lib/python3.8/site-packages/airflow/example_dags/example_latest_only_with_trigger.py
[2023-10-10T17:22:57.203+0000] {logging_mixin.py:151} INFO - [2023-10-10T17:22:57.203+0000] {dag.py:2915} INFO - Sync 1 DAGs
[2023-10-10T17:22:57.216+0000] {logging_mixin.py:151} INFO - [2023-10-10T17:22:57.215+0000] {dag.py:3696} INFO - Setting next_dagrun for latest_only_with_trigger to 2023-10-10T13:22:57.215769+00:00, run_after=2023-10-10T17:22:57.215769+00:00
[2023-10-10T17:22:57.225+0000] {processor.py:179} INFO - Processing /home/airflow/.local/lib/python3.8/site-packages/airflow/example_dags/example_latest_only_with_trigger.py took 0.050 seconds
[2023-10-10T17:23:28.303+0000] {processor.py:157} INFO - Started process (PID=676) to work on /home/airflow/.local/lib/python3.8/site-packages/airflow/example_dags/example_latest_only_with_trigger.py
[2023-10-10T17:23:28.304+0000] {processor.py:829} INFO - Processing file /home/airflow/.local/lib/python3.8/site-packages/airflow/example_dags/example_latest_only_with_trigger.py for tasks to queue
[2023-10-10T17:23:28.305+0000] {logging_mixin.py:151} INFO - [2023-10-10T17:23:28.305+0000] {dagbag.py:539} INFO - Filling up the DagBag from /home/airflow/.local/lib/python3.8/site-packages/airflow/example_dags/example_latest_only_with_trigger.py
[2023-10-10T17:23:28.308+0000] {processor.py:839} INFO - DAG(s) dict_keys(['latest_only_with_trigger']) retrieved from /home/airflow/.local/lib/python3.8/site-packages/airflow/example_dags/example_latest_only_with_trigger.py
[2023-10-10T17:23:28.321+0000] {logging_mixin.py:151} INFO - [2023-10-10T17:23:28.321+0000] {dag.py:2915} INFO - Sync 1 DAGs
[2023-10-10T17:23:28.332+0000] {logging_mixin.py:151} INFO - [2023-10-10T17:23:28.332+0000] {dag.py:3696} INFO - Setting next_dagrun for latest_only_with_trigger to 2023-10-10T13:23:28.332653+00:00, run_after=2023-10-10T17:23:28.332653+00:00
[2023-10-10T17:23:28.341+0000] {processor.py:179} INFO - Processing /home/airflow/.local/lib/python3.8/site-packages/airflow/example_dags/example_latest_only_with_trigger.py took 0.041 seconds
[2023-10-10T17:23:58.371+0000] {processor.py:157} INFO - Started process (PID=731) to work on /home/airflow/.local/lib/python3.8/site-packages/airflow/example_dags/example_latest_only_with_trigger.py
[2023-10-10T17:23:58.373+0000] {processor.py:829} INFO - Processing file /home/airflow/.local/lib/python3.8/site-packages/airflow/example_dags/example_latest_only_with_trigger.py for tasks to queue
[2023-10-10T17:23:58.376+0000] {logging_mixin.py:151} INFO - [2023-10-10T17:23:58.376+0000] {dagbag.py:539} INFO - Filling up the DagBag from /home/airflow/.local/lib/python3.8/site-packages/airflow/example_dags/example_latest_only_with_trigger.py
[2023-10-10T17:23:58.383+0000] {processor.py:839} INFO - DAG(s) dict_keys(['latest_only_with_trigger']) retrieved from /home/airflow/.local/lib/python3.8/site-packages/airflow/example_dags/example_latest_only_with_trigger.py
[2023-10-10T17:23:58.398+0000] {logging_mixin.py:151} INFO - [2023-10-10T17:23:58.398+0000] {dag.py:2915} INFO - Sync 1 DAGs
[2023-10-10T17:23:58.411+0000] {logging_mixin.py:151} INFO - [2023-10-10T17:23:58.411+0000] {dag.py:3696} INFO - Setting next_dagrun for latest_only_with_trigger to 2023-10-10T13:23:58.410835+00:00, run_after=2023-10-10T17:23:58.410835+00:00
[2023-10-10T17:23:58.420+0000] {processor.py:179} INFO - Processing /home/airflow/.local/lib/python3.8/site-packages/airflow/example_dags/example_latest_only_with_trigger.py took 0.054 seconds
[2023-10-10T17:24:28.537+0000] {processor.py:157} INFO - Started process (PID=787) to work on /home/airflow/.local/lib/python3.8/site-packages/airflow/example_dags/example_latest_only_with_trigger.py
[2023-10-10T17:24:28.538+0000] {processor.py:829} INFO - Processing file /home/airflow/.local/lib/python3.8/site-packages/airflow/example_dags/example_latest_only_with_trigger.py for tasks to queue
[2023-10-10T17:24:28.540+0000] {logging_mixin.py:151} INFO - [2023-10-10T17:24:28.540+0000] {dagbag.py:539} INFO - Filling up the DagBag from /home/airflow/.local/lib/python3.8/site-packages/airflow/example_dags/example_latest_only_with_trigger.py
[2023-10-10T17:24:28.547+0000] {processor.py:839} INFO - DAG(s) dict_keys(['latest_only_with_trigger']) retrieved from /home/airflow/.local/lib/python3.8/site-packages/airflow/example_dags/example_latest_only_with_trigger.py
[2023-10-10T17:24:28.561+0000] {logging_mixin.py:151} INFO - [2023-10-10T17:24:28.560+0000] {dag.py:2915} INFO - Sync 1 DAGs
[2023-10-10T17:24:28.574+0000] {logging_mixin.py:151} INFO - [2023-10-10T17:24:28.574+0000] {dag.py:3696} INFO - Setting next_dagrun for latest_only_with_trigger to 2023-10-10T13:24:28.574020+00:00, run_after=2023-10-10T17:24:28.574020+00:00
[2023-10-10T17:24:28.583+0000] {processor.py:179} INFO - Processing /home/airflow/.local/lib/python3.8/site-packages/airflow/example_dags/example_latest_only_with_trigger.py took 0.048 seconds
[2023-10-10T17:24:58.768+0000] {processor.py:157} INFO - Started process (PID=843) to work on /home/airflow/.local/lib/python3.8/site-packages/airflow/example_dags/example_latest_only_with_trigger.py
[2023-10-10T17:24:58.768+0000] {processor.py:829} INFO - Processing file /home/airflow/.local/lib/python3.8/site-packages/airflow/example_dags/example_latest_only_with_trigger.py for tasks to queue
[2023-10-10T17:24:58.770+0000] {logging_mixin.py:151} INFO - [2023-10-10T17:24:58.770+0000] {dagbag.py:539} INFO - Filling up the DagBag from /home/airflow/.local/lib/python3.8/site-packages/airflow/example_dags/example_latest_only_with_trigger.py
[2023-10-10T17:24:58.773+0000] {processor.py:839} INFO - DAG(s) dict_keys(['latest_only_with_trigger']) retrieved from /home/airflow/.local/lib/python3.8/site-packages/airflow/example_dags/example_latest_only_with_trigger.py
[2023-10-10T17:24:58.787+0000] {logging_mixin.py:151} INFO - [2023-10-10T17:24:58.787+0000] {dag.py:2915} INFO - Sync 1 DAGs
[2023-10-10T17:24:58.797+0000] {logging_mixin.py:151} INFO - [2023-10-10T17:24:58.797+0000] {dag.py:3696} INFO - Setting next_dagrun for latest_only_with_trigger to 2023-10-10T13:24:58.797386+00:00, run_after=2023-10-10T17:24:58.797386+00:00
[2023-10-10T17:24:58.807+0000] {processor.py:179} INFO - Processing /home/airflow/.local/lib/python3.8/site-packages/airflow/example_dags/example_latest_only_with_trigger.py took 0.042 seconds
[2023-10-10T17:25:28.951+0000] {processor.py:157} INFO - Started process (PID=899) to work on /home/airflow/.local/lib/python3.8/site-packages/airflow/example_dags/example_latest_only_with_trigger.py
[2023-10-10T17:25:28.952+0000] {processor.py:829} INFO - Processing file /home/airflow/.local/lib/python3.8/site-packages/airflow/example_dags/example_latest_only_with_trigger.py for tasks to queue
[2023-10-10T17:25:28.955+0000] {logging_mixin.py:151} INFO - [2023-10-10T17:25:28.955+0000] {dagbag.py:539} INFO - Filling up the DagBag from /home/airflow/.local/lib/python3.8/site-packages/airflow/example_dags/example_latest_only_with_trigger.py
[2023-10-10T17:25:28.961+0000] {processor.py:839} INFO - DAG(s) dict_keys(['latest_only_with_trigger']) retrieved from /home/airflow/.local/lib/python3.8/site-packages/airflow/example_dags/example_latest_only_with_trigger.py
[2023-10-10T17:25:28.978+0000] {logging_mixin.py:151} INFO - [2023-10-10T17:25:28.978+0000] {dag.py:2915} INFO - Sync 1 DAGs
[2023-10-10T17:25:28.992+0000] {logging_mixin.py:151} INFO - [2023-10-10T17:25:28.992+0000] {dag.py:3696} INFO - Setting next_dagrun for latest_only_with_trigger to 2023-10-10T13:25:28.992238+00:00, run_after=2023-10-10T17:25:28.992238+00:00
[2023-10-10T17:25:29.003+0000] {processor.py:179} INFO - Processing /home/airflow/.local/lib/python3.8/site-packages/airflow/example_dags/example_latest_only_with_trigger.py took 0.057 seconds
[2023-10-10T17:25:59.088+0000] {processor.py:157} INFO - Started process (PID=955) to work on /home/airflow/.local/lib/python3.8/site-packages/airflow/example_dags/example_latest_only_with_trigger.py
[2023-10-10T17:25:59.090+0000] {processor.py:829} INFO - Processing file /home/airflow/.local/lib/python3.8/site-packages/airflow/example_dags/example_latest_only_with_trigger.py for tasks to queue
[2023-10-10T17:25:59.093+0000] {logging_mixin.py:151} INFO - [2023-10-10T17:25:59.092+0000] {dagbag.py:539} INFO - Filling up the DagBag from /home/airflow/.local/lib/python3.8/site-packages/airflow/example_dags/example_latest_only_with_trigger.py
[2023-10-10T17:25:59.099+0000] {processor.py:839} INFO - DAG(s) dict_keys(['latest_only_with_trigger']) retrieved from /home/airflow/.local/lib/python3.8/site-packages/airflow/example_dags/example_latest_only_with_trigger.py
[2023-10-10T17:25:59.115+0000] {logging_mixin.py:151} INFO - [2023-10-10T17:25:59.115+0000] {dag.py:2915} INFO - Sync 1 DAGs
[2023-10-10T17:25:59.128+0000] {logging_mixin.py:151} INFO - [2023-10-10T17:25:59.128+0000] {dag.py:3696} INFO - Setting next_dagrun for latest_only_with_trigger to 2023-10-10T13:25:59.128267+00:00, run_after=2023-10-10T17:25:59.128267+00:00
[2023-10-10T17:25:59.138+0000] {processor.py:179} INFO - Processing /home/airflow/.local/lib/python3.8/site-packages/airflow/example_dags/example_latest_only_with_trigger.py took 0.055 seconds
[2023-10-10T17:26:29.237+0000] {processor.py:157} INFO - Started process (PID=1011) to work on /home/airflow/.local/lib/python3.8/site-packages/airflow/example_dags/example_latest_only_with_trigger.py
[2023-10-10T17:26:29.238+0000] {processor.py:829} INFO - Processing file /home/airflow/.local/lib/python3.8/site-packages/airflow/example_dags/example_latest_only_with_trigger.py for tasks to queue
[2023-10-10T17:26:29.240+0000] {logging_mixin.py:151} INFO - [2023-10-10T17:26:29.240+0000] {dagbag.py:539} INFO - Filling up the DagBag from /home/airflow/.local/lib/python3.8/site-packages/airflow/example_dags/example_latest_only_with_trigger.py
[2023-10-10T17:26:29.244+0000] {processor.py:839} INFO - DAG(s) dict_keys(['latest_only_with_trigger']) retrieved from /home/airflow/.local/lib/python3.8/site-packages/airflow/example_dags/example_latest_only_with_trigger.py
[2023-10-10T17:26:29.260+0000] {logging_mixin.py:151} INFO - [2023-10-10T17:26:29.260+0000] {dag.py:2915} INFO - Sync 1 DAGs
[2023-10-10T17:26:29.273+0000] {logging_mixin.py:151} INFO - [2023-10-10T17:26:29.272+0000] {dag.py:3696} INFO - Setting next_dagrun for latest_only_with_trigger to 2023-10-10T13:26:29.272741+00:00, run_after=2023-10-10T17:26:29.272741+00:00
[2023-10-10T17:26:29.283+0000] {processor.py:179} INFO - Processing /home/airflow/.local/lib/python3.8/site-packages/airflow/example_dags/example_latest_only_with_trigger.py took 0.048 seconds
[2023-10-10T17:26:59.376+0000] {processor.py:157} INFO - Started process (PID=1067) to work on /home/airflow/.local/lib/python3.8/site-packages/airflow/example_dags/example_latest_only_with_trigger.py
[2023-10-10T17:26:59.378+0000] {processor.py:829} INFO - Processing file /home/airflow/.local/lib/python3.8/site-packages/airflow/example_dags/example_latest_only_with_trigger.py for tasks to queue
[2023-10-10T17:26:59.381+0000] {logging_mixin.py:151} INFO - [2023-10-10T17:26:59.381+0000] {dagbag.py:539} INFO - Filling up the DagBag from /home/airflow/.local/lib/python3.8/site-packages/airflow/example_dags/example_latest_only_with_trigger.py
[2023-10-10T17:26:59.388+0000] {processor.py:839} INFO - DAG(s) dict_keys(['latest_only_with_trigger']) retrieved from /home/airflow/.local/lib/python3.8/site-packages/airflow/example_dags/example_latest_only_with_trigger.py
[2023-10-10T17:26:59.406+0000] {logging_mixin.py:151} INFO - [2023-10-10T17:26:59.406+0000] {dag.py:2915} INFO - Sync 1 DAGs
[2023-10-10T17:26:59.420+0000] {logging_mixin.py:151} INFO - [2023-10-10T17:26:59.420+0000] {dag.py:3696} INFO - Setting next_dagrun for latest_only_with_trigger to 2023-10-10T13:26:59.419913+00:00, run_after=2023-10-10T17:26:59.419913+00:00
[2023-10-10T17:26:59.429+0000] {processor.py:179} INFO - Processing /home/airflow/.local/lib/python3.8/site-packages/airflow/example_dags/example_latest_only_with_trigger.py took 0.058 seconds
[2023-10-10T17:27:29.505+0000] {processor.py:157} INFO - Started process (PID=1123) to work on /home/airflow/.local/lib/python3.8/site-packages/airflow/example_dags/example_latest_only_with_trigger.py
[2023-10-10T17:27:29.507+0000] {processor.py:829} INFO - Processing file /home/airflow/.local/lib/python3.8/site-packages/airflow/example_dags/example_latest_only_with_trigger.py for tasks to queue
[2023-10-10T17:27:29.510+0000] {logging_mixin.py:151} INFO - [2023-10-10T17:27:29.510+0000] {dagbag.py:539} INFO - Filling up the DagBag from /home/airflow/.local/lib/python3.8/site-packages/airflow/example_dags/example_latest_only_with_trigger.py
[2023-10-10T17:27:29.516+0000] {processor.py:839} INFO - DAG(s) dict_keys(['latest_only_with_trigger']) retrieved from /home/airflow/.local/lib/python3.8/site-packages/airflow/example_dags/example_latest_only_with_trigger.py
[2023-10-10T17:27:29.533+0000] {logging_mixin.py:151} INFO - [2023-10-10T17:27:29.533+0000] {dag.py:2915} INFO - Sync 1 DAGs
[2023-10-10T17:27:29.546+0000] {logging_mixin.py:151} INFO - [2023-10-10T17:27:29.546+0000] {dag.py:3696} INFO - Setting next_dagrun for latest_only_with_trigger to 2023-10-10T13:27:29.546259+00:00, run_after=2023-10-10T17:27:29.546259+00:00
[2023-10-10T17:27:29.556+0000] {processor.py:179} INFO - Processing /home/airflow/.local/lib/python3.8/site-packages/airflow/example_dags/example_latest_only_with_trigger.py took 0.056 seconds
[2023-10-10T17:27:59.621+0000] {processor.py:157} INFO - Started process (PID=1179) to work on /home/airflow/.local/lib/python3.8/site-packages/airflow/example_dags/example_latest_only_with_trigger.py
[2023-10-10T17:27:59.622+0000] {processor.py:829} INFO - Processing file /home/airflow/.local/lib/python3.8/site-packages/airflow/example_dags/example_latest_only_with_trigger.py for tasks to queue
[2023-10-10T17:27:59.624+0000] {logging_mixin.py:151} INFO - [2023-10-10T17:27:59.624+0000] {dagbag.py:539} INFO - Filling up the DagBag from /home/airflow/.local/lib/python3.8/site-packages/airflow/example_dags/example_latest_only_with_trigger.py
[2023-10-10T17:27:59.629+0000] {processor.py:839} INFO - DAG(s) dict_keys(['latest_only_with_trigger']) retrieved from /home/airflow/.local/lib/python3.8/site-packages/airflow/example_dags/example_latest_only_with_trigger.py
[2023-10-10T17:27:59.646+0000] {logging_mixin.py:151} INFO - [2023-10-10T17:27:59.646+0000] {dag.py:2915} INFO - Sync 1 DAGs
[2023-10-10T17:27:59.659+0000] {logging_mixin.py:151} INFO - [2023-10-10T17:27:59.659+0000] {dag.py:3696} INFO - Setting next_dagrun for latest_only_with_trigger to 2023-10-10T13:27:59.659037+00:00, run_after=2023-10-10T17:27:59.659037+00:00
[2023-10-10T17:27:59.668+0000] {processor.py:179} INFO - Processing /home/airflow/.local/lib/python3.8/site-packages/airflow/example_dags/example_latest_only_with_trigger.py took 0.051 seconds
[2023-10-10T17:28:29.734+0000] {processor.py:157} INFO - Started process (PID=1236) to work on /home/airflow/.local/lib/python3.8/site-packages/airflow/example_dags/example_latest_only_with_trigger.py
[2023-10-10T17:28:29.734+0000] {processor.py:829} INFO - Processing file /home/airflow/.local/lib/python3.8/site-packages/airflow/example_dags/example_latest_only_with_trigger.py for tasks to queue
[2023-10-10T17:28:29.736+0000] {logging_mixin.py:151} INFO - [2023-10-10T17:28:29.736+0000] {dagbag.py:539} INFO - Filling up the DagBag from /home/airflow/.local/lib/python3.8/site-packages/airflow/example_dags/example_latest_only_with_trigger.py
[2023-10-10T17:28:29.740+0000] {processor.py:839} INFO - DAG(s) dict_keys(['latest_only_with_trigger']) retrieved from /home/airflow/.local/lib/python3.8/site-packages/airflow/example_dags/example_latest_only_with_trigger.py
[2023-10-10T17:28:29.754+0000] {logging_mixin.py:151} INFO - [2023-10-10T17:28:29.754+0000] {dag.py:2915} INFO - Sync 1 DAGs
[2023-10-10T17:28:29.769+0000] {logging_mixin.py:151} INFO - [2023-10-10T17:28:29.769+0000] {dag.py:3696} INFO - Setting next_dagrun for latest_only_with_trigger to 2023-10-10T13:28:29.769251+00:00, run_after=2023-10-10T17:28:29.769251+00:00
[2023-10-10T17:28:29.781+0000] {processor.py:179} INFO - Processing /home/airflow/.local/lib/python3.8/site-packages/airflow/example_dags/example_latest_only_with_trigger.py took 0.050 seconds
