[2023-10-10T06:38:10.180+0000] {processor.py:157} INFO - Started process (PID=46) to work on /home/airflow/.local/lib/python3.8/site-packages/airflow/example_dags/example_complex.py
[2023-10-10T06:38:10.180+0000] {processor.py:829} INFO - Processing file /home/airflow/.local/lib/python3.8/site-packages/airflow/example_dags/example_complex.py for tasks to queue
[2023-10-10T06:38:10.182+0000] {logging_mixin.py:151} INFO - [2023-10-10T06:38:10.182+0000] {dagbag.py:539} INFO - Filling up the DagBag from /home/airflow/.local/lib/python3.8/site-packages/airflow/example_dags/example_complex.py
[2023-10-10T06:38:10.191+0000] {processor.py:839} INFO - DAG(s) dict_keys(['example_complex']) retrieved from /home/airflow/.local/lib/python3.8/site-packages/airflow/example_dags/example_complex.py
[2023-10-10T06:38:10.200+0000] {logging_mixin.py:151} INFO - [2023-10-10T06:38:10.200+0000] {dag.py:2915} INFO - Sync 1 DAGs
[2023-10-10T06:38:10.207+0000] {logging_mixin.py:151} INFO - [2023-10-10T06:38:10.207+0000] {dag.py:3696} INFO - Setting next_dagrun for example_complex to None, run_after=None
[2023-10-10T06:38:10.223+0000] {processor.py:179} INFO - Processing /home/airflow/.local/lib/python3.8/site-packages/airflow/example_dags/example_complex.py took 0.046 seconds
[2023-10-10T06:38:40.677+0000] {processor.py:157} INFO - Started process (PID=101) to work on /home/airflow/.local/lib/python3.8/site-packages/airflow/example_dags/example_complex.py
[2023-10-10T06:38:40.678+0000] {processor.py:829} INFO - Processing file /home/airflow/.local/lib/python3.8/site-packages/airflow/example_dags/example_complex.py for tasks to queue
[2023-10-10T06:38:40.679+0000] {logging_mixin.py:151} INFO - [2023-10-10T06:38:40.679+0000] {dagbag.py:539} INFO - Filling up the DagBag from /home/airflow/.local/lib/python3.8/site-packages/airflow/example_dags/example_complex.py
[2023-10-10T06:38:40.686+0000] {processor.py:839} INFO - DAG(s) dict_keys(['example_complex']) retrieved from /home/airflow/.local/lib/python3.8/site-packages/airflow/example_dags/example_complex.py
[2023-10-10T06:38:40.702+0000] {logging_mixin.py:151} INFO - [2023-10-10T06:38:40.702+0000] {dag.py:2915} INFO - Sync 1 DAGs
[2023-10-10T06:38:40.709+0000] {logging_mixin.py:151} INFO - [2023-10-10T06:38:40.709+0000] {dag.py:3696} INFO - Setting next_dagrun for example_complex to None, run_after=None
[2023-10-10T06:38:40.719+0000] {processor.py:179} INFO - Processing /home/airflow/.local/lib/python3.8/site-packages/airflow/example_dags/example_complex.py took 0.045 seconds
[2023-10-10T06:39:10.876+0000] {processor.py:157} INFO - Started process (PID=157) to work on /home/airflow/.local/lib/python3.8/site-packages/airflow/example_dags/example_complex.py
[2023-10-10T06:39:10.878+0000] {processor.py:829} INFO - Processing file /home/airflow/.local/lib/python3.8/site-packages/airflow/example_dags/example_complex.py for tasks to queue
[2023-10-10T06:39:10.879+0000] {logging_mixin.py:151} INFO - [2023-10-10T06:39:10.879+0000] {dagbag.py:539} INFO - Filling up the DagBag from /home/airflow/.local/lib/python3.8/site-packages/airflow/example_dags/example_complex.py
[2023-10-10T06:39:10.886+0000] {processor.py:839} INFO - DAG(s) dict_keys(['example_complex']) retrieved from /home/airflow/.local/lib/python3.8/site-packages/airflow/example_dags/example_complex.py
[2023-10-10T06:39:10.905+0000] {logging_mixin.py:151} INFO - [2023-10-10T06:39:10.905+0000] {dag.py:2915} INFO - Sync 1 DAGs
[2023-10-10T06:39:10.913+0000] {logging_mixin.py:151} INFO - [2023-10-10T06:39:10.912+0000] {dag.py:3696} INFO - Setting next_dagrun for example_complex to None, run_after=None
[2023-10-10T06:39:10.924+0000] {processor.py:179} INFO - Processing /home/airflow/.local/lib/python3.8/site-packages/airflow/example_dags/example_complex.py took 0.050 seconds
[2023-10-10T06:39:41.165+0000] {processor.py:157} INFO - Started process (PID=213) to work on /home/airflow/.local/lib/python3.8/site-packages/airflow/example_dags/example_complex.py
[2023-10-10T06:39:41.166+0000] {processor.py:829} INFO - Processing file /home/airflow/.local/lib/python3.8/site-packages/airflow/example_dags/example_complex.py for tasks to queue
[2023-10-10T06:39:41.168+0000] {logging_mixin.py:151} INFO - [2023-10-10T06:39:41.167+0000] {dagbag.py:539} INFO - Filling up the DagBag from /home/airflow/.local/lib/python3.8/site-packages/airflow/example_dags/example_complex.py
[2023-10-10T06:39:41.175+0000] {processor.py:839} INFO - DAG(s) dict_keys(['example_complex']) retrieved from /home/airflow/.local/lib/python3.8/site-packages/airflow/example_dags/example_complex.py
[2023-10-10T06:39:41.192+0000] {logging_mixin.py:151} INFO - [2023-10-10T06:39:41.192+0000] {dag.py:2915} INFO - Sync 1 DAGs
[2023-10-10T06:39:41.198+0000] {logging_mixin.py:151} INFO - [2023-10-10T06:39:41.198+0000] {dag.py:3696} INFO - Setting next_dagrun for example_complex to None, run_after=None
[2023-10-10T06:39:41.208+0000] {processor.py:179} INFO - Processing /home/airflow/.local/lib/python3.8/site-packages/airflow/example_dags/example_complex.py took 0.046 seconds
[2023-10-10T06:40:11.423+0000] {processor.py:157} INFO - Started process (PID=269) to work on /home/airflow/.local/lib/python3.8/site-packages/airflow/example_dags/example_complex.py
[2023-10-10T06:40:11.424+0000] {processor.py:829} INFO - Processing file /home/airflow/.local/lib/python3.8/site-packages/airflow/example_dags/example_complex.py for tasks to queue
[2023-10-10T06:40:11.426+0000] {logging_mixin.py:151} INFO - [2023-10-10T06:40:11.426+0000] {dagbag.py:539} INFO - Filling up the DagBag from /home/airflow/.local/lib/python3.8/site-packages/airflow/example_dags/example_complex.py
[2023-10-10T06:40:11.433+0000] {processor.py:839} INFO - DAG(s) dict_keys(['example_complex']) retrieved from /home/airflow/.local/lib/python3.8/site-packages/airflow/example_dags/example_complex.py
[2023-10-10T06:40:11.451+0000] {logging_mixin.py:151} INFO - [2023-10-10T06:40:11.451+0000] {dag.py:2915} INFO - Sync 1 DAGs
[2023-10-10T06:40:11.459+0000] {logging_mixin.py:151} INFO - [2023-10-10T06:40:11.459+0000] {dag.py:3696} INFO - Setting next_dagrun for example_complex to None, run_after=None
[2023-10-10T06:40:11.471+0000] {processor.py:179} INFO - Processing /home/airflow/.local/lib/python3.8/site-packages/airflow/example_dags/example_complex.py took 0.050 seconds
[2023-10-10T06:40:41.820+0000] {processor.py:157} INFO - Started process (PID=325) to work on /home/airflow/.local/lib/python3.8/site-packages/airflow/example_dags/example_complex.py
[2023-10-10T06:40:41.821+0000] {processor.py:829} INFO - Processing file /home/airflow/.local/lib/python3.8/site-packages/airflow/example_dags/example_complex.py for tasks to queue
[2023-10-10T06:40:41.823+0000] {logging_mixin.py:151} INFO - [2023-10-10T06:40:41.823+0000] {dagbag.py:539} INFO - Filling up the DagBag from /home/airflow/.local/lib/python3.8/site-packages/airflow/example_dags/example_complex.py
[2023-10-10T06:40:41.829+0000] {processor.py:839} INFO - DAG(s) dict_keys(['example_complex']) retrieved from /home/airflow/.local/lib/python3.8/site-packages/airflow/example_dags/example_complex.py
[2023-10-10T06:40:41.848+0000] {logging_mixin.py:151} INFO - [2023-10-10T06:40:41.848+0000] {dag.py:2915} INFO - Sync 1 DAGs
[2023-10-10T06:40:41.855+0000] {logging_mixin.py:151} INFO - [2023-10-10T06:40:41.855+0000] {dag.py:3696} INFO - Setting next_dagrun for example_complex to None, run_after=None
[2023-10-10T06:40:41.864+0000] {processor.py:179} INFO - Processing /home/airflow/.local/lib/python3.8/site-packages/airflow/example_dags/example_complex.py took 0.046 seconds
[2023-10-10T06:41:12.277+0000] {processor.py:157} INFO - Started process (PID=381) to work on /home/airflow/.local/lib/python3.8/site-packages/airflow/example_dags/example_complex.py
[2023-10-10T06:41:12.277+0000] {processor.py:829} INFO - Processing file /home/airflow/.local/lib/python3.8/site-packages/airflow/example_dags/example_complex.py for tasks to queue
[2023-10-10T06:41:12.279+0000] {logging_mixin.py:151} INFO - [2023-10-10T06:41:12.279+0000] {dagbag.py:539} INFO - Filling up the DagBag from /home/airflow/.local/lib/python3.8/site-packages/airflow/example_dags/example_complex.py
[2023-10-10T06:41:12.286+0000] {processor.py:839} INFO - DAG(s) dict_keys(['example_complex']) retrieved from /home/airflow/.local/lib/python3.8/site-packages/airflow/example_dags/example_complex.py
[2023-10-10T06:41:12.306+0000] {logging_mixin.py:151} INFO - [2023-10-10T06:41:12.305+0000] {dag.py:2915} INFO - Sync 1 DAGs
[2023-10-10T06:41:12.313+0000] {logging_mixin.py:151} INFO - [2023-10-10T06:41:12.312+0000] {dag.py:3696} INFO - Setting next_dagrun for example_complex to None, run_after=None
[2023-10-10T06:41:12.325+0000] {processor.py:179} INFO - Processing /home/airflow/.local/lib/python3.8/site-packages/airflow/example_dags/example_complex.py took 0.051 seconds
[2023-10-10T06:41:42.510+0000] {processor.py:157} INFO - Started process (PID=437) to work on /home/airflow/.local/lib/python3.8/site-packages/airflow/example_dags/example_complex.py
[2023-10-10T06:41:42.510+0000] {processor.py:829} INFO - Processing file /home/airflow/.local/lib/python3.8/site-packages/airflow/example_dags/example_complex.py for tasks to queue
[2023-10-10T06:41:42.512+0000] {logging_mixin.py:151} INFO - [2023-10-10T06:41:42.512+0000] {dagbag.py:539} INFO - Filling up the DagBag from /home/airflow/.local/lib/python3.8/site-packages/airflow/example_dags/example_complex.py
[2023-10-10T06:41:42.518+0000] {processor.py:839} INFO - DAG(s) dict_keys(['example_complex']) retrieved from /home/airflow/.local/lib/python3.8/site-packages/airflow/example_dags/example_complex.py
[2023-10-10T06:41:42.535+0000] {logging_mixin.py:151} INFO - [2023-10-10T06:41:42.534+0000] {dag.py:2915} INFO - Sync 1 DAGs
[2023-10-10T06:41:42.542+0000] {logging_mixin.py:151} INFO - [2023-10-10T06:41:42.542+0000] {dag.py:3696} INFO - Setting next_dagrun for example_complex to None, run_after=None
[2023-10-10T06:41:42.551+0000] {processor.py:179} INFO - Processing /home/airflow/.local/lib/python3.8/site-packages/airflow/example_dags/example_complex.py took 0.044 seconds
[2023-10-10T06:42:12.890+0000] {processor.py:157} INFO - Started process (PID=493) to work on /home/airflow/.local/lib/python3.8/site-packages/airflow/example_dags/example_complex.py
[2023-10-10T06:42:12.891+0000] {processor.py:829} INFO - Processing file /home/airflow/.local/lib/python3.8/site-packages/airflow/example_dags/example_complex.py for tasks to queue
[2023-10-10T06:42:12.893+0000] {logging_mixin.py:151} INFO - [2023-10-10T06:42:12.893+0000] {dagbag.py:539} INFO - Filling up the DagBag from /home/airflow/.local/lib/python3.8/site-packages/airflow/example_dags/example_complex.py
[2023-10-10T06:42:12.899+0000] {processor.py:839} INFO - DAG(s) dict_keys(['example_complex']) retrieved from /home/airflow/.local/lib/python3.8/site-packages/airflow/example_dags/example_complex.py
[2023-10-10T06:42:12.917+0000] {logging_mixin.py:151} INFO - [2023-10-10T06:42:12.917+0000] {dag.py:2915} INFO - Sync 1 DAGs
[2023-10-10T06:42:12.924+0000] {logging_mixin.py:151} INFO - [2023-10-10T06:42:12.924+0000] {dag.py:3696} INFO - Setting next_dagrun for example_complex to None, run_after=None
[2023-10-10T06:42:12.934+0000] {processor.py:179} INFO - Processing /home/airflow/.local/lib/python3.8/site-packages/airflow/example_dags/example_complex.py took 0.047 seconds
[2023-10-10T06:42:43.215+0000] {processor.py:157} INFO - Started process (PID=549) to work on /home/airflow/.local/lib/python3.8/site-packages/airflow/example_dags/example_complex.py
[2023-10-10T06:42:43.216+0000] {processor.py:829} INFO - Processing file /home/airflow/.local/lib/python3.8/site-packages/airflow/example_dags/example_complex.py for tasks to queue
[2023-10-10T06:42:43.218+0000] {logging_mixin.py:151} INFO - [2023-10-10T06:42:43.218+0000] {dagbag.py:539} INFO - Filling up the DagBag from /home/airflow/.local/lib/python3.8/site-packages/airflow/example_dags/example_complex.py
[2023-10-10T06:42:43.225+0000] {processor.py:839} INFO - DAG(s) dict_keys(['example_complex']) retrieved from /home/airflow/.local/lib/python3.8/site-packages/airflow/example_dags/example_complex.py
[2023-10-10T06:42:43.244+0000] {logging_mixin.py:151} INFO - [2023-10-10T06:42:43.243+0000] {dag.py:2915} INFO - Sync 1 DAGs
[2023-10-10T06:42:43.251+0000] {logging_mixin.py:151} INFO - [2023-10-10T06:42:43.251+0000] {dag.py:3696} INFO - Setting next_dagrun for example_complex to None, run_after=None
[2023-10-10T06:42:43.263+0000] {processor.py:179} INFO - Processing /home/airflow/.local/lib/python3.8/site-packages/airflow/example_dags/example_complex.py took 0.050 seconds
[2023-10-10T06:43:13.467+0000] {processor.py:157} INFO - Started process (PID=605) to work on /home/airflow/.local/lib/python3.8/site-packages/airflow/example_dags/example_complex.py
[2023-10-10T06:43:13.468+0000] {processor.py:829} INFO - Processing file /home/airflow/.local/lib/python3.8/site-packages/airflow/example_dags/example_complex.py for tasks to queue
[2023-10-10T06:43:13.470+0000] {logging_mixin.py:151} INFO - [2023-10-10T06:43:13.469+0000] {dagbag.py:539} INFO - Filling up the DagBag from /home/airflow/.local/lib/python3.8/site-packages/airflow/example_dags/example_complex.py
[2023-10-10T06:43:13.475+0000] {processor.py:839} INFO - DAG(s) dict_keys(['example_complex']) retrieved from /home/airflow/.local/lib/python3.8/site-packages/airflow/example_dags/example_complex.py
[2023-10-10T06:43:13.492+0000] {logging_mixin.py:151} INFO - [2023-10-10T06:43:13.492+0000] {dag.py:2915} INFO - Sync 1 DAGs
[2023-10-10T06:43:13.499+0000] {logging_mixin.py:151} INFO - [2023-10-10T06:43:13.499+0000] {dag.py:3696} INFO - Setting next_dagrun for example_complex to None, run_after=None
[2023-10-10T06:43:13.509+0000] {processor.py:179} INFO - Processing /home/airflow/.local/lib/python3.8/site-packages/airflow/example_dags/example_complex.py took 0.044 seconds
[2023-10-10T06:46:48.764+0000] {processor.py:157} INFO - Started process (PID=47) to work on /home/airflow/.local/lib/python3.8/site-packages/airflow/example_dags/example_complex.py
[2023-10-10T06:46:48.765+0000] {processor.py:829} INFO - Processing file /home/airflow/.local/lib/python3.8/site-packages/airflow/example_dags/example_complex.py for tasks to queue
[2023-10-10T06:46:48.767+0000] {logging_mixin.py:151} INFO - [2023-10-10T06:46:48.767+0000] {dagbag.py:539} INFO - Filling up the DagBag from /home/airflow/.local/lib/python3.8/site-packages/airflow/example_dags/example_complex.py
[2023-10-10T06:46:48.775+0000] {processor.py:839} INFO - DAG(s) dict_keys(['example_complex']) retrieved from /home/airflow/.local/lib/python3.8/site-packages/airflow/example_dags/example_complex.py
[2023-10-10T06:46:48.784+0000] {logging_mixin.py:151} INFO - [2023-10-10T06:46:48.784+0000] {dag.py:2915} INFO - Sync 1 DAGs
[2023-10-10T06:46:48.798+0000] {logging_mixin.py:151} INFO - [2023-10-10T06:46:48.798+0000] {dag.py:3696} INFO - Setting next_dagrun for example_complex to None, run_after=None
[2023-10-10T06:46:48.810+0000] {processor.py:179} INFO - Processing /home/airflow/.local/lib/python3.8/site-packages/airflow/example_dags/example_complex.py took 0.048 seconds
[2023-10-10T06:47:19.315+0000] {processor.py:157} INFO - Started process (PID=103) to work on /home/airflow/.local/lib/python3.8/site-packages/airflow/example_dags/example_complex.py
[2023-10-10T06:47:19.317+0000] {processor.py:829} INFO - Processing file /home/airflow/.local/lib/python3.8/site-packages/airflow/example_dags/example_complex.py for tasks to queue
[2023-10-10T06:47:19.319+0000] {logging_mixin.py:151} INFO - [2023-10-10T06:47:19.318+0000] {dagbag.py:539} INFO - Filling up the DagBag from /home/airflow/.local/lib/python3.8/site-packages/airflow/example_dags/example_complex.py
[2023-10-10T06:47:19.326+0000] {processor.py:839} INFO - DAG(s) dict_keys(['example_complex']) retrieved from /home/airflow/.local/lib/python3.8/site-packages/airflow/example_dags/example_complex.py
[2023-10-10T06:47:19.347+0000] {logging_mixin.py:151} INFO - [2023-10-10T06:47:19.347+0000] {dag.py:2915} INFO - Sync 1 DAGs
[2023-10-10T06:47:19.355+0000] {logging_mixin.py:151} INFO - [2023-10-10T06:47:19.355+0000] {dag.py:3696} INFO - Setting next_dagrun for example_complex to None, run_after=None
[2023-10-10T06:47:19.368+0000] {processor.py:179} INFO - Processing /home/airflow/.local/lib/python3.8/site-packages/airflow/example_dags/example_complex.py took 0.056 seconds
[2023-10-10T06:47:49.547+0000] {processor.py:157} INFO - Started process (PID=158) to work on /home/airflow/.local/lib/python3.8/site-packages/airflow/example_dags/example_complex.py
[2023-10-10T06:47:49.548+0000] {processor.py:829} INFO - Processing file /home/airflow/.local/lib/python3.8/site-packages/airflow/example_dags/example_complex.py for tasks to queue
[2023-10-10T06:47:49.550+0000] {logging_mixin.py:151} INFO - [2023-10-10T06:47:49.550+0000] {dagbag.py:539} INFO - Filling up the DagBag from /home/airflow/.local/lib/python3.8/site-packages/airflow/example_dags/example_complex.py
[2023-10-10T06:47:49.556+0000] {processor.py:839} INFO - DAG(s) dict_keys(['example_complex']) retrieved from /home/airflow/.local/lib/python3.8/site-packages/airflow/example_dags/example_complex.py
[2023-10-10T06:47:49.575+0000] {logging_mixin.py:151} INFO - [2023-10-10T06:47:49.575+0000] {dag.py:2915} INFO - Sync 1 DAGs
[2023-10-10T06:47:49.581+0000] {logging_mixin.py:151} INFO - [2023-10-10T06:47:49.581+0000] {dag.py:3696} INFO - Setting next_dagrun for example_complex to None, run_after=None
[2023-10-10T06:47:49.591+0000] {processor.py:179} INFO - Processing /home/airflow/.local/lib/python3.8/site-packages/airflow/example_dags/example_complex.py took 0.046 seconds
[2023-10-10T06:48:19.738+0000] {processor.py:157} INFO - Started process (PID=214) to work on /home/airflow/.local/lib/python3.8/site-packages/airflow/example_dags/example_complex.py
[2023-10-10T06:48:19.739+0000] {processor.py:829} INFO - Processing file /home/airflow/.local/lib/python3.8/site-packages/airflow/example_dags/example_complex.py for tasks to queue
[2023-10-10T06:48:19.741+0000] {logging_mixin.py:151} INFO - [2023-10-10T06:48:19.741+0000] {dagbag.py:539} INFO - Filling up the DagBag from /home/airflow/.local/lib/python3.8/site-packages/airflow/example_dags/example_complex.py
[2023-10-10T06:48:19.747+0000] {processor.py:839} INFO - DAG(s) dict_keys(['example_complex']) retrieved from /home/airflow/.local/lib/python3.8/site-packages/airflow/example_dags/example_complex.py
[2023-10-10T06:48:19.765+0000] {logging_mixin.py:151} INFO - [2023-10-10T06:48:19.765+0000] {dag.py:2915} INFO - Sync 1 DAGs
[2023-10-10T06:48:19.771+0000] {logging_mixin.py:151} INFO - [2023-10-10T06:48:19.771+0000] {dag.py:3696} INFO - Setting next_dagrun for example_complex to None, run_after=None
[2023-10-10T06:48:19.782+0000] {processor.py:179} INFO - Processing /home/airflow/.local/lib/python3.8/site-packages/airflow/example_dags/example_complex.py took 0.046 seconds
[2023-10-10T06:48:49.942+0000] {processor.py:157} INFO - Started process (PID=270) to work on /home/airflow/.local/lib/python3.8/site-packages/airflow/example_dags/example_complex.py
[2023-10-10T06:48:49.942+0000] {processor.py:829} INFO - Processing file /home/airflow/.local/lib/python3.8/site-packages/airflow/example_dags/example_complex.py for tasks to queue
[2023-10-10T06:48:49.944+0000] {logging_mixin.py:151} INFO - [2023-10-10T06:48:49.944+0000] {dagbag.py:539} INFO - Filling up the DagBag from /home/airflow/.local/lib/python3.8/site-packages/airflow/example_dags/example_complex.py
[2023-10-10T06:48:49.950+0000] {processor.py:839} INFO - DAG(s) dict_keys(['example_complex']) retrieved from /home/airflow/.local/lib/python3.8/site-packages/airflow/example_dags/example_complex.py
[2023-10-10T06:48:49.967+0000] {logging_mixin.py:151} INFO - [2023-10-10T06:48:49.966+0000] {dag.py:2915} INFO - Sync 1 DAGs
[2023-10-10T06:48:49.973+0000] {logging_mixin.py:151} INFO - [2023-10-10T06:48:49.973+0000] {dag.py:3696} INFO - Setting next_dagrun for example_complex to None, run_after=None
[2023-10-10T06:48:49.983+0000] {processor.py:179} INFO - Processing /home/airflow/.local/lib/python3.8/site-packages/airflow/example_dags/example_complex.py took 0.043 seconds
[2023-10-10T06:49:20.167+0000] {processor.py:157} INFO - Started process (PID=326) to work on /home/airflow/.local/lib/python3.8/site-packages/airflow/example_dags/example_complex.py
[2023-10-10T06:49:20.168+0000] {processor.py:829} INFO - Processing file /home/airflow/.local/lib/python3.8/site-packages/airflow/example_dags/example_complex.py for tasks to queue
[2023-10-10T06:49:20.170+0000] {logging_mixin.py:151} INFO - [2023-10-10T06:49:20.170+0000] {dagbag.py:539} INFO - Filling up the DagBag from /home/airflow/.local/lib/python3.8/site-packages/airflow/example_dags/example_complex.py
[2023-10-10T06:49:20.176+0000] {processor.py:839} INFO - DAG(s) dict_keys(['example_complex']) retrieved from /home/airflow/.local/lib/python3.8/site-packages/airflow/example_dags/example_complex.py
[2023-10-10T06:49:20.194+0000] {logging_mixin.py:151} INFO - [2023-10-10T06:49:20.193+0000] {dag.py:2915} INFO - Sync 1 DAGs
[2023-10-10T06:49:20.200+0000] {logging_mixin.py:151} INFO - [2023-10-10T06:49:20.200+0000] {dag.py:3696} INFO - Setting next_dagrun for example_complex to None, run_after=None
[2023-10-10T06:49:20.209+0000] {processor.py:179} INFO - Processing /home/airflow/.local/lib/python3.8/site-packages/airflow/example_dags/example_complex.py took 0.044 seconds
[2023-10-10T06:49:50.306+0000] {processor.py:157} INFO - Started process (PID=382) to work on /home/airflow/.local/lib/python3.8/site-packages/airflow/example_dags/example_complex.py
[2023-10-10T06:49:50.307+0000] {processor.py:829} INFO - Processing file /home/airflow/.local/lib/python3.8/site-packages/airflow/example_dags/example_complex.py for tasks to queue
[2023-10-10T06:49:50.309+0000] {logging_mixin.py:151} INFO - [2023-10-10T06:49:50.309+0000] {dagbag.py:539} INFO - Filling up the DagBag from /home/airflow/.local/lib/python3.8/site-packages/airflow/example_dags/example_complex.py
[2023-10-10T06:49:50.315+0000] {processor.py:839} INFO - DAG(s) dict_keys(['example_complex']) retrieved from /home/airflow/.local/lib/python3.8/site-packages/airflow/example_dags/example_complex.py
[2023-10-10T06:49:50.332+0000] {logging_mixin.py:151} INFO - [2023-10-10T06:49:50.332+0000] {dag.py:2915} INFO - Sync 1 DAGs
[2023-10-10T06:49:50.339+0000] {logging_mixin.py:151} INFO - [2023-10-10T06:49:50.339+0000] {dag.py:3696} INFO - Setting next_dagrun for example_complex to None, run_after=None
[2023-10-10T06:49:50.351+0000] {processor.py:179} INFO - Processing /home/airflow/.local/lib/python3.8/site-packages/airflow/example_dags/example_complex.py took 0.047 seconds
[2023-10-10T06:50:20.600+0000] {processor.py:157} INFO - Started process (PID=438) to work on /home/airflow/.local/lib/python3.8/site-packages/airflow/example_dags/example_complex.py
[2023-10-10T06:50:20.601+0000] {processor.py:829} INFO - Processing file /home/airflow/.local/lib/python3.8/site-packages/airflow/example_dags/example_complex.py for tasks to queue
[2023-10-10T06:50:20.603+0000] {logging_mixin.py:151} INFO - [2023-10-10T06:50:20.603+0000] {dagbag.py:539} INFO - Filling up the DagBag from /home/airflow/.local/lib/python3.8/site-packages/airflow/example_dags/example_complex.py
[2023-10-10T06:50:20.609+0000] {processor.py:839} INFO - DAG(s) dict_keys(['example_complex']) retrieved from /home/airflow/.local/lib/python3.8/site-packages/airflow/example_dags/example_complex.py
[2023-10-10T06:50:20.627+0000] {logging_mixin.py:151} INFO - [2023-10-10T06:50:20.627+0000] {dag.py:2915} INFO - Sync 1 DAGs
[2023-10-10T06:50:20.634+0000] {logging_mixin.py:151} INFO - [2023-10-10T06:50:20.633+0000] {dag.py:3696} INFO - Setting next_dagrun for example_complex to None, run_after=None
[2023-10-10T06:50:20.644+0000] {processor.py:179} INFO - Processing /home/airflow/.local/lib/python3.8/site-packages/airflow/example_dags/example_complex.py took 0.046 seconds
[2023-10-10T06:50:50.832+0000] {processor.py:157} INFO - Started process (PID=494) to work on /home/airflow/.local/lib/python3.8/site-packages/airflow/example_dags/example_complex.py
[2023-10-10T06:50:50.833+0000] {processor.py:829} INFO - Processing file /home/airflow/.local/lib/python3.8/site-packages/airflow/example_dags/example_complex.py for tasks to queue
[2023-10-10T06:50:50.835+0000] {logging_mixin.py:151} INFO - [2023-10-10T06:50:50.835+0000] {dagbag.py:539} INFO - Filling up the DagBag from /home/airflow/.local/lib/python3.8/site-packages/airflow/example_dags/example_complex.py
[2023-10-10T06:50:50.843+0000] {processor.py:839} INFO - DAG(s) dict_keys(['example_complex']) retrieved from /home/airflow/.local/lib/python3.8/site-packages/airflow/example_dags/example_complex.py
[2023-10-10T06:50:50.864+0000] {logging_mixin.py:151} INFO - [2023-10-10T06:50:50.864+0000] {dag.py:2915} INFO - Sync 1 DAGs
[2023-10-10T06:50:50.873+0000] {logging_mixin.py:151} INFO - [2023-10-10T06:50:50.873+0000] {dag.py:3696} INFO - Setting next_dagrun for example_complex to None, run_after=None
[2023-10-10T06:50:50.886+0000] {processor.py:179} INFO - Processing /home/airflow/.local/lib/python3.8/site-packages/airflow/example_dags/example_complex.py took 0.056 seconds
[2023-10-10T06:51:21.114+0000] {processor.py:157} INFO - Started process (PID=550) to work on /home/airflow/.local/lib/python3.8/site-packages/airflow/example_dags/example_complex.py
[2023-10-10T06:51:21.116+0000] {processor.py:829} INFO - Processing file /home/airflow/.local/lib/python3.8/site-packages/airflow/example_dags/example_complex.py for tasks to queue
[2023-10-10T06:51:21.118+0000] {logging_mixin.py:151} INFO - [2023-10-10T06:51:21.117+0000] {dagbag.py:539} INFO - Filling up the DagBag from /home/airflow/.local/lib/python3.8/site-packages/airflow/example_dags/example_complex.py
[2023-10-10T06:51:21.124+0000] {processor.py:839} INFO - DAG(s) dict_keys(['example_complex']) retrieved from /home/airflow/.local/lib/python3.8/site-packages/airflow/example_dags/example_complex.py
[2023-10-10T06:51:21.140+0000] {logging_mixin.py:151} INFO - [2023-10-10T06:51:21.140+0000] {dag.py:2915} INFO - Sync 1 DAGs
[2023-10-10T06:51:21.147+0000] {logging_mixin.py:151} INFO - [2023-10-10T06:51:21.146+0000] {dag.py:3696} INFO - Setting next_dagrun for example_complex to None, run_after=None
[2023-10-10T06:51:21.156+0000] {processor.py:179} INFO - Processing /home/airflow/.local/lib/python3.8/site-packages/airflow/example_dags/example_complex.py took 0.044 seconds
[2023-10-10T06:51:51.435+0000] {processor.py:157} INFO - Started process (PID=606) to work on /home/airflow/.local/lib/python3.8/site-packages/airflow/example_dags/example_complex.py
[2023-10-10T06:51:51.436+0000] {processor.py:829} INFO - Processing file /home/airflow/.local/lib/python3.8/site-packages/airflow/example_dags/example_complex.py for tasks to queue
[2023-10-10T06:51:51.438+0000] {logging_mixin.py:151} INFO - [2023-10-10T06:51:51.437+0000] {dagbag.py:539} INFO - Filling up the DagBag from /home/airflow/.local/lib/python3.8/site-packages/airflow/example_dags/example_complex.py
[2023-10-10T06:51:51.444+0000] {processor.py:839} INFO - DAG(s) dict_keys(['example_complex']) retrieved from /home/airflow/.local/lib/python3.8/site-packages/airflow/example_dags/example_complex.py
[2023-10-10T06:51:51.461+0000] {logging_mixin.py:151} INFO - [2023-10-10T06:51:51.461+0000] {dag.py:2915} INFO - Sync 1 DAGs
[2023-10-10T06:51:51.468+0000] {logging_mixin.py:151} INFO - [2023-10-10T06:51:51.467+0000] {dag.py:3696} INFO - Setting next_dagrun for example_complex to None, run_after=None
[2023-10-10T06:51:51.477+0000] {processor.py:179} INFO - Processing /home/airflow/.local/lib/python3.8/site-packages/airflow/example_dags/example_complex.py took 0.044 seconds
[2023-10-10T06:52:21.702+0000] {processor.py:157} INFO - Started process (PID=662) to work on /home/airflow/.local/lib/python3.8/site-packages/airflow/example_dags/example_complex.py
[2023-10-10T06:52:21.703+0000] {processor.py:829} INFO - Processing file /home/airflow/.local/lib/python3.8/site-packages/airflow/example_dags/example_complex.py for tasks to queue
[2023-10-10T06:52:21.705+0000] {logging_mixin.py:151} INFO - [2023-10-10T06:52:21.705+0000] {dagbag.py:539} INFO - Filling up the DagBag from /home/airflow/.local/lib/python3.8/site-packages/airflow/example_dags/example_complex.py
[2023-10-10T06:52:21.712+0000] {processor.py:839} INFO - DAG(s) dict_keys(['example_complex']) retrieved from /home/airflow/.local/lib/python3.8/site-packages/airflow/example_dags/example_complex.py
[2023-10-10T06:52:21.729+0000] {logging_mixin.py:151} INFO - [2023-10-10T06:52:21.729+0000] {dag.py:2915} INFO - Sync 1 DAGs
[2023-10-10T06:52:21.736+0000] {logging_mixin.py:151} INFO - [2023-10-10T06:52:21.736+0000] {dag.py:3696} INFO - Setting next_dagrun for example_complex to None, run_after=None
[2023-10-10T06:52:21.746+0000] {processor.py:179} INFO - Processing /home/airflow/.local/lib/python3.8/site-packages/airflow/example_dags/example_complex.py took 0.046 seconds
[2023-10-10T06:52:51.888+0000] {processor.py:157} INFO - Started process (PID=718) to work on /home/airflow/.local/lib/python3.8/site-packages/airflow/example_dags/example_complex.py
[2023-10-10T06:52:51.889+0000] {processor.py:829} INFO - Processing file /home/airflow/.local/lib/python3.8/site-packages/airflow/example_dags/example_complex.py for tasks to queue
[2023-10-10T06:52:51.890+0000] {logging_mixin.py:151} INFO - [2023-10-10T06:52:51.890+0000] {dagbag.py:539} INFO - Filling up the DagBag from /home/airflow/.local/lib/python3.8/site-packages/airflow/example_dags/example_complex.py
[2023-10-10T06:52:51.896+0000] {processor.py:839} INFO - DAG(s) dict_keys(['example_complex']) retrieved from /home/airflow/.local/lib/python3.8/site-packages/airflow/example_dags/example_complex.py
[2023-10-10T06:52:51.913+0000] {logging_mixin.py:151} INFO - [2023-10-10T06:52:51.912+0000] {dag.py:2915} INFO - Sync 1 DAGs
[2023-10-10T06:52:51.919+0000] {logging_mixin.py:151} INFO - [2023-10-10T06:52:51.919+0000] {dag.py:3696} INFO - Setting next_dagrun for example_complex to None, run_after=None
[2023-10-10T06:52:51.929+0000] {processor.py:179} INFO - Processing /home/airflow/.local/lib/python3.8/site-packages/airflow/example_dags/example_complex.py took 0.043 seconds
[2023-10-10T06:53:22.253+0000] {processor.py:157} INFO - Started process (PID=774) to work on /home/airflow/.local/lib/python3.8/site-packages/airflow/example_dags/example_complex.py
[2023-10-10T06:53:22.254+0000] {processor.py:829} INFO - Processing file /home/airflow/.local/lib/python3.8/site-packages/airflow/example_dags/example_complex.py for tasks to queue
[2023-10-10T06:53:22.256+0000] {logging_mixin.py:151} INFO - [2023-10-10T06:53:22.255+0000] {dagbag.py:539} INFO - Filling up the DagBag from /home/airflow/.local/lib/python3.8/site-packages/airflow/example_dags/example_complex.py
[2023-10-10T06:53:22.262+0000] {processor.py:839} INFO - DAG(s) dict_keys(['example_complex']) retrieved from /home/airflow/.local/lib/python3.8/site-packages/airflow/example_dags/example_complex.py
[2023-10-10T06:53:22.279+0000] {logging_mixin.py:151} INFO - [2023-10-10T06:53:22.279+0000] {dag.py:2915} INFO - Sync 1 DAGs
[2023-10-10T06:53:22.286+0000] {logging_mixin.py:151} INFO - [2023-10-10T06:53:22.286+0000] {dag.py:3696} INFO - Setting next_dagrun for example_complex to None, run_after=None
[2023-10-10T06:53:22.296+0000] {processor.py:179} INFO - Processing /home/airflow/.local/lib/python3.8/site-packages/airflow/example_dags/example_complex.py took 0.045 seconds
[2023-10-10T06:53:52.478+0000] {processor.py:157} INFO - Started process (PID=830) to work on /home/airflow/.local/lib/python3.8/site-packages/airflow/example_dags/example_complex.py
[2023-10-10T06:53:52.480+0000] {processor.py:829} INFO - Processing file /home/airflow/.local/lib/python3.8/site-packages/airflow/example_dags/example_complex.py for tasks to queue
[2023-10-10T06:53:52.483+0000] {logging_mixin.py:151} INFO - [2023-10-10T06:53:52.483+0000] {dagbag.py:539} INFO - Filling up the DagBag from /home/airflow/.local/lib/python3.8/site-packages/airflow/example_dags/example_complex.py
[2023-10-10T06:53:52.489+0000] {processor.py:839} INFO - DAG(s) dict_keys(['example_complex']) retrieved from /home/airflow/.local/lib/python3.8/site-packages/airflow/example_dags/example_complex.py
[2023-10-10T06:53:52.511+0000] {logging_mixin.py:151} INFO - [2023-10-10T06:53:52.511+0000] {dag.py:2915} INFO - Sync 1 DAGs
[2023-10-10T06:53:52.521+0000] {logging_mixin.py:151} INFO - [2023-10-10T06:53:52.520+0000] {dag.py:3696} INFO - Setting next_dagrun for example_complex to None, run_after=None
[2023-10-10T06:53:52.538+0000] {processor.py:179} INFO - Processing /home/airflow/.local/lib/python3.8/site-packages/airflow/example_dags/example_complex.py took 0.062 seconds
[2023-10-10T06:54:22.671+0000] {processor.py:157} INFO - Started process (PID=886) to work on /home/airflow/.local/lib/python3.8/site-packages/airflow/example_dags/example_complex.py
[2023-10-10T06:54:22.672+0000] {processor.py:829} INFO - Processing file /home/airflow/.local/lib/python3.8/site-packages/airflow/example_dags/example_complex.py for tasks to queue
[2023-10-10T06:54:22.673+0000] {logging_mixin.py:151} INFO - [2023-10-10T06:54:22.673+0000] {dagbag.py:539} INFO - Filling up the DagBag from /home/airflow/.local/lib/python3.8/site-packages/airflow/example_dags/example_complex.py
[2023-10-10T06:54:22.679+0000] {processor.py:839} INFO - DAG(s) dict_keys(['example_complex']) retrieved from /home/airflow/.local/lib/python3.8/site-packages/airflow/example_dags/example_complex.py
[2023-10-10T06:54:22.697+0000] {logging_mixin.py:151} INFO - [2023-10-10T06:54:22.697+0000] {dag.py:2915} INFO - Sync 1 DAGs
[2023-10-10T06:54:22.703+0000] {logging_mixin.py:151} INFO - [2023-10-10T06:54:22.703+0000] {dag.py:3696} INFO - Setting next_dagrun for example_complex to None, run_after=None
[2023-10-10T06:54:22.713+0000] {processor.py:179} INFO - Processing /home/airflow/.local/lib/python3.8/site-packages/airflow/example_dags/example_complex.py took 0.045 seconds
[2023-10-10T06:54:52.954+0000] {processor.py:157} INFO - Started process (PID=942) to work on /home/airflow/.local/lib/python3.8/site-packages/airflow/example_dags/example_complex.py
[2023-10-10T06:54:52.955+0000] {processor.py:829} INFO - Processing file /home/airflow/.local/lib/python3.8/site-packages/airflow/example_dags/example_complex.py for tasks to queue
[2023-10-10T06:54:52.957+0000] {logging_mixin.py:151} INFO - [2023-10-10T06:54:52.956+0000] {dagbag.py:539} INFO - Filling up the DagBag from /home/airflow/.local/lib/python3.8/site-packages/airflow/example_dags/example_complex.py
[2023-10-10T06:54:52.962+0000] {processor.py:839} INFO - DAG(s) dict_keys(['example_complex']) retrieved from /home/airflow/.local/lib/python3.8/site-packages/airflow/example_dags/example_complex.py
[2023-10-10T06:54:52.979+0000] {logging_mixin.py:151} INFO - [2023-10-10T06:54:52.979+0000] {dag.py:2915} INFO - Sync 1 DAGs
[2023-10-10T06:54:52.987+0000] {logging_mixin.py:151} INFO - [2023-10-10T06:54:52.987+0000] {dag.py:3696} INFO - Setting next_dagrun for example_complex to None, run_after=None
[2023-10-10T06:54:52.996+0000] {processor.py:179} INFO - Processing /home/airflow/.local/lib/python3.8/site-packages/airflow/example_dags/example_complex.py took 0.044 seconds
[2023-10-10T06:55:23.066+0000] {processor.py:157} INFO - Started process (PID=998) to work on /home/airflow/.local/lib/python3.8/site-packages/airflow/example_dags/example_complex.py
[2023-10-10T06:55:23.067+0000] {processor.py:829} INFO - Processing file /home/airflow/.local/lib/python3.8/site-packages/airflow/example_dags/example_complex.py for tasks to queue
[2023-10-10T06:55:23.069+0000] {logging_mixin.py:151} INFO - [2023-10-10T06:55:23.069+0000] {dagbag.py:539} INFO - Filling up the DagBag from /home/airflow/.local/lib/python3.8/site-packages/airflow/example_dags/example_complex.py
[2023-10-10T06:55:23.075+0000] {processor.py:839} INFO - DAG(s) dict_keys(['example_complex']) retrieved from /home/airflow/.local/lib/python3.8/site-packages/airflow/example_dags/example_complex.py
[2023-10-10T06:55:23.092+0000] {logging_mixin.py:151} INFO - [2023-10-10T06:55:23.092+0000] {dag.py:2915} INFO - Sync 1 DAGs
[2023-10-10T06:55:23.099+0000] {logging_mixin.py:151} INFO - [2023-10-10T06:55:23.099+0000] {dag.py:3696} INFO - Setting next_dagrun for example_complex to None, run_after=None
[2023-10-10T06:55:23.109+0000] {processor.py:179} INFO - Processing /home/airflow/.local/lib/python3.8/site-packages/airflow/example_dags/example_complex.py took 0.045 seconds
[2023-10-10T06:55:53.280+0000] {processor.py:157} INFO - Started process (PID=1054) to work on /home/airflow/.local/lib/python3.8/site-packages/airflow/example_dags/example_complex.py
[2023-10-10T06:55:53.281+0000] {processor.py:829} INFO - Processing file /home/airflow/.local/lib/python3.8/site-packages/airflow/example_dags/example_complex.py for tasks to queue
[2023-10-10T06:55:53.283+0000] {logging_mixin.py:151} INFO - [2023-10-10T06:55:53.283+0000] {dagbag.py:539} INFO - Filling up the DagBag from /home/airflow/.local/lib/python3.8/site-packages/airflow/example_dags/example_complex.py
[2023-10-10T06:55:53.289+0000] {processor.py:839} INFO - DAG(s) dict_keys(['example_complex']) retrieved from /home/airflow/.local/lib/python3.8/site-packages/airflow/example_dags/example_complex.py
[2023-10-10T06:55:53.306+0000] {logging_mixin.py:151} INFO - [2023-10-10T06:55:53.306+0000] {dag.py:2915} INFO - Sync 1 DAGs
[2023-10-10T06:55:53.313+0000] {logging_mixin.py:151} INFO - [2023-10-10T06:55:53.313+0000] {dag.py:3696} INFO - Setting next_dagrun for example_complex to None, run_after=None
[2023-10-10T06:55:53.322+0000] {processor.py:179} INFO - Processing /home/airflow/.local/lib/python3.8/site-packages/airflow/example_dags/example_complex.py took 0.044 seconds
[2023-10-10T06:56:23.579+0000] {processor.py:157} INFO - Started process (PID=1110) to work on /home/airflow/.local/lib/python3.8/site-packages/airflow/example_dags/example_complex.py
[2023-10-10T06:56:23.580+0000] {processor.py:829} INFO - Processing file /home/airflow/.local/lib/python3.8/site-packages/airflow/example_dags/example_complex.py for tasks to queue
[2023-10-10T06:56:23.582+0000] {logging_mixin.py:151} INFO - [2023-10-10T06:56:23.582+0000] {dagbag.py:539} INFO - Filling up the DagBag from /home/airflow/.local/lib/python3.8/site-packages/airflow/example_dags/example_complex.py
[2023-10-10T06:56:23.588+0000] {processor.py:839} INFO - DAG(s) dict_keys(['example_complex']) retrieved from /home/airflow/.local/lib/python3.8/site-packages/airflow/example_dags/example_complex.py
[2023-10-10T06:56:23.606+0000] {logging_mixin.py:151} INFO - [2023-10-10T06:56:23.606+0000] {dag.py:2915} INFO - Sync 1 DAGs
[2023-10-10T06:56:23.614+0000] {logging_mixin.py:151} INFO - [2023-10-10T06:56:23.613+0000] {dag.py:3696} INFO - Setting next_dagrun for example_complex to None, run_after=None
[2023-10-10T06:56:23.623+0000] {processor.py:179} INFO - Processing /home/airflow/.local/lib/python3.8/site-packages/airflow/example_dags/example_complex.py took 0.046 seconds
[2023-10-10T17:17:51.548+0000] {processor.py:157} INFO - Started process (PID=47) to work on /home/airflow/.local/lib/python3.8/site-packages/airflow/example_dags/example_complex.py
[2023-10-10T17:17:51.549+0000] {processor.py:829} INFO - Processing file /home/airflow/.local/lib/python3.8/site-packages/airflow/example_dags/example_complex.py for tasks to queue
[2023-10-10T17:17:51.551+0000] {logging_mixin.py:151} INFO - [2023-10-10T17:17:51.551+0000] {dagbag.py:539} INFO - Filling up the DagBag from /home/airflow/.local/lib/python3.8/site-packages/airflow/example_dags/example_complex.py
[2023-10-10T17:17:51.560+0000] {processor.py:839} INFO - DAG(s) dict_keys(['example_complex']) retrieved from /home/airflow/.local/lib/python3.8/site-packages/airflow/example_dags/example_complex.py
[2023-10-10T17:17:51.568+0000] {logging_mixin.py:151} INFO - [2023-10-10T17:17:51.568+0000] {dag.py:2915} INFO - Sync 1 DAGs
[2023-10-10T17:17:51.575+0000] {logging_mixin.py:151} INFO - [2023-10-10T17:17:51.575+0000] {dag.py:3696} INFO - Setting next_dagrun for example_complex to None, run_after=None
[2023-10-10T17:17:51.586+0000] {processor.py:179} INFO - Processing /home/airflow/.local/lib/python3.8/site-packages/airflow/example_dags/example_complex.py took 0.040 seconds
[2023-10-10T17:18:21.615+0000] {processor.py:157} INFO - Started process (PID=102) to work on /home/airflow/.local/lib/python3.8/site-packages/airflow/example_dags/example_complex.py
[2023-10-10T17:18:21.615+0000] {processor.py:829} INFO - Processing file /home/airflow/.local/lib/python3.8/site-packages/airflow/example_dags/example_complex.py for tasks to queue
[2023-10-10T17:18:21.617+0000] {logging_mixin.py:151} INFO - [2023-10-10T17:18:21.617+0000] {dagbag.py:539} INFO - Filling up the DagBag from /home/airflow/.local/lib/python3.8/site-packages/airflow/example_dags/example_complex.py
[2023-10-10T17:18:21.623+0000] {processor.py:839} INFO - DAG(s) dict_keys(['example_complex']) retrieved from /home/airflow/.local/lib/python3.8/site-packages/airflow/example_dags/example_complex.py
[2023-10-10T17:18:21.639+0000] {logging_mixin.py:151} INFO - [2023-10-10T17:18:21.639+0000] {dag.py:2915} INFO - Sync 1 DAGs
[2023-10-10T17:18:21.645+0000] {logging_mixin.py:151} INFO - [2023-10-10T17:18:21.645+0000] {dag.py:3696} INFO - Setting next_dagrun for example_complex to None, run_after=None
[2023-10-10T17:18:21.654+0000] {processor.py:179} INFO - Processing /home/airflow/.local/lib/python3.8/site-packages/airflow/example_dags/example_complex.py took 0.042 seconds
[2023-10-10T17:18:52.528+0000] {processor.py:157} INFO - Started process (PID=158) to work on /home/airflow/.local/lib/python3.8/site-packages/airflow/example_dags/example_complex.py
[2023-10-10T17:18:52.529+0000] {processor.py:829} INFO - Processing file /home/airflow/.local/lib/python3.8/site-packages/airflow/example_dags/example_complex.py for tasks to queue
[2023-10-10T17:18:52.530+0000] {logging_mixin.py:151} INFO - [2023-10-10T17:18:52.530+0000] {dagbag.py:539} INFO - Filling up the DagBag from /home/airflow/.local/lib/python3.8/site-packages/airflow/example_dags/example_complex.py
[2023-10-10T17:18:52.536+0000] {processor.py:839} INFO - DAG(s) dict_keys(['example_complex']) retrieved from /home/airflow/.local/lib/python3.8/site-packages/airflow/example_dags/example_complex.py
[2023-10-10T17:18:52.553+0000] {logging_mixin.py:151} INFO - [2023-10-10T17:18:52.552+0000] {dag.py:2915} INFO - Sync 1 DAGs
[2023-10-10T17:18:52.559+0000] {logging_mixin.py:151} INFO - [2023-10-10T17:18:52.559+0000] {dag.py:3696} INFO - Setting next_dagrun for example_complex to None, run_after=None
[2023-10-10T17:18:52.569+0000] {processor.py:179} INFO - Processing /home/airflow/.local/lib/python3.8/site-packages/airflow/example_dags/example_complex.py took 0.043 seconds
[2023-10-10T17:19:22.645+0000] {processor.py:157} INFO - Started process (PID=214) to work on /home/airflow/.local/lib/python3.8/site-packages/airflow/example_dags/example_complex.py
[2023-10-10T17:19:22.645+0000] {processor.py:829} INFO - Processing file /home/airflow/.local/lib/python3.8/site-packages/airflow/example_dags/example_complex.py for tasks to queue
[2023-10-10T17:19:22.647+0000] {logging_mixin.py:151} INFO - [2023-10-10T17:19:22.647+0000] {dagbag.py:539} INFO - Filling up the DagBag from /home/airflow/.local/lib/python3.8/site-packages/airflow/example_dags/example_complex.py
[2023-10-10T17:19:22.653+0000] {processor.py:839} INFO - DAG(s) dict_keys(['example_complex']) retrieved from /home/airflow/.local/lib/python3.8/site-packages/airflow/example_dags/example_complex.py
[2023-10-10T17:19:22.670+0000] {logging_mixin.py:151} INFO - [2023-10-10T17:19:22.670+0000] {dag.py:2915} INFO - Sync 1 DAGs
[2023-10-10T17:19:22.677+0000] {logging_mixin.py:151} INFO - [2023-10-10T17:19:22.677+0000] {dag.py:3696} INFO - Setting next_dagrun for example_complex to None, run_after=None
[2023-10-10T17:19:22.686+0000] {processor.py:179} INFO - Processing /home/airflow/.local/lib/python3.8/site-packages/airflow/example_dags/example_complex.py took 0.043 seconds
[2023-10-10T17:19:52.802+0000] {processor.py:157} INFO - Started process (PID=270) to work on /home/airflow/.local/lib/python3.8/site-packages/airflow/example_dags/example_complex.py
[2023-10-10T17:19:52.802+0000] {processor.py:829} INFO - Processing file /home/airflow/.local/lib/python3.8/site-packages/airflow/example_dags/example_complex.py for tasks to queue
[2023-10-10T17:19:52.804+0000] {logging_mixin.py:151} INFO - [2023-10-10T17:19:52.804+0000] {dagbag.py:539} INFO - Filling up the DagBag from /home/airflow/.local/lib/python3.8/site-packages/airflow/example_dags/example_complex.py
[2023-10-10T17:19:52.810+0000] {processor.py:839} INFO - DAG(s) dict_keys(['example_complex']) retrieved from /home/airflow/.local/lib/python3.8/site-packages/airflow/example_dags/example_complex.py
[2023-10-10T17:19:52.827+0000] {logging_mixin.py:151} INFO - [2023-10-10T17:19:52.827+0000] {dag.py:2915} INFO - Sync 1 DAGs
[2023-10-10T17:19:52.834+0000] {logging_mixin.py:151} INFO - [2023-10-10T17:19:52.833+0000] {dag.py:3696} INFO - Setting next_dagrun for example_complex to None, run_after=None
[2023-10-10T17:19:52.842+0000] {processor.py:179} INFO - Processing /home/airflow/.local/lib/python3.8/site-packages/airflow/example_dags/example_complex.py took 0.043 seconds
[2023-10-10T17:20:22.936+0000] {processor.py:157} INFO - Started process (PID=326) to work on /home/airflow/.local/lib/python3.8/site-packages/airflow/example_dags/example_complex.py
[2023-10-10T17:20:22.937+0000] {processor.py:829} INFO - Processing file /home/airflow/.local/lib/python3.8/site-packages/airflow/example_dags/example_complex.py for tasks to queue
[2023-10-10T17:20:22.938+0000] {logging_mixin.py:151} INFO - [2023-10-10T17:20:22.938+0000] {dagbag.py:539} INFO - Filling up the DagBag from /home/airflow/.local/lib/python3.8/site-packages/airflow/example_dags/example_complex.py
[2023-10-10T17:20:22.944+0000] {processor.py:839} INFO - DAG(s) dict_keys(['example_complex']) retrieved from /home/airflow/.local/lib/python3.8/site-packages/airflow/example_dags/example_complex.py
[2023-10-10T17:20:22.961+0000] {logging_mixin.py:151} INFO - [2023-10-10T17:20:22.961+0000] {dag.py:2915} INFO - Sync 1 DAGs
[2023-10-10T17:20:22.968+0000] {logging_mixin.py:151} INFO - [2023-10-10T17:20:22.968+0000] {dag.py:3696} INFO - Setting next_dagrun for example_complex to None, run_after=None
[2023-10-10T17:20:22.978+0000] {processor.py:179} INFO - Processing /home/airflow/.local/lib/python3.8/site-packages/airflow/example_dags/example_complex.py took 0.045 seconds
[2023-10-10T17:20:53.054+0000] {processor.py:157} INFO - Started process (PID=382) to work on /home/airflow/.local/lib/python3.8/site-packages/airflow/example_dags/example_complex.py
[2023-10-10T17:20:53.055+0000] {processor.py:829} INFO - Processing file /home/airflow/.local/lib/python3.8/site-packages/airflow/example_dags/example_complex.py for tasks to queue
[2023-10-10T17:20:53.056+0000] {logging_mixin.py:151} INFO - [2023-10-10T17:20:53.056+0000] {dagbag.py:539} INFO - Filling up the DagBag from /home/airflow/.local/lib/python3.8/site-packages/airflow/example_dags/example_complex.py
[2023-10-10T17:20:53.062+0000] {processor.py:839} INFO - DAG(s) dict_keys(['example_complex']) retrieved from /home/airflow/.local/lib/python3.8/site-packages/airflow/example_dags/example_complex.py
[2023-10-10T17:20:53.079+0000] {logging_mixin.py:151} INFO - [2023-10-10T17:20:53.079+0000] {dag.py:2915} INFO - Sync 1 DAGs
[2023-10-10T17:20:53.086+0000] {logging_mixin.py:151} INFO - [2023-10-10T17:20:53.086+0000] {dag.py:3696} INFO - Setting next_dagrun for example_complex to None, run_after=None
[2023-10-10T17:20:53.095+0000] {processor.py:179} INFO - Processing /home/airflow/.local/lib/python3.8/site-packages/airflow/example_dags/example_complex.py took 0.044 seconds
[2023-10-10T17:21:23.216+0000] {processor.py:157} INFO - Started process (PID=438) to work on /home/airflow/.local/lib/python3.8/site-packages/airflow/example_dags/example_complex.py
[2023-10-10T17:21:23.218+0000] {processor.py:829} INFO - Processing file /home/airflow/.local/lib/python3.8/site-packages/airflow/example_dags/example_complex.py for tasks to queue
[2023-10-10T17:21:23.220+0000] {logging_mixin.py:151} INFO - [2023-10-10T17:21:23.220+0000] {dagbag.py:539} INFO - Filling up the DagBag from /home/airflow/.local/lib/python3.8/site-packages/airflow/example_dags/example_complex.py
[2023-10-10T17:21:23.227+0000] {processor.py:839} INFO - DAG(s) dict_keys(['example_complex']) retrieved from /home/airflow/.local/lib/python3.8/site-packages/airflow/example_dags/example_complex.py
[2023-10-10T17:21:23.248+0000] {logging_mixin.py:151} INFO - [2023-10-10T17:21:23.248+0000] {dag.py:2915} INFO - Sync 1 DAGs
[2023-10-10T17:21:23.257+0000] {logging_mixin.py:151} INFO - [2023-10-10T17:21:23.257+0000] {dag.py:3696} INFO - Setting next_dagrun for example_complex to None, run_after=None
[2023-10-10T17:21:23.271+0000] {processor.py:179} INFO - Processing /home/airflow/.local/lib/python3.8/site-packages/airflow/example_dags/example_complex.py took 0.057 seconds
[2023-10-10T17:21:53.294+0000] {processor.py:157} INFO - Started process (PID=494) to work on /home/airflow/.local/lib/python3.8/site-packages/airflow/example_dags/example_complex.py
[2023-10-10T17:21:53.295+0000] {processor.py:829} INFO - Processing file /home/airflow/.local/lib/python3.8/site-packages/airflow/example_dags/example_complex.py for tasks to queue
[2023-10-10T17:21:53.296+0000] {logging_mixin.py:151} INFO - [2023-10-10T17:21:53.296+0000] {dagbag.py:539} INFO - Filling up the DagBag from /home/airflow/.local/lib/python3.8/site-packages/airflow/example_dags/example_complex.py
[2023-10-10T17:21:53.302+0000] {processor.py:839} INFO - DAG(s) dict_keys(['example_complex']) retrieved from /home/airflow/.local/lib/python3.8/site-packages/airflow/example_dags/example_complex.py
[2023-10-10T17:21:53.318+0000] {logging_mixin.py:151} INFO - [2023-10-10T17:21:53.318+0000] {dag.py:2915} INFO - Sync 1 DAGs
[2023-10-10T17:21:53.324+0000] {logging_mixin.py:151} INFO - [2023-10-10T17:21:53.324+0000] {dag.py:3696} INFO - Setting next_dagrun for example_complex to None, run_after=None
[2023-10-10T17:21:53.334+0000] {processor.py:179} INFO - Processing /home/airflow/.local/lib/python3.8/site-packages/airflow/example_dags/example_complex.py took 0.043 seconds
[2023-10-10T17:22:23.545+0000] {processor.py:157} INFO - Started process (PID=550) to work on /home/airflow/.local/lib/python3.8/site-packages/airflow/example_dags/example_complex.py
[2023-10-10T17:22:23.546+0000] {processor.py:829} INFO - Processing file /home/airflow/.local/lib/python3.8/site-packages/airflow/example_dags/example_complex.py for tasks to queue
[2023-10-10T17:22:23.548+0000] {logging_mixin.py:151} INFO - [2023-10-10T17:22:23.548+0000] {dagbag.py:539} INFO - Filling up the DagBag from /home/airflow/.local/lib/python3.8/site-packages/airflow/example_dags/example_complex.py
[2023-10-10T17:22:23.554+0000] {processor.py:839} INFO - DAG(s) dict_keys(['example_complex']) retrieved from /home/airflow/.local/lib/python3.8/site-packages/airflow/example_dags/example_complex.py
[2023-10-10T17:22:23.571+0000] {logging_mixin.py:151} INFO - [2023-10-10T17:22:23.571+0000] {dag.py:2915} INFO - Sync 1 DAGs
[2023-10-10T17:22:23.578+0000] {logging_mixin.py:151} INFO - [2023-10-10T17:22:23.578+0000] {dag.py:3696} INFO - Setting next_dagrun for example_complex to None, run_after=None
[2023-10-10T17:22:23.588+0000] {processor.py:179} INFO - Processing /home/airflow/.local/lib/python3.8/site-packages/airflow/example_dags/example_complex.py took 0.045 seconds
[2023-10-10T17:22:53.648+0000] {processor.py:157} INFO - Started process (PID=606) to work on /home/airflow/.local/lib/python3.8/site-packages/airflow/example_dags/example_complex.py
[2023-10-10T17:22:53.649+0000] {processor.py:829} INFO - Processing file /home/airflow/.local/lib/python3.8/site-packages/airflow/example_dags/example_complex.py for tasks to queue
[2023-10-10T17:22:53.651+0000] {logging_mixin.py:151} INFO - [2023-10-10T17:22:53.651+0000] {dagbag.py:539} INFO - Filling up the DagBag from /home/airflow/.local/lib/python3.8/site-packages/airflow/example_dags/example_complex.py
[2023-10-10T17:22:53.657+0000] {processor.py:839} INFO - DAG(s) dict_keys(['example_complex']) retrieved from /home/airflow/.local/lib/python3.8/site-packages/airflow/example_dags/example_complex.py
[2023-10-10T17:22:53.673+0000] {logging_mixin.py:151} INFO - [2023-10-10T17:22:53.673+0000] {dag.py:2915} INFO - Sync 1 DAGs
[2023-10-10T17:22:53.680+0000] {logging_mixin.py:151} INFO - [2023-10-10T17:22:53.680+0000] {dag.py:3696} INFO - Setting next_dagrun for example_complex to None, run_after=None
[2023-10-10T17:22:53.691+0000] {processor.py:179} INFO - Processing /home/airflow/.local/lib/python3.8/site-packages/airflow/example_dags/example_complex.py took 0.045 seconds
[2023-10-10T17:23:23.770+0000] {processor.py:157} INFO - Started process (PID=662) to work on /home/airflow/.local/lib/python3.8/site-packages/airflow/example_dags/example_complex.py
[2023-10-10T17:23:23.771+0000] {processor.py:829} INFO - Processing file /home/airflow/.local/lib/python3.8/site-packages/airflow/example_dags/example_complex.py for tasks to queue
[2023-10-10T17:23:23.772+0000] {logging_mixin.py:151} INFO - [2023-10-10T17:23:23.772+0000] {dagbag.py:539} INFO - Filling up the DagBag from /home/airflow/.local/lib/python3.8/site-packages/airflow/example_dags/example_complex.py
[2023-10-10T17:23:23.778+0000] {processor.py:839} INFO - DAG(s) dict_keys(['example_complex']) retrieved from /home/airflow/.local/lib/python3.8/site-packages/airflow/example_dags/example_complex.py
[2023-10-10T17:23:23.795+0000] {logging_mixin.py:151} INFO - [2023-10-10T17:23:23.795+0000] {dag.py:2915} INFO - Sync 1 DAGs
[2023-10-10T17:23:23.802+0000] {logging_mixin.py:151} INFO - [2023-10-10T17:23:23.802+0000] {dag.py:3696} INFO - Setting next_dagrun for example_complex to None, run_after=None
[2023-10-10T17:23:23.813+0000] {processor.py:179} INFO - Processing /home/airflow/.local/lib/python3.8/site-packages/airflow/example_dags/example_complex.py took 0.045 seconds
[2023-10-10T17:23:53.908+0000] {processor.py:157} INFO - Started process (PID=718) to work on /home/airflow/.local/lib/python3.8/site-packages/airflow/example_dags/example_complex.py
[2023-10-10T17:23:53.908+0000] {processor.py:829} INFO - Processing file /home/airflow/.local/lib/python3.8/site-packages/airflow/example_dags/example_complex.py for tasks to queue
[2023-10-10T17:23:53.910+0000] {logging_mixin.py:151} INFO - [2023-10-10T17:23:53.910+0000] {dagbag.py:539} INFO - Filling up the DagBag from /home/airflow/.local/lib/python3.8/site-packages/airflow/example_dags/example_complex.py
[2023-10-10T17:23:53.916+0000] {processor.py:839} INFO - DAG(s) dict_keys(['example_complex']) retrieved from /home/airflow/.local/lib/python3.8/site-packages/airflow/example_dags/example_complex.py
[2023-10-10T17:23:53.933+0000] {logging_mixin.py:151} INFO - [2023-10-10T17:23:53.932+0000] {dag.py:2915} INFO - Sync 1 DAGs
[2023-10-10T17:23:53.939+0000] {logging_mixin.py:151} INFO - [2023-10-10T17:23:53.939+0000] {dag.py:3696} INFO - Setting next_dagrun for example_complex to None, run_after=None
[2023-10-10T17:23:53.948+0000] {processor.py:179} INFO - Processing /home/airflow/.local/lib/python3.8/site-packages/airflow/example_dags/example_complex.py took 0.043 seconds
[2023-10-10T17:24:24.107+0000] {processor.py:157} INFO - Started process (PID=774) to work on /home/airflow/.local/lib/python3.8/site-packages/airflow/example_dags/example_complex.py
[2023-10-10T17:24:24.108+0000] {processor.py:829} INFO - Processing file /home/airflow/.local/lib/python3.8/site-packages/airflow/example_dags/example_complex.py for tasks to queue
[2023-10-10T17:24:24.110+0000] {logging_mixin.py:151} INFO - [2023-10-10T17:24:24.110+0000] {dagbag.py:539} INFO - Filling up the DagBag from /home/airflow/.local/lib/python3.8/site-packages/airflow/example_dags/example_complex.py
[2023-10-10T17:24:24.116+0000] {processor.py:839} INFO - DAG(s) dict_keys(['example_complex']) retrieved from /home/airflow/.local/lib/python3.8/site-packages/airflow/example_dags/example_complex.py
[2023-10-10T17:24:24.133+0000] {logging_mixin.py:151} INFO - [2023-10-10T17:24:24.133+0000] {dag.py:2915} INFO - Sync 1 DAGs
[2023-10-10T17:24:24.140+0000] {logging_mixin.py:151} INFO - [2023-10-10T17:24:24.140+0000] {dag.py:3696} INFO - Setting next_dagrun for example_complex to None, run_after=None
[2023-10-10T17:24:24.150+0000] {processor.py:179} INFO - Processing /home/airflow/.local/lib/python3.8/site-packages/airflow/example_dags/example_complex.py took 0.045 seconds
[2023-10-10T17:24:54.329+0000] {processor.py:157} INFO - Started process (PID=830) to work on /home/airflow/.local/lib/python3.8/site-packages/airflow/example_dags/example_complex.py
[2023-10-10T17:24:54.330+0000] {processor.py:829} INFO - Processing file /home/airflow/.local/lib/python3.8/site-packages/airflow/example_dags/example_complex.py for tasks to queue
[2023-10-10T17:24:54.332+0000] {logging_mixin.py:151} INFO - [2023-10-10T17:24:54.331+0000] {dagbag.py:539} INFO - Filling up the DagBag from /home/airflow/.local/lib/python3.8/site-packages/airflow/example_dags/example_complex.py
[2023-10-10T17:24:54.338+0000] {processor.py:839} INFO - DAG(s) dict_keys(['example_complex']) retrieved from /home/airflow/.local/lib/python3.8/site-packages/airflow/example_dags/example_complex.py
[2023-10-10T17:24:54.355+0000] {logging_mixin.py:151} INFO - [2023-10-10T17:24:54.354+0000] {dag.py:2915} INFO - Sync 1 DAGs
[2023-10-10T17:24:54.361+0000] {logging_mixin.py:151} INFO - [2023-10-10T17:24:54.361+0000] {dag.py:3696} INFO - Setting next_dagrun for example_complex to None, run_after=None
[2023-10-10T17:24:54.370+0000] {processor.py:179} INFO - Processing /home/airflow/.local/lib/python3.8/site-packages/airflow/example_dags/example_complex.py took 0.043 seconds
[2023-10-10T17:25:24.409+0000] {processor.py:157} INFO - Started process (PID=886) to work on /home/airflow/.local/lib/python3.8/site-packages/airflow/example_dags/example_complex.py
[2023-10-10T17:25:24.410+0000] {processor.py:829} INFO - Processing file /home/airflow/.local/lib/python3.8/site-packages/airflow/example_dags/example_complex.py for tasks to queue
[2023-10-10T17:25:24.412+0000] {logging_mixin.py:151} INFO - [2023-10-10T17:25:24.412+0000] {dagbag.py:539} INFO - Filling up the DagBag from /home/airflow/.local/lib/python3.8/site-packages/airflow/example_dags/example_complex.py
[2023-10-10T17:25:24.418+0000] {processor.py:839} INFO - DAG(s) dict_keys(['example_complex']) retrieved from /home/airflow/.local/lib/python3.8/site-packages/airflow/example_dags/example_complex.py
[2023-10-10T17:25:24.435+0000] {logging_mixin.py:151} INFO - [2023-10-10T17:25:24.435+0000] {dag.py:2915} INFO - Sync 1 DAGs
[2023-10-10T17:25:24.442+0000] {logging_mixin.py:151} INFO - [2023-10-10T17:25:24.442+0000] {dag.py:3696} INFO - Setting next_dagrun for example_complex to None, run_after=None
[2023-10-10T17:25:24.451+0000] {processor.py:179} INFO - Processing /home/airflow/.local/lib/python3.8/site-packages/airflow/example_dags/example_complex.py took 0.044 seconds
[2023-10-10T17:25:54.559+0000] {processor.py:157} INFO - Started process (PID=942) to work on /home/airflow/.local/lib/python3.8/site-packages/airflow/example_dags/example_complex.py
[2023-10-10T17:25:54.560+0000] {processor.py:829} INFO - Processing file /home/airflow/.local/lib/python3.8/site-packages/airflow/example_dags/example_complex.py for tasks to queue
[2023-10-10T17:25:54.562+0000] {logging_mixin.py:151} INFO - [2023-10-10T17:25:54.561+0000] {dagbag.py:539} INFO - Filling up the DagBag from /home/airflow/.local/lib/python3.8/site-packages/airflow/example_dags/example_complex.py
[2023-10-10T17:25:54.567+0000] {processor.py:839} INFO - DAG(s) dict_keys(['example_complex']) retrieved from /home/airflow/.local/lib/python3.8/site-packages/airflow/example_dags/example_complex.py
[2023-10-10T17:25:54.584+0000] {logging_mixin.py:151} INFO - [2023-10-10T17:25:54.584+0000] {dag.py:2915} INFO - Sync 1 DAGs
[2023-10-10T17:25:54.593+0000] {logging_mixin.py:151} INFO - [2023-10-10T17:25:54.593+0000] {dag.py:3696} INFO - Setting next_dagrun for example_complex to None, run_after=None
[2023-10-10T17:25:54.603+0000] {processor.py:179} INFO - Processing /home/airflow/.local/lib/python3.8/site-packages/airflow/example_dags/example_complex.py took 0.046 seconds
[2023-10-10T17:26:24.687+0000] {processor.py:157} INFO - Started process (PID=998) to work on /home/airflow/.local/lib/python3.8/site-packages/airflow/example_dags/example_complex.py
[2023-10-10T17:26:24.688+0000] {processor.py:829} INFO - Processing file /home/airflow/.local/lib/python3.8/site-packages/airflow/example_dags/example_complex.py for tasks to queue
[2023-10-10T17:26:24.690+0000] {logging_mixin.py:151} INFO - [2023-10-10T17:26:24.690+0000] {dagbag.py:539} INFO - Filling up the DagBag from /home/airflow/.local/lib/python3.8/site-packages/airflow/example_dags/example_complex.py
[2023-10-10T17:26:24.696+0000] {processor.py:839} INFO - DAG(s) dict_keys(['example_complex']) retrieved from /home/airflow/.local/lib/python3.8/site-packages/airflow/example_dags/example_complex.py
[2023-10-10T17:26:24.713+0000] {logging_mixin.py:151} INFO - [2023-10-10T17:26:24.713+0000] {dag.py:2915} INFO - Sync 1 DAGs
[2023-10-10T17:26:24.720+0000] {logging_mixin.py:151} INFO - [2023-10-10T17:26:24.720+0000] {dag.py:3696} INFO - Setting next_dagrun for example_complex to None, run_after=None
[2023-10-10T17:26:24.730+0000] {processor.py:179} INFO - Processing /home/airflow/.local/lib/python3.8/site-packages/airflow/example_dags/example_complex.py took 0.045 seconds
[2023-10-10T17:26:54.832+0000] {processor.py:157} INFO - Started process (PID=1054) to work on /home/airflow/.local/lib/python3.8/site-packages/airflow/example_dags/example_complex.py
[2023-10-10T17:26:54.833+0000] {processor.py:829} INFO - Processing file /home/airflow/.local/lib/python3.8/site-packages/airflow/example_dags/example_complex.py for tasks to queue
[2023-10-10T17:26:54.834+0000] {logging_mixin.py:151} INFO - [2023-10-10T17:26:54.834+0000] {dagbag.py:539} INFO - Filling up the DagBag from /home/airflow/.local/lib/python3.8/site-packages/airflow/example_dags/example_complex.py
[2023-10-10T17:26:54.841+0000] {processor.py:839} INFO - DAG(s) dict_keys(['example_complex']) retrieved from /home/airflow/.local/lib/python3.8/site-packages/airflow/example_dags/example_complex.py
[2023-10-10T17:26:54.858+0000] {logging_mixin.py:151} INFO - [2023-10-10T17:26:54.858+0000] {dag.py:2915} INFO - Sync 1 DAGs
[2023-10-10T17:26:54.865+0000] {logging_mixin.py:151} INFO - [2023-10-10T17:26:54.865+0000] {dag.py:3696} INFO - Setting next_dagrun for example_complex to None, run_after=None
[2023-10-10T17:26:54.875+0000] {processor.py:179} INFO - Processing /home/airflow/.local/lib/python3.8/site-packages/airflow/example_dags/example_complex.py took 0.045 seconds
[2023-10-10T17:27:24.974+0000] {processor.py:157} INFO - Started process (PID=1110) to work on /home/airflow/.local/lib/python3.8/site-packages/airflow/example_dags/example_complex.py
[2023-10-10T17:27:24.975+0000] {processor.py:829} INFO - Processing file /home/airflow/.local/lib/python3.8/site-packages/airflow/example_dags/example_complex.py for tasks to queue
[2023-10-10T17:27:24.976+0000] {logging_mixin.py:151} INFO - [2023-10-10T17:27:24.976+0000] {dagbag.py:539} INFO - Filling up the DagBag from /home/airflow/.local/lib/python3.8/site-packages/airflow/example_dags/example_complex.py
[2023-10-10T17:27:24.982+0000] {processor.py:839} INFO - DAG(s) dict_keys(['example_complex']) retrieved from /home/airflow/.local/lib/python3.8/site-packages/airflow/example_dags/example_complex.py
[2023-10-10T17:27:24.999+0000] {logging_mixin.py:151} INFO - [2023-10-10T17:27:24.999+0000] {dag.py:2915} INFO - Sync 1 DAGs
[2023-10-10T17:27:25.006+0000] {logging_mixin.py:151} INFO - [2023-10-10T17:27:25.006+0000] {dag.py:3696} INFO - Setting next_dagrun for example_complex to None, run_after=None
[2023-10-10T17:27:25.017+0000] {processor.py:179} INFO - Processing /home/airflow/.local/lib/python3.8/site-packages/airflow/example_dags/example_complex.py took 0.045 seconds
[2023-10-10T17:27:55.097+0000] {processor.py:157} INFO - Started process (PID=1166) to work on /home/airflow/.local/lib/python3.8/site-packages/airflow/example_dags/example_complex.py
[2023-10-10T17:27:55.098+0000] {processor.py:829} INFO - Processing file /home/airflow/.local/lib/python3.8/site-packages/airflow/example_dags/example_complex.py for tasks to queue
[2023-10-10T17:27:55.099+0000] {logging_mixin.py:151} INFO - [2023-10-10T17:27:55.099+0000] {dagbag.py:539} INFO - Filling up the DagBag from /home/airflow/.local/lib/python3.8/site-packages/airflow/example_dags/example_complex.py
[2023-10-10T17:27:55.105+0000] {processor.py:839} INFO - DAG(s) dict_keys(['example_complex']) retrieved from /home/airflow/.local/lib/python3.8/site-packages/airflow/example_dags/example_complex.py
[2023-10-10T17:27:55.122+0000] {logging_mixin.py:151} INFO - [2023-10-10T17:27:55.122+0000] {dag.py:2915} INFO - Sync 1 DAGs
[2023-10-10T17:27:55.129+0000] {logging_mixin.py:151} INFO - [2023-10-10T17:27:55.129+0000] {dag.py:3696} INFO - Setting next_dagrun for example_complex to None, run_after=None
[2023-10-10T17:27:55.140+0000] {processor.py:179} INFO - Processing /home/airflow/.local/lib/python3.8/site-packages/airflow/example_dags/example_complex.py took 0.046 seconds
[2023-10-10T17:28:25.278+0000] {processor.py:157} INFO - Started process (PID=1223) to work on /home/airflow/.local/lib/python3.8/site-packages/airflow/example_dags/example_complex.py
[2023-10-10T17:28:25.279+0000] {processor.py:829} INFO - Processing file /home/airflow/.local/lib/python3.8/site-packages/airflow/example_dags/example_complex.py for tasks to queue
[2023-10-10T17:28:25.281+0000] {logging_mixin.py:151} INFO - [2023-10-10T17:28:25.281+0000] {dagbag.py:539} INFO - Filling up the DagBag from /home/airflow/.local/lib/python3.8/site-packages/airflow/example_dags/example_complex.py
[2023-10-10T17:28:25.287+0000] {processor.py:839} INFO - DAG(s) dict_keys(['example_complex']) retrieved from /home/airflow/.local/lib/python3.8/site-packages/airflow/example_dags/example_complex.py
[2023-10-10T17:28:25.303+0000] {logging_mixin.py:151} INFO - [2023-10-10T17:28:25.303+0000] {dag.py:2915} INFO - Sync 1 DAGs
[2023-10-10T17:28:25.310+0000] {logging_mixin.py:151} INFO - [2023-10-10T17:28:25.310+0000] {dag.py:3696} INFO - Setting next_dagrun for example_complex to None, run_after=None
[2023-10-10T17:28:25.321+0000] {processor.py:179} INFO - Processing /home/airflow/.local/lib/python3.8/site-packages/airflow/example_dags/example_complex.py took 0.045 seconds
[2023-10-10T17:28:55.539+0000] {processor.py:157} INFO - Started process (PID=1279) to work on /home/airflow/.local/lib/python3.8/site-packages/airflow/example_dags/example_complex.py
[2023-10-10T17:28:55.540+0000] {processor.py:829} INFO - Processing file /home/airflow/.local/lib/python3.8/site-packages/airflow/example_dags/example_complex.py for tasks to queue
[2023-10-10T17:28:55.542+0000] {logging_mixin.py:151} INFO - [2023-10-10T17:28:55.541+0000] {dagbag.py:539} INFO - Filling up the DagBag from /home/airflow/.local/lib/python3.8/site-packages/airflow/example_dags/example_complex.py
[2023-10-10T17:28:55.548+0000] {processor.py:839} INFO - DAG(s) dict_keys(['example_complex']) retrieved from /home/airflow/.local/lib/python3.8/site-packages/airflow/example_dags/example_complex.py
[2023-10-10T17:28:55.565+0000] {logging_mixin.py:151} INFO - [2023-10-10T17:28:55.565+0000] {dag.py:2915} INFO - Sync 1 DAGs
[2023-10-10T17:28:55.571+0000] {logging_mixin.py:151} INFO - [2023-10-10T17:28:55.571+0000] {dag.py:3696} INFO - Setting next_dagrun for example_complex to None, run_after=None
[2023-10-10T17:28:55.580+0000] {processor.py:179} INFO - Processing /home/airflow/.local/lib/python3.8/site-packages/airflow/example_dags/example_complex.py took 0.044 seconds
