[2023-10-10T06:38:10.804+0000] {processor.py:157} INFO - Started process (PID=56) to work on /home/airflow/.local/lib/python3.8/site-packages/airflow/example_dags/example_external_task_marker_dag.py
[2023-10-10T06:38:10.806+0000] {processor.py:829} INFO - Processing file /home/airflow/.local/lib/python3.8/site-packages/airflow/example_dags/example_external_task_marker_dag.py for tasks to queue
[2023-10-10T06:38:10.809+0000] {logging_mixin.py:151} INFO - [2023-10-10T06:38:10.808+0000] {dagbag.py:539} INFO - Filling up the DagBag from /home/airflow/.local/lib/python3.8/site-packages/airflow/example_dags/example_external_task_marker_dag.py
[2023-10-10T06:38:10.817+0000] {processor.py:839} INFO - DAG(s) dict_keys(['example_external_task_marker_parent', 'example_external_task_marker_child']) retrieved from /home/airflow/.local/lib/python3.8/site-packages/airflow/example_dags/example_external_task_marker_dag.py
[2023-10-10T06:38:10.836+0000] {logging_mixin.py:151} INFO - [2023-10-10T06:38:10.835+0000] {dag.py:2915} INFO - Sync 2 DAGs
[2023-10-10T06:38:10.848+0000] {logging_mixin.py:151} INFO - [2023-10-10T06:38:10.848+0000] {dag.py:3696} INFO - Setting next_dagrun for example_external_task_marker_child to None, run_after=None
[2023-10-10T06:38:10.851+0000] {logging_mixin.py:151} INFO - [2023-10-10T06:38:10.851+0000] {dag.py:3696} INFO - Setting next_dagrun for example_external_task_marker_parent to None, run_after=None
[2023-10-10T06:38:10.863+0000] {processor.py:179} INFO - Processing /home/airflow/.local/lib/python3.8/site-packages/airflow/example_dags/example_external_task_marker_dag.py took 0.063 seconds
[2023-10-10T06:38:41.111+0000] {processor.py:157} INFO - Started process (PID=112) to work on /home/airflow/.local/lib/python3.8/site-packages/airflow/example_dags/example_external_task_marker_dag.py
[2023-10-10T06:38:41.112+0000] {processor.py:829} INFO - Processing file /home/airflow/.local/lib/python3.8/site-packages/airflow/example_dags/example_external_task_marker_dag.py for tasks to queue
[2023-10-10T06:38:41.114+0000] {logging_mixin.py:151} INFO - [2023-10-10T06:38:41.114+0000] {dagbag.py:539} INFO - Filling up the DagBag from /home/airflow/.local/lib/python3.8/site-packages/airflow/example_dags/example_external_task_marker_dag.py
[2023-10-10T06:38:41.118+0000] {processor.py:839} INFO - DAG(s) dict_keys(['example_external_task_marker_child', 'example_external_task_marker_parent']) retrieved from /home/airflow/.local/lib/python3.8/site-packages/airflow/example_dags/example_external_task_marker_dag.py
[2023-10-10T06:38:41.132+0000] {logging_mixin.py:151} INFO - [2023-10-10T06:38:41.132+0000] {dag.py:2915} INFO - Sync 2 DAGs
[2023-10-10T06:38:41.140+0000] {logging_mixin.py:151} INFO - [2023-10-10T06:38:41.139+0000] {dag.py:3696} INFO - Setting next_dagrun for example_external_task_marker_child to None, run_after=None
[2023-10-10T06:38:41.142+0000] {logging_mixin.py:151} INFO - [2023-10-10T06:38:41.142+0000] {dag.py:3696} INFO - Setting next_dagrun for example_external_task_marker_parent to None, run_after=None
[2023-10-10T06:38:41.150+0000] {processor.py:179} INFO - Processing /home/airflow/.local/lib/python3.8/site-packages/airflow/example_dags/example_external_task_marker_dag.py took 0.041 seconds
[2023-10-10T06:39:11.517+0000] {processor.py:157} INFO - Started process (PID=168) to work on /home/airflow/.local/lib/python3.8/site-packages/airflow/example_dags/example_external_task_marker_dag.py
[2023-10-10T06:39:11.518+0000] {processor.py:829} INFO - Processing file /home/airflow/.local/lib/python3.8/site-packages/airflow/example_dags/example_external_task_marker_dag.py for tasks to queue
[2023-10-10T06:39:11.520+0000] {logging_mixin.py:151} INFO - [2023-10-10T06:39:11.519+0000] {dagbag.py:539} INFO - Filling up the DagBag from /home/airflow/.local/lib/python3.8/site-packages/airflow/example_dags/example_external_task_marker_dag.py
[2023-10-10T06:39:11.523+0000] {processor.py:839} INFO - DAG(s) dict_keys(['example_external_task_marker_child', 'example_external_task_marker_parent']) retrieved from /home/airflow/.local/lib/python3.8/site-packages/airflow/example_dags/example_external_task_marker_dag.py
[2023-10-10T06:39:11.538+0000] {logging_mixin.py:151} INFO - [2023-10-10T06:39:11.538+0000] {dag.py:2915} INFO - Sync 2 DAGs
[2023-10-10T06:39:11.545+0000] {logging_mixin.py:151} INFO - [2023-10-10T06:39:11.545+0000] {dag.py:3696} INFO - Setting next_dagrun for example_external_task_marker_child to None, run_after=None
[2023-10-10T06:39:11.547+0000] {logging_mixin.py:151} INFO - [2023-10-10T06:39:11.547+0000] {dag.py:3696} INFO - Setting next_dagrun for example_external_task_marker_parent to None, run_after=None
[2023-10-10T06:39:11.555+0000] {processor.py:179} INFO - Processing /home/airflow/.local/lib/python3.8/site-packages/airflow/example_dags/example_external_task_marker_dag.py took 0.041 seconds
[2023-10-10T06:39:41.639+0000] {processor.py:157} INFO - Started process (PID=223) to work on /home/airflow/.local/lib/python3.8/site-packages/airflow/example_dags/example_external_task_marker_dag.py
[2023-10-10T06:39:41.640+0000] {processor.py:829} INFO - Processing file /home/airflow/.local/lib/python3.8/site-packages/airflow/example_dags/example_external_task_marker_dag.py for tasks to queue
[2023-10-10T06:39:41.642+0000] {logging_mixin.py:151} INFO - [2023-10-10T06:39:41.641+0000] {dagbag.py:539} INFO - Filling up the DagBag from /home/airflow/.local/lib/python3.8/site-packages/airflow/example_dags/example_external_task_marker_dag.py
[2023-10-10T06:39:41.645+0000] {processor.py:839} INFO - DAG(s) dict_keys(['example_external_task_marker_child', 'example_external_task_marker_parent']) retrieved from /home/airflow/.local/lib/python3.8/site-packages/airflow/example_dags/example_external_task_marker_dag.py
[2023-10-10T06:39:41.660+0000] {logging_mixin.py:151} INFO - [2023-10-10T06:39:41.660+0000] {dag.py:2915} INFO - Sync 2 DAGs
[2023-10-10T06:39:41.667+0000] {logging_mixin.py:151} INFO - [2023-10-10T06:39:41.667+0000] {dag.py:3696} INFO - Setting next_dagrun for example_external_task_marker_child to None, run_after=None
[2023-10-10T06:39:41.670+0000] {logging_mixin.py:151} INFO - [2023-10-10T06:39:41.670+0000] {dag.py:3696} INFO - Setting next_dagrun for example_external_task_marker_parent to None, run_after=None
[2023-10-10T06:39:41.679+0000] {processor.py:179} INFO - Processing /home/airflow/.local/lib/python3.8/site-packages/airflow/example_dags/example_external_task_marker_dag.py took 0.043 seconds
[2023-10-10T06:40:11.884+0000] {processor.py:157} INFO - Started process (PID=280) to work on /home/airflow/.local/lib/python3.8/site-packages/airflow/example_dags/example_external_task_marker_dag.py
[2023-10-10T06:40:11.885+0000] {processor.py:829} INFO - Processing file /home/airflow/.local/lib/python3.8/site-packages/airflow/example_dags/example_external_task_marker_dag.py for tasks to queue
[2023-10-10T06:40:11.886+0000] {logging_mixin.py:151} INFO - [2023-10-10T06:40:11.886+0000] {dagbag.py:539} INFO - Filling up the DagBag from /home/airflow/.local/lib/python3.8/site-packages/airflow/example_dags/example_external_task_marker_dag.py
[2023-10-10T06:40:11.890+0000] {processor.py:839} INFO - DAG(s) dict_keys(['example_external_task_marker_child', 'example_external_task_marker_parent']) retrieved from /home/airflow/.local/lib/python3.8/site-packages/airflow/example_dags/example_external_task_marker_dag.py
[2023-10-10T06:40:11.905+0000] {logging_mixin.py:151} INFO - [2023-10-10T06:40:11.905+0000] {dag.py:2915} INFO - Sync 2 DAGs
[2023-10-10T06:40:11.912+0000] {logging_mixin.py:151} INFO - [2023-10-10T06:40:11.911+0000] {dag.py:3696} INFO - Setting next_dagrun for example_external_task_marker_child to None, run_after=None
[2023-10-10T06:40:11.913+0000] {logging_mixin.py:151} INFO - [2023-10-10T06:40:11.913+0000] {dag.py:3696} INFO - Setting next_dagrun for example_external_task_marker_parent to None, run_after=None
[2023-10-10T06:40:11.922+0000] {processor.py:179} INFO - Processing /home/airflow/.local/lib/python3.8/site-packages/airflow/example_dags/example_external_task_marker_dag.py took 0.041 seconds
[2023-10-10T06:40:42.428+0000] {processor.py:157} INFO - Started process (PID=336) to work on /home/airflow/.local/lib/python3.8/site-packages/airflow/example_dags/example_external_task_marker_dag.py
[2023-10-10T06:40:42.431+0000] {processor.py:829} INFO - Processing file /home/airflow/.local/lib/python3.8/site-packages/airflow/example_dags/example_external_task_marker_dag.py for tasks to queue
[2023-10-10T06:40:42.432+0000] {logging_mixin.py:151} INFO - [2023-10-10T06:40:42.432+0000] {dagbag.py:539} INFO - Filling up the DagBag from /home/airflow/.local/lib/python3.8/site-packages/airflow/example_dags/example_external_task_marker_dag.py
[2023-10-10T06:40:42.437+0000] {processor.py:839} INFO - DAG(s) dict_keys(['example_external_task_marker_parent', 'example_external_task_marker_child']) retrieved from /home/airflow/.local/lib/python3.8/site-packages/airflow/example_dags/example_external_task_marker_dag.py
[2023-10-10T06:40:42.453+0000] {logging_mixin.py:151} INFO - [2023-10-10T06:40:42.453+0000] {dag.py:2915} INFO - Sync 2 DAGs
[2023-10-10T06:40:42.461+0000] {logging_mixin.py:151} INFO - [2023-10-10T06:40:42.460+0000] {dag.py:3696} INFO - Setting next_dagrun for example_external_task_marker_child to None, run_after=None
[2023-10-10T06:40:42.463+0000] {logging_mixin.py:151} INFO - [2023-10-10T06:40:42.463+0000] {dag.py:3696} INFO - Setting next_dagrun for example_external_task_marker_parent to None, run_after=None
[2023-10-10T06:40:42.473+0000] {processor.py:179} INFO - Processing /home/airflow/.local/lib/python3.8/site-packages/airflow/example_dags/example_external_task_marker_dag.py took 0.048 seconds
[2023-10-10T06:41:12.829+0000] {processor.py:157} INFO - Started process (PID=392) to work on /home/airflow/.local/lib/python3.8/site-packages/airflow/example_dags/example_external_task_marker_dag.py
[2023-10-10T06:41:12.831+0000] {processor.py:829} INFO - Processing file /home/airflow/.local/lib/python3.8/site-packages/airflow/example_dags/example_external_task_marker_dag.py for tasks to queue
[2023-10-10T06:41:12.833+0000] {logging_mixin.py:151} INFO - [2023-10-10T06:41:12.833+0000] {dagbag.py:539} INFO - Filling up the DagBag from /home/airflow/.local/lib/python3.8/site-packages/airflow/example_dags/example_external_task_marker_dag.py
[2023-10-10T06:41:12.838+0000] {processor.py:839} INFO - DAG(s) dict_keys(['example_external_task_marker_child', 'example_external_task_marker_parent']) retrieved from /home/airflow/.local/lib/python3.8/site-packages/airflow/example_dags/example_external_task_marker_dag.py
[2023-10-10T06:41:12.854+0000] {logging_mixin.py:151} INFO - [2023-10-10T06:41:12.854+0000] {dag.py:2915} INFO - Sync 2 DAGs
[2023-10-10T06:41:12.862+0000] {logging_mixin.py:151} INFO - [2023-10-10T06:41:12.862+0000] {dag.py:3696} INFO - Setting next_dagrun for example_external_task_marker_child to None, run_after=None
[2023-10-10T06:41:12.864+0000] {logging_mixin.py:151} INFO - [2023-10-10T06:41:12.864+0000] {dag.py:3696} INFO - Setting next_dagrun for example_external_task_marker_parent to None, run_after=None
[2023-10-10T06:41:12.873+0000] {processor.py:179} INFO - Processing /home/airflow/.local/lib/python3.8/site-packages/airflow/example_dags/example_external_task_marker_dag.py took 0.048 seconds
[2023-10-10T06:41:44.039+0000] {processor.py:157} INFO - Started process (PID=448) to work on /home/airflow/.local/lib/python3.8/site-packages/airflow/example_dags/example_external_task_marker_dag.py
[2023-10-10T06:41:44.040+0000] {processor.py:829} INFO - Processing file /home/airflow/.local/lib/python3.8/site-packages/airflow/example_dags/example_external_task_marker_dag.py for tasks to queue
[2023-10-10T06:41:44.042+0000] {logging_mixin.py:151} INFO - [2023-10-10T06:41:44.042+0000] {dagbag.py:539} INFO - Filling up the DagBag from /home/airflow/.local/lib/python3.8/site-packages/airflow/example_dags/example_external_task_marker_dag.py
[2023-10-10T06:41:44.046+0000] {processor.py:839} INFO - DAG(s) dict_keys(['example_external_task_marker_child', 'example_external_task_marker_parent']) retrieved from /home/airflow/.local/lib/python3.8/site-packages/airflow/example_dags/example_external_task_marker_dag.py
[2023-10-10T06:41:44.060+0000] {logging_mixin.py:151} INFO - [2023-10-10T06:41:44.060+0000] {dag.py:2915} INFO - Sync 2 DAGs
[2023-10-10T06:41:44.067+0000] {logging_mixin.py:151} INFO - [2023-10-10T06:41:44.067+0000] {dag.py:3696} INFO - Setting next_dagrun for example_external_task_marker_child to None, run_after=None
[2023-10-10T06:41:44.069+0000] {logging_mixin.py:151} INFO - [2023-10-10T06:41:44.069+0000] {dag.py:3696} INFO - Setting next_dagrun for example_external_task_marker_parent to None, run_after=None
[2023-10-10T06:41:44.076+0000] {processor.py:179} INFO - Processing /home/airflow/.local/lib/python3.8/site-packages/airflow/example_dags/example_external_task_marker_dag.py took 0.039 seconds
[2023-10-10T06:42:14.406+0000] {processor.py:157} INFO - Started process (PID=504) to work on /home/airflow/.local/lib/python3.8/site-packages/airflow/example_dags/example_external_task_marker_dag.py
[2023-10-10T06:42:14.407+0000] {processor.py:829} INFO - Processing file /home/airflow/.local/lib/python3.8/site-packages/airflow/example_dags/example_external_task_marker_dag.py for tasks to queue
[2023-10-10T06:42:14.409+0000] {logging_mixin.py:151} INFO - [2023-10-10T06:42:14.409+0000] {dagbag.py:539} INFO - Filling up the DagBag from /home/airflow/.local/lib/python3.8/site-packages/airflow/example_dags/example_external_task_marker_dag.py
[2023-10-10T06:42:14.413+0000] {processor.py:839} INFO - DAG(s) dict_keys(['example_external_task_marker_child', 'example_external_task_marker_parent']) retrieved from /home/airflow/.local/lib/python3.8/site-packages/airflow/example_dags/example_external_task_marker_dag.py
[2023-10-10T06:42:14.428+0000] {logging_mixin.py:151} INFO - [2023-10-10T06:42:14.428+0000] {dag.py:2915} INFO - Sync 2 DAGs
[2023-10-10T06:42:14.435+0000] {logging_mixin.py:151} INFO - [2023-10-10T06:42:14.435+0000] {dag.py:3696} INFO - Setting next_dagrun for example_external_task_marker_child to None, run_after=None
[2023-10-10T06:42:14.437+0000] {logging_mixin.py:151} INFO - [2023-10-10T06:42:14.437+0000] {dag.py:3696} INFO - Setting next_dagrun for example_external_task_marker_parent to None, run_after=None
[2023-10-10T06:42:14.447+0000] {processor.py:179} INFO - Processing /home/airflow/.local/lib/python3.8/site-packages/airflow/example_dags/example_external_task_marker_dag.py took 0.043 seconds
[2023-10-10T06:42:44.784+0000] {processor.py:157} INFO - Started process (PID=560) to work on /home/airflow/.local/lib/python3.8/site-packages/airflow/example_dags/example_external_task_marker_dag.py
[2023-10-10T06:42:44.785+0000] {processor.py:829} INFO - Processing file /home/airflow/.local/lib/python3.8/site-packages/airflow/example_dags/example_external_task_marker_dag.py for tasks to queue
[2023-10-10T06:42:44.786+0000] {logging_mixin.py:151} INFO - [2023-10-10T06:42:44.786+0000] {dagbag.py:539} INFO - Filling up the DagBag from /home/airflow/.local/lib/python3.8/site-packages/airflow/example_dags/example_external_task_marker_dag.py
[2023-10-10T06:42:44.790+0000] {processor.py:839} INFO - DAG(s) dict_keys(['example_external_task_marker_child', 'example_external_task_marker_parent']) retrieved from /home/airflow/.local/lib/python3.8/site-packages/airflow/example_dags/example_external_task_marker_dag.py
[2023-10-10T06:42:44.805+0000] {logging_mixin.py:151} INFO - [2023-10-10T06:42:44.805+0000] {dag.py:2915} INFO - Sync 2 DAGs
[2023-10-10T06:42:44.812+0000] {logging_mixin.py:151} INFO - [2023-10-10T06:42:44.812+0000] {dag.py:3696} INFO - Setting next_dagrun for example_external_task_marker_child to None, run_after=None
[2023-10-10T06:42:44.814+0000] {logging_mixin.py:151} INFO - [2023-10-10T06:42:44.814+0000] {dag.py:3696} INFO - Setting next_dagrun for example_external_task_marker_parent to None, run_after=None
[2023-10-10T06:42:44.822+0000] {processor.py:179} INFO - Processing /home/airflow/.local/lib/python3.8/site-packages/airflow/example_dags/example_external_task_marker_dag.py took 0.040 seconds
[2023-10-10T06:43:15.054+0000] {processor.py:157} INFO - Started process (PID=616) to work on /home/airflow/.local/lib/python3.8/site-packages/airflow/example_dags/example_external_task_marker_dag.py
[2023-10-10T06:43:15.055+0000] {processor.py:829} INFO - Processing file /home/airflow/.local/lib/python3.8/site-packages/airflow/example_dags/example_external_task_marker_dag.py for tasks to queue
[2023-10-10T06:43:15.056+0000] {logging_mixin.py:151} INFO - [2023-10-10T06:43:15.056+0000] {dagbag.py:539} INFO - Filling up the DagBag from /home/airflow/.local/lib/python3.8/site-packages/airflow/example_dags/example_external_task_marker_dag.py
[2023-10-10T06:43:15.060+0000] {processor.py:839} INFO - DAG(s) dict_keys(['example_external_task_marker_child', 'example_external_task_marker_parent']) retrieved from /home/airflow/.local/lib/python3.8/site-packages/airflow/example_dags/example_external_task_marker_dag.py
[2023-10-10T06:43:15.075+0000] {logging_mixin.py:151} INFO - [2023-10-10T06:43:15.074+0000] {dag.py:2915} INFO - Sync 2 DAGs
[2023-10-10T06:43:15.082+0000] {logging_mixin.py:151} INFO - [2023-10-10T06:43:15.082+0000] {dag.py:3696} INFO - Setting next_dagrun for example_external_task_marker_child to None, run_after=None
[2023-10-10T06:43:15.084+0000] {logging_mixin.py:151} INFO - [2023-10-10T06:43:15.084+0000] {dag.py:3696} INFO - Setting next_dagrun for example_external_task_marker_parent to None, run_after=None
[2023-10-10T06:43:15.092+0000] {processor.py:179} INFO - Processing /home/airflow/.local/lib/python3.8/site-packages/airflow/example_dags/example_external_task_marker_dag.py took 0.041 seconds
[2023-10-10T06:46:49.389+0000] {processor.py:157} INFO - Started process (PID=57) to work on /home/airflow/.local/lib/python3.8/site-packages/airflow/example_dags/example_external_task_marker_dag.py
[2023-10-10T06:46:49.390+0000] {processor.py:829} INFO - Processing file /home/airflow/.local/lib/python3.8/site-packages/airflow/example_dags/example_external_task_marker_dag.py for tasks to queue
[2023-10-10T06:46:49.394+0000] {logging_mixin.py:151} INFO - [2023-10-10T06:46:49.393+0000] {dagbag.py:539} INFO - Filling up the DagBag from /home/airflow/.local/lib/python3.8/site-packages/airflow/example_dags/example_external_task_marker_dag.py
[2023-10-10T06:46:49.402+0000] {processor.py:839} INFO - DAG(s) dict_keys(['example_external_task_marker_parent', 'example_external_task_marker_child']) retrieved from /home/airflow/.local/lib/python3.8/site-packages/airflow/example_dags/example_external_task_marker_dag.py
[2023-10-10T06:46:49.415+0000] {logging_mixin.py:151} INFO - [2023-10-10T06:46:49.414+0000] {dag.py:2915} INFO - Sync 2 DAGs
[2023-10-10T06:46:49.425+0000] {logging_mixin.py:151} INFO - [2023-10-10T06:46:49.425+0000] {dag.py:3696} INFO - Setting next_dagrun for example_external_task_marker_child to None, run_after=None
[2023-10-10T06:46:49.428+0000] {logging_mixin.py:151} INFO - [2023-10-10T06:46:49.428+0000] {dag.py:3696} INFO - Setting next_dagrun for example_external_task_marker_parent to None, run_after=None
[2023-10-10T06:46:49.443+0000] {processor.py:179} INFO - Processing /home/airflow/.local/lib/python3.8/site-packages/airflow/example_dags/example_external_task_marker_dag.py took 0.059 seconds
[2023-10-10T06:47:19.841+0000] {processor.py:157} INFO - Started process (PID=113) to work on /home/airflow/.local/lib/python3.8/site-packages/airflow/example_dags/example_external_task_marker_dag.py
[2023-10-10T06:47:19.842+0000] {processor.py:829} INFO - Processing file /home/airflow/.local/lib/python3.8/site-packages/airflow/example_dags/example_external_task_marker_dag.py for tasks to queue
[2023-10-10T06:47:19.843+0000] {logging_mixin.py:151} INFO - [2023-10-10T06:47:19.843+0000] {dagbag.py:539} INFO - Filling up the DagBag from /home/airflow/.local/lib/python3.8/site-packages/airflow/example_dags/example_external_task_marker_dag.py
[2023-10-10T06:47:19.848+0000] {processor.py:839} INFO - DAG(s) dict_keys(['example_external_task_marker_child', 'example_external_task_marker_parent']) retrieved from /home/airflow/.local/lib/python3.8/site-packages/airflow/example_dags/example_external_task_marker_dag.py
[2023-10-10T06:47:19.867+0000] {logging_mixin.py:151} INFO - [2023-10-10T06:47:19.866+0000] {dag.py:2915} INFO - Sync 2 DAGs
[2023-10-10T06:47:19.875+0000] {logging_mixin.py:151} INFO - [2023-10-10T06:47:19.875+0000] {dag.py:3696} INFO - Setting next_dagrun for example_external_task_marker_child to None, run_after=None
[2023-10-10T06:47:19.877+0000] {logging_mixin.py:151} INFO - [2023-10-10T06:47:19.877+0000] {dag.py:3696} INFO - Setting next_dagrun for example_external_task_marker_parent to None, run_after=None
[2023-10-10T06:47:19.888+0000] {processor.py:179} INFO - Processing /home/airflow/.local/lib/python3.8/site-packages/airflow/example_dags/example_external_task_marker_dag.py took 0.049 seconds
[2023-10-10T06:47:50.041+0000] {processor.py:157} INFO - Started process (PID=169) to work on /home/airflow/.local/lib/python3.8/site-packages/airflow/example_dags/example_external_task_marker_dag.py
[2023-10-10T06:47:50.042+0000] {processor.py:829} INFO - Processing file /home/airflow/.local/lib/python3.8/site-packages/airflow/example_dags/example_external_task_marker_dag.py for tasks to queue
[2023-10-10T06:47:50.044+0000] {logging_mixin.py:151} INFO - [2023-10-10T06:47:50.044+0000] {dagbag.py:539} INFO - Filling up the DagBag from /home/airflow/.local/lib/python3.8/site-packages/airflow/example_dags/example_external_task_marker_dag.py
[2023-10-10T06:47:50.052+0000] {processor.py:839} INFO - DAG(s) dict_keys(['example_external_task_marker_child', 'example_external_task_marker_parent']) retrieved from /home/airflow/.local/lib/python3.8/site-packages/airflow/example_dags/example_external_task_marker_dag.py
[2023-10-10T06:47:50.072+0000] {logging_mixin.py:151} INFO - [2023-10-10T06:47:50.071+0000] {dag.py:2915} INFO - Sync 2 DAGs
[2023-10-10T06:47:50.079+0000] {logging_mixin.py:151} INFO - [2023-10-10T06:47:50.079+0000] {dag.py:3696} INFO - Setting next_dagrun for example_external_task_marker_child to None, run_after=None
[2023-10-10T06:47:50.081+0000] {logging_mixin.py:151} INFO - [2023-10-10T06:47:50.081+0000] {dag.py:3696} INFO - Setting next_dagrun for example_external_task_marker_parent to None, run_after=None
[2023-10-10T06:47:50.090+0000] {processor.py:179} INFO - Processing /home/airflow/.local/lib/python3.8/site-packages/airflow/example_dags/example_external_task_marker_dag.py took 0.052 seconds
[2023-10-10T06:48:20.268+0000] {processor.py:157} INFO - Started process (PID=225) to work on /home/airflow/.local/lib/python3.8/site-packages/airflow/example_dags/example_external_task_marker_dag.py
[2023-10-10T06:48:20.269+0000] {processor.py:829} INFO - Processing file /home/airflow/.local/lib/python3.8/site-packages/airflow/example_dags/example_external_task_marker_dag.py for tasks to queue
[2023-10-10T06:48:20.271+0000] {logging_mixin.py:151} INFO - [2023-10-10T06:48:20.271+0000] {dagbag.py:539} INFO - Filling up the DagBag from /home/airflow/.local/lib/python3.8/site-packages/airflow/example_dags/example_external_task_marker_dag.py
[2023-10-10T06:48:20.275+0000] {processor.py:839} INFO - DAG(s) dict_keys(['example_external_task_marker_parent', 'example_external_task_marker_child']) retrieved from /home/airflow/.local/lib/python3.8/site-packages/airflow/example_dags/example_external_task_marker_dag.py
[2023-10-10T06:48:20.291+0000] {logging_mixin.py:151} INFO - [2023-10-10T06:48:20.290+0000] {dag.py:2915} INFO - Sync 2 DAGs
[2023-10-10T06:48:20.298+0000] {logging_mixin.py:151} INFO - [2023-10-10T06:48:20.297+0000] {dag.py:3696} INFO - Setting next_dagrun for example_external_task_marker_child to None, run_after=None
[2023-10-10T06:48:20.299+0000] {logging_mixin.py:151} INFO - [2023-10-10T06:48:20.299+0000] {dag.py:3696} INFO - Setting next_dagrun for example_external_task_marker_parent to None, run_after=None
[2023-10-10T06:48:20.308+0000] {processor.py:179} INFO - Processing /home/airflow/.local/lib/python3.8/site-packages/airflow/example_dags/example_external_task_marker_dag.py took 0.042 seconds
[2023-10-10T06:48:50.539+0000] {processor.py:157} INFO - Started process (PID=281) to work on /home/airflow/.local/lib/python3.8/site-packages/airflow/example_dags/example_external_task_marker_dag.py
[2023-10-10T06:48:50.540+0000] {processor.py:829} INFO - Processing file /home/airflow/.local/lib/python3.8/site-packages/airflow/example_dags/example_external_task_marker_dag.py for tasks to queue
[2023-10-10T06:48:50.542+0000] {logging_mixin.py:151} INFO - [2023-10-10T06:48:50.542+0000] {dagbag.py:539} INFO - Filling up the DagBag from /home/airflow/.local/lib/python3.8/site-packages/airflow/example_dags/example_external_task_marker_dag.py
[2023-10-10T06:48:50.546+0000] {processor.py:839} INFO - DAG(s) dict_keys(['example_external_task_marker_child', 'example_external_task_marker_parent']) retrieved from /home/airflow/.local/lib/python3.8/site-packages/airflow/example_dags/example_external_task_marker_dag.py
[2023-10-10T06:48:50.560+0000] {logging_mixin.py:151} INFO - [2023-10-10T06:48:50.560+0000] {dag.py:2915} INFO - Sync 2 DAGs
[2023-10-10T06:48:50.567+0000] {logging_mixin.py:151} INFO - [2023-10-10T06:48:50.567+0000] {dag.py:3696} INFO - Setting next_dagrun for example_external_task_marker_child to None, run_after=None
[2023-10-10T06:48:50.569+0000] {logging_mixin.py:151} INFO - [2023-10-10T06:48:50.569+0000] {dag.py:3696} INFO - Setting next_dagrun for example_external_task_marker_parent to None, run_after=None
[2023-10-10T06:48:50.577+0000] {processor.py:179} INFO - Processing /home/airflow/.local/lib/python3.8/site-packages/airflow/example_dags/example_external_task_marker_dag.py took 0.040 seconds
[2023-10-10T06:49:20.669+0000] {processor.py:157} INFO - Started process (PID=337) to work on /home/airflow/.local/lib/python3.8/site-packages/airflow/example_dags/example_external_task_marker_dag.py
[2023-10-10T06:49:20.670+0000] {processor.py:829} INFO - Processing file /home/airflow/.local/lib/python3.8/site-packages/airflow/example_dags/example_external_task_marker_dag.py for tasks to queue
[2023-10-10T06:49:20.672+0000] {logging_mixin.py:151} INFO - [2023-10-10T06:49:20.672+0000] {dagbag.py:539} INFO - Filling up the DagBag from /home/airflow/.local/lib/python3.8/site-packages/airflow/example_dags/example_external_task_marker_dag.py
[2023-10-10T06:49:20.676+0000] {processor.py:839} INFO - DAG(s) dict_keys(['example_external_task_marker_parent', 'example_external_task_marker_child']) retrieved from /home/airflow/.local/lib/python3.8/site-packages/airflow/example_dags/example_external_task_marker_dag.py
[2023-10-10T06:49:20.690+0000] {logging_mixin.py:151} INFO - [2023-10-10T06:49:20.689+0000] {dag.py:2915} INFO - Sync 2 DAGs
[2023-10-10T06:49:20.697+0000] {logging_mixin.py:151} INFO - [2023-10-10T06:49:20.697+0000] {dag.py:3696} INFO - Setting next_dagrun for example_external_task_marker_child to None, run_after=None
[2023-10-10T06:49:20.699+0000] {logging_mixin.py:151} INFO - [2023-10-10T06:49:20.699+0000] {dag.py:3696} INFO - Setting next_dagrun for example_external_task_marker_parent to None, run_after=None
[2023-10-10T06:49:20.708+0000] {processor.py:179} INFO - Processing /home/airflow/.local/lib/python3.8/site-packages/airflow/example_dags/example_external_task_marker_dag.py took 0.041 seconds
[2023-10-10T06:49:51.740+0000] {processor.py:157} INFO - Started process (PID=393) to work on /home/airflow/.local/lib/python3.8/site-packages/airflow/example_dags/example_external_task_marker_dag.py
[2023-10-10T06:49:51.741+0000] {processor.py:829} INFO - Processing file /home/airflow/.local/lib/python3.8/site-packages/airflow/example_dags/example_external_task_marker_dag.py for tasks to queue
[2023-10-10T06:49:51.742+0000] {logging_mixin.py:151} INFO - [2023-10-10T06:49:51.742+0000] {dagbag.py:539} INFO - Filling up the DagBag from /home/airflow/.local/lib/python3.8/site-packages/airflow/example_dags/example_external_task_marker_dag.py
[2023-10-10T06:49:51.746+0000] {processor.py:839} INFO - DAG(s) dict_keys(['example_external_task_marker_parent', 'example_external_task_marker_child']) retrieved from /home/airflow/.local/lib/python3.8/site-packages/airflow/example_dags/example_external_task_marker_dag.py
[2023-10-10T06:49:51.761+0000] {logging_mixin.py:151} INFO - [2023-10-10T06:49:51.761+0000] {dag.py:2915} INFO - Sync 2 DAGs
[2023-10-10T06:49:51.768+0000] {logging_mixin.py:151} INFO - [2023-10-10T06:49:51.768+0000] {dag.py:3696} INFO - Setting next_dagrun for example_external_task_marker_child to None, run_after=None
[2023-10-10T06:49:51.770+0000] {logging_mixin.py:151} INFO - [2023-10-10T06:49:51.770+0000] {dag.py:3696} INFO - Setting next_dagrun for example_external_task_marker_parent to None, run_after=None
[2023-10-10T06:49:51.778+0000] {processor.py:179} INFO - Processing /home/airflow/.local/lib/python3.8/site-packages/airflow/example_dags/example_external_task_marker_dag.py took 0.040 seconds
[2023-10-10T06:50:22.052+0000] {processor.py:157} INFO - Started process (PID=449) to work on /home/airflow/.local/lib/python3.8/site-packages/airflow/example_dags/example_external_task_marker_dag.py
[2023-10-10T06:50:22.053+0000] {processor.py:829} INFO - Processing file /home/airflow/.local/lib/python3.8/site-packages/airflow/example_dags/example_external_task_marker_dag.py for tasks to queue
[2023-10-10T06:50:22.055+0000] {logging_mixin.py:151} INFO - [2023-10-10T06:50:22.055+0000] {dagbag.py:539} INFO - Filling up the DagBag from /home/airflow/.local/lib/python3.8/site-packages/airflow/example_dags/example_external_task_marker_dag.py
[2023-10-10T06:50:22.059+0000] {processor.py:839} INFO - DAG(s) dict_keys(['example_external_task_marker_child', 'example_external_task_marker_parent']) retrieved from /home/airflow/.local/lib/python3.8/site-packages/airflow/example_dags/example_external_task_marker_dag.py
[2023-10-10T06:50:22.074+0000] {logging_mixin.py:151} INFO - [2023-10-10T06:50:22.074+0000] {dag.py:2915} INFO - Sync 2 DAGs
[2023-10-10T06:50:22.081+0000] {logging_mixin.py:151} INFO - [2023-10-10T06:50:22.081+0000] {dag.py:3696} INFO - Setting next_dagrun for example_external_task_marker_child to None, run_after=None
[2023-10-10T06:50:22.083+0000] {logging_mixin.py:151} INFO - [2023-10-10T06:50:22.083+0000] {dag.py:3696} INFO - Setting next_dagrun for example_external_task_marker_parent to None, run_after=None
[2023-10-10T06:50:22.092+0000] {processor.py:179} INFO - Processing /home/airflow/.local/lib/python3.8/site-packages/airflow/example_dags/example_external_task_marker_dag.py took 0.043 seconds
[2023-10-10T06:50:52.353+0000] {processor.py:157} INFO - Started process (PID=505) to work on /home/airflow/.local/lib/python3.8/site-packages/airflow/example_dags/example_external_task_marker_dag.py
[2023-10-10T06:50:52.354+0000] {processor.py:829} INFO - Processing file /home/airflow/.local/lib/python3.8/site-packages/airflow/example_dags/example_external_task_marker_dag.py for tasks to queue
[2023-10-10T06:50:52.355+0000] {logging_mixin.py:151} INFO - [2023-10-10T06:50:52.355+0000] {dagbag.py:539} INFO - Filling up the DagBag from /home/airflow/.local/lib/python3.8/site-packages/airflow/example_dags/example_external_task_marker_dag.py
[2023-10-10T06:50:52.359+0000] {processor.py:839} INFO - DAG(s) dict_keys(['example_external_task_marker_child', 'example_external_task_marker_parent']) retrieved from /home/airflow/.local/lib/python3.8/site-packages/airflow/example_dags/example_external_task_marker_dag.py
[2023-10-10T06:50:52.375+0000] {logging_mixin.py:151} INFO - [2023-10-10T06:50:52.374+0000] {dag.py:2915} INFO - Sync 2 DAGs
[2023-10-10T06:50:52.381+0000] {logging_mixin.py:151} INFO - [2023-10-10T06:50:52.381+0000] {dag.py:3696} INFO - Setting next_dagrun for example_external_task_marker_child to None, run_after=None
[2023-10-10T06:50:52.383+0000] {logging_mixin.py:151} INFO - [2023-10-10T06:50:52.383+0000] {dag.py:3696} INFO - Setting next_dagrun for example_external_task_marker_parent to None, run_after=None
[2023-10-10T06:50:52.393+0000] {processor.py:179} INFO - Processing /home/airflow/.local/lib/python3.8/site-packages/airflow/example_dags/example_external_task_marker_dag.py took 0.043 seconds
[2023-10-10T06:51:22.632+0000] {processor.py:157} INFO - Started process (PID=561) to work on /home/airflow/.local/lib/python3.8/site-packages/airflow/example_dags/example_external_task_marker_dag.py
[2023-10-10T06:51:22.633+0000] {processor.py:829} INFO - Processing file /home/airflow/.local/lib/python3.8/site-packages/airflow/example_dags/example_external_task_marker_dag.py for tasks to queue
[2023-10-10T06:51:22.634+0000] {logging_mixin.py:151} INFO - [2023-10-10T06:51:22.634+0000] {dagbag.py:539} INFO - Filling up the DagBag from /home/airflow/.local/lib/python3.8/site-packages/airflow/example_dags/example_external_task_marker_dag.py
[2023-10-10T06:51:22.639+0000] {processor.py:839} INFO - DAG(s) dict_keys(['example_external_task_marker_parent', 'example_external_task_marker_child']) retrieved from /home/airflow/.local/lib/python3.8/site-packages/airflow/example_dags/example_external_task_marker_dag.py
[2023-10-10T06:51:22.652+0000] {logging_mixin.py:151} INFO - [2023-10-10T06:51:22.652+0000] {dag.py:2915} INFO - Sync 2 DAGs
[2023-10-10T06:51:22.659+0000] {logging_mixin.py:151} INFO - [2023-10-10T06:51:22.659+0000] {dag.py:3696} INFO - Setting next_dagrun for example_external_task_marker_child to None, run_after=None
[2023-10-10T06:51:22.661+0000] {logging_mixin.py:151} INFO - [2023-10-10T06:51:22.661+0000] {dag.py:3696} INFO - Setting next_dagrun for example_external_task_marker_parent to None, run_after=None
[2023-10-10T06:51:22.670+0000] {processor.py:179} INFO - Processing /home/airflow/.local/lib/python3.8/site-packages/airflow/example_dags/example_external_task_marker_dag.py took 0.041 seconds
[2023-10-10T06:51:52.876+0000] {processor.py:157} INFO - Started process (PID=617) to work on /home/airflow/.local/lib/python3.8/site-packages/airflow/example_dags/example_external_task_marker_dag.py
[2023-10-10T06:51:52.877+0000] {processor.py:829} INFO - Processing file /home/airflow/.local/lib/python3.8/site-packages/airflow/example_dags/example_external_task_marker_dag.py for tasks to queue
[2023-10-10T06:51:52.879+0000] {logging_mixin.py:151} INFO - [2023-10-10T06:51:52.879+0000] {dagbag.py:539} INFO - Filling up the DagBag from /home/airflow/.local/lib/python3.8/site-packages/airflow/example_dags/example_external_task_marker_dag.py
[2023-10-10T06:51:52.883+0000] {processor.py:839} INFO - DAG(s) dict_keys(['example_external_task_marker_parent', 'example_external_task_marker_child']) retrieved from /home/airflow/.local/lib/python3.8/site-packages/airflow/example_dags/example_external_task_marker_dag.py
[2023-10-10T06:51:52.900+0000] {logging_mixin.py:151} INFO - [2023-10-10T06:51:52.900+0000] {dag.py:2915} INFO - Sync 2 DAGs
[2023-10-10T06:51:52.908+0000] {logging_mixin.py:151} INFO - [2023-10-10T06:51:52.908+0000] {dag.py:3696} INFO - Setting next_dagrun for example_external_task_marker_child to None, run_after=None
[2023-10-10T06:51:52.910+0000] {logging_mixin.py:151} INFO - [2023-10-10T06:51:52.910+0000] {dag.py:3696} INFO - Setting next_dagrun for example_external_task_marker_parent to None, run_after=None
[2023-10-10T06:51:52.919+0000] {processor.py:179} INFO - Processing /home/airflow/.local/lib/python3.8/site-packages/airflow/example_dags/example_external_task_marker_dag.py took 0.045 seconds
[2023-10-10T06:52:23.168+0000] {processor.py:157} INFO - Started process (PID=673) to work on /home/airflow/.local/lib/python3.8/site-packages/airflow/example_dags/example_external_task_marker_dag.py
[2023-10-10T06:52:23.171+0000] {processor.py:829} INFO - Processing file /home/airflow/.local/lib/python3.8/site-packages/airflow/example_dags/example_external_task_marker_dag.py for tasks to queue
[2023-10-10T06:52:23.172+0000] {logging_mixin.py:151} INFO - [2023-10-10T06:52:23.172+0000] {dagbag.py:539} INFO - Filling up the DagBag from /home/airflow/.local/lib/python3.8/site-packages/airflow/example_dags/example_external_task_marker_dag.py
[2023-10-10T06:52:23.176+0000] {processor.py:839} INFO - DAG(s) dict_keys(['example_external_task_marker_parent', 'example_external_task_marker_child']) retrieved from /home/airflow/.local/lib/python3.8/site-packages/airflow/example_dags/example_external_task_marker_dag.py
[2023-10-10T06:52:23.191+0000] {logging_mixin.py:151} INFO - [2023-10-10T06:52:23.191+0000] {dag.py:2915} INFO - Sync 2 DAGs
[2023-10-10T06:52:23.198+0000] {logging_mixin.py:151} INFO - [2023-10-10T06:52:23.198+0000] {dag.py:3696} INFO - Setting next_dagrun for example_external_task_marker_child to None, run_after=None
[2023-10-10T06:52:23.200+0000] {logging_mixin.py:151} INFO - [2023-10-10T06:52:23.200+0000] {dag.py:3696} INFO - Setting next_dagrun for example_external_task_marker_parent to None, run_after=None
[2023-10-10T06:52:23.208+0000] {processor.py:179} INFO - Processing /home/airflow/.local/lib/python3.8/site-packages/airflow/example_dags/example_external_task_marker_dag.py took 0.043 seconds
[2023-10-10T06:52:53.445+0000] {processor.py:157} INFO - Started process (PID=729) to work on /home/airflow/.local/lib/python3.8/site-packages/airflow/example_dags/example_external_task_marker_dag.py
[2023-10-10T06:52:53.446+0000] {processor.py:829} INFO - Processing file /home/airflow/.local/lib/python3.8/site-packages/airflow/example_dags/example_external_task_marker_dag.py for tasks to queue
[2023-10-10T06:52:53.448+0000] {logging_mixin.py:151} INFO - [2023-10-10T06:52:53.448+0000] {dagbag.py:539} INFO - Filling up the DagBag from /home/airflow/.local/lib/python3.8/site-packages/airflow/example_dags/example_external_task_marker_dag.py
[2023-10-10T06:52:53.451+0000] {processor.py:839} INFO - DAG(s) dict_keys(['example_external_task_marker_parent', 'example_external_task_marker_child']) retrieved from /home/airflow/.local/lib/python3.8/site-packages/airflow/example_dags/example_external_task_marker_dag.py
[2023-10-10T06:52:53.466+0000] {logging_mixin.py:151} INFO - [2023-10-10T06:52:53.466+0000] {dag.py:2915} INFO - Sync 2 DAGs
[2023-10-10T06:52:53.473+0000] {logging_mixin.py:151} INFO - [2023-10-10T06:52:53.473+0000] {dag.py:3696} INFO - Setting next_dagrun for example_external_task_marker_child to None, run_after=None
[2023-10-10T06:52:53.475+0000] {logging_mixin.py:151} INFO - [2023-10-10T06:52:53.475+0000] {dag.py:3696} INFO - Setting next_dagrun for example_external_task_marker_parent to None, run_after=None
[2023-10-10T06:52:53.483+0000] {processor.py:179} INFO - Processing /home/airflow/.local/lib/python3.8/site-packages/airflow/example_dags/example_external_task_marker_dag.py took 0.040 seconds
[2023-10-10T06:53:23.667+0000] {processor.py:157} INFO - Started process (PID=785) to work on /home/airflow/.local/lib/python3.8/site-packages/airflow/example_dags/example_external_task_marker_dag.py
[2023-10-10T06:53:23.668+0000] {processor.py:829} INFO - Processing file /home/airflow/.local/lib/python3.8/site-packages/airflow/example_dags/example_external_task_marker_dag.py for tasks to queue
[2023-10-10T06:53:23.670+0000] {logging_mixin.py:151} INFO - [2023-10-10T06:53:23.670+0000] {dagbag.py:539} INFO - Filling up the DagBag from /home/airflow/.local/lib/python3.8/site-packages/airflow/example_dags/example_external_task_marker_dag.py
[2023-10-10T06:53:23.674+0000] {processor.py:839} INFO - DAG(s) dict_keys(['example_external_task_marker_parent', 'example_external_task_marker_child']) retrieved from /home/airflow/.local/lib/python3.8/site-packages/airflow/example_dags/example_external_task_marker_dag.py
[2023-10-10T06:53:23.691+0000] {logging_mixin.py:151} INFO - [2023-10-10T06:53:23.691+0000] {dag.py:2915} INFO - Sync 2 DAGs
[2023-10-10T06:53:23.698+0000] {logging_mixin.py:151} INFO - [2023-10-10T06:53:23.698+0000] {dag.py:3696} INFO - Setting next_dagrun for example_external_task_marker_child to None, run_after=None
[2023-10-10T06:53:23.700+0000] {logging_mixin.py:151} INFO - [2023-10-10T06:53:23.700+0000] {dag.py:3696} INFO - Setting next_dagrun for example_external_task_marker_parent to None, run_after=None
[2023-10-10T06:53:23.708+0000] {processor.py:179} INFO - Processing /home/airflow/.local/lib/python3.8/site-packages/airflow/example_dags/example_external_task_marker_dag.py took 0.044 seconds
[2023-10-10T06:53:53.960+0000] {processor.py:157} INFO - Started process (PID=841) to work on /home/airflow/.local/lib/python3.8/site-packages/airflow/example_dags/example_external_task_marker_dag.py
[2023-10-10T06:53:53.961+0000] {processor.py:829} INFO - Processing file /home/airflow/.local/lib/python3.8/site-packages/airflow/example_dags/example_external_task_marker_dag.py for tasks to queue
[2023-10-10T06:53:53.963+0000] {logging_mixin.py:151} INFO - [2023-10-10T06:53:53.963+0000] {dagbag.py:539} INFO - Filling up the DagBag from /home/airflow/.local/lib/python3.8/site-packages/airflow/example_dags/example_external_task_marker_dag.py
[2023-10-10T06:53:53.967+0000] {processor.py:839} INFO - DAG(s) dict_keys(['example_external_task_marker_parent', 'example_external_task_marker_child']) retrieved from /home/airflow/.local/lib/python3.8/site-packages/airflow/example_dags/example_external_task_marker_dag.py
[2023-10-10T06:53:53.982+0000] {logging_mixin.py:151} INFO - [2023-10-10T06:53:53.982+0000] {dag.py:2915} INFO - Sync 2 DAGs
[2023-10-10T06:53:53.988+0000] {logging_mixin.py:151} INFO - [2023-10-10T06:53:53.988+0000] {dag.py:3696} INFO - Setting next_dagrun for example_external_task_marker_child to None, run_after=None
[2023-10-10T06:53:53.990+0000] {logging_mixin.py:151} INFO - [2023-10-10T06:53:53.990+0000] {dag.py:3696} INFO - Setting next_dagrun for example_external_task_marker_parent to None, run_after=None
[2023-10-10T06:53:53.998+0000] {processor.py:179} INFO - Processing /home/airflow/.local/lib/python3.8/site-packages/airflow/example_dags/example_external_task_marker_dag.py took 0.040 seconds
[2023-10-10T06:54:25.072+0000] {processor.py:157} INFO - Started process (PID=897) to work on /home/airflow/.local/lib/python3.8/site-packages/airflow/example_dags/example_external_task_marker_dag.py
[2023-10-10T06:54:25.073+0000] {processor.py:829} INFO - Processing file /home/airflow/.local/lib/python3.8/site-packages/airflow/example_dags/example_external_task_marker_dag.py for tasks to queue
[2023-10-10T06:54:25.074+0000] {logging_mixin.py:151} INFO - [2023-10-10T06:54:25.074+0000] {dagbag.py:539} INFO - Filling up the DagBag from /home/airflow/.local/lib/python3.8/site-packages/airflow/example_dags/example_external_task_marker_dag.py
[2023-10-10T06:54:25.078+0000] {processor.py:839} INFO - DAG(s) dict_keys(['example_external_task_marker_parent', 'example_external_task_marker_child']) retrieved from /home/airflow/.local/lib/python3.8/site-packages/airflow/example_dags/example_external_task_marker_dag.py
[2023-10-10T06:54:25.091+0000] {logging_mixin.py:151} INFO - [2023-10-10T06:54:25.091+0000] {dag.py:2915} INFO - Sync 2 DAGs
[2023-10-10T06:54:25.098+0000] {logging_mixin.py:151} INFO - [2023-10-10T06:54:25.098+0000] {dag.py:3696} INFO - Setting next_dagrun for example_external_task_marker_child to None, run_after=None
[2023-10-10T06:54:25.100+0000] {logging_mixin.py:151} INFO - [2023-10-10T06:54:25.100+0000] {dag.py:3696} INFO - Setting next_dagrun for example_external_task_marker_parent to None, run_after=None
[2023-10-10T06:54:25.107+0000] {processor.py:179} INFO - Processing /home/airflow/.local/lib/python3.8/site-packages/airflow/example_dags/example_external_task_marker_dag.py took 0.038 seconds
[2023-10-10T06:54:55.342+0000] {processor.py:157} INFO - Started process (PID=953) to work on /home/airflow/.local/lib/python3.8/site-packages/airflow/example_dags/example_external_task_marker_dag.py
[2023-10-10T06:54:55.344+0000] {processor.py:829} INFO - Processing file /home/airflow/.local/lib/python3.8/site-packages/airflow/example_dags/example_external_task_marker_dag.py for tasks to queue
[2023-10-10T06:54:55.345+0000] {logging_mixin.py:151} INFO - [2023-10-10T06:54:55.345+0000] {dagbag.py:539} INFO - Filling up the DagBag from /home/airflow/.local/lib/python3.8/site-packages/airflow/example_dags/example_external_task_marker_dag.py
[2023-10-10T06:54:55.349+0000] {processor.py:839} INFO - DAG(s) dict_keys(['example_external_task_marker_parent', 'example_external_task_marker_child']) retrieved from /home/airflow/.local/lib/python3.8/site-packages/airflow/example_dags/example_external_task_marker_dag.py
[2023-10-10T06:54:55.364+0000] {logging_mixin.py:151} INFO - [2023-10-10T06:54:55.364+0000] {dag.py:2915} INFO - Sync 2 DAGs
[2023-10-10T06:54:55.371+0000] {logging_mixin.py:151} INFO - [2023-10-10T06:54:55.371+0000] {dag.py:3696} INFO - Setting next_dagrun for example_external_task_marker_child to None, run_after=None
[2023-10-10T06:54:55.373+0000] {logging_mixin.py:151} INFO - [2023-10-10T06:54:55.373+0000] {dag.py:3696} INFO - Setting next_dagrun for example_external_task_marker_parent to None, run_after=None
[2023-10-10T06:54:55.382+0000] {processor.py:179} INFO - Processing /home/airflow/.local/lib/python3.8/site-packages/airflow/example_dags/example_external_task_marker_dag.py took 0.042 seconds
[2023-10-10T06:55:25.578+0000] {processor.py:157} INFO - Started process (PID=1009) to work on /home/airflow/.local/lib/python3.8/site-packages/airflow/example_dags/example_external_task_marker_dag.py
[2023-10-10T06:55:25.579+0000] {processor.py:829} INFO - Processing file /home/airflow/.local/lib/python3.8/site-packages/airflow/example_dags/example_external_task_marker_dag.py for tasks to queue
[2023-10-10T06:55:25.580+0000] {logging_mixin.py:151} INFO - [2023-10-10T06:55:25.580+0000] {dagbag.py:539} INFO - Filling up the DagBag from /home/airflow/.local/lib/python3.8/site-packages/airflow/example_dags/example_external_task_marker_dag.py
[2023-10-10T06:55:25.585+0000] {processor.py:839} INFO - DAG(s) dict_keys(['example_external_task_marker_child', 'example_external_task_marker_parent']) retrieved from /home/airflow/.local/lib/python3.8/site-packages/airflow/example_dags/example_external_task_marker_dag.py
[2023-10-10T06:55:25.602+0000] {logging_mixin.py:151} INFO - [2023-10-10T06:55:25.602+0000] {dag.py:2915} INFO - Sync 2 DAGs
[2023-10-10T06:55:25.609+0000] {logging_mixin.py:151} INFO - [2023-10-10T06:55:25.609+0000] {dag.py:3696} INFO - Setting next_dagrun for example_external_task_marker_child to None, run_after=None
[2023-10-10T06:55:25.611+0000] {logging_mixin.py:151} INFO - [2023-10-10T06:55:25.611+0000] {dag.py:3696} INFO - Setting next_dagrun for example_external_task_marker_parent to None, run_after=None
[2023-10-10T06:55:25.621+0000] {processor.py:179} INFO - Processing /home/airflow/.local/lib/python3.8/site-packages/airflow/example_dags/example_external_task_marker_dag.py took 0.046 seconds
[2023-10-10T06:55:55.709+0000] {processor.py:157} INFO - Started process (PID=1065) to work on /home/airflow/.local/lib/python3.8/site-packages/airflow/example_dags/example_external_task_marker_dag.py
[2023-10-10T06:55:55.710+0000] {processor.py:829} INFO - Processing file /home/airflow/.local/lib/python3.8/site-packages/airflow/example_dags/example_external_task_marker_dag.py for tasks to queue
[2023-10-10T06:55:55.712+0000] {logging_mixin.py:151} INFO - [2023-10-10T06:55:55.712+0000] {dagbag.py:539} INFO - Filling up the DagBag from /home/airflow/.local/lib/python3.8/site-packages/airflow/example_dags/example_external_task_marker_dag.py
[2023-10-10T06:55:55.715+0000] {processor.py:839} INFO - DAG(s) dict_keys(['example_external_task_marker_child', 'example_external_task_marker_parent']) retrieved from /home/airflow/.local/lib/python3.8/site-packages/airflow/example_dags/example_external_task_marker_dag.py
[2023-10-10T06:55:55.730+0000] {logging_mixin.py:151} INFO - [2023-10-10T06:55:55.730+0000] {dag.py:2915} INFO - Sync 2 DAGs
[2023-10-10T06:55:55.737+0000] {logging_mixin.py:151} INFO - [2023-10-10T06:55:55.737+0000] {dag.py:3696} INFO - Setting next_dagrun for example_external_task_marker_child to None, run_after=None
[2023-10-10T06:55:55.739+0000] {logging_mixin.py:151} INFO - [2023-10-10T06:55:55.739+0000] {dag.py:3696} INFO - Setting next_dagrun for example_external_task_marker_parent to None, run_after=None
[2023-10-10T06:55:55.747+0000] {processor.py:179} INFO - Processing /home/airflow/.local/lib/python3.8/site-packages/airflow/example_dags/example_external_task_marker_dag.py took 0.039 seconds
[2023-10-10T06:56:25.999+0000] {processor.py:157} INFO - Started process (PID=1120) to work on /home/airflow/.local/lib/python3.8/site-packages/airflow/example_dags/example_external_task_marker_dag.py
[2023-10-10T06:56:25.999+0000] {processor.py:829} INFO - Processing file /home/airflow/.local/lib/python3.8/site-packages/airflow/example_dags/example_external_task_marker_dag.py for tasks to queue
[2023-10-10T06:56:26.001+0000] {logging_mixin.py:151} INFO - [2023-10-10T06:56:26.001+0000] {dagbag.py:539} INFO - Filling up the DagBag from /home/airflow/.local/lib/python3.8/site-packages/airflow/example_dags/example_external_task_marker_dag.py
[2023-10-10T06:56:26.006+0000] {processor.py:839} INFO - DAG(s) dict_keys(['example_external_task_marker_child', 'example_external_task_marker_parent']) retrieved from /home/airflow/.local/lib/python3.8/site-packages/airflow/example_dags/example_external_task_marker_dag.py
[2023-10-10T06:56:26.022+0000] {logging_mixin.py:151} INFO - [2023-10-10T06:56:26.021+0000] {dag.py:2915} INFO - Sync 2 DAGs
[2023-10-10T06:56:26.028+0000] {logging_mixin.py:151} INFO - [2023-10-10T06:56:26.028+0000] {dag.py:3696} INFO - Setting next_dagrun for example_external_task_marker_child to None, run_after=None
[2023-10-10T06:56:26.030+0000] {logging_mixin.py:151} INFO - [2023-10-10T06:56:26.030+0000] {dag.py:3696} INFO - Setting next_dagrun for example_external_task_marker_parent to None, run_after=None
[2023-10-10T06:56:26.038+0000] {processor.py:179} INFO - Processing /home/airflow/.local/lib/python3.8/site-packages/airflow/example_dags/example_external_task_marker_dag.py took 0.042 seconds
[2023-10-10T17:17:52.135+0000] {processor.py:157} INFO - Started process (PID=57) to work on /home/airflow/.local/lib/python3.8/site-packages/airflow/example_dags/example_external_task_marker_dag.py
[2023-10-10T17:17:52.136+0000] {processor.py:829} INFO - Processing file /home/airflow/.local/lib/python3.8/site-packages/airflow/example_dags/example_external_task_marker_dag.py for tasks to queue
[2023-10-10T17:17:52.138+0000] {logging_mixin.py:151} INFO - [2023-10-10T17:17:52.138+0000] {dagbag.py:539} INFO - Filling up the DagBag from /home/airflow/.local/lib/python3.8/site-packages/airflow/example_dags/example_external_task_marker_dag.py
[2023-10-10T17:17:52.144+0000] {processor.py:839} INFO - DAG(s) dict_keys(['example_external_task_marker_parent', 'example_external_task_marker_child']) retrieved from /home/airflow/.local/lib/python3.8/site-packages/airflow/example_dags/example_external_task_marker_dag.py
[2023-10-10T17:17:52.154+0000] {logging_mixin.py:151} INFO - [2023-10-10T17:17:52.154+0000] {dag.py:2915} INFO - Sync 2 DAGs
[2023-10-10T17:17:52.165+0000] {logging_mixin.py:151} INFO - [2023-10-10T17:17:52.165+0000] {dag.py:3696} INFO - Setting next_dagrun for example_external_task_marker_child to None, run_after=None
[2023-10-10T17:17:52.168+0000] {logging_mixin.py:151} INFO - [2023-10-10T17:17:52.168+0000] {dag.py:3696} INFO - Setting next_dagrun for example_external_task_marker_parent to None, run_after=None
[2023-10-10T17:17:52.181+0000] {processor.py:179} INFO - Processing /home/airflow/.local/lib/python3.8/site-packages/airflow/example_dags/example_external_task_marker_dag.py took 0.050 seconds
[2023-10-10T17:18:23.039+0000] {processor.py:157} INFO - Started process (PID=113) to work on /home/airflow/.local/lib/python3.8/site-packages/airflow/example_dags/example_external_task_marker_dag.py
[2023-10-10T17:18:23.040+0000] {processor.py:829} INFO - Processing file /home/airflow/.local/lib/python3.8/site-packages/airflow/example_dags/example_external_task_marker_dag.py for tasks to queue
[2023-10-10T17:18:23.042+0000] {logging_mixin.py:151} INFO - [2023-10-10T17:18:23.042+0000] {dagbag.py:539} INFO - Filling up the DagBag from /home/airflow/.local/lib/python3.8/site-packages/airflow/example_dags/example_external_task_marker_dag.py
[2023-10-10T17:18:23.046+0000] {processor.py:839} INFO - DAG(s) dict_keys(['example_external_task_marker_child', 'example_external_task_marker_parent']) retrieved from /home/airflow/.local/lib/python3.8/site-packages/airflow/example_dags/example_external_task_marker_dag.py
[2023-10-10T17:18:23.060+0000] {logging_mixin.py:151} INFO - [2023-10-10T17:18:23.060+0000] {dag.py:2915} INFO - Sync 2 DAGs
[2023-10-10T17:18:23.067+0000] {logging_mixin.py:151} INFO - [2023-10-10T17:18:23.067+0000] {dag.py:3696} INFO - Setting next_dagrun for example_external_task_marker_child to None, run_after=None
[2023-10-10T17:18:23.069+0000] {logging_mixin.py:151} INFO - [2023-10-10T17:18:23.069+0000] {dag.py:3696} INFO - Setting next_dagrun for example_external_task_marker_parent to None, run_after=None
[2023-10-10T17:18:23.078+0000] {processor.py:179} INFO - Processing /home/airflow/.local/lib/python3.8/site-packages/airflow/example_dags/example_external_task_marker_dag.py took 0.041 seconds
[2023-10-10T17:18:53.970+0000] {processor.py:157} INFO - Started process (PID=169) to work on /home/airflow/.local/lib/python3.8/site-packages/airflow/example_dags/example_external_task_marker_dag.py
[2023-10-10T17:18:53.971+0000] {processor.py:829} INFO - Processing file /home/airflow/.local/lib/python3.8/site-packages/airflow/example_dags/example_external_task_marker_dag.py for tasks to queue
[2023-10-10T17:18:53.973+0000] {logging_mixin.py:151} INFO - [2023-10-10T17:18:53.973+0000] {dagbag.py:539} INFO - Filling up the DagBag from /home/airflow/.local/lib/python3.8/site-packages/airflow/example_dags/example_external_task_marker_dag.py
[2023-10-10T17:18:53.977+0000] {processor.py:839} INFO - DAG(s) dict_keys(['example_external_task_marker_parent', 'example_external_task_marker_child']) retrieved from /home/airflow/.local/lib/python3.8/site-packages/airflow/example_dags/example_external_task_marker_dag.py
[2023-10-10T17:18:53.992+0000] {logging_mixin.py:151} INFO - [2023-10-10T17:18:53.992+0000] {dag.py:2915} INFO - Sync 2 DAGs
[2023-10-10T17:18:53.999+0000] {logging_mixin.py:151} INFO - [2023-10-10T17:18:53.999+0000] {dag.py:3696} INFO - Setting next_dagrun for example_external_task_marker_child to None, run_after=None
[2023-10-10T17:18:54.001+0000] {logging_mixin.py:151} INFO - [2023-10-10T17:18:54.001+0000] {dag.py:3696} INFO - Setting next_dagrun for example_external_task_marker_parent to None, run_after=None
[2023-10-10T17:18:54.010+0000] {processor.py:179} INFO - Processing /home/airflow/.local/lib/python3.8/site-packages/airflow/example_dags/example_external_task_marker_dag.py took 0.041 seconds
[2023-10-10T17:19:24.176+0000] {processor.py:157} INFO - Started process (PID=225) to work on /home/airflow/.local/lib/python3.8/site-packages/airflow/example_dags/example_external_task_marker_dag.py
[2023-10-10T17:19:24.177+0000] {processor.py:829} INFO - Processing file /home/airflow/.local/lib/python3.8/site-packages/airflow/example_dags/example_external_task_marker_dag.py for tasks to queue
[2023-10-10T17:19:24.179+0000] {logging_mixin.py:151} INFO - [2023-10-10T17:19:24.178+0000] {dagbag.py:539} INFO - Filling up the DagBag from /home/airflow/.local/lib/python3.8/site-packages/airflow/example_dags/example_external_task_marker_dag.py
[2023-10-10T17:19:24.183+0000] {processor.py:839} INFO - DAG(s) dict_keys(['example_external_task_marker_child', 'example_external_task_marker_parent']) retrieved from /home/airflow/.local/lib/python3.8/site-packages/airflow/example_dags/example_external_task_marker_dag.py
[2023-10-10T17:19:24.197+0000] {logging_mixin.py:151} INFO - [2023-10-10T17:19:24.196+0000] {dag.py:2915} INFO - Sync 2 DAGs
[2023-10-10T17:19:24.203+0000] {logging_mixin.py:151} INFO - [2023-10-10T17:19:24.203+0000] {dag.py:3696} INFO - Setting next_dagrun for example_external_task_marker_child to None, run_after=None
[2023-10-10T17:19:24.205+0000] {logging_mixin.py:151} INFO - [2023-10-10T17:19:24.205+0000] {dag.py:3696} INFO - Setting next_dagrun for example_external_task_marker_parent to None, run_after=None
[2023-10-10T17:19:24.213+0000] {processor.py:179} INFO - Processing /home/airflow/.local/lib/python3.8/site-packages/airflow/example_dags/example_external_task_marker_dag.py took 0.039 seconds
[2023-10-10T17:19:54.370+0000] {processor.py:157} INFO - Started process (PID=281) to work on /home/airflow/.local/lib/python3.8/site-packages/airflow/example_dags/example_external_task_marker_dag.py
[2023-10-10T17:19:54.371+0000] {processor.py:829} INFO - Processing file /home/airflow/.local/lib/python3.8/site-packages/airflow/example_dags/example_external_task_marker_dag.py for tasks to queue
[2023-10-10T17:19:54.373+0000] {logging_mixin.py:151} INFO - [2023-10-10T17:19:54.373+0000] {dagbag.py:539} INFO - Filling up the DagBag from /home/airflow/.local/lib/python3.8/site-packages/airflow/example_dags/example_external_task_marker_dag.py
[2023-10-10T17:19:54.377+0000] {processor.py:839} INFO - DAG(s) dict_keys(['example_external_task_marker_parent', 'example_external_task_marker_child']) retrieved from /home/airflow/.local/lib/python3.8/site-packages/airflow/example_dags/example_external_task_marker_dag.py
[2023-10-10T17:19:54.391+0000] {logging_mixin.py:151} INFO - [2023-10-10T17:19:54.391+0000] {dag.py:2915} INFO - Sync 2 DAGs
[2023-10-10T17:19:54.398+0000] {logging_mixin.py:151} INFO - [2023-10-10T17:19:54.397+0000] {dag.py:3696} INFO - Setting next_dagrun for example_external_task_marker_child to None, run_after=None
[2023-10-10T17:19:54.399+0000] {logging_mixin.py:151} INFO - [2023-10-10T17:19:54.399+0000] {dag.py:3696} INFO - Setting next_dagrun for example_external_task_marker_parent to None, run_after=None
[2023-10-10T17:19:54.407+0000] {processor.py:179} INFO - Processing /home/airflow/.local/lib/python3.8/site-packages/airflow/example_dags/example_external_task_marker_dag.py took 0.039 seconds
[2023-10-10T17:20:25.402+0000] {processor.py:157} INFO - Started process (PID=337) to work on /home/airflow/.local/lib/python3.8/site-packages/airflow/example_dags/example_external_task_marker_dag.py
[2023-10-10T17:20:25.403+0000] {processor.py:829} INFO - Processing file /home/airflow/.local/lib/python3.8/site-packages/airflow/example_dags/example_external_task_marker_dag.py for tasks to queue
[2023-10-10T17:20:25.404+0000] {logging_mixin.py:151} INFO - [2023-10-10T17:20:25.404+0000] {dagbag.py:539} INFO - Filling up the DagBag from /home/airflow/.local/lib/python3.8/site-packages/airflow/example_dags/example_external_task_marker_dag.py
[2023-10-10T17:20:25.408+0000] {processor.py:839} INFO - DAG(s) dict_keys(['example_external_task_marker_child', 'example_external_task_marker_parent']) retrieved from /home/airflow/.local/lib/python3.8/site-packages/airflow/example_dags/example_external_task_marker_dag.py
[2023-10-10T17:20:25.422+0000] {logging_mixin.py:151} INFO - [2023-10-10T17:20:25.422+0000] {dag.py:2915} INFO - Sync 2 DAGs
[2023-10-10T17:20:25.429+0000] {logging_mixin.py:151} INFO - [2023-10-10T17:20:25.429+0000] {dag.py:3696} INFO - Setting next_dagrun for example_external_task_marker_child to None, run_after=None
[2023-10-10T17:20:25.431+0000] {logging_mixin.py:151} INFO - [2023-10-10T17:20:25.431+0000] {dag.py:3696} INFO - Setting next_dagrun for example_external_task_marker_parent to None, run_after=None
[2023-10-10T17:20:25.439+0000] {processor.py:179} INFO - Processing /home/airflow/.local/lib/python3.8/site-packages/airflow/example_dags/example_external_task_marker_dag.py took 0.039 seconds
[2023-10-10T17:20:55.606+0000] {processor.py:157} INFO - Started process (PID=393) to work on /home/airflow/.local/lib/python3.8/site-packages/airflow/example_dags/example_external_task_marker_dag.py
[2023-10-10T17:20:55.607+0000] {processor.py:829} INFO - Processing file /home/airflow/.local/lib/python3.8/site-packages/airflow/example_dags/example_external_task_marker_dag.py for tasks to queue
[2023-10-10T17:20:55.608+0000] {logging_mixin.py:151} INFO - [2023-10-10T17:20:55.608+0000] {dagbag.py:539} INFO - Filling up the DagBag from /home/airflow/.local/lib/python3.8/site-packages/airflow/example_dags/example_external_task_marker_dag.py
[2023-10-10T17:20:55.612+0000] {processor.py:839} INFO - DAG(s) dict_keys(['example_external_task_marker_parent', 'example_external_task_marker_child']) retrieved from /home/airflow/.local/lib/python3.8/site-packages/airflow/example_dags/example_external_task_marker_dag.py
[2023-10-10T17:20:55.626+0000] {logging_mixin.py:151} INFO - [2023-10-10T17:20:55.626+0000] {dag.py:2915} INFO - Sync 2 DAGs
[2023-10-10T17:20:55.633+0000] {logging_mixin.py:151} INFO - [2023-10-10T17:20:55.632+0000] {dag.py:3696} INFO - Setting next_dagrun for example_external_task_marker_child to None, run_after=None
[2023-10-10T17:20:55.634+0000] {logging_mixin.py:151} INFO - [2023-10-10T17:20:55.634+0000] {dag.py:3696} INFO - Setting next_dagrun for example_external_task_marker_parent to None, run_after=None
[2023-10-10T17:20:55.642+0000] {processor.py:179} INFO - Processing /home/airflow/.local/lib/python3.8/site-packages/airflow/example_dags/example_external_task_marker_dag.py took 0.038 seconds
[2023-10-10T17:21:25.737+0000] {processor.py:157} INFO - Started process (PID=449) to work on /home/airflow/.local/lib/python3.8/site-packages/airflow/example_dags/example_external_task_marker_dag.py
[2023-10-10T17:21:25.737+0000] {processor.py:829} INFO - Processing file /home/airflow/.local/lib/python3.8/site-packages/airflow/example_dags/example_external_task_marker_dag.py for tasks to queue
[2023-10-10T17:21:25.739+0000] {logging_mixin.py:151} INFO - [2023-10-10T17:21:25.739+0000] {dagbag.py:539} INFO - Filling up the DagBag from /home/airflow/.local/lib/python3.8/site-packages/airflow/example_dags/example_external_task_marker_dag.py
[2023-10-10T17:21:25.742+0000] {processor.py:839} INFO - DAG(s) dict_keys(['example_external_task_marker_parent', 'example_external_task_marker_child']) retrieved from /home/airflow/.local/lib/python3.8/site-packages/airflow/example_dags/example_external_task_marker_dag.py
[2023-10-10T17:21:25.756+0000] {logging_mixin.py:151} INFO - [2023-10-10T17:21:25.756+0000] {dag.py:2915} INFO - Sync 2 DAGs
[2023-10-10T17:21:25.763+0000] {logging_mixin.py:151} INFO - [2023-10-10T17:21:25.763+0000] {dag.py:3696} INFO - Setting next_dagrun for example_external_task_marker_child to None, run_after=None
[2023-10-10T17:21:25.765+0000] {logging_mixin.py:151} INFO - [2023-10-10T17:21:25.765+0000] {dag.py:3696} INFO - Setting next_dagrun for example_external_task_marker_parent to None, run_after=None
[2023-10-10T17:21:25.773+0000] {processor.py:179} INFO - Processing /home/airflow/.local/lib/python3.8/site-packages/airflow/example_dags/example_external_task_marker_dag.py took 0.039 seconds
[2023-10-10T17:21:55.790+0000] {processor.py:157} INFO - Started process (PID=504) to work on /home/airflow/.local/lib/python3.8/site-packages/airflow/example_dags/example_external_task_marker_dag.py
[2023-10-10T17:21:55.791+0000] {processor.py:829} INFO - Processing file /home/airflow/.local/lib/python3.8/site-packages/airflow/example_dags/example_external_task_marker_dag.py for tasks to queue
[2023-10-10T17:21:55.792+0000] {logging_mixin.py:151} INFO - [2023-10-10T17:21:55.792+0000] {dagbag.py:539} INFO - Filling up the DagBag from /home/airflow/.local/lib/python3.8/site-packages/airflow/example_dags/example_external_task_marker_dag.py
[2023-10-10T17:21:55.796+0000] {processor.py:839} INFO - DAG(s) dict_keys(['example_external_task_marker_child', 'example_external_task_marker_parent']) retrieved from /home/airflow/.local/lib/python3.8/site-packages/airflow/example_dags/example_external_task_marker_dag.py
[2023-10-10T17:21:55.809+0000] {logging_mixin.py:151} INFO - [2023-10-10T17:21:55.809+0000] {dag.py:2915} INFO - Sync 2 DAGs
[2023-10-10T17:21:55.816+0000] {logging_mixin.py:151} INFO - [2023-10-10T17:21:55.816+0000] {dag.py:3696} INFO - Setting next_dagrun for example_external_task_marker_child to None, run_after=None
[2023-10-10T17:21:55.818+0000] {logging_mixin.py:151} INFO - [2023-10-10T17:21:55.818+0000] {dag.py:3696} INFO - Setting next_dagrun for example_external_task_marker_parent to None, run_after=None
[2023-10-10T17:21:55.826+0000] {processor.py:179} INFO - Processing /home/airflow/.local/lib/python3.8/site-packages/airflow/example_dags/example_external_task_marker_dag.py took 0.038 seconds
[2023-10-10T17:22:25.928+0000] {processor.py:157} INFO - Started process (PID=560) to work on /home/airflow/.local/lib/python3.8/site-packages/airflow/example_dags/example_external_task_marker_dag.py
[2023-10-10T17:22:25.929+0000] {processor.py:829} INFO - Processing file /home/airflow/.local/lib/python3.8/site-packages/airflow/example_dags/example_external_task_marker_dag.py for tasks to queue
[2023-10-10T17:22:25.931+0000] {logging_mixin.py:151} INFO - [2023-10-10T17:22:25.931+0000] {dagbag.py:539} INFO - Filling up the DagBag from /home/airflow/.local/lib/python3.8/site-packages/airflow/example_dags/example_external_task_marker_dag.py
[2023-10-10T17:22:25.935+0000] {processor.py:839} INFO - DAG(s) dict_keys(['example_external_task_marker_parent', 'example_external_task_marker_child']) retrieved from /home/airflow/.local/lib/python3.8/site-packages/airflow/example_dags/example_external_task_marker_dag.py
[2023-10-10T17:22:25.951+0000] {logging_mixin.py:151} INFO - [2023-10-10T17:22:25.951+0000] {dag.py:2915} INFO - Sync 2 DAGs
[2023-10-10T17:22:25.958+0000] {logging_mixin.py:151} INFO - [2023-10-10T17:22:25.958+0000] {dag.py:3696} INFO - Setting next_dagrun for example_external_task_marker_child to None, run_after=None
[2023-10-10T17:22:25.960+0000] {logging_mixin.py:151} INFO - [2023-10-10T17:22:25.960+0000] {dag.py:3696} INFO - Setting next_dagrun for example_external_task_marker_parent to None, run_after=None
[2023-10-10T17:22:25.970+0000] {processor.py:179} INFO - Processing /home/airflow/.local/lib/python3.8/site-packages/airflow/example_dags/example_external_task_marker_dag.py took 0.044 seconds
[2023-10-10T17:22:56.050+0000] {processor.py:157} INFO - Started process (PID=616) to work on /home/airflow/.local/lib/python3.8/site-packages/airflow/example_dags/example_external_task_marker_dag.py
[2023-10-10T17:22:56.051+0000] {processor.py:829} INFO - Processing file /home/airflow/.local/lib/python3.8/site-packages/airflow/example_dags/example_external_task_marker_dag.py for tasks to queue
[2023-10-10T17:22:56.053+0000] {logging_mixin.py:151} INFO - [2023-10-10T17:22:56.052+0000] {dagbag.py:539} INFO - Filling up the DagBag from /home/airflow/.local/lib/python3.8/site-packages/airflow/example_dags/example_external_task_marker_dag.py
[2023-10-10T17:22:56.056+0000] {processor.py:839} INFO - DAG(s) dict_keys(['example_external_task_marker_child', 'example_external_task_marker_parent']) retrieved from /home/airflow/.local/lib/python3.8/site-packages/airflow/example_dags/example_external_task_marker_dag.py
[2023-10-10T17:22:56.071+0000] {logging_mixin.py:151} INFO - [2023-10-10T17:22:56.071+0000] {dag.py:2915} INFO - Sync 2 DAGs
[2023-10-10T17:22:56.078+0000] {logging_mixin.py:151} INFO - [2023-10-10T17:22:56.078+0000] {dag.py:3696} INFO - Setting next_dagrun for example_external_task_marker_child to None, run_after=None
[2023-10-10T17:22:56.080+0000] {logging_mixin.py:151} INFO - [2023-10-10T17:22:56.080+0000] {dag.py:3696} INFO - Setting next_dagrun for example_external_task_marker_parent to None, run_after=None
[2023-10-10T17:22:56.088+0000] {processor.py:179} INFO - Processing /home/airflow/.local/lib/python3.8/site-packages/airflow/example_dags/example_external_task_marker_dag.py took 0.040 seconds
[2023-10-10T17:23:27.148+0000] {processor.py:157} INFO - Started process (PID=672) to work on /home/airflow/.local/lib/python3.8/site-packages/airflow/example_dags/example_external_task_marker_dag.py
[2023-10-10T17:23:27.149+0000] {processor.py:829} INFO - Processing file /home/airflow/.local/lib/python3.8/site-packages/airflow/example_dags/example_external_task_marker_dag.py for tasks to queue
[2023-10-10T17:23:27.151+0000] {logging_mixin.py:151} INFO - [2023-10-10T17:23:27.151+0000] {dagbag.py:539} INFO - Filling up the DagBag from /home/airflow/.local/lib/python3.8/site-packages/airflow/example_dags/example_external_task_marker_dag.py
[2023-10-10T17:23:27.155+0000] {processor.py:839} INFO - DAG(s) dict_keys(['example_external_task_marker_parent', 'example_external_task_marker_child']) retrieved from /home/airflow/.local/lib/python3.8/site-packages/airflow/example_dags/example_external_task_marker_dag.py
[2023-10-10T17:23:27.168+0000] {logging_mixin.py:151} INFO - [2023-10-10T17:23:27.168+0000] {dag.py:2915} INFO - Sync 2 DAGs
[2023-10-10T17:23:27.175+0000] {logging_mixin.py:151} INFO - [2023-10-10T17:23:27.175+0000] {dag.py:3696} INFO - Setting next_dagrun for example_external_task_marker_child to None, run_after=None
[2023-10-10T17:23:27.177+0000] {logging_mixin.py:151} INFO - [2023-10-10T17:23:27.177+0000] {dag.py:3696} INFO - Setting next_dagrun for example_external_task_marker_parent to None, run_after=None
[2023-10-10T17:23:27.185+0000] {processor.py:179} INFO - Processing /home/airflow/.local/lib/python3.8/site-packages/airflow/example_dags/example_external_task_marker_dag.py took 0.039 seconds
[2023-10-10T17:23:57.266+0000] {processor.py:157} INFO - Started process (PID=728) to work on /home/airflow/.local/lib/python3.8/site-packages/airflow/example_dags/example_external_task_marker_dag.py
[2023-10-10T17:23:57.267+0000] {processor.py:829} INFO - Processing file /home/airflow/.local/lib/python3.8/site-packages/airflow/example_dags/example_external_task_marker_dag.py for tasks to queue
[2023-10-10T17:23:57.269+0000] {logging_mixin.py:151} INFO - [2023-10-10T17:23:57.268+0000] {dagbag.py:539} INFO - Filling up the DagBag from /home/airflow/.local/lib/python3.8/site-packages/airflow/example_dags/example_external_task_marker_dag.py
[2023-10-10T17:23:57.272+0000] {processor.py:839} INFO - DAG(s) dict_keys(['example_external_task_marker_child', 'example_external_task_marker_parent']) retrieved from /home/airflow/.local/lib/python3.8/site-packages/airflow/example_dags/example_external_task_marker_dag.py
[2023-10-10T17:23:57.286+0000] {logging_mixin.py:151} INFO - [2023-10-10T17:23:57.286+0000] {dag.py:2915} INFO - Sync 2 DAGs
[2023-10-10T17:23:57.293+0000] {logging_mixin.py:151} INFO - [2023-10-10T17:23:57.293+0000] {dag.py:3696} INFO - Setting next_dagrun for example_external_task_marker_child to None, run_after=None
[2023-10-10T17:23:57.295+0000] {logging_mixin.py:151} INFO - [2023-10-10T17:23:57.295+0000] {dag.py:3696} INFO - Setting next_dagrun for example_external_task_marker_parent to None, run_after=None
[2023-10-10T17:23:57.303+0000] {processor.py:179} INFO - Processing /home/airflow/.local/lib/python3.8/site-packages/airflow/example_dags/example_external_task_marker_dag.py took 0.039 seconds
[2023-10-10T17:24:27.453+0000] {processor.py:157} INFO - Started process (PID=784) to work on /home/airflow/.local/lib/python3.8/site-packages/airflow/example_dags/example_external_task_marker_dag.py
[2023-10-10T17:24:27.454+0000] {processor.py:829} INFO - Processing file /home/airflow/.local/lib/python3.8/site-packages/airflow/example_dags/example_external_task_marker_dag.py for tasks to queue
[2023-10-10T17:24:27.456+0000] {logging_mixin.py:151} INFO - [2023-10-10T17:24:27.456+0000] {dagbag.py:539} INFO - Filling up the DagBag from /home/airflow/.local/lib/python3.8/site-packages/airflow/example_dags/example_external_task_marker_dag.py
[2023-10-10T17:24:27.460+0000] {processor.py:839} INFO - DAG(s) dict_keys(['example_external_task_marker_child', 'example_external_task_marker_parent']) retrieved from /home/airflow/.local/lib/python3.8/site-packages/airflow/example_dags/example_external_task_marker_dag.py
[2023-10-10T17:24:27.475+0000] {logging_mixin.py:151} INFO - [2023-10-10T17:24:27.475+0000] {dag.py:2915} INFO - Sync 2 DAGs
[2023-10-10T17:24:27.482+0000] {logging_mixin.py:151} INFO - [2023-10-10T17:24:27.482+0000] {dag.py:3696} INFO - Setting next_dagrun for example_external_task_marker_child to None, run_after=None
[2023-10-10T17:24:27.484+0000] {logging_mixin.py:151} INFO - [2023-10-10T17:24:27.484+0000] {dag.py:3696} INFO - Setting next_dagrun for example_external_task_marker_parent to None, run_after=None
[2023-10-10T17:24:27.493+0000] {processor.py:179} INFO - Processing /home/airflow/.local/lib/python3.8/site-packages/airflow/example_dags/example_external_task_marker_dag.py took 0.043 seconds
[2023-10-10T17:24:57.701+0000] {processor.py:157} INFO - Started process (PID=840) to work on /home/airflow/.local/lib/python3.8/site-packages/airflow/example_dags/example_external_task_marker_dag.py
[2023-10-10T17:24:57.701+0000] {processor.py:829} INFO - Processing file /home/airflow/.local/lib/python3.8/site-packages/airflow/example_dags/example_external_task_marker_dag.py for tasks to queue
[2023-10-10T17:24:57.703+0000] {logging_mixin.py:151} INFO - [2023-10-10T17:24:57.703+0000] {dagbag.py:539} INFO - Filling up the DagBag from /home/airflow/.local/lib/python3.8/site-packages/airflow/example_dags/example_external_task_marker_dag.py
[2023-10-10T17:24:57.707+0000] {processor.py:839} INFO - DAG(s) dict_keys(['example_external_task_marker_child', 'example_external_task_marker_parent']) retrieved from /home/airflow/.local/lib/python3.8/site-packages/airflow/example_dags/example_external_task_marker_dag.py
[2023-10-10T17:24:57.723+0000] {logging_mixin.py:151} INFO - [2023-10-10T17:24:57.722+0000] {dag.py:2915} INFO - Sync 2 DAGs
[2023-10-10T17:24:57.730+0000] {logging_mixin.py:151} INFO - [2023-10-10T17:24:57.730+0000] {dag.py:3696} INFO - Setting next_dagrun for example_external_task_marker_child to None, run_after=None
[2023-10-10T17:24:57.732+0000] {logging_mixin.py:151} INFO - [2023-10-10T17:24:57.732+0000] {dag.py:3696} INFO - Setting next_dagrun for example_external_task_marker_parent to None, run_after=None
[2023-10-10T17:24:57.741+0000] {processor.py:179} INFO - Processing /home/airflow/.local/lib/python3.8/site-packages/airflow/example_dags/example_external_task_marker_dag.py took 0.042 seconds
[2023-10-10T17:25:27.851+0000] {processor.py:157} INFO - Started process (PID=896) to work on /home/airflow/.local/lib/python3.8/site-packages/airflow/example_dags/example_external_task_marker_dag.py
[2023-10-10T17:25:27.852+0000] {processor.py:829} INFO - Processing file /home/airflow/.local/lib/python3.8/site-packages/airflow/example_dags/example_external_task_marker_dag.py for tasks to queue
[2023-10-10T17:25:27.854+0000] {logging_mixin.py:151} INFO - [2023-10-10T17:25:27.853+0000] {dagbag.py:539} INFO - Filling up the DagBag from /home/airflow/.local/lib/python3.8/site-packages/airflow/example_dags/example_external_task_marker_dag.py
[2023-10-10T17:25:27.857+0000] {processor.py:839} INFO - DAG(s) dict_keys(['example_external_task_marker_child', 'example_external_task_marker_parent']) retrieved from /home/airflow/.local/lib/python3.8/site-packages/airflow/example_dags/example_external_task_marker_dag.py
[2023-10-10T17:25:27.871+0000] {logging_mixin.py:151} INFO - [2023-10-10T17:25:27.871+0000] {dag.py:2915} INFO - Sync 2 DAGs
[2023-10-10T17:25:27.877+0000] {logging_mixin.py:151} INFO - [2023-10-10T17:25:27.877+0000] {dag.py:3696} INFO - Setting next_dagrun for example_external_task_marker_child to None, run_after=None
[2023-10-10T17:25:27.879+0000] {logging_mixin.py:151} INFO - [2023-10-10T17:25:27.879+0000] {dag.py:3696} INFO - Setting next_dagrun for example_external_task_marker_parent to None, run_after=None
[2023-10-10T17:25:27.887+0000] {processor.py:179} INFO - Processing /home/airflow/.local/lib/python3.8/site-packages/airflow/example_dags/example_external_task_marker_dag.py took 0.038 seconds
[2023-10-10T17:25:57.988+0000] {processor.py:157} INFO - Started process (PID=952) to work on /home/airflow/.local/lib/python3.8/site-packages/airflow/example_dags/example_external_task_marker_dag.py
[2023-10-10T17:25:57.989+0000] {processor.py:829} INFO - Processing file /home/airflow/.local/lib/python3.8/site-packages/airflow/example_dags/example_external_task_marker_dag.py for tasks to queue
[2023-10-10T17:25:57.991+0000] {logging_mixin.py:151} INFO - [2023-10-10T17:25:57.990+0000] {dagbag.py:539} INFO - Filling up the DagBag from /home/airflow/.local/lib/python3.8/site-packages/airflow/example_dags/example_external_task_marker_dag.py
[2023-10-10T17:25:57.995+0000] {processor.py:839} INFO - DAG(s) dict_keys(['example_external_task_marker_child', 'example_external_task_marker_parent']) retrieved from /home/airflow/.local/lib/python3.8/site-packages/airflow/example_dags/example_external_task_marker_dag.py
[2023-10-10T17:25:58.008+0000] {logging_mixin.py:151} INFO - [2023-10-10T17:25:58.008+0000] {dag.py:2915} INFO - Sync 2 DAGs
[2023-10-10T17:25:58.015+0000] {logging_mixin.py:151} INFO - [2023-10-10T17:25:58.015+0000] {dag.py:3696} INFO - Setting next_dagrun for example_external_task_marker_child to None, run_after=None
[2023-10-10T17:25:58.017+0000] {logging_mixin.py:151} INFO - [2023-10-10T17:25:58.017+0000] {dag.py:3696} INFO - Setting next_dagrun for example_external_task_marker_parent to None, run_after=None
[2023-10-10T17:25:58.025+0000] {processor.py:179} INFO - Processing /home/airflow/.local/lib/python3.8/site-packages/airflow/example_dags/example_external_task_marker_dag.py took 0.039 seconds
[2023-10-10T17:26:28.042+0000] {processor.py:157} INFO - Started process (PID=1007) to work on /home/airflow/.local/lib/python3.8/site-packages/airflow/example_dags/example_external_task_marker_dag.py
[2023-10-10T17:26:28.043+0000] {processor.py:829} INFO - Processing file /home/airflow/.local/lib/python3.8/site-packages/airflow/example_dags/example_external_task_marker_dag.py for tasks to queue
[2023-10-10T17:26:28.044+0000] {logging_mixin.py:151} INFO - [2023-10-10T17:26:28.044+0000] {dagbag.py:539} INFO - Filling up the DagBag from /home/airflow/.local/lib/python3.8/site-packages/airflow/example_dags/example_external_task_marker_dag.py
[2023-10-10T17:26:28.047+0000] {processor.py:839} INFO - DAG(s) dict_keys(['example_external_task_marker_parent', 'example_external_task_marker_child']) retrieved from /home/airflow/.local/lib/python3.8/site-packages/airflow/example_dags/example_external_task_marker_dag.py
[2023-10-10T17:26:28.062+0000] {logging_mixin.py:151} INFO - [2023-10-10T17:26:28.062+0000] {dag.py:2915} INFO - Sync 2 DAGs
[2023-10-10T17:26:28.069+0000] {logging_mixin.py:151} INFO - [2023-10-10T17:26:28.069+0000] {dag.py:3696} INFO - Setting next_dagrun for example_external_task_marker_child to None, run_after=None
[2023-10-10T17:26:28.071+0000] {logging_mixin.py:151} INFO - [2023-10-10T17:26:28.071+0000] {dag.py:3696} INFO - Setting next_dagrun for example_external_task_marker_parent to None, run_after=None
[2023-10-10T17:26:28.080+0000] {processor.py:179} INFO - Processing /home/airflow/.local/lib/python3.8/site-packages/airflow/example_dags/example_external_task_marker_dag.py took 0.040 seconds
[2023-10-10T17:26:58.155+0000] {processor.py:157} INFO - Started process (PID=1063) to work on /home/airflow/.local/lib/python3.8/site-packages/airflow/example_dags/example_external_task_marker_dag.py
[2023-10-10T17:26:58.156+0000] {processor.py:829} INFO - Processing file /home/airflow/.local/lib/python3.8/site-packages/airflow/example_dags/example_external_task_marker_dag.py for tasks to queue
[2023-10-10T17:26:58.158+0000] {logging_mixin.py:151} INFO - [2023-10-10T17:26:58.158+0000] {dagbag.py:539} INFO - Filling up the DagBag from /home/airflow/.local/lib/python3.8/site-packages/airflow/example_dags/example_external_task_marker_dag.py
[2023-10-10T17:26:58.162+0000] {processor.py:839} INFO - DAG(s) dict_keys(['example_external_task_marker_child', 'example_external_task_marker_parent']) retrieved from /home/airflow/.local/lib/python3.8/site-packages/airflow/example_dags/example_external_task_marker_dag.py
[2023-10-10T17:26:58.176+0000] {logging_mixin.py:151} INFO - [2023-10-10T17:26:58.176+0000] {dag.py:2915} INFO - Sync 2 DAGs
[2023-10-10T17:26:58.183+0000] {logging_mixin.py:151} INFO - [2023-10-10T17:26:58.183+0000] {dag.py:3696} INFO - Setting next_dagrun for example_external_task_marker_child to None, run_after=None
[2023-10-10T17:26:58.185+0000] {logging_mixin.py:151} INFO - [2023-10-10T17:26:58.185+0000] {dag.py:3696} INFO - Setting next_dagrun for example_external_task_marker_parent to None, run_after=None
[2023-10-10T17:26:58.194+0000] {processor.py:179} INFO - Processing /home/airflow/.local/lib/python3.8/site-packages/airflow/example_dags/example_external_task_marker_dag.py took 0.041 seconds
[2023-10-10T17:27:28.292+0000] {processor.py:157} INFO - Started process (PID=1119) to work on /home/airflow/.local/lib/python3.8/site-packages/airflow/example_dags/example_external_task_marker_dag.py
[2023-10-10T17:27:28.294+0000] {processor.py:829} INFO - Processing file /home/airflow/.local/lib/python3.8/site-packages/airflow/example_dags/example_external_task_marker_dag.py for tasks to queue
[2023-10-10T17:27:28.295+0000] {logging_mixin.py:151} INFO - [2023-10-10T17:27:28.295+0000] {dagbag.py:539} INFO - Filling up the DagBag from /home/airflow/.local/lib/python3.8/site-packages/airflow/example_dags/example_external_task_marker_dag.py
[2023-10-10T17:27:28.299+0000] {processor.py:839} INFO - DAG(s) dict_keys(['example_external_task_marker_child', 'example_external_task_marker_parent']) retrieved from /home/airflow/.local/lib/python3.8/site-packages/airflow/example_dags/example_external_task_marker_dag.py
[2023-10-10T17:27:28.313+0000] {logging_mixin.py:151} INFO - [2023-10-10T17:27:28.313+0000] {dag.py:2915} INFO - Sync 2 DAGs
[2023-10-10T17:27:28.319+0000] {logging_mixin.py:151} INFO - [2023-10-10T17:27:28.319+0000] {dag.py:3696} INFO - Setting next_dagrun for example_external_task_marker_child to None, run_after=None
[2023-10-10T17:27:28.321+0000] {logging_mixin.py:151} INFO - [2023-10-10T17:27:28.321+0000] {dag.py:3696} INFO - Setting next_dagrun for example_external_task_marker_parent to None, run_after=None
[2023-10-10T17:27:28.329+0000] {processor.py:179} INFO - Processing /home/airflow/.local/lib/python3.8/site-packages/airflow/example_dags/example_external_task_marker_dag.py took 0.039 seconds
[2023-10-10T17:27:58.421+0000] {processor.py:157} INFO - Started process (PID=1175) to work on /home/airflow/.local/lib/python3.8/site-packages/airflow/example_dags/example_external_task_marker_dag.py
[2023-10-10T17:27:58.422+0000] {processor.py:829} INFO - Processing file /home/airflow/.local/lib/python3.8/site-packages/airflow/example_dags/example_external_task_marker_dag.py for tasks to queue
[2023-10-10T17:27:58.423+0000] {logging_mixin.py:151} INFO - [2023-10-10T17:27:58.423+0000] {dagbag.py:539} INFO - Filling up the DagBag from /home/airflow/.local/lib/python3.8/site-packages/airflow/example_dags/example_external_task_marker_dag.py
[2023-10-10T17:27:58.427+0000] {processor.py:839} INFO - DAG(s) dict_keys(['example_external_task_marker_child', 'example_external_task_marker_parent']) retrieved from /home/airflow/.local/lib/python3.8/site-packages/airflow/example_dags/example_external_task_marker_dag.py
[2023-10-10T17:27:58.441+0000] {logging_mixin.py:151} INFO - [2023-10-10T17:27:58.441+0000] {dag.py:2915} INFO - Sync 2 DAGs
[2023-10-10T17:27:58.449+0000] {logging_mixin.py:151} INFO - [2023-10-10T17:27:58.449+0000] {dag.py:3696} INFO - Setting next_dagrun for example_external_task_marker_child to None, run_after=None
[2023-10-10T17:27:58.450+0000] {logging_mixin.py:151} INFO - [2023-10-10T17:27:58.450+0000] {dag.py:3696} INFO - Setting next_dagrun for example_external_task_marker_parent to None, run_after=None
[2023-10-10T17:27:58.461+0000] {processor.py:179} INFO - Processing /home/airflow/.local/lib/python3.8/site-packages/airflow/example_dags/example_external_task_marker_dag.py took 0.043 seconds
[2023-10-10T17:28:28.607+0000] {processor.py:157} INFO - Started process (PID=1232) to work on /home/airflow/.local/lib/python3.8/site-packages/airflow/example_dags/example_external_task_marker_dag.py
[2023-10-10T17:28:28.608+0000] {processor.py:829} INFO - Processing file /home/airflow/.local/lib/python3.8/site-packages/airflow/example_dags/example_external_task_marker_dag.py for tasks to queue
[2023-10-10T17:28:28.610+0000] {logging_mixin.py:151} INFO - [2023-10-10T17:28:28.609+0000] {dagbag.py:539} INFO - Filling up the DagBag from /home/airflow/.local/lib/python3.8/site-packages/airflow/example_dags/example_external_task_marker_dag.py
[2023-10-10T17:28:28.614+0000] {processor.py:839} INFO - DAG(s) dict_keys(['example_external_task_marker_parent', 'example_external_task_marker_child']) retrieved from /home/airflow/.local/lib/python3.8/site-packages/airflow/example_dags/example_external_task_marker_dag.py
[2023-10-10T17:28:28.628+0000] {logging_mixin.py:151} INFO - [2023-10-10T17:28:28.628+0000] {dag.py:2915} INFO - Sync 2 DAGs
[2023-10-10T17:28:28.636+0000] {logging_mixin.py:151} INFO - [2023-10-10T17:28:28.635+0000] {dag.py:3696} INFO - Setting next_dagrun for example_external_task_marker_child to None, run_after=None
[2023-10-10T17:28:28.638+0000] {logging_mixin.py:151} INFO - [2023-10-10T17:28:28.638+0000] {dag.py:3696} INFO - Setting next_dagrun for example_external_task_marker_parent to None, run_after=None
[2023-10-10T17:28:28.647+0000] {processor.py:179} INFO - Processing /home/airflow/.local/lib/python3.8/site-packages/airflow/example_dags/example_external_task_marker_dag.py took 0.042 seconds
