[2023-10-10T06:38:11.541+0000] {processor.py:157} INFO - Started process (PID=71) to work on /home/airflow/.local/lib/python3.8/site-packages/airflow/example_dags/example_branch_python_dop_operator_3.py
[2023-10-10T06:38:11.542+0000] {processor.py:829} INFO - Processing file /home/airflow/.local/lib/python3.8/site-packages/airflow/example_dags/example_branch_python_dop_operator_3.py for tasks to queue
[2023-10-10T06:38:11.545+0000] {logging_mixin.py:151} INFO - [2023-10-10T06:38:11.544+0000] {dagbag.py:539} INFO - Filling up the DagBag from /home/airflow/.local/lib/python3.8/site-packages/airflow/example_dags/example_branch_python_dop_operator_3.py
[2023-10-10T06:38:11.558+0000] {processor.py:839} INFO - DAG(s) dict_keys(['example_branch_dop_operator_v3']) retrieved from /home/airflow/.local/lib/python3.8/site-packages/airflow/example_dags/example_branch_python_dop_operator_3.py
[2023-10-10T06:38:11.570+0000] {logging_mixin.py:151} INFO - [2023-10-10T06:38:11.570+0000] {dag.py:2915} INFO - Sync 1 DAGs
[2023-10-10T06:38:11.591+0000] {logging_mixin.py:151} INFO - [2023-10-10T06:38:11.591+0000] {dag.py:3696} INFO - Setting next_dagrun for example_branch_dop_operator_v3 to 2023-10-10T06:37:00+00:00, run_after=2023-10-10T06:38:00+00:00
[2023-10-10T06:38:11.607+0000] {processor.py:179} INFO - Processing /home/airflow/.local/lib/python3.8/site-packages/airflow/example_dags/example_branch_python_dop_operator_3.py took 0.070 seconds
[2023-10-10T06:38:41.676+0000] {processor.py:157} INFO - Started process (PID=127) to work on /home/airflow/.local/lib/python3.8/site-packages/airflow/example_dags/example_branch_python_dop_operator_3.py
[2023-10-10T06:38:41.677+0000] {processor.py:829} INFO - Processing file /home/airflow/.local/lib/python3.8/site-packages/airflow/example_dags/example_branch_python_dop_operator_3.py for tasks to queue
[2023-10-10T06:38:41.679+0000] {logging_mixin.py:151} INFO - [2023-10-10T06:38:41.678+0000] {dagbag.py:539} INFO - Filling up the DagBag from /home/airflow/.local/lib/python3.8/site-packages/airflow/example_dags/example_branch_python_dop_operator_3.py
[2023-10-10T06:38:41.684+0000] {processor.py:839} INFO - DAG(s) dict_keys(['example_branch_dop_operator_v3']) retrieved from /home/airflow/.local/lib/python3.8/site-packages/airflow/example_dags/example_branch_python_dop_operator_3.py
[2023-10-10T06:38:41.696+0000] {logging_mixin.py:151} INFO - [2023-10-10T06:38:41.696+0000] {dag.py:2915} INFO - Sync 1 DAGs
[2023-10-10T06:38:41.711+0000] {logging_mixin.py:151} INFO - [2023-10-10T06:38:41.710+0000] {dag.py:3696} INFO - Setting next_dagrun for example_branch_dop_operator_v3 to 2023-10-10T06:37:00+00:00, run_after=2023-10-10T06:38:00+00:00
[2023-10-10T06:38:41.720+0000] {processor.py:179} INFO - Processing /home/airflow/.local/lib/python3.8/site-packages/airflow/example_dags/example_branch_python_dop_operator_3.py took 0.047 seconds
[2023-10-10T06:39:12.048+0000] {processor.py:157} INFO - Started process (PID=183) to work on /home/airflow/.local/lib/python3.8/site-packages/airflow/example_dags/example_branch_python_dop_operator_3.py
[2023-10-10T06:39:12.049+0000] {processor.py:829} INFO - Processing file /home/airflow/.local/lib/python3.8/site-packages/airflow/example_dags/example_branch_python_dop_operator_3.py for tasks to queue
[2023-10-10T06:39:12.051+0000] {logging_mixin.py:151} INFO - [2023-10-10T06:39:12.050+0000] {dagbag.py:539} INFO - Filling up the DagBag from /home/airflow/.local/lib/python3.8/site-packages/airflow/example_dags/example_branch_python_dop_operator_3.py
[2023-10-10T06:39:12.056+0000] {processor.py:839} INFO - DAG(s) dict_keys(['example_branch_dop_operator_v3']) retrieved from /home/airflow/.local/lib/python3.8/site-packages/airflow/example_dags/example_branch_python_dop_operator_3.py
[2023-10-10T06:39:12.068+0000] {logging_mixin.py:151} INFO - [2023-10-10T06:39:12.068+0000] {dag.py:2915} INFO - Sync 1 DAGs
[2023-10-10T06:39:12.082+0000] {logging_mixin.py:151} INFO - [2023-10-10T06:39:12.082+0000] {dag.py:3696} INFO - Setting next_dagrun for example_branch_dop_operator_v3 to 2023-10-10T06:38:00+00:00, run_after=2023-10-10T06:39:00+00:00
[2023-10-10T06:39:12.092+0000] {processor.py:179} INFO - Processing /home/airflow/.local/lib/python3.8/site-packages/airflow/example_dags/example_branch_python_dop_operator_3.py took 0.047 seconds
[2023-10-10T06:39:42.211+0000] {processor.py:157} INFO - Started process (PID=239) to work on /home/airflow/.local/lib/python3.8/site-packages/airflow/example_dags/example_branch_python_dop_operator_3.py
[2023-10-10T06:39:42.212+0000] {processor.py:829} INFO - Processing file /home/airflow/.local/lib/python3.8/site-packages/airflow/example_dags/example_branch_python_dop_operator_3.py for tasks to queue
[2023-10-10T06:39:42.214+0000] {logging_mixin.py:151} INFO - [2023-10-10T06:39:42.214+0000] {dagbag.py:539} INFO - Filling up the DagBag from /home/airflow/.local/lib/python3.8/site-packages/airflow/example_dags/example_branch_python_dop_operator_3.py
[2023-10-10T06:39:42.219+0000] {processor.py:839} INFO - DAG(s) dict_keys(['example_branch_dop_operator_v3']) retrieved from /home/airflow/.local/lib/python3.8/site-packages/airflow/example_dags/example_branch_python_dop_operator_3.py
[2023-10-10T06:39:42.232+0000] {logging_mixin.py:151} INFO - [2023-10-10T06:39:42.231+0000] {dag.py:2915} INFO - Sync 1 DAGs
[2023-10-10T06:39:42.247+0000] {logging_mixin.py:151} INFO - [2023-10-10T06:39:42.246+0000] {dag.py:3696} INFO - Setting next_dagrun for example_branch_dop_operator_v3 to 2023-10-10T06:38:00+00:00, run_after=2023-10-10T06:39:00+00:00
[2023-10-10T06:39:42.257+0000] {processor.py:179} INFO - Processing /home/airflow/.local/lib/python3.8/site-packages/airflow/example_dags/example_branch_python_dop_operator_3.py took 0.048 seconds
[2023-10-10T06:40:12.570+0000] {processor.py:157} INFO - Started process (PID=295) to work on /home/airflow/.local/lib/python3.8/site-packages/airflow/example_dags/example_branch_python_dop_operator_3.py
[2023-10-10T06:40:12.571+0000] {processor.py:829} INFO - Processing file /home/airflow/.local/lib/python3.8/site-packages/airflow/example_dags/example_branch_python_dop_operator_3.py for tasks to queue
[2023-10-10T06:40:12.573+0000] {logging_mixin.py:151} INFO - [2023-10-10T06:40:12.573+0000] {dagbag.py:539} INFO - Filling up the DagBag from /home/airflow/.local/lib/python3.8/site-packages/airflow/example_dags/example_branch_python_dop_operator_3.py
[2023-10-10T06:40:12.578+0000] {processor.py:839} INFO - DAG(s) dict_keys(['example_branch_dop_operator_v3']) retrieved from /home/airflow/.local/lib/python3.8/site-packages/airflow/example_dags/example_branch_python_dop_operator_3.py
[2023-10-10T06:40:12.591+0000] {logging_mixin.py:151} INFO - [2023-10-10T06:40:12.591+0000] {dag.py:2915} INFO - Sync 1 DAGs
[2023-10-10T06:40:12.605+0000] {logging_mixin.py:151} INFO - [2023-10-10T06:40:12.605+0000] {dag.py:3696} INFO - Setting next_dagrun for example_branch_dop_operator_v3 to 2023-10-10T06:39:00+00:00, run_after=2023-10-10T06:40:00+00:00
[2023-10-10T06:40:12.615+0000] {processor.py:179} INFO - Processing /home/airflow/.local/lib/python3.8/site-packages/airflow/example_dags/example_branch_python_dop_operator_3.py took 0.047 seconds
[2023-10-10T06:40:43.129+0000] {processor.py:157} INFO - Started process (PID=351) to work on /home/airflow/.local/lib/python3.8/site-packages/airflow/example_dags/example_branch_python_dop_operator_3.py
[2023-10-10T06:40:43.134+0000] {processor.py:829} INFO - Processing file /home/airflow/.local/lib/python3.8/site-packages/airflow/example_dags/example_branch_python_dop_operator_3.py for tasks to queue
[2023-10-10T06:40:43.135+0000] {logging_mixin.py:151} INFO - [2023-10-10T06:40:43.135+0000] {dagbag.py:539} INFO - Filling up the DagBag from /home/airflow/.local/lib/python3.8/site-packages/airflow/example_dags/example_branch_python_dop_operator_3.py
[2023-10-10T06:40:43.141+0000] {processor.py:839} INFO - DAG(s) dict_keys(['example_branch_dop_operator_v3']) retrieved from /home/airflow/.local/lib/python3.8/site-packages/airflow/example_dags/example_branch_python_dop_operator_3.py
[2023-10-10T06:40:43.155+0000] {logging_mixin.py:151} INFO - [2023-10-10T06:40:43.155+0000] {dag.py:2915} INFO - Sync 1 DAGs
[2023-10-10T06:40:43.169+0000] {logging_mixin.py:151} INFO - [2023-10-10T06:40:43.169+0000] {dag.py:3696} INFO - Setting next_dagrun for example_branch_dop_operator_v3 to 2023-10-10T06:39:00+00:00, run_after=2023-10-10T06:40:00+00:00
[2023-10-10T06:40:43.178+0000] {processor.py:179} INFO - Processing /home/airflow/.local/lib/python3.8/site-packages/airflow/example_dags/example_branch_python_dop_operator_3.py took 0.051 seconds
[2023-10-10T06:41:13.421+0000] {processor.py:157} INFO - Started process (PID=407) to work on /home/airflow/.local/lib/python3.8/site-packages/airflow/example_dags/example_branch_python_dop_operator_3.py
[2023-10-10T06:41:13.422+0000] {processor.py:829} INFO - Processing file /home/airflow/.local/lib/python3.8/site-packages/airflow/example_dags/example_branch_python_dop_operator_3.py for tasks to queue
[2023-10-10T06:41:13.423+0000] {logging_mixin.py:151} INFO - [2023-10-10T06:41:13.423+0000] {dagbag.py:539} INFO - Filling up the DagBag from /home/airflow/.local/lib/python3.8/site-packages/airflow/example_dags/example_branch_python_dop_operator_3.py
[2023-10-10T06:41:13.429+0000] {processor.py:839} INFO - DAG(s) dict_keys(['example_branch_dop_operator_v3']) retrieved from /home/airflow/.local/lib/python3.8/site-packages/airflow/example_dags/example_branch_python_dop_operator_3.py
[2023-10-10T06:41:13.445+0000] {logging_mixin.py:151} INFO - [2023-10-10T06:41:13.444+0000] {dag.py:2915} INFO - Sync 1 DAGs
[2023-10-10T06:41:13.459+0000] {logging_mixin.py:151} INFO - [2023-10-10T06:41:13.459+0000] {dag.py:3696} INFO - Setting next_dagrun for example_branch_dop_operator_v3 to 2023-10-10T06:40:00+00:00, run_after=2023-10-10T06:41:00+00:00
[2023-10-10T06:41:13.471+0000] {processor.py:179} INFO - Processing /home/airflow/.local/lib/python3.8/site-packages/airflow/example_dags/example_branch_python_dop_operator_3.py took 0.052 seconds
[2023-10-10T06:41:44.751+0000] {processor.py:157} INFO - Started process (PID=463) to work on /home/airflow/.local/lib/python3.8/site-packages/airflow/example_dags/example_branch_python_dop_operator_3.py
[2023-10-10T06:41:44.752+0000] {processor.py:829} INFO - Processing file /home/airflow/.local/lib/python3.8/site-packages/airflow/example_dags/example_branch_python_dop_operator_3.py for tasks to queue
[2023-10-10T06:41:44.753+0000] {logging_mixin.py:151} INFO - [2023-10-10T06:41:44.753+0000] {dagbag.py:539} INFO - Filling up the DagBag from /home/airflow/.local/lib/python3.8/site-packages/airflow/example_dags/example_branch_python_dop_operator_3.py
[2023-10-10T06:41:44.759+0000] {processor.py:839} INFO - DAG(s) dict_keys(['example_branch_dop_operator_v3']) retrieved from /home/airflow/.local/lib/python3.8/site-packages/airflow/example_dags/example_branch_python_dop_operator_3.py
[2023-10-10T06:41:44.771+0000] {logging_mixin.py:151} INFO - [2023-10-10T06:41:44.771+0000] {dag.py:2915} INFO - Sync 1 DAGs
[2023-10-10T06:41:44.784+0000] {logging_mixin.py:151} INFO - [2023-10-10T06:41:44.784+0000] {dag.py:3696} INFO - Setting next_dagrun for example_branch_dop_operator_v3 to 2023-10-10T06:40:00+00:00, run_after=2023-10-10T06:41:00+00:00
[2023-10-10T06:41:44.793+0000] {processor.py:179} INFO - Processing /home/airflow/.local/lib/python3.8/site-packages/airflow/example_dags/example_branch_python_dop_operator_3.py took 0.044 seconds
[2023-10-10T06:42:15.047+0000] {processor.py:157} INFO - Started process (PID=519) to work on /home/airflow/.local/lib/python3.8/site-packages/airflow/example_dags/example_branch_python_dop_operator_3.py
[2023-10-10T06:42:15.048+0000] {processor.py:829} INFO - Processing file /home/airflow/.local/lib/python3.8/site-packages/airflow/example_dags/example_branch_python_dop_operator_3.py for tasks to queue
[2023-10-10T06:42:15.050+0000] {logging_mixin.py:151} INFO - [2023-10-10T06:42:15.050+0000] {dagbag.py:539} INFO - Filling up the DagBag from /home/airflow/.local/lib/python3.8/site-packages/airflow/example_dags/example_branch_python_dop_operator_3.py
[2023-10-10T06:42:15.056+0000] {processor.py:839} INFO - DAG(s) dict_keys(['example_branch_dop_operator_v3']) retrieved from /home/airflow/.local/lib/python3.8/site-packages/airflow/example_dags/example_branch_python_dop_operator_3.py
[2023-10-10T06:42:15.069+0000] {logging_mixin.py:151} INFO - [2023-10-10T06:42:15.069+0000] {dag.py:2915} INFO - Sync 1 DAGs
[2023-10-10T06:42:15.084+0000] {logging_mixin.py:151} INFO - [2023-10-10T06:42:15.084+0000] {dag.py:3696} INFO - Setting next_dagrun for example_branch_dop_operator_v3 to 2023-10-10T06:41:00+00:00, run_after=2023-10-10T06:42:00+00:00
[2023-10-10T06:42:15.095+0000] {processor.py:179} INFO - Processing /home/airflow/.local/lib/python3.8/site-packages/airflow/example_dags/example_branch_python_dop_operator_3.py took 0.050 seconds
[2023-10-10T06:42:45.297+0000] {processor.py:157} INFO - Started process (PID=575) to work on /home/airflow/.local/lib/python3.8/site-packages/airflow/example_dags/example_branch_python_dop_operator_3.py
[2023-10-10T06:42:45.298+0000] {processor.py:829} INFO - Processing file /home/airflow/.local/lib/python3.8/site-packages/airflow/example_dags/example_branch_python_dop_operator_3.py for tasks to queue
[2023-10-10T06:42:45.299+0000] {logging_mixin.py:151} INFO - [2023-10-10T06:42:45.299+0000] {dagbag.py:539} INFO - Filling up the DagBag from /home/airflow/.local/lib/python3.8/site-packages/airflow/example_dags/example_branch_python_dop_operator_3.py
[2023-10-10T06:42:45.305+0000] {processor.py:839} INFO - DAG(s) dict_keys(['example_branch_dop_operator_v3']) retrieved from /home/airflow/.local/lib/python3.8/site-packages/airflow/example_dags/example_branch_python_dop_operator_3.py
[2023-10-10T06:42:45.317+0000] {logging_mixin.py:151} INFO - [2023-10-10T06:42:45.317+0000] {dag.py:2915} INFO - Sync 1 DAGs
[2023-10-10T06:42:45.330+0000] {logging_mixin.py:151} INFO - [2023-10-10T06:42:45.330+0000] {dag.py:3696} INFO - Setting next_dagrun for example_branch_dop_operator_v3 to 2023-10-10T06:41:00+00:00, run_after=2023-10-10T06:42:00+00:00
[2023-10-10T06:42:45.340+0000] {processor.py:179} INFO - Processing /home/airflow/.local/lib/python3.8/site-packages/airflow/example_dags/example_branch_python_dop_operator_3.py took 0.045 seconds
[2023-10-10T06:43:15.793+0000] {processor.py:157} INFO - Started process (PID=631) to work on /home/airflow/.local/lib/python3.8/site-packages/airflow/example_dags/example_branch_python_dop_operator_3.py
[2023-10-10T06:43:15.793+0000] {processor.py:829} INFO - Processing file /home/airflow/.local/lib/python3.8/site-packages/airflow/example_dags/example_branch_python_dop_operator_3.py for tasks to queue
[2023-10-10T06:43:15.795+0000] {logging_mixin.py:151} INFO - [2023-10-10T06:43:15.795+0000] {dagbag.py:539} INFO - Filling up the DagBag from /home/airflow/.local/lib/python3.8/site-packages/airflow/example_dags/example_branch_python_dop_operator_3.py
[2023-10-10T06:43:15.801+0000] {processor.py:839} INFO - DAG(s) dict_keys(['example_branch_dop_operator_v3']) retrieved from /home/airflow/.local/lib/python3.8/site-packages/airflow/example_dags/example_branch_python_dop_operator_3.py
[2023-10-10T06:43:15.814+0000] {logging_mixin.py:151} INFO - [2023-10-10T06:43:15.814+0000] {dag.py:2915} INFO - Sync 1 DAGs
[2023-10-10T06:43:15.827+0000] {logging_mixin.py:151} INFO - [2023-10-10T06:43:15.827+0000] {dag.py:3696} INFO - Setting next_dagrun for example_branch_dop_operator_v3 to 2023-10-10T06:42:00+00:00, run_after=2023-10-10T06:43:00+00:00
[2023-10-10T06:43:15.837+0000] {processor.py:179} INFO - Processing /home/airflow/.local/lib/python3.8/site-packages/airflow/example_dags/example_branch_python_dop_operator_3.py took 0.047 seconds
[2023-10-10T06:46:50.163+0000] {processor.py:157} INFO - Started process (PID=72) to work on /home/airflow/.local/lib/python3.8/site-packages/airflow/example_dags/example_branch_python_dop_operator_3.py
[2023-10-10T06:46:50.165+0000] {processor.py:829} INFO - Processing file /home/airflow/.local/lib/python3.8/site-packages/airflow/example_dags/example_branch_python_dop_operator_3.py for tasks to queue
[2023-10-10T06:46:50.167+0000] {logging_mixin.py:151} INFO - [2023-10-10T06:46:50.166+0000] {dagbag.py:539} INFO - Filling up the DagBag from /home/airflow/.local/lib/python3.8/site-packages/airflow/example_dags/example_branch_python_dop_operator_3.py
[2023-10-10T06:46:50.176+0000] {processor.py:839} INFO - DAG(s) dict_keys(['example_branch_dop_operator_v3']) retrieved from /home/airflow/.local/lib/python3.8/site-packages/airflow/example_dags/example_branch_python_dop_operator_3.py
[2023-10-10T06:46:50.190+0000] {logging_mixin.py:151} INFO - [2023-10-10T06:46:50.190+0000] {dag.py:2915} INFO - Sync 1 DAGs
[2023-10-10T06:46:50.211+0000] {logging_mixin.py:151} INFO - [2023-10-10T06:46:50.211+0000] {dag.py:3696} INFO - Setting next_dagrun for example_branch_dop_operator_v3 to 2023-10-10T06:45:00+00:00, run_after=2023-10-10T06:46:00+00:00
[2023-10-10T06:46:50.224+0000] {processor.py:179} INFO - Processing /home/airflow/.local/lib/python3.8/site-packages/airflow/example_dags/example_branch_python_dop_operator_3.py took 0.063 seconds
[2023-10-10T06:47:20.485+0000] {processor.py:157} INFO - Started process (PID=128) to work on /home/airflow/.local/lib/python3.8/site-packages/airflow/example_dags/example_branch_python_dop_operator_3.py
[2023-10-10T06:47:20.486+0000] {processor.py:829} INFO - Processing file /home/airflow/.local/lib/python3.8/site-packages/airflow/example_dags/example_branch_python_dop_operator_3.py for tasks to queue
[2023-10-10T06:47:20.488+0000] {logging_mixin.py:151} INFO - [2023-10-10T06:47:20.488+0000] {dagbag.py:539} INFO - Filling up the DagBag from /home/airflow/.local/lib/python3.8/site-packages/airflow/example_dags/example_branch_python_dop_operator_3.py
[2023-10-10T06:47:20.493+0000] {processor.py:839} INFO - DAG(s) dict_keys(['example_branch_dop_operator_v3']) retrieved from /home/airflow/.local/lib/python3.8/site-packages/airflow/example_dags/example_branch_python_dop_operator_3.py
[2023-10-10T06:47:20.506+0000] {logging_mixin.py:151} INFO - [2023-10-10T06:47:20.506+0000] {dag.py:2915} INFO - Sync 1 DAGs
[2023-10-10T06:47:20.520+0000] {logging_mixin.py:151} INFO - [2023-10-10T06:47:20.520+0000] {dag.py:3696} INFO - Setting next_dagrun for example_branch_dop_operator_v3 to 2023-10-10T06:46:00+00:00, run_after=2023-10-10T06:47:00+00:00
[2023-10-10T06:47:20.530+0000] {processor.py:179} INFO - Processing /home/airflow/.local/lib/python3.8/site-packages/airflow/example_dags/example_branch_python_dop_operator_3.py took 0.048 seconds
[2023-10-10T06:47:50.571+0000] {processor.py:157} INFO - Started process (PID=184) to work on /home/airflow/.local/lib/python3.8/site-packages/airflow/example_dags/example_branch_python_dop_operator_3.py
[2023-10-10T06:47:50.572+0000] {processor.py:829} INFO - Processing file /home/airflow/.local/lib/python3.8/site-packages/airflow/example_dags/example_branch_python_dop_operator_3.py for tasks to queue
[2023-10-10T06:47:50.575+0000] {logging_mixin.py:151} INFO - [2023-10-10T06:47:50.575+0000] {dagbag.py:539} INFO - Filling up the DagBag from /home/airflow/.local/lib/python3.8/site-packages/airflow/example_dags/example_branch_python_dop_operator_3.py
[2023-10-10T06:47:50.580+0000] {processor.py:839} INFO - DAG(s) dict_keys(['example_branch_dop_operator_v3']) retrieved from /home/airflow/.local/lib/python3.8/site-packages/airflow/example_dags/example_branch_python_dop_operator_3.py
[2023-10-10T06:47:50.593+0000] {logging_mixin.py:151} INFO - [2023-10-10T06:47:50.593+0000] {dag.py:2915} INFO - Sync 1 DAGs
[2023-10-10T06:47:50.606+0000] {logging_mixin.py:151} INFO - [2023-10-10T06:47:50.606+0000] {dag.py:3696} INFO - Setting next_dagrun for example_branch_dop_operator_v3 to 2023-10-10T06:46:00+00:00, run_after=2023-10-10T06:47:00+00:00
[2023-10-10T06:47:50.616+0000] {processor.py:179} INFO - Processing /home/airflow/.local/lib/python3.8/site-packages/airflow/example_dags/example_branch_python_dop_operator_3.py took 0.047 seconds
[2023-10-10T06:48:20.936+0000] {processor.py:157} INFO - Started process (PID=240) to work on /home/airflow/.local/lib/python3.8/site-packages/airflow/example_dags/example_branch_python_dop_operator_3.py
[2023-10-10T06:48:20.937+0000] {processor.py:829} INFO - Processing file /home/airflow/.local/lib/python3.8/site-packages/airflow/example_dags/example_branch_python_dop_operator_3.py for tasks to queue
[2023-10-10T06:48:20.939+0000] {logging_mixin.py:151} INFO - [2023-10-10T06:48:20.939+0000] {dagbag.py:539} INFO - Filling up the DagBag from /home/airflow/.local/lib/python3.8/site-packages/airflow/example_dags/example_branch_python_dop_operator_3.py
[2023-10-10T06:48:20.944+0000] {processor.py:839} INFO - DAG(s) dict_keys(['example_branch_dop_operator_v3']) retrieved from /home/airflow/.local/lib/python3.8/site-packages/airflow/example_dags/example_branch_python_dop_operator_3.py
[2023-10-10T06:48:20.957+0000] {logging_mixin.py:151} INFO - [2023-10-10T06:48:20.957+0000] {dag.py:2915} INFO - Sync 1 DAGs
[2023-10-10T06:48:20.969+0000] {logging_mixin.py:151} INFO - [2023-10-10T06:48:20.969+0000] {dag.py:3696} INFO - Setting next_dagrun for example_branch_dop_operator_v3 to 2023-10-10T06:47:00+00:00, run_after=2023-10-10T06:48:00+00:00
[2023-10-10T06:48:20.978+0000] {processor.py:179} INFO - Processing /home/airflow/.local/lib/python3.8/site-packages/airflow/example_dags/example_branch_python_dop_operator_3.py took 0.044 seconds
[2023-10-10T06:48:51.066+0000] {processor.py:157} INFO - Started process (PID=296) to work on /home/airflow/.local/lib/python3.8/site-packages/airflow/example_dags/example_branch_python_dop_operator_3.py
[2023-10-10T06:48:51.067+0000] {processor.py:829} INFO - Processing file /home/airflow/.local/lib/python3.8/site-packages/airflow/example_dags/example_branch_python_dop_operator_3.py for tasks to queue
[2023-10-10T06:48:51.068+0000] {logging_mixin.py:151} INFO - [2023-10-10T06:48:51.068+0000] {dagbag.py:539} INFO - Filling up the DagBag from /home/airflow/.local/lib/python3.8/site-packages/airflow/example_dags/example_branch_python_dop_operator_3.py
[2023-10-10T06:48:51.074+0000] {processor.py:839} INFO - DAG(s) dict_keys(['example_branch_dop_operator_v3']) retrieved from /home/airflow/.local/lib/python3.8/site-packages/airflow/example_dags/example_branch_python_dop_operator_3.py
[2023-10-10T06:48:51.087+0000] {logging_mixin.py:151} INFO - [2023-10-10T06:48:51.087+0000] {dag.py:2915} INFO - Sync 1 DAGs
[2023-10-10T06:48:51.100+0000] {logging_mixin.py:151} INFO - [2023-10-10T06:48:51.100+0000] {dag.py:3696} INFO - Setting next_dagrun for example_branch_dop_operator_v3 to 2023-10-10T06:47:00+00:00, run_after=2023-10-10T06:48:00+00:00
[2023-10-10T06:48:51.110+0000] {processor.py:179} INFO - Processing /home/airflow/.local/lib/python3.8/site-packages/airflow/example_dags/example_branch_python_dop_operator_3.py took 0.046 seconds
[2023-10-10T06:49:21.343+0000] {processor.py:157} INFO - Started process (PID=352) to work on /home/airflow/.local/lib/python3.8/site-packages/airflow/example_dags/example_branch_python_dop_operator_3.py
[2023-10-10T06:49:21.344+0000] {processor.py:829} INFO - Processing file /home/airflow/.local/lib/python3.8/site-packages/airflow/example_dags/example_branch_python_dop_operator_3.py for tasks to queue
[2023-10-10T06:49:21.345+0000] {logging_mixin.py:151} INFO - [2023-10-10T06:49:21.345+0000] {dagbag.py:539} INFO - Filling up the DagBag from /home/airflow/.local/lib/python3.8/site-packages/airflow/example_dags/example_branch_python_dop_operator_3.py
[2023-10-10T06:49:21.351+0000] {processor.py:839} INFO - DAG(s) dict_keys(['example_branch_dop_operator_v3']) retrieved from /home/airflow/.local/lib/python3.8/site-packages/airflow/example_dags/example_branch_python_dop_operator_3.py
[2023-10-10T06:49:21.365+0000] {logging_mixin.py:151} INFO - [2023-10-10T06:49:21.365+0000] {dag.py:2915} INFO - Sync 1 DAGs
[2023-10-10T06:49:21.381+0000] {logging_mixin.py:151} INFO - [2023-10-10T06:49:21.380+0000] {dag.py:3696} INFO - Setting next_dagrun for example_branch_dop_operator_v3 to 2023-10-10T06:48:00+00:00, run_after=2023-10-10T06:49:00+00:00
[2023-10-10T06:49:21.391+0000] {processor.py:179} INFO - Processing /home/airflow/.local/lib/python3.8/site-packages/airflow/example_dags/example_branch_python_dop_operator_3.py took 0.051 seconds
[2023-10-10T06:49:52.541+0000] {processor.py:157} INFO - Started process (PID=408) to work on /home/airflow/.local/lib/python3.8/site-packages/airflow/example_dags/example_branch_python_dop_operator_3.py
[2023-10-10T06:49:52.542+0000] {processor.py:829} INFO - Processing file /home/airflow/.local/lib/python3.8/site-packages/airflow/example_dags/example_branch_python_dop_operator_3.py for tasks to queue
[2023-10-10T06:49:52.543+0000] {logging_mixin.py:151} INFO - [2023-10-10T06:49:52.543+0000] {dagbag.py:539} INFO - Filling up the DagBag from /home/airflow/.local/lib/python3.8/site-packages/airflow/example_dags/example_branch_python_dop_operator_3.py
[2023-10-10T06:49:52.549+0000] {processor.py:839} INFO - DAG(s) dict_keys(['example_branch_dop_operator_v3']) retrieved from /home/airflow/.local/lib/python3.8/site-packages/airflow/example_dags/example_branch_python_dop_operator_3.py
[2023-10-10T06:49:52.561+0000] {logging_mixin.py:151} INFO - [2023-10-10T06:49:52.561+0000] {dag.py:2915} INFO - Sync 1 DAGs
[2023-10-10T06:49:52.575+0000] {logging_mixin.py:151} INFO - [2023-10-10T06:49:52.575+0000] {dag.py:3696} INFO - Setting next_dagrun for example_branch_dop_operator_v3 to 2023-10-10T06:48:00+00:00, run_after=2023-10-10T06:49:00+00:00
[2023-10-10T06:49:52.589+0000] {processor.py:179} INFO - Processing /home/airflow/.local/lib/python3.8/site-packages/airflow/example_dags/example_branch_python_dop_operator_3.py took 0.050 seconds
[2023-10-10T06:50:23.653+0000] {processor.py:157} INFO - Started process (PID=464) to work on /home/airflow/.local/lib/python3.8/site-packages/airflow/example_dags/example_branch_python_dop_operator_3.py
[2023-10-10T06:50:23.654+0000] {processor.py:829} INFO - Processing file /home/airflow/.local/lib/python3.8/site-packages/airflow/example_dags/example_branch_python_dop_operator_3.py for tasks to queue
[2023-10-10T06:50:23.656+0000] {logging_mixin.py:151} INFO - [2023-10-10T06:50:23.656+0000] {dagbag.py:539} INFO - Filling up the DagBag from /home/airflow/.local/lib/python3.8/site-packages/airflow/example_dags/example_branch_python_dop_operator_3.py
[2023-10-10T06:50:23.663+0000] {processor.py:839} INFO - DAG(s) dict_keys(['example_branch_dop_operator_v3']) retrieved from /home/airflow/.local/lib/python3.8/site-packages/airflow/example_dags/example_branch_python_dop_operator_3.py
[2023-10-10T06:50:23.677+0000] {logging_mixin.py:151} INFO - [2023-10-10T06:50:23.677+0000] {dag.py:2915} INFO - Sync 1 DAGs
[2023-10-10T06:50:23.692+0000] {logging_mixin.py:151} INFO - [2023-10-10T06:50:23.692+0000] {dag.py:3696} INFO - Setting next_dagrun for example_branch_dop_operator_v3 to 2023-10-10T06:49:00+00:00, run_after=2023-10-10T06:50:00+00:00
[2023-10-10T06:50:23.702+0000] {processor.py:179} INFO - Processing /home/airflow/.local/lib/python3.8/site-packages/airflow/example_dags/example_branch_python_dop_operator_3.py took 0.051 seconds
[2023-10-10T06:50:53.940+0000] {processor.py:157} INFO - Started process (PID=520) to work on /home/airflow/.local/lib/python3.8/site-packages/airflow/example_dags/example_branch_python_dop_operator_3.py
[2023-10-10T06:50:53.941+0000] {processor.py:829} INFO - Processing file /home/airflow/.local/lib/python3.8/site-packages/airflow/example_dags/example_branch_python_dop_operator_3.py for tasks to queue
[2023-10-10T06:50:53.944+0000] {logging_mixin.py:151} INFO - [2023-10-10T06:50:53.944+0000] {dagbag.py:539} INFO - Filling up the DagBag from /home/airflow/.local/lib/python3.8/site-packages/airflow/example_dags/example_branch_python_dop_operator_3.py
[2023-10-10T06:50:53.951+0000] {processor.py:839} INFO - DAG(s) dict_keys(['example_branch_dop_operator_v3']) retrieved from /home/airflow/.local/lib/python3.8/site-packages/airflow/example_dags/example_branch_python_dop_operator_3.py
[2023-10-10T06:50:53.966+0000] {logging_mixin.py:151} INFO - [2023-10-10T06:50:53.966+0000] {dag.py:2915} INFO - Sync 1 DAGs
[2023-10-10T06:50:53.983+0000] {logging_mixin.py:151} INFO - [2023-10-10T06:50:53.983+0000] {dag.py:3696} INFO - Setting next_dagrun for example_branch_dop_operator_v3 to 2023-10-10T06:49:00+00:00, run_after=2023-10-10T06:50:00+00:00
[2023-10-10T06:50:54.002+0000] {processor.py:179} INFO - Processing /home/airflow/.local/lib/python3.8/site-packages/airflow/example_dags/example_branch_python_dop_operator_3.py took 0.065 seconds
[2023-10-10T06:51:24.295+0000] {processor.py:157} INFO - Started process (PID=576) to work on /home/airflow/.local/lib/python3.8/site-packages/airflow/example_dags/example_branch_python_dop_operator_3.py
[2023-10-10T06:51:24.296+0000] {processor.py:829} INFO - Processing file /home/airflow/.local/lib/python3.8/site-packages/airflow/example_dags/example_branch_python_dop_operator_3.py for tasks to queue
[2023-10-10T06:51:24.297+0000] {logging_mixin.py:151} INFO - [2023-10-10T06:51:24.297+0000] {dagbag.py:539} INFO - Filling up the DagBag from /home/airflow/.local/lib/python3.8/site-packages/airflow/example_dags/example_branch_python_dop_operator_3.py
[2023-10-10T06:51:24.303+0000] {processor.py:839} INFO - DAG(s) dict_keys(['example_branch_dop_operator_v3']) retrieved from /home/airflow/.local/lib/python3.8/site-packages/airflow/example_dags/example_branch_python_dop_operator_3.py
[2023-10-10T06:51:24.315+0000] {logging_mixin.py:151} INFO - [2023-10-10T06:51:24.315+0000] {dag.py:2915} INFO - Sync 1 DAGs
[2023-10-10T06:51:24.329+0000] {logging_mixin.py:151} INFO - [2023-10-10T06:51:24.329+0000] {dag.py:3696} INFO - Setting next_dagrun for example_branch_dop_operator_v3 to 2023-10-10T06:50:00+00:00, run_after=2023-10-10T06:51:00+00:00
[2023-10-10T06:51:24.341+0000] {processor.py:179} INFO - Processing /home/airflow/.local/lib/python3.8/site-packages/airflow/example_dags/example_branch_python_dop_operator_3.py took 0.048 seconds
[2023-10-10T06:51:54.640+0000] {processor.py:157} INFO - Started process (PID=632) to work on /home/airflow/.local/lib/python3.8/site-packages/airflow/example_dags/example_branch_python_dop_operator_3.py
[2023-10-10T06:51:54.641+0000] {processor.py:829} INFO - Processing file /home/airflow/.local/lib/python3.8/site-packages/airflow/example_dags/example_branch_python_dop_operator_3.py for tasks to queue
[2023-10-10T06:51:54.646+0000] {logging_mixin.py:151} INFO - [2023-10-10T06:51:54.645+0000] {dagbag.py:539} INFO - Filling up the DagBag from /home/airflow/.local/lib/python3.8/site-packages/airflow/example_dags/example_branch_python_dop_operator_3.py
[2023-10-10T06:51:54.658+0000] {processor.py:839} INFO - DAG(s) dict_keys(['example_branch_dop_operator_v3']) retrieved from /home/airflow/.local/lib/python3.8/site-packages/airflow/example_dags/example_branch_python_dop_operator_3.py
[2023-10-10T06:51:54.674+0000] {logging_mixin.py:151} INFO - [2023-10-10T06:51:54.674+0000] {dag.py:2915} INFO - Sync 1 DAGs
[2023-10-10T06:51:54.688+0000] {logging_mixin.py:151} INFO - [2023-10-10T06:51:54.688+0000] {dag.py:3696} INFO - Setting next_dagrun for example_branch_dop_operator_v3 to 2023-10-10T06:50:00+00:00, run_after=2023-10-10T06:51:00+00:00
[2023-10-10T06:51:54.701+0000] {processor.py:179} INFO - Processing /home/airflow/.local/lib/python3.8/site-packages/airflow/example_dags/example_branch_python_dop_operator_3.py took 0.063 seconds
[2023-10-10T06:52:24.856+0000] {processor.py:157} INFO - Started process (PID=688) to work on /home/airflow/.local/lib/python3.8/site-packages/airflow/example_dags/example_branch_python_dop_operator_3.py
[2023-10-10T06:52:24.858+0000] {processor.py:829} INFO - Processing file /home/airflow/.local/lib/python3.8/site-packages/airflow/example_dags/example_branch_python_dop_operator_3.py for tasks to queue
[2023-10-10T06:52:24.859+0000] {logging_mixin.py:151} INFO - [2023-10-10T06:52:24.859+0000] {dagbag.py:539} INFO - Filling up the DagBag from /home/airflow/.local/lib/python3.8/site-packages/airflow/example_dags/example_branch_python_dop_operator_3.py
[2023-10-10T06:52:24.865+0000] {processor.py:839} INFO - DAG(s) dict_keys(['example_branch_dop_operator_v3']) retrieved from /home/airflow/.local/lib/python3.8/site-packages/airflow/example_dags/example_branch_python_dop_operator_3.py
[2023-10-10T06:52:24.879+0000] {logging_mixin.py:151} INFO - [2023-10-10T06:52:24.879+0000] {dag.py:2915} INFO - Sync 1 DAGs
[2023-10-10T06:52:24.893+0000] {logging_mixin.py:151} INFO - [2023-10-10T06:52:24.893+0000] {dag.py:3696} INFO - Setting next_dagrun for example_branch_dop_operator_v3 to 2023-10-10T06:51:00+00:00, run_after=2023-10-10T06:52:00+00:00
[2023-10-10T06:52:24.906+0000] {processor.py:179} INFO - Processing /home/airflow/.local/lib/python3.8/site-packages/airflow/example_dags/example_branch_python_dop_operator_3.py took 0.052 seconds
[2023-10-10T06:52:55.135+0000] {processor.py:157} INFO - Started process (PID=744) to work on /home/airflow/.local/lib/python3.8/site-packages/airflow/example_dags/example_branch_python_dop_operator_3.py
[2023-10-10T06:52:55.136+0000] {processor.py:829} INFO - Processing file /home/airflow/.local/lib/python3.8/site-packages/airflow/example_dags/example_branch_python_dop_operator_3.py for tasks to queue
[2023-10-10T06:52:55.139+0000] {logging_mixin.py:151} INFO - [2023-10-10T06:52:55.138+0000] {dagbag.py:539} INFO - Filling up the DagBag from /home/airflow/.local/lib/python3.8/site-packages/airflow/example_dags/example_branch_python_dop_operator_3.py
[2023-10-10T06:52:55.146+0000] {processor.py:839} INFO - DAG(s) dict_keys(['example_branch_dop_operator_v3']) retrieved from /home/airflow/.local/lib/python3.8/site-packages/airflow/example_dags/example_branch_python_dop_operator_3.py
[2023-10-10T06:52:55.165+0000] {logging_mixin.py:151} INFO - [2023-10-10T06:52:55.165+0000] {dag.py:2915} INFO - Sync 1 DAGs
[2023-10-10T06:52:55.186+0000] {logging_mixin.py:151} INFO - [2023-10-10T06:52:55.186+0000] {dag.py:3696} INFO - Setting next_dagrun for example_branch_dop_operator_v3 to 2023-10-10T06:51:00+00:00, run_after=2023-10-10T06:52:00+00:00
[2023-10-10T06:52:55.226+0000] {processor.py:179} INFO - Processing /home/airflow/.local/lib/python3.8/site-packages/airflow/example_dags/example_branch_python_dop_operator_3.py took 0.093 seconds
[2023-10-10T06:53:25.365+0000] {processor.py:157} INFO - Started process (PID=800) to work on /home/airflow/.local/lib/python3.8/site-packages/airflow/example_dags/example_branch_python_dop_operator_3.py
[2023-10-10T06:53:25.366+0000] {processor.py:829} INFO - Processing file /home/airflow/.local/lib/python3.8/site-packages/airflow/example_dags/example_branch_python_dop_operator_3.py for tasks to queue
[2023-10-10T06:53:25.368+0000] {logging_mixin.py:151} INFO - [2023-10-10T06:53:25.368+0000] {dagbag.py:539} INFO - Filling up the DagBag from /home/airflow/.local/lib/python3.8/site-packages/airflow/example_dags/example_branch_python_dop_operator_3.py
[2023-10-10T06:53:25.373+0000] {processor.py:839} INFO - DAG(s) dict_keys(['example_branch_dop_operator_v3']) retrieved from /home/airflow/.local/lib/python3.8/site-packages/airflow/example_dags/example_branch_python_dop_operator_3.py
[2023-10-10T06:53:25.386+0000] {logging_mixin.py:151} INFO - [2023-10-10T06:53:25.386+0000] {dag.py:2915} INFO - Sync 1 DAGs
[2023-10-10T06:53:25.400+0000] {logging_mixin.py:151} INFO - [2023-10-10T06:53:25.400+0000] {dag.py:3696} INFO - Setting next_dagrun for example_branch_dop_operator_v3 to 2023-10-10T06:52:00+00:00, run_after=2023-10-10T06:53:00+00:00
[2023-10-10T06:53:25.410+0000] {processor.py:179} INFO - Processing /home/airflow/.local/lib/python3.8/site-packages/airflow/example_dags/example_branch_python_dop_operator_3.py took 0.047 seconds
[2023-10-10T06:53:55.643+0000] {processor.py:157} INFO - Started process (PID=856) to work on /home/airflow/.local/lib/python3.8/site-packages/airflow/example_dags/example_branch_python_dop_operator_3.py
[2023-10-10T06:53:55.644+0000] {processor.py:829} INFO - Processing file /home/airflow/.local/lib/python3.8/site-packages/airflow/example_dags/example_branch_python_dop_operator_3.py for tasks to queue
[2023-10-10T06:53:55.646+0000] {logging_mixin.py:151} INFO - [2023-10-10T06:53:55.646+0000] {dagbag.py:539} INFO - Filling up the DagBag from /home/airflow/.local/lib/python3.8/site-packages/airflow/example_dags/example_branch_python_dop_operator_3.py
[2023-10-10T06:53:55.652+0000] {processor.py:839} INFO - DAG(s) dict_keys(['example_branch_dop_operator_v3']) retrieved from /home/airflow/.local/lib/python3.8/site-packages/airflow/example_dags/example_branch_python_dop_operator_3.py
[2023-10-10T06:53:55.665+0000] {logging_mixin.py:151} INFO - [2023-10-10T06:53:55.665+0000] {dag.py:2915} INFO - Sync 1 DAGs
[2023-10-10T06:53:55.679+0000] {logging_mixin.py:151} INFO - [2023-10-10T06:53:55.679+0000] {dag.py:3696} INFO - Setting next_dagrun for example_branch_dop_operator_v3 to 2023-10-10T06:52:00+00:00, run_after=2023-10-10T06:53:00+00:00
[2023-10-10T06:53:55.689+0000] {processor.py:179} INFO - Processing /home/airflow/.local/lib/python3.8/site-packages/airflow/example_dags/example_branch_python_dop_operator_3.py took 0.049 seconds
[2023-10-10T06:54:25.768+0000] {processor.py:157} INFO - Started process (PID=912) to work on /home/airflow/.local/lib/python3.8/site-packages/airflow/example_dags/example_branch_python_dop_operator_3.py
[2023-10-10T06:54:25.769+0000] {processor.py:829} INFO - Processing file /home/airflow/.local/lib/python3.8/site-packages/airflow/example_dags/example_branch_python_dop_operator_3.py for tasks to queue
[2023-10-10T06:54:25.771+0000] {logging_mixin.py:151} INFO - [2023-10-10T06:54:25.771+0000] {dagbag.py:539} INFO - Filling up the DagBag from /home/airflow/.local/lib/python3.8/site-packages/airflow/example_dags/example_branch_python_dop_operator_3.py
[2023-10-10T06:54:25.776+0000] {processor.py:839} INFO - DAG(s) dict_keys(['example_branch_dop_operator_v3']) retrieved from /home/airflow/.local/lib/python3.8/site-packages/airflow/example_dags/example_branch_python_dop_operator_3.py
[2023-10-10T06:54:25.790+0000] {logging_mixin.py:151} INFO - [2023-10-10T06:54:25.789+0000] {dag.py:2915} INFO - Sync 1 DAGs
[2023-10-10T06:54:25.803+0000] {logging_mixin.py:151} INFO - [2023-10-10T06:54:25.803+0000] {dag.py:3696} INFO - Setting next_dagrun for example_branch_dop_operator_v3 to 2023-10-10T06:53:00+00:00, run_after=2023-10-10T06:54:00+00:00
[2023-10-10T06:54:25.814+0000] {processor.py:179} INFO - Processing /home/airflow/.local/lib/python3.8/site-packages/airflow/example_dags/example_branch_python_dop_operator_3.py took 0.048 seconds
[2023-10-10T06:54:56.904+0000] {processor.py:157} INFO - Started process (PID=968) to work on /home/airflow/.local/lib/python3.8/site-packages/airflow/example_dags/example_branch_python_dop_operator_3.py
[2023-10-10T06:54:56.905+0000] {processor.py:829} INFO - Processing file /home/airflow/.local/lib/python3.8/site-packages/airflow/example_dags/example_branch_python_dop_operator_3.py for tasks to queue
[2023-10-10T06:54:56.907+0000] {logging_mixin.py:151} INFO - [2023-10-10T06:54:56.906+0000] {dagbag.py:539} INFO - Filling up the DagBag from /home/airflow/.local/lib/python3.8/site-packages/airflow/example_dags/example_branch_python_dop_operator_3.py
[2023-10-10T06:54:56.912+0000] {processor.py:839} INFO - DAG(s) dict_keys(['example_branch_dop_operator_v3']) retrieved from /home/airflow/.local/lib/python3.8/site-packages/airflow/example_dags/example_branch_python_dop_operator_3.py
[2023-10-10T06:54:56.925+0000] {logging_mixin.py:151} INFO - [2023-10-10T06:54:56.925+0000] {dag.py:2915} INFO - Sync 1 DAGs
[2023-10-10T06:54:56.938+0000] {logging_mixin.py:151} INFO - [2023-10-10T06:54:56.938+0000] {dag.py:3696} INFO - Setting next_dagrun for example_branch_dop_operator_v3 to 2023-10-10T06:53:00+00:00, run_after=2023-10-10T06:54:00+00:00
[2023-10-10T06:54:56.948+0000] {processor.py:179} INFO - Processing /home/airflow/.local/lib/python3.8/site-packages/airflow/example_dags/example_branch_python_dop_operator_3.py took 0.047 seconds
[2023-10-10T06:55:27.195+0000] {processor.py:157} INFO - Started process (PID=1024) to work on /home/airflow/.local/lib/python3.8/site-packages/airflow/example_dags/example_branch_python_dop_operator_3.py
[2023-10-10T06:55:27.196+0000] {processor.py:829} INFO - Processing file /home/airflow/.local/lib/python3.8/site-packages/airflow/example_dags/example_branch_python_dop_operator_3.py for tasks to queue
[2023-10-10T06:55:27.197+0000] {logging_mixin.py:151} INFO - [2023-10-10T06:55:27.197+0000] {dagbag.py:539} INFO - Filling up the DagBag from /home/airflow/.local/lib/python3.8/site-packages/airflow/example_dags/example_branch_python_dop_operator_3.py
[2023-10-10T06:55:27.203+0000] {processor.py:839} INFO - DAG(s) dict_keys(['example_branch_dop_operator_v3']) retrieved from /home/airflow/.local/lib/python3.8/site-packages/airflow/example_dags/example_branch_python_dop_operator_3.py
[2023-10-10T06:55:27.216+0000] {logging_mixin.py:151} INFO - [2023-10-10T06:55:27.216+0000] {dag.py:2915} INFO - Sync 1 DAGs
[2023-10-10T06:55:27.232+0000] {logging_mixin.py:151} INFO - [2023-10-10T06:55:27.232+0000] {dag.py:3696} INFO - Setting next_dagrun for example_branch_dop_operator_v3 to 2023-10-10T06:54:00+00:00, run_after=2023-10-10T06:55:00+00:00
[2023-10-10T06:55:27.242+0000] {processor.py:179} INFO - Processing /home/airflow/.local/lib/python3.8/site-packages/airflow/example_dags/example_branch_python_dop_operator_3.py took 0.049 seconds
[2023-10-10T06:55:57.386+0000] {processor.py:157} INFO - Started process (PID=1080) to work on /home/airflow/.local/lib/python3.8/site-packages/airflow/example_dags/example_branch_python_dop_operator_3.py
[2023-10-10T06:55:57.386+0000] {processor.py:829} INFO - Processing file /home/airflow/.local/lib/python3.8/site-packages/airflow/example_dags/example_branch_python_dop_operator_3.py for tasks to queue
[2023-10-10T06:55:57.388+0000] {logging_mixin.py:151} INFO - [2023-10-10T06:55:57.388+0000] {dagbag.py:539} INFO - Filling up the DagBag from /home/airflow/.local/lib/python3.8/site-packages/airflow/example_dags/example_branch_python_dop_operator_3.py
[2023-10-10T06:55:57.393+0000] {processor.py:839} INFO - DAG(s) dict_keys(['example_branch_dop_operator_v3']) retrieved from /home/airflow/.local/lib/python3.8/site-packages/airflow/example_dags/example_branch_python_dop_operator_3.py
[2023-10-10T06:55:57.405+0000] {logging_mixin.py:151} INFO - [2023-10-10T06:55:57.405+0000] {dag.py:2915} INFO - Sync 1 DAGs
[2023-10-10T06:55:57.418+0000] {logging_mixin.py:151} INFO - [2023-10-10T06:55:57.418+0000] {dag.py:3696} INFO - Setting next_dagrun for example_branch_dop_operator_v3 to 2023-10-10T06:54:00+00:00, run_after=2023-10-10T06:55:00+00:00
[2023-10-10T06:55:57.427+0000] {processor.py:179} INFO - Processing /home/airflow/.local/lib/python3.8/site-packages/airflow/example_dags/example_branch_python_dop_operator_3.py took 0.043 seconds
[2023-10-10T06:56:27.738+0000] {processor.py:157} INFO - Started process (PID=1136) to work on /home/airflow/.local/lib/python3.8/site-packages/airflow/example_dags/example_branch_python_dop_operator_3.py
[2023-10-10T06:56:27.739+0000] {processor.py:829} INFO - Processing file /home/airflow/.local/lib/python3.8/site-packages/airflow/example_dags/example_branch_python_dop_operator_3.py for tasks to queue
[2023-10-10T06:56:27.741+0000] {logging_mixin.py:151} INFO - [2023-10-10T06:56:27.741+0000] {dagbag.py:539} INFO - Filling up the DagBag from /home/airflow/.local/lib/python3.8/site-packages/airflow/example_dags/example_branch_python_dop_operator_3.py
[2023-10-10T06:56:27.746+0000] {processor.py:839} INFO - DAG(s) dict_keys(['example_branch_dop_operator_v3']) retrieved from /home/airflow/.local/lib/python3.8/site-packages/airflow/example_dags/example_branch_python_dop_operator_3.py
[2023-10-10T06:56:27.759+0000] {logging_mixin.py:151} INFO - [2023-10-10T06:56:27.759+0000] {dag.py:2915} INFO - Sync 1 DAGs
[2023-10-10T06:56:27.772+0000] {logging_mixin.py:151} INFO - [2023-10-10T06:56:27.772+0000] {dag.py:3696} INFO - Setting next_dagrun for example_branch_dop_operator_v3 to 2023-10-10T06:55:00+00:00, run_after=2023-10-10T06:56:00+00:00
[2023-10-10T06:56:27.783+0000] {processor.py:179} INFO - Processing /home/airflow/.local/lib/python3.8/site-packages/airflow/example_dags/example_branch_python_dop_operator_3.py took 0.047 seconds
[2023-10-10T17:17:52.770+0000] {processor.py:157} INFO - Started process (PID=72) to work on /home/airflow/.local/lib/python3.8/site-packages/airflow/example_dags/example_branch_python_dop_operator_3.py
[2023-10-10T17:17:52.771+0000] {processor.py:829} INFO - Processing file /home/airflow/.local/lib/python3.8/site-packages/airflow/example_dags/example_branch_python_dop_operator_3.py for tasks to queue
[2023-10-10T17:17:52.774+0000] {logging_mixin.py:151} INFO - [2023-10-10T17:17:52.774+0000] {dagbag.py:539} INFO - Filling up the DagBag from /home/airflow/.local/lib/python3.8/site-packages/airflow/example_dags/example_branch_python_dop_operator_3.py
[2023-10-10T17:17:52.782+0000] {processor.py:839} INFO - DAG(s) dict_keys(['example_branch_dop_operator_v3']) retrieved from /home/airflow/.local/lib/python3.8/site-packages/airflow/example_dags/example_branch_python_dop_operator_3.py
[2023-10-10T17:17:52.795+0000] {logging_mixin.py:151} INFO - [2023-10-10T17:17:52.795+0000] {dag.py:2915} INFO - Sync 1 DAGs
[2023-10-10T17:17:52.818+0000] {logging_mixin.py:151} INFO - [2023-10-10T17:17:52.818+0000] {dag.py:3696} INFO - Setting next_dagrun for example_branch_dop_operator_v3 to 2023-10-10T17:16:00+00:00, run_after=2023-10-10T17:17:00+00:00
[2023-10-10T17:17:52.831+0000] {processor.py:179} INFO - Processing /home/airflow/.local/lib/python3.8/site-packages/airflow/example_dags/example_branch_python_dop_operator_3.py took 0.065 seconds
[2023-10-10T17:18:23.517+0000] {processor.py:157} INFO - Started process (PID=128) to work on /home/airflow/.local/lib/python3.8/site-packages/airflow/example_dags/example_branch_python_dop_operator_3.py
[2023-10-10T17:18:23.518+0000] {processor.py:829} INFO - Processing file /home/airflow/.local/lib/python3.8/site-packages/airflow/example_dags/example_branch_python_dop_operator_3.py for tasks to queue
[2023-10-10T17:18:23.519+0000] {logging_mixin.py:151} INFO - [2023-10-10T17:18:23.519+0000] {dagbag.py:539} INFO - Filling up the DagBag from /home/airflow/.local/lib/python3.8/site-packages/airflow/example_dags/example_branch_python_dop_operator_3.py
[2023-10-10T17:18:23.525+0000] {processor.py:839} INFO - DAG(s) dict_keys(['example_branch_dop_operator_v3']) retrieved from /home/airflow/.local/lib/python3.8/site-packages/airflow/example_dags/example_branch_python_dop_operator_3.py
[2023-10-10T17:18:23.536+0000] {logging_mixin.py:151} INFO - [2023-10-10T17:18:23.536+0000] {dag.py:2915} INFO - Sync 1 DAGs
[2023-10-10T17:18:23.550+0000] {logging_mixin.py:151} INFO - [2023-10-10T17:18:23.550+0000] {dag.py:3696} INFO - Setting next_dagrun for example_branch_dop_operator_v3 to 2023-10-10T17:17:00+00:00, run_after=2023-10-10T17:18:00+00:00
[2023-10-10T17:18:23.559+0000] {processor.py:179} INFO - Processing /home/airflow/.local/lib/python3.8/site-packages/airflow/example_dags/example_branch_python_dop_operator_3.py took 0.044 seconds
[2023-10-10T17:18:54.440+0000] {processor.py:157} INFO - Started process (PID=184) to work on /home/airflow/.local/lib/python3.8/site-packages/airflow/example_dags/example_branch_python_dop_operator_3.py
[2023-10-10T17:18:54.441+0000] {processor.py:829} INFO - Processing file /home/airflow/.local/lib/python3.8/site-packages/airflow/example_dags/example_branch_python_dop_operator_3.py for tasks to queue
[2023-10-10T17:18:54.442+0000] {logging_mixin.py:151} INFO - [2023-10-10T17:18:54.442+0000] {dagbag.py:539} INFO - Filling up the DagBag from /home/airflow/.local/lib/python3.8/site-packages/airflow/example_dags/example_branch_python_dop_operator_3.py
[2023-10-10T17:18:54.447+0000] {processor.py:839} INFO - DAG(s) dict_keys(['example_branch_dop_operator_v3']) retrieved from /home/airflow/.local/lib/python3.8/site-packages/airflow/example_dags/example_branch_python_dop_operator_3.py
[2023-10-10T17:18:54.459+0000] {logging_mixin.py:151} INFO - [2023-10-10T17:18:54.459+0000] {dag.py:2915} INFO - Sync 1 DAGs
[2023-10-10T17:18:54.471+0000] {logging_mixin.py:151} INFO - [2023-10-10T17:18:54.471+0000] {dag.py:3696} INFO - Setting next_dagrun for example_branch_dop_operator_v3 to 2023-10-10T17:17:00+00:00, run_after=2023-10-10T17:18:00+00:00
[2023-10-10T17:18:54.481+0000] {processor.py:179} INFO - Processing /home/airflow/.local/lib/python3.8/site-packages/airflow/example_dags/example_branch_python_dop_operator_3.py took 0.044 seconds
[2023-10-10T17:19:24.850+0000] {processor.py:157} INFO - Started process (PID=240) to work on /home/airflow/.local/lib/python3.8/site-packages/airflow/example_dags/example_branch_python_dop_operator_3.py
[2023-10-10T17:19:24.851+0000] {processor.py:829} INFO - Processing file /home/airflow/.local/lib/python3.8/site-packages/airflow/example_dags/example_branch_python_dop_operator_3.py for tasks to queue
[2023-10-10T17:19:24.852+0000] {logging_mixin.py:151} INFO - [2023-10-10T17:19:24.852+0000] {dagbag.py:539} INFO - Filling up the DagBag from /home/airflow/.local/lib/python3.8/site-packages/airflow/example_dags/example_branch_python_dop_operator_3.py
[2023-10-10T17:19:24.858+0000] {processor.py:839} INFO - DAG(s) dict_keys(['example_branch_dop_operator_v3']) retrieved from /home/airflow/.local/lib/python3.8/site-packages/airflow/example_dags/example_branch_python_dop_operator_3.py
[2023-10-10T17:19:24.870+0000] {logging_mixin.py:151} INFO - [2023-10-10T17:19:24.870+0000] {dag.py:2915} INFO - Sync 1 DAGs
[2023-10-10T17:19:24.883+0000] {logging_mixin.py:151} INFO - [2023-10-10T17:19:24.883+0000] {dag.py:3696} INFO - Setting next_dagrun for example_branch_dop_operator_v3 to 2023-10-10T17:18:00+00:00, run_after=2023-10-10T17:19:00+00:00
[2023-10-10T17:19:24.892+0000] {processor.py:179} INFO - Processing /home/airflow/.local/lib/python3.8/site-packages/airflow/example_dags/example_branch_python_dop_operator_3.py took 0.045 seconds
[2023-10-10T17:19:54.920+0000] {processor.py:157} INFO - Started process (PID=296) to work on /home/airflow/.local/lib/python3.8/site-packages/airflow/example_dags/example_branch_python_dop_operator_3.py
[2023-10-10T17:19:54.921+0000] {processor.py:829} INFO - Processing file /home/airflow/.local/lib/python3.8/site-packages/airflow/example_dags/example_branch_python_dop_operator_3.py for tasks to queue
[2023-10-10T17:19:54.923+0000] {logging_mixin.py:151} INFO - [2023-10-10T17:19:54.922+0000] {dagbag.py:539} INFO - Filling up the DagBag from /home/airflow/.local/lib/python3.8/site-packages/airflow/example_dags/example_branch_python_dop_operator_3.py
[2023-10-10T17:19:54.928+0000] {processor.py:839} INFO - DAG(s) dict_keys(['example_branch_dop_operator_v3']) retrieved from /home/airflow/.local/lib/python3.8/site-packages/airflow/example_dags/example_branch_python_dop_operator_3.py
[2023-10-10T17:19:54.941+0000] {logging_mixin.py:151} INFO - [2023-10-10T17:19:54.941+0000] {dag.py:2915} INFO - Sync 1 DAGs
[2023-10-10T17:19:54.956+0000] {logging_mixin.py:151} INFO - [2023-10-10T17:19:54.955+0000] {dag.py:3696} INFO - Setting next_dagrun for example_branch_dop_operator_v3 to 2023-10-10T17:18:00+00:00, run_after=2023-10-10T17:19:00+00:00
[2023-10-10T17:19:54.967+0000] {processor.py:179} INFO - Processing /home/airflow/.local/lib/python3.8/site-packages/airflow/example_dags/example_branch_python_dop_operator_3.py took 0.049 seconds
[2023-10-10T17:20:25.888+0000] {processor.py:157} INFO - Started process (PID=352) to work on /home/airflow/.local/lib/python3.8/site-packages/airflow/example_dags/example_branch_python_dop_operator_3.py
[2023-10-10T17:20:25.889+0000] {processor.py:829} INFO - Processing file /home/airflow/.local/lib/python3.8/site-packages/airflow/example_dags/example_branch_python_dop_operator_3.py for tasks to queue
[2023-10-10T17:20:25.891+0000] {logging_mixin.py:151} INFO - [2023-10-10T17:20:25.891+0000] {dagbag.py:539} INFO - Filling up the DagBag from /home/airflow/.local/lib/python3.8/site-packages/airflow/example_dags/example_branch_python_dop_operator_3.py
[2023-10-10T17:20:25.896+0000] {processor.py:839} INFO - DAG(s) dict_keys(['example_branch_dop_operator_v3']) retrieved from /home/airflow/.local/lib/python3.8/site-packages/airflow/example_dags/example_branch_python_dop_operator_3.py
[2023-10-10T17:20:25.908+0000] {logging_mixin.py:151} INFO - [2023-10-10T17:20:25.908+0000] {dag.py:2915} INFO - Sync 1 DAGs
[2023-10-10T17:20:25.922+0000] {logging_mixin.py:151} INFO - [2023-10-10T17:20:25.922+0000] {dag.py:3696} INFO - Setting next_dagrun for example_branch_dop_operator_v3 to 2023-10-10T17:19:00+00:00, run_after=2023-10-10T17:20:00+00:00
[2023-10-10T17:20:25.931+0000] {processor.py:179} INFO - Processing /home/airflow/.local/lib/python3.8/site-packages/airflow/example_dags/example_branch_python_dop_operator_3.py took 0.045 seconds
[2023-10-10T17:20:56.110+0000] {processor.py:157} INFO - Started process (PID=408) to work on /home/airflow/.local/lib/python3.8/site-packages/airflow/example_dags/example_branch_python_dop_operator_3.py
[2023-10-10T17:20:56.111+0000] {processor.py:829} INFO - Processing file /home/airflow/.local/lib/python3.8/site-packages/airflow/example_dags/example_branch_python_dop_operator_3.py for tasks to queue
[2023-10-10T17:20:56.112+0000] {logging_mixin.py:151} INFO - [2023-10-10T17:20:56.112+0000] {dagbag.py:539} INFO - Filling up the DagBag from /home/airflow/.local/lib/python3.8/site-packages/airflow/example_dags/example_branch_python_dop_operator_3.py
[2023-10-10T17:20:56.118+0000] {processor.py:839} INFO - DAG(s) dict_keys(['example_branch_dop_operator_v3']) retrieved from /home/airflow/.local/lib/python3.8/site-packages/airflow/example_dags/example_branch_python_dop_operator_3.py
[2023-10-10T17:20:56.131+0000] {logging_mixin.py:151} INFO - [2023-10-10T17:20:56.131+0000] {dag.py:2915} INFO - Sync 1 DAGs
[2023-10-10T17:20:56.145+0000] {logging_mixin.py:151} INFO - [2023-10-10T17:20:56.145+0000] {dag.py:3696} INFO - Setting next_dagrun for example_branch_dop_operator_v3 to 2023-10-10T17:19:00+00:00, run_after=2023-10-10T17:20:00+00:00
[2023-10-10T17:20:56.156+0000] {processor.py:179} INFO - Processing /home/airflow/.local/lib/python3.8/site-packages/airflow/example_dags/example_branch_python_dop_operator_3.py took 0.048 seconds
[2023-10-10T17:21:26.268+0000] {processor.py:157} INFO - Started process (PID=464) to work on /home/airflow/.local/lib/python3.8/site-packages/airflow/example_dags/example_branch_python_dop_operator_3.py
[2023-10-10T17:21:26.269+0000] {processor.py:829} INFO - Processing file /home/airflow/.local/lib/python3.8/site-packages/airflow/example_dags/example_branch_python_dop_operator_3.py for tasks to queue
[2023-10-10T17:21:26.270+0000] {logging_mixin.py:151} INFO - [2023-10-10T17:21:26.270+0000] {dagbag.py:539} INFO - Filling up the DagBag from /home/airflow/.local/lib/python3.8/site-packages/airflow/example_dags/example_branch_python_dop_operator_3.py
[2023-10-10T17:21:26.275+0000] {processor.py:839} INFO - DAG(s) dict_keys(['example_branch_dop_operator_v3']) retrieved from /home/airflow/.local/lib/python3.8/site-packages/airflow/example_dags/example_branch_python_dop_operator_3.py
[2023-10-10T17:21:26.287+0000] {logging_mixin.py:151} INFO - [2023-10-10T17:21:26.287+0000] {dag.py:2915} INFO - Sync 1 DAGs
[2023-10-10T17:21:26.300+0000] {logging_mixin.py:151} INFO - [2023-10-10T17:21:26.300+0000] {dag.py:3696} INFO - Setting next_dagrun for example_branch_dop_operator_v3 to 2023-10-10T17:20:00+00:00, run_after=2023-10-10T17:21:00+00:00
[2023-10-10T17:21:26.311+0000] {processor.py:179} INFO - Processing /home/airflow/.local/lib/python3.8/site-packages/airflow/example_dags/example_branch_python_dop_operator_3.py took 0.045 seconds
[2023-10-10T17:21:56.521+0000] {processor.py:157} INFO - Started process (PID=520) to work on /home/airflow/.local/lib/python3.8/site-packages/airflow/example_dags/example_branch_python_dop_operator_3.py
[2023-10-10T17:21:56.522+0000] {processor.py:829} INFO - Processing file /home/airflow/.local/lib/python3.8/site-packages/airflow/example_dags/example_branch_python_dop_operator_3.py for tasks to queue
[2023-10-10T17:21:56.523+0000] {logging_mixin.py:151} INFO - [2023-10-10T17:21:56.523+0000] {dagbag.py:539} INFO - Filling up the DagBag from /home/airflow/.local/lib/python3.8/site-packages/airflow/example_dags/example_branch_python_dop_operator_3.py
[2023-10-10T17:21:56.528+0000] {processor.py:839} INFO - DAG(s) dict_keys(['example_branch_dop_operator_v3']) retrieved from /home/airflow/.local/lib/python3.8/site-packages/airflow/example_dags/example_branch_python_dop_operator_3.py
[2023-10-10T17:21:56.540+0000] {logging_mixin.py:151} INFO - [2023-10-10T17:21:56.540+0000] {dag.py:2915} INFO - Sync 1 DAGs
[2023-10-10T17:21:56.553+0000] {logging_mixin.py:151} INFO - [2023-10-10T17:21:56.553+0000] {dag.py:3696} INFO - Setting next_dagrun for example_branch_dop_operator_v3 to 2023-10-10T17:20:00+00:00, run_after=2023-10-10T17:21:00+00:00
[2023-10-10T17:21:56.562+0000] {processor.py:179} INFO - Processing /home/airflow/.local/lib/python3.8/site-packages/airflow/example_dags/example_branch_python_dop_operator_3.py took 0.043 seconds
[2023-10-10T17:22:27.604+0000] {processor.py:157} INFO - Started process (PID=576) to work on /home/airflow/.local/lib/python3.8/site-packages/airflow/example_dags/example_branch_python_dop_operator_3.py
[2023-10-10T17:22:27.605+0000] {processor.py:829} INFO - Processing file /home/airflow/.local/lib/python3.8/site-packages/airflow/example_dags/example_branch_python_dop_operator_3.py for tasks to queue
[2023-10-10T17:22:27.607+0000] {logging_mixin.py:151} INFO - [2023-10-10T17:22:27.607+0000] {dagbag.py:539} INFO - Filling up the DagBag from /home/airflow/.local/lib/python3.8/site-packages/airflow/example_dags/example_branch_python_dop_operator_3.py
[2023-10-10T17:22:27.612+0000] {processor.py:839} INFO - DAG(s) dict_keys(['example_branch_dop_operator_v3']) retrieved from /home/airflow/.local/lib/python3.8/site-packages/airflow/example_dags/example_branch_python_dop_operator_3.py
[2023-10-10T17:22:27.625+0000] {logging_mixin.py:151} INFO - [2023-10-10T17:22:27.624+0000] {dag.py:2915} INFO - Sync 1 DAGs
[2023-10-10T17:22:27.640+0000] {logging_mixin.py:151} INFO - [2023-10-10T17:22:27.640+0000] {dag.py:3696} INFO - Setting next_dagrun for example_branch_dop_operator_v3 to 2023-10-10T17:21:00+00:00, run_after=2023-10-10T17:22:00+00:00
[2023-10-10T17:22:27.650+0000] {processor.py:179} INFO - Processing /home/airflow/.local/lib/python3.8/site-packages/airflow/example_dags/example_branch_python_dop_operator_3.py took 0.048 seconds
[2023-10-10T17:22:57.864+0000] {processor.py:157} INFO - Started process (PID=632) to work on /home/airflow/.local/lib/python3.8/site-packages/airflow/example_dags/example_branch_python_dop_operator_3.py
[2023-10-10T17:22:57.865+0000] {processor.py:829} INFO - Processing file /home/airflow/.local/lib/python3.8/site-packages/airflow/example_dags/example_branch_python_dop_operator_3.py for tasks to queue
[2023-10-10T17:22:57.867+0000] {logging_mixin.py:151} INFO - [2023-10-10T17:22:57.867+0000] {dagbag.py:539} INFO - Filling up the DagBag from /home/airflow/.local/lib/python3.8/site-packages/airflow/example_dags/example_branch_python_dop_operator_3.py
[2023-10-10T17:22:57.872+0000] {processor.py:839} INFO - DAG(s) dict_keys(['example_branch_dop_operator_v3']) retrieved from /home/airflow/.local/lib/python3.8/site-packages/airflow/example_dags/example_branch_python_dop_operator_3.py
[2023-10-10T17:22:57.884+0000] {logging_mixin.py:151} INFO - [2023-10-10T17:22:57.884+0000] {dag.py:2915} INFO - Sync 1 DAGs
[2023-10-10T17:22:57.898+0000] {logging_mixin.py:151} INFO - [2023-10-10T17:22:57.898+0000] {dag.py:3696} INFO - Setting next_dagrun for example_branch_dop_operator_v3 to 2023-10-10T17:21:00+00:00, run_after=2023-10-10T17:22:00+00:00
[2023-10-10T17:22:57.907+0000] {processor.py:179} INFO - Processing /home/airflow/.local/lib/python3.8/site-packages/airflow/example_dags/example_branch_python_dop_operator_3.py took 0.045 seconds
[2023-10-10T17:23:28.755+0000] {processor.py:157} INFO - Started process (PID=688) to work on /home/airflow/.local/lib/python3.8/site-packages/airflow/example_dags/example_branch_python_dop_operator_3.py
[2023-10-10T17:23:28.756+0000] {processor.py:829} INFO - Processing file /home/airflow/.local/lib/python3.8/site-packages/airflow/example_dags/example_branch_python_dop_operator_3.py for tasks to queue
[2023-10-10T17:23:28.758+0000] {logging_mixin.py:151} INFO - [2023-10-10T17:23:28.757+0000] {dagbag.py:539} INFO - Filling up the DagBag from /home/airflow/.local/lib/python3.8/site-packages/airflow/example_dags/example_branch_python_dop_operator_3.py
[2023-10-10T17:23:28.763+0000] {processor.py:839} INFO - DAG(s) dict_keys(['example_branch_dop_operator_v3']) retrieved from /home/airflow/.local/lib/python3.8/site-packages/airflow/example_dags/example_branch_python_dop_operator_3.py
[2023-10-10T17:23:28.776+0000] {logging_mixin.py:151} INFO - [2023-10-10T17:23:28.775+0000] {dag.py:2915} INFO - Sync 1 DAGs
[2023-10-10T17:23:28.789+0000] {logging_mixin.py:151} INFO - [2023-10-10T17:23:28.789+0000] {dag.py:3696} INFO - Setting next_dagrun for example_branch_dop_operator_v3 to 2023-10-10T17:22:00+00:00, run_after=2023-10-10T17:23:00+00:00
[2023-10-10T17:23:28.800+0000] {processor.py:179} INFO - Processing /home/airflow/.local/lib/python3.8/site-packages/airflow/example_dags/example_branch_python_dop_operator_3.py took 0.047 seconds
[2023-10-10T17:23:59.109+0000] {processor.py:157} INFO - Started process (PID=744) to work on /home/airflow/.local/lib/python3.8/site-packages/airflow/example_dags/example_branch_python_dop_operator_3.py
[2023-10-10T17:23:59.110+0000] {processor.py:829} INFO - Processing file /home/airflow/.local/lib/python3.8/site-packages/airflow/example_dags/example_branch_python_dop_operator_3.py for tasks to queue
[2023-10-10T17:23:59.111+0000] {logging_mixin.py:151} INFO - [2023-10-10T17:23:59.111+0000] {dagbag.py:539} INFO - Filling up the DagBag from /home/airflow/.local/lib/python3.8/site-packages/airflow/example_dags/example_branch_python_dop_operator_3.py
[2023-10-10T17:23:59.116+0000] {processor.py:839} INFO - DAG(s) dict_keys(['example_branch_dop_operator_v3']) retrieved from /home/airflow/.local/lib/python3.8/site-packages/airflow/example_dags/example_branch_python_dop_operator_3.py
[2023-10-10T17:23:59.128+0000] {logging_mixin.py:151} INFO - [2023-10-10T17:23:59.128+0000] {dag.py:2915} INFO - Sync 1 DAGs
[2023-10-10T17:23:59.142+0000] {logging_mixin.py:151} INFO - [2023-10-10T17:23:59.142+0000] {dag.py:3696} INFO - Setting next_dagrun for example_branch_dop_operator_v3 to 2023-10-10T17:22:00+00:00, run_after=2023-10-10T17:23:00+00:00
[2023-10-10T17:23:59.153+0000] {processor.py:179} INFO - Processing /home/airflow/.local/lib/python3.8/site-packages/airflow/example_dags/example_branch_python_dop_operator_3.py took 0.046 seconds
[2023-10-10T17:24:30.190+0000] {processor.py:157} INFO - Started process (PID=800) to work on /home/airflow/.local/lib/python3.8/site-packages/airflow/example_dags/example_branch_python_dop_operator_3.py
[2023-10-10T17:24:30.191+0000] {processor.py:829} INFO - Processing file /home/airflow/.local/lib/python3.8/site-packages/airflow/example_dags/example_branch_python_dop_operator_3.py for tasks to queue
[2023-10-10T17:24:30.192+0000] {logging_mixin.py:151} INFO - [2023-10-10T17:24:30.192+0000] {dagbag.py:539} INFO - Filling up the DagBag from /home/airflow/.local/lib/python3.8/site-packages/airflow/example_dags/example_branch_python_dop_operator_3.py
[2023-10-10T17:24:30.197+0000] {processor.py:839} INFO - DAG(s) dict_keys(['example_branch_dop_operator_v3']) retrieved from /home/airflow/.local/lib/python3.8/site-packages/airflow/example_dags/example_branch_python_dop_operator_3.py
[2023-10-10T17:24:30.210+0000] {logging_mixin.py:151} INFO - [2023-10-10T17:24:30.210+0000] {dag.py:2915} INFO - Sync 1 DAGs
[2023-10-10T17:24:30.223+0000] {logging_mixin.py:151} INFO - [2023-10-10T17:24:30.222+0000] {dag.py:3696} INFO - Setting next_dagrun for example_branch_dop_operator_v3 to 2023-10-10T17:23:00+00:00, run_after=2023-10-10T17:24:00+00:00
[2023-10-10T17:24:30.231+0000] {processor.py:179} INFO - Processing /home/airflow/.local/lib/python3.8/site-packages/airflow/example_dags/example_branch_python_dop_operator_3.py took 0.043 seconds
[2023-10-10T17:25:00.389+0000] {processor.py:157} INFO - Started process (PID=856) to work on /home/airflow/.local/lib/python3.8/site-packages/airflow/example_dags/example_branch_python_dop_operator_3.py
[2023-10-10T17:25:00.390+0000] {processor.py:829} INFO - Processing file /home/airflow/.local/lib/python3.8/site-packages/airflow/example_dags/example_branch_python_dop_operator_3.py for tasks to queue
[2023-10-10T17:25:00.392+0000] {logging_mixin.py:151} INFO - [2023-10-10T17:25:00.392+0000] {dagbag.py:539} INFO - Filling up the DagBag from /home/airflow/.local/lib/python3.8/site-packages/airflow/example_dags/example_branch_python_dop_operator_3.py
[2023-10-10T17:25:00.397+0000] {processor.py:839} INFO - DAG(s) dict_keys(['example_branch_dop_operator_v3']) retrieved from /home/airflow/.local/lib/python3.8/site-packages/airflow/example_dags/example_branch_python_dop_operator_3.py
[2023-10-10T17:25:00.409+0000] {logging_mixin.py:151} INFO - [2023-10-10T17:25:00.409+0000] {dag.py:2915} INFO - Sync 1 DAGs
[2023-10-10T17:25:00.423+0000] {logging_mixin.py:151} INFO - [2023-10-10T17:25:00.423+0000] {dag.py:3696} INFO - Setting next_dagrun for example_branch_dop_operator_v3 to 2023-10-10T17:24:00+00:00, run_after=2023-10-10T17:25:00+00:00
[2023-10-10T17:25:00.431+0000] {processor.py:179} INFO - Processing /home/airflow/.local/lib/python3.8/site-packages/airflow/example_dags/example_branch_python_dop_operator_3.py took 0.044 seconds
[2023-10-10T17:25:30.661+0000] {processor.py:157} INFO - Started process (PID=912) to work on /home/airflow/.local/lib/python3.8/site-packages/airflow/example_dags/example_branch_python_dop_operator_3.py
[2023-10-10T17:25:30.662+0000] {processor.py:829} INFO - Processing file /home/airflow/.local/lib/python3.8/site-packages/airflow/example_dags/example_branch_python_dop_operator_3.py for tasks to queue
[2023-10-10T17:25:30.664+0000] {logging_mixin.py:151} INFO - [2023-10-10T17:25:30.663+0000] {dagbag.py:539} INFO - Filling up the DagBag from /home/airflow/.local/lib/python3.8/site-packages/airflow/example_dags/example_branch_python_dop_operator_3.py
[2023-10-10T17:25:30.668+0000] {processor.py:839} INFO - DAG(s) dict_keys(['example_branch_dop_operator_v3']) retrieved from /home/airflow/.local/lib/python3.8/site-packages/airflow/example_dags/example_branch_python_dop_operator_3.py
[2023-10-10T17:25:30.681+0000] {logging_mixin.py:151} INFO - [2023-10-10T17:25:30.680+0000] {dag.py:2915} INFO - Sync 1 DAGs
[2023-10-10T17:25:30.693+0000] {logging_mixin.py:151} INFO - [2023-10-10T17:25:30.693+0000] {dag.py:3696} INFO - Setting next_dagrun for example_branch_dop_operator_v3 to 2023-10-10T17:24:00+00:00, run_after=2023-10-10T17:25:00+00:00
[2023-10-10T17:25:30.703+0000] {processor.py:179} INFO - Processing /home/airflow/.local/lib/python3.8/site-packages/airflow/example_dags/example_branch_python_dop_operator_3.py took 0.044 seconds
[2023-10-10T17:26:01.605+0000] {processor.py:157} INFO - Started process (PID=968) to work on /home/airflow/.local/lib/python3.8/site-packages/airflow/example_dags/example_branch_python_dop_operator_3.py
[2023-10-10T17:26:01.606+0000] {processor.py:829} INFO - Processing file /home/airflow/.local/lib/python3.8/site-packages/airflow/example_dags/example_branch_python_dop_operator_3.py for tasks to queue
[2023-10-10T17:26:01.608+0000] {logging_mixin.py:151} INFO - [2023-10-10T17:26:01.608+0000] {dagbag.py:539} INFO - Filling up the DagBag from /home/airflow/.local/lib/python3.8/site-packages/airflow/example_dags/example_branch_python_dop_operator_3.py
[2023-10-10T17:26:01.614+0000] {processor.py:839} INFO - DAG(s) dict_keys(['example_branch_dop_operator_v3']) retrieved from /home/airflow/.local/lib/python3.8/site-packages/airflow/example_dags/example_branch_python_dop_operator_3.py
[2023-10-10T17:26:01.627+0000] {logging_mixin.py:151} INFO - [2023-10-10T17:26:01.627+0000] {dag.py:2915} INFO - Sync 1 DAGs
[2023-10-10T17:26:01.643+0000] {logging_mixin.py:151} INFO - [2023-10-10T17:26:01.643+0000] {dag.py:3696} INFO - Setting next_dagrun for example_branch_dop_operator_v3 to 2023-10-10T17:25:00+00:00, run_after=2023-10-10T17:26:00+00:00
[2023-10-10T17:26:01.653+0000] {processor.py:179} INFO - Processing /home/airflow/.local/lib/python3.8/site-packages/airflow/example_dags/example_branch_python_dop_operator_3.py took 0.050 seconds
[2023-10-10T17:26:31.813+0000] {processor.py:157} INFO - Started process (PID=1024) to work on /home/airflow/.local/lib/python3.8/site-packages/airflow/example_dags/example_branch_python_dop_operator_3.py
[2023-10-10T17:26:31.815+0000] {processor.py:829} INFO - Processing file /home/airflow/.local/lib/python3.8/site-packages/airflow/example_dags/example_branch_python_dop_operator_3.py for tasks to queue
[2023-10-10T17:26:31.816+0000] {logging_mixin.py:151} INFO - [2023-10-10T17:26:31.816+0000] {dagbag.py:539} INFO - Filling up the DagBag from /home/airflow/.local/lib/python3.8/site-packages/airflow/example_dags/example_branch_python_dop_operator_3.py
[2023-10-10T17:26:31.822+0000] {processor.py:839} INFO - DAG(s) dict_keys(['example_branch_dop_operator_v3']) retrieved from /home/airflow/.local/lib/python3.8/site-packages/airflow/example_dags/example_branch_python_dop_operator_3.py
[2023-10-10T17:26:31.837+0000] {logging_mixin.py:151} INFO - [2023-10-10T17:26:31.837+0000] {dag.py:2915} INFO - Sync 1 DAGs
[2023-10-10T17:26:31.852+0000] {logging_mixin.py:151} INFO - [2023-10-10T17:26:31.852+0000] {dag.py:3696} INFO - Setting next_dagrun for example_branch_dop_operator_v3 to 2023-10-10T17:25:00+00:00, run_after=2023-10-10T17:26:00+00:00
[2023-10-10T17:26:31.866+0000] {processor.py:179} INFO - Processing /home/airflow/.local/lib/python3.8/site-packages/airflow/example_dags/example_branch_python_dop_operator_3.py took 0.055 seconds
[2023-10-10T17:27:03.040+0000] {processor.py:157} INFO - Started process (PID=1080) to work on /home/airflow/.local/lib/python3.8/site-packages/airflow/example_dags/example_branch_python_dop_operator_3.py
[2023-10-10T17:27:03.041+0000] {processor.py:829} INFO - Processing file /home/airflow/.local/lib/python3.8/site-packages/airflow/example_dags/example_branch_python_dop_operator_3.py for tasks to queue
[2023-10-10T17:27:03.044+0000] {logging_mixin.py:151} INFO - [2023-10-10T17:27:03.043+0000] {dagbag.py:539} INFO - Filling up the DagBag from /home/airflow/.local/lib/python3.8/site-packages/airflow/example_dags/example_branch_python_dop_operator_3.py
[2023-10-10T17:27:03.050+0000] {processor.py:839} INFO - DAG(s) dict_keys(['example_branch_dop_operator_v3']) retrieved from /home/airflow/.local/lib/python3.8/site-packages/airflow/example_dags/example_branch_python_dop_operator_3.py
[2023-10-10T17:27:03.065+0000] {logging_mixin.py:151} INFO - [2023-10-10T17:27:03.064+0000] {dag.py:2915} INFO - Sync 1 DAGs
[2023-10-10T17:27:03.080+0000] {logging_mixin.py:151} INFO - [2023-10-10T17:27:03.080+0000] {dag.py:3696} INFO - Setting next_dagrun for example_branch_dop_operator_v3 to 2023-10-10T17:26:00+00:00, run_after=2023-10-10T17:27:00+00:00
[2023-10-10T17:27:03.091+0000] {processor.py:179} INFO - Processing /home/airflow/.local/lib/python3.8/site-packages/airflow/example_dags/example_branch_python_dop_operator_3.py took 0.054 seconds
[2023-10-10T17:27:34.024+0000] {processor.py:157} INFO - Started process (PID=1136) to work on /home/airflow/.local/lib/python3.8/site-packages/airflow/example_dags/example_branch_python_dop_operator_3.py
[2023-10-10T17:27:34.025+0000] {processor.py:829} INFO - Processing file /home/airflow/.local/lib/python3.8/site-packages/airflow/example_dags/example_branch_python_dop_operator_3.py for tasks to queue
[2023-10-10T17:27:34.027+0000] {logging_mixin.py:151} INFO - [2023-10-10T17:27:34.026+0000] {dagbag.py:539} INFO - Filling up the DagBag from /home/airflow/.local/lib/python3.8/site-packages/airflow/example_dags/example_branch_python_dop_operator_3.py
[2023-10-10T17:27:34.032+0000] {processor.py:839} INFO - DAG(s) dict_keys(['example_branch_dop_operator_v3']) retrieved from /home/airflow/.local/lib/python3.8/site-packages/airflow/example_dags/example_branch_python_dop_operator_3.py
[2023-10-10T17:27:34.045+0000] {logging_mixin.py:151} INFO - [2023-10-10T17:27:34.045+0000] {dag.py:2915} INFO - Sync 1 DAGs
[2023-10-10T17:27:34.059+0000] {logging_mixin.py:151} INFO - [2023-10-10T17:27:34.059+0000] {dag.py:3696} INFO - Setting next_dagrun for example_branch_dop_operator_v3 to 2023-10-10T17:26:00+00:00, run_after=2023-10-10T17:27:00+00:00
[2023-10-10T17:27:34.068+0000] {processor.py:179} INFO - Processing /home/airflow/.local/lib/python3.8/site-packages/airflow/example_dags/example_branch_python_dop_operator_3.py took 0.046 seconds
[2023-10-10T17:28:04.225+0000] {processor.py:157} INFO - Started process (PID=1192) to work on /home/airflow/.local/lib/python3.8/site-packages/airflow/example_dags/example_branch_python_dop_operator_3.py
[2023-10-10T17:28:04.226+0000] {processor.py:829} INFO - Processing file /home/airflow/.local/lib/python3.8/site-packages/airflow/example_dags/example_branch_python_dop_operator_3.py for tasks to queue
[2023-10-10T17:28:04.228+0000] {logging_mixin.py:151} INFO - [2023-10-10T17:28:04.227+0000] {dagbag.py:539} INFO - Filling up the DagBag from /home/airflow/.local/lib/python3.8/site-packages/airflow/example_dags/example_branch_python_dop_operator_3.py
[2023-10-10T17:28:04.233+0000] {processor.py:839} INFO - DAG(s) dict_keys(['example_branch_dop_operator_v3']) retrieved from /home/airflow/.local/lib/python3.8/site-packages/airflow/example_dags/example_branch_python_dop_operator_3.py
[2023-10-10T17:28:04.245+0000] {logging_mixin.py:151} INFO - [2023-10-10T17:28:04.245+0000] {dag.py:2915} INFO - Sync 1 DAGs
[2023-10-10T17:28:04.259+0000] {logging_mixin.py:151} INFO - [2023-10-10T17:28:04.259+0000] {dag.py:3696} INFO - Setting next_dagrun for example_branch_dop_operator_v3 to 2023-10-10T17:27:00+00:00, run_after=2023-10-10T17:28:00+00:00
[2023-10-10T17:28:04.268+0000] {processor.py:179} INFO - Processing /home/airflow/.local/lib/python3.8/site-packages/airflow/example_dags/example_branch_python_dop_operator_3.py took 0.045 seconds
[2023-10-10T17:28:35.341+0000] {processor.py:157} INFO - Started process (PID=1249) to work on /home/airflow/.local/lib/python3.8/site-packages/airflow/example_dags/example_branch_python_dop_operator_3.py
[2023-10-10T17:28:35.342+0000] {processor.py:829} INFO - Processing file /home/airflow/.local/lib/python3.8/site-packages/airflow/example_dags/example_branch_python_dop_operator_3.py for tasks to queue
[2023-10-10T17:28:35.344+0000] {logging_mixin.py:151} INFO - [2023-10-10T17:28:35.343+0000] {dagbag.py:539} INFO - Filling up the DagBag from /home/airflow/.local/lib/python3.8/site-packages/airflow/example_dags/example_branch_python_dop_operator_3.py
[2023-10-10T17:28:35.349+0000] {processor.py:839} INFO - DAG(s) dict_keys(['example_branch_dop_operator_v3']) retrieved from /home/airflow/.local/lib/python3.8/site-packages/airflow/example_dags/example_branch_python_dop_operator_3.py
[2023-10-10T17:28:35.361+0000] {logging_mixin.py:151} INFO - [2023-10-10T17:28:35.361+0000] {dag.py:2915} INFO - Sync 1 DAGs
[2023-10-10T17:28:35.376+0000] {logging_mixin.py:151} INFO - [2023-10-10T17:28:35.376+0000] {dag.py:3696} INFO - Setting next_dagrun for example_branch_dop_operator_v3 to 2023-10-10T17:27:00+00:00, run_after=2023-10-10T17:28:00+00:00
[2023-10-10T17:28:35.386+0000] {processor.py:179} INFO - Processing /home/airflow/.local/lib/python3.8/site-packages/airflow/example_dags/example_branch_python_dop_operator_3.py took 0.048 seconds
