[2023-10-10T06:38:10.848+0000] {processor.py:157} INFO - Started process (PID=57) to work on /home/airflow/.local/lib/python3.8/site-packages/airflow/example_dags/example_time_delta_sensor_async.py
[2023-10-10T06:38:10.849+0000] {processor.py:829} INFO - Processing file /home/airflow/.local/lib/python3.8/site-packages/airflow/example_dags/example_time_delta_sensor_async.py for tasks to queue
[2023-10-10T06:38:10.852+0000] {logging_mixin.py:151} INFO - [2023-10-10T06:38:10.852+0000] {dagbag.py:539} INFO - Filling up the DagBag from /home/airflow/.local/lib/python3.8/site-packages/airflow/example_dags/example_time_delta_sensor_async.py
[2023-10-10T06:38:10.860+0000] {processor.py:839} INFO - DAG(s) dict_keys(['example_time_delta_sensor_async']) retrieved from /home/airflow/.local/lib/python3.8/site-packages/airflow/example_dags/example_time_delta_sensor_async.py
[2023-10-10T06:38:10.870+0000] {logging_mixin.py:151} INFO - [2023-10-10T06:38:10.870+0000] {dag.py:2915} INFO - Sync 1 DAGs
[2023-10-10T06:38:10.881+0000] {logging_mixin.py:151} INFO - [2023-10-10T06:38:10.881+0000] {dag.py:3696} INFO - Setting next_dagrun for example_time_delta_sensor_async to None, run_after=None
[2023-10-10T06:38:10.895+0000] {processor.py:179} INFO - Processing /home/airflow/.local/lib/python3.8/site-packages/airflow/example_dags/example_time_delta_sensor_async.py took 0.050 seconds
[2023-10-10T06:38:41.139+0000] {processor.py:157} INFO - Started process (PID=113) to work on /home/airflow/.local/lib/python3.8/site-packages/airflow/example_dags/example_time_delta_sensor_async.py
[2023-10-10T06:38:41.139+0000] {processor.py:829} INFO - Processing file /home/airflow/.local/lib/python3.8/site-packages/airflow/example_dags/example_time_delta_sensor_async.py for tasks to queue
[2023-10-10T06:38:41.141+0000] {logging_mixin.py:151} INFO - [2023-10-10T06:38:41.141+0000] {dagbag.py:539} INFO - Filling up the DagBag from /home/airflow/.local/lib/python3.8/site-packages/airflow/example_dags/example_time_delta_sensor_async.py
[2023-10-10T06:38:41.144+0000] {processor.py:839} INFO - DAG(s) dict_keys(['example_time_delta_sensor_async']) retrieved from /home/airflow/.local/lib/python3.8/site-packages/airflow/example_dags/example_time_delta_sensor_async.py
[2023-10-10T06:38:41.157+0000] {logging_mixin.py:151} INFO - [2023-10-10T06:38:41.157+0000] {dag.py:2915} INFO - Sync 1 DAGs
[2023-10-10T06:38:41.164+0000] {logging_mixin.py:151} INFO - [2023-10-10T06:38:41.164+0000] {dag.py:3696} INFO - Setting next_dagrun for example_time_delta_sensor_async to None, run_after=None
[2023-10-10T06:38:41.173+0000] {processor.py:179} INFO - Processing /home/airflow/.local/lib/python3.8/site-packages/airflow/example_dags/example_time_delta_sensor_async.py took 0.037 seconds
[2023-10-10T06:39:11.570+0000] {processor.py:157} INFO - Started process (PID=169) to work on /home/airflow/.local/lib/python3.8/site-packages/airflow/example_dags/example_time_delta_sensor_async.py
[2023-10-10T06:39:11.571+0000] {processor.py:829} INFO - Processing file /home/airflow/.local/lib/python3.8/site-packages/airflow/example_dags/example_time_delta_sensor_async.py for tasks to queue
[2023-10-10T06:39:11.572+0000] {logging_mixin.py:151} INFO - [2023-10-10T06:39:11.572+0000] {dagbag.py:539} INFO - Filling up the DagBag from /home/airflow/.local/lib/python3.8/site-packages/airflow/example_dags/example_time_delta_sensor_async.py
[2023-10-10T06:39:11.576+0000] {processor.py:839} INFO - DAG(s) dict_keys(['example_time_delta_sensor_async']) retrieved from /home/airflow/.local/lib/python3.8/site-packages/airflow/example_dags/example_time_delta_sensor_async.py
[2023-10-10T06:39:11.588+0000] {logging_mixin.py:151} INFO - [2023-10-10T06:39:11.588+0000] {dag.py:2915} INFO - Sync 1 DAGs
[2023-10-10T06:39:11.595+0000] {logging_mixin.py:151} INFO - [2023-10-10T06:39:11.595+0000] {dag.py:3696} INFO - Setting next_dagrun for example_time_delta_sensor_async to None, run_after=None
[2023-10-10T06:39:11.605+0000] {processor.py:179} INFO - Processing /home/airflow/.local/lib/python3.8/site-packages/airflow/example_dags/example_time_delta_sensor_async.py took 0.037 seconds
[2023-10-10T06:39:41.695+0000] {processor.py:157} INFO - Started process (PID=225) to work on /home/airflow/.local/lib/python3.8/site-packages/airflow/example_dags/example_time_delta_sensor_async.py
[2023-10-10T06:39:41.696+0000] {processor.py:829} INFO - Processing file /home/airflow/.local/lib/python3.8/site-packages/airflow/example_dags/example_time_delta_sensor_async.py for tasks to queue
[2023-10-10T06:39:41.697+0000] {logging_mixin.py:151} INFO - [2023-10-10T06:39:41.697+0000] {dagbag.py:539} INFO - Filling up the DagBag from /home/airflow/.local/lib/python3.8/site-packages/airflow/example_dags/example_time_delta_sensor_async.py
[2023-10-10T06:39:41.701+0000] {processor.py:839} INFO - DAG(s) dict_keys(['example_time_delta_sensor_async']) retrieved from /home/airflow/.local/lib/python3.8/site-packages/airflow/example_dags/example_time_delta_sensor_async.py
[2023-10-10T06:39:41.713+0000] {logging_mixin.py:151} INFO - [2023-10-10T06:39:41.713+0000] {dag.py:2915} INFO - Sync 1 DAGs
[2023-10-10T06:39:41.720+0000] {logging_mixin.py:151} INFO - [2023-10-10T06:39:41.720+0000] {dag.py:3696} INFO - Setting next_dagrun for example_time_delta_sensor_async to None, run_after=None
[2023-10-10T06:39:41.729+0000] {processor.py:179} INFO - Processing /home/airflow/.local/lib/python3.8/site-packages/airflow/example_dags/example_time_delta_sensor_async.py took 0.037 seconds
[2023-10-10T06:40:11.938+0000] {processor.py:157} INFO - Started process (PID=281) to work on /home/airflow/.local/lib/python3.8/site-packages/airflow/example_dags/example_time_delta_sensor_async.py
[2023-10-10T06:40:11.939+0000] {processor.py:829} INFO - Processing file /home/airflow/.local/lib/python3.8/site-packages/airflow/example_dags/example_time_delta_sensor_async.py for tasks to queue
[2023-10-10T06:40:11.940+0000] {logging_mixin.py:151} INFO - [2023-10-10T06:40:11.940+0000] {dagbag.py:539} INFO - Filling up the DagBag from /home/airflow/.local/lib/python3.8/site-packages/airflow/example_dags/example_time_delta_sensor_async.py
[2023-10-10T06:40:11.943+0000] {processor.py:839} INFO - DAG(s) dict_keys(['example_time_delta_sensor_async']) retrieved from /home/airflow/.local/lib/python3.8/site-packages/airflow/example_dags/example_time_delta_sensor_async.py
[2023-10-10T06:40:11.956+0000] {logging_mixin.py:151} INFO - [2023-10-10T06:40:11.956+0000] {dag.py:2915} INFO - Sync 1 DAGs
[2023-10-10T06:40:11.962+0000] {logging_mixin.py:151} INFO - [2023-10-10T06:40:11.962+0000] {dag.py:3696} INFO - Setting next_dagrun for example_time_delta_sensor_async to None, run_after=None
[2023-10-10T06:40:11.971+0000] {processor.py:179} INFO - Processing /home/airflow/.local/lib/python3.8/site-packages/airflow/example_dags/example_time_delta_sensor_async.py took 0.035 seconds
[2023-10-10T06:40:42.487+0000] {processor.py:157} INFO - Started process (PID=337) to work on /home/airflow/.local/lib/python3.8/site-packages/airflow/example_dags/example_time_delta_sensor_async.py
[2023-10-10T06:40:42.487+0000] {processor.py:829} INFO - Processing file /home/airflow/.local/lib/python3.8/site-packages/airflow/example_dags/example_time_delta_sensor_async.py for tasks to queue
[2023-10-10T06:40:42.489+0000] {logging_mixin.py:151} INFO - [2023-10-10T06:40:42.489+0000] {dagbag.py:539} INFO - Filling up the DagBag from /home/airflow/.local/lib/python3.8/site-packages/airflow/example_dags/example_time_delta_sensor_async.py
[2023-10-10T06:40:42.492+0000] {processor.py:839} INFO - DAG(s) dict_keys(['example_time_delta_sensor_async']) retrieved from /home/airflow/.local/lib/python3.8/site-packages/airflow/example_dags/example_time_delta_sensor_async.py
[2023-10-10T06:40:42.504+0000] {logging_mixin.py:151} INFO - [2023-10-10T06:40:42.504+0000] {dag.py:2915} INFO - Sync 1 DAGs
[2023-10-10T06:40:42.511+0000] {logging_mixin.py:151} INFO - [2023-10-10T06:40:42.511+0000] {dag.py:3696} INFO - Setting next_dagrun for example_time_delta_sensor_async to None, run_after=None
[2023-10-10T06:40:42.520+0000] {processor.py:179} INFO - Processing /home/airflow/.local/lib/python3.8/site-packages/airflow/example_dags/example_time_delta_sensor_async.py took 0.036 seconds
[2023-10-10T06:41:12.879+0000] {processor.py:157} INFO - Started process (PID=393) to work on /home/airflow/.local/lib/python3.8/site-packages/airflow/example_dags/example_time_delta_sensor_async.py
[2023-10-10T06:41:12.882+0000] {processor.py:829} INFO - Processing file /home/airflow/.local/lib/python3.8/site-packages/airflow/example_dags/example_time_delta_sensor_async.py for tasks to queue
[2023-10-10T06:41:12.883+0000] {logging_mixin.py:151} INFO - [2023-10-10T06:41:12.883+0000] {dagbag.py:539} INFO - Filling up the DagBag from /home/airflow/.local/lib/python3.8/site-packages/airflow/example_dags/example_time_delta_sensor_async.py
[2023-10-10T06:41:12.887+0000] {processor.py:839} INFO - DAG(s) dict_keys(['example_time_delta_sensor_async']) retrieved from /home/airflow/.local/lib/python3.8/site-packages/airflow/example_dags/example_time_delta_sensor_async.py
[2023-10-10T06:41:12.903+0000] {logging_mixin.py:151} INFO - [2023-10-10T06:41:12.902+0000] {dag.py:2915} INFO - Sync 1 DAGs
[2023-10-10T06:41:12.909+0000] {logging_mixin.py:151} INFO - [2023-10-10T06:41:12.909+0000] {dag.py:3696} INFO - Setting next_dagrun for example_time_delta_sensor_async to None, run_after=None
[2023-10-10T06:41:12.920+0000] {processor.py:179} INFO - Processing /home/airflow/.local/lib/python3.8/site-packages/airflow/example_dags/example_time_delta_sensor_async.py took 0.043 seconds
[2023-10-10T06:41:44.056+0000] {processor.py:157} INFO - Started process (PID=449) to work on /home/airflow/.local/lib/python3.8/site-packages/airflow/example_dags/example_time_delta_sensor_async.py
[2023-10-10T06:41:44.056+0000] {processor.py:829} INFO - Processing file /home/airflow/.local/lib/python3.8/site-packages/airflow/example_dags/example_time_delta_sensor_async.py for tasks to queue
[2023-10-10T06:41:44.058+0000] {logging_mixin.py:151} INFO - [2023-10-10T06:41:44.058+0000] {dagbag.py:539} INFO - Filling up the DagBag from /home/airflow/.local/lib/python3.8/site-packages/airflow/example_dags/example_time_delta_sensor_async.py
[2023-10-10T06:41:44.061+0000] {processor.py:839} INFO - DAG(s) dict_keys(['example_time_delta_sensor_async']) retrieved from /home/airflow/.local/lib/python3.8/site-packages/airflow/example_dags/example_time_delta_sensor_async.py
[2023-10-10T06:41:44.073+0000] {logging_mixin.py:151} INFO - [2023-10-10T06:41:44.073+0000] {dag.py:2915} INFO - Sync 1 DAGs
[2023-10-10T06:41:44.079+0000] {logging_mixin.py:151} INFO - [2023-10-10T06:41:44.079+0000] {dag.py:3696} INFO - Setting next_dagrun for example_time_delta_sensor_async to None, run_after=None
[2023-10-10T06:41:44.088+0000] {processor.py:179} INFO - Processing /home/airflow/.local/lib/python3.8/site-packages/airflow/example_dags/example_time_delta_sensor_async.py took 0.035 seconds
[2023-10-10T06:42:14.414+0000] {processor.py:157} INFO - Started process (PID=505) to work on /home/airflow/.local/lib/python3.8/site-packages/airflow/example_dags/example_time_delta_sensor_async.py
[2023-10-10T06:42:14.415+0000] {processor.py:829} INFO - Processing file /home/airflow/.local/lib/python3.8/site-packages/airflow/example_dags/example_time_delta_sensor_async.py for tasks to queue
[2023-10-10T06:42:14.416+0000] {logging_mixin.py:151} INFO - [2023-10-10T06:42:14.416+0000] {dagbag.py:539} INFO - Filling up the DagBag from /home/airflow/.local/lib/python3.8/site-packages/airflow/example_dags/example_time_delta_sensor_async.py
[2023-10-10T06:42:14.420+0000] {processor.py:839} INFO - DAG(s) dict_keys(['example_time_delta_sensor_async']) retrieved from /home/airflow/.local/lib/python3.8/site-packages/airflow/example_dags/example_time_delta_sensor_async.py
[2023-10-10T06:42:14.433+0000] {logging_mixin.py:151} INFO - [2023-10-10T06:42:14.433+0000] {dag.py:2915} INFO - Sync 1 DAGs
[2023-10-10T06:42:14.439+0000] {logging_mixin.py:151} INFO - [2023-10-10T06:42:14.439+0000] {dag.py:3696} INFO - Setting next_dagrun for example_time_delta_sensor_async to None, run_after=None
[2023-10-10T06:42:14.449+0000] {processor.py:179} INFO - Processing /home/airflow/.local/lib/python3.8/site-packages/airflow/example_dags/example_time_delta_sensor_async.py took 0.037 seconds
[2023-10-10T06:42:44.836+0000] {processor.py:157} INFO - Started process (PID=561) to work on /home/airflow/.local/lib/python3.8/site-packages/airflow/example_dags/example_time_delta_sensor_async.py
[2023-10-10T06:42:44.837+0000] {processor.py:829} INFO - Processing file /home/airflow/.local/lib/python3.8/site-packages/airflow/example_dags/example_time_delta_sensor_async.py for tasks to queue
[2023-10-10T06:42:44.838+0000] {logging_mixin.py:151} INFO - [2023-10-10T06:42:44.838+0000] {dagbag.py:539} INFO - Filling up the DagBag from /home/airflow/.local/lib/python3.8/site-packages/airflow/example_dags/example_time_delta_sensor_async.py
[2023-10-10T06:42:44.842+0000] {processor.py:839} INFO - DAG(s) dict_keys(['example_time_delta_sensor_async']) retrieved from /home/airflow/.local/lib/python3.8/site-packages/airflow/example_dags/example_time_delta_sensor_async.py
[2023-10-10T06:42:44.854+0000] {logging_mixin.py:151} INFO - [2023-10-10T06:42:44.854+0000] {dag.py:2915} INFO - Sync 1 DAGs
[2023-10-10T06:42:44.861+0000] {logging_mixin.py:151} INFO - [2023-10-10T06:42:44.861+0000] {dag.py:3696} INFO - Setting next_dagrun for example_time_delta_sensor_async to None, run_after=None
[2023-10-10T06:42:44.871+0000] {processor.py:179} INFO - Processing /home/airflow/.local/lib/python3.8/site-packages/airflow/example_dags/example_time_delta_sensor_async.py took 0.038 seconds
[2023-10-10T06:43:15.109+0000] {processor.py:157} INFO - Started process (PID=617) to work on /home/airflow/.local/lib/python3.8/site-packages/airflow/example_dags/example_time_delta_sensor_async.py
[2023-10-10T06:43:15.110+0000] {processor.py:829} INFO - Processing file /home/airflow/.local/lib/python3.8/site-packages/airflow/example_dags/example_time_delta_sensor_async.py for tasks to queue
[2023-10-10T06:43:15.112+0000] {logging_mixin.py:151} INFO - [2023-10-10T06:43:15.112+0000] {dagbag.py:539} INFO - Filling up the DagBag from /home/airflow/.local/lib/python3.8/site-packages/airflow/example_dags/example_time_delta_sensor_async.py
[2023-10-10T06:43:15.116+0000] {processor.py:839} INFO - DAG(s) dict_keys(['example_time_delta_sensor_async']) retrieved from /home/airflow/.local/lib/python3.8/site-packages/airflow/example_dags/example_time_delta_sensor_async.py
[2023-10-10T06:43:15.128+0000] {logging_mixin.py:151} INFO - [2023-10-10T06:43:15.128+0000] {dag.py:2915} INFO - Sync 1 DAGs
[2023-10-10T06:43:15.134+0000] {logging_mixin.py:151} INFO - [2023-10-10T06:43:15.134+0000] {dag.py:3696} INFO - Setting next_dagrun for example_time_delta_sensor_async to None, run_after=None
[2023-10-10T06:43:15.144+0000] {processor.py:179} INFO - Processing /home/airflow/.local/lib/python3.8/site-packages/airflow/example_dags/example_time_delta_sensor_async.py took 0.037 seconds
[2023-10-10T06:46:49.441+0000] {processor.py:157} INFO - Started process (PID=58) to work on /home/airflow/.local/lib/python3.8/site-packages/airflow/example_dags/example_time_delta_sensor_async.py
[2023-10-10T06:46:49.442+0000] {processor.py:829} INFO - Processing file /home/airflow/.local/lib/python3.8/site-packages/airflow/example_dags/example_time_delta_sensor_async.py for tasks to queue
[2023-10-10T06:46:49.444+0000] {logging_mixin.py:151} INFO - [2023-10-10T06:46:49.444+0000] {dagbag.py:539} INFO - Filling up the DagBag from /home/airflow/.local/lib/python3.8/site-packages/airflow/example_dags/example_time_delta_sensor_async.py
[2023-10-10T06:46:49.450+0000] {processor.py:839} INFO - DAG(s) dict_keys(['example_time_delta_sensor_async']) retrieved from /home/airflow/.local/lib/python3.8/site-packages/airflow/example_dags/example_time_delta_sensor_async.py
[2023-10-10T06:46:49.458+0000] {logging_mixin.py:151} INFO - [2023-10-10T06:46:49.458+0000] {dag.py:2915} INFO - Sync 1 DAGs
[2023-10-10T06:46:49.467+0000] {logging_mixin.py:151} INFO - [2023-10-10T06:46:49.467+0000] {dag.py:3696} INFO - Setting next_dagrun for example_time_delta_sensor_async to None, run_after=None
[2023-10-10T06:46:49.479+0000] {processor.py:179} INFO - Processing /home/airflow/.local/lib/python3.8/site-packages/airflow/example_dags/example_time_delta_sensor_async.py took 0.041 seconds
[2023-10-10T06:47:19.850+0000] {processor.py:157} INFO - Started process (PID=114) to work on /home/airflow/.local/lib/python3.8/site-packages/airflow/example_dags/example_time_delta_sensor_async.py
[2023-10-10T06:47:19.851+0000] {processor.py:829} INFO - Processing file /home/airflow/.local/lib/python3.8/site-packages/airflow/example_dags/example_time_delta_sensor_async.py for tasks to queue
[2023-10-10T06:47:19.853+0000] {logging_mixin.py:151} INFO - [2023-10-10T06:47:19.852+0000] {dagbag.py:539} INFO - Filling up the DagBag from /home/airflow/.local/lib/python3.8/site-packages/airflow/example_dags/example_time_delta_sensor_async.py
[2023-10-10T06:47:19.856+0000] {processor.py:839} INFO - DAG(s) dict_keys(['example_time_delta_sensor_async']) retrieved from /home/airflow/.local/lib/python3.8/site-packages/airflow/example_dags/example_time_delta_sensor_async.py
[2023-10-10T06:47:19.872+0000] {logging_mixin.py:151} INFO - [2023-10-10T06:47:19.872+0000] {dag.py:2915} INFO - Sync 1 DAGs
[2023-10-10T06:47:19.880+0000] {logging_mixin.py:151} INFO - [2023-10-10T06:47:19.880+0000] {dag.py:3696} INFO - Setting next_dagrun for example_time_delta_sensor_async to None, run_after=None
[2023-10-10T06:47:19.894+0000] {processor.py:179} INFO - Processing /home/airflow/.local/lib/python3.8/site-packages/airflow/example_dags/example_time_delta_sensor_async.py took 0.047 seconds
[2023-10-10T06:47:50.105+0000] {processor.py:157} INFO - Started process (PID=170) to work on /home/airflow/.local/lib/python3.8/site-packages/airflow/example_dags/example_time_delta_sensor_async.py
[2023-10-10T06:47:50.106+0000] {processor.py:829} INFO - Processing file /home/airflow/.local/lib/python3.8/site-packages/airflow/example_dags/example_time_delta_sensor_async.py for tasks to queue
[2023-10-10T06:47:50.107+0000] {logging_mixin.py:151} INFO - [2023-10-10T06:47:50.107+0000] {dagbag.py:539} INFO - Filling up the DagBag from /home/airflow/.local/lib/python3.8/site-packages/airflow/example_dags/example_time_delta_sensor_async.py
[2023-10-10T06:47:50.110+0000] {processor.py:839} INFO - DAG(s) dict_keys(['example_time_delta_sensor_async']) retrieved from /home/airflow/.local/lib/python3.8/site-packages/airflow/example_dags/example_time_delta_sensor_async.py
[2023-10-10T06:47:50.123+0000] {logging_mixin.py:151} INFO - [2023-10-10T06:47:50.123+0000] {dag.py:2915} INFO - Sync 1 DAGs
[2023-10-10T06:47:50.130+0000] {logging_mixin.py:151} INFO - [2023-10-10T06:47:50.130+0000] {dag.py:3696} INFO - Setting next_dagrun for example_time_delta_sensor_async to None, run_after=None
[2023-10-10T06:47:50.139+0000] {processor.py:179} INFO - Processing /home/airflow/.local/lib/python3.8/site-packages/airflow/example_dags/example_time_delta_sensor_async.py took 0.036 seconds
[2023-10-10T06:48:20.322+0000] {processor.py:157} INFO - Started process (PID=226) to work on /home/airflow/.local/lib/python3.8/site-packages/airflow/example_dags/example_time_delta_sensor_async.py
[2023-10-10T06:48:20.323+0000] {processor.py:829} INFO - Processing file /home/airflow/.local/lib/python3.8/site-packages/airflow/example_dags/example_time_delta_sensor_async.py for tasks to queue
[2023-10-10T06:48:20.324+0000] {logging_mixin.py:151} INFO - [2023-10-10T06:48:20.324+0000] {dagbag.py:539} INFO - Filling up the DagBag from /home/airflow/.local/lib/python3.8/site-packages/airflow/example_dags/example_time_delta_sensor_async.py
[2023-10-10T06:48:20.327+0000] {processor.py:839} INFO - DAG(s) dict_keys(['example_time_delta_sensor_async']) retrieved from /home/airflow/.local/lib/python3.8/site-packages/airflow/example_dags/example_time_delta_sensor_async.py
[2023-10-10T06:48:20.340+0000] {logging_mixin.py:151} INFO - [2023-10-10T06:48:20.340+0000] {dag.py:2915} INFO - Sync 1 DAGs
[2023-10-10T06:48:20.347+0000] {logging_mixin.py:151} INFO - [2023-10-10T06:48:20.347+0000] {dag.py:3696} INFO - Setting next_dagrun for example_time_delta_sensor_async to None, run_after=None
[2023-10-10T06:48:20.356+0000] {processor.py:179} INFO - Processing /home/airflow/.local/lib/python3.8/site-packages/airflow/example_dags/example_time_delta_sensor_async.py took 0.037 seconds
[2023-10-10T06:48:50.591+0000] {processor.py:157} INFO - Started process (PID=282) to work on /home/airflow/.local/lib/python3.8/site-packages/airflow/example_dags/example_time_delta_sensor_async.py
[2023-10-10T06:48:50.591+0000] {processor.py:829} INFO - Processing file /home/airflow/.local/lib/python3.8/site-packages/airflow/example_dags/example_time_delta_sensor_async.py for tasks to queue
[2023-10-10T06:48:50.593+0000] {logging_mixin.py:151} INFO - [2023-10-10T06:48:50.593+0000] {dagbag.py:539} INFO - Filling up the DagBag from /home/airflow/.local/lib/python3.8/site-packages/airflow/example_dags/example_time_delta_sensor_async.py
[2023-10-10T06:48:50.596+0000] {processor.py:839} INFO - DAG(s) dict_keys(['example_time_delta_sensor_async']) retrieved from /home/airflow/.local/lib/python3.8/site-packages/airflow/example_dags/example_time_delta_sensor_async.py
[2023-10-10T06:48:50.608+0000] {logging_mixin.py:151} INFO - [2023-10-10T06:48:50.608+0000] {dag.py:2915} INFO - Sync 1 DAGs
[2023-10-10T06:48:50.615+0000] {logging_mixin.py:151} INFO - [2023-10-10T06:48:50.615+0000] {dag.py:3696} INFO - Setting next_dagrun for example_time_delta_sensor_async to None, run_after=None
[2023-10-10T06:48:50.625+0000] {processor.py:179} INFO - Processing /home/airflow/.local/lib/python3.8/site-packages/airflow/example_dags/example_time_delta_sensor_async.py took 0.036 seconds
[2023-10-10T06:49:20.725+0000] {processor.py:157} INFO - Started process (PID=338) to work on /home/airflow/.local/lib/python3.8/site-packages/airflow/example_dags/example_time_delta_sensor_async.py
[2023-10-10T06:49:20.725+0000] {processor.py:829} INFO - Processing file /home/airflow/.local/lib/python3.8/site-packages/airflow/example_dags/example_time_delta_sensor_async.py for tasks to queue
[2023-10-10T06:49:20.727+0000] {logging_mixin.py:151} INFO - [2023-10-10T06:49:20.727+0000] {dagbag.py:539} INFO - Filling up the DagBag from /home/airflow/.local/lib/python3.8/site-packages/airflow/example_dags/example_time_delta_sensor_async.py
[2023-10-10T06:49:20.730+0000] {processor.py:839} INFO - DAG(s) dict_keys(['example_time_delta_sensor_async']) retrieved from /home/airflow/.local/lib/python3.8/site-packages/airflow/example_dags/example_time_delta_sensor_async.py
[2023-10-10T06:49:20.744+0000] {logging_mixin.py:151} INFO - [2023-10-10T06:49:20.744+0000] {dag.py:2915} INFO - Sync 1 DAGs
[2023-10-10T06:49:20.750+0000] {logging_mixin.py:151} INFO - [2023-10-10T06:49:20.750+0000] {dag.py:3696} INFO - Setting next_dagrun for example_time_delta_sensor_async to None, run_after=None
[2023-10-10T06:49:20.759+0000] {processor.py:179} INFO - Processing /home/airflow/.local/lib/python3.8/site-packages/airflow/example_dags/example_time_delta_sensor_async.py took 0.037 seconds
[2023-10-10T06:49:51.792+0000] {processor.py:157} INFO - Started process (PID=394) to work on /home/airflow/.local/lib/python3.8/site-packages/airflow/example_dags/example_time_delta_sensor_async.py
[2023-10-10T06:49:51.792+0000] {processor.py:829} INFO - Processing file /home/airflow/.local/lib/python3.8/site-packages/airflow/example_dags/example_time_delta_sensor_async.py for tasks to queue
[2023-10-10T06:49:51.794+0000] {logging_mixin.py:151} INFO - [2023-10-10T06:49:51.794+0000] {dagbag.py:539} INFO - Filling up the DagBag from /home/airflow/.local/lib/python3.8/site-packages/airflow/example_dags/example_time_delta_sensor_async.py
[2023-10-10T06:49:51.797+0000] {processor.py:839} INFO - DAG(s) dict_keys(['example_time_delta_sensor_async']) retrieved from /home/airflow/.local/lib/python3.8/site-packages/airflow/example_dags/example_time_delta_sensor_async.py
[2023-10-10T06:49:51.809+0000] {logging_mixin.py:151} INFO - [2023-10-10T06:49:51.809+0000] {dag.py:2915} INFO - Sync 1 DAGs
[2023-10-10T06:49:51.816+0000] {logging_mixin.py:151} INFO - [2023-10-10T06:49:51.815+0000] {dag.py:3696} INFO - Setting next_dagrun for example_time_delta_sensor_async to None, run_after=None
[2023-10-10T06:49:51.825+0000] {processor.py:179} INFO - Processing /home/airflow/.local/lib/python3.8/site-packages/airflow/example_dags/example_time_delta_sensor_async.py took 0.036 seconds
[2023-10-10T06:50:22.108+0000] {processor.py:157} INFO - Started process (PID=450) to work on /home/airflow/.local/lib/python3.8/site-packages/airflow/example_dags/example_time_delta_sensor_async.py
[2023-10-10T06:50:22.109+0000] {processor.py:829} INFO - Processing file /home/airflow/.local/lib/python3.8/site-packages/airflow/example_dags/example_time_delta_sensor_async.py for tasks to queue
[2023-10-10T06:50:22.110+0000] {logging_mixin.py:151} INFO - [2023-10-10T06:50:22.110+0000] {dagbag.py:539} INFO - Filling up the DagBag from /home/airflow/.local/lib/python3.8/site-packages/airflow/example_dags/example_time_delta_sensor_async.py
[2023-10-10T06:50:22.113+0000] {processor.py:839} INFO - DAG(s) dict_keys(['example_time_delta_sensor_async']) retrieved from /home/airflow/.local/lib/python3.8/site-packages/airflow/example_dags/example_time_delta_sensor_async.py
[2023-10-10T06:50:22.126+0000] {logging_mixin.py:151} INFO - [2023-10-10T06:50:22.126+0000] {dag.py:2915} INFO - Sync 1 DAGs
[2023-10-10T06:50:22.133+0000] {logging_mixin.py:151} INFO - [2023-10-10T06:50:22.133+0000] {dag.py:3696} INFO - Setting next_dagrun for example_time_delta_sensor_async to None, run_after=None
[2023-10-10T06:50:22.143+0000] {processor.py:179} INFO - Processing /home/airflow/.local/lib/python3.8/site-packages/airflow/example_dags/example_time_delta_sensor_async.py took 0.038 seconds
[2023-10-10T06:50:52.408+0000] {processor.py:157} INFO - Started process (PID=506) to work on /home/airflow/.local/lib/python3.8/site-packages/airflow/example_dags/example_time_delta_sensor_async.py
[2023-10-10T06:50:52.409+0000] {processor.py:829} INFO - Processing file /home/airflow/.local/lib/python3.8/site-packages/airflow/example_dags/example_time_delta_sensor_async.py for tasks to queue
[2023-10-10T06:50:52.411+0000] {logging_mixin.py:151} INFO - [2023-10-10T06:50:52.410+0000] {dagbag.py:539} INFO - Filling up the DagBag from /home/airflow/.local/lib/python3.8/site-packages/airflow/example_dags/example_time_delta_sensor_async.py
[2023-10-10T06:50:52.414+0000] {processor.py:839} INFO - DAG(s) dict_keys(['example_time_delta_sensor_async']) retrieved from /home/airflow/.local/lib/python3.8/site-packages/airflow/example_dags/example_time_delta_sensor_async.py
[2023-10-10T06:50:52.426+0000] {logging_mixin.py:151} INFO - [2023-10-10T06:50:52.426+0000] {dag.py:2915} INFO - Sync 1 DAGs
[2023-10-10T06:50:52.433+0000] {logging_mixin.py:151} INFO - [2023-10-10T06:50:52.433+0000] {dag.py:3696} INFO - Setting next_dagrun for example_time_delta_sensor_async to None, run_after=None
[2023-10-10T06:50:52.442+0000] {processor.py:179} INFO - Processing /home/airflow/.local/lib/python3.8/site-packages/airflow/example_dags/example_time_delta_sensor_async.py took 0.036 seconds
[2023-10-10T06:51:22.685+0000] {processor.py:157} INFO - Started process (PID=562) to work on /home/airflow/.local/lib/python3.8/site-packages/airflow/example_dags/example_time_delta_sensor_async.py
[2023-10-10T06:51:22.688+0000] {processor.py:829} INFO - Processing file /home/airflow/.local/lib/python3.8/site-packages/airflow/example_dags/example_time_delta_sensor_async.py for tasks to queue
[2023-10-10T06:51:22.689+0000] {logging_mixin.py:151} INFO - [2023-10-10T06:51:22.689+0000] {dagbag.py:539} INFO - Filling up the DagBag from /home/airflow/.local/lib/python3.8/site-packages/airflow/example_dags/example_time_delta_sensor_async.py
[2023-10-10T06:51:22.692+0000] {processor.py:839} INFO - DAG(s) dict_keys(['example_time_delta_sensor_async']) retrieved from /home/airflow/.local/lib/python3.8/site-packages/airflow/example_dags/example_time_delta_sensor_async.py
[2023-10-10T06:51:22.704+0000] {logging_mixin.py:151} INFO - [2023-10-10T06:51:22.704+0000] {dag.py:2915} INFO - Sync 1 DAGs
[2023-10-10T06:51:22.711+0000] {logging_mixin.py:151} INFO - [2023-10-10T06:51:22.710+0000] {dag.py:3696} INFO - Setting next_dagrun for example_time_delta_sensor_async to None, run_after=None
[2023-10-10T06:51:22.719+0000] {processor.py:179} INFO - Processing /home/airflow/.local/lib/python3.8/site-packages/airflow/example_dags/example_time_delta_sensor_async.py took 0.036 seconds
[2023-10-10T06:51:52.936+0000] {processor.py:157} INFO - Started process (PID=618) to work on /home/airflow/.local/lib/python3.8/site-packages/airflow/example_dags/example_time_delta_sensor_async.py
[2023-10-10T06:51:52.938+0000] {processor.py:829} INFO - Processing file /home/airflow/.local/lib/python3.8/site-packages/airflow/example_dags/example_time_delta_sensor_async.py for tasks to queue
[2023-10-10T06:51:52.939+0000] {logging_mixin.py:151} INFO - [2023-10-10T06:51:52.939+0000] {dagbag.py:539} INFO - Filling up the DagBag from /home/airflow/.local/lib/python3.8/site-packages/airflow/example_dags/example_time_delta_sensor_async.py
[2023-10-10T06:51:52.943+0000] {processor.py:839} INFO - DAG(s) dict_keys(['example_time_delta_sensor_async']) retrieved from /home/airflow/.local/lib/python3.8/site-packages/airflow/example_dags/example_time_delta_sensor_async.py
[2023-10-10T06:51:52.955+0000] {logging_mixin.py:151} INFO - [2023-10-10T06:51:52.955+0000] {dag.py:2915} INFO - Sync 1 DAGs
[2023-10-10T06:51:52.962+0000] {logging_mixin.py:151} INFO - [2023-10-10T06:51:52.962+0000] {dag.py:3696} INFO - Setting next_dagrun for example_time_delta_sensor_async to None, run_after=None
[2023-10-10T06:51:52.972+0000] {processor.py:179} INFO - Processing /home/airflow/.local/lib/python3.8/site-packages/airflow/example_dags/example_time_delta_sensor_async.py took 0.040 seconds
[2023-10-10T06:52:23.218+0000] {processor.py:157} INFO - Started process (PID=674) to work on /home/airflow/.local/lib/python3.8/site-packages/airflow/example_dags/example_time_delta_sensor_async.py
[2023-10-10T06:52:23.220+0000] {processor.py:829} INFO - Processing file /home/airflow/.local/lib/python3.8/site-packages/airflow/example_dags/example_time_delta_sensor_async.py for tasks to queue
[2023-10-10T06:52:23.221+0000] {logging_mixin.py:151} INFO - [2023-10-10T06:52:23.221+0000] {dagbag.py:539} INFO - Filling up the DagBag from /home/airflow/.local/lib/python3.8/site-packages/airflow/example_dags/example_time_delta_sensor_async.py
[2023-10-10T06:52:23.225+0000] {processor.py:839} INFO - DAG(s) dict_keys(['example_time_delta_sensor_async']) retrieved from /home/airflow/.local/lib/python3.8/site-packages/airflow/example_dags/example_time_delta_sensor_async.py
[2023-10-10T06:52:23.237+0000] {logging_mixin.py:151} INFO - [2023-10-10T06:52:23.237+0000] {dag.py:2915} INFO - Sync 1 DAGs
[2023-10-10T06:52:23.244+0000] {logging_mixin.py:151} INFO - [2023-10-10T06:52:23.244+0000] {dag.py:3696} INFO - Setting next_dagrun for example_time_delta_sensor_async to None, run_after=None
[2023-10-10T06:52:23.255+0000] {processor.py:179} INFO - Processing /home/airflow/.local/lib/python3.8/site-packages/airflow/example_dags/example_time_delta_sensor_async.py took 0.039 seconds
[2023-10-10T06:52:53.498+0000] {processor.py:157} INFO - Started process (PID=730) to work on /home/airflow/.local/lib/python3.8/site-packages/airflow/example_dags/example_time_delta_sensor_async.py
[2023-10-10T06:52:53.499+0000] {processor.py:829} INFO - Processing file /home/airflow/.local/lib/python3.8/site-packages/airflow/example_dags/example_time_delta_sensor_async.py for tasks to queue
[2023-10-10T06:52:53.500+0000] {logging_mixin.py:151} INFO - [2023-10-10T06:52:53.500+0000] {dagbag.py:539} INFO - Filling up the DagBag from /home/airflow/.local/lib/python3.8/site-packages/airflow/example_dags/example_time_delta_sensor_async.py
[2023-10-10T06:52:53.503+0000] {processor.py:839} INFO - DAG(s) dict_keys(['example_time_delta_sensor_async']) retrieved from /home/airflow/.local/lib/python3.8/site-packages/airflow/example_dags/example_time_delta_sensor_async.py
[2023-10-10T06:52:53.516+0000] {logging_mixin.py:151} INFO - [2023-10-10T06:52:53.516+0000] {dag.py:2915} INFO - Sync 1 DAGs
[2023-10-10T06:52:53.522+0000] {logging_mixin.py:151} INFO - [2023-10-10T06:52:53.522+0000] {dag.py:3696} INFO - Setting next_dagrun for example_time_delta_sensor_async to None, run_after=None
[2023-10-10T06:52:53.532+0000] {processor.py:179} INFO - Processing /home/airflow/.local/lib/python3.8/site-packages/airflow/example_dags/example_time_delta_sensor_async.py took 0.036 seconds
[2023-10-10T06:53:23.722+0000] {processor.py:157} INFO - Started process (PID=786) to work on /home/airflow/.local/lib/python3.8/site-packages/airflow/example_dags/example_time_delta_sensor_async.py
[2023-10-10T06:53:23.723+0000] {processor.py:829} INFO - Processing file /home/airflow/.local/lib/python3.8/site-packages/airflow/example_dags/example_time_delta_sensor_async.py for tasks to queue
[2023-10-10T06:53:23.725+0000] {logging_mixin.py:151} INFO - [2023-10-10T06:53:23.725+0000] {dagbag.py:539} INFO - Filling up the DagBag from /home/airflow/.local/lib/python3.8/site-packages/airflow/example_dags/example_time_delta_sensor_async.py
[2023-10-10T06:53:23.728+0000] {processor.py:839} INFO - DAG(s) dict_keys(['example_time_delta_sensor_async']) retrieved from /home/airflow/.local/lib/python3.8/site-packages/airflow/example_dags/example_time_delta_sensor_async.py
[2023-10-10T06:53:23.740+0000] {logging_mixin.py:151} INFO - [2023-10-10T06:53:23.740+0000] {dag.py:2915} INFO - Sync 1 DAGs
[2023-10-10T06:53:23.747+0000] {logging_mixin.py:151} INFO - [2023-10-10T06:53:23.747+0000] {dag.py:3696} INFO - Setting next_dagrun for example_time_delta_sensor_async to None, run_after=None
[2023-10-10T06:53:23.755+0000] {processor.py:179} INFO - Processing /home/airflow/.local/lib/python3.8/site-packages/airflow/example_dags/example_time_delta_sensor_async.py took 0.035 seconds
[2023-10-10T06:53:54.009+0000] {processor.py:157} INFO - Started process (PID=842) to work on /home/airflow/.local/lib/python3.8/site-packages/airflow/example_dags/example_time_delta_sensor_async.py
[2023-10-10T06:53:54.010+0000] {processor.py:829} INFO - Processing file /home/airflow/.local/lib/python3.8/site-packages/airflow/example_dags/example_time_delta_sensor_async.py for tasks to queue
[2023-10-10T06:53:54.012+0000] {logging_mixin.py:151} INFO - [2023-10-10T06:53:54.011+0000] {dagbag.py:539} INFO - Filling up the DagBag from /home/airflow/.local/lib/python3.8/site-packages/airflow/example_dags/example_time_delta_sensor_async.py
[2023-10-10T06:53:54.015+0000] {processor.py:839} INFO - DAG(s) dict_keys(['example_time_delta_sensor_async']) retrieved from /home/airflow/.local/lib/python3.8/site-packages/airflow/example_dags/example_time_delta_sensor_async.py
[2023-10-10T06:53:54.027+0000] {logging_mixin.py:151} INFO - [2023-10-10T06:53:54.027+0000] {dag.py:2915} INFO - Sync 1 DAGs
[2023-10-10T06:53:54.033+0000] {logging_mixin.py:151} INFO - [2023-10-10T06:53:54.033+0000] {dag.py:3696} INFO - Setting next_dagrun for example_time_delta_sensor_async to None, run_after=None
[2023-10-10T06:53:54.041+0000] {processor.py:179} INFO - Processing /home/airflow/.local/lib/python3.8/site-packages/airflow/example_dags/example_time_delta_sensor_async.py took 0.034 seconds
[2023-10-10T06:54:25.117+0000] {processor.py:157} INFO - Started process (PID=898) to work on /home/airflow/.local/lib/python3.8/site-packages/airflow/example_dags/example_time_delta_sensor_async.py
[2023-10-10T06:54:25.118+0000] {processor.py:829} INFO - Processing file /home/airflow/.local/lib/python3.8/site-packages/airflow/example_dags/example_time_delta_sensor_async.py for tasks to queue
[2023-10-10T06:54:25.119+0000] {logging_mixin.py:151} INFO - [2023-10-10T06:54:25.119+0000] {dagbag.py:539} INFO - Filling up the DagBag from /home/airflow/.local/lib/python3.8/site-packages/airflow/example_dags/example_time_delta_sensor_async.py
[2023-10-10T06:54:25.122+0000] {processor.py:839} INFO - DAG(s) dict_keys(['example_time_delta_sensor_async']) retrieved from /home/airflow/.local/lib/python3.8/site-packages/airflow/example_dags/example_time_delta_sensor_async.py
[2023-10-10T06:54:25.135+0000] {logging_mixin.py:151} INFO - [2023-10-10T06:54:25.135+0000] {dag.py:2915} INFO - Sync 1 DAGs
[2023-10-10T06:54:25.142+0000] {logging_mixin.py:151} INFO - [2023-10-10T06:54:25.142+0000] {dag.py:3696} INFO - Setting next_dagrun for example_time_delta_sensor_async to None, run_after=None
[2023-10-10T06:54:25.152+0000] {processor.py:179} INFO - Processing /home/airflow/.local/lib/python3.8/site-packages/airflow/example_dags/example_time_delta_sensor_async.py took 0.037 seconds
[2023-10-10T06:54:55.372+0000] {processor.py:157} INFO - Started process (PID=954) to work on /home/airflow/.local/lib/python3.8/site-packages/airflow/example_dags/example_time_delta_sensor_async.py
[2023-10-10T06:54:55.373+0000] {processor.py:829} INFO - Processing file /home/airflow/.local/lib/python3.8/site-packages/airflow/example_dags/example_time_delta_sensor_async.py for tasks to queue
[2023-10-10T06:54:55.375+0000] {logging_mixin.py:151} INFO - [2023-10-10T06:54:55.375+0000] {dagbag.py:539} INFO - Filling up the DagBag from /home/airflow/.local/lib/python3.8/site-packages/airflow/example_dags/example_time_delta_sensor_async.py
[2023-10-10T06:54:55.378+0000] {processor.py:839} INFO - DAG(s) dict_keys(['example_time_delta_sensor_async']) retrieved from /home/airflow/.local/lib/python3.8/site-packages/airflow/example_dags/example_time_delta_sensor_async.py
[2023-10-10T06:54:55.390+0000] {logging_mixin.py:151} INFO - [2023-10-10T06:54:55.390+0000] {dag.py:2915} INFO - Sync 1 DAGs
[2023-10-10T06:54:55.398+0000] {logging_mixin.py:151} INFO - [2023-10-10T06:54:55.398+0000] {dag.py:3696} INFO - Setting next_dagrun for example_time_delta_sensor_async to None, run_after=None
[2023-10-10T06:54:55.407+0000] {processor.py:179} INFO - Processing /home/airflow/.local/lib/python3.8/site-packages/airflow/example_dags/example_time_delta_sensor_async.py took 0.037 seconds
[2023-10-10T06:55:25.591+0000] {processor.py:157} INFO - Started process (PID=1010) to work on /home/airflow/.local/lib/python3.8/site-packages/airflow/example_dags/example_time_delta_sensor_async.py
[2023-10-10T06:55:25.592+0000] {processor.py:829} INFO - Processing file /home/airflow/.local/lib/python3.8/site-packages/airflow/example_dags/example_time_delta_sensor_async.py for tasks to queue
[2023-10-10T06:55:25.593+0000] {logging_mixin.py:151} INFO - [2023-10-10T06:55:25.593+0000] {dagbag.py:539} INFO - Filling up the DagBag from /home/airflow/.local/lib/python3.8/site-packages/airflow/example_dags/example_time_delta_sensor_async.py
[2023-10-10T06:55:25.597+0000] {processor.py:839} INFO - DAG(s) dict_keys(['example_time_delta_sensor_async']) retrieved from /home/airflow/.local/lib/python3.8/site-packages/airflow/example_dags/example_time_delta_sensor_async.py
[2023-10-10T06:55:25.611+0000] {logging_mixin.py:151} INFO - [2023-10-10T06:55:25.611+0000] {dag.py:2915} INFO - Sync 1 DAGs
[2023-10-10T06:55:25.618+0000] {logging_mixin.py:151} INFO - [2023-10-10T06:55:25.618+0000] {dag.py:3696} INFO - Setting next_dagrun for example_time_delta_sensor_async to None, run_after=None
[2023-10-10T06:55:25.630+0000] {processor.py:179} INFO - Processing /home/airflow/.local/lib/python3.8/site-packages/airflow/example_dags/example_time_delta_sensor_async.py took 0.042 seconds
[2023-10-10T06:55:55.760+0000] {processor.py:157} INFO - Started process (PID=1066) to work on /home/airflow/.local/lib/python3.8/site-packages/airflow/example_dags/example_time_delta_sensor_async.py
[2023-10-10T06:55:55.761+0000] {processor.py:829} INFO - Processing file /home/airflow/.local/lib/python3.8/site-packages/airflow/example_dags/example_time_delta_sensor_async.py for tasks to queue
[2023-10-10T06:55:55.762+0000] {logging_mixin.py:151} INFO - [2023-10-10T06:55:55.762+0000] {dagbag.py:539} INFO - Filling up the DagBag from /home/airflow/.local/lib/python3.8/site-packages/airflow/example_dags/example_time_delta_sensor_async.py
[2023-10-10T06:55:55.765+0000] {processor.py:839} INFO - DAG(s) dict_keys(['example_time_delta_sensor_async']) retrieved from /home/airflow/.local/lib/python3.8/site-packages/airflow/example_dags/example_time_delta_sensor_async.py
[2023-10-10T06:55:55.778+0000] {logging_mixin.py:151} INFO - [2023-10-10T06:55:55.778+0000] {dag.py:2915} INFO - Sync 1 DAGs
[2023-10-10T06:55:55.785+0000] {logging_mixin.py:151} INFO - [2023-10-10T06:55:55.784+0000] {dag.py:3696} INFO - Setting next_dagrun for example_time_delta_sensor_async to None, run_after=None
[2023-10-10T06:55:55.794+0000] {processor.py:179} INFO - Processing /home/airflow/.local/lib/python3.8/site-packages/airflow/example_dags/example_time_delta_sensor_async.py took 0.036 seconds
[2023-10-10T06:56:26.053+0000] {processor.py:157} INFO - Started process (PID=1121) to work on /home/airflow/.local/lib/python3.8/site-packages/airflow/example_dags/example_time_delta_sensor_async.py
[2023-10-10T06:56:26.054+0000] {processor.py:829} INFO - Processing file /home/airflow/.local/lib/python3.8/site-packages/airflow/example_dags/example_time_delta_sensor_async.py for tasks to queue
[2023-10-10T06:56:26.056+0000] {logging_mixin.py:151} INFO - [2023-10-10T06:56:26.056+0000] {dagbag.py:539} INFO - Filling up the DagBag from /home/airflow/.local/lib/python3.8/site-packages/airflow/example_dags/example_time_delta_sensor_async.py
[2023-10-10T06:56:26.059+0000] {processor.py:839} INFO - DAG(s) dict_keys(['example_time_delta_sensor_async']) retrieved from /home/airflow/.local/lib/python3.8/site-packages/airflow/example_dags/example_time_delta_sensor_async.py
[2023-10-10T06:56:26.071+0000] {logging_mixin.py:151} INFO - [2023-10-10T06:56:26.071+0000] {dag.py:2915} INFO - Sync 1 DAGs
[2023-10-10T06:56:26.078+0000] {logging_mixin.py:151} INFO - [2023-10-10T06:56:26.078+0000] {dag.py:3696} INFO - Setting next_dagrun for example_time_delta_sensor_async to None, run_after=None
[2023-10-10T06:56:26.087+0000] {processor.py:179} INFO - Processing /home/airflow/.local/lib/python3.8/site-packages/airflow/example_dags/example_time_delta_sensor_async.py took 0.036 seconds
[2023-10-10T17:17:52.150+0000] {processor.py:157} INFO - Started process (PID=58) to work on /home/airflow/.local/lib/python3.8/site-packages/airflow/example_dags/example_time_delta_sensor_async.py
[2023-10-10T17:17:52.151+0000] {processor.py:829} INFO - Processing file /home/airflow/.local/lib/python3.8/site-packages/airflow/example_dags/example_time_delta_sensor_async.py for tasks to queue
[2023-10-10T17:17:52.154+0000] {logging_mixin.py:151} INFO - [2023-10-10T17:17:52.154+0000] {dagbag.py:539} INFO - Filling up the DagBag from /home/airflow/.local/lib/python3.8/site-packages/airflow/example_dags/example_time_delta_sensor_async.py
[2023-10-10T17:17:52.161+0000] {processor.py:839} INFO - DAG(s) dict_keys(['example_time_delta_sensor_async']) retrieved from /home/airflow/.local/lib/python3.8/site-packages/airflow/example_dags/example_time_delta_sensor_async.py
[2023-10-10T17:17:52.173+0000] {logging_mixin.py:151} INFO - [2023-10-10T17:17:52.173+0000] {dag.py:2915} INFO - Sync 1 DAGs
[2023-10-10T17:17:52.189+0000] {logging_mixin.py:151} INFO - [2023-10-10T17:17:52.189+0000] {dag.py:3696} INFO - Setting next_dagrun for example_time_delta_sensor_async to None, run_after=None
[2023-10-10T17:17:52.203+0000] {processor.py:179} INFO - Processing /home/airflow/.local/lib/python3.8/site-packages/airflow/example_dags/example_time_delta_sensor_async.py took 0.055 seconds
[2023-10-10T17:18:23.065+0000] {processor.py:157} INFO - Started process (PID=114) to work on /home/airflow/.local/lib/python3.8/site-packages/airflow/example_dags/example_time_delta_sensor_async.py
[2023-10-10T17:18:23.066+0000] {processor.py:829} INFO - Processing file /home/airflow/.local/lib/python3.8/site-packages/airflow/example_dags/example_time_delta_sensor_async.py for tasks to queue
[2023-10-10T17:18:23.068+0000] {logging_mixin.py:151} INFO - [2023-10-10T17:18:23.067+0000] {dagbag.py:539} INFO - Filling up the DagBag from /home/airflow/.local/lib/python3.8/site-packages/airflow/example_dags/example_time_delta_sensor_async.py
[2023-10-10T17:18:23.071+0000] {processor.py:839} INFO - DAG(s) dict_keys(['example_time_delta_sensor_async']) retrieved from /home/airflow/.local/lib/python3.8/site-packages/airflow/example_dags/example_time_delta_sensor_async.py
[2023-10-10T17:18:23.083+0000] {logging_mixin.py:151} INFO - [2023-10-10T17:18:23.083+0000] {dag.py:2915} INFO - Sync 1 DAGs
[2023-10-10T17:18:23.090+0000] {logging_mixin.py:151} INFO - [2023-10-10T17:18:23.090+0000] {dag.py:3696} INFO - Setting next_dagrun for example_time_delta_sensor_async to None, run_after=None
[2023-10-10T17:18:23.099+0000] {processor.py:179} INFO - Processing /home/airflow/.local/lib/python3.8/site-packages/airflow/example_dags/example_time_delta_sensor_async.py took 0.036 seconds
[2023-10-10T17:18:53.987+0000] {processor.py:157} INFO - Started process (PID=170) to work on /home/airflow/.local/lib/python3.8/site-packages/airflow/example_dags/example_time_delta_sensor_async.py
[2023-10-10T17:18:53.988+0000] {processor.py:829} INFO - Processing file /home/airflow/.local/lib/python3.8/site-packages/airflow/example_dags/example_time_delta_sensor_async.py for tasks to queue
[2023-10-10T17:18:53.990+0000] {logging_mixin.py:151} INFO - [2023-10-10T17:18:53.990+0000] {dagbag.py:539} INFO - Filling up the DagBag from /home/airflow/.local/lib/python3.8/site-packages/airflow/example_dags/example_time_delta_sensor_async.py
[2023-10-10T17:18:53.993+0000] {processor.py:839} INFO - DAG(s) dict_keys(['example_time_delta_sensor_async']) retrieved from /home/airflow/.local/lib/python3.8/site-packages/airflow/example_dags/example_time_delta_sensor_async.py
[2023-10-10T17:18:54.006+0000] {logging_mixin.py:151} INFO - [2023-10-10T17:18:54.006+0000] {dag.py:2915} INFO - Sync 1 DAGs
[2023-10-10T17:18:54.012+0000] {logging_mixin.py:151} INFO - [2023-10-10T17:18:54.012+0000] {dag.py:3696} INFO - Setting next_dagrun for example_time_delta_sensor_async to None, run_after=None
[2023-10-10T17:18:54.022+0000] {processor.py:179} INFO - Processing /home/airflow/.local/lib/python3.8/site-packages/airflow/example_dags/example_time_delta_sensor_async.py took 0.037 seconds
[2023-10-10T17:19:24.179+0000] {processor.py:157} INFO - Started process (PID=226) to work on /home/airflow/.local/lib/python3.8/site-packages/airflow/example_dags/example_time_delta_sensor_async.py
[2023-10-10T17:19:24.180+0000] {processor.py:829} INFO - Processing file /home/airflow/.local/lib/python3.8/site-packages/airflow/example_dags/example_time_delta_sensor_async.py for tasks to queue
[2023-10-10T17:19:24.181+0000] {logging_mixin.py:151} INFO - [2023-10-10T17:19:24.181+0000] {dagbag.py:539} INFO - Filling up the DagBag from /home/airflow/.local/lib/python3.8/site-packages/airflow/example_dags/example_time_delta_sensor_async.py
[2023-10-10T17:19:24.184+0000] {processor.py:839} INFO - DAG(s) dict_keys(['example_time_delta_sensor_async']) retrieved from /home/airflow/.local/lib/python3.8/site-packages/airflow/example_dags/example_time_delta_sensor_async.py
[2023-10-10T17:19:24.195+0000] {logging_mixin.py:151} INFO - [2023-10-10T17:19:24.195+0000] {dag.py:2915} INFO - Sync 1 DAGs
[2023-10-10T17:19:24.202+0000] {logging_mixin.py:151} INFO - [2023-10-10T17:19:24.202+0000] {dag.py:3696} INFO - Setting next_dagrun for example_time_delta_sensor_async to None, run_after=None
[2023-10-10T17:19:24.211+0000] {processor.py:179} INFO - Processing /home/airflow/.local/lib/python3.8/site-packages/airflow/example_dags/example_time_delta_sensor_async.py took 0.035 seconds
[2023-10-10T17:19:54.420+0000] {processor.py:157} INFO - Started process (PID=282) to work on /home/airflow/.local/lib/python3.8/site-packages/airflow/example_dags/example_time_delta_sensor_async.py
[2023-10-10T17:19:54.421+0000] {processor.py:829} INFO - Processing file /home/airflow/.local/lib/python3.8/site-packages/airflow/example_dags/example_time_delta_sensor_async.py for tasks to queue
[2023-10-10T17:19:54.423+0000] {logging_mixin.py:151} INFO - [2023-10-10T17:19:54.423+0000] {dagbag.py:539} INFO - Filling up the DagBag from /home/airflow/.local/lib/python3.8/site-packages/airflow/example_dags/example_time_delta_sensor_async.py
[2023-10-10T17:19:54.426+0000] {processor.py:839} INFO - DAG(s) dict_keys(['example_time_delta_sensor_async']) retrieved from /home/airflow/.local/lib/python3.8/site-packages/airflow/example_dags/example_time_delta_sensor_async.py
[2023-10-10T17:19:54.438+0000] {logging_mixin.py:151} INFO - [2023-10-10T17:19:54.438+0000] {dag.py:2915} INFO - Sync 1 DAGs
[2023-10-10T17:19:54.445+0000] {logging_mixin.py:151} INFO - [2023-10-10T17:19:54.445+0000] {dag.py:3696} INFO - Setting next_dagrun for example_time_delta_sensor_async to None, run_after=None
[2023-10-10T17:19:54.454+0000] {processor.py:179} INFO - Processing /home/airflow/.local/lib/python3.8/site-packages/airflow/example_dags/example_time_delta_sensor_async.py took 0.036 seconds
[2023-10-10T17:20:25.441+0000] {processor.py:157} INFO - Started process (PID=338) to work on /home/airflow/.local/lib/python3.8/site-packages/airflow/example_dags/example_time_delta_sensor_async.py
[2023-10-10T17:20:25.442+0000] {processor.py:829} INFO - Processing file /home/airflow/.local/lib/python3.8/site-packages/airflow/example_dags/example_time_delta_sensor_async.py for tasks to queue
[2023-10-10T17:20:25.443+0000] {logging_mixin.py:151} INFO - [2023-10-10T17:20:25.443+0000] {dagbag.py:539} INFO - Filling up the DagBag from /home/airflow/.local/lib/python3.8/site-packages/airflow/example_dags/example_time_delta_sensor_async.py
[2023-10-10T17:20:25.447+0000] {processor.py:839} INFO - DAG(s) dict_keys(['example_time_delta_sensor_async']) retrieved from /home/airflow/.local/lib/python3.8/site-packages/airflow/example_dags/example_time_delta_sensor_async.py
[2023-10-10T17:20:25.458+0000] {logging_mixin.py:151} INFO - [2023-10-10T17:20:25.458+0000] {dag.py:2915} INFO - Sync 1 DAGs
[2023-10-10T17:20:25.465+0000] {logging_mixin.py:151} INFO - [2023-10-10T17:20:25.465+0000] {dag.py:3696} INFO - Setting next_dagrun for example_time_delta_sensor_async to None, run_after=None
[2023-10-10T17:20:25.475+0000] {processor.py:179} INFO - Processing /home/airflow/.local/lib/python3.8/site-packages/airflow/example_dags/example_time_delta_sensor_async.py took 0.036 seconds
[2023-10-10T17:20:55.657+0000] {processor.py:157} INFO - Started process (PID=394) to work on /home/airflow/.local/lib/python3.8/site-packages/airflow/example_dags/example_time_delta_sensor_async.py
[2023-10-10T17:20:55.658+0000] {processor.py:829} INFO - Processing file /home/airflow/.local/lib/python3.8/site-packages/airflow/example_dags/example_time_delta_sensor_async.py for tasks to queue
[2023-10-10T17:20:55.659+0000] {logging_mixin.py:151} INFO - [2023-10-10T17:20:55.659+0000] {dagbag.py:539} INFO - Filling up the DagBag from /home/airflow/.local/lib/python3.8/site-packages/airflow/example_dags/example_time_delta_sensor_async.py
[2023-10-10T17:20:55.663+0000] {processor.py:839} INFO - DAG(s) dict_keys(['example_time_delta_sensor_async']) retrieved from /home/airflow/.local/lib/python3.8/site-packages/airflow/example_dags/example_time_delta_sensor_async.py
[2023-10-10T17:20:55.675+0000] {logging_mixin.py:151} INFO - [2023-10-10T17:20:55.675+0000] {dag.py:2915} INFO - Sync 1 DAGs
[2023-10-10T17:20:55.682+0000] {logging_mixin.py:151} INFO - [2023-10-10T17:20:55.682+0000] {dag.py:3696} INFO - Setting next_dagrun for example_time_delta_sensor_async to None, run_after=None
[2023-10-10T17:20:55.690+0000] {processor.py:179} INFO - Processing /home/airflow/.local/lib/python3.8/site-packages/airflow/example_dags/example_time_delta_sensor_async.py took 0.036 seconds
[2023-10-10T17:21:25.787+0000] {processor.py:157} INFO - Started process (PID=450) to work on /home/airflow/.local/lib/python3.8/site-packages/airflow/example_dags/example_time_delta_sensor_async.py
[2023-10-10T17:21:25.788+0000] {processor.py:829} INFO - Processing file /home/airflow/.local/lib/python3.8/site-packages/airflow/example_dags/example_time_delta_sensor_async.py for tasks to queue
[2023-10-10T17:21:25.789+0000] {logging_mixin.py:151} INFO - [2023-10-10T17:21:25.789+0000] {dagbag.py:539} INFO - Filling up the DagBag from /home/airflow/.local/lib/python3.8/site-packages/airflow/example_dags/example_time_delta_sensor_async.py
[2023-10-10T17:21:25.793+0000] {processor.py:839} INFO - DAG(s) dict_keys(['example_time_delta_sensor_async']) retrieved from /home/airflow/.local/lib/python3.8/site-packages/airflow/example_dags/example_time_delta_sensor_async.py
[2023-10-10T17:21:25.804+0000] {logging_mixin.py:151} INFO - [2023-10-10T17:21:25.804+0000] {dag.py:2915} INFO - Sync 1 DAGs
[2023-10-10T17:21:25.811+0000] {logging_mixin.py:151} INFO - [2023-10-10T17:21:25.811+0000] {dag.py:3696} INFO - Setting next_dagrun for example_time_delta_sensor_async to None, run_after=None
[2023-10-10T17:21:25.820+0000] {processor.py:179} INFO - Processing /home/airflow/.local/lib/python3.8/site-packages/airflow/example_dags/example_time_delta_sensor_async.py took 0.035 seconds
[2023-10-10T17:21:55.840+0000] {processor.py:157} INFO - Started process (PID=505) to work on /home/airflow/.local/lib/python3.8/site-packages/airflow/example_dags/example_time_delta_sensor_async.py
[2023-10-10T17:21:55.841+0000] {processor.py:829} INFO - Processing file /home/airflow/.local/lib/python3.8/site-packages/airflow/example_dags/example_time_delta_sensor_async.py for tasks to queue
[2023-10-10T17:21:55.842+0000] {logging_mixin.py:151} INFO - [2023-10-10T17:21:55.842+0000] {dagbag.py:539} INFO - Filling up the DagBag from /home/airflow/.local/lib/python3.8/site-packages/airflow/example_dags/example_time_delta_sensor_async.py
[2023-10-10T17:21:55.846+0000] {processor.py:839} INFO - DAG(s) dict_keys(['example_time_delta_sensor_async']) retrieved from /home/airflow/.local/lib/python3.8/site-packages/airflow/example_dags/example_time_delta_sensor_async.py
[2023-10-10T17:21:55.859+0000] {logging_mixin.py:151} INFO - [2023-10-10T17:21:55.859+0000] {dag.py:2915} INFO - Sync 1 DAGs
[2023-10-10T17:21:55.865+0000] {logging_mixin.py:151} INFO - [2023-10-10T17:21:55.865+0000] {dag.py:3696} INFO - Setting next_dagrun for example_time_delta_sensor_async to None, run_after=None
[2023-10-10T17:21:55.874+0000] {processor.py:179} INFO - Processing /home/airflow/.local/lib/python3.8/site-packages/airflow/example_dags/example_time_delta_sensor_async.py took 0.036 seconds
[2023-10-10T17:22:25.947+0000] {processor.py:157} INFO - Started process (PID=561) to work on /home/airflow/.local/lib/python3.8/site-packages/airflow/example_dags/example_time_delta_sensor_async.py
[2023-10-10T17:22:25.948+0000] {processor.py:829} INFO - Processing file /home/airflow/.local/lib/python3.8/site-packages/airflow/example_dags/example_time_delta_sensor_async.py for tasks to queue
[2023-10-10T17:22:25.949+0000] {logging_mixin.py:151} INFO - [2023-10-10T17:22:25.949+0000] {dagbag.py:539} INFO - Filling up the DagBag from /home/airflow/.local/lib/python3.8/site-packages/airflow/example_dags/example_time_delta_sensor_async.py
[2023-10-10T17:22:25.953+0000] {processor.py:839} INFO - DAG(s) dict_keys(['example_time_delta_sensor_async']) retrieved from /home/airflow/.local/lib/python3.8/site-packages/airflow/example_dags/example_time_delta_sensor_async.py
[2023-10-10T17:22:25.966+0000] {logging_mixin.py:151} INFO - [2023-10-10T17:22:25.965+0000] {dag.py:2915} INFO - Sync 1 DAGs
[2023-10-10T17:22:25.973+0000] {logging_mixin.py:151} INFO - [2023-10-10T17:22:25.972+0000] {dag.py:3696} INFO - Setting next_dagrun for example_time_delta_sensor_async to None, run_after=None
[2023-10-10T17:22:25.983+0000] {processor.py:179} INFO - Processing /home/airflow/.local/lib/python3.8/site-packages/airflow/example_dags/example_time_delta_sensor_async.py took 0.038 seconds
[2023-10-10T17:22:56.101+0000] {processor.py:157} INFO - Started process (PID=617) to work on /home/airflow/.local/lib/python3.8/site-packages/airflow/example_dags/example_time_delta_sensor_async.py
[2023-10-10T17:22:56.102+0000] {processor.py:829} INFO - Processing file /home/airflow/.local/lib/python3.8/site-packages/airflow/example_dags/example_time_delta_sensor_async.py for tasks to queue
[2023-10-10T17:22:56.104+0000] {logging_mixin.py:151} INFO - [2023-10-10T17:22:56.104+0000] {dagbag.py:539} INFO - Filling up the DagBag from /home/airflow/.local/lib/python3.8/site-packages/airflow/example_dags/example_time_delta_sensor_async.py
[2023-10-10T17:22:56.107+0000] {processor.py:839} INFO - DAG(s) dict_keys(['example_time_delta_sensor_async']) retrieved from /home/airflow/.local/lib/python3.8/site-packages/airflow/example_dags/example_time_delta_sensor_async.py
[2023-10-10T17:22:56.120+0000] {logging_mixin.py:151} INFO - [2023-10-10T17:22:56.120+0000] {dag.py:2915} INFO - Sync 1 DAGs
[2023-10-10T17:22:56.127+0000] {logging_mixin.py:151} INFO - [2023-10-10T17:22:56.127+0000] {dag.py:3696} INFO - Setting next_dagrun for example_time_delta_sensor_async to None, run_after=None
[2023-10-10T17:22:56.138+0000] {processor.py:179} INFO - Processing /home/airflow/.local/lib/python3.8/site-packages/airflow/example_dags/example_time_delta_sensor_async.py took 0.039 seconds
[2023-10-10T17:23:27.157+0000] {processor.py:157} INFO - Started process (PID=673) to work on /home/airflow/.local/lib/python3.8/site-packages/airflow/example_dags/example_time_delta_sensor_async.py
[2023-10-10T17:23:27.157+0000] {processor.py:829} INFO - Processing file /home/airflow/.local/lib/python3.8/site-packages/airflow/example_dags/example_time_delta_sensor_async.py for tasks to queue
[2023-10-10T17:23:27.159+0000] {logging_mixin.py:151} INFO - [2023-10-10T17:23:27.159+0000] {dagbag.py:539} INFO - Filling up the DagBag from /home/airflow/.local/lib/python3.8/site-packages/airflow/example_dags/example_time_delta_sensor_async.py
[2023-10-10T17:23:27.162+0000] {processor.py:839} INFO - DAG(s) dict_keys(['example_time_delta_sensor_async']) retrieved from /home/airflow/.local/lib/python3.8/site-packages/airflow/example_dags/example_time_delta_sensor_async.py
[2023-10-10T17:23:27.174+0000] {logging_mixin.py:151} INFO - [2023-10-10T17:23:27.174+0000] {dag.py:2915} INFO - Sync 1 DAGs
[2023-10-10T17:23:27.180+0000] {logging_mixin.py:151} INFO - [2023-10-10T17:23:27.180+0000] {dag.py:3696} INFO - Setting next_dagrun for example_time_delta_sensor_async to None, run_after=None
[2023-10-10T17:23:27.189+0000] {processor.py:179} INFO - Processing /home/airflow/.local/lib/python3.8/site-packages/airflow/example_dags/example_time_delta_sensor_async.py took 0.035 seconds
[2023-10-10T17:23:57.284+0000] {processor.py:157} INFO - Started process (PID=729) to work on /home/airflow/.local/lib/python3.8/site-packages/airflow/example_dags/example_time_delta_sensor_async.py
[2023-10-10T17:23:57.285+0000] {processor.py:829} INFO - Processing file /home/airflow/.local/lib/python3.8/site-packages/airflow/example_dags/example_time_delta_sensor_async.py for tasks to queue
[2023-10-10T17:23:57.286+0000] {logging_mixin.py:151} INFO - [2023-10-10T17:23:57.286+0000] {dagbag.py:539} INFO - Filling up the DagBag from /home/airflow/.local/lib/python3.8/site-packages/airflow/example_dags/example_time_delta_sensor_async.py
[2023-10-10T17:23:57.290+0000] {processor.py:839} INFO - DAG(s) dict_keys(['example_time_delta_sensor_async']) retrieved from /home/airflow/.local/lib/python3.8/site-packages/airflow/example_dags/example_time_delta_sensor_async.py
[2023-10-10T17:23:57.301+0000] {logging_mixin.py:151} INFO - [2023-10-10T17:23:57.301+0000] {dag.py:2915} INFO - Sync 1 DAGs
[2023-10-10T17:23:57.308+0000] {logging_mixin.py:151} INFO - [2023-10-10T17:23:57.308+0000] {dag.py:3696} INFO - Setting next_dagrun for example_time_delta_sensor_async to None, run_after=None
[2023-10-10T17:23:57.316+0000] {processor.py:179} INFO - Processing /home/airflow/.local/lib/python3.8/site-packages/airflow/example_dags/example_time_delta_sensor_async.py took 0.035 seconds
[2023-10-10T17:24:27.465+0000] {processor.py:157} INFO - Started process (PID=785) to work on /home/airflow/.local/lib/python3.8/site-packages/airflow/example_dags/example_time_delta_sensor_async.py
[2023-10-10T17:24:27.466+0000] {processor.py:829} INFO - Processing file /home/airflow/.local/lib/python3.8/site-packages/airflow/example_dags/example_time_delta_sensor_async.py for tasks to queue
[2023-10-10T17:24:27.467+0000] {logging_mixin.py:151} INFO - [2023-10-10T17:24:27.467+0000] {dagbag.py:539} INFO - Filling up the DagBag from /home/airflow/.local/lib/python3.8/site-packages/airflow/example_dags/example_time_delta_sensor_async.py
[2023-10-10T17:24:27.471+0000] {processor.py:839} INFO - DAG(s) dict_keys(['example_time_delta_sensor_async']) retrieved from /home/airflow/.local/lib/python3.8/site-packages/airflow/example_dags/example_time_delta_sensor_async.py
[2023-10-10T17:24:27.483+0000] {logging_mixin.py:151} INFO - [2023-10-10T17:24:27.483+0000] {dag.py:2915} INFO - Sync 1 DAGs
[2023-10-10T17:24:27.490+0000] {logging_mixin.py:151} INFO - [2023-10-10T17:24:27.490+0000] {dag.py:3696} INFO - Setting next_dagrun for example_time_delta_sensor_async to None, run_after=None
[2023-10-10T17:24:27.500+0000] {processor.py:179} INFO - Processing /home/airflow/.local/lib/python3.8/site-packages/airflow/example_dags/example_time_delta_sensor_async.py took 0.038 seconds
[2023-10-10T17:24:57.718+0000] {processor.py:157} INFO - Started process (PID=841) to work on /home/airflow/.local/lib/python3.8/site-packages/airflow/example_dags/example_time_delta_sensor_async.py
[2023-10-10T17:24:57.720+0000] {processor.py:829} INFO - Processing file /home/airflow/.local/lib/python3.8/site-packages/airflow/example_dags/example_time_delta_sensor_async.py for tasks to queue
[2023-10-10T17:24:57.721+0000] {logging_mixin.py:151} INFO - [2023-10-10T17:24:57.721+0000] {dagbag.py:539} INFO - Filling up the DagBag from /home/airflow/.local/lib/python3.8/site-packages/airflow/example_dags/example_time_delta_sensor_async.py
[2023-10-10T17:24:57.725+0000] {processor.py:839} INFO - DAG(s) dict_keys(['example_time_delta_sensor_async']) retrieved from /home/airflow/.local/lib/python3.8/site-packages/airflow/example_dags/example_time_delta_sensor_async.py
[2023-10-10T17:24:57.738+0000] {logging_mixin.py:151} INFO - [2023-10-10T17:24:57.737+0000] {dag.py:2915} INFO - Sync 1 DAGs
[2023-10-10T17:24:57.745+0000] {logging_mixin.py:151} INFO - [2023-10-10T17:24:57.745+0000] {dag.py:3696} INFO - Setting next_dagrun for example_time_delta_sensor_async to None, run_after=None
[2023-10-10T17:24:57.754+0000] {processor.py:179} INFO - Processing /home/airflow/.local/lib/python3.8/site-packages/airflow/example_dags/example_time_delta_sensor_async.py took 0.039 seconds
[2023-10-10T17:25:27.900+0000] {processor.py:157} INFO - Started process (PID=897) to work on /home/airflow/.local/lib/python3.8/site-packages/airflow/example_dags/example_time_delta_sensor_async.py
[2023-10-10T17:25:27.901+0000] {processor.py:829} INFO - Processing file /home/airflow/.local/lib/python3.8/site-packages/airflow/example_dags/example_time_delta_sensor_async.py for tasks to queue
[2023-10-10T17:25:27.903+0000] {logging_mixin.py:151} INFO - [2023-10-10T17:25:27.903+0000] {dagbag.py:539} INFO - Filling up the DagBag from /home/airflow/.local/lib/python3.8/site-packages/airflow/example_dags/example_time_delta_sensor_async.py
[2023-10-10T17:25:27.906+0000] {processor.py:839} INFO - DAG(s) dict_keys(['example_time_delta_sensor_async']) retrieved from /home/airflow/.local/lib/python3.8/site-packages/airflow/example_dags/example_time_delta_sensor_async.py
[2023-10-10T17:25:27.917+0000] {logging_mixin.py:151} INFO - [2023-10-10T17:25:27.917+0000] {dag.py:2915} INFO - Sync 1 DAGs
[2023-10-10T17:25:27.924+0000] {logging_mixin.py:151} INFO - [2023-10-10T17:25:27.923+0000] {dag.py:3696} INFO - Setting next_dagrun for example_time_delta_sensor_async to None, run_after=None
[2023-10-10T17:25:27.932+0000] {processor.py:179} INFO - Processing /home/airflow/.local/lib/python3.8/site-packages/airflow/example_dags/example_time_delta_sensor_async.py took 0.034 seconds
[2023-10-10T17:25:58.039+0000] {processor.py:157} INFO - Started process (PID=953) to work on /home/airflow/.local/lib/python3.8/site-packages/airflow/example_dags/example_time_delta_sensor_async.py
[2023-10-10T17:25:58.040+0000] {processor.py:829} INFO - Processing file /home/airflow/.local/lib/python3.8/site-packages/airflow/example_dags/example_time_delta_sensor_async.py for tasks to queue
[2023-10-10T17:25:58.041+0000] {logging_mixin.py:151} INFO - [2023-10-10T17:25:58.041+0000] {dagbag.py:539} INFO - Filling up the DagBag from /home/airflow/.local/lib/python3.8/site-packages/airflow/example_dags/example_time_delta_sensor_async.py
[2023-10-10T17:25:58.044+0000] {processor.py:839} INFO - DAG(s) dict_keys(['example_time_delta_sensor_async']) retrieved from /home/airflow/.local/lib/python3.8/site-packages/airflow/example_dags/example_time_delta_sensor_async.py
[2023-10-10T17:25:58.055+0000] {logging_mixin.py:151} INFO - [2023-10-10T17:25:58.055+0000] {dag.py:2915} INFO - Sync 1 DAGs
[2023-10-10T17:25:58.061+0000] {logging_mixin.py:151} INFO - [2023-10-10T17:25:58.061+0000] {dag.py:3696} INFO - Setting next_dagrun for example_time_delta_sensor_async to None, run_after=None
[2023-10-10T17:25:58.069+0000] {processor.py:179} INFO - Processing /home/airflow/.local/lib/python3.8/site-packages/airflow/example_dags/example_time_delta_sensor_async.py took 0.032 seconds
[2023-10-10T17:26:28.203+0000] {processor.py:157} INFO - Started process (PID=1009) to work on /home/airflow/.local/lib/python3.8/site-packages/airflow/example_dags/example_time_delta_sensor_async.py
[2023-10-10T17:26:28.204+0000] {processor.py:829} INFO - Processing file /home/airflow/.local/lib/python3.8/site-packages/airflow/example_dags/example_time_delta_sensor_async.py for tasks to queue
[2023-10-10T17:26:28.206+0000] {logging_mixin.py:151} INFO - [2023-10-10T17:26:28.206+0000] {dagbag.py:539} INFO - Filling up the DagBag from /home/airflow/.local/lib/python3.8/site-packages/airflow/example_dags/example_time_delta_sensor_async.py
[2023-10-10T17:26:28.209+0000] {processor.py:839} INFO - DAG(s) dict_keys(['example_time_delta_sensor_async']) retrieved from /home/airflow/.local/lib/python3.8/site-packages/airflow/example_dags/example_time_delta_sensor_async.py
[2023-10-10T17:26:28.221+0000] {logging_mixin.py:151} INFO - [2023-10-10T17:26:28.221+0000] {dag.py:2915} INFO - Sync 1 DAGs
[2023-10-10T17:26:28.227+0000] {logging_mixin.py:151} INFO - [2023-10-10T17:26:28.227+0000] {dag.py:3696} INFO - Setting next_dagrun for example_time_delta_sensor_async to None, run_after=None
[2023-10-10T17:26:28.236+0000] {processor.py:179} INFO - Processing /home/airflow/.local/lib/python3.8/site-packages/airflow/example_dags/example_time_delta_sensor_async.py took 0.035 seconds
[2023-10-10T17:26:58.330+0000] {processor.py:157} INFO - Started process (PID=1065) to work on /home/airflow/.local/lib/python3.8/site-packages/airflow/example_dags/example_time_delta_sensor_async.py
[2023-10-10T17:26:58.331+0000] {processor.py:829} INFO - Processing file /home/airflow/.local/lib/python3.8/site-packages/airflow/example_dags/example_time_delta_sensor_async.py for tasks to queue
[2023-10-10T17:26:58.333+0000] {logging_mixin.py:151} INFO - [2023-10-10T17:26:58.333+0000] {dagbag.py:539} INFO - Filling up the DagBag from /home/airflow/.local/lib/python3.8/site-packages/airflow/example_dags/example_time_delta_sensor_async.py
[2023-10-10T17:26:58.337+0000] {processor.py:839} INFO - DAG(s) dict_keys(['example_time_delta_sensor_async']) retrieved from /home/airflow/.local/lib/python3.8/site-packages/airflow/example_dags/example_time_delta_sensor_async.py
[2023-10-10T17:26:58.350+0000] {logging_mixin.py:151} INFO - [2023-10-10T17:26:58.350+0000] {dag.py:2915} INFO - Sync 1 DAGs
[2023-10-10T17:26:58.357+0000] {logging_mixin.py:151} INFO - [2023-10-10T17:26:58.357+0000] {dag.py:3696} INFO - Setting next_dagrun for example_time_delta_sensor_async to None, run_after=None
[2023-10-10T17:26:58.368+0000] {processor.py:179} INFO - Processing /home/airflow/.local/lib/python3.8/site-packages/airflow/example_dags/example_time_delta_sensor_async.py took 0.040 seconds
[2023-10-10T17:27:28.458+0000] {processor.py:157} INFO - Started process (PID=1121) to work on /home/airflow/.local/lib/python3.8/site-packages/airflow/example_dags/example_time_delta_sensor_async.py
[2023-10-10T17:27:28.459+0000] {processor.py:829} INFO - Processing file /home/airflow/.local/lib/python3.8/site-packages/airflow/example_dags/example_time_delta_sensor_async.py for tasks to queue
[2023-10-10T17:27:28.460+0000] {logging_mixin.py:151} INFO - [2023-10-10T17:27:28.460+0000] {dagbag.py:539} INFO - Filling up the DagBag from /home/airflow/.local/lib/python3.8/site-packages/airflow/example_dags/example_time_delta_sensor_async.py
[2023-10-10T17:27:28.464+0000] {processor.py:839} INFO - DAG(s) dict_keys(['example_time_delta_sensor_async']) retrieved from /home/airflow/.local/lib/python3.8/site-packages/airflow/example_dags/example_time_delta_sensor_async.py
[2023-10-10T17:27:28.478+0000] {logging_mixin.py:151} INFO - [2023-10-10T17:27:28.478+0000] {dag.py:2915} INFO - Sync 1 DAGs
[2023-10-10T17:27:28.485+0000] {logging_mixin.py:151} INFO - [2023-10-10T17:27:28.485+0000] {dag.py:3696} INFO - Setting next_dagrun for example_time_delta_sensor_async to None, run_after=None
[2023-10-10T17:27:28.494+0000] {processor.py:179} INFO - Processing /home/airflow/.local/lib/python3.8/site-packages/airflow/example_dags/example_time_delta_sensor_async.py took 0.039 seconds
[2023-10-10T17:27:58.593+0000] {processor.py:157} INFO - Started process (PID=1177) to work on /home/airflow/.local/lib/python3.8/site-packages/airflow/example_dags/example_time_delta_sensor_async.py
[2023-10-10T17:27:58.594+0000] {processor.py:829} INFO - Processing file /home/airflow/.local/lib/python3.8/site-packages/airflow/example_dags/example_time_delta_sensor_async.py for tasks to queue
[2023-10-10T17:27:58.595+0000] {logging_mixin.py:151} INFO - [2023-10-10T17:27:58.595+0000] {dagbag.py:539} INFO - Filling up the DagBag from /home/airflow/.local/lib/python3.8/site-packages/airflow/example_dags/example_time_delta_sensor_async.py
[2023-10-10T17:27:58.598+0000] {processor.py:839} INFO - DAG(s) dict_keys(['example_time_delta_sensor_async']) retrieved from /home/airflow/.local/lib/python3.8/site-packages/airflow/example_dags/example_time_delta_sensor_async.py
[2023-10-10T17:27:58.610+0000] {logging_mixin.py:151} INFO - [2023-10-10T17:27:58.610+0000] {dag.py:2915} INFO - Sync 1 DAGs
[2023-10-10T17:27:58.617+0000] {logging_mixin.py:151} INFO - [2023-10-10T17:27:58.617+0000] {dag.py:3696} INFO - Setting next_dagrun for example_time_delta_sensor_async to None, run_after=None
[2023-10-10T17:27:58.627+0000] {processor.py:179} INFO - Processing /home/airflow/.local/lib/python3.8/site-packages/airflow/example_dags/example_time_delta_sensor_async.py took 0.036 seconds
[2023-10-10T17:28:28.662+0000] {processor.py:157} INFO - Started process (PID=1234) to work on /home/airflow/.local/lib/python3.8/site-packages/airflow/example_dags/example_time_delta_sensor_async.py
[2023-10-10T17:28:28.663+0000] {processor.py:829} INFO - Processing file /home/airflow/.local/lib/python3.8/site-packages/airflow/example_dags/example_time_delta_sensor_async.py for tasks to queue
[2023-10-10T17:28:28.665+0000] {logging_mixin.py:151} INFO - [2023-10-10T17:28:28.664+0000] {dagbag.py:539} INFO - Filling up the DagBag from /home/airflow/.local/lib/python3.8/site-packages/airflow/example_dags/example_time_delta_sensor_async.py
[2023-10-10T17:28:28.668+0000] {processor.py:839} INFO - DAG(s) dict_keys(['example_time_delta_sensor_async']) retrieved from /home/airflow/.local/lib/python3.8/site-packages/airflow/example_dags/example_time_delta_sensor_async.py
[2023-10-10T17:28:28.679+0000] {logging_mixin.py:151} INFO - [2023-10-10T17:28:28.679+0000] {dag.py:2915} INFO - Sync 1 DAGs
[2023-10-10T17:28:28.685+0000] {logging_mixin.py:151} INFO - [2023-10-10T17:28:28.685+0000] {dag.py:3696} INFO - Setting next_dagrun for example_time_delta_sensor_async to None, run_after=None
[2023-10-10T17:28:28.694+0000] {processor.py:179} INFO - Processing /home/airflow/.local/lib/python3.8/site-packages/airflow/example_dags/example_time_delta_sensor_async.py took 0.034 seconds
