[2023-10-10T06:38:11.415+0000] {processor.py:157} INFO - Started process (PID=68) to work on /home/airflow/.local/lib/python3.8/site-packages/airflow/example_dags/example_branch_operator.py
[2023-10-10T06:38:11.416+0000] {processor.py:829} INFO - Processing file /home/airflow/.local/lib/python3.8/site-packages/airflow/example_dags/example_branch_operator.py for tasks to queue
[2023-10-10T06:38:11.419+0000] {logging_mixin.py:151} INFO - [2023-10-10T06:38:11.418+0000] {dagbag.py:539} INFO - Filling up the DagBag from /home/airflow/.local/lib/python3.8/site-packages/airflow/example_dags/example_branch_operator.py
[2023-10-10T06:38:11.426+0000] {processor.py:839} INFO - DAG(s) dict_keys(['example_branch_operator']) retrieved from /home/airflow/.local/lib/python3.8/site-packages/airflow/example_dags/example_branch_operator.py
[2023-10-10T06:38:11.438+0000] {logging_mixin.py:151} INFO - [2023-10-10T06:38:11.438+0000] {dag.py:2915} INFO - Sync 1 DAGs
[2023-10-10T06:38:11.459+0000] {logging_mixin.py:151} INFO - [2023-10-10T06:38:11.459+0000] {dag.py:3696} INFO - Setting next_dagrun for example_branch_operator to 2023-10-09T00:00:00+00:00, run_after=2023-10-10T00:00:00+00:00
[2023-10-10T06:38:11.480+0000] {processor.py:179} INFO - Processing /home/airflow/.local/lib/python3.8/site-packages/airflow/example_dags/example_branch_operator.py took 0.069 seconds
[2023-10-10T06:38:41.602+0000] {processor.py:157} INFO - Started process (PID=124) to work on /home/airflow/.local/lib/python3.8/site-packages/airflow/example_dags/example_branch_operator.py
[2023-10-10T06:38:41.603+0000] {processor.py:829} INFO - Processing file /home/airflow/.local/lib/python3.8/site-packages/airflow/example_dags/example_branch_operator.py for tasks to queue
[2023-10-10T06:38:41.605+0000] {logging_mixin.py:151} INFO - [2023-10-10T06:38:41.605+0000] {dagbag.py:539} INFO - Filling up the DagBag from /home/airflow/.local/lib/python3.8/site-packages/airflow/example_dags/example_branch_operator.py
[2023-10-10T06:38:41.611+0000] {processor.py:839} INFO - DAG(s) dict_keys(['example_branch_operator']) retrieved from /home/airflow/.local/lib/python3.8/site-packages/airflow/example_dags/example_branch_operator.py
[2023-10-10T06:38:41.624+0000] {logging_mixin.py:151} INFO - [2023-10-10T06:38:41.624+0000] {dag.py:2915} INFO - Sync 1 DAGs
[2023-10-10T06:38:41.636+0000] {logging_mixin.py:151} INFO - [2023-10-10T06:38:41.636+0000] {dag.py:3696} INFO - Setting next_dagrun for example_branch_operator to 2023-10-09T00:00:00+00:00, run_after=2023-10-10T00:00:00+00:00
[2023-10-10T06:38:41.645+0000] {processor.py:179} INFO - Processing /home/airflow/.local/lib/python3.8/site-packages/airflow/example_dags/example_branch_operator.py took 0.045 seconds
[2023-10-10T06:39:11.953+0000] {processor.py:157} INFO - Started process (PID=180) to work on /home/airflow/.local/lib/python3.8/site-packages/airflow/example_dags/example_branch_operator.py
[2023-10-10T06:39:11.954+0000] {processor.py:829} INFO - Processing file /home/airflow/.local/lib/python3.8/site-packages/airflow/example_dags/example_branch_operator.py for tasks to queue
[2023-10-10T06:39:11.956+0000] {logging_mixin.py:151} INFO - [2023-10-10T06:39:11.956+0000] {dagbag.py:539} INFO - Filling up the DagBag from /home/airflow/.local/lib/python3.8/site-packages/airflow/example_dags/example_branch_operator.py
[2023-10-10T06:39:11.962+0000] {processor.py:839} INFO - DAG(s) dict_keys(['example_branch_operator']) retrieved from /home/airflow/.local/lib/python3.8/site-packages/airflow/example_dags/example_branch_operator.py
[2023-10-10T06:39:11.976+0000] {logging_mixin.py:151} INFO - [2023-10-10T06:39:11.976+0000] {dag.py:2915} INFO - Sync 1 DAGs
[2023-10-10T06:39:11.989+0000] {logging_mixin.py:151} INFO - [2023-10-10T06:39:11.989+0000] {dag.py:3696} INFO - Setting next_dagrun for example_branch_operator to 2023-10-09T00:00:00+00:00, run_after=2023-10-10T00:00:00+00:00
[2023-10-10T06:39:11.999+0000] {processor.py:179} INFO - Processing /home/airflow/.local/lib/python3.8/site-packages/airflow/example_dags/example_branch_operator.py took 0.048 seconds
[2023-10-10T06:39:42.101+0000] {processor.py:157} INFO - Started process (PID=236) to work on /home/airflow/.local/lib/python3.8/site-packages/airflow/example_dags/example_branch_operator.py
[2023-10-10T06:39:42.102+0000] {processor.py:829} INFO - Processing file /home/airflow/.local/lib/python3.8/site-packages/airflow/example_dags/example_branch_operator.py for tasks to queue
[2023-10-10T06:39:42.104+0000] {logging_mixin.py:151} INFO - [2023-10-10T06:39:42.104+0000] {dagbag.py:539} INFO - Filling up the DagBag from /home/airflow/.local/lib/python3.8/site-packages/airflow/example_dags/example_branch_operator.py
[2023-10-10T06:39:42.110+0000] {processor.py:839} INFO - DAG(s) dict_keys(['example_branch_operator']) retrieved from /home/airflow/.local/lib/python3.8/site-packages/airflow/example_dags/example_branch_operator.py
[2023-10-10T06:39:42.125+0000] {logging_mixin.py:151} INFO - [2023-10-10T06:39:42.125+0000] {dag.py:2915} INFO - Sync 1 DAGs
[2023-10-10T06:39:42.138+0000] {logging_mixin.py:151} INFO - [2023-10-10T06:39:42.138+0000] {dag.py:3696} INFO - Setting next_dagrun for example_branch_operator to 2023-10-09T00:00:00+00:00, run_after=2023-10-10T00:00:00+00:00
[2023-10-10T06:39:42.148+0000] {processor.py:179} INFO - Processing /home/airflow/.local/lib/python3.8/site-packages/airflow/example_dags/example_branch_operator.py took 0.049 seconds
[2023-10-10T06:40:12.388+0000] {processor.py:157} INFO - Started process (PID=292) to work on /home/airflow/.local/lib/python3.8/site-packages/airflow/example_dags/example_branch_operator.py
[2023-10-10T06:40:12.389+0000] {processor.py:829} INFO - Processing file /home/airflow/.local/lib/python3.8/site-packages/airflow/example_dags/example_branch_operator.py for tasks to queue
[2023-10-10T06:40:12.392+0000] {logging_mixin.py:151} INFO - [2023-10-10T06:40:12.391+0000] {dagbag.py:539} INFO - Filling up the DagBag from /home/airflow/.local/lib/python3.8/site-packages/airflow/example_dags/example_branch_operator.py
[2023-10-10T06:40:12.397+0000] {processor.py:839} INFO - DAG(s) dict_keys(['example_branch_operator']) retrieved from /home/airflow/.local/lib/python3.8/site-packages/airflow/example_dags/example_branch_operator.py
[2023-10-10T06:40:12.411+0000] {logging_mixin.py:151} INFO - [2023-10-10T06:40:12.411+0000] {dag.py:2915} INFO - Sync 1 DAGs
[2023-10-10T06:40:12.424+0000] {logging_mixin.py:151} INFO - [2023-10-10T06:40:12.424+0000] {dag.py:3696} INFO - Setting next_dagrun for example_branch_operator to 2023-10-09T00:00:00+00:00, run_after=2023-10-10T00:00:00+00:00
[2023-10-10T06:40:12.434+0000] {processor.py:179} INFO - Processing /home/airflow/.local/lib/python3.8/site-packages/airflow/example_dags/example_branch_operator.py took 0.048 seconds
[2023-10-10T06:40:42.994+0000] {processor.py:157} INFO - Started process (PID=348) to work on /home/airflow/.local/lib/python3.8/site-packages/airflow/example_dags/example_branch_operator.py
[2023-10-10T06:40:42.995+0000] {processor.py:829} INFO - Processing file /home/airflow/.local/lib/python3.8/site-packages/airflow/example_dags/example_branch_operator.py for tasks to queue
[2023-10-10T06:40:42.996+0000] {logging_mixin.py:151} INFO - [2023-10-10T06:40:42.996+0000] {dagbag.py:539} INFO - Filling up the DagBag from /home/airflow/.local/lib/python3.8/site-packages/airflow/example_dags/example_branch_operator.py
[2023-10-10T06:40:43.001+0000] {processor.py:839} INFO - DAG(s) dict_keys(['example_branch_operator']) retrieved from /home/airflow/.local/lib/python3.8/site-packages/airflow/example_dags/example_branch_operator.py
[2023-10-10T06:40:43.018+0000] {logging_mixin.py:151} INFO - [2023-10-10T06:40:43.018+0000] {dag.py:2915} INFO - Sync 1 DAGs
[2023-10-10T06:40:43.033+0000] {logging_mixin.py:151} INFO - [2023-10-10T06:40:43.033+0000] {dag.py:3696} INFO - Setting next_dagrun for example_branch_operator to 2023-10-09T00:00:00+00:00, run_after=2023-10-10T00:00:00+00:00
[2023-10-10T06:40:43.045+0000] {processor.py:179} INFO - Processing /home/airflow/.local/lib/python3.8/site-packages/airflow/example_dags/example_branch_operator.py took 0.053 seconds
[2023-10-10T06:41:13.325+0000] {processor.py:157} INFO - Started process (PID=404) to work on /home/airflow/.local/lib/python3.8/site-packages/airflow/example_dags/example_branch_operator.py
[2023-10-10T06:41:13.326+0000] {processor.py:829} INFO - Processing file /home/airflow/.local/lib/python3.8/site-packages/airflow/example_dags/example_branch_operator.py for tasks to queue
[2023-10-10T06:41:13.327+0000] {logging_mixin.py:151} INFO - [2023-10-10T06:41:13.327+0000] {dagbag.py:539} INFO - Filling up the DagBag from /home/airflow/.local/lib/python3.8/site-packages/airflow/example_dags/example_branch_operator.py
[2023-10-10T06:41:13.334+0000] {processor.py:839} INFO - DAG(s) dict_keys(['example_branch_operator']) retrieved from /home/airflow/.local/lib/python3.8/site-packages/airflow/example_dags/example_branch_operator.py
[2023-10-10T06:41:13.349+0000] {logging_mixin.py:151} INFO - [2023-10-10T06:41:13.348+0000] {dag.py:2915} INFO - Sync 1 DAGs
[2023-10-10T06:41:13.362+0000] {logging_mixin.py:151} INFO - [2023-10-10T06:41:13.362+0000] {dag.py:3696} INFO - Setting next_dagrun for example_branch_operator to 2023-10-09T00:00:00+00:00, run_after=2023-10-10T00:00:00+00:00
[2023-10-10T06:41:13.374+0000] {processor.py:179} INFO - Processing /home/airflow/.local/lib/python3.8/site-packages/airflow/example_dags/example_branch_operator.py took 0.052 seconds
[2023-10-10T06:41:44.625+0000] {processor.py:157} INFO - Started process (PID=460) to work on /home/airflow/.local/lib/python3.8/site-packages/airflow/example_dags/example_branch_operator.py
[2023-10-10T06:41:44.625+0000] {processor.py:829} INFO - Processing file /home/airflow/.local/lib/python3.8/site-packages/airflow/example_dags/example_branch_operator.py for tasks to queue
[2023-10-10T06:41:44.627+0000] {logging_mixin.py:151} INFO - [2023-10-10T06:41:44.627+0000] {dagbag.py:539} INFO - Filling up the DagBag from /home/airflow/.local/lib/python3.8/site-packages/airflow/example_dags/example_branch_operator.py
[2023-10-10T06:41:44.633+0000] {processor.py:839} INFO - DAG(s) dict_keys(['example_branch_operator']) retrieved from /home/airflow/.local/lib/python3.8/site-packages/airflow/example_dags/example_branch_operator.py
[2023-10-10T06:41:44.646+0000] {logging_mixin.py:151} INFO - [2023-10-10T06:41:44.646+0000] {dag.py:2915} INFO - Sync 1 DAGs
[2023-10-10T06:41:44.659+0000] {logging_mixin.py:151} INFO - [2023-10-10T06:41:44.659+0000] {dag.py:3696} INFO - Setting next_dagrun for example_branch_operator to 2023-10-09T00:00:00+00:00, run_after=2023-10-10T00:00:00+00:00
[2023-10-10T06:41:44.668+0000] {processor.py:179} INFO - Processing /home/airflow/.local/lib/python3.8/site-packages/airflow/example_dags/example_branch_operator.py took 0.046 seconds
[2023-10-10T06:42:14.932+0000] {processor.py:157} INFO - Started process (PID=516) to work on /home/airflow/.local/lib/python3.8/site-packages/airflow/example_dags/example_branch_operator.py
[2023-10-10T06:42:14.933+0000] {processor.py:829} INFO - Processing file /home/airflow/.local/lib/python3.8/site-packages/airflow/example_dags/example_branch_operator.py for tasks to queue
[2023-10-10T06:42:14.934+0000] {logging_mixin.py:151} INFO - [2023-10-10T06:42:14.934+0000] {dagbag.py:539} INFO - Filling up the DagBag from /home/airflow/.local/lib/python3.8/site-packages/airflow/example_dags/example_branch_operator.py
[2023-10-10T06:42:14.940+0000] {processor.py:839} INFO - DAG(s) dict_keys(['example_branch_operator']) retrieved from /home/airflow/.local/lib/python3.8/site-packages/airflow/example_dags/example_branch_operator.py
[2023-10-10T06:42:14.952+0000] {logging_mixin.py:151} INFO - [2023-10-10T06:42:14.952+0000] {dag.py:2915} INFO - Sync 1 DAGs
[2023-10-10T06:42:14.964+0000] {logging_mixin.py:151} INFO - [2023-10-10T06:42:14.963+0000] {dag.py:3696} INFO - Setting next_dagrun for example_branch_operator to 2023-10-09T00:00:00+00:00, run_after=2023-10-10T00:00:00+00:00
[2023-10-10T06:42:14.972+0000] {processor.py:179} INFO - Processing /home/airflow/.local/lib/python3.8/site-packages/airflow/example_dags/example_branch_operator.py took 0.042 seconds
[2023-10-10T06:42:45.183+0000] {processor.py:157} INFO - Started process (PID=572) to work on /home/airflow/.local/lib/python3.8/site-packages/airflow/example_dags/example_branch_operator.py
[2023-10-10T06:42:45.184+0000] {processor.py:829} INFO - Processing file /home/airflow/.local/lib/python3.8/site-packages/airflow/example_dags/example_branch_operator.py for tasks to queue
[2023-10-10T06:42:45.186+0000] {logging_mixin.py:151} INFO - [2023-10-10T06:42:45.185+0000] {dagbag.py:539} INFO - Filling up the DagBag from /home/airflow/.local/lib/python3.8/site-packages/airflow/example_dags/example_branch_operator.py
[2023-10-10T06:42:45.191+0000] {processor.py:839} INFO - DAG(s) dict_keys(['example_branch_operator']) retrieved from /home/airflow/.local/lib/python3.8/site-packages/airflow/example_dags/example_branch_operator.py
[2023-10-10T06:42:45.205+0000] {logging_mixin.py:151} INFO - [2023-10-10T06:42:45.204+0000] {dag.py:2915} INFO - Sync 1 DAGs
[2023-10-10T06:42:45.217+0000] {logging_mixin.py:151} INFO - [2023-10-10T06:42:45.217+0000] {dag.py:3696} INFO - Setting next_dagrun for example_branch_operator to 2023-10-09T00:00:00+00:00, run_after=2023-10-10T00:00:00+00:00
[2023-10-10T06:42:45.228+0000] {processor.py:179} INFO - Processing /home/airflow/.local/lib/python3.8/site-packages/airflow/example_dags/example_branch_operator.py took 0.047 seconds
[2023-10-10T06:43:15.616+0000] {processor.py:157} INFO - Started process (PID=628) to work on /home/airflow/.local/lib/python3.8/site-packages/airflow/example_dags/example_branch_operator.py
[2023-10-10T06:43:15.617+0000] {processor.py:829} INFO - Processing file /home/airflow/.local/lib/python3.8/site-packages/airflow/example_dags/example_branch_operator.py for tasks to queue
[2023-10-10T06:43:15.619+0000] {logging_mixin.py:151} INFO - [2023-10-10T06:43:15.619+0000] {dagbag.py:539} INFO - Filling up the DagBag from /home/airflow/.local/lib/python3.8/site-packages/airflow/example_dags/example_branch_operator.py
[2023-10-10T06:43:15.624+0000] {processor.py:839} INFO - DAG(s) dict_keys(['example_branch_operator']) retrieved from /home/airflow/.local/lib/python3.8/site-packages/airflow/example_dags/example_branch_operator.py
[2023-10-10T06:43:15.637+0000] {logging_mixin.py:151} INFO - [2023-10-10T06:43:15.637+0000] {dag.py:2915} INFO - Sync 1 DAGs
[2023-10-10T06:43:15.649+0000] {logging_mixin.py:151} INFO - [2023-10-10T06:43:15.649+0000] {dag.py:3696} INFO - Setting next_dagrun for example_branch_operator to 2023-10-09T00:00:00+00:00, run_after=2023-10-10T00:00:00+00:00
[2023-10-10T06:43:15.658+0000] {processor.py:179} INFO - Processing /home/airflow/.local/lib/python3.8/site-packages/airflow/example_dags/example_branch_operator.py took 0.044 seconds
[2023-10-10T06:46:50.047+0000] {processor.py:157} INFO - Started process (PID=69) to work on /home/airflow/.local/lib/python3.8/site-packages/airflow/example_dags/example_branch_operator.py
[2023-10-10T06:46:50.049+0000] {processor.py:829} INFO - Processing file /home/airflow/.local/lib/python3.8/site-packages/airflow/example_dags/example_branch_operator.py for tasks to queue
[2023-10-10T06:46:50.053+0000] {logging_mixin.py:151} INFO - [2023-10-10T06:46:50.053+0000] {dagbag.py:539} INFO - Filling up the DagBag from /home/airflow/.local/lib/python3.8/site-packages/airflow/example_dags/example_branch_operator.py
[2023-10-10T06:46:50.063+0000] {processor.py:839} INFO - DAG(s) dict_keys(['example_branch_operator']) retrieved from /home/airflow/.local/lib/python3.8/site-packages/airflow/example_dags/example_branch_operator.py
[2023-10-10T06:46:50.074+0000] {logging_mixin.py:151} INFO - [2023-10-10T06:46:50.074+0000] {dag.py:2915} INFO - Sync 1 DAGs
[2023-10-10T06:46:50.103+0000] {logging_mixin.py:151} INFO - [2023-10-10T06:46:50.103+0000] {dag.py:3696} INFO - Setting next_dagrun for example_branch_operator to 2023-10-09T00:00:00+00:00, run_after=2023-10-10T00:00:00+00:00
[2023-10-10T06:46:50.116+0000] {processor.py:179} INFO - Processing /home/airflow/.local/lib/python3.8/site-packages/airflow/example_dags/example_branch_operator.py took 0.074 seconds
[2023-10-10T06:47:20.356+0000] {processor.py:157} INFO - Started process (PID=125) to work on /home/airflow/.local/lib/python3.8/site-packages/airflow/example_dags/example_branch_operator.py
[2023-10-10T06:47:20.357+0000] {processor.py:829} INFO - Processing file /home/airflow/.local/lib/python3.8/site-packages/airflow/example_dags/example_branch_operator.py for tasks to queue
[2023-10-10T06:47:20.359+0000] {logging_mixin.py:151} INFO - [2023-10-10T06:47:20.359+0000] {dagbag.py:539} INFO - Filling up the DagBag from /home/airflow/.local/lib/python3.8/site-packages/airflow/example_dags/example_branch_operator.py
[2023-10-10T06:47:20.364+0000] {processor.py:839} INFO - DAG(s) dict_keys(['example_branch_operator']) retrieved from /home/airflow/.local/lib/python3.8/site-packages/airflow/example_dags/example_branch_operator.py
[2023-10-10T06:47:20.378+0000] {logging_mixin.py:151} INFO - [2023-10-10T06:47:20.378+0000] {dag.py:2915} INFO - Sync 1 DAGs
[2023-10-10T06:47:20.390+0000] {logging_mixin.py:151} INFO - [2023-10-10T06:47:20.390+0000] {dag.py:3696} INFO - Setting next_dagrun for example_branch_operator to 2023-10-09T00:00:00+00:00, run_after=2023-10-10T00:00:00+00:00
[2023-10-10T06:47:20.400+0000] {processor.py:179} INFO - Processing /home/airflow/.local/lib/python3.8/site-packages/airflow/example_dags/example_branch_operator.py took 0.046 seconds
[2023-10-10T06:47:50.470+0000] {processor.py:157} INFO - Started process (PID=181) to work on /home/airflow/.local/lib/python3.8/site-packages/airflow/example_dags/example_branch_operator.py
[2023-10-10T06:47:50.471+0000] {processor.py:829} INFO - Processing file /home/airflow/.local/lib/python3.8/site-packages/airflow/example_dags/example_branch_operator.py for tasks to queue
[2023-10-10T06:47:50.472+0000] {logging_mixin.py:151} INFO - [2023-10-10T06:47:50.472+0000] {dagbag.py:539} INFO - Filling up the DagBag from /home/airflow/.local/lib/python3.8/site-packages/airflow/example_dags/example_branch_operator.py
[2023-10-10T06:47:50.478+0000] {processor.py:839} INFO - DAG(s) dict_keys(['example_branch_operator']) retrieved from /home/airflow/.local/lib/python3.8/site-packages/airflow/example_dags/example_branch_operator.py
[2023-10-10T06:47:50.491+0000] {logging_mixin.py:151} INFO - [2023-10-10T06:47:50.491+0000] {dag.py:2915} INFO - Sync 1 DAGs
[2023-10-10T06:47:50.503+0000] {logging_mixin.py:151} INFO - [2023-10-10T06:47:50.502+0000] {dag.py:3696} INFO - Setting next_dagrun for example_branch_operator to 2023-10-09T00:00:00+00:00, run_after=2023-10-10T00:00:00+00:00
[2023-10-10T06:47:50.511+0000] {processor.py:179} INFO - Processing /home/airflow/.local/lib/python3.8/site-packages/airflow/example_dags/example_branch_operator.py took 0.044 seconds
[2023-10-10T06:48:20.814+0000] {processor.py:157} INFO - Started process (PID=237) to work on /home/airflow/.local/lib/python3.8/site-packages/airflow/example_dags/example_branch_operator.py
[2023-10-10T06:48:20.815+0000] {processor.py:829} INFO - Processing file /home/airflow/.local/lib/python3.8/site-packages/airflow/example_dags/example_branch_operator.py for tasks to queue
[2023-10-10T06:48:20.817+0000] {logging_mixin.py:151} INFO - [2023-10-10T06:48:20.817+0000] {dagbag.py:539} INFO - Filling up the DagBag from /home/airflow/.local/lib/python3.8/site-packages/airflow/example_dags/example_branch_operator.py
[2023-10-10T06:48:20.822+0000] {processor.py:839} INFO - DAG(s) dict_keys(['example_branch_operator']) retrieved from /home/airflow/.local/lib/python3.8/site-packages/airflow/example_dags/example_branch_operator.py
[2023-10-10T06:48:20.836+0000] {logging_mixin.py:151} INFO - [2023-10-10T06:48:20.836+0000] {dag.py:2915} INFO - Sync 1 DAGs
[2023-10-10T06:48:20.849+0000] {logging_mixin.py:151} INFO - [2023-10-10T06:48:20.849+0000] {dag.py:3696} INFO - Setting next_dagrun for example_branch_operator to 2023-10-09T00:00:00+00:00, run_after=2023-10-10T00:00:00+00:00
[2023-10-10T06:48:20.859+0000] {processor.py:179} INFO - Processing /home/airflow/.local/lib/python3.8/site-packages/airflow/example_dags/example_branch_operator.py took 0.047 seconds
[2023-10-10T06:48:50.895+0000] {processor.py:157} INFO - Started process (PID=293) to work on /home/airflow/.local/lib/python3.8/site-packages/airflow/example_dags/example_branch_operator.py
[2023-10-10T06:48:50.896+0000] {processor.py:829} INFO - Processing file /home/airflow/.local/lib/python3.8/site-packages/airflow/example_dags/example_branch_operator.py for tasks to queue
[2023-10-10T06:48:50.898+0000] {logging_mixin.py:151} INFO - [2023-10-10T06:48:50.897+0000] {dagbag.py:539} INFO - Filling up the DagBag from /home/airflow/.local/lib/python3.8/site-packages/airflow/example_dags/example_branch_operator.py
[2023-10-10T06:48:50.903+0000] {processor.py:839} INFO - DAG(s) dict_keys(['example_branch_operator']) retrieved from /home/airflow/.local/lib/python3.8/site-packages/airflow/example_dags/example_branch_operator.py
[2023-10-10T06:48:50.917+0000] {logging_mixin.py:151} INFO - [2023-10-10T06:48:50.917+0000] {dag.py:2915} INFO - Sync 1 DAGs
[2023-10-10T06:48:50.928+0000] {logging_mixin.py:151} INFO - [2023-10-10T06:48:50.928+0000] {dag.py:3696} INFO - Setting next_dagrun for example_branch_operator to 2023-10-09T00:00:00+00:00, run_after=2023-10-10T00:00:00+00:00
[2023-10-10T06:48:50.937+0000] {processor.py:179} INFO - Processing /home/airflow/.local/lib/python3.8/site-packages/airflow/example_dags/example_branch_operator.py took 0.044 seconds
[2023-10-10T06:49:21.144+0000] {processor.py:157} INFO - Started process (PID=348) to work on /home/airflow/.local/lib/python3.8/site-packages/airflow/example_dags/example_branch_operator.py
[2023-10-10T06:49:21.145+0000] {processor.py:829} INFO - Processing file /home/airflow/.local/lib/python3.8/site-packages/airflow/example_dags/example_branch_operator.py for tasks to queue
[2023-10-10T06:49:21.147+0000] {logging_mixin.py:151} INFO - [2023-10-10T06:49:21.147+0000] {dagbag.py:539} INFO - Filling up the DagBag from /home/airflow/.local/lib/python3.8/site-packages/airflow/example_dags/example_branch_operator.py
[2023-10-10T06:49:21.153+0000] {processor.py:839} INFO - DAG(s) dict_keys(['example_branch_operator']) retrieved from /home/airflow/.local/lib/python3.8/site-packages/airflow/example_dags/example_branch_operator.py
[2023-10-10T06:49:21.167+0000] {logging_mixin.py:151} INFO - [2023-10-10T06:49:21.166+0000] {dag.py:2915} INFO - Sync 1 DAGs
[2023-10-10T06:49:21.181+0000] {logging_mixin.py:151} INFO - [2023-10-10T06:49:21.181+0000] {dag.py:3696} INFO - Setting next_dagrun for example_branch_operator to 2023-10-09T00:00:00+00:00, run_after=2023-10-10T00:00:00+00:00
[2023-10-10T06:49:21.193+0000] {processor.py:179} INFO - Processing /home/airflow/.local/lib/python3.8/site-packages/airflow/example_dags/example_branch_operator.py took 0.050 seconds
[2023-10-10T06:49:52.390+0000] {processor.py:157} INFO - Started process (PID=405) to work on /home/airflow/.local/lib/python3.8/site-packages/airflow/example_dags/example_branch_operator.py
[2023-10-10T06:49:52.391+0000] {processor.py:829} INFO - Processing file /home/airflow/.local/lib/python3.8/site-packages/airflow/example_dags/example_branch_operator.py for tasks to queue
[2023-10-10T06:49:52.393+0000] {logging_mixin.py:151} INFO - [2023-10-10T06:49:52.392+0000] {dagbag.py:539} INFO - Filling up the DagBag from /home/airflow/.local/lib/python3.8/site-packages/airflow/example_dags/example_branch_operator.py
[2023-10-10T06:49:52.398+0000] {processor.py:839} INFO - DAG(s) dict_keys(['example_branch_operator']) retrieved from /home/airflow/.local/lib/python3.8/site-packages/airflow/example_dags/example_branch_operator.py
[2023-10-10T06:49:52.416+0000] {logging_mixin.py:151} INFO - [2023-10-10T06:49:52.416+0000] {dag.py:2915} INFO - Sync 1 DAGs
[2023-10-10T06:49:52.439+0000] {logging_mixin.py:151} INFO - [2023-10-10T06:49:52.439+0000] {dag.py:3696} INFO - Setting next_dagrun for example_branch_operator to 2023-10-09T00:00:00+00:00, run_after=2023-10-10T00:00:00+00:00
[2023-10-10T06:49:52.454+0000] {processor.py:179} INFO - Processing /home/airflow/.local/lib/python3.8/site-packages/airflow/example_dags/example_branch_operator.py took 0.067 seconds
[2023-10-10T06:50:22.476+0000] {processor.py:157} INFO - Started process (PID=461) to work on /home/airflow/.local/lib/python3.8/site-packages/airflow/example_dags/example_branch_operator.py
[2023-10-10T06:50:22.477+0000] {processor.py:829} INFO - Processing file /home/airflow/.local/lib/python3.8/site-packages/airflow/example_dags/example_branch_operator.py for tasks to queue
[2023-10-10T06:50:22.479+0000] {logging_mixin.py:151} INFO - [2023-10-10T06:50:22.479+0000] {dagbag.py:539} INFO - Filling up the DagBag from /home/airflow/.local/lib/python3.8/site-packages/airflow/example_dags/example_branch_operator.py
[2023-10-10T06:50:22.484+0000] {processor.py:839} INFO - DAG(s) dict_keys(['example_branch_operator']) retrieved from /home/airflow/.local/lib/python3.8/site-packages/airflow/example_dags/example_branch_operator.py
[2023-10-10T06:50:22.496+0000] {logging_mixin.py:151} INFO - [2023-10-10T06:50:22.496+0000] {dag.py:2915} INFO - Sync 1 DAGs
[2023-10-10T06:50:22.508+0000] {logging_mixin.py:151} INFO - [2023-10-10T06:50:22.508+0000] {dag.py:3696} INFO - Setting next_dagrun for example_branch_operator to 2023-10-09T00:00:00+00:00, run_after=2023-10-10T00:00:00+00:00
[2023-10-10T06:50:22.518+0000] {processor.py:179} INFO - Processing /home/airflow/.local/lib/python3.8/site-packages/airflow/example_dags/example_branch_operator.py took 0.044 seconds
[2023-10-10T06:50:52.798+0000] {processor.py:157} INFO - Started process (PID=517) to work on /home/airflow/.local/lib/python3.8/site-packages/airflow/example_dags/example_branch_operator.py
[2023-10-10T06:50:52.799+0000] {processor.py:829} INFO - Processing file /home/airflow/.local/lib/python3.8/site-packages/airflow/example_dags/example_branch_operator.py for tasks to queue
[2023-10-10T06:50:52.801+0000] {logging_mixin.py:151} INFO - [2023-10-10T06:50:52.800+0000] {dagbag.py:539} INFO - Filling up the DagBag from /home/airflow/.local/lib/python3.8/site-packages/airflow/example_dags/example_branch_operator.py
[2023-10-10T06:50:52.806+0000] {processor.py:839} INFO - DAG(s) dict_keys(['example_branch_operator']) retrieved from /home/airflow/.local/lib/python3.8/site-packages/airflow/example_dags/example_branch_operator.py
[2023-10-10T06:50:52.820+0000] {logging_mixin.py:151} INFO - [2023-10-10T06:50:52.819+0000] {dag.py:2915} INFO - Sync 1 DAGs
[2023-10-10T06:50:52.832+0000] {logging_mixin.py:151} INFO - [2023-10-10T06:50:52.832+0000] {dag.py:3696} INFO - Setting next_dagrun for example_branch_operator to 2023-10-09T00:00:00+00:00, run_after=2023-10-10T00:00:00+00:00
[2023-10-10T06:50:52.841+0000] {processor.py:179} INFO - Processing /home/airflow/.local/lib/python3.8/site-packages/airflow/example_dags/example_branch_operator.py took 0.046 seconds
[2023-10-10T06:51:23.186+0000] {processor.py:157} INFO - Started process (PID=573) to work on /home/airflow/.local/lib/python3.8/site-packages/airflow/example_dags/example_branch_operator.py
[2023-10-10T06:51:23.187+0000] {processor.py:829} INFO - Processing file /home/airflow/.local/lib/python3.8/site-packages/airflow/example_dags/example_branch_operator.py for tasks to queue
[2023-10-10T06:51:23.189+0000] {logging_mixin.py:151} INFO - [2023-10-10T06:51:23.189+0000] {dagbag.py:539} INFO - Filling up the DagBag from /home/airflow/.local/lib/python3.8/site-packages/airflow/example_dags/example_branch_operator.py
[2023-10-10T06:51:23.194+0000] {processor.py:839} INFO - DAG(s) dict_keys(['example_branch_operator']) retrieved from /home/airflow/.local/lib/python3.8/site-packages/airflow/example_dags/example_branch_operator.py
[2023-10-10T06:51:23.207+0000] {logging_mixin.py:151} INFO - [2023-10-10T06:51:23.207+0000] {dag.py:2915} INFO - Sync 1 DAGs
[2023-10-10T06:51:23.219+0000] {logging_mixin.py:151} INFO - [2023-10-10T06:51:23.219+0000] {dag.py:3696} INFO - Setting next_dagrun for example_branch_operator to 2023-10-09T00:00:00+00:00, run_after=2023-10-10T00:00:00+00:00
[2023-10-10T06:51:23.228+0000] {processor.py:179} INFO - Processing /home/airflow/.local/lib/python3.8/site-packages/airflow/example_dags/example_branch_operator.py took 0.044 seconds
[2023-10-10T06:51:53.502+0000] {processor.py:157} INFO - Started process (PID=629) to work on /home/airflow/.local/lib/python3.8/site-packages/airflow/example_dags/example_branch_operator.py
[2023-10-10T06:51:53.503+0000] {processor.py:829} INFO - Processing file /home/airflow/.local/lib/python3.8/site-packages/airflow/example_dags/example_branch_operator.py for tasks to queue
[2023-10-10T06:51:53.505+0000] {logging_mixin.py:151} INFO - [2023-10-10T06:51:53.505+0000] {dagbag.py:539} INFO - Filling up the DagBag from /home/airflow/.local/lib/python3.8/site-packages/airflow/example_dags/example_branch_operator.py
[2023-10-10T06:51:53.511+0000] {processor.py:839} INFO - DAG(s) dict_keys(['example_branch_operator']) retrieved from /home/airflow/.local/lib/python3.8/site-packages/airflow/example_dags/example_branch_operator.py
[2023-10-10T06:51:53.526+0000] {logging_mixin.py:151} INFO - [2023-10-10T06:51:53.526+0000] {dag.py:2915} INFO - Sync 1 DAGs
[2023-10-10T06:51:53.538+0000] {logging_mixin.py:151} INFO - [2023-10-10T06:51:53.538+0000] {dag.py:3696} INFO - Setting next_dagrun for example_branch_operator to 2023-10-09T00:00:00+00:00, run_after=2023-10-10T00:00:00+00:00
[2023-10-10T06:51:53.548+0000] {processor.py:179} INFO - Processing /home/airflow/.local/lib/python3.8/site-packages/airflow/example_dags/example_branch_operator.py took 0.049 seconds
[2023-10-10T06:52:23.729+0000] {processor.py:157} INFO - Started process (PID=685) to work on /home/airflow/.local/lib/python3.8/site-packages/airflow/example_dags/example_branch_operator.py
[2023-10-10T06:52:23.730+0000] {processor.py:829} INFO - Processing file /home/airflow/.local/lib/python3.8/site-packages/airflow/example_dags/example_branch_operator.py for tasks to queue
[2023-10-10T06:52:23.731+0000] {logging_mixin.py:151} INFO - [2023-10-10T06:52:23.731+0000] {dagbag.py:539} INFO - Filling up the DagBag from /home/airflow/.local/lib/python3.8/site-packages/airflow/example_dags/example_branch_operator.py
[2023-10-10T06:52:23.737+0000] {processor.py:839} INFO - DAG(s) dict_keys(['example_branch_operator']) retrieved from /home/airflow/.local/lib/python3.8/site-packages/airflow/example_dags/example_branch_operator.py
[2023-10-10T06:52:23.753+0000] {logging_mixin.py:151} INFO - [2023-10-10T06:52:23.753+0000] {dag.py:2915} INFO - Sync 1 DAGs
[2023-10-10T06:52:23.767+0000] {logging_mixin.py:151} INFO - [2023-10-10T06:52:23.767+0000] {dag.py:3696} INFO - Setting next_dagrun for example_branch_operator to 2023-10-09T00:00:00+00:00, run_after=2023-10-10T00:00:00+00:00
[2023-10-10T06:52:23.778+0000] {processor.py:179} INFO - Processing /home/airflow/.local/lib/python3.8/site-packages/airflow/example_dags/example_branch_operator.py took 0.052 seconds
[2023-10-10T06:52:54.022+0000] {processor.py:157} INFO - Started process (PID=741) to work on /home/airflow/.local/lib/python3.8/site-packages/airflow/example_dags/example_branch_operator.py
[2023-10-10T06:52:54.023+0000] {processor.py:829} INFO - Processing file /home/airflow/.local/lib/python3.8/site-packages/airflow/example_dags/example_branch_operator.py for tasks to queue
[2023-10-10T06:52:54.025+0000] {logging_mixin.py:151} INFO - [2023-10-10T06:52:54.025+0000] {dagbag.py:539} INFO - Filling up the DagBag from /home/airflow/.local/lib/python3.8/site-packages/airflow/example_dags/example_branch_operator.py
[2023-10-10T06:52:54.030+0000] {processor.py:839} INFO - DAG(s) dict_keys(['example_branch_operator']) retrieved from /home/airflow/.local/lib/python3.8/site-packages/airflow/example_dags/example_branch_operator.py
[2023-10-10T06:52:54.044+0000] {logging_mixin.py:151} INFO - [2023-10-10T06:52:54.044+0000] {dag.py:2915} INFO - Sync 1 DAGs
[2023-10-10T06:52:54.056+0000] {logging_mixin.py:151} INFO - [2023-10-10T06:52:54.055+0000] {dag.py:3696} INFO - Setting next_dagrun for example_branch_operator to 2023-10-09T00:00:00+00:00, run_after=2023-10-10T00:00:00+00:00
[2023-10-10T06:52:54.064+0000] {processor.py:179} INFO - Processing /home/airflow/.local/lib/python3.8/site-packages/airflow/example_dags/example_branch_operator.py took 0.045 seconds
[2023-10-10T06:53:24.230+0000] {processor.py:157} INFO - Started process (PID=797) to work on /home/airflow/.local/lib/python3.8/site-packages/airflow/example_dags/example_branch_operator.py
[2023-10-10T06:53:24.232+0000] {processor.py:829} INFO - Processing file /home/airflow/.local/lib/python3.8/site-packages/airflow/example_dags/example_branch_operator.py for tasks to queue
[2023-10-10T06:53:24.233+0000] {logging_mixin.py:151} INFO - [2023-10-10T06:53:24.233+0000] {dagbag.py:539} INFO - Filling up the DagBag from /home/airflow/.local/lib/python3.8/site-packages/airflow/example_dags/example_branch_operator.py
[2023-10-10T06:53:24.239+0000] {processor.py:839} INFO - DAG(s) dict_keys(['example_branch_operator']) retrieved from /home/airflow/.local/lib/python3.8/site-packages/airflow/example_dags/example_branch_operator.py
[2023-10-10T06:53:24.253+0000] {logging_mixin.py:151} INFO - [2023-10-10T06:53:24.252+0000] {dag.py:2915} INFO - Sync 1 DAGs
[2023-10-10T06:53:24.265+0000] {logging_mixin.py:151} INFO - [2023-10-10T06:53:24.265+0000] {dag.py:3696} INFO - Setting next_dagrun for example_branch_operator to 2023-10-09T00:00:00+00:00, run_after=2023-10-10T00:00:00+00:00
[2023-10-10T06:53:24.274+0000] {processor.py:179} INFO - Processing /home/airflow/.local/lib/python3.8/site-packages/airflow/example_dags/example_branch_operator.py took 0.046 seconds
[2023-10-10T06:53:54.529+0000] {processor.py:157} INFO - Started process (PID=853) to work on /home/airflow/.local/lib/python3.8/site-packages/airflow/example_dags/example_branch_operator.py
[2023-10-10T06:53:54.530+0000] {processor.py:829} INFO - Processing file /home/airflow/.local/lib/python3.8/site-packages/airflow/example_dags/example_branch_operator.py for tasks to queue
[2023-10-10T06:53:54.532+0000] {logging_mixin.py:151} INFO - [2023-10-10T06:53:54.532+0000] {dagbag.py:539} INFO - Filling up the DagBag from /home/airflow/.local/lib/python3.8/site-packages/airflow/example_dags/example_branch_operator.py
[2023-10-10T06:53:54.537+0000] {processor.py:839} INFO - DAG(s) dict_keys(['example_branch_operator']) retrieved from /home/airflow/.local/lib/python3.8/site-packages/airflow/example_dags/example_branch_operator.py
[2023-10-10T06:53:54.551+0000] {logging_mixin.py:151} INFO - [2023-10-10T06:53:54.551+0000] {dag.py:2915} INFO - Sync 1 DAGs
[2023-10-10T06:53:54.562+0000] {logging_mixin.py:151} INFO - [2023-10-10T06:53:54.562+0000] {dag.py:3696} INFO - Setting next_dagrun for example_branch_operator to 2023-10-09T00:00:00+00:00, run_after=2023-10-10T00:00:00+00:00
[2023-10-10T06:53:54.571+0000] {processor.py:179} INFO - Processing /home/airflow/.local/lib/python3.8/site-packages/airflow/example_dags/example_branch_operator.py took 0.044 seconds
[2023-10-10T06:54:25.650+0000] {processor.py:157} INFO - Started process (PID=909) to work on /home/airflow/.local/lib/python3.8/site-packages/airflow/example_dags/example_branch_operator.py
[2023-10-10T06:54:25.651+0000] {processor.py:829} INFO - Processing file /home/airflow/.local/lib/python3.8/site-packages/airflow/example_dags/example_branch_operator.py for tasks to queue
[2023-10-10T06:54:25.653+0000] {logging_mixin.py:151} INFO - [2023-10-10T06:54:25.653+0000] {dagbag.py:539} INFO - Filling up the DagBag from /home/airflow/.local/lib/python3.8/site-packages/airflow/example_dags/example_branch_operator.py
[2023-10-10T06:54:25.658+0000] {processor.py:839} INFO - DAG(s) dict_keys(['example_branch_operator']) retrieved from /home/airflow/.local/lib/python3.8/site-packages/airflow/example_dags/example_branch_operator.py
[2023-10-10T06:54:25.673+0000] {logging_mixin.py:151} INFO - [2023-10-10T06:54:25.673+0000] {dag.py:2915} INFO - Sync 1 DAGs
[2023-10-10T06:54:25.686+0000] {logging_mixin.py:151} INFO - [2023-10-10T06:54:25.686+0000] {dag.py:3696} INFO - Setting next_dagrun for example_branch_operator to 2023-10-09T00:00:00+00:00, run_after=2023-10-10T00:00:00+00:00
[2023-10-10T06:54:25.697+0000] {processor.py:179} INFO - Processing /home/airflow/.local/lib/python3.8/site-packages/airflow/example_dags/example_branch_operator.py took 0.049 seconds
[2023-10-10T06:54:56.782+0000] {processor.py:157} INFO - Started process (PID=965) to work on /home/airflow/.local/lib/python3.8/site-packages/airflow/example_dags/example_branch_operator.py
[2023-10-10T06:54:56.783+0000] {processor.py:829} INFO - Processing file /home/airflow/.local/lib/python3.8/site-packages/airflow/example_dags/example_branch_operator.py for tasks to queue
[2023-10-10T06:54:56.785+0000] {logging_mixin.py:151} INFO - [2023-10-10T06:54:56.784+0000] {dagbag.py:539} INFO - Filling up the DagBag from /home/airflow/.local/lib/python3.8/site-packages/airflow/example_dags/example_branch_operator.py
[2023-10-10T06:54:56.790+0000] {processor.py:839} INFO - DAG(s) dict_keys(['example_branch_operator']) retrieved from /home/airflow/.local/lib/python3.8/site-packages/airflow/example_dags/example_branch_operator.py
[2023-10-10T06:54:56.806+0000] {logging_mixin.py:151} INFO - [2023-10-10T06:54:56.806+0000] {dag.py:2915} INFO - Sync 1 DAGs
[2023-10-10T06:54:56.820+0000] {logging_mixin.py:151} INFO - [2023-10-10T06:54:56.819+0000] {dag.py:3696} INFO - Setting next_dagrun for example_branch_operator to 2023-10-09T00:00:00+00:00, run_after=2023-10-10T00:00:00+00:00
[2023-10-10T06:54:56.832+0000] {processor.py:179} INFO - Processing /home/airflow/.local/lib/python3.8/site-packages/airflow/example_dags/example_branch_operator.py took 0.053 seconds
[2023-10-10T06:55:27.077+0000] {processor.py:157} INFO - Started process (PID=1021) to work on /home/airflow/.local/lib/python3.8/site-packages/airflow/example_dags/example_branch_operator.py
[2023-10-10T06:55:27.078+0000] {processor.py:829} INFO - Processing file /home/airflow/.local/lib/python3.8/site-packages/airflow/example_dags/example_branch_operator.py for tasks to queue
[2023-10-10T06:55:27.080+0000] {logging_mixin.py:151} INFO - [2023-10-10T06:55:27.080+0000] {dagbag.py:539} INFO - Filling up the DagBag from /home/airflow/.local/lib/python3.8/site-packages/airflow/example_dags/example_branch_operator.py
[2023-10-10T06:55:27.086+0000] {processor.py:839} INFO - DAG(s) dict_keys(['example_branch_operator']) retrieved from /home/airflow/.local/lib/python3.8/site-packages/airflow/example_dags/example_branch_operator.py
[2023-10-10T06:55:27.100+0000] {logging_mixin.py:151} INFO - [2023-10-10T06:55:27.100+0000] {dag.py:2915} INFO - Sync 1 DAGs
[2023-10-10T06:55:27.115+0000] {logging_mixin.py:151} INFO - [2023-10-10T06:55:27.115+0000] {dag.py:3696} INFO - Setting next_dagrun for example_branch_operator to 2023-10-09T00:00:00+00:00, run_after=2023-10-10T00:00:00+00:00
[2023-10-10T06:55:27.126+0000] {processor.py:179} INFO - Processing /home/airflow/.local/lib/python3.8/site-packages/airflow/example_dags/example_branch_operator.py took 0.052 seconds
[2023-10-10T06:55:57.201+0000] {processor.py:157} INFO - Started process (PID=1077) to work on /home/airflow/.local/lib/python3.8/site-packages/airflow/example_dags/example_branch_operator.py
[2023-10-10T06:55:57.202+0000] {processor.py:829} INFO - Processing file /home/airflow/.local/lib/python3.8/site-packages/airflow/example_dags/example_branch_operator.py for tasks to queue
[2023-10-10T06:55:57.204+0000] {logging_mixin.py:151} INFO - [2023-10-10T06:55:57.204+0000] {dagbag.py:539} INFO - Filling up the DagBag from /home/airflow/.local/lib/python3.8/site-packages/airflow/example_dags/example_branch_operator.py
[2023-10-10T06:55:57.209+0000] {processor.py:839} INFO - DAG(s) dict_keys(['example_branch_operator']) retrieved from /home/airflow/.local/lib/python3.8/site-packages/airflow/example_dags/example_branch_operator.py
[2023-10-10T06:55:57.223+0000] {logging_mixin.py:151} INFO - [2023-10-10T06:55:57.223+0000] {dag.py:2915} INFO - Sync 1 DAGs
[2023-10-10T06:55:57.235+0000] {logging_mixin.py:151} INFO - [2023-10-10T06:55:57.235+0000] {dag.py:3696} INFO - Setting next_dagrun for example_branch_operator to 2023-10-09T00:00:00+00:00, run_after=2023-10-10T00:00:00+00:00
[2023-10-10T06:55:57.243+0000] {processor.py:179} INFO - Processing /home/airflow/.local/lib/python3.8/site-packages/airflow/example_dags/example_branch_operator.py took 0.045 seconds
[2023-10-10T06:56:27.617+0000] {processor.py:157} INFO - Started process (PID=1133) to work on /home/airflow/.local/lib/python3.8/site-packages/airflow/example_dags/example_branch_operator.py
[2023-10-10T06:56:27.618+0000] {processor.py:829} INFO - Processing file /home/airflow/.local/lib/python3.8/site-packages/airflow/example_dags/example_branch_operator.py for tasks to queue
[2023-10-10T06:56:27.620+0000] {logging_mixin.py:151} INFO - [2023-10-10T06:56:27.620+0000] {dagbag.py:539} INFO - Filling up the DagBag from /home/airflow/.local/lib/python3.8/site-packages/airflow/example_dags/example_branch_operator.py
[2023-10-10T06:56:27.626+0000] {processor.py:839} INFO - DAG(s) dict_keys(['example_branch_operator']) retrieved from /home/airflow/.local/lib/python3.8/site-packages/airflow/example_dags/example_branch_operator.py
[2023-10-10T06:56:27.640+0000] {logging_mixin.py:151} INFO - [2023-10-10T06:56:27.640+0000] {dag.py:2915} INFO - Sync 1 DAGs
[2023-10-10T06:56:27.652+0000] {logging_mixin.py:151} INFO - [2023-10-10T06:56:27.652+0000] {dag.py:3696} INFO - Setting next_dagrun for example_branch_operator to 2023-10-09T00:00:00+00:00, run_after=2023-10-10T00:00:00+00:00
[2023-10-10T06:56:27.662+0000] {processor.py:179} INFO - Processing /home/airflow/.local/lib/python3.8/site-packages/airflow/example_dags/example_branch_operator.py took 0.047 seconds
[2023-10-10T17:17:52.668+0000] {processor.py:157} INFO - Started process (PID=69) to work on /home/airflow/.local/lib/python3.8/site-packages/airflow/example_dags/example_branch_operator.py
[2023-10-10T17:17:52.669+0000] {processor.py:829} INFO - Processing file /home/airflow/.local/lib/python3.8/site-packages/airflow/example_dags/example_branch_operator.py for tasks to queue
[2023-10-10T17:17:52.671+0000] {logging_mixin.py:151} INFO - [2023-10-10T17:17:52.671+0000] {dagbag.py:539} INFO - Filling up the DagBag from /home/airflow/.local/lib/python3.8/site-packages/airflow/example_dags/example_branch_operator.py
[2023-10-10T17:17:52.677+0000] {processor.py:839} INFO - DAG(s) dict_keys(['example_branch_operator']) retrieved from /home/airflow/.local/lib/python3.8/site-packages/airflow/example_dags/example_branch_operator.py
[2023-10-10T17:17:52.689+0000] {logging_mixin.py:151} INFO - [2023-10-10T17:17:52.688+0000] {dag.py:2915} INFO - Sync 1 DAGs
[2023-10-10T17:17:52.708+0000] {logging_mixin.py:151} INFO - [2023-10-10T17:17:52.708+0000] {dag.py:3696} INFO - Setting next_dagrun for example_branch_operator to 2023-10-09T00:00:00+00:00, run_after=2023-10-10T00:00:00+00:00
[2023-10-10T17:17:52.731+0000] {processor.py:179} INFO - Processing /home/airflow/.local/lib/python3.8/site-packages/airflow/example_dags/example_branch_operator.py took 0.065 seconds
[2023-10-10T17:18:23.431+0000] {processor.py:157} INFO - Started process (PID=125) to work on /home/airflow/.local/lib/python3.8/site-packages/airflow/example_dags/example_branch_operator.py
[2023-10-10T17:18:23.432+0000] {processor.py:829} INFO - Processing file /home/airflow/.local/lib/python3.8/site-packages/airflow/example_dags/example_branch_operator.py for tasks to queue
[2023-10-10T17:18:23.434+0000] {logging_mixin.py:151} INFO - [2023-10-10T17:18:23.434+0000] {dagbag.py:539} INFO - Filling up the DagBag from /home/airflow/.local/lib/python3.8/site-packages/airflow/example_dags/example_branch_operator.py
[2023-10-10T17:18:23.439+0000] {processor.py:839} INFO - DAG(s) dict_keys(['example_branch_operator']) retrieved from /home/airflow/.local/lib/python3.8/site-packages/airflow/example_dags/example_branch_operator.py
[2023-10-10T17:18:23.453+0000] {logging_mixin.py:151} INFO - [2023-10-10T17:18:23.453+0000] {dag.py:2915} INFO - Sync 1 DAGs
[2023-10-10T17:18:23.466+0000] {logging_mixin.py:151} INFO - [2023-10-10T17:18:23.466+0000] {dag.py:3696} INFO - Setting next_dagrun for example_branch_operator to 2023-10-09T00:00:00+00:00, run_after=2023-10-10T00:00:00+00:00
[2023-10-10T17:18:23.475+0000] {processor.py:179} INFO - Processing /home/airflow/.local/lib/python3.8/site-packages/airflow/example_dags/example_branch_operator.py took 0.046 seconds
[2023-10-10T17:18:54.361+0000] {processor.py:157} INFO - Started process (PID=181) to work on /home/airflow/.local/lib/python3.8/site-packages/airflow/example_dags/example_branch_operator.py
[2023-10-10T17:18:54.362+0000] {processor.py:829} INFO - Processing file /home/airflow/.local/lib/python3.8/site-packages/airflow/example_dags/example_branch_operator.py for tasks to queue
[2023-10-10T17:18:54.364+0000] {logging_mixin.py:151} INFO - [2023-10-10T17:18:54.364+0000] {dagbag.py:539} INFO - Filling up the DagBag from /home/airflow/.local/lib/python3.8/site-packages/airflow/example_dags/example_branch_operator.py
[2023-10-10T17:18:54.370+0000] {processor.py:839} INFO - DAG(s) dict_keys(['example_branch_operator']) retrieved from /home/airflow/.local/lib/python3.8/site-packages/airflow/example_dags/example_branch_operator.py
[2023-10-10T17:18:54.383+0000] {logging_mixin.py:151} INFO - [2023-10-10T17:18:54.383+0000] {dag.py:2915} INFO - Sync 1 DAGs
[2023-10-10T17:18:54.396+0000] {logging_mixin.py:151} INFO - [2023-10-10T17:18:54.396+0000] {dag.py:3696} INFO - Setting next_dagrun for example_branch_operator to 2023-10-09T00:00:00+00:00, run_after=2023-10-10T00:00:00+00:00
[2023-10-10T17:18:54.406+0000] {processor.py:179} INFO - Processing /home/airflow/.local/lib/python3.8/site-packages/airflow/example_dags/example_branch_operator.py took 0.047 seconds
[2023-10-10T17:19:24.729+0000] {processor.py:157} INFO - Started process (PID=237) to work on /home/airflow/.local/lib/python3.8/site-packages/airflow/example_dags/example_branch_operator.py
[2023-10-10T17:19:24.731+0000] {processor.py:829} INFO - Processing file /home/airflow/.local/lib/python3.8/site-packages/airflow/example_dags/example_branch_operator.py for tasks to queue
[2023-10-10T17:19:24.733+0000] {logging_mixin.py:151} INFO - [2023-10-10T17:19:24.733+0000] {dagbag.py:539} INFO - Filling up the DagBag from /home/airflow/.local/lib/python3.8/site-packages/airflow/example_dags/example_branch_operator.py
[2023-10-10T17:19:24.739+0000] {processor.py:839} INFO - DAG(s) dict_keys(['example_branch_operator']) retrieved from /home/airflow/.local/lib/python3.8/site-packages/airflow/example_dags/example_branch_operator.py
[2023-10-10T17:19:24.752+0000] {logging_mixin.py:151} INFO - [2023-10-10T17:19:24.752+0000] {dag.py:2915} INFO - Sync 1 DAGs
[2023-10-10T17:19:24.764+0000] {logging_mixin.py:151} INFO - [2023-10-10T17:19:24.764+0000] {dag.py:3696} INFO - Setting next_dagrun for example_branch_operator to 2023-10-09T00:00:00+00:00, run_after=2023-10-10T00:00:00+00:00
[2023-10-10T17:19:24.773+0000] {processor.py:179} INFO - Processing /home/airflow/.local/lib/python3.8/site-packages/airflow/example_dags/example_branch_operator.py took 0.046 seconds
[2023-10-10T17:19:54.795+0000] {processor.py:157} INFO - Started process (PID=293) to work on /home/airflow/.local/lib/python3.8/site-packages/airflow/example_dags/example_branch_operator.py
[2023-10-10T17:19:54.796+0000] {processor.py:829} INFO - Processing file /home/airflow/.local/lib/python3.8/site-packages/airflow/example_dags/example_branch_operator.py for tasks to queue
[2023-10-10T17:19:54.798+0000] {logging_mixin.py:151} INFO - [2023-10-10T17:19:54.798+0000] {dagbag.py:539} INFO - Filling up the DagBag from /home/airflow/.local/lib/python3.8/site-packages/airflow/example_dags/example_branch_operator.py
[2023-10-10T17:19:54.803+0000] {processor.py:839} INFO - DAG(s) dict_keys(['example_branch_operator']) retrieved from /home/airflow/.local/lib/python3.8/site-packages/airflow/example_dags/example_branch_operator.py
[2023-10-10T17:19:54.818+0000] {logging_mixin.py:151} INFO - [2023-10-10T17:19:54.818+0000] {dag.py:2915} INFO - Sync 1 DAGs
[2023-10-10T17:19:54.830+0000] {logging_mixin.py:151} INFO - [2023-10-10T17:19:54.830+0000] {dag.py:3696} INFO - Setting next_dagrun for example_branch_operator to 2023-10-09T00:00:00+00:00, run_after=2023-10-10T00:00:00+00:00
[2023-10-10T17:19:54.840+0000] {processor.py:179} INFO - Processing /home/airflow/.local/lib/python3.8/site-packages/airflow/example_dags/example_branch_operator.py took 0.047 seconds
[2023-10-10T17:20:25.795+0000] {processor.py:157} INFO - Started process (PID=349) to work on /home/airflow/.local/lib/python3.8/site-packages/airflow/example_dags/example_branch_operator.py
[2023-10-10T17:20:25.796+0000] {processor.py:829} INFO - Processing file /home/airflow/.local/lib/python3.8/site-packages/airflow/example_dags/example_branch_operator.py for tasks to queue
[2023-10-10T17:20:25.798+0000] {logging_mixin.py:151} INFO - [2023-10-10T17:20:25.798+0000] {dagbag.py:539} INFO - Filling up the DagBag from /home/airflow/.local/lib/python3.8/site-packages/airflow/example_dags/example_branch_operator.py
[2023-10-10T17:20:25.804+0000] {processor.py:839} INFO - DAG(s) dict_keys(['example_branch_operator']) retrieved from /home/airflow/.local/lib/python3.8/site-packages/airflow/example_dags/example_branch_operator.py
[2023-10-10T17:20:25.818+0000] {logging_mixin.py:151} INFO - [2023-10-10T17:20:25.818+0000] {dag.py:2915} INFO - Sync 1 DAGs
[2023-10-10T17:20:25.831+0000] {logging_mixin.py:151} INFO - [2023-10-10T17:20:25.831+0000] {dag.py:3696} INFO - Setting next_dagrun for example_branch_operator to 2023-10-09T00:00:00+00:00, run_after=2023-10-10T00:00:00+00:00
[2023-10-10T17:20:25.840+0000] {processor.py:179} INFO - Processing /home/airflow/.local/lib/python3.8/site-packages/airflow/example_dags/example_branch_operator.py took 0.047 seconds
[2023-10-10T17:20:56.014+0000] {processor.py:157} INFO - Started process (PID=405) to work on /home/airflow/.local/lib/python3.8/site-packages/airflow/example_dags/example_branch_operator.py
[2023-10-10T17:20:56.015+0000] {processor.py:829} INFO - Processing file /home/airflow/.local/lib/python3.8/site-packages/airflow/example_dags/example_branch_operator.py for tasks to queue
[2023-10-10T17:20:56.017+0000] {logging_mixin.py:151} INFO - [2023-10-10T17:20:56.017+0000] {dagbag.py:539} INFO - Filling up the DagBag from /home/airflow/.local/lib/python3.8/site-packages/airflow/example_dags/example_branch_operator.py
[2023-10-10T17:20:56.022+0000] {processor.py:839} INFO - DAG(s) dict_keys(['example_branch_operator']) retrieved from /home/airflow/.local/lib/python3.8/site-packages/airflow/example_dags/example_branch_operator.py
[2023-10-10T17:20:56.035+0000] {logging_mixin.py:151} INFO - [2023-10-10T17:20:56.035+0000] {dag.py:2915} INFO - Sync 1 DAGs
[2023-10-10T17:20:56.047+0000] {logging_mixin.py:151} INFO - [2023-10-10T17:20:56.047+0000] {dag.py:3696} INFO - Setting next_dagrun for example_branch_operator to 2023-10-09T00:00:00+00:00, run_after=2023-10-10T00:00:00+00:00
[2023-10-10T17:20:56.057+0000] {processor.py:179} INFO - Processing /home/airflow/.local/lib/python3.8/site-packages/airflow/example_dags/example_branch_operator.py took 0.045 seconds
[2023-10-10T17:21:26.152+0000] {processor.py:157} INFO - Started process (PID=461) to work on /home/airflow/.local/lib/python3.8/site-packages/airflow/example_dags/example_branch_operator.py
[2023-10-10T17:21:26.153+0000] {processor.py:829} INFO - Processing file /home/airflow/.local/lib/python3.8/site-packages/airflow/example_dags/example_branch_operator.py for tasks to queue
[2023-10-10T17:21:26.154+0000] {logging_mixin.py:151} INFO - [2023-10-10T17:21:26.154+0000] {dagbag.py:539} INFO - Filling up the DagBag from /home/airflow/.local/lib/python3.8/site-packages/airflow/example_dags/example_branch_operator.py
[2023-10-10T17:21:26.160+0000] {processor.py:839} INFO - DAG(s) dict_keys(['example_branch_operator']) retrieved from /home/airflow/.local/lib/python3.8/site-packages/airflow/example_dags/example_branch_operator.py
[2023-10-10T17:21:26.173+0000] {logging_mixin.py:151} INFO - [2023-10-10T17:21:26.173+0000] {dag.py:2915} INFO - Sync 1 DAGs
[2023-10-10T17:21:26.185+0000] {logging_mixin.py:151} INFO - [2023-10-10T17:21:26.185+0000] {dag.py:3696} INFO - Setting next_dagrun for example_branch_operator to 2023-10-09T00:00:00+00:00, run_after=2023-10-10T00:00:00+00:00
[2023-10-10T17:21:26.195+0000] {processor.py:179} INFO - Processing /home/airflow/.local/lib/python3.8/site-packages/airflow/example_dags/example_branch_operator.py took 0.045 seconds
[2023-10-10T17:21:56.452+0000] {processor.py:157} INFO - Started process (PID=517) to work on /home/airflow/.local/lib/python3.8/site-packages/airflow/example_dags/example_branch_operator.py
[2023-10-10T17:21:56.453+0000] {processor.py:829} INFO - Processing file /home/airflow/.local/lib/python3.8/site-packages/airflow/example_dags/example_branch_operator.py for tasks to queue
[2023-10-10T17:21:56.455+0000] {logging_mixin.py:151} INFO - [2023-10-10T17:21:56.454+0000] {dagbag.py:539} INFO - Filling up the DagBag from /home/airflow/.local/lib/python3.8/site-packages/airflow/example_dags/example_branch_operator.py
[2023-10-10T17:21:56.460+0000] {processor.py:839} INFO - DAG(s) dict_keys(['example_branch_operator']) retrieved from /home/airflow/.local/lib/python3.8/site-packages/airflow/example_dags/example_branch_operator.py
[2023-10-10T17:21:56.473+0000] {logging_mixin.py:151} INFO - [2023-10-10T17:21:56.473+0000] {dag.py:2915} INFO - Sync 1 DAGs
[2023-10-10T17:21:56.486+0000] {logging_mixin.py:151} INFO - [2023-10-10T17:21:56.486+0000] {dag.py:3696} INFO - Setting next_dagrun for example_branch_operator to 2023-10-09T00:00:00+00:00, run_after=2023-10-10T00:00:00+00:00
[2023-10-10T17:21:56.495+0000] {processor.py:179} INFO - Processing /home/airflow/.local/lib/python3.8/site-packages/airflow/example_dags/example_branch_operator.py took 0.045 seconds
[2023-10-10T17:22:27.478+0000] {processor.py:157} INFO - Started process (PID=573) to work on /home/airflow/.local/lib/python3.8/site-packages/airflow/example_dags/example_branch_operator.py
[2023-10-10T17:22:27.479+0000] {processor.py:829} INFO - Processing file /home/airflow/.local/lib/python3.8/site-packages/airflow/example_dags/example_branch_operator.py for tasks to queue
[2023-10-10T17:22:27.481+0000] {logging_mixin.py:151} INFO - [2023-10-10T17:22:27.481+0000] {dagbag.py:539} INFO - Filling up the DagBag from /home/airflow/.local/lib/python3.8/site-packages/airflow/example_dags/example_branch_operator.py
[2023-10-10T17:22:27.486+0000] {processor.py:839} INFO - DAG(s) dict_keys(['example_branch_operator']) retrieved from /home/airflow/.local/lib/python3.8/site-packages/airflow/example_dags/example_branch_operator.py
[2023-10-10T17:22:27.499+0000] {logging_mixin.py:151} INFO - [2023-10-10T17:22:27.499+0000] {dag.py:2915} INFO - Sync 1 DAGs
[2023-10-10T17:22:27.512+0000] {logging_mixin.py:151} INFO - [2023-10-10T17:22:27.512+0000] {dag.py:3696} INFO - Setting next_dagrun for example_branch_operator to 2023-10-09T00:00:00+00:00, run_after=2023-10-10T00:00:00+00:00
[2023-10-10T17:22:27.523+0000] {processor.py:179} INFO - Processing /home/airflow/.local/lib/python3.8/site-packages/airflow/example_dags/example_branch_operator.py took 0.047 seconds
[2023-10-10T17:22:57.745+0000] {processor.py:157} INFO - Started process (PID=629) to work on /home/airflow/.local/lib/python3.8/site-packages/airflow/example_dags/example_branch_operator.py
[2023-10-10T17:22:57.746+0000] {processor.py:829} INFO - Processing file /home/airflow/.local/lib/python3.8/site-packages/airflow/example_dags/example_branch_operator.py for tasks to queue
[2023-10-10T17:22:57.747+0000] {logging_mixin.py:151} INFO - [2023-10-10T17:22:57.747+0000] {dagbag.py:539} INFO - Filling up the DagBag from /home/airflow/.local/lib/python3.8/site-packages/airflow/example_dags/example_branch_operator.py
[2023-10-10T17:22:57.753+0000] {processor.py:839} INFO - DAG(s) dict_keys(['example_branch_operator']) retrieved from /home/airflow/.local/lib/python3.8/site-packages/airflow/example_dags/example_branch_operator.py
[2023-10-10T17:22:57.767+0000] {logging_mixin.py:151} INFO - [2023-10-10T17:22:57.766+0000] {dag.py:2915} INFO - Sync 1 DAGs
[2023-10-10T17:22:57.777+0000] {logging_mixin.py:151} INFO - [2023-10-10T17:22:57.777+0000] {dag.py:3696} INFO - Setting next_dagrun for example_branch_operator to 2023-10-09T00:00:00+00:00, run_after=2023-10-10T00:00:00+00:00
[2023-10-10T17:22:57.787+0000] {processor.py:179} INFO - Processing /home/airflow/.local/lib/python3.8/site-packages/airflow/example_dags/example_branch_operator.py took 0.044 seconds
[2023-10-10T17:23:28.647+0000] {processor.py:157} INFO - Started process (PID=685) to work on /home/airflow/.local/lib/python3.8/site-packages/airflow/example_dags/example_branch_operator.py
[2023-10-10T17:23:28.649+0000] {processor.py:829} INFO - Processing file /home/airflow/.local/lib/python3.8/site-packages/airflow/example_dags/example_branch_operator.py for tasks to queue
[2023-10-10T17:23:28.651+0000] {logging_mixin.py:151} INFO - [2023-10-10T17:23:28.650+0000] {dagbag.py:539} INFO - Filling up the DagBag from /home/airflow/.local/lib/python3.8/site-packages/airflow/example_dags/example_branch_operator.py
[2023-10-10T17:23:28.656+0000] {processor.py:839} INFO - DAG(s) dict_keys(['example_branch_operator']) retrieved from /home/airflow/.local/lib/python3.8/site-packages/airflow/example_dags/example_branch_operator.py
[2023-10-10T17:23:28.669+0000] {logging_mixin.py:151} INFO - [2023-10-10T17:23:28.669+0000] {dag.py:2915} INFO - Sync 1 DAGs
[2023-10-10T17:23:28.680+0000] {logging_mixin.py:151} INFO - [2023-10-10T17:23:28.680+0000] {dag.py:3696} INFO - Setting next_dagrun for example_branch_operator to 2023-10-09T00:00:00+00:00, run_after=2023-10-10T00:00:00+00:00
[2023-10-10T17:23:28.689+0000] {processor.py:179} INFO - Processing /home/airflow/.local/lib/python3.8/site-packages/airflow/example_dags/example_branch_operator.py took 0.045 seconds
[2023-10-10T17:23:58.996+0000] {processor.py:157} INFO - Started process (PID=741) to work on /home/airflow/.local/lib/python3.8/site-packages/airflow/example_dags/example_branch_operator.py
[2023-10-10T17:23:58.996+0000] {processor.py:829} INFO - Processing file /home/airflow/.local/lib/python3.8/site-packages/airflow/example_dags/example_branch_operator.py for tasks to queue
[2023-10-10T17:23:58.998+0000] {logging_mixin.py:151} INFO - [2023-10-10T17:23:58.997+0000] {dagbag.py:539} INFO - Filling up the DagBag from /home/airflow/.local/lib/python3.8/site-packages/airflow/example_dags/example_branch_operator.py
[2023-10-10T17:23:59.003+0000] {processor.py:839} INFO - DAG(s) dict_keys(['example_branch_operator']) retrieved from /home/airflow/.local/lib/python3.8/site-packages/airflow/example_dags/example_branch_operator.py
[2023-10-10T17:23:59.015+0000] {logging_mixin.py:151} INFO - [2023-10-10T17:23:59.015+0000] {dag.py:2915} INFO - Sync 1 DAGs
[2023-10-10T17:23:59.027+0000] {logging_mixin.py:151} INFO - [2023-10-10T17:23:59.027+0000] {dag.py:3696} INFO - Setting next_dagrun for example_branch_operator to 2023-10-09T00:00:00+00:00, run_after=2023-10-10T00:00:00+00:00
[2023-10-10T17:23:59.037+0000] {processor.py:179} INFO - Processing /home/airflow/.local/lib/python3.8/site-packages/airflow/example_dags/example_branch_operator.py took 0.043 seconds
[2023-10-10T17:24:30.079+0000] {processor.py:157} INFO - Started process (PID=797) to work on /home/airflow/.local/lib/python3.8/site-packages/airflow/example_dags/example_branch_operator.py
[2023-10-10T17:24:30.080+0000] {processor.py:829} INFO - Processing file /home/airflow/.local/lib/python3.8/site-packages/airflow/example_dags/example_branch_operator.py for tasks to queue
[2023-10-10T17:24:30.081+0000] {logging_mixin.py:151} INFO - [2023-10-10T17:24:30.081+0000] {dagbag.py:539} INFO - Filling up the DagBag from /home/airflow/.local/lib/python3.8/site-packages/airflow/example_dags/example_branch_operator.py
[2023-10-10T17:24:30.086+0000] {processor.py:839} INFO - DAG(s) dict_keys(['example_branch_operator']) retrieved from /home/airflow/.local/lib/python3.8/site-packages/airflow/example_dags/example_branch_operator.py
[2023-10-10T17:24:30.098+0000] {logging_mixin.py:151} INFO - [2023-10-10T17:24:30.098+0000] {dag.py:2915} INFO - Sync 1 DAGs
[2023-10-10T17:24:30.110+0000] {logging_mixin.py:151} INFO - [2023-10-10T17:24:30.110+0000] {dag.py:3696} INFO - Setting next_dagrun for example_branch_operator to 2023-10-09T00:00:00+00:00, run_after=2023-10-10T00:00:00+00:00
[2023-10-10T17:24:30.119+0000] {processor.py:179} INFO - Processing /home/airflow/.local/lib/python3.8/site-packages/airflow/example_dags/example_branch_operator.py took 0.043 seconds
[2023-10-10T17:25:00.323+0000] {processor.py:157} INFO - Started process (PID=853) to work on /home/airflow/.local/lib/python3.8/site-packages/airflow/example_dags/example_branch_operator.py
[2023-10-10T17:25:00.323+0000] {processor.py:829} INFO - Processing file /home/airflow/.local/lib/python3.8/site-packages/airflow/example_dags/example_branch_operator.py for tasks to queue
[2023-10-10T17:25:00.325+0000] {logging_mixin.py:151} INFO - [2023-10-10T17:25:00.325+0000] {dagbag.py:539} INFO - Filling up the DagBag from /home/airflow/.local/lib/python3.8/site-packages/airflow/example_dags/example_branch_operator.py
[2023-10-10T17:25:00.330+0000] {processor.py:839} INFO - DAG(s) dict_keys(['example_branch_operator']) retrieved from /home/airflow/.local/lib/python3.8/site-packages/airflow/example_dags/example_branch_operator.py
[2023-10-10T17:25:00.343+0000] {logging_mixin.py:151} INFO - [2023-10-10T17:25:00.343+0000] {dag.py:2915} INFO - Sync 1 DAGs
[2023-10-10T17:25:00.354+0000] {logging_mixin.py:151} INFO - [2023-10-10T17:25:00.354+0000] {dag.py:3696} INFO - Setting next_dagrun for example_branch_operator to 2023-10-09T00:00:00+00:00, run_after=2023-10-10T00:00:00+00:00
[2023-10-10T17:25:00.364+0000] {processor.py:179} INFO - Processing /home/airflow/.local/lib/python3.8/site-packages/airflow/example_dags/example_branch_operator.py took 0.043 seconds
[2023-10-10T17:25:30.552+0000] {processor.py:157} INFO - Started process (PID=909) to work on /home/airflow/.local/lib/python3.8/site-packages/airflow/example_dags/example_branch_operator.py
[2023-10-10T17:25:30.552+0000] {processor.py:829} INFO - Processing file /home/airflow/.local/lib/python3.8/site-packages/airflow/example_dags/example_branch_operator.py for tasks to queue
[2023-10-10T17:25:30.554+0000] {logging_mixin.py:151} INFO - [2023-10-10T17:25:30.554+0000] {dagbag.py:539} INFO - Filling up the DagBag from /home/airflow/.local/lib/python3.8/site-packages/airflow/example_dags/example_branch_operator.py
[2023-10-10T17:25:30.559+0000] {processor.py:839} INFO - DAG(s) dict_keys(['example_branch_operator']) retrieved from /home/airflow/.local/lib/python3.8/site-packages/airflow/example_dags/example_branch_operator.py
[2023-10-10T17:25:30.571+0000] {logging_mixin.py:151} INFO - [2023-10-10T17:25:30.571+0000] {dag.py:2915} INFO - Sync 1 DAGs
[2023-10-10T17:25:30.582+0000] {logging_mixin.py:151} INFO - [2023-10-10T17:25:30.582+0000] {dag.py:3696} INFO - Setting next_dagrun for example_branch_operator to 2023-10-09T00:00:00+00:00, run_after=2023-10-10T00:00:00+00:00
[2023-10-10T17:25:30.591+0000] {processor.py:179} INFO - Processing /home/airflow/.local/lib/python3.8/site-packages/airflow/example_dags/example_branch_operator.py took 0.041 seconds
[2023-10-10T17:26:01.509+0000] {processor.py:157} INFO - Started process (PID=965) to work on /home/airflow/.local/lib/python3.8/site-packages/airflow/example_dags/example_branch_operator.py
[2023-10-10T17:26:01.509+0000] {processor.py:829} INFO - Processing file /home/airflow/.local/lib/python3.8/site-packages/airflow/example_dags/example_branch_operator.py for tasks to queue
[2023-10-10T17:26:01.511+0000] {logging_mixin.py:151} INFO - [2023-10-10T17:26:01.511+0000] {dagbag.py:539} INFO - Filling up the DagBag from /home/airflow/.local/lib/python3.8/site-packages/airflow/example_dags/example_branch_operator.py
[2023-10-10T17:26:01.516+0000] {processor.py:839} INFO - DAG(s) dict_keys(['example_branch_operator']) retrieved from /home/airflow/.local/lib/python3.8/site-packages/airflow/example_dags/example_branch_operator.py
[2023-10-10T17:26:01.529+0000] {logging_mixin.py:151} INFO - [2023-10-10T17:26:01.529+0000] {dag.py:2915} INFO - Sync 1 DAGs
[2023-10-10T17:26:01.542+0000] {logging_mixin.py:151} INFO - [2023-10-10T17:26:01.542+0000] {dag.py:3696} INFO - Setting next_dagrun for example_branch_operator to 2023-10-09T00:00:00+00:00, run_after=2023-10-10T00:00:00+00:00
[2023-10-10T17:26:01.551+0000] {processor.py:179} INFO - Processing /home/airflow/.local/lib/python3.8/site-packages/airflow/example_dags/example_branch_operator.py took 0.045 seconds
[2023-10-10T17:26:31.708+0000] {processor.py:157} INFO - Started process (PID=1021) to work on /home/airflow/.local/lib/python3.8/site-packages/airflow/example_dags/example_branch_operator.py
[2023-10-10T17:26:31.709+0000] {processor.py:829} INFO - Processing file /home/airflow/.local/lib/python3.8/site-packages/airflow/example_dags/example_branch_operator.py for tasks to queue
[2023-10-10T17:26:31.711+0000] {logging_mixin.py:151} INFO - [2023-10-10T17:26:31.711+0000] {dagbag.py:539} INFO - Filling up the DagBag from /home/airflow/.local/lib/python3.8/site-packages/airflow/example_dags/example_branch_operator.py
[2023-10-10T17:26:31.716+0000] {processor.py:839} INFO - DAG(s) dict_keys(['example_branch_operator']) retrieved from /home/airflow/.local/lib/python3.8/site-packages/airflow/example_dags/example_branch_operator.py
[2023-10-10T17:26:31.730+0000] {logging_mixin.py:151} INFO - [2023-10-10T17:26:31.730+0000] {dag.py:2915} INFO - Sync 1 DAGs
[2023-10-10T17:26:31.743+0000] {logging_mixin.py:151} INFO - [2023-10-10T17:26:31.743+0000] {dag.py:3696} INFO - Setting next_dagrun for example_branch_operator to 2023-10-09T00:00:00+00:00, run_after=2023-10-10T00:00:00+00:00
[2023-10-10T17:26:31.755+0000] {processor.py:179} INFO - Processing /home/airflow/.local/lib/python3.8/site-packages/airflow/example_dags/example_branch_operator.py took 0.050 seconds
[2023-10-10T17:27:02.933+0000] {processor.py:157} INFO - Started process (PID=1077) to work on /home/airflow/.local/lib/python3.8/site-packages/airflow/example_dags/example_branch_operator.py
[2023-10-10T17:27:02.934+0000] {processor.py:829} INFO - Processing file /home/airflow/.local/lib/python3.8/site-packages/airflow/example_dags/example_branch_operator.py for tasks to queue
[2023-10-10T17:27:02.936+0000] {logging_mixin.py:151} INFO - [2023-10-10T17:27:02.936+0000] {dagbag.py:539} INFO - Filling up the DagBag from /home/airflow/.local/lib/python3.8/site-packages/airflow/example_dags/example_branch_operator.py
[2023-10-10T17:27:02.942+0000] {processor.py:839} INFO - DAG(s) dict_keys(['example_branch_operator']) retrieved from /home/airflow/.local/lib/python3.8/site-packages/airflow/example_dags/example_branch_operator.py
[2023-10-10T17:27:02.956+0000] {logging_mixin.py:151} INFO - [2023-10-10T17:27:02.956+0000] {dag.py:2915} INFO - Sync 1 DAGs
[2023-10-10T17:27:02.969+0000] {logging_mixin.py:151} INFO - [2023-10-10T17:27:02.969+0000] {dag.py:3696} INFO - Setting next_dagrun for example_branch_operator to 2023-10-09T00:00:00+00:00, run_after=2023-10-10T00:00:00+00:00
[2023-10-10T17:27:02.979+0000] {processor.py:179} INFO - Processing /home/airflow/.local/lib/python3.8/site-packages/airflow/example_dags/example_branch_operator.py took 0.048 seconds
[2023-10-10T17:27:33.930+0000] {processor.py:157} INFO - Started process (PID=1133) to work on /home/airflow/.local/lib/python3.8/site-packages/airflow/example_dags/example_branch_operator.py
[2023-10-10T17:27:33.931+0000] {processor.py:829} INFO - Processing file /home/airflow/.local/lib/python3.8/site-packages/airflow/example_dags/example_branch_operator.py for tasks to queue
[2023-10-10T17:27:33.933+0000] {logging_mixin.py:151} INFO - [2023-10-10T17:27:33.933+0000] {dagbag.py:539} INFO - Filling up the DagBag from /home/airflow/.local/lib/python3.8/site-packages/airflow/example_dags/example_branch_operator.py
[2023-10-10T17:27:33.938+0000] {processor.py:839} INFO - DAG(s) dict_keys(['example_branch_operator']) retrieved from /home/airflow/.local/lib/python3.8/site-packages/airflow/example_dags/example_branch_operator.py
[2023-10-10T17:27:33.952+0000] {logging_mixin.py:151} INFO - [2023-10-10T17:27:33.951+0000] {dag.py:2915} INFO - Sync 1 DAGs
[2023-10-10T17:27:33.964+0000] {logging_mixin.py:151} INFO - [2023-10-10T17:27:33.964+0000] {dag.py:3696} INFO - Setting next_dagrun for example_branch_operator to 2023-10-09T00:00:00+00:00, run_after=2023-10-10T00:00:00+00:00
[2023-10-10T17:27:33.974+0000] {processor.py:179} INFO - Processing /home/airflow/.local/lib/python3.8/site-packages/airflow/example_dags/example_branch_operator.py took 0.046 seconds
[2023-10-10T17:28:04.114+0000] {processor.py:157} INFO - Started process (PID=1189) to work on /home/airflow/.local/lib/python3.8/site-packages/airflow/example_dags/example_branch_operator.py
[2023-10-10T17:28:04.115+0000] {processor.py:829} INFO - Processing file /home/airflow/.local/lib/python3.8/site-packages/airflow/example_dags/example_branch_operator.py for tasks to queue
[2023-10-10T17:28:04.117+0000] {logging_mixin.py:151} INFO - [2023-10-10T17:28:04.117+0000] {dagbag.py:539} INFO - Filling up the DagBag from /home/airflow/.local/lib/python3.8/site-packages/airflow/example_dags/example_branch_operator.py
[2023-10-10T17:28:04.122+0000] {processor.py:839} INFO - DAG(s) dict_keys(['example_branch_operator']) retrieved from /home/airflow/.local/lib/python3.8/site-packages/airflow/example_dags/example_branch_operator.py
[2023-10-10T17:28:04.134+0000] {logging_mixin.py:151} INFO - [2023-10-10T17:28:04.134+0000] {dag.py:2915} INFO - Sync 1 DAGs
[2023-10-10T17:28:04.145+0000] {logging_mixin.py:151} INFO - [2023-10-10T17:28:04.145+0000] {dag.py:3696} INFO - Setting next_dagrun for example_branch_operator to 2023-10-09T00:00:00+00:00, run_after=2023-10-10T00:00:00+00:00
[2023-10-10T17:28:04.154+0000] {processor.py:179} INFO - Processing /home/airflow/.local/lib/python3.8/site-packages/airflow/example_dags/example_branch_operator.py took 0.041 seconds
[2023-10-10T17:28:35.247+0000] {processor.py:157} INFO - Started process (PID=1246) to work on /home/airflow/.local/lib/python3.8/site-packages/airflow/example_dags/example_branch_operator.py
[2023-10-10T17:28:35.247+0000] {processor.py:829} INFO - Processing file /home/airflow/.local/lib/python3.8/site-packages/airflow/example_dags/example_branch_operator.py for tasks to queue
[2023-10-10T17:28:35.249+0000] {logging_mixin.py:151} INFO - [2023-10-10T17:28:35.249+0000] {dagbag.py:539} INFO - Filling up the DagBag from /home/airflow/.local/lib/python3.8/site-packages/airflow/example_dags/example_branch_operator.py
[2023-10-10T17:28:35.255+0000] {processor.py:839} INFO - DAG(s) dict_keys(['example_branch_operator']) retrieved from /home/airflow/.local/lib/python3.8/site-packages/airflow/example_dags/example_branch_operator.py
[2023-10-10T17:28:35.267+0000] {logging_mixin.py:151} INFO - [2023-10-10T17:28:35.267+0000] {dag.py:2915} INFO - Sync 1 DAGs
[2023-10-10T17:28:35.280+0000] {logging_mixin.py:151} INFO - [2023-10-10T17:28:35.280+0000] {dag.py:3696} INFO - Setting next_dagrun for example_branch_operator to 2023-10-09T00:00:00+00:00, run_after=2023-10-10T00:00:00+00:00
[2023-10-10T17:28:35.289+0000] {processor.py:179} INFO - Processing /home/airflow/.local/lib/python3.8/site-packages/airflow/example_dags/example_branch_operator.py took 0.045 seconds
