[2023-10-10T06:38:11.809+0000] {processor.py:157} INFO - Started process (PID=76) to work on /home/airflow/.local/lib/python3.8/site-packages/airflow/example_dags/example_sensors.py
[2023-10-10T06:38:11.810+0000] {processor.py:829} INFO - Processing file /home/airflow/.local/lib/python3.8/site-packages/airflow/example_dags/example_sensors.py for tasks to queue
[2023-10-10T06:38:11.812+0000] {logging_mixin.py:151} INFO - [2023-10-10T06:38:11.812+0000] {dagbag.py:539} INFO - Filling up the DagBag from /home/airflow/.local/lib/python3.8/site-packages/airflow/example_dags/example_sensors.py
[2023-10-10T06:38:11.822+0000] {processor.py:839} INFO - DAG(s) dict_keys(['example_sensors']) retrieved from /home/airflow/.local/lib/python3.8/site-packages/airflow/example_dags/example_sensors.py
[2023-10-10T06:38:11.840+0000] {logging_mixin.py:151} INFO - [2023-10-10T06:38:11.840+0000] {dag.py:2915} INFO - Sync 1 DAGs
[2023-10-10T06:38:11.850+0000] {logging_mixin.py:151} INFO - [2023-10-10T06:38:11.850+0000] {dag.py:3696} INFO - Setting next_dagrun for example_sensors to None, run_after=None
[2023-10-10T06:38:11.862+0000] {processor.py:179} INFO - Processing /home/airflow/.local/lib/python3.8/site-packages/airflow/example_dags/example_sensors.py took 0.056 seconds
[2023-10-10T06:38:41.896+0000] {processor.py:157} INFO - Started process (PID=132) to work on /home/airflow/.local/lib/python3.8/site-packages/airflow/example_dags/example_sensors.py
[2023-10-10T06:38:41.897+0000] {processor.py:829} INFO - Processing file /home/airflow/.local/lib/python3.8/site-packages/airflow/example_dags/example_sensors.py for tasks to queue
[2023-10-10T06:38:41.899+0000] {logging_mixin.py:151} INFO - [2023-10-10T06:38:41.899+0000] {dagbag.py:539} INFO - Filling up the DagBag from /home/airflow/.local/lib/python3.8/site-packages/airflow/example_dags/example_sensors.py
[2023-10-10T06:38:41.904+0000] {processor.py:839} INFO - DAG(s) dict_keys(['example_sensors']) retrieved from /home/airflow/.local/lib/python3.8/site-packages/airflow/example_dags/example_sensors.py
[2023-10-10T06:38:41.918+0000] {logging_mixin.py:151} INFO - [2023-10-10T06:38:41.918+0000] {dag.py:2915} INFO - Sync 1 DAGs
[2023-10-10T06:38:41.925+0000] {logging_mixin.py:151} INFO - [2023-10-10T06:38:41.925+0000] {dag.py:3696} INFO - Setting next_dagrun for example_sensors to None, run_after=None
[2023-10-10T06:38:41.933+0000] {processor.py:179} INFO - Processing /home/airflow/.local/lib/python3.8/site-packages/airflow/example_dags/example_sensors.py took 0.039 seconds
[2023-10-10T06:39:12.227+0000] {processor.py:157} INFO - Started process (PID=188) to work on /home/airflow/.local/lib/python3.8/site-packages/airflow/example_dags/example_sensors.py
[2023-10-10T06:39:12.228+0000] {processor.py:829} INFO - Processing file /home/airflow/.local/lib/python3.8/site-packages/airflow/example_dags/example_sensors.py for tasks to queue
[2023-10-10T06:39:12.229+0000] {logging_mixin.py:151} INFO - [2023-10-10T06:39:12.229+0000] {dagbag.py:539} INFO - Filling up the DagBag from /home/airflow/.local/lib/python3.8/site-packages/airflow/example_dags/example_sensors.py
[2023-10-10T06:39:12.234+0000] {processor.py:839} INFO - DAG(s) dict_keys(['example_sensors']) retrieved from /home/airflow/.local/lib/python3.8/site-packages/airflow/example_dags/example_sensors.py
[2023-10-10T06:39:12.250+0000] {logging_mixin.py:151} INFO - [2023-10-10T06:39:12.250+0000] {dag.py:2915} INFO - Sync 1 DAGs
[2023-10-10T06:39:12.256+0000] {logging_mixin.py:151} INFO - [2023-10-10T06:39:12.256+0000] {dag.py:3696} INFO - Setting next_dagrun for example_sensors to None, run_after=None
[2023-10-10T06:39:12.264+0000] {processor.py:179} INFO - Processing /home/airflow/.local/lib/python3.8/site-packages/airflow/example_dags/example_sensors.py took 0.040 seconds
[2023-10-10T06:39:42.370+0000] {processor.py:157} INFO - Started process (PID=244) to work on /home/airflow/.local/lib/python3.8/site-packages/airflow/example_dags/example_sensors.py
[2023-10-10T06:39:42.371+0000] {processor.py:829} INFO - Processing file /home/airflow/.local/lib/python3.8/site-packages/airflow/example_dags/example_sensors.py for tasks to queue
[2023-10-10T06:39:42.373+0000] {logging_mixin.py:151} INFO - [2023-10-10T06:39:42.373+0000] {dagbag.py:539} INFO - Filling up the DagBag from /home/airflow/.local/lib/python3.8/site-packages/airflow/example_dags/example_sensors.py
[2023-10-10T06:39:42.378+0000] {processor.py:839} INFO - DAG(s) dict_keys(['example_sensors']) retrieved from /home/airflow/.local/lib/python3.8/site-packages/airflow/example_dags/example_sensors.py
[2023-10-10T06:39:42.392+0000] {logging_mixin.py:151} INFO - [2023-10-10T06:39:42.392+0000] {dag.py:2915} INFO - Sync 1 DAGs
[2023-10-10T06:39:42.398+0000] {logging_mixin.py:151} INFO - [2023-10-10T06:39:42.398+0000] {dag.py:3696} INFO - Setting next_dagrun for example_sensors to None, run_after=None
[2023-10-10T06:39:42.406+0000] {processor.py:179} INFO - Processing /home/airflow/.local/lib/python3.8/site-packages/airflow/example_dags/example_sensors.py took 0.038 seconds
[2023-10-10T06:40:12.716+0000] {processor.py:157} INFO - Started process (PID=300) to work on /home/airflow/.local/lib/python3.8/site-packages/airflow/example_dags/example_sensors.py
[2023-10-10T06:40:12.717+0000] {processor.py:829} INFO - Processing file /home/airflow/.local/lib/python3.8/site-packages/airflow/example_dags/example_sensors.py for tasks to queue
[2023-10-10T06:40:12.718+0000] {logging_mixin.py:151} INFO - [2023-10-10T06:40:12.718+0000] {dagbag.py:539} INFO - Filling up the DagBag from /home/airflow/.local/lib/python3.8/site-packages/airflow/example_dags/example_sensors.py
[2023-10-10T06:40:12.724+0000] {processor.py:839} INFO - DAG(s) dict_keys(['example_sensors']) retrieved from /home/airflow/.local/lib/python3.8/site-packages/airflow/example_dags/example_sensors.py
[2023-10-10T06:40:12.769+0000] {logging_mixin.py:151} INFO - [2023-10-10T06:40:12.769+0000] {dag.py:2915} INFO - Sync 1 DAGs
[2023-10-10T06:40:12.783+0000] {logging_mixin.py:151} INFO - [2023-10-10T06:40:12.783+0000] {dag.py:3696} INFO - Setting next_dagrun for example_sensors to None, run_after=None
[2023-10-10T06:40:12.800+0000] {processor.py:179} INFO - Processing /home/airflow/.local/lib/python3.8/site-packages/airflow/example_dags/example_sensors.py took 0.086 seconds
[2023-10-10T06:40:43.328+0000] {processor.py:157} INFO - Started process (PID=356) to work on /home/airflow/.local/lib/python3.8/site-packages/airflow/example_dags/example_sensors.py
[2023-10-10T06:40:43.329+0000] {processor.py:829} INFO - Processing file /home/airflow/.local/lib/python3.8/site-packages/airflow/example_dags/example_sensors.py for tasks to queue
[2023-10-10T06:40:43.331+0000] {logging_mixin.py:151} INFO - [2023-10-10T06:40:43.331+0000] {dagbag.py:539} INFO - Filling up the DagBag from /home/airflow/.local/lib/python3.8/site-packages/airflow/example_dags/example_sensors.py
[2023-10-10T06:40:43.337+0000] {processor.py:839} INFO - DAG(s) dict_keys(['example_sensors']) retrieved from /home/airflow/.local/lib/python3.8/site-packages/airflow/example_dags/example_sensors.py
[2023-10-10T06:40:43.351+0000] {logging_mixin.py:151} INFO - [2023-10-10T06:40:43.351+0000] {dag.py:2915} INFO - Sync 1 DAGs
[2023-10-10T06:40:43.358+0000] {logging_mixin.py:151} INFO - [2023-10-10T06:40:43.358+0000] {dag.py:3696} INFO - Setting next_dagrun for example_sensors to None, run_after=None
[2023-10-10T06:40:43.367+0000] {processor.py:179} INFO - Processing /home/airflow/.local/lib/python3.8/site-packages/airflow/example_dags/example_sensors.py took 0.041 seconds
[2023-10-10T06:41:13.622+0000] {processor.py:157} INFO - Started process (PID=412) to work on /home/airflow/.local/lib/python3.8/site-packages/airflow/example_dags/example_sensors.py
[2023-10-10T06:41:13.622+0000] {processor.py:829} INFO - Processing file /home/airflow/.local/lib/python3.8/site-packages/airflow/example_dags/example_sensors.py for tasks to queue
[2023-10-10T06:41:13.624+0000] {logging_mixin.py:151} INFO - [2023-10-10T06:41:13.624+0000] {dagbag.py:539} INFO - Filling up the DagBag from /home/airflow/.local/lib/python3.8/site-packages/airflow/example_dags/example_sensors.py
[2023-10-10T06:41:13.630+0000] {processor.py:839} INFO - DAG(s) dict_keys(['example_sensors']) retrieved from /home/airflow/.local/lib/python3.8/site-packages/airflow/example_dags/example_sensors.py
[2023-10-10T06:41:13.644+0000] {logging_mixin.py:151} INFO - [2023-10-10T06:41:13.643+0000] {dag.py:2915} INFO - Sync 1 DAGs
[2023-10-10T06:41:13.650+0000] {logging_mixin.py:151} INFO - [2023-10-10T06:41:13.649+0000] {dag.py:3696} INFO - Setting next_dagrun for example_sensors to None, run_after=None
[2023-10-10T06:41:13.658+0000] {processor.py:179} INFO - Processing /home/airflow/.local/lib/python3.8/site-packages/airflow/example_dags/example_sensors.py took 0.039 seconds
[2023-10-10T06:41:44.943+0000] {processor.py:157} INFO - Started process (PID=468) to work on /home/airflow/.local/lib/python3.8/site-packages/airflow/example_dags/example_sensors.py
[2023-10-10T06:41:44.943+0000] {processor.py:829} INFO - Processing file /home/airflow/.local/lib/python3.8/site-packages/airflow/example_dags/example_sensors.py for tasks to queue
[2023-10-10T06:41:44.945+0000] {logging_mixin.py:151} INFO - [2023-10-10T06:41:44.945+0000] {dagbag.py:539} INFO - Filling up the DagBag from /home/airflow/.local/lib/python3.8/site-packages/airflow/example_dags/example_sensors.py
[2023-10-10T06:41:44.950+0000] {processor.py:839} INFO - DAG(s) dict_keys(['example_sensors']) retrieved from /home/airflow/.local/lib/python3.8/site-packages/airflow/example_dags/example_sensors.py
[2023-10-10T06:41:44.965+0000] {logging_mixin.py:151} INFO - [2023-10-10T06:41:44.964+0000] {dag.py:2915} INFO - Sync 1 DAGs
[2023-10-10T06:41:44.971+0000] {logging_mixin.py:151} INFO - [2023-10-10T06:41:44.971+0000] {dag.py:3696} INFO - Setting next_dagrun for example_sensors to None, run_after=None
[2023-10-10T06:41:44.981+0000] {processor.py:179} INFO - Processing /home/airflow/.local/lib/python3.8/site-packages/airflow/example_dags/example_sensors.py took 0.040 seconds
[2023-10-10T06:42:15.209+0000] {processor.py:157} INFO - Started process (PID=524) to work on /home/airflow/.local/lib/python3.8/site-packages/airflow/example_dags/example_sensors.py
[2023-10-10T06:42:15.210+0000] {processor.py:829} INFO - Processing file /home/airflow/.local/lib/python3.8/site-packages/airflow/example_dags/example_sensors.py for tasks to queue
[2023-10-10T06:42:15.212+0000] {logging_mixin.py:151} INFO - [2023-10-10T06:42:15.211+0000] {dagbag.py:539} INFO - Filling up the DagBag from /home/airflow/.local/lib/python3.8/site-packages/airflow/example_dags/example_sensors.py
[2023-10-10T06:42:15.217+0000] {processor.py:839} INFO - DAG(s) dict_keys(['example_sensors']) retrieved from /home/airflow/.local/lib/python3.8/site-packages/airflow/example_dags/example_sensors.py
[2023-10-10T06:42:15.232+0000] {logging_mixin.py:151} INFO - [2023-10-10T06:42:15.232+0000] {dag.py:2915} INFO - Sync 1 DAGs
[2023-10-10T06:42:15.240+0000] {logging_mixin.py:151} INFO - [2023-10-10T06:42:15.239+0000] {dag.py:3696} INFO - Setting next_dagrun for example_sensors to None, run_after=None
[2023-10-10T06:42:15.249+0000] {processor.py:179} INFO - Processing /home/airflow/.local/lib/python3.8/site-packages/airflow/example_dags/example_sensors.py took 0.042 seconds
[2023-10-10T06:42:45.463+0000] {processor.py:157} INFO - Started process (PID=580) to work on /home/airflow/.local/lib/python3.8/site-packages/airflow/example_dags/example_sensors.py
[2023-10-10T06:42:45.463+0000] {processor.py:829} INFO - Processing file /home/airflow/.local/lib/python3.8/site-packages/airflow/example_dags/example_sensors.py for tasks to queue
[2023-10-10T06:42:45.465+0000] {logging_mixin.py:151} INFO - [2023-10-10T06:42:45.464+0000] {dagbag.py:539} INFO - Filling up the DagBag from /home/airflow/.local/lib/python3.8/site-packages/airflow/example_dags/example_sensors.py
[2023-10-10T06:42:45.470+0000] {processor.py:839} INFO - DAG(s) dict_keys(['example_sensors']) retrieved from /home/airflow/.local/lib/python3.8/site-packages/airflow/example_dags/example_sensors.py
[2023-10-10T06:42:45.484+0000] {logging_mixin.py:151} INFO - [2023-10-10T06:42:45.484+0000] {dag.py:2915} INFO - Sync 1 DAGs
[2023-10-10T06:42:45.491+0000] {logging_mixin.py:151} INFO - [2023-10-10T06:42:45.491+0000] {dag.py:3696} INFO - Setting next_dagrun for example_sensors to None, run_after=None
[2023-10-10T06:42:45.500+0000] {processor.py:179} INFO - Processing /home/airflow/.local/lib/python3.8/site-packages/airflow/example_dags/example_sensors.py took 0.039 seconds
[2023-10-10T06:43:15.954+0000] {processor.py:157} INFO - Started process (PID=636) to work on /home/airflow/.local/lib/python3.8/site-packages/airflow/example_dags/example_sensors.py
[2023-10-10T06:43:15.955+0000] {processor.py:829} INFO - Processing file /home/airflow/.local/lib/python3.8/site-packages/airflow/example_dags/example_sensors.py for tasks to queue
[2023-10-10T06:43:15.956+0000] {logging_mixin.py:151} INFO - [2023-10-10T06:43:15.956+0000] {dagbag.py:539} INFO - Filling up the DagBag from /home/airflow/.local/lib/python3.8/site-packages/airflow/example_dags/example_sensors.py
[2023-10-10T06:43:15.961+0000] {processor.py:839} INFO - DAG(s) dict_keys(['example_sensors']) retrieved from /home/airflow/.local/lib/python3.8/site-packages/airflow/example_dags/example_sensors.py
[2023-10-10T06:43:15.975+0000] {logging_mixin.py:151} INFO - [2023-10-10T06:43:15.975+0000] {dag.py:2915} INFO - Sync 1 DAGs
[2023-10-10T06:43:15.981+0000] {logging_mixin.py:151} INFO - [2023-10-10T06:43:15.981+0000] {dag.py:3696} INFO - Setting next_dagrun for example_sensors to None, run_after=None
[2023-10-10T06:43:15.991+0000] {processor.py:179} INFO - Processing /home/airflow/.local/lib/python3.8/site-packages/airflow/example_dags/example_sensors.py took 0.040 seconds
[2023-10-10T06:46:50.417+0000] {processor.py:157} INFO - Started process (PID=77) to work on /home/airflow/.local/lib/python3.8/site-packages/airflow/example_dags/example_sensors.py
[2023-10-10T06:46:50.418+0000] {processor.py:829} INFO - Processing file /home/airflow/.local/lib/python3.8/site-packages/airflow/example_dags/example_sensors.py for tasks to queue
[2023-10-10T06:46:50.420+0000] {logging_mixin.py:151} INFO - [2023-10-10T06:46:50.420+0000] {dagbag.py:539} INFO - Filling up the DagBag from /home/airflow/.local/lib/python3.8/site-packages/airflow/example_dags/example_sensors.py
[2023-10-10T06:46:50.429+0000] {processor.py:839} INFO - DAG(s) dict_keys(['example_sensors']) retrieved from /home/airflow/.local/lib/python3.8/site-packages/airflow/example_dags/example_sensors.py
[2023-10-10T06:46:50.440+0000] {logging_mixin.py:151} INFO - [2023-10-10T06:46:50.440+0000] {dag.py:2915} INFO - Sync 1 DAGs
[2023-10-10T06:46:50.451+0000] {logging_mixin.py:151} INFO - [2023-10-10T06:46:50.451+0000] {dag.py:3696} INFO - Setting next_dagrun for example_sensors to None, run_after=None
[2023-10-10T06:46:50.464+0000] {processor.py:179} INFO - Processing /home/airflow/.local/lib/python3.8/site-packages/airflow/example_dags/example_sensors.py took 0.049 seconds
[2023-10-10T06:47:20.639+0000] {processor.py:157} INFO - Started process (PID=133) to work on /home/airflow/.local/lib/python3.8/site-packages/airflow/example_dags/example_sensors.py
[2023-10-10T06:47:20.640+0000] {processor.py:829} INFO - Processing file /home/airflow/.local/lib/python3.8/site-packages/airflow/example_dags/example_sensors.py for tasks to queue
[2023-10-10T06:47:20.642+0000] {logging_mixin.py:151} INFO - [2023-10-10T06:47:20.641+0000] {dagbag.py:539} INFO - Filling up the DagBag from /home/airflow/.local/lib/python3.8/site-packages/airflow/example_dags/example_sensors.py
[2023-10-10T06:47:20.647+0000] {processor.py:839} INFO - DAG(s) dict_keys(['example_sensors']) retrieved from /home/airflow/.local/lib/python3.8/site-packages/airflow/example_dags/example_sensors.py
[2023-10-10T06:47:20.663+0000] {logging_mixin.py:151} INFO - [2023-10-10T06:47:20.663+0000] {dag.py:2915} INFO - Sync 1 DAGs
[2023-10-10T06:47:20.670+0000] {logging_mixin.py:151} INFO - [2023-10-10T06:47:20.670+0000] {dag.py:3696} INFO - Setting next_dagrun for example_sensors to None, run_after=None
[2023-10-10T06:47:20.681+0000] {processor.py:179} INFO - Processing /home/airflow/.local/lib/python3.8/site-packages/airflow/example_dags/example_sensors.py took 0.044 seconds
[2023-10-10T06:47:50.733+0000] {processor.py:157} INFO - Started process (PID=189) to work on /home/airflow/.local/lib/python3.8/site-packages/airflow/example_dags/example_sensors.py
[2023-10-10T06:47:50.734+0000] {processor.py:829} INFO - Processing file /home/airflow/.local/lib/python3.8/site-packages/airflow/example_dags/example_sensors.py for tasks to queue
[2023-10-10T06:47:50.735+0000] {logging_mixin.py:151} INFO - [2023-10-10T06:47:50.735+0000] {dagbag.py:539} INFO - Filling up the DagBag from /home/airflow/.local/lib/python3.8/site-packages/airflow/example_dags/example_sensors.py
[2023-10-10T06:47:50.740+0000] {processor.py:839} INFO - DAG(s) dict_keys(['example_sensors']) retrieved from /home/airflow/.local/lib/python3.8/site-packages/airflow/example_dags/example_sensors.py
[2023-10-10T06:47:50.756+0000] {logging_mixin.py:151} INFO - [2023-10-10T06:47:50.755+0000] {dag.py:2915} INFO - Sync 1 DAGs
[2023-10-10T06:47:50.762+0000] {logging_mixin.py:151} INFO - [2023-10-10T06:47:50.762+0000] {dag.py:3696} INFO - Setting next_dagrun for example_sensors to None, run_after=None
[2023-10-10T06:47:50.771+0000] {processor.py:179} INFO - Processing /home/airflow/.local/lib/python3.8/site-packages/airflow/example_dags/example_sensors.py took 0.041 seconds
[2023-10-10T06:48:21.075+0000] {processor.py:157} INFO - Started process (PID=245) to work on /home/airflow/.local/lib/python3.8/site-packages/airflow/example_dags/example_sensors.py
[2023-10-10T06:48:21.076+0000] {processor.py:829} INFO - Processing file /home/airflow/.local/lib/python3.8/site-packages/airflow/example_dags/example_sensors.py for tasks to queue
[2023-10-10T06:48:21.077+0000] {logging_mixin.py:151} INFO - [2023-10-10T06:48:21.077+0000] {dagbag.py:539} INFO - Filling up the DagBag from /home/airflow/.local/lib/python3.8/site-packages/airflow/example_dags/example_sensors.py
[2023-10-10T06:48:21.083+0000] {processor.py:839} INFO - DAG(s) dict_keys(['example_sensors']) retrieved from /home/airflow/.local/lib/python3.8/site-packages/airflow/example_dags/example_sensors.py
[2023-10-10T06:48:21.098+0000] {logging_mixin.py:151} INFO - [2023-10-10T06:48:21.098+0000] {dag.py:2915} INFO - Sync 1 DAGs
[2023-10-10T06:48:21.105+0000] {logging_mixin.py:151} INFO - [2023-10-10T06:48:21.105+0000] {dag.py:3696} INFO - Setting next_dagrun for example_sensors to None, run_after=None
[2023-10-10T06:48:21.115+0000] {processor.py:179} INFO - Processing /home/airflow/.local/lib/python3.8/site-packages/airflow/example_dags/example_sensors.py took 0.042 seconds
[2023-10-10T06:48:51.225+0000] {processor.py:157} INFO - Started process (PID=301) to work on /home/airflow/.local/lib/python3.8/site-packages/airflow/example_dags/example_sensors.py
[2023-10-10T06:48:51.226+0000] {processor.py:829} INFO - Processing file /home/airflow/.local/lib/python3.8/site-packages/airflow/example_dags/example_sensors.py for tasks to queue
[2023-10-10T06:48:51.228+0000] {logging_mixin.py:151} INFO - [2023-10-10T06:48:51.228+0000] {dagbag.py:539} INFO - Filling up the DagBag from /home/airflow/.local/lib/python3.8/site-packages/airflow/example_dags/example_sensors.py
[2023-10-10T06:48:51.233+0000] {processor.py:839} INFO - DAG(s) dict_keys(['example_sensors']) retrieved from /home/airflow/.local/lib/python3.8/site-packages/airflow/example_dags/example_sensors.py
[2023-10-10T06:48:51.247+0000] {logging_mixin.py:151} INFO - [2023-10-10T06:48:51.247+0000] {dag.py:2915} INFO - Sync 1 DAGs
[2023-10-10T06:48:51.253+0000] {logging_mixin.py:151} INFO - [2023-10-10T06:48:51.253+0000] {dag.py:3696} INFO - Setting next_dagrun for example_sensors to None, run_after=None
[2023-10-10T06:48:51.262+0000] {processor.py:179} INFO - Processing /home/airflow/.local/lib/python3.8/site-packages/airflow/example_dags/example_sensors.py took 0.038 seconds
[2023-10-10T06:49:21.500+0000] {processor.py:157} INFO - Started process (PID=357) to work on /home/airflow/.local/lib/python3.8/site-packages/airflow/example_dags/example_sensors.py
[2023-10-10T06:49:21.501+0000] {processor.py:829} INFO - Processing file /home/airflow/.local/lib/python3.8/site-packages/airflow/example_dags/example_sensors.py for tasks to queue
[2023-10-10T06:49:21.502+0000] {logging_mixin.py:151} INFO - [2023-10-10T06:49:21.502+0000] {dagbag.py:539} INFO - Filling up the DagBag from /home/airflow/.local/lib/python3.8/site-packages/airflow/example_dags/example_sensors.py
[2023-10-10T06:49:21.508+0000] {processor.py:839} INFO - DAG(s) dict_keys(['example_sensors']) retrieved from /home/airflow/.local/lib/python3.8/site-packages/airflow/example_dags/example_sensors.py
[2023-10-10T06:49:21.522+0000] {logging_mixin.py:151} INFO - [2023-10-10T06:49:21.522+0000] {dag.py:2915} INFO - Sync 1 DAGs
[2023-10-10T06:49:21.529+0000] {logging_mixin.py:151} INFO - [2023-10-10T06:49:21.529+0000] {dag.py:3696} INFO - Setting next_dagrun for example_sensors to None, run_after=None
[2023-10-10T06:49:21.539+0000] {processor.py:179} INFO - Processing /home/airflow/.local/lib/python3.8/site-packages/airflow/example_dags/example_sensors.py took 0.041 seconds
[2023-10-10T06:49:52.741+0000] {processor.py:157} INFO - Started process (PID=413) to work on /home/airflow/.local/lib/python3.8/site-packages/airflow/example_dags/example_sensors.py
[2023-10-10T06:49:52.742+0000] {processor.py:829} INFO - Processing file /home/airflow/.local/lib/python3.8/site-packages/airflow/example_dags/example_sensors.py for tasks to queue
[2023-10-10T06:49:52.743+0000] {logging_mixin.py:151} INFO - [2023-10-10T06:49:52.743+0000] {dagbag.py:539} INFO - Filling up the DagBag from /home/airflow/.local/lib/python3.8/site-packages/airflow/example_dags/example_sensors.py
[2023-10-10T06:49:52.749+0000] {processor.py:839} INFO - DAG(s) dict_keys(['example_sensors']) retrieved from /home/airflow/.local/lib/python3.8/site-packages/airflow/example_dags/example_sensors.py
[2023-10-10T06:49:52.763+0000] {logging_mixin.py:151} INFO - [2023-10-10T06:49:52.763+0000] {dag.py:2915} INFO - Sync 1 DAGs
[2023-10-10T06:49:52.770+0000] {logging_mixin.py:151} INFO - [2023-10-10T06:49:52.770+0000] {dag.py:3696} INFO - Setting next_dagrun for example_sensors to None, run_after=None
[2023-10-10T06:49:52.780+0000] {processor.py:179} INFO - Processing /home/airflow/.local/lib/python3.8/site-packages/airflow/example_dags/example_sensors.py took 0.041 seconds
[2023-10-10T06:50:23.835+0000] {processor.py:157} INFO - Started process (PID=469) to work on /home/airflow/.local/lib/python3.8/site-packages/airflow/example_dags/example_sensors.py
[2023-10-10T06:50:23.836+0000] {processor.py:829} INFO - Processing file /home/airflow/.local/lib/python3.8/site-packages/airflow/example_dags/example_sensors.py for tasks to queue
[2023-10-10T06:50:23.838+0000] {logging_mixin.py:151} INFO - [2023-10-10T06:50:23.838+0000] {dagbag.py:539} INFO - Filling up the DagBag from /home/airflow/.local/lib/python3.8/site-packages/airflow/example_dags/example_sensors.py
[2023-10-10T06:50:23.844+0000] {processor.py:839} INFO - DAG(s) dict_keys(['example_sensors']) retrieved from /home/airflow/.local/lib/python3.8/site-packages/airflow/example_dags/example_sensors.py
[2023-10-10T06:50:23.863+0000] {logging_mixin.py:151} INFO - [2023-10-10T06:50:23.863+0000] {dag.py:2915} INFO - Sync 1 DAGs
[2023-10-10T06:50:23.871+0000] {logging_mixin.py:151} INFO - [2023-10-10T06:50:23.870+0000] {dag.py:3696} INFO - Setting next_dagrun for example_sensors to None, run_after=None
[2023-10-10T06:50:23.882+0000] {processor.py:179} INFO - Processing /home/airflow/.local/lib/python3.8/site-packages/airflow/example_dags/example_sensors.py took 0.052 seconds
[2023-10-10T06:50:54.150+0000] {processor.py:157} INFO - Started process (PID=525) to work on /home/airflow/.local/lib/python3.8/site-packages/airflow/example_dags/example_sensors.py
[2023-10-10T06:50:54.151+0000] {processor.py:829} INFO - Processing file /home/airflow/.local/lib/python3.8/site-packages/airflow/example_dags/example_sensors.py for tasks to queue
[2023-10-10T06:50:54.153+0000] {logging_mixin.py:151} INFO - [2023-10-10T06:50:54.152+0000] {dagbag.py:539} INFO - Filling up the DagBag from /home/airflow/.local/lib/python3.8/site-packages/airflow/example_dags/example_sensors.py
[2023-10-10T06:50:54.159+0000] {processor.py:839} INFO - DAG(s) dict_keys(['example_sensors']) retrieved from /home/airflow/.local/lib/python3.8/site-packages/airflow/example_dags/example_sensors.py
[2023-10-10T06:50:54.174+0000] {logging_mixin.py:151} INFO - [2023-10-10T06:50:54.174+0000] {dag.py:2915} INFO - Sync 1 DAGs
[2023-10-10T06:50:54.182+0000] {logging_mixin.py:151} INFO - [2023-10-10T06:50:54.182+0000] {dag.py:3696} INFO - Setting next_dagrun for example_sensors to None, run_after=None
[2023-10-10T06:50:54.193+0000] {processor.py:179} INFO - Processing /home/airflow/.local/lib/python3.8/site-packages/airflow/example_dags/example_sensors.py took 0.046 seconds
[2023-10-10T06:51:24.450+0000] {processor.py:157} INFO - Started process (PID=581) to work on /home/airflow/.local/lib/python3.8/site-packages/airflow/example_dags/example_sensors.py
[2023-10-10T06:51:24.451+0000] {processor.py:829} INFO - Processing file /home/airflow/.local/lib/python3.8/site-packages/airflow/example_dags/example_sensors.py for tasks to queue
[2023-10-10T06:51:24.452+0000] {logging_mixin.py:151} INFO - [2023-10-10T06:51:24.452+0000] {dagbag.py:539} INFO - Filling up the DagBag from /home/airflow/.local/lib/python3.8/site-packages/airflow/example_dags/example_sensors.py
[2023-10-10T06:51:24.457+0000] {processor.py:839} INFO - DAG(s) dict_keys(['example_sensors']) retrieved from /home/airflow/.local/lib/python3.8/site-packages/airflow/example_dags/example_sensors.py
[2023-10-10T06:51:24.472+0000] {logging_mixin.py:151} INFO - [2023-10-10T06:51:24.471+0000] {dag.py:2915} INFO - Sync 1 DAGs
[2023-10-10T06:51:24.478+0000] {logging_mixin.py:151} INFO - [2023-10-10T06:51:24.478+0000] {dag.py:3696} INFO - Setting next_dagrun for example_sensors to None, run_after=None
[2023-10-10T06:51:24.486+0000] {processor.py:179} INFO - Processing /home/airflow/.local/lib/python3.8/site-packages/airflow/example_dags/example_sensors.py took 0.039 seconds
[2023-10-10T06:51:54.848+0000] {processor.py:157} INFO - Started process (PID=637) to work on /home/airflow/.local/lib/python3.8/site-packages/airflow/example_dags/example_sensors.py
[2023-10-10T06:51:54.849+0000] {processor.py:829} INFO - Processing file /home/airflow/.local/lib/python3.8/site-packages/airflow/example_dags/example_sensors.py for tasks to queue
[2023-10-10T06:51:54.851+0000] {logging_mixin.py:151} INFO - [2023-10-10T06:51:54.851+0000] {dagbag.py:539} INFO - Filling up the DagBag from /home/airflow/.local/lib/python3.8/site-packages/airflow/example_dags/example_sensors.py
[2023-10-10T06:51:54.858+0000] {processor.py:839} INFO - DAG(s) dict_keys(['example_sensors']) retrieved from /home/airflow/.local/lib/python3.8/site-packages/airflow/example_dags/example_sensors.py
[2023-10-10T06:51:54.874+0000] {logging_mixin.py:151} INFO - [2023-10-10T06:51:54.874+0000] {dag.py:2915} INFO - Sync 1 DAGs
[2023-10-10T06:51:54.882+0000] {logging_mixin.py:151} INFO - [2023-10-10T06:51:54.882+0000] {dag.py:3696} INFO - Setting next_dagrun for example_sensors to None, run_after=None
[2023-10-10T06:51:54.893+0000] {processor.py:179} INFO - Processing /home/airflow/.local/lib/python3.8/site-packages/airflow/example_dags/example_sensors.py took 0.048 seconds
[2023-10-10T06:52:25.026+0000] {processor.py:157} INFO - Started process (PID=693) to work on /home/airflow/.local/lib/python3.8/site-packages/airflow/example_dags/example_sensors.py
[2023-10-10T06:52:25.027+0000] {processor.py:829} INFO - Processing file /home/airflow/.local/lib/python3.8/site-packages/airflow/example_dags/example_sensors.py for tasks to queue
[2023-10-10T06:52:25.029+0000] {logging_mixin.py:151} INFO - [2023-10-10T06:52:25.029+0000] {dagbag.py:539} INFO - Filling up the DagBag from /home/airflow/.local/lib/python3.8/site-packages/airflow/example_dags/example_sensors.py
[2023-10-10T06:52:25.035+0000] {processor.py:839} INFO - DAG(s) dict_keys(['example_sensors']) retrieved from /home/airflow/.local/lib/python3.8/site-packages/airflow/example_dags/example_sensors.py
[2023-10-10T06:52:25.052+0000] {logging_mixin.py:151} INFO - [2023-10-10T06:52:25.052+0000] {dag.py:2915} INFO - Sync 1 DAGs
[2023-10-10T06:52:25.059+0000] {logging_mixin.py:151} INFO - [2023-10-10T06:52:25.059+0000] {dag.py:3696} INFO - Setting next_dagrun for example_sensors to None, run_after=None
[2023-10-10T06:52:25.070+0000] {processor.py:179} INFO - Processing /home/airflow/.local/lib/python3.8/site-packages/airflow/example_dags/example_sensors.py took 0.046 seconds
[2023-10-10T06:52:55.375+0000] {processor.py:157} INFO - Started process (PID=749) to work on /home/airflow/.local/lib/python3.8/site-packages/airflow/example_dags/example_sensors.py
[2023-10-10T06:52:55.376+0000] {processor.py:829} INFO - Processing file /home/airflow/.local/lib/python3.8/site-packages/airflow/example_dags/example_sensors.py for tasks to queue
[2023-10-10T06:52:55.378+0000] {logging_mixin.py:151} INFO - [2023-10-10T06:52:55.378+0000] {dagbag.py:539} INFO - Filling up the DagBag from /home/airflow/.local/lib/python3.8/site-packages/airflow/example_dags/example_sensors.py
[2023-10-10T06:52:55.385+0000] {processor.py:839} INFO - DAG(s) dict_keys(['example_sensors']) retrieved from /home/airflow/.local/lib/python3.8/site-packages/airflow/example_dags/example_sensors.py
[2023-10-10T06:52:55.402+0000] {logging_mixin.py:151} INFO - [2023-10-10T06:52:55.402+0000] {dag.py:2915} INFO - Sync 1 DAGs
[2023-10-10T06:52:55.410+0000] {logging_mixin.py:151} INFO - [2023-10-10T06:52:55.409+0000] {dag.py:3696} INFO - Setting next_dagrun for example_sensors to None, run_after=None
[2023-10-10T06:52:55.421+0000] {processor.py:179} INFO - Processing /home/airflow/.local/lib/python3.8/site-packages/airflow/example_dags/example_sensors.py took 0.048 seconds
[2023-10-10T06:53:25.534+0000] {processor.py:157} INFO - Started process (PID=805) to work on /home/airflow/.local/lib/python3.8/site-packages/airflow/example_dags/example_sensors.py
[2023-10-10T06:53:25.535+0000] {processor.py:829} INFO - Processing file /home/airflow/.local/lib/python3.8/site-packages/airflow/example_dags/example_sensors.py for tasks to queue
[2023-10-10T06:53:25.537+0000] {logging_mixin.py:151} INFO - [2023-10-10T06:53:25.537+0000] {dagbag.py:539} INFO - Filling up the DagBag from /home/airflow/.local/lib/python3.8/site-packages/airflow/example_dags/example_sensors.py
[2023-10-10T06:53:25.543+0000] {processor.py:839} INFO - DAG(s) dict_keys(['example_sensors']) retrieved from /home/airflow/.local/lib/python3.8/site-packages/airflow/example_dags/example_sensors.py
[2023-10-10T06:53:25.559+0000] {logging_mixin.py:151} INFO - [2023-10-10T06:53:25.558+0000] {dag.py:2915} INFO - Sync 1 DAGs
[2023-10-10T06:53:25.566+0000] {logging_mixin.py:151} INFO - [2023-10-10T06:53:25.565+0000] {dag.py:3696} INFO - Setting next_dagrun for example_sensors to None, run_after=None
[2023-10-10T06:53:25.575+0000] {processor.py:179} INFO - Processing /home/airflow/.local/lib/python3.8/site-packages/airflow/example_dags/example_sensors.py took 0.043 seconds
[2023-10-10T06:53:55.803+0000] {processor.py:157} INFO - Started process (PID=861) to work on /home/airflow/.local/lib/python3.8/site-packages/airflow/example_dags/example_sensors.py
[2023-10-10T06:53:55.805+0000] {processor.py:829} INFO - Processing file /home/airflow/.local/lib/python3.8/site-packages/airflow/example_dags/example_sensors.py for tasks to queue
[2023-10-10T06:53:55.807+0000] {logging_mixin.py:151} INFO - [2023-10-10T06:53:55.807+0000] {dagbag.py:539} INFO - Filling up the DagBag from /home/airflow/.local/lib/python3.8/site-packages/airflow/example_dags/example_sensors.py
[2023-10-10T06:53:55.812+0000] {processor.py:839} INFO - DAG(s) dict_keys(['example_sensors']) retrieved from /home/airflow/.local/lib/python3.8/site-packages/airflow/example_dags/example_sensors.py
[2023-10-10T06:53:55.828+0000] {logging_mixin.py:151} INFO - [2023-10-10T06:53:55.828+0000] {dag.py:2915} INFO - Sync 1 DAGs
[2023-10-10T06:53:55.835+0000] {logging_mixin.py:151} INFO - [2023-10-10T06:53:55.835+0000] {dag.py:3696} INFO - Setting next_dagrun for example_sensors to None, run_after=None
[2023-10-10T06:53:55.846+0000] {processor.py:179} INFO - Processing /home/airflow/.local/lib/python3.8/site-packages/airflow/example_dags/example_sensors.py took 0.045 seconds
[2023-10-10T06:54:25.956+0000] {processor.py:157} INFO - Started process (PID=917) to work on /home/airflow/.local/lib/python3.8/site-packages/airflow/example_dags/example_sensors.py
[2023-10-10T06:54:25.957+0000] {processor.py:829} INFO - Processing file /home/airflow/.local/lib/python3.8/site-packages/airflow/example_dags/example_sensors.py for tasks to queue
[2023-10-10T06:54:25.959+0000] {logging_mixin.py:151} INFO - [2023-10-10T06:54:25.959+0000] {dagbag.py:539} INFO - Filling up the DagBag from /home/airflow/.local/lib/python3.8/site-packages/airflow/example_dags/example_sensors.py
[2023-10-10T06:54:25.965+0000] {processor.py:839} INFO - DAG(s) dict_keys(['example_sensors']) retrieved from /home/airflow/.local/lib/python3.8/site-packages/airflow/example_dags/example_sensors.py
[2023-10-10T06:54:25.980+0000] {logging_mixin.py:151} INFO - [2023-10-10T06:54:25.980+0000] {dag.py:2915} INFO - Sync 1 DAGs
[2023-10-10T06:54:25.988+0000] {logging_mixin.py:151} INFO - [2023-10-10T06:54:25.988+0000] {dag.py:3696} INFO - Setting next_dagrun for example_sensors to None, run_after=None
[2023-10-10T06:54:25.998+0000] {processor.py:179} INFO - Processing /home/airflow/.local/lib/python3.8/site-packages/airflow/example_dags/example_sensors.py took 0.045 seconds
[2023-10-10T06:54:57.059+0000] {processor.py:157} INFO - Started process (PID=973) to work on /home/airflow/.local/lib/python3.8/site-packages/airflow/example_dags/example_sensors.py
[2023-10-10T06:54:57.060+0000] {processor.py:829} INFO - Processing file /home/airflow/.local/lib/python3.8/site-packages/airflow/example_dags/example_sensors.py for tasks to queue
[2023-10-10T06:54:57.062+0000] {logging_mixin.py:151} INFO - [2023-10-10T06:54:57.061+0000] {dagbag.py:539} INFO - Filling up the DagBag from /home/airflow/.local/lib/python3.8/site-packages/airflow/example_dags/example_sensors.py
[2023-10-10T06:54:57.067+0000] {processor.py:839} INFO - DAG(s) dict_keys(['example_sensors']) retrieved from /home/airflow/.local/lib/python3.8/site-packages/airflow/example_dags/example_sensors.py
[2023-10-10T06:54:57.080+0000] {logging_mixin.py:151} INFO - [2023-10-10T06:54:57.080+0000] {dag.py:2915} INFO - Sync 1 DAGs
[2023-10-10T06:54:57.087+0000] {logging_mixin.py:151} INFO - [2023-10-10T06:54:57.087+0000] {dag.py:3696} INFO - Setting next_dagrun for example_sensors to None, run_after=None
[2023-10-10T06:54:57.097+0000] {processor.py:179} INFO - Processing /home/airflow/.local/lib/python3.8/site-packages/airflow/example_dags/example_sensors.py took 0.040 seconds
[2023-10-10T06:55:27.370+0000] {processor.py:157} INFO - Started process (PID=1029) to work on /home/airflow/.local/lib/python3.8/site-packages/airflow/example_dags/example_sensors.py
[2023-10-10T06:55:27.371+0000] {processor.py:829} INFO - Processing file /home/airflow/.local/lib/python3.8/site-packages/airflow/example_dags/example_sensors.py for tasks to queue
[2023-10-10T06:55:27.372+0000] {logging_mixin.py:151} INFO - [2023-10-10T06:55:27.372+0000] {dagbag.py:539} INFO - Filling up the DagBag from /home/airflow/.local/lib/python3.8/site-packages/airflow/example_dags/example_sensors.py
[2023-10-10T06:55:27.377+0000] {processor.py:839} INFO - DAG(s) dict_keys(['example_sensors']) retrieved from /home/airflow/.local/lib/python3.8/site-packages/airflow/example_dags/example_sensors.py
[2023-10-10T06:55:27.393+0000] {logging_mixin.py:151} INFO - [2023-10-10T06:55:27.392+0000] {dag.py:2915} INFO - Sync 1 DAGs
[2023-10-10T06:55:27.400+0000] {logging_mixin.py:151} INFO - [2023-10-10T06:55:27.399+0000] {dag.py:3696} INFO - Setting next_dagrun for example_sensors to None, run_after=None
[2023-10-10T06:55:27.408+0000] {processor.py:179} INFO - Processing /home/airflow/.local/lib/python3.8/site-packages/airflow/example_dags/example_sensors.py took 0.041 seconds
[2023-10-10T06:55:57.565+0000] {processor.py:157} INFO - Started process (PID=1085) to work on /home/airflow/.local/lib/python3.8/site-packages/airflow/example_dags/example_sensors.py
[2023-10-10T06:55:57.566+0000] {processor.py:829} INFO - Processing file /home/airflow/.local/lib/python3.8/site-packages/airflow/example_dags/example_sensors.py for tasks to queue
[2023-10-10T06:55:57.567+0000] {logging_mixin.py:151} INFO - [2023-10-10T06:55:57.567+0000] {dagbag.py:539} INFO - Filling up the DagBag from /home/airflow/.local/lib/python3.8/site-packages/airflow/example_dags/example_sensors.py
[2023-10-10T06:55:57.572+0000] {processor.py:839} INFO - DAG(s) dict_keys(['example_sensors']) retrieved from /home/airflow/.local/lib/python3.8/site-packages/airflow/example_dags/example_sensors.py
[2023-10-10T06:55:57.587+0000] {logging_mixin.py:151} INFO - [2023-10-10T06:55:57.587+0000] {dag.py:2915} INFO - Sync 1 DAGs
[2023-10-10T06:55:57.594+0000] {logging_mixin.py:151} INFO - [2023-10-10T06:55:57.594+0000] {dag.py:3696} INFO - Setting next_dagrun for example_sensors to None, run_after=None
[2023-10-10T06:55:57.603+0000] {processor.py:179} INFO - Processing /home/airflow/.local/lib/python3.8/site-packages/airflow/example_dags/example_sensors.py took 0.041 seconds
[2023-10-10T06:56:27.937+0000] {processor.py:157} INFO - Started process (PID=1141) to work on /home/airflow/.local/lib/python3.8/site-packages/airflow/example_dags/example_sensors.py
[2023-10-10T06:56:27.938+0000] {processor.py:829} INFO - Processing file /home/airflow/.local/lib/python3.8/site-packages/airflow/example_dags/example_sensors.py for tasks to queue
[2023-10-10T06:56:27.940+0000] {logging_mixin.py:151} INFO - [2023-10-10T06:56:27.939+0000] {dagbag.py:539} INFO - Filling up the DagBag from /home/airflow/.local/lib/python3.8/site-packages/airflow/example_dags/example_sensors.py
[2023-10-10T06:56:27.945+0000] {processor.py:839} INFO - DAG(s) dict_keys(['example_sensors']) retrieved from /home/airflow/.local/lib/python3.8/site-packages/airflow/example_dags/example_sensors.py
[2023-10-10T06:56:27.961+0000] {logging_mixin.py:151} INFO - [2023-10-10T06:56:27.960+0000] {dag.py:2915} INFO - Sync 1 DAGs
[2023-10-10T06:56:27.968+0000] {logging_mixin.py:151} INFO - [2023-10-10T06:56:27.968+0000] {dag.py:3696} INFO - Setting next_dagrun for example_sensors to None, run_after=None
[2023-10-10T06:56:27.979+0000] {processor.py:179} INFO - Processing /home/airflow/.local/lib/python3.8/site-packages/airflow/example_dags/example_sensors.py took 0.044 seconds
[2023-10-10T17:17:52.995+0000] {processor.py:157} INFO - Started process (PID=77) to work on /home/airflow/.local/lib/python3.8/site-packages/airflow/example_dags/example_sensors.py
[2023-10-10T17:17:52.996+0000] {processor.py:829} INFO - Processing file /home/airflow/.local/lib/python3.8/site-packages/airflow/example_dags/example_sensors.py for tasks to queue
[2023-10-10T17:17:52.999+0000] {logging_mixin.py:151} INFO - [2023-10-10T17:17:52.998+0000] {dagbag.py:539} INFO - Filling up the DagBag from /home/airflow/.local/lib/python3.8/site-packages/airflow/example_dags/example_sensors.py
[2023-10-10T17:17:53.010+0000] {processor.py:839} INFO - DAG(s) dict_keys(['example_sensors']) retrieved from /home/airflow/.local/lib/python3.8/site-packages/airflow/example_dags/example_sensors.py
[2023-10-10T17:17:53.021+0000] {logging_mixin.py:151} INFO - [2023-10-10T17:17:53.021+0000] {dag.py:2915} INFO - Sync 1 DAGs
[2023-10-10T17:17:53.030+0000] {logging_mixin.py:151} INFO - [2023-10-10T17:17:53.030+0000] {dag.py:3696} INFO - Setting next_dagrun for example_sensors to None, run_after=None
[2023-10-10T17:17:53.042+0000] {processor.py:179} INFO - Processing /home/airflow/.local/lib/python3.8/site-packages/airflow/example_dags/example_sensors.py took 0.050 seconds
[2023-10-10T17:18:23.689+0000] {processor.py:157} INFO - Started process (PID=133) to work on /home/airflow/.local/lib/python3.8/site-packages/airflow/example_dags/example_sensors.py
[2023-10-10T17:18:23.690+0000] {processor.py:829} INFO - Processing file /home/airflow/.local/lib/python3.8/site-packages/airflow/example_dags/example_sensors.py for tasks to queue
[2023-10-10T17:18:23.691+0000] {logging_mixin.py:151} INFO - [2023-10-10T17:18:23.691+0000] {dagbag.py:539} INFO - Filling up the DagBag from /home/airflow/.local/lib/python3.8/site-packages/airflow/example_dags/example_sensors.py
[2023-10-10T17:18:23.696+0000] {processor.py:839} INFO - DAG(s) dict_keys(['example_sensors']) retrieved from /home/airflow/.local/lib/python3.8/site-packages/airflow/example_dags/example_sensors.py
[2023-10-10T17:18:23.710+0000] {logging_mixin.py:151} INFO - [2023-10-10T17:18:23.710+0000] {dag.py:2915} INFO - Sync 1 DAGs
[2023-10-10T17:18:23.716+0000] {logging_mixin.py:151} INFO - [2023-10-10T17:18:23.716+0000] {dag.py:3696} INFO - Setting next_dagrun for example_sensors to None, run_after=None
[2023-10-10T17:18:23.725+0000] {processor.py:179} INFO - Processing /home/airflow/.local/lib/python3.8/site-packages/airflow/example_dags/example_sensors.py took 0.038 seconds
[2023-10-10T17:18:54.629+0000] {processor.py:157} INFO - Started process (PID=189) to work on /home/airflow/.local/lib/python3.8/site-packages/airflow/example_dags/example_sensors.py
[2023-10-10T17:18:54.630+0000] {processor.py:829} INFO - Processing file /home/airflow/.local/lib/python3.8/site-packages/airflow/example_dags/example_sensors.py for tasks to queue
[2023-10-10T17:18:54.631+0000] {logging_mixin.py:151} INFO - [2023-10-10T17:18:54.631+0000] {dagbag.py:539} INFO - Filling up the DagBag from /home/airflow/.local/lib/python3.8/site-packages/airflow/example_dags/example_sensors.py
[2023-10-10T17:18:54.637+0000] {processor.py:839} INFO - DAG(s) dict_keys(['example_sensors']) retrieved from /home/airflow/.local/lib/python3.8/site-packages/airflow/example_dags/example_sensors.py
[2023-10-10T17:18:54.652+0000] {logging_mixin.py:151} INFO - [2023-10-10T17:18:54.652+0000] {dag.py:2915} INFO - Sync 1 DAGs
[2023-10-10T17:18:54.658+0000] {logging_mixin.py:151} INFO - [2023-10-10T17:18:54.658+0000] {dag.py:3696} INFO - Setting next_dagrun for example_sensors to None, run_after=None
[2023-10-10T17:18:54.668+0000] {processor.py:179} INFO - Processing /home/airflow/.local/lib/python3.8/site-packages/airflow/example_dags/example_sensors.py took 0.040 seconds
[2023-10-10T17:19:25.008+0000] {processor.py:157} INFO - Started process (PID=245) to work on /home/airflow/.local/lib/python3.8/site-packages/airflow/example_dags/example_sensors.py
[2023-10-10T17:19:25.009+0000] {processor.py:829} INFO - Processing file /home/airflow/.local/lib/python3.8/site-packages/airflow/example_dags/example_sensors.py for tasks to queue
[2023-10-10T17:19:25.011+0000] {logging_mixin.py:151} INFO - [2023-10-10T17:19:25.010+0000] {dagbag.py:539} INFO - Filling up the DagBag from /home/airflow/.local/lib/python3.8/site-packages/airflow/example_dags/example_sensors.py
[2023-10-10T17:19:25.016+0000] {processor.py:839} INFO - DAG(s) dict_keys(['example_sensors']) retrieved from /home/airflow/.local/lib/python3.8/site-packages/airflow/example_dags/example_sensors.py
[2023-10-10T17:19:25.031+0000] {logging_mixin.py:151} INFO - [2023-10-10T17:19:25.031+0000] {dag.py:2915} INFO - Sync 1 DAGs
[2023-10-10T17:19:25.038+0000] {logging_mixin.py:151} INFO - [2023-10-10T17:19:25.037+0000] {dag.py:3696} INFO - Setting next_dagrun for example_sensors to None, run_after=None
[2023-10-10T17:19:25.047+0000] {processor.py:179} INFO - Processing /home/airflow/.local/lib/python3.8/site-packages/airflow/example_dags/example_sensors.py took 0.042 seconds
[2023-10-10T17:19:55.114+0000] {processor.py:157} INFO - Started process (PID=301) to work on /home/airflow/.local/lib/python3.8/site-packages/airflow/example_dags/example_sensors.py
[2023-10-10T17:19:55.115+0000] {processor.py:829} INFO - Processing file /home/airflow/.local/lib/python3.8/site-packages/airflow/example_dags/example_sensors.py for tasks to queue
[2023-10-10T17:19:55.117+0000] {logging_mixin.py:151} INFO - [2023-10-10T17:19:55.117+0000] {dagbag.py:539} INFO - Filling up the DagBag from /home/airflow/.local/lib/python3.8/site-packages/airflow/example_dags/example_sensors.py
[2023-10-10T17:19:55.122+0000] {processor.py:839} INFO - DAG(s) dict_keys(['example_sensors']) retrieved from /home/airflow/.local/lib/python3.8/site-packages/airflow/example_dags/example_sensors.py
[2023-10-10T17:19:55.137+0000] {logging_mixin.py:151} INFO - [2023-10-10T17:19:55.137+0000] {dag.py:2915} INFO - Sync 1 DAGs
[2023-10-10T17:19:55.143+0000] {logging_mixin.py:151} INFO - [2023-10-10T17:19:55.143+0000] {dag.py:3696} INFO - Setting next_dagrun for example_sensors to None, run_after=None
[2023-10-10T17:19:55.153+0000] {processor.py:179} INFO - Processing /home/airflow/.local/lib/python3.8/site-packages/airflow/example_dags/example_sensors.py took 0.041 seconds
[2023-10-10T17:20:26.045+0000] {processor.py:157} INFO - Started process (PID=357) to work on /home/airflow/.local/lib/python3.8/site-packages/airflow/example_dags/example_sensors.py
[2023-10-10T17:20:26.046+0000] {processor.py:829} INFO - Processing file /home/airflow/.local/lib/python3.8/site-packages/airflow/example_dags/example_sensors.py for tasks to queue
[2023-10-10T17:20:26.048+0000] {logging_mixin.py:151} INFO - [2023-10-10T17:20:26.048+0000] {dagbag.py:539} INFO - Filling up the DagBag from /home/airflow/.local/lib/python3.8/site-packages/airflow/example_dags/example_sensors.py
[2023-10-10T17:20:26.053+0000] {processor.py:839} INFO - DAG(s) dict_keys(['example_sensors']) retrieved from /home/airflow/.local/lib/python3.8/site-packages/airflow/example_dags/example_sensors.py
[2023-10-10T17:20:26.067+0000] {logging_mixin.py:151} INFO - [2023-10-10T17:20:26.067+0000] {dag.py:2915} INFO - Sync 1 DAGs
[2023-10-10T17:20:26.073+0000] {logging_mixin.py:151} INFO - [2023-10-10T17:20:26.073+0000] {dag.py:3696} INFO - Setting next_dagrun for example_sensors to None, run_after=None
[2023-10-10T17:20:26.083+0000] {processor.py:179} INFO - Processing /home/airflow/.local/lib/python3.8/site-packages/airflow/example_dags/example_sensors.py took 0.039 seconds
[2023-10-10T17:20:56.273+0000] {processor.py:157} INFO - Started process (PID=413) to work on /home/airflow/.local/lib/python3.8/site-packages/airflow/example_dags/example_sensors.py
[2023-10-10T17:20:56.274+0000] {processor.py:829} INFO - Processing file /home/airflow/.local/lib/python3.8/site-packages/airflow/example_dags/example_sensors.py for tasks to queue
[2023-10-10T17:20:56.276+0000] {logging_mixin.py:151} INFO - [2023-10-10T17:20:56.276+0000] {dagbag.py:539} INFO - Filling up the DagBag from /home/airflow/.local/lib/python3.8/site-packages/airflow/example_dags/example_sensors.py
[2023-10-10T17:20:56.281+0000] {processor.py:839} INFO - DAG(s) dict_keys(['example_sensors']) retrieved from /home/airflow/.local/lib/python3.8/site-packages/airflow/example_dags/example_sensors.py
[2023-10-10T17:20:56.296+0000] {logging_mixin.py:151} INFO - [2023-10-10T17:20:56.296+0000] {dag.py:2915} INFO - Sync 1 DAGs
[2023-10-10T17:20:56.303+0000] {logging_mixin.py:151} INFO - [2023-10-10T17:20:56.303+0000] {dag.py:3696} INFO - Setting next_dagrun for example_sensors to None, run_after=None
[2023-10-10T17:20:56.312+0000] {processor.py:179} INFO - Processing /home/airflow/.local/lib/python3.8/site-packages/airflow/example_dags/example_sensors.py took 0.041 seconds
[2023-10-10T17:21:26.444+0000] {processor.py:157} INFO - Started process (PID=469) to work on /home/airflow/.local/lib/python3.8/site-packages/airflow/example_dags/example_sensors.py
[2023-10-10T17:21:26.445+0000] {processor.py:829} INFO - Processing file /home/airflow/.local/lib/python3.8/site-packages/airflow/example_dags/example_sensors.py for tasks to queue
[2023-10-10T17:21:26.446+0000] {logging_mixin.py:151} INFO - [2023-10-10T17:21:26.446+0000] {dagbag.py:539} INFO - Filling up the DagBag from /home/airflow/.local/lib/python3.8/site-packages/airflow/example_dags/example_sensors.py
[2023-10-10T17:21:26.451+0000] {processor.py:839} INFO - DAG(s) dict_keys(['example_sensors']) retrieved from /home/airflow/.local/lib/python3.8/site-packages/airflow/example_dags/example_sensors.py
[2023-10-10T17:21:26.465+0000] {logging_mixin.py:151} INFO - [2023-10-10T17:21:26.465+0000] {dag.py:2915} INFO - Sync 1 DAGs
[2023-10-10T17:21:26.471+0000] {logging_mixin.py:151} INFO - [2023-10-10T17:21:26.471+0000] {dag.py:3696} INFO - Setting next_dagrun for example_sensors to None, run_after=None
[2023-10-10T17:21:26.480+0000] {processor.py:179} INFO - Processing /home/airflow/.local/lib/python3.8/site-packages/airflow/example_dags/example_sensors.py took 0.038 seconds
[2023-10-10T17:21:56.758+0000] {processor.py:157} INFO - Started process (PID=525) to work on /home/airflow/.local/lib/python3.8/site-packages/airflow/example_dags/example_sensors.py
[2023-10-10T17:21:56.759+0000] {processor.py:829} INFO - Processing file /home/airflow/.local/lib/python3.8/site-packages/airflow/example_dags/example_sensors.py for tasks to queue
[2023-10-10T17:21:56.760+0000] {logging_mixin.py:151} INFO - [2023-10-10T17:21:56.760+0000] {dagbag.py:539} INFO - Filling up the DagBag from /home/airflow/.local/lib/python3.8/site-packages/airflow/example_dags/example_sensors.py
[2023-10-10T17:21:56.766+0000] {processor.py:839} INFO - DAG(s) dict_keys(['example_sensors']) retrieved from /home/airflow/.local/lib/python3.8/site-packages/airflow/example_dags/example_sensors.py
[2023-10-10T17:21:56.780+0000] {logging_mixin.py:151} INFO - [2023-10-10T17:21:56.780+0000] {dag.py:2915} INFO - Sync 1 DAGs
[2023-10-10T17:21:56.787+0000] {logging_mixin.py:151} INFO - [2023-10-10T17:21:56.787+0000] {dag.py:3696} INFO - Setting next_dagrun for example_sensors to None, run_after=None
[2023-10-10T17:21:56.796+0000] {processor.py:179} INFO - Processing /home/airflow/.local/lib/python3.8/site-packages/airflow/example_dags/example_sensors.py took 0.041 seconds
[2023-10-10T17:22:27.752+0000] {processor.py:157} INFO - Started process (PID=581) to work on /home/airflow/.local/lib/python3.8/site-packages/airflow/example_dags/example_sensors.py
[2023-10-10T17:22:27.753+0000] {processor.py:829} INFO - Processing file /home/airflow/.local/lib/python3.8/site-packages/airflow/example_dags/example_sensors.py for tasks to queue
[2023-10-10T17:22:27.755+0000] {logging_mixin.py:151} INFO - [2023-10-10T17:22:27.755+0000] {dagbag.py:539} INFO - Filling up the DagBag from /home/airflow/.local/lib/python3.8/site-packages/airflow/example_dags/example_sensors.py
[2023-10-10T17:22:27.761+0000] {processor.py:839} INFO - DAG(s) dict_keys(['example_sensors']) retrieved from /home/airflow/.local/lib/python3.8/site-packages/airflow/example_dags/example_sensors.py
[2023-10-10T17:22:27.775+0000] {logging_mixin.py:151} INFO - [2023-10-10T17:22:27.775+0000] {dag.py:2915} INFO - Sync 1 DAGs
[2023-10-10T17:22:27.782+0000] {logging_mixin.py:151} INFO - [2023-10-10T17:22:27.782+0000] {dag.py:3696} INFO - Setting next_dagrun for example_sensors to None, run_after=None
[2023-10-10T17:22:27.792+0000] {processor.py:179} INFO - Processing /home/airflow/.local/lib/python3.8/site-packages/airflow/example_dags/example_sensors.py took 0.042 seconds
[2023-10-10T17:22:58.003+0000] {processor.py:157} INFO - Started process (PID=637) to work on /home/airflow/.local/lib/python3.8/site-packages/airflow/example_dags/example_sensors.py
[2023-10-10T17:22:58.004+0000] {processor.py:829} INFO - Processing file /home/airflow/.local/lib/python3.8/site-packages/airflow/example_dags/example_sensors.py for tasks to queue
[2023-10-10T17:22:58.006+0000] {logging_mixin.py:151} INFO - [2023-10-10T17:22:58.005+0000] {dagbag.py:539} INFO - Filling up the DagBag from /home/airflow/.local/lib/python3.8/site-packages/airflow/example_dags/example_sensors.py
[2023-10-10T17:22:58.011+0000] {processor.py:839} INFO - DAG(s) dict_keys(['example_sensors']) retrieved from /home/airflow/.local/lib/python3.8/site-packages/airflow/example_dags/example_sensors.py
[2023-10-10T17:22:58.025+0000] {logging_mixin.py:151} INFO - [2023-10-10T17:22:58.025+0000] {dag.py:2915} INFO - Sync 1 DAGs
[2023-10-10T17:22:58.032+0000] {logging_mixin.py:151} INFO - [2023-10-10T17:22:58.032+0000] {dag.py:3696} INFO - Setting next_dagrun for example_sensors to None, run_after=None
[2023-10-10T17:22:58.042+0000] {processor.py:179} INFO - Processing /home/airflow/.local/lib/python3.8/site-packages/airflow/example_dags/example_sensors.py took 0.041 seconds
[2023-10-10T17:23:28.943+0000] {processor.py:157} INFO - Started process (PID=693) to work on /home/airflow/.local/lib/python3.8/site-packages/airflow/example_dags/example_sensors.py
[2023-10-10T17:23:28.944+0000] {processor.py:829} INFO - Processing file /home/airflow/.local/lib/python3.8/site-packages/airflow/example_dags/example_sensors.py for tasks to queue
[2023-10-10T17:23:28.946+0000] {logging_mixin.py:151} INFO - [2023-10-10T17:23:28.946+0000] {dagbag.py:539} INFO - Filling up the DagBag from /home/airflow/.local/lib/python3.8/site-packages/airflow/example_dags/example_sensors.py
[2023-10-10T17:23:28.951+0000] {processor.py:839} INFO - DAG(s) dict_keys(['example_sensors']) retrieved from /home/airflow/.local/lib/python3.8/site-packages/airflow/example_dags/example_sensors.py
[2023-10-10T17:23:28.965+0000] {logging_mixin.py:151} INFO - [2023-10-10T17:23:28.965+0000] {dag.py:2915} INFO - Sync 1 DAGs
[2023-10-10T17:23:28.971+0000] {logging_mixin.py:151} INFO - [2023-10-10T17:23:28.971+0000] {dag.py:3696} INFO - Setting next_dagrun for example_sensors to None, run_after=None
[2023-10-10T17:23:28.980+0000] {processor.py:179} INFO - Processing /home/airflow/.local/lib/python3.8/site-packages/airflow/example_dags/example_sensors.py took 0.039 seconds
[2023-10-10T17:23:59.306+0000] {processor.py:157} INFO - Started process (PID=749) to work on /home/airflow/.local/lib/python3.8/site-packages/airflow/example_dags/example_sensors.py
[2023-10-10T17:23:59.307+0000] {processor.py:829} INFO - Processing file /home/airflow/.local/lib/python3.8/site-packages/airflow/example_dags/example_sensors.py for tasks to queue
[2023-10-10T17:23:59.308+0000] {logging_mixin.py:151} INFO - [2023-10-10T17:23:59.308+0000] {dagbag.py:539} INFO - Filling up the DagBag from /home/airflow/.local/lib/python3.8/site-packages/airflow/example_dags/example_sensors.py
[2023-10-10T17:23:59.313+0000] {processor.py:839} INFO - DAG(s) dict_keys(['example_sensors']) retrieved from /home/airflow/.local/lib/python3.8/site-packages/airflow/example_dags/example_sensors.py
[2023-10-10T17:23:59.328+0000] {logging_mixin.py:151} INFO - [2023-10-10T17:23:59.327+0000] {dag.py:2915} INFO - Sync 1 DAGs
[2023-10-10T17:23:59.334+0000] {logging_mixin.py:151} INFO - [2023-10-10T17:23:59.334+0000] {dag.py:3696} INFO - Setting next_dagrun for example_sensors to None, run_after=None
[2023-10-10T17:23:59.344+0000] {processor.py:179} INFO - Processing /home/airflow/.local/lib/python3.8/site-packages/airflow/example_dags/example_sensors.py took 0.040 seconds
[2023-10-10T17:24:30.358+0000] {processor.py:157} INFO - Started process (PID=805) to work on /home/airflow/.local/lib/python3.8/site-packages/airflow/example_dags/example_sensors.py
[2023-10-10T17:24:30.358+0000] {processor.py:829} INFO - Processing file /home/airflow/.local/lib/python3.8/site-packages/airflow/example_dags/example_sensors.py for tasks to queue
[2023-10-10T17:24:30.360+0000] {logging_mixin.py:151} INFO - [2023-10-10T17:24:30.360+0000] {dagbag.py:539} INFO - Filling up the DagBag from /home/airflow/.local/lib/python3.8/site-packages/airflow/example_dags/example_sensors.py
[2023-10-10T17:24:30.365+0000] {processor.py:839} INFO - DAG(s) dict_keys(['example_sensors']) retrieved from /home/airflow/.local/lib/python3.8/site-packages/airflow/example_dags/example_sensors.py
[2023-10-10T17:24:30.379+0000] {logging_mixin.py:151} INFO - [2023-10-10T17:24:30.379+0000] {dag.py:2915} INFO - Sync 1 DAGs
[2023-10-10T17:24:30.387+0000] {logging_mixin.py:151} INFO - [2023-10-10T17:24:30.386+0000] {dag.py:3696} INFO - Setting next_dagrun for example_sensors to None, run_after=None
[2023-10-10T17:24:30.396+0000] {processor.py:179} INFO - Processing /home/airflow/.local/lib/python3.8/site-packages/airflow/example_dags/example_sensors.py took 0.041 seconds
[2023-10-10T17:25:00.588+0000] {processor.py:157} INFO - Started process (PID=861) to work on /home/airflow/.local/lib/python3.8/site-packages/airflow/example_dags/example_sensors.py
[2023-10-10T17:25:00.589+0000] {processor.py:829} INFO - Processing file /home/airflow/.local/lib/python3.8/site-packages/airflow/example_dags/example_sensors.py for tasks to queue
[2023-10-10T17:25:00.590+0000] {logging_mixin.py:151} INFO - [2023-10-10T17:25:00.590+0000] {dagbag.py:539} INFO - Filling up the DagBag from /home/airflow/.local/lib/python3.8/site-packages/airflow/example_dags/example_sensors.py
[2023-10-10T17:25:00.596+0000] {processor.py:839} INFO - DAG(s) dict_keys(['example_sensors']) retrieved from /home/airflow/.local/lib/python3.8/site-packages/airflow/example_dags/example_sensors.py
[2023-10-10T17:25:00.611+0000] {logging_mixin.py:151} INFO - [2023-10-10T17:25:00.610+0000] {dag.py:2915} INFO - Sync 1 DAGs
[2023-10-10T17:25:00.618+0000] {logging_mixin.py:151} INFO - [2023-10-10T17:25:00.618+0000] {dag.py:3696} INFO - Setting next_dagrun for example_sensors to None, run_after=None
[2023-10-10T17:25:00.628+0000] {processor.py:179} INFO - Processing /home/airflow/.local/lib/python3.8/site-packages/airflow/example_dags/example_sensors.py took 0.042 seconds
[2023-10-10T17:25:30.831+0000] {processor.py:157} INFO - Started process (PID=917) to work on /home/airflow/.local/lib/python3.8/site-packages/airflow/example_dags/example_sensors.py
[2023-10-10T17:25:30.832+0000] {processor.py:829} INFO - Processing file /home/airflow/.local/lib/python3.8/site-packages/airflow/example_dags/example_sensors.py for tasks to queue
[2023-10-10T17:25:30.833+0000] {logging_mixin.py:151} INFO - [2023-10-10T17:25:30.833+0000] {dagbag.py:539} INFO - Filling up the DagBag from /home/airflow/.local/lib/python3.8/site-packages/airflow/example_dags/example_sensors.py
[2023-10-10T17:25:30.839+0000] {processor.py:839} INFO - DAG(s) dict_keys(['example_sensors']) retrieved from /home/airflow/.local/lib/python3.8/site-packages/airflow/example_dags/example_sensors.py
[2023-10-10T17:25:30.852+0000] {logging_mixin.py:151} INFO - [2023-10-10T17:25:30.852+0000] {dag.py:2915} INFO - Sync 1 DAGs
[2023-10-10T17:25:30.859+0000] {logging_mixin.py:151} INFO - [2023-10-10T17:25:30.859+0000] {dag.py:3696} INFO - Setting next_dagrun for example_sensors to None, run_after=None
[2023-10-10T17:25:30.868+0000] {processor.py:179} INFO - Processing /home/airflow/.local/lib/python3.8/site-packages/airflow/example_dags/example_sensors.py took 0.039 seconds
[2023-10-10T17:26:01.776+0000] {processor.py:157} INFO - Started process (PID=973) to work on /home/airflow/.local/lib/python3.8/site-packages/airflow/example_dags/example_sensors.py
[2023-10-10T17:26:01.776+0000] {processor.py:829} INFO - Processing file /home/airflow/.local/lib/python3.8/site-packages/airflow/example_dags/example_sensors.py for tasks to queue
[2023-10-10T17:26:01.778+0000] {logging_mixin.py:151} INFO - [2023-10-10T17:26:01.778+0000] {dagbag.py:539} INFO - Filling up the DagBag from /home/airflow/.local/lib/python3.8/site-packages/airflow/example_dags/example_sensors.py
[2023-10-10T17:26:01.784+0000] {processor.py:839} INFO - DAG(s) dict_keys(['example_sensors']) retrieved from /home/airflow/.local/lib/python3.8/site-packages/airflow/example_dags/example_sensors.py
[2023-10-10T17:26:01.798+0000] {logging_mixin.py:151} INFO - [2023-10-10T17:26:01.798+0000] {dag.py:2915} INFO - Sync 1 DAGs
[2023-10-10T17:26:01.805+0000] {logging_mixin.py:151} INFO - [2023-10-10T17:26:01.805+0000] {dag.py:3696} INFO - Setting next_dagrun for example_sensors to None, run_after=None
[2023-10-10T17:26:01.814+0000] {processor.py:179} INFO - Processing /home/airflow/.local/lib/python3.8/site-packages/airflow/example_dags/example_sensors.py took 0.041 seconds
[2023-10-10T17:26:31.991+0000] {processor.py:157} INFO - Started process (PID=1029) to work on /home/airflow/.local/lib/python3.8/site-packages/airflow/example_dags/example_sensors.py
[2023-10-10T17:26:31.993+0000] {processor.py:829} INFO - Processing file /home/airflow/.local/lib/python3.8/site-packages/airflow/example_dags/example_sensors.py for tasks to queue
[2023-10-10T17:26:31.994+0000] {logging_mixin.py:151} INFO - [2023-10-10T17:26:31.994+0000] {dagbag.py:539} INFO - Filling up the DagBag from /home/airflow/.local/lib/python3.8/site-packages/airflow/example_dags/example_sensors.py
[2023-10-10T17:26:32.000+0000] {processor.py:839} INFO - DAG(s) dict_keys(['example_sensors']) retrieved from /home/airflow/.local/lib/python3.8/site-packages/airflow/example_dags/example_sensors.py
[2023-10-10T17:26:32.014+0000] {logging_mixin.py:151} INFO - [2023-10-10T17:26:32.014+0000] {dag.py:2915} INFO - Sync 1 DAGs
[2023-10-10T17:26:32.021+0000] {logging_mixin.py:151} INFO - [2023-10-10T17:26:32.021+0000] {dag.py:3696} INFO - Setting next_dagrun for example_sensors to None, run_after=None
[2023-10-10T17:26:32.031+0000] {processor.py:179} INFO - Processing /home/airflow/.local/lib/python3.8/site-packages/airflow/example_dags/example_sensors.py took 0.042 seconds
[2023-10-10T17:27:03.221+0000] {processor.py:157} INFO - Started process (PID=1085) to work on /home/airflow/.local/lib/python3.8/site-packages/airflow/example_dags/example_sensors.py
[2023-10-10T17:27:03.222+0000] {processor.py:829} INFO - Processing file /home/airflow/.local/lib/python3.8/site-packages/airflow/example_dags/example_sensors.py for tasks to queue
[2023-10-10T17:27:03.224+0000] {logging_mixin.py:151} INFO - [2023-10-10T17:27:03.224+0000] {dagbag.py:539} INFO - Filling up the DagBag from /home/airflow/.local/lib/python3.8/site-packages/airflow/example_dags/example_sensors.py
[2023-10-10T17:27:03.229+0000] {processor.py:839} INFO - DAG(s) dict_keys(['example_sensors']) retrieved from /home/airflow/.local/lib/python3.8/site-packages/airflow/example_dags/example_sensors.py
[2023-10-10T17:27:03.244+0000] {logging_mixin.py:151} INFO - [2023-10-10T17:27:03.243+0000] {dag.py:2915} INFO - Sync 1 DAGs
[2023-10-10T17:27:03.250+0000] {logging_mixin.py:151} INFO - [2023-10-10T17:27:03.250+0000] {dag.py:3696} INFO - Setting next_dagrun for example_sensors to None, run_after=None
[2023-10-10T17:27:03.260+0000] {processor.py:179} INFO - Processing /home/airflow/.local/lib/python3.8/site-packages/airflow/example_dags/example_sensors.py took 0.041 seconds
[2023-10-10T17:27:34.186+0000] {processor.py:157} INFO - Started process (PID=1141) to work on /home/airflow/.local/lib/python3.8/site-packages/airflow/example_dags/example_sensors.py
[2023-10-10T17:27:34.186+0000] {processor.py:829} INFO - Processing file /home/airflow/.local/lib/python3.8/site-packages/airflow/example_dags/example_sensors.py for tasks to queue
[2023-10-10T17:27:34.188+0000] {logging_mixin.py:151} INFO - [2023-10-10T17:27:34.188+0000] {dagbag.py:539} INFO - Filling up the DagBag from /home/airflow/.local/lib/python3.8/site-packages/airflow/example_dags/example_sensors.py
[2023-10-10T17:27:34.193+0000] {processor.py:839} INFO - DAG(s) dict_keys(['example_sensors']) retrieved from /home/airflow/.local/lib/python3.8/site-packages/airflow/example_dags/example_sensors.py
[2023-10-10T17:27:34.208+0000] {logging_mixin.py:151} INFO - [2023-10-10T17:27:34.208+0000] {dag.py:2915} INFO - Sync 1 DAGs
[2023-10-10T17:27:34.216+0000] {logging_mixin.py:151} INFO - [2023-10-10T17:27:34.216+0000] {dag.py:3696} INFO - Setting next_dagrun for example_sensors to None, run_after=None
[2023-10-10T17:27:34.226+0000] {processor.py:179} INFO - Processing /home/airflow/.local/lib/python3.8/site-packages/airflow/example_dags/example_sensors.py took 0.042 seconds
[2023-10-10T17:28:04.394+0000] {processor.py:157} INFO - Started process (PID=1197) to work on /home/airflow/.local/lib/python3.8/site-packages/airflow/example_dags/example_sensors.py
[2023-10-10T17:28:04.395+0000] {processor.py:829} INFO - Processing file /home/airflow/.local/lib/python3.8/site-packages/airflow/example_dags/example_sensors.py for tasks to queue
[2023-10-10T17:28:04.396+0000] {logging_mixin.py:151} INFO - [2023-10-10T17:28:04.396+0000] {dagbag.py:539} INFO - Filling up the DagBag from /home/airflow/.local/lib/python3.8/site-packages/airflow/example_dags/example_sensors.py
[2023-10-10T17:28:04.402+0000] {processor.py:839} INFO - DAG(s) dict_keys(['example_sensors']) retrieved from /home/airflow/.local/lib/python3.8/site-packages/airflow/example_dags/example_sensors.py
[2023-10-10T17:28:04.416+0000] {logging_mixin.py:151} INFO - [2023-10-10T17:28:04.415+0000] {dag.py:2915} INFO - Sync 1 DAGs
[2023-10-10T17:28:04.422+0000] {logging_mixin.py:151} INFO - [2023-10-10T17:28:04.422+0000] {dag.py:3696} INFO - Setting next_dagrun for example_sensors to None, run_after=None
[2023-10-10T17:28:04.431+0000] {processor.py:179} INFO - Processing /home/airflow/.local/lib/python3.8/site-packages/airflow/example_dags/example_sensors.py took 0.039 seconds
[2023-10-10T17:28:35.505+0000] {processor.py:157} INFO - Started process (PID=1254) to work on /home/airflow/.local/lib/python3.8/site-packages/airflow/example_dags/example_sensors.py
[2023-10-10T17:28:35.506+0000] {processor.py:829} INFO - Processing file /home/airflow/.local/lib/python3.8/site-packages/airflow/example_dags/example_sensors.py for tasks to queue
[2023-10-10T17:28:35.507+0000] {logging_mixin.py:151} INFO - [2023-10-10T17:28:35.507+0000] {dagbag.py:539} INFO - Filling up the DagBag from /home/airflow/.local/lib/python3.8/site-packages/airflow/example_dags/example_sensors.py
[2023-10-10T17:28:35.513+0000] {processor.py:839} INFO - DAG(s) dict_keys(['example_sensors']) retrieved from /home/airflow/.local/lib/python3.8/site-packages/airflow/example_dags/example_sensors.py
[2023-10-10T17:28:35.527+0000] {logging_mixin.py:151} INFO - [2023-10-10T17:28:35.527+0000] {dag.py:2915} INFO - Sync 1 DAGs
[2023-10-10T17:28:35.533+0000] {logging_mixin.py:151} INFO - [2023-10-10T17:28:35.533+0000] {dag.py:3696} INFO - Setting next_dagrun for example_sensors to None, run_after=None
[2023-10-10T17:28:35.542+0000] {processor.py:179} INFO - Processing /home/airflow/.local/lib/python3.8/site-packages/airflow/example_dags/example_sensors.py took 0.039 seconds
