[2023-10-10T06:38:11.881+0000] {processor.py:157} INFO - Started process (PID=77) to work on /home/airflow/.local/lib/python3.8/site-packages/airflow/example_dags/tutorial_dag.py
[2023-10-10T06:38:11.883+0000] {processor.py:829} INFO - Processing file /home/airflow/.local/lib/python3.8/site-packages/airflow/example_dags/tutorial_dag.py for tasks to queue
[2023-10-10T06:38:11.886+0000] {logging_mixin.py:151} INFO - [2023-10-10T06:38:11.885+0000] {dagbag.py:539} INFO - Filling up the DagBag from /home/airflow/.local/lib/python3.8/site-packages/airflow/example_dags/tutorial_dag.py
[2023-10-10T06:38:11.895+0000] {processor.py:839} INFO - DAG(s) dict_keys(['tutorial_dag']) retrieved from /home/airflow/.local/lib/python3.8/site-packages/airflow/example_dags/tutorial_dag.py
[2023-10-10T06:38:11.908+0000] {logging_mixin.py:151} INFO - [2023-10-10T06:38:11.908+0000] {dag.py:2915} INFO - Sync 1 DAGs
[2023-10-10T06:38:11.925+0000] {logging_mixin.py:151} INFO - [2023-10-10T06:38:11.925+0000] {dag.py:3696} INFO - Setting next_dagrun for tutorial_dag to None, run_after=None
[2023-10-10T06:38:11.940+0000] {processor.py:179} INFO - Processing /home/airflow/.local/lib/python3.8/site-packages/airflow/example_dags/tutorial_dag.py took 0.063 seconds
[2023-10-10T06:38:41.971+0000] {processor.py:157} INFO - Started process (PID=134) to work on /home/airflow/.local/lib/python3.8/site-packages/airflow/example_dags/tutorial_dag.py
[2023-10-10T06:38:41.971+0000] {processor.py:829} INFO - Processing file /home/airflow/.local/lib/python3.8/site-packages/airflow/example_dags/tutorial_dag.py for tasks to queue
[2023-10-10T06:38:41.973+0000] {logging_mixin.py:151} INFO - [2023-10-10T06:38:41.973+0000] {dagbag.py:539} INFO - Filling up the DagBag from /home/airflow/.local/lib/python3.8/site-packages/airflow/example_dags/tutorial_dag.py
[2023-10-10T06:38:41.977+0000] {processor.py:839} INFO - DAG(s) dict_keys(['tutorial_dag']) retrieved from /home/airflow/.local/lib/python3.8/site-packages/airflow/example_dags/tutorial_dag.py
[2023-10-10T06:38:41.988+0000] {logging_mixin.py:151} INFO - [2023-10-10T06:38:41.988+0000] {dag.py:2915} INFO - Sync 1 DAGs
[2023-10-10T06:38:41.995+0000] {logging_mixin.py:151} INFO - [2023-10-10T06:38:41.994+0000] {dag.py:3696} INFO - Setting next_dagrun for tutorial_dag to None, run_after=None
[2023-10-10T06:38:42.003+0000] {processor.py:179} INFO - Processing /home/airflow/.local/lib/python3.8/site-packages/airflow/example_dags/tutorial_dag.py took 0.035 seconds
[2023-10-10T06:39:12.280+0000] {processor.py:157} INFO - Started process (PID=189) to work on /home/airflow/.local/lib/python3.8/site-packages/airflow/example_dags/tutorial_dag.py
[2023-10-10T06:39:12.281+0000] {processor.py:829} INFO - Processing file /home/airflow/.local/lib/python3.8/site-packages/airflow/example_dags/tutorial_dag.py for tasks to queue
[2023-10-10T06:39:12.282+0000] {logging_mixin.py:151} INFO - [2023-10-10T06:39:12.282+0000] {dagbag.py:539} INFO - Filling up the DagBag from /home/airflow/.local/lib/python3.8/site-packages/airflow/example_dags/tutorial_dag.py
[2023-10-10T06:39:12.285+0000] {processor.py:839} INFO - DAG(s) dict_keys(['tutorial_dag']) retrieved from /home/airflow/.local/lib/python3.8/site-packages/airflow/example_dags/tutorial_dag.py
[2023-10-10T06:39:12.297+0000] {logging_mixin.py:151} INFO - [2023-10-10T06:39:12.297+0000] {dag.py:2915} INFO - Sync 1 DAGs
[2023-10-10T06:39:12.304+0000] {logging_mixin.py:151} INFO - [2023-10-10T06:39:12.304+0000] {dag.py:3696} INFO - Setting next_dagrun for tutorial_dag to None, run_after=None
[2023-10-10T06:39:12.314+0000] {processor.py:179} INFO - Processing /home/airflow/.local/lib/python3.8/site-packages/airflow/example_dags/tutorial_dag.py took 0.037 seconds
[2023-10-10T06:39:42.420+0000] {processor.py:157} INFO - Started process (PID=245) to work on /home/airflow/.local/lib/python3.8/site-packages/airflow/example_dags/tutorial_dag.py
[2023-10-10T06:39:42.421+0000] {processor.py:829} INFO - Processing file /home/airflow/.local/lib/python3.8/site-packages/airflow/example_dags/tutorial_dag.py for tasks to queue
[2023-10-10T06:39:42.423+0000] {logging_mixin.py:151} INFO - [2023-10-10T06:39:42.423+0000] {dagbag.py:539} INFO - Filling up the DagBag from /home/airflow/.local/lib/python3.8/site-packages/airflow/example_dags/tutorial_dag.py
[2023-10-10T06:39:42.426+0000] {processor.py:839} INFO - DAG(s) dict_keys(['tutorial_dag']) retrieved from /home/airflow/.local/lib/python3.8/site-packages/airflow/example_dags/tutorial_dag.py
[2023-10-10T06:39:42.440+0000] {logging_mixin.py:151} INFO - [2023-10-10T06:39:42.440+0000] {dag.py:2915} INFO - Sync 1 DAGs
[2023-10-10T06:39:42.448+0000] {logging_mixin.py:151} INFO - [2023-10-10T06:39:42.448+0000] {dag.py:3696} INFO - Setting next_dagrun for tutorial_dag to None, run_after=None
[2023-10-10T06:39:42.457+0000] {processor.py:179} INFO - Processing /home/airflow/.local/lib/python3.8/site-packages/airflow/example_dags/tutorial_dag.py took 0.040 seconds
[2023-10-10T06:40:12.758+0000] {processor.py:157} INFO - Started process (PID=301) to work on /home/airflow/.local/lib/python3.8/site-packages/airflow/example_dags/tutorial_dag.py
[2023-10-10T06:40:12.764+0000] {processor.py:829} INFO - Processing file /home/airflow/.local/lib/python3.8/site-packages/airflow/example_dags/tutorial_dag.py for tasks to queue
[2023-10-10T06:40:12.766+0000] {logging_mixin.py:151} INFO - [2023-10-10T06:40:12.766+0000] {dagbag.py:539} INFO - Filling up the DagBag from /home/airflow/.local/lib/python3.8/site-packages/airflow/example_dags/tutorial_dag.py
[2023-10-10T06:40:12.771+0000] {processor.py:839} INFO - DAG(s) dict_keys(['tutorial_dag']) retrieved from /home/airflow/.local/lib/python3.8/site-packages/airflow/example_dags/tutorial_dag.py
[2023-10-10T06:40:12.796+0000] {logging_mixin.py:151} INFO - [2023-10-10T06:40:12.796+0000] {dag.py:2915} INFO - Sync 1 DAGs
[2023-10-10T06:40:12.804+0000] {logging_mixin.py:151} INFO - [2023-10-10T06:40:12.804+0000] {dag.py:3696} INFO - Setting next_dagrun for tutorial_dag to None, run_after=None
[2023-10-10T06:40:12.819+0000] {processor.py:179} INFO - Processing /home/airflow/.local/lib/python3.8/site-packages/airflow/example_dags/tutorial_dag.py took 0.064 seconds
[2023-10-10T06:40:43.353+0000] {processor.py:157} INFO - Started process (PID=357) to work on /home/airflow/.local/lib/python3.8/site-packages/airflow/example_dags/tutorial_dag.py
[2023-10-10T06:40:43.354+0000] {processor.py:829} INFO - Processing file /home/airflow/.local/lib/python3.8/site-packages/airflow/example_dags/tutorial_dag.py for tasks to queue
[2023-10-10T06:40:43.356+0000] {logging_mixin.py:151} INFO - [2023-10-10T06:40:43.356+0000] {dagbag.py:539} INFO - Filling up the DagBag from /home/airflow/.local/lib/python3.8/site-packages/airflow/example_dags/tutorial_dag.py
[2023-10-10T06:40:43.359+0000] {processor.py:839} INFO - DAG(s) dict_keys(['tutorial_dag']) retrieved from /home/airflow/.local/lib/python3.8/site-packages/airflow/example_dags/tutorial_dag.py
[2023-10-10T06:40:43.371+0000] {logging_mixin.py:151} INFO - [2023-10-10T06:40:43.371+0000] {dag.py:2915} INFO - Sync 1 DAGs
[2023-10-10T06:40:43.378+0000] {logging_mixin.py:151} INFO - [2023-10-10T06:40:43.378+0000] {dag.py:3696} INFO - Setting next_dagrun for tutorial_dag to None, run_after=None
[2023-10-10T06:40:43.389+0000] {processor.py:179} INFO - Processing /home/airflow/.local/lib/python3.8/site-packages/airflow/example_dags/tutorial_dag.py took 0.038 seconds
[2023-10-10T06:41:13.672+0000] {processor.py:157} INFO - Started process (PID=413) to work on /home/airflow/.local/lib/python3.8/site-packages/airflow/example_dags/tutorial_dag.py
[2023-10-10T06:41:13.672+0000] {processor.py:829} INFO - Processing file /home/airflow/.local/lib/python3.8/site-packages/airflow/example_dags/tutorial_dag.py for tasks to queue
[2023-10-10T06:41:13.674+0000] {logging_mixin.py:151} INFO - [2023-10-10T06:41:13.674+0000] {dagbag.py:539} INFO - Filling up the DagBag from /home/airflow/.local/lib/python3.8/site-packages/airflow/example_dags/tutorial_dag.py
[2023-10-10T06:41:13.677+0000] {processor.py:839} INFO - DAG(s) dict_keys(['tutorial_dag']) retrieved from /home/airflow/.local/lib/python3.8/site-packages/airflow/example_dags/tutorial_dag.py
[2023-10-10T06:41:13.690+0000] {logging_mixin.py:151} INFO - [2023-10-10T06:41:13.690+0000] {dag.py:2915} INFO - Sync 1 DAGs
[2023-10-10T06:41:13.697+0000] {logging_mixin.py:151} INFO - [2023-10-10T06:41:13.697+0000] {dag.py:3696} INFO - Setting next_dagrun for tutorial_dag to None, run_after=None
[2023-10-10T06:41:13.707+0000] {processor.py:179} INFO - Processing /home/airflow/.local/lib/python3.8/site-packages/airflow/example_dags/tutorial_dag.py took 0.037 seconds
[2023-10-10T06:41:44.968+0000] {processor.py:157} INFO - Started process (PID=469) to work on /home/airflow/.local/lib/python3.8/site-packages/airflow/example_dags/tutorial_dag.py
[2023-10-10T06:41:44.968+0000] {processor.py:829} INFO - Processing file /home/airflow/.local/lib/python3.8/site-packages/airflow/example_dags/tutorial_dag.py for tasks to queue
[2023-10-10T06:41:44.970+0000] {logging_mixin.py:151} INFO - [2023-10-10T06:41:44.970+0000] {dagbag.py:539} INFO - Filling up the DagBag from /home/airflow/.local/lib/python3.8/site-packages/airflow/example_dags/tutorial_dag.py
[2023-10-10T06:41:44.973+0000] {processor.py:839} INFO - DAG(s) dict_keys(['tutorial_dag']) retrieved from /home/airflow/.local/lib/python3.8/site-packages/airflow/example_dags/tutorial_dag.py
[2023-10-10T06:41:44.985+0000] {logging_mixin.py:151} INFO - [2023-10-10T06:41:44.985+0000] {dag.py:2915} INFO - Sync 1 DAGs
[2023-10-10T06:41:44.992+0000] {logging_mixin.py:151} INFO - [2023-10-10T06:41:44.992+0000] {dag.py:3696} INFO - Setting next_dagrun for tutorial_dag to None, run_after=None
[2023-10-10T06:41:45.002+0000] {processor.py:179} INFO - Processing /home/airflow/.local/lib/python3.8/site-packages/airflow/example_dags/tutorial_dag.py took 0.036 seconds
[2023-10-10T06:42:15.221+0000] {processor.py:157} INFO - Started process (PID=525) to work on /home/airflow/.local/lib/python3.8/site-packages/airflow/example_dags/tutorial_dag.py
[2023-10-10T06:42:15.222+0000] {processor.py:829} INFO - Processing file /home/airflow/.local/lib/python3.8/site-packages/airflow/example_dags/tutorial_dag.py for tasks to queue
[2023-10-10T06:42:15.224+0000] {logging_mixin.py:151} INFO - [2023-10-10T06:42:15.224+0000] {dagbag.py:539} INFO - Filling up the DagBag from /home/airflow/.local/lib/python3.8/site-packages/airflow/example_dags/tutorial_dag.py
[2023-10-10T06:42:15.228+0000] {processor.py:839} INFO - DAG(s) dict_keys(['tutorial_dag']) retrieved from /home/airflow/.local/lib/python3.8/site-packages/airflow/example_dags/tutorial_dag.py
[2023-10-10T06:42:15.241+0000] {logging_mixin.py:151} INFO - [2023-10-10T06:42:15.240+0000] {dag.py:2915} INFO - Sync 1 DAGs
[2023-10-10T06:42:15.247+0000] {logging_mixin.py:151} INFO - [2023-10-10T06:42:15.247+0000] {dag.py:3696} INFO - Setting next_dagrun for tutorial_dag to None, run_after=None
[2023-10-10T06:42:15.256+0000] {processor.py:179} INFO - Processing /home/airflow/.local/lib/python3.8/site-packages/airflow/example_dags/tutorial_dag.py took 0.037 seconds
[2023-10-10T06:42:45.513+0000] {processor.py:157} INFO - Started process (PID=581) to work on /home/airflow/.local/lib/python3.8/site-packages/airflow/example_dags/tutorial_dag.py
[2023-10-10T06:42:45.514+0000] {processor.py:829} INFO - Processing file /home/airflow/.local/lib/python3.8/site-packages/airflow/example_dags/tutorial_dag.py for tasks to queue
[2023-10-10T06:42:45.515+0000] {logging_mixin.py:151} INFO - [2023-10-10T06:42:45.515+0000] {dagbag.py:539} INFO - Filling up the DagBag from /home/airflow/.local/lib/python3.8/site-packages/airflow/example_dags/tutorial_dag.py
[2023-10-10T06:42:45.519+0000] {processor.py:839} INFO - DAG(s) dict_keys(['tutorial_dag']) retrieved from /home/airflow/.local/lib/python3.8/site-packages/airflow/example_dags/tutorial_dag.py
[2023-10-10T06:42:45.531+0000] {logging_mixin.py:151} INFO - [2023-10-10T06:42:45.531+0000] {dag.py:2915} INFO - Sync 1 DAGs
[2023-10-10T06:42:45.538+0000] {logging_mixin.py:151} INFO - [2023-10-10T06:42:45.538+0000] {dag.py:3696} INFO - Setting next_dagrun for tutorial_dag to None, run_after=None
[2023-10-10T06:42:45.548+0000] {processor.py:179} INFO - Processing /home/airflow/.local/lib/python3.8/site-packages/airflow/example_dags/tutorial_dag.py took 0.038 seconds
[2023-10-10T06:43:15.973+0000] {processor.py:157} INFO - Started process (PID=637) to work on /home/airflow/.local/lib/python3.8/site-packages/airflow/example_dags/tutorial_dag.py
[2023-10-10T06:43:15.974+0000] {processor.py:829} INFO - Processing file /home/airflow/.local/lib/python3.8/site-packages/airflow/example_dags/tutorial_dag.py for tasks to queue
[2023-10-10T06:43:15.975+0000] {logging_mixin.py:151} INFO - [2023-10-10T06:43:15.975+0000] {dagbag.py:539} INFO - Filling up the DagBag from /home/airflow/.local/lib/python3.8/site-packages/airflow/example_dags/tutorial_dag.py
[2023-10-10T06:43:15.979+0000] {processor.py:839} INFO - DAG(s) dict_keys(['tutorial_dag']) retrieved from /home/airflow/.local/lib/python3.8/site-packages/airflow/example_dags/tutorial_dag.py
[2023-10-10T06:43:15.990+0000] {logging_mixin.py:151} INFO - [2023-10-10T06:43:15.990+0000] {dag.py:2915} INFO - Sync 1 DAGs
[2023-10-10T06:43:15.997+0000] {logging_mixin.py:151} INFO - [2023-10-10T06:43:15.997+0000] {dag.py:3696} INFO - Setting next_dagrun for tutorial_dag to None, run_after=None
[2023-10-10T06:43:16.008+0000] {processor.py:179} INFO - Processing /home/airflow/.local/lib/python3.8/site-packages/airflow/example_dags/tutorial_dag.py took 0.036 seconds
[2023-10-10T06:46:50.483+0000] {processor.py:157} INFO - Started process (PID=78) to work on /home/airflow/.local/lib/python3.8/site-packages/airflow/example_dags/tutorial_dag.py
[2023-10-10T06:46:50.485+0000] {processor.py:829} INFO - Processing file /home/airflow/.local/lib/python3.8/site-packages/airflow/example_dags/tutorial_dag.py for tasks to queue
[2023-10-10T06:46:50.488+0000] {logging_mixin.py:151} INFO - [2023-10-10T06:46:50.488+0000] {dagbag.py:539} INFO - Filling up the DagBag from /home/airflow/.local/lib/python3.8/site-packages/airflow/example_dags/tutorial_dag.py
[2023-10-10T06:46:50.496+0000] {processor.py:839} INFO - DAG(s) dict_keys(['tutorial_dag']) retrieved from /home/airflow/.local/lib/python3.8/site-packages/airflow/example_dags/tutorial_dag.py
[2023-10-10T06:46:50.510+0000] {logging_mixin.py:151} INFO - [2023-10-10T06:46:50.509+0000] {dag.py:2915} INFO - Sync 1 DAGs
[2023-10-10T06:46:50.532+0000] {logging_mixin.py:151} INFO - [2023-10-10T06:46:50.532+0000] {dag.py:3696} INFO - Setting next_dagrun for tutorial_dag to None, run_after=None
[2023-10-10T06:46:50.551+0000] {processor.py:179} INFO - Processing /home/airflow/.local/lib/python3.8/site-packages/airflow/example_dags/tutorial_dag.py took 0.073 seconds
[2023-10-10T06:47:20.687+0000] {processor.py:157} INFO - Started process (PID=135) to work on /home/airflow/.local/lib/python3.8/site-packages/airflow/example_dags/tutorial_dag.py
[2023-10-10T06:47:20.688+0000] {processor.py:829} INFO - Processing file /home/airflow/.local/lib/python3.8/site-packages/airflow/example_dags/tutorial_dag.py for tasks to queue
[2023-10-10T06:47:20.689+0000] {logging_mixin.py:151} INFO - [2023-10-10T06:47:20.689+0000] {dagbag.py:539} INFO - Filling up the DagBag from /home/airflow/.local/lib/python3.8/site-packages/airflow/example_dags/tutorial_dag.py
[2023-10-10T06:47:20.693+0000] {processor.py:839} INFO - DAG(s) dict_keys(['tutorial_dag']) retrieved from /home/airflow/.local/lib/python3.8/site-packages/airflow/example_dags/tutorial_dag.py
[2023-10-10T06:47:20.707+0000] {logging_mixin.py:151} INFO - [2023-10-10T06:47:20.707+0000] {dag.py:2915} INFO - Sync 1 DAGs
[2023-10-10T06:47:20.715+0000] {logging_mixin.py:151} INFO - [2023-10-10T06:47:20.714+0000] {dag.py:3696} INFO - Setting next_dagrun for tutorial_dag to None, run_after=None
[2023-10-10T06:47:20.725+0000] {processor.py:179} INFO - Processing /home/airflow/.local/lib/python3.8/site-packages/airflow/example_dags/tutorial_dag.py took 0.041 seconds
[2023-10-10T06:47:50.812+0000] {processor.py:157} INFO - Started process (PID=192) to work on /home/airflow/.local/lib/python3.8/site-packages/airflow/example_dags/tutorial_dag.py
[2023-10-10T06:47:50.813+0000] {processor.py:829} INFO - Processing file /home/airflow/.local/lib/python3.8/site-packages/airflow/example_dags/tutorial_dag.py for tasks to queue
[2023-10-10T06:47:50.815+0000] {logging_mixin.py:151} INFO - [2023-10-10T06:47:50.814+0000] {dagbag.py:539} INFO - Filling up the DagBag from /home/airflow/.local/lib/python3.8/site-packages/airflow/example_dags/tutorial_dag.py
[2023-10-10T06:47:50.818+0000] {processor.py:839} INFO - DAG(s) dict_keys(['tutorial_dag']) retrieved from /home/airflow/.local/lib/python3.8/site-packages/airflow/example_dags/tutorial_dag.py
[2023-10-10T06:47:50.830+0000] {logging_mixin.py:151} INFO - [2023-10-10T06:47:50.830+0000] {dag.py:2915} INFO - Sync 1 DAGs
[2023-10-10T06:47:50.836+0000] {logging_mixin.py:151} INFO - [2023-10-10T06:47:50.836+0000] {dag.py:3696} INFO - Setting next_dagrun for tutorial_dag to None, run_after=None
[2023-10-10T06:47:50.846+0000] {processor.py:179} INFO - Processing /home/airflow/.local/lib/python3.8/site-packages/airflow/example_dags/tutorial_dag.py took 0.036 seconds
[2023-10-10T06:48:21.095+0000] {processor.py:157} INFO - Started process (PID=246) to work on /home/airflow/.local/lib/python3.8/site-packages/airflow/example_dags/tutorial_dag.py
[2023-10-10T06:48:21.096+0000] {processor.py:829} INFO - Processing file /home/airflow/.local/lib/python3.8/site-packages/airflow/example_dags/tutorial_dag.py for tasks to queue
[2023-10-10T06:48:21.098+0000] {logging_mixin.py:151} INFO - [2023-10-10T06:48:21.098+0000] {dagbag.py:539} INFO - Filling up the DagBag from /home/airflow/.local/lib/python3.8/site-packages/airflow/example_dags/tutorial_dag.py
[2023-10-10T06:48:21.102+0000] {processor.py:839} INFO - DAG(s) dict_keys(['tutorial_dag']) retrieved from /home/airflow/.local/lib/python3.8/site-packages/airflow/example_dags/tutorial_dag.py
[2023-10-10T06:48:21.114+0000] {logging_mixin.py:151} INFO - [2023-10-10T06:48:21.113+0000] {dag.py:2915} INFO - Sync 1 DAGs
[2023-10-10T06:48:21.120+0000] {logging_mixin.py:151} INFO - [2023-10-10T06:48:21.120+0000] {dag.py:3696} INFO - Setting next_dagrun for tutorial_dag to None, run_after=None
[2023-10-10T06:48:21.130+0000] {processor.py:179} INFO - Processing /home/airflow/.local/lib/python3.8/site-packages/airflow/example_dags/tutorial_dag.py took 0.038 seconds
[2023-10-10T06:48:51.276+0000] {processor.py:157} INFO - Started process (PID=302) to work on /home/airflow/.local/lib/python3.8/site-packages/airflow/example_dags/tutorial_dag.py
[2023-10-10T06:48:51.276+0000] {processor.py:829} INFO - Processing file /home/airflow/.local/lib/python3.8/site-packages/airflow/example_dags/tutorial_dag.py for tasks to queue
[2023-10-10T06:48:51.278+0000] {logging_mixin.py:151} INFO - [2023-10-10T06:48:51.278+0000] {dagbag.py:539} INFO - Filling up the DagBag from /home/airflow/.local/lib/python3.8/site-packages/airflow/example_dags/tutorial_dag.py
[2023-10-10T06:48:51.282+0000] {processor.py:839} INFO - DAG(s) dict_keys(['tutorial_dag']) retrieved from /home/airflow/.local/lib/python3.8/site-packages/airflow/example_dags/tutorial_dag.py
[2023-10-10T06:48:51.295+0000] {logging_mixin.py:151} INFO - [2023-10-10T06:48:51.295+0000] {dag.py:2915} INFO - Sync 1 DAGs
[2023-10-10T06:48:51.302+0000] {logging_mixin.py:151} INFO - [2023-10-10T06:48:51.302+0000] {dag.py:3696} INFO - Setting next_dagrun for tutorial_dag to None, run_after=None
[2023-10-10T06:48:51.313+0000] {processor.py:179} INFO - Processing /home/airflow/.local/lib/python3.8/site-packages/airflow/example_dags/tutorial_dag.py took 0.040 seconds
[2023-10-10T06:49:21.514+0000] {processor.py:157} INFO - Started process (PID=358) to work on /home/airflow/.local/lib/python3.8/site-packages/airflow/example_dags/tutorial_dag.py
[2023-10-10T06:49:21.515+0000] {processor.py:829} INFO - Processing file /home/airflow/.local/lib/python3.8/site-packages/airflow/example_dags/tutorial_dag.py for tasks to queue
[2023-10-10T06:49:21.517+0000] {logging_mixin.py:151} INFO - [2023-10-10T06:49:21.517+0000] {dagbag.py:539} INFO - Filling up the DagBag from /home/airflow/.local/lib/python3.8/site-packages/airflow/example_dags/tutorial_dag.py
[2023-10-10T06:49:21.520+0000] {processor.py:839} INFO - DAG(s) dict_keys(['tutorial_dag']) retrieved from /home/airflow/.local/lib/python3.8/site-packages/airflow/example_dags/tutorial_dag.py
[2023-10-10T06:49:21.532+0000] {logging_mixin.py:151} INFO - [2023-10-10T06:49:21.532+0000] {dag.py:2915} INFO - Sync 1 DAGs
[2023-10-10T06:49:21.539+0000] {logging_mixin.py:151} INFO - [2023-10-10T06:49:21.539+0000] {dag.py:3696} INFO - Setting next_dagrun for tutorial_dag to None, run_after=None
[2023-10-10T06:49:21.549+0000] {processor.py:179} INFO - Processing /home/airflow/.local/lib/python3.8/site-packages/airflow/example_dags/tutorial_dag.py took 0.037 seconds
[2023-10-10T06:49:52.756+0000] {processor.py:157} INFO - Started process (PID=414) to work on /home/airflow/.local/lib/python3.8/site-packages/airflow/example_dags/tutorial_dag.py
[2023-10-10T06:49:52.757+0000] {processor.py:829} INFO - Processing file /home/airflow/.local/lib/python3.8/site-packages/airflow/example_dags/tutorial_dag.py for tasks to queue
[2023-10-10T06:49:52.758+0000] {logging_mixin.py:151} INFO - [2023-10-10T06:49:52.758+0000] {dagbag.py:539} INFO - Filling up the DagBag from /home/airflow/.local/lib/python3.8/site-packages/airflow/example_dags/tutorial_dag.py
[2023-10-10T06:49:52.762+0000] {processor.py:839} INFO - DAG(s) dict_keys(['tutorial_dag']) retrieved from /home/airflow/.local/lib/python3.8/site-packages/airflow/example_dags/tutorial_dag.py
[2023-10-10T06:49:52.774+0000] {logging_mixin.py:151} INFO - [2023-10-10T06:49:52.774+0000] {dag.py:2915} INFO - Sync 1 DAGs
[2023-10-10T06:49:52.781+0000] {logging_mixin.py:151} INFO - [2023-10-10T06:49:52.781+0000] {dag.py:3696} INFO - Setting next_dagrun for tutorial_dag to None, run_after=None
[2023-10-10T06:49:52.791+0000] {processor.py:179} INFO - Processing /home/airflow/.local/lib/python3.8/site-packages/airflow/example_dags/tutorial_dag.py took 0.037 seconds
[2023-10-10T06:50:23.850+0000] {processor.py:157} INFO - Started process (PID=470) to work on /home/airflow/.local/lib/python3.8/site-packages/airflow/example_dags/tutorial_dag.py
[2023-10-10T06:50:23.851+0000] {processor.py:829} INFO - Processing file /home/airflow/.local/lib/python3.8/site-packages/airflow/example_dags/tutorial_dag.py for tasks to queue
[2023-10-10T06:50:23.853+0000] {logging_mixin.py:151} INFO - [2023-10-10T06:50:23.853+0000] {dagbag.py:539} INFO - Filling up the DagBag from /home/airflow/.local/lib/python3.8/site-packages/airflow/example_dags/tutorial_dag.py
[2023-10-10T06:50:23.857+0000] {processor.py:839} INFO - DAG(s) dict_keys(['tutorial_dag']) retrieved from /home/airflow/.local/lib/python3.8/site-packages/airflow/example_dags/tutorial_dag.py
[2023-10-10T06:50:23.872+0000] {logging_mixin.py:151} INFO - [2023-10-10T06:50:23.872+0000] {dag.py:2915} INFO - Sync 1 DAGs
[2023-10-10T06:50:23.880+0000] {logging_mixin.py:151} INFO - [2023-10-10T06:50:23.880+0000] {dag.py:3696} INFO - Setting next_dagrun for tutorial_dag to None, run_after=None
[2023-10-10T06:50:23.890+0000] {processor.py:179} INFO - Processing /home/airflow/.local/lib/python3.8/site-packages/airflow/example_dags/tutorial_dag.py took 0.044 seconds
[2023-10-10T06:50:54.208+0000] {processor.py:157} INFO - Started process (PID=526) to work on /home/airflow/.local/lib/python3.8/site-packages/airflow/example_dags/tutorial_dag.py
[2023-10-10T06:50:54.209+0000] {processor.py:829} INFO - Processing file /home/airflow/.local/lib/python3.8/site-packages/airflow/example_dags/tutorial_dag.py for tasks to queue
[2023-10-10T06:50:54.211+0000] {logging_mixin.py:151} INFO - [2023-10-10T06:50:54.211+0000] {dagbag.py:539} INFO - Filling up the DagBag from /home/airflow/.local/lib/python3.8/site-packages/airflow/example_dags/tutorial_dag.py
[2023-10-10T06:50:54.215+0000] {processor.py:839} INFO - DAG(s) dict_keys(['tutorial_dag']) retrieved from /home/airflow/.local/lib/python3.8/site-packages/airflow/example_dags/tutorial_dag.py
[2023-10-10T06:50:54.230+0000] {logging_mixin.py:151} INFO - [2023-10-10T06:50:54.230+0000] {dag.py:2915} INFO - Sync 1 DAGs
[2023-10-10T06:50:54.238+0000] {logging_mixin.py:151} INFO - [2023-10-10T06:50:54.238+0000] {dag.py:3696} INFO - Setting next_dagrun for tutorial_dag to None, run_after=None
[2023-10-10T06:50:54.249+0000] {processor.py:179} INFO - Processing /home/airflow/.local/lib/python3.8/site-packages/airflow/example_dags/tutorial_dag.py took 0.043 seconds
[2023-10-10T06:51:24.460+0000] {processor.py:157} INFO - Started process (PID=582) to work on /home/airflow/.local/lib/python3.8/site-packages/airflow/example_dags/tutorial_dag.py
[2023-10-10T06:51:24.460+0000] {processor.py:829} INFO - Processing file /home/airflow/.local/lib/python3.8/site-packages/airflow/example_dags/tutorial_dag.py for tasks to queue
[2023-10-10T06:51:24.462+0000] {logging_mixin.py:151} INFO - [2023-10-10T06:51:24.462+0000] {dagbag.py:539} INFO - Filling up the DagBag from /home/airflow/.local/lib/python3.8/site-packages/airflow/example_dags/tutorial_dag.py
[2023-10-10T06:51:24.465+0000] {processor.py:839} INFO - DAG(s) dict_keys(['tutorial_dag']) retrieved from /home/airflow/.local/lib/python3.8/site-packages/airflow/example_dags/tutorial_dag.py
[2023-10-10T06:51:24.477+0000] {logging_mixin.py:151} INFO - [2023-10-10T06:51:24.477+0000] {dag.py:2915} INFO - Sync 1 DAGs
[2023-10-10T06:51:24.484+0000] {logging_mixin.py:151} INFO - [2023-10-10T06:51:24.483+0000] {dag.py:3696} INFO - Setting next_dagrun for tutorial_dag to None, run_after=None
[2023-10-10T06:51:24.492+0000] {processor.py:179} INFO - Processing /home/airflow/.local/lib/python3.8/site-packages/airflow/example_dags/tutorial_dag.py took 0.035 seconds
[2023-10-10T06:51:54.908+0000] {processor.py:157} INFO - Started process (PID=638) to work on /home/airflow/.local/lib/python3.8/site-packages/airflow/example_dags/tutorial_dag.py
[2023-10-10T06:51:54.909+0000] {processor.py:829} INFO - Processing file /home/airflow/.local/lib/python3.8/site-packages/airflow/example_dags/tutorial_dag.py for tasks to queue
[2023-10-10T06:51:54.911+0000] {logging_mixin.py:151} INFO - [2023-10-10T06:51:54.910+0000] {dagbag.py:539} INFO - Filling up the DagBag from /home/airflow/.local/lib/python3.8/site-packages/airflow/example_dags/tutorial_dag.py
[2023-10-10T06:51:54.914+0000] {processor.py:839} INFO - DAG(s) dict_keys(['tutorial_dag']) retrieved from /home/airflow/.local/lib/python3.8/site-packages/airflow/example_dags/tutorial_dag.py
[2023-10-10T06:51:54.928+0000] {logging_mixin.py:151} INFO - [2023-10-10T06:51:54.928+0000] {dag.py:2915} INFO - Sync 1 DAGs
[2023-10-10T06:51:54.935+0000] {logging_mixin.py:151} INFO - [2023-10-10T06:51:54.935+0000] {dag.py:3696} INFO - Setting next_dagrun for tutorial_dag to None, run_after=None
[2023-10-10T06:51:54.946+0000] {processor.py:179} INFO - Processing /home/airflow/.local/lib/python3.8/site-packages/airflow/example_dags/tutorial_dag.py took 0.041 seconds
[2023-10-10T06:52:25.073+0000] {processor.py:157} INFO - Started process (PID=695) to work on /home/airflow/.local/lib/python3.8/site-packages/airflow/example_dags/tutorial_dag.py
[2023-10-10T06:52:25.074+0000] {processor.py:829} INFO - Processing file /home/airflow/.local/lib/python3.8/site-packages/airflow/example_dags/tutorial_dag.py for tasks to queue
[2023-10-10T06:52:25.076+0000] {logging_mixin.py:151} INFO - [2023-10-10T06:52:25.076+0000] {dagbag.py:539} INFO - Filling up the DagBag from /home/airflow/.local/lib/python3.8/site-packages/airflow/example_dags/tutorial_dag.py
[2023-10-10T06:52:25.080+0000] {processor.py:839} INFO - DAG(s) dict_keys(['tutorial_dag']) retrieved from /home/airflow/.local/lib/python3.8/site-packages/airflow/example_dags/tutorial_dag.py
[2023-10-10T06:52:25.095+0000] {logging_mixin.py:151} INFO - [2023-10-10T06:52:25.095+0000] {dag.py:2915} INFO - Sync 1 DAGs
[2023-10-10T06:52:25.102+0000] {logging_mixin.py:151} INFO - [2023-10-10T06:52:25.102+0000] {dag.py:3696} INFO - Setting next_dagrun for tutorial_dag to None, run_after=None
[2023-10-10T06:52:25.112+0000] {processor.py:179} INFO - Processing /home/airflow/.local/lib/python3.8/site-packages/airflow/example_dags/tutorial_dag.py took 0.042 seconds
[2023-10-10T06:52:55.396+0000] {processor.py:157} INFO - Started process (PID=750) to work on /home/airflow/.local/lib/python3.8/site-packages/airflow/example_dags/tutorial_dag.py
[2023-10-10T06:52:55.397+0000] {processor.py:829} INFO - Processing file /home/airflow/.local/lib/python3.8/site-packages/airflow/example_dags/tutorial_dag.py for tasks to queue
[2023-10-10T06:52:55.399+0000] {logging_mixin.py:151} INFO - [2023-10-10T06:52:55.398+0000] {dagbag.py:539} INFO - Filling up the DagBag from /home/airflow/.local/lib/python3.8/site-packages/airflow/example_dags/tutorial_dag.py
[2023-10-10T06:52:55.403+0000] {processor.py:839} INFO - DAG(s) dict_keys(['tutorial_dag']) retrieved from /home/airflow/.local/lib/python3.8/site-packages/airflow/example_dags/tutorial_dag.py
[2023-10-10T06:52:55.415+0000] {logging_mixin.py:151} INFO - [2023-10-10T06:52:55.415+0000] {dag.py:2915} INFO - Sync 1 DAGs
[2023-10-10T06:52:55.423+0000] {logging_mixin.py:151} INFO - [2023-10-10T06:52:55.423+0000] {dag.py:3696} INFO - Setting next_dagrun for tutorial_dag to None, run_after=None
[2023-10-10T06:52:55.433+0000] {processor.py:179} INFO - Processing /home/airflow/.local/lib/python3.8/site-packages/airflow/example_dags/tutorial_dag.py took 0.040 seconds
[2023-10-10T06:53:25.544+0000] {processor.py:157} INFO - Started process (PID=806) to work on /home/airflow/.local/lib/python3.8/site-packages/airflow/example_dags/tutorial_dag.py
[2023-10-10T06:53:25.545+0000] {processor.py:829} INFO - Processing file /home/airflow/.local/lib/python3.8/site-packages/airflow/example_dags/tutorial_dag.py for tasks to queue
[2023-10-10T06:53:25.547+0000] {logging_mixin.py:151} INFO - [2023-10-10T06:53:25.547+0000] {dagbag.py:539} INFO - Filling up the DagBag from /home/airflow/.local/lib/python3.8/site-packages/airflow/example_dags/tutorial_dag.py
[2023-10-10T06:53:25.550+0000] {processor.py:839} INFO - DAG(s) dict_keys(['tutorial_dag']) retrieved from /home/airflow/.local/lib/python3.8/site-packages/airflow/example_dags/tutorial_dag.py
[2023-10-10T06:53:25.563+0000] {logging_mixin.py:151} INFO - [2023-10-10T06:53:25.563+0000] {dag.py:2915} INFO - Sync 1 DAGs
[2023-10-10T06:53:25.569+0000] {logging_mixin.py:151} INFO - [2023-10-10T06:53:25.569+0000] {dag.py:3696} INFO - Setting next_dagrun for tutorial_dag to None, run_after=None
[2023-10-10T06:53:25.579+0000] {processor.py:179} INFO - Processing /home/airflow/.local/lib/python3.8/site-packages/airflow/example_dags/tutorial_dag.py took 0.037 seconds
[2023-10-10T06:53:55.818+0000] {processor.py:157} INFO - Started process (PID=862) to work on /home/airflow/.local/lib/python3.8/site-packages/airflow/example_dags/tutorial_dag.py
[2023-10-10T06:53:55.820+0000] {processor.py:829} INFO - Processing file /home/airflow/.local/lib/python3.8/site-packages/airflow/example_dags/tutorial_dag.py for tasks to queue
[2023-10-10T06:53:55.821+0000] {logging_mixin.py:151} INFO - [2023-10-10T06:53:55.821+0000] {dagbag.py:539} INFO - Filling up the DagBag from /home/airflow/.local/lib/python3.8/site-packages/airflow/example_dags/tutorial_dag.py
[2023-10-10T06:53:55.825+0000] {processor.py:839} INFO - DAG(s) dict_keys(['tutorial_dag']) retrieved from /home/airflow/.local/lib/python3.8/site-packages/airflow/example_dags/tutorial_dag.py
[2023-10-10T06:53:55.838+0000] {logging_mixin.py:151} INFO - [2023-10-10T06:53:55.838+0000] {dag.py:2915} INFO - Sync 1 DAGs
[2023-10-10T06:53:55.844+0000] {logging_mixin.py:151} INFO - [2023-10-10T06:53:55.844+0000] {dag.py:3696} INFO - Setting next_dagrun for tutorial_dag to None, run_after=None
[2023-10-10T06:53:55.853+0000] {processor.py:179} INFO - Processing /home/airflow/.local/lib/python3.8/site-packages/airflow/example_dags/tutorial_dag.py took 0.038 seconds
[2023-10-10T06:54:26.015+0000] {processor.py:157} INFO - Started process (PID=918) to work on /home/airflow/.local/lib/python3.8/site-packages/airflow/example_dags/tutorial_dag.py
[2023-10-10T06:54:26.016+0000] {processor.py:829} INFO - Processing file /home/airflow/.local/lib/python3.8/site-packages/airflow/example_dags/tutorial_dag.py for tasks to queue
[2023-10-10T06:54:26.017+0000] {logging_mixin.py:151} INFO - [2023-10-10T06:54:26.017+0000] {dagbag.py:539} INFO - Filling up the DagBag from /home/airflow/.local/lib/python3.8/site-packages/airflow/example_dags/tutorial_dag.py
[2023-10-10T06:54:26.022+0000] {processor.py:839} INFO - DAG(s) dict_keys(['tutorial_dag']) retrieved from /home/airflow/.local/lib/python3.8/site-packages/airflow/example_dags/tutorial_dag.py
[2023-10-10T06:54:26.036+0000] {logging_mixin.py:151} INFO - [2023-10-10T06:54:26.036+0000] {dag.py:2915} INFO - Sync 1 DAGs
[2023-10-10T06:54:26.042+0000] {logging_mixin.py:151} INFO - [2023-10-10T06:54:26.042+0000] {dag.py:3696} INFO - Setting next_dagrun for tutorial_dag to None, run_after=None
[2023-10-10T06:54:26.052+0000] {processor.py:179} INFO - Processing /home/airflow/.local/lib/python3.8/site-packages/airflow/example_dags/tutorial_dag.py took 0.040 seconds
[2023-10-10T06:54:57.066+0000] {processor.py:157} INFO - Started process (PID=974) to work on /home/airflow/.local/lib/python3.8/site-packages/airflow/example_dags/tutorial_dag.py
[2023-10-10T06:54:57.067+0000] {processor.py:829} INFO - Processing file /home/airflow/.local/lib/python3.8/site-packages/airflow/example_dags/tutorial_dag.py for tasks to queue
[2023-10-10T06:54:57.068+0000] {logging_mixin.py:151} INFO - [2023-10-10T06:54:57.068+0000] {dagbag.py:539} INFO - Filling up the DagBag from /home/airflow/.local/lib/python3.8/site-packages/airflow/example_dags/tutorial_dag.py
[2023-10-10T06:54:57.072+0000] {processor.py:839} INFO - DAG(s) dict_keys(['tutorial_dag']) retrieved from /home/airflow/.local/lib/python3.8/site-packages/airflow/example_dags/tutorial_dag.py
[2023-10-10T06:54:57.083+0000] {logging_mixin.py:151} INFO - [2023-10-10T06:54:57.083+0000] {dag.py:2915} INFO - Sync 1 DAGs
[2023-10-10T06:54:57.089+0000] {logging_mixin.py:151} INFO - [2023-10-10T06:54:57.089+0000] {dag.py:3696} INFO - Setting next_dagrun for tutorial_dag to None, run_after=None
[2023-10-10T06:54:57.099+0000] {processor.py:179} INFO - Processing /home/airflow/.local/lib/python3.8/site-packages/airflow/example_dags/tutorial_dag.py took 0.035 seconds
[2023-10-10T06:55:27.423+0000] {processor.py:157} INFO - Started process (PID=1030) to work on /home/airflow/.local/lib/python3.8/site-packages/airflow/example_dags/tutorial_dag.py
[2023-10-10T06:55:27.424+0000] {processor.py:829} INFO - Processing file /home/airflow/.local/lib/python3.8/site-packages/airflow/example_dags/tutorial_dag.py for tasks to queue
[2023-10-10T06:55:27.426+0000] {logging_mixin.py:151} INFO - [2023-10-10T06:55:27.425+0000] {dagbag.py:539} INFO - Filling up the DagBag from /home/airflow/.local/lib/python3.8/site-packages/airflow/example_dags/tutorial_dag.py
[2023-10-10T06:55:27.430+0000] {processor.py:839} INFO - DAG(s) dict_keys(['tutorial_dag']) retrieved from /home/airflow/.local/lib/python3.8/site-packages/airflow/example_dags/tutorial_dag.py
[2023-10-10T06:55:27.441+0000] {logging_mixin.py:151} INFO - [2023-10-10T06:55:27.441+0000] {dag.py:2915} INFO - Sync 1 DAGs
[2023-10-10T06:55:27.448+0000] {logging_mixin.py:151} INFO - [2023-10-10T06:55:27.448+0000] {dag.py:3696} INFO - Setting next_dagrun for tutorial_dag to None, run_after=None
[2023-10-10T06:55:27.457+0000] {processor.py:179} INFO - Processing /home/airflow/.local/lib/python3.8/site-packages/airflow/example_dags/tutorial_dag.py took 0.037 seconds
[2023-10-10T06:55:57.581+0000] {processor.py:157} INFO - Started process (PID=1086) to work on /home/airflow/.local/lib/python3.8/site-packages/airflow/example_dags/tutorial_dag.py
[2023-10-10T06:55:57.582+0000] {processor.py:829} INFO - Processing file /home/airflow/.local/lib/python3.8/site-packages/airflow/example_dags/tutorial_dag.py for tasks to queue
[2023-10-10T06:55:57.583+0000] {logging_mixin.py:151} INFO - [2023-10-10T06:55:57.583+0000] {dagbag.py:539} INFO - Filling up the DagBag from /home/airflow/.local/lib/python3.8/site-packages/airflow/example_dags/tutorial_dag.py
[2023-10-10T06:55:57.587+0000] {processor.py:839} INFO - DAG(s) dict_keys(['tutorial_dag']) retrieved from /home/airflow/.local/lib/python3.8/site-packages/airflow/example_dags/tutorial_dag.py
[2023-10-10T06:55:57.599+0000] {logging_mixin.py:151} INFO - [2023-10-10T06:55:57.599+0000] {dag.py:2915} INFO - Sync 1 DAGs
[2023-10-10T06:55:57.606+0000] {logging_mixin.py:151} INFO - [2023-10-10T06:55:57.605+0000] {dag.py:3696} INFO - Setting next_dagrun for tutorial_dag to None, run_after=None
[2023-10-10T06:55:57.615+0000] {processor.py:179} INFO - Processing /home/airflow/.local/lib/python3.8/site-packages/airflow/example_dags/tutorial_dag.py took 0.036 seconds
[2023-10-10T06:56:27.964+0000] {processor.py:157} INFO - Started process (PID=1142) to work on /home/airflow/.local/lib/python3.8/site-packages/airflow/example_dags/tutorial_dag.py
[2023-10-10T06:56:27.966+0000] {processor.py:829} INFO - Processing file /home/airflow/.local/lib/python3.8/site-packages/airflow/example_dags/tutorial_dag.py for tasks to queue
[2023-10-10T06:56:27.967+0000] {logging_mixin.py:151} INFO - [2023-10-10T06:56:27.967+0000] {dagbag.py:539} INFO - Filling up the DagBag from /home/airflow/.local/lib/python3.8/site-packages/airflow/example_dags/tutorial_dag.py
[2023-10-10T06:56:27.971+0000] {processor.py:839} INFO - DAG(s) dict_keys(['tutorial_dag']) retrieved from /home/airflow/.local/lib/python3.8/site-packages/airflow/example_dags/tutorial_dag.py
[2023-10-10T06:56:27.985+0000] {logging_mixin.py:151} INFO - [2023-10-10T06:56:27.985+0000] {dag.py:2915} INFO - Sync 1 DAGs
[2023-10-10T06:56:27.992+0000] {logging_mixin.py:151} INFO - [2023-10-10T06:56:27.991+0000] {dag.py:3696} INFO - Setting next_dagrun for tutorial_dag to None, run_after=None
[2023-10-10T06:56:28.001+0000] {processor.py:179} INFO - Processing /home/airflow/.local/lib/python3.8/site-packages/airflow/example_dags/tutorial_dag.py took 0.039 seconds
[2023-10-10T17:17:53.059+0000] {processor.py:157} INFO - Started process (PID=78) to work on /home/airflow/.local/lib/python3.8/site-packages/airflow/example_dags/tutorial_dag.py
[2023-10-10T17:17:53.059+0000] {processor.py:829} INFO - Processing file /home/airflow/.local/lib/python3.8/site-packages/airflow/example_dags/tutorial_dag.py for tasks to queue
[2023-10-10T17:17:53.061+0000] {logging_mixin.py:151} INFO - [2023-10-10T17:17:53.061+0000] {dagbag.py:539} INFO - Filling up the DagBag from /home/airflow/.local/lib/python3.8/site-packages/airflow/example_dags/tutorial_dag.py
[2023-10-10T17:17:53.068+0000] {processor.py:839} INFO - DAG(s) dict_keys(['tutorial_dag']) retrieved from /home/airflow/.local/lib/python3.8/site-packages/airflow/example_dags/tutorial_dag.py
[2023-10-10T17:17:53.083+0000] {logging_mixin.py:151} INFO - [2023-10-10T17:17:53.083+0000] {dag.py:2915} INFO - Sync 1 DAGs
[2023-10-10T17:17:53.095+0000] {logging_mixin.py:151} INFO - [2023-10-10T17:17:53.095+0000] {dag.py:3696} INFO - Setting next_dagrun for tutorial_dag to None, run_after=None
[2023-10-10T17:17:53.110+0000] {processor.py:179} INFO - Processing /home/airflow/.local/lib/python3.8/site-packages/airflow/example_dags/tutorial_dag.py took 0.054 seconds
[2023-10-10T17:18:23.737+0000] {processor.py:157} INFO - Started process (PID=134) to work on /home/airflow/.local/lib/python3.8/site-packages/airflow/example_dags/tutorial_dag.py
[2023-10-10T17:18:23.737+0000] {processor.py:829} INFO - Processing file /home/airflow/.local/lib/python3.8/site-packages/airflow/example_dags/tutorial_dag.py for tasks to queue
[2023-10-10T17:18:23.739+0000] {logging_mixin.py:151} INFO - [2023-10-10T17:18:23.739+0000] {dagbag.py:539} INFO - Filling up the DagBag from /home/airflow/.local/lib/python3.8/site-packages/airflow/example_dags/tutorial_dag.py
[2023-10-10T17:18:23.743+0000] {processor.py:839} INFO - DAG(s) dict_keys(['tutorial_dag']) retrieved from /home/airflow/.local/lib/python3.8/site-packages/airflow/example_dags/tutorial_dag.py
[2023-10-10T17:18:23.755+0000] {logging_mixin.py:151} INFO - [2023-10-10T17:18:23.755+0000] {dag.py:2915} INFO - Sync 1 DAGs
[2023-10-10T17:18:23.762+0000] {logging_mixin.py:151} INFO - [2023-10-10T17:18:23.762+0000] {dag.py:3696} INFO - Setting next_dagrun for tutorial_dag to None, run_after=None
[2023-10-10T17:18:23.771+0000] {processor.py:179} INFO - Processing /home/airflow/.local/lib/python3.8/site-packages/airflow/example_dags/tutorial_dag.py took 0.037 seconds
[2023-10-10T17:18:54.682+0000] {processor.py:157} INFO - Started process (PID=190) to work on /home/airflow/.local/lib/python3.8/site-packages/airflow/example_dags/tutorial_dag.py
[2023-10-10T17:18:54.683+0000] {processor.py:829} INFO - Processing file /home/airflow/.local/lib/python3.8/site-packages/airflow/example_dags/tutorial_dag.py for tasks to queue
[2023-10-10T17:18:54.684+0000] {logging_mixin.py:151} INFO - [2023-10-10T17:18:54.684+0000] {dagbag.py:539} INFO - Filling up the DagBag from /home/airflow/.local/lib/python3.8/site-packages/airflow/example_dags/tutorial_dag.py
[2023-10-10T17:18:54.688+0000] {processor.py:839} INFO - DAG(s) dict_keys(['tutorial_dag']) retrieved from /home/airflow/.local/lib/python3.8/site-packages/airflow/example_dags/tutorial_dag.py
[2023-10-10T17:18:54.701+0000] {logging_mixin.py:151} INFO - [2023-10-10T17:18:54.701+0000] {dag.py:2915} INFO - Sync 1 DAGs
[2023-10-10T17:18:54.708+0000] {logging_mixin.py:151} INFO - [2023-10-10T17:18:54.708+0000] {dag.py:3696} INFO - Setting next_dagrun for tutorial_dag to None, run_after=None
[2023-10-10T17:18:54.719+0000] {processor.py:179} INFO - Processing /home/airflow/.local/lib/python3.8/site-packages/airflow/example_dags/tutorial_dag.py took 0.039 seconds
[2023-10-10T17:19:25.055+0000] {processor.py:157} INFO - Started process (PID=247) to work on /home/airflow/.local/lib/python3.8/site-packages/airflow/example_dags/tutorial_dag.py
[2023-10-10T17:19:25.056+0000] {processor.py:829} INFO - Processing file /home/airflow/.local/lib/python3.8/site-packages/airflow/example_dags/tutorial_dag.py for tasks to queue
[2023-10-10T17:19:25.057+0000] {logging_mixin.py:151} INFO - [2023-10-10T17:19:25.057+0000] {dagbag.py:539} INFO - Filling up the DagBag from /home/airflow/.local/lib/python3.8/site-packages/airflow/example_dags/tutorial_dag.py
[2023-10-10T17:19:25.061+0000] {processor.py:839} INFO - DAG(s) dict_keys(['tutorial_dag']) retrieved from /home/airflow/.local/lib/python3.8/site-packages/airflow/example_dags/tutorial_dag.py
[2023-10-10T17:19:25.072+0000] {logging_mixin.py:151} INFO - [2023-10-10T17:19:25.072+0000] {dag.py:2915} INFO - Sync 1 DAGs
[2023-10-10T17:19:25.079+0000] {logging_mixin.py:151} INFO - [2023-10-10T17:19:25.079+0000] {dag.py:3696} INFO - Setting next_dagrun for tutorial_dag to None, run_after=None
[2023-10-10T17:19:25.089+0000] {processor.py:179} INFO - Processing /home/airflow/.local/lib/python3.8/site-packages/airflow/example_dags/tutorial_dag.py took 0.036 seconds
[2023-10-10T17:19:55.134+0000] {processor.py:157} INFO - Started process (PID=302) to work on /home/airflow/.local/lib/python3.8/site-packages/airflow/example_dags/tutorial_dag.py
[2023-10-10T17:19:55.135+0000] {processor.py:829} INFO - Processing file /home/airflow/.local/lib/python3.8/site-packages/airflow/example_dags/tutorial_dag.py for tasks to queue
[2023-10-10T17:19:55.136+0000] {logging_mixin.py:151} INFO - [2023-10-10T17:19:55.136+0000] {dagbag.py:539} INFO - Filling up the DagBag from /home/airflow/.local/lib/python3.8/site-packages/airflow/example_dags/tutorial_dag.py
[2023-10-10T17:19:55.140+0000] {processor.py:839} INFO - DAG(s) dict_keys(['tutorial_dag']) retrieved from /home/airflow/.local/lib/python3.8/site-packages/airflow/example_dags/tutorial_dag.py
[2023-10-10T17:19:55.152+0000] {logging_mixin.py:151} INFO - [2023-10-10T17:19:55.151+0000] {dag.py:2915} INFO - Sync 1 DAGs
[2023-10-10T17:19:55.158+0000] {logging_mixin.py:151} INFO - [2023-10-10T17:19:55.158+0000] {dag.py:3696} INFO - Setting next_dagrun for tutorial_dag to None, run_after=None
[2023-10-10T17:19:55.167+0000] {processor.py:179} INFO - Processing /home/airflow/.local/lib/python3.8/site-packages/airflow/example_dags/tutorial_dag.py took 0.035 seconds
[2023-10-10T17:20:26.057+0000] {processor.py:157} INFO - Started process (PID=358) to work on /home/airflow/.local/lib/python3.8/site-packages/airflow/example_dags/tutorial_dag.py
[2023-10-10T17:20:26.058+0000] {processor.py:829} INFO - Processing file /home/airflow/.local/lib/python3.8/site-packages/airflow/example_dags/tutorial_dag.py for tasks to queue
[2023-10-10T17:20:26.060+0000] {logging_mixin.py:151} INFO - [2023-10-10T17:20:26.059+0000] {dagbag.py:539} INFO - Filling up the DagBag from /home/airflow/.local/lib/python3.8/site-packages/airflow/example_dags/tutorial_dag.py
[2023-10-10T17:20:26.063+0000] {processor.py:839} INFO - DAG(s) dict_keys(['tutorial_dag']) retrieved from /home/airflow/.local/lib/python3.8/site-packages/airflow/example_dags/tutorial_dag.py
[2023-10-10T17:20:26.074+0000] {logging_mixin.py:151} INFO - [2023-10-10T17:20:26.074+0000] {dag.py:2915} INFO - Sync 1 DAGs
[2023-10-10T17:20:26.081+0000] {logging_mixin.py:151} INFO - [2023-10-10T17:20:26.081+0000] {dag.py:3696} INFO - Setting next_dagrun for tutorial_dag to None, run_after=None
[2023-10-10T17:20:26.090+0000] {processor.py:179} INFO - Processing /home/airflow/.local/lib/python3.8/site-packages/airflow/example_dags/tutorial_dag.py took 0.034 seconds
[2023-10-10T17:20:56.284+0000] {processor.py:157} INFO - Started process (PID=414) to work on /home/airflow/.local/lib/python3.8/site-packages/airflow/example_dags/tutorial_dag.py
[2023-10-10T17:20:56.285+0000] {processor.py:829} INFO - Processing file /home/airflow/.local/lib/python3.8/site-packages/airflow/example_dags/tutorial_dag.py for tasks to queue
[2023-10-10T17:20:56.286+0000] {logging_mixin.py:151} INFO - [2023-10-10T17:20:56.286+0000] {dagbag.py:539} INFO - Filling up the DagBag from /home/airflow/.local/lib/python3.8/site-packages/airflow/example_dags/tutorial_dag.py
[2023-10-10T17:20:56.290+0000] {processor.py:839} INFO - DAG(s) dict_keys(['tutorial_dag']) retrieved from /home/airflow/.local/lib/python3.8/site-packages/airflow/example_dags/tutorial_dag.py
[2023-10-10T17:20:56.302+0000] {logging_mixin.py:151} INFO - [2023-10-10T17:20:56.302+0000] {dag.py:2915} INFO - Sync 1 DAGs
[2023-10-10T17:20:56.308+0000] {logging_mixin.py:151} INFO - [2023-10-10T17:20:56.308+0000] {dag.py:3696} INFO - Setting next_dagrun for tutorial_dag to None, run_after=None
[2023-10-10T17:20:56.317+0000] {processor.py:179} INFO - Processing /home/airflow/.local/lib/python3.8/site-packages/airflow/example_dags/tutorial_dag.py took 0.036 seconds
[2023-10-10T17:21:26.492+0000] {processor.py:157} INFO - Started process (PID=470) to work on /home/airflow/.local/lib/python3.8/site-packages/airflow/example_dags/tutorial_dag.py
[2023-10-10T17:21:26.493+0000] {processor.py:829} INFO - Processing file /home/airflow/.local/lib/python3.8/site-packages/airflow/example_dags/tutorial_dag.py for tasks to queue
[2023-10-10T17:21:26.494+0000] {logging_mixin.py:151} INFO - [2023-10-10T17:21:26.494+0000] {dagbag.py:539} INFO - Filling up the DagBag from /home/airflow/.local/lib/python3.8/site-packages/airflow/example_dags/tutorial_dag.py
[2023-10-10T17:21:26.498+0000] {processor.py:839} INFO - DAG(s) dict_keys(['tutorial_dag']) retrieved from /home/airflow/.local/lib/python3.8/site-packages/airflow/example_dags/tutorial_dag.py
[2023-10-10T17:21:26.510+0000] {logging_mixin.py:151} INFO - [2023-10-10T17:21:26.510+0000] {dag.py:2915} INFO - Sync 1 DAGs
[2023-10-10T17:21:26.516+0000] {logging_mixin.py:151} INFO - [2023-10-10T17:21:26.516+0000] {dag.py:3696} INFO - Setting next_dagrun for tutorial_dag to None, run_after=None
[2023-10-10T17:21:26.525+0000] {processor.py:179} INFO - Processing /home/airflow/.local/lib/python3.8/site-packages/airflow/example_dags/tutorial_dag.py took 0.035 seconds
[2023-10-10T17:21:56.781+0000] {processor.py:157} INFO - Started process (PID=526) to work on /home/airflow/.local/lib/python3.8/site-packages/airflow/example_dags/tutorial_dag.py
[2023-10-10T17:21:56.782+0000] {processor.py:829} INFO - Processing file /home/airflow/.local/lib/python3.8/site-packages/airflow/example_dags/tutorial_dag.py for tasks to queue
[2023-10-10T17:21:56.783+0000] {logging_mixin.py:151} INFO - [2023-10-10T17:21:56.783+0000] {dagbag.py:539} INFO - Filling up the DagBag from /home/airflow/.local/lib/python3.8/site-packages/airflow/example_dags/tutorial_dag.py
[2023-10-10T17:21:56.787+0000] {processor.py:839} INFO - DAG(s) dict_keys(['tutorial_dag']) retrieved from /home/airflow/.local/lib/python3.8/site-packages/airflow/example_dags/tutorial_dag.py
[2023-10-10T17:21:56.799+0000] {logging_mixin.py:151} INFO - [2023-10-10T17:21:56.799+0000] {dag.py:2915} INFO - Sync 1 DAGs
[2023-10-10T17:21:56.806+0000] {logging_mixin.py:151} INFO - [2023-10-10T17:21:56.806+0000] {dag.py:3696} INFO - Setting next_dagrun for tutorial_dag to None, run_after=None
[2023-10-10T17:21:56.816+0000] {processor.py:179} INFO - Processing /home/airflow/.local/lib/python3.8/site-packages/airflow/example_dags/tutorial_dag.py took 0.038 seconds
[2023-10-10T17:22:27.769+0000] {processor.py:157} INFO - Started process (PID=582) to work on /home/airflow/.local/lib/python3.8/site-packages/airflow/example_dags/tutorial_dag.py
[2023-10-10T17:22:27.769+0000] {processor.py:829} INFO - Processing file /home/airflow/.local/lib/python3.8/site-packages/airflow/example_dags/tutorial_dag.py for tasks to queue
[2023-10-10T17:22:27.771+0000] {logging_mixin.py:151} INFO - [2023-10-10T17:22:27.771+0000] {dagbag.py:539} INFO - Filling up the DagBag from /home/airflow/.local/lib/python3.8/site-packages/airflow/example_dags/tutorial_dag.py
[2023-10-10T17:22:27.774+0000] {processor.py:839} INFO - DAG(s) dict_keys(['tutorial_dag']) retrieved from /home/airflow/.local/lib/python3.8/site-packages/airflow/example_dags/tutorial_dag.py
[2023-10-10T17:22:27.786+0000] {logging_mixin.py:151} INFO - [2023-10-10T17:22:27.786+0000] {dag.py:2915} INFO - Sync 1 DAGs
[2023-10-10T17:22:27.793+0000] {logging_mixin.py:151} INFO - [2023-10-10T17:22:27.793+0000] {dag.py:3696} INFO - Setting next_dagrun for tutorial_dag to None, run_after=None
[2023-10-10T17:22:27.803+0000] {processor.py:179} INFO - Processing /home/airflow/.local/lib/python3.8/site-packages/airflow/example_dags/tutorial_dag.py took 0.037 seconds
[2023-10-10T17:22:58.023+0000] {processor.py:157} INFO - Started process (PID=638) to work on /home/airflow/.local/lib/python3.8/site-packages/airflow/example_dags/tutorial_dag.py
[2023-10-10T17:22:58.024+0000] {processor.py:829} INFO - Processing file /home/airflow/.local/lib/python3.8/site-packages/airflow/example_dags/tutorial_dag.py for tasks to queue
[2023-10-10T17:22:58.026+0000] {logging_mixin.py:151} INFO - [2023-10-10T17:22:58.025+0000] {dagbag.py:539} INFO - Filling up the DagBag from /home/airflow/.local/lib/python3.8/site-packages/airflow/example_dags/tutorial_dag.py
[2023-10-10T17:22:58.029+0000] {processor.py:839} INFO - DAG(s) dict_keys(['tutorial_dag']) retrieved from /home/airflow/.local/lib/python3.8/site-packages/airflow/example_dags/tutorial_dag.py
[2023-10-10T17:22:58.041+0000] {logging_mixin.py:151} INFO - [2023-10-10T17:22:58.041+0000] {dag.py:2915} INFO - Sync 1 DAGs
[2023-10-10T17:22:58.048+0000] {logging_mixin.py:151} INFO - [2023-10-10T17:22:58.048+0000] {dag.py:3696} INFO - Setting next_dagrun for tutorial_dag to None, run_after=None
[2023-10-10T17:22:58.057+0000] {processor.py:179} INFO - Processing /home/airflow/.local/lib/python3.8/site-packages/airflow/example_dags/tutorial_dag.py took 0.036 seconds
[2023-10-10T17:23:28.947+0000] {processor.py:157} INFO - Started process (PID=694) to work on /home/airflow/.local/lib/python3.8/site-packages/airflow/example_dags/tutorial_dag.py
[2023-10-10T17:23:28.947+0000] {processor.py:829} INFO - Processing file /home/airflow/.local/lib/python3.8/site-packages/airflow/example_dags/tutorial_dag.py for tasks to queue
[2023-10-10T17:23:28.949+0000] {logging_mixin.py:151} INFO - [2023-10-10T17:23:28.949+0000] {dagbag.py:539} INFO - Filling up the DagBag from /home/airflow/.local/lib/python3.8/site-packages/airflow/example_dags/tutorial_dag.py
[2023-10-10T17:23:28.952+0000] {processor.py:839} INFO - DAG(s) dict_keys(['tutorial_dag']) retrieved from /home/airflow/.local/lib/python3.8/site-packages/airflow/example_dags/tutorial_dag.py
[2023-10-10T17:23:28.963+0000] {logging_mixin.py:151} INFO - [2023-10-10T17:23:28.963+0000] {dag.py:2915} INFO - Sync 1 DAGs
[2023-10-10T17:23:28.969+0000] {logging_mixin.py:151} INFO - [2023-10-10T17:23:28.969+0000] {dag.py:3696} INFO - Setting next_dagrun for tutorial_dag to None, run_after=None
[2023-10-10T17:23:28.979+0000] {processor.py:179} INFO - Processing /home/airflow/.local/lib/python3.8/site-packages/airflow/example_dags/tutorial_dag.py took 0.034 seconds
[2023-10-10T17:23:59.330+0000] {processor.py:157} INFO - Started process (PID=750) to work on /home/airflow/.local/lib/python3.8/site-packages/airflow/example_dags/tutorial_dag.py
[2023-10-10T17:23:59.331+0000] {processor.py:829} INFO - Processing file /home/airflow/.local/lib/python3.8/site-packages/airflow/example_dags/tutorial_dag.py for tasks to queue
[2023-10-10T17:23:59.332+0000] {logging_mixin.py:151} INFO - [2023-10-10T17:23:59.332+0000] {dagbag.py:539} INFO - Filling up the DagBag from /home/airflow/.local/lib/python3.8/site-packages/airflow/example_dags/tutorial_dag.py
[2023-10-10T17:23:59.336+0000] {processor.py:839} INFO - DAG(s) dict_keys(['tutorial_dag']) retrieved from /home/airflow/.local/lib/python3.8/site-packages/airflow/example_dags/tutorial_dag.py
[2023-10-10T17:23:59.348+0000] {logging_mixin.py:151} INFO - [2023-10-10T17:23:59.348+0000] {dag.py:2915} INFO - Sync 1 DAGs
[2023-10-10T17:23:59.355+0000] {logging_mixin.py:151} INFO - [2023-10-10T17:23:59.355+0000] {dag.py:3696} INFO - Setting next_dagrun for tutorial_dag to None, run_after=None
[2023-10-10T17:23:59.365+0000] {processor.py:179} INFO - Processing /home/airflow/.local/lib/python3.8/site-packages/airflow/example_dags/tutorial_dag.py took 0.037 seconds
[2023-10-10T17:24:30.369+0000] {processor.py:157} INFO - Started process (PID=806) to work on /home/airflow/.local/lib/python3.8/site-packages/airflow/example_dags/tutorial_dag.py
[2023-10-10T17:24:30.370+0000] {processor.py:829} INFO - Processing file /home/airflow/.local/lib/python3.8/site-packages/airflow/example_dags/tutorial_dag.py for tasks to queue
[2023-10-10T17:24:30.371+0000] {logging_mixin.py:151} INFO - [2023-10-10T17:24:30.371+0000] {dagbag.py:539} INFO - Filling up the DagBag from /home/airflow/.local/lib/python3.8/site-packages/airflow/example_dags/tutorial_dag.py
[2023-10-10T17:24:30.375+0000] {processor.py:839} INFO - DAG(s) dict_keys(['tutorial_dag']) retrieved from /home/airflow/.local/lib/python3.8/site-packages/airflow/example_dags/tutorial_dag.py
[2023-10-10T17:24:30.387+0000] {logging_mixin.py:151} INFO - [2023-10-10T17:24:30.387+0000] {dag.py:2915} INFO - Sync 1 DAGs
[2023-10-10T17:24:30.393+0000] {logging_mixin.py:151} INFO - [2023-10-10T17:24:30.393+0000] {dag.py:3696} INFO - Setting next_dagrun for tutorial_dag to None, run_after=None
[2023-10-10T17:24:30.403+0000] {processor.py:179} INFO - Processing /home/airflow/.local/lib/python3.8/site-packages/airflow/example_dags/tutorial_dag.py took 0.036 seconds
[2023-10-10T17:25:00.613+0000] {processor.py:157} INFO - Started process (PID=862) to work on /home/airflow/.local/lib/python3.8/site-packages/airflow/example_dags/tutorial_dag.py
[2023-10-10T17:25:00.614+0000] {processor.py:829} INFO - Processing file /home/airflow/.local/lib/python3.8/site-packages/airflow/example_dags/tutorial_dag.py for tasks to queue
[2023-10-10T17:25:00.616+0000] {logging_mixin.py:151} INFO - [2023-10-10T17:25:00.616+0000] {dagbag.py:539} INFO - Filling up the DagBag from /home/airflow/.local/lib/python3.8/site-packages/airflow/example_dags/tutorial_dag.py
[2023-10-10T17:25:00.620+0000] {processor.py:839} INFO - DAG(s) dict_keys(['tutorial_dag']) retrieved from /home/airflow/.local/lib/python3.8/site-packages/airflow/example_dags/tutorial_dag.py
[2023-10-10T17:25:00.632+0000] {logging_mixin.py:151} INFO - [2023-10-10T17:25:00.632+0000] {dag.py:2915} INFO - Sync 1 DAGs
[2023-10-10T17:25:00.639+0000] {logging_mixin.py:151} INFO - [2023-10-10T17:25:00.639+0000] {dag.py:3696} INFO - Setting next_dagrun for tutorial_dag to None, run_after=None
[2023-10-10T17:25:00.650+0000] {processor.py:179} INFO - Processing /home/airflow/.local/lib/python3.8/site-packages/airflow/example_dags/tutorial_dag.py took 0.039 seconds
[2023-10-10T17:25:30.843+0000] {processor.py:157} INFO - Started process (PID=918) to work on /home/airflow/.local/lib/python3.8/site-packages/airflow/example_dags/tutorial_dag.py
[2023-10-10T17:25:30.844+0000] {processor.py:829} INFO - Processing file /home/airflow/.local/lib/python3.8/site-packages/airflow/example_dags/tutorial_dag.py for tasks to queue
[2023-10-10T17:25:30.846+0000] {logging_mixin.py:151} INFO - [2023-10-10T17:25:30.846+0000] {dagbag.py:539} INFO - Filling up the DagBag from /home/airflow/.local/lib/python3.8/site-packages/airflow/example_dags/tutorial_dag.py
[2023-10-10T17:25:30.849+0000] {processor.py:839} INFO - DAG(s) dict_keys(['tutorial_dag']) retrieved from /home/airflow/.local/lib/python3.8/site-packages/airflow/example_dags/tutorial_dag.py
[2023-10-10T17:25:30.861+0000] {logging_mixin.py:151} INFO - [2023-10-10T17:25:30.861+0000] {dag.py:2915} INFO - Sync 1 DAGs
[2023-10-10T17:25:30.867+0000] {logging_mixin.py:151} INFO - [2023-10-10T17:25:30.867+0000] {dag.py:3696} INFO - Setting next_dagrun for tutorial_dag to None, run_after=None
[2023-10-10T17:25:30.877+0000] {processor.py:179} INFO - Processing /home/airflow/.local/lib/python3.8/site-packages/airflow/example_dags/tutorial_dag.py took 0.035 seconds
[2023-10-10T17:26:01.783+0000] {processor.py:157} INFO - Started process (PID=974) to work on /home/airflow/.local/lib/python3.8/site-packages/airflow/example_dags/tutorial_dag.py
[2023-10-10T17:26:01.784+0000] {processor.py:829} INFO - Processing file /home/airflow/.local/lib/python3.8/site-packages/airflow/example_dags/tutorial_dag.py for tasks to queue
[2023-10-10T17:26:01.786+0000] {logging_mixin.py:151} INFO - [2023-10-10T17:26:01.786+0000] {dagbag.py:539} INFO - Filling up the DagBag from /home/airflow/.local/lib/python3.8/site-packages/airflow/example_dags/tutorial_dag.py
[2023-10-10T17:26:01.789+0000] {processor.py:839} INFO - DAG(s) dict_keys(['tutorial_dag']) retrieved from /home/airflow/.local/lib/python3.8/site-packages/airflow/example_dags/tutorial_dag.py
[2023-10-10T17:26:01.800+0000] {logging_mixin.py:151} INFO - [2023-10-10T17:26:01.800+0000] {dag.py:2915} INFO - Sync 1 DAGs
[2023-10-10T17:26:01.807+0000] {logging_mixin.py:151} INFO - [2023-10-10T17:26:01.807+0000] {dag.py:3696} INFO - Setting next_dagrun for tutorial_dag to None, run_after=None
[2023-10-10T17:26:01.816+0000] {processor.py:179} INFO - Processing /home/airflow/.local/lib/python3.8/site-packages/airflow/example_dags/tutorial_dag.py took 0.035 seconds
[2023-10-10T17:26:32.044+0000] {processor.py:157} INFO - Started process (PID=1030) to work on /home/airflow/.local/lib/python3.8/site-packages/airflow/example_dags/tutorial_dag.py
[2023-10-10T17:26:32.045+0000] {processor.py:829} INFO - Processing file /home/airflow/.local/lib/python3.8/site-packages/airflow/example_dags/tutorial_dag.py for tasks to queue
[2023-10-10T17:26:32.047+0000] {logging_mixin.py:151} INFO - [2023-10-10T17:26:32.047+0000] {dagbag.py:539} INFO - Filling up the DagBag from /home/airflow/.local/lib/python3.8/site-packages/airflow/example_dags/tutorial_dag.py
[2023-10-10T17:26:32.050+0000] {processor.py:839} INFO - DAG(s) dict_keys(['tutorial_dag']) retrieved from /home/airflow/.local/lib/python3.8/site-packages/airflow/example_dags/tutorial_dag.py
[2023-10-10T17:26:32.063+0000] {logging_mixin.py:151} INFO - [2023-10-10T17:26:32.063+0000] {dag.py:2915} INFO - Sync 1 DAGs
[2023-10-10T17:26:32.070+0000] {logging_mixin.py:151} INFO - [2023-10-10T17:26:32.070+0000] {dag.py:3696} INFO - Setting next_dagrun for tutorial_dag to None, run_after=None
[2023-10-10T17:26:32.082+0000] {processor.py:179} INFO - Processing /home/airflow/.local/lib/python3.8/site-packages/airflow/example_dags/tutorial_dag.py took 0.040 seconds
[2023-10-10T17:27:03.274+0000] {processor.py:157} INFO - Started process (PID=1086) to work on /home/airflow/.local/lib/python3.8/site-packages/airflow/example_dags/tutorial_dag.py
[2023-10-10T17:27:03.274+0000] {processor.py:829} INFO - Processing file /home/airflow/.local/lib/python3.8/site-packages/airflow/example_dags/tutorial_dag.py for tasks to queue
[2023-10-10T17:27:03.276+0000] {logging_mixin.py:151} INFO - [2023-10-10T17:27:03.276+0000] {dagbag.py:539} INFO - Filling up the DagBag from /home/airflow/.local/lib/python3.8/site-packages/airflow/example_dags/tutorial_dag.py
[2023-10-10T17:27:03.280+0000] {processor.py:839} INFO - DAG(s) dict_keys(['tutorial_dag']) retrieved from /home/airflow/.local/lib/python3.8/site-packages/airflow/example_dags/tutorial_dag.py
[2023-10-10T17:27:03.293+0000] {logging_mixin.py:151} INFO - [2023-10-10T17:27:03.293+0000] {dag.py:2915} INFO - Sync 1 DAGs
[2023-10-10T17:27:03.300+0000] {logging_mixin.py:151} INFO - [2023-10-10T17:27:03.300+0000] {dag.py:3696} INFO - Setting next_dagrun for tutorial_dag to None, run_after=None
[2023-10-10T17:27:03.311+0000] {processor.py:179} INFO - Processing /home/airflow/.local/lib/python3.8/site-packages/airflow/example_dags/tutorial_dag.py took 0.040 seconds
[2023-10-10T17:27:34.198+0000] {processor.py:157} INFO - Started process (PID=1142) to work on /home/airflow/.local/lib/python3.8/site-packages/airflow/example_dags/tutorial_dag.py
[2023-10-10T17:27:34.199+0000] {processor.py:829} INFO - Processing file /home/airflow/.local/lib/python3.8/site-packages/airflow/example_dags/tutorial_dag.py for tasks to queue
[2023-10-10T17:27:34.201+0000] {logging_mixin.py:151} INFO - [2023-10-10T17:27:34.201+0000] {dagbag.py:539} INFO - Filling up the DagBag from /home/airflow/.local/lib/python3.8/site-packages/airflow/example_dags/tutorial_dag.py
[2023-10-10T17:27:34.205+0000] {processor.py:839} INFO - DAG(s) dict_keys(['tutorial_dag']) retrieved from /home/airflow/.local/lib/python3.8/site-packages/airflow/example_dags/tutorial_dag.py
[2023-10-10T17:27:34.218+0000] {logging_mixin.py:151} INFO - [2023-10-10T17:27:34.218+0000] {dag.py:2915} INFO - Sync 1 DAGs
[2023-10-10T17:27:34.225+0000] {logging_mixin.py:151} INFO - [2023-10-10T17:27:34.224+0000] {dag.py:3696} INFO - Setting next_dagrun for tutorial_dag to None, run_after=None
[2023-10-10T17:27:34.235+0000] {processor.py:179} INFO - Processing /home/airflow/.local/lib/python3.8/site-packages/airflow/example_dags/tutorial_dag.py took 0.039 seconds
[2023-10-10T17:28:04.407+0000] {processor.py:157} INFO - Started process (PID=1198) to work on /home/airflow/.local/lib/python3.8/site-packages/airflow/example_dags/tutorial_dag.py
[2023-10-10T17:28:04.408+0000] {processor.py:829} INFO - Processing file /home/airflow/.local/lib/python3.8/site-packages/airflow/example_dags/tutorial_dag.py for tasks to queue
[2023-10-10T17:28:04.410+0000] {logging_mixin.py:151} INFO - [2023-10-10T17:28:04.409+0000] {dagbag.py:539} INFO - Filling up the DagBag from /home/airflow/.local/lib/python3.8/site-packages/airflow/example_dags/tutorial_dag.py
[2023-10-10T17:28:04.413+0000] {processor.py:839} INFO - DAG(s) dict_keys(['tutorial_dag']) retrieved from /home/airflow/.local/lib/python3.8/site-packages/airflow/example_dags/tutorial_dag.py
[2023-10-10T17:28:04.425+0000] {logging_mixin.py:151} INFO - [2023-10-10T17:28:04.425+0000] {dag.py:2915} INFO - Sync 1 DAGs
[2023-10-10T17:28:04.431+0000] {logging_mixin.py:151} INFO - [2023-10-10T17:28:04.431+0000] {dag.py:3696} INFO - Setting next_dagrun for tutorial_dag to None, run_after=None
[2023-10-10T17:28:04.441+0000] {processor.py:179} INFO - Processing /home/airflow/.local/lib/python3.8/site-packages/airflow/example_dags/tutorial_dag.py took 0.036 seconds
[2023-10-10T17:28:35.555+0000] {processor.py:157} INFO - Started process (PID=1255) to work on /home/airflow/.local/lib/python3.8/site-packages/airflow/example_dags/tutorial_dag.py
[2023-10-10T17:28:35.556+0000] {processor.py:829} INFO - Processing file /home/airflow/.local/lib/python3.8/site-packages/airflow/example_dags/tutorial_dag.py for tasks to queue
[2023-10-10T17:28:35.558+0000] {logging_mixin.py:151} INFO - [2023-10-10T17:28:35.558+0000] {dagbag.py:539} INFO - Filling up the DagBag from /home/airflow/.local/lib/python3.8/site-packages/airflow/example_dags/tutorial_dag.py
[2023-10-10T17:28:35.562+0000] {processor.py:839} INFO - DAG(s) dict_keys(['tutorial_dag']) retrieved from /home/airflow/.local/lib/python3.8/site-packages/airflow/example_dags/tutorial_dag.py
[2023-10-10T17:28:35.576+0000] {logging_mixin.py:151} INFO - [2023-10-10T17:28:35.576+0000] {dag.py:2915} INFO - Sync 1 DAGs
[2023-10-10T17:28:35.584+0000] {logging_mixin.py:151} INFO - [2023-10-10T17:28:35.583+0000] {dag.py:3696} INFO - Setting next_dagrun for tutorial_dag to None, run_after=None
[2023-10-10T17:28:35.594+0000] {processor.py:179} INFO - Processing /home/airflow/.local/lib/python3.8/site-packages/airflow/example_dags/tutorial_dag.py took 0.041 seconds
