[2023-10-18T23:55:04.219+0000] {processor.py:157} INFO - Started process (PID=34) to work on /opt/airflow/dags/constant_variables.py
[2023-10-18T23:55:04.220+0000] {processor.py:829} INFO - Processing file /opt/airflow/dags/constant_variables.py for tasks to queue
[2023-10-18T23:55:04.222+0000] {logging_mixin.py:151} INFO - [2023-10-18T23:55:04.222+0000] {dagbag.py:539} INFO - Filling up the DagBag from /opt/airflow/dags/constant_variables.py
[2023-10-18T23:55:04.227+0000] {processor.py:841} WARNING - No viable dags retrieved from /opt/airflow/dags/constant_variables.py
[2023-10-18T23:55:04.250+0000] {processor.py:179} INFO - Processing /opt/airflow/dags/constant_variables.py took 0.036 seconds
[2023-10-18T23:55:34.495+0000] {processor.py:157} INFO - Started process (PID=90) to work on /opt/airflow/dags/constant_variables.py
[2023-10-18T23:55:34.498+0000] {processor.py:829} INFO - Processing file /opt/airflow/dags/constant_variables.py for tasks to queue
[2023-10-18T23:55:34.502+0000] {logging_mixin.py:151} INFO - [2023-10-18T23:55:34.501+0000] {dagbag.py:539} INFO - Filling up the DagBag from /opt/airflow/dags/constant_variables.py
[2023-10-18T23:55:34.506+0000] {processor.py:841} WARNING - No viable dags retrieved from /opt/airflow/dags/constant_variables.py
[2023-10-18T23:55:34.521+0000] {processor.py:179} INFO - Processing /opt/airflow/dags/constant_variables.py took 0.030 seconds
[2023-10-18T23:56:04.952+0000] {processor.py:157} INFO - Started process (PID=146) to work on /opt/airflow/dags/constant_variables.py
[2023-10-18T23:56:04.955+0000] {processor.py:829} INFO - Processing file /opt/airflow/dags/constant_variables.py for tasks to queue
[2023-10-18T23:56:04.960+0000] {logging_mixin.py:151} INFO - [2023-10-18T23:56:04.959+0000] {dagbag.py:539} INFO - Filling up the DagBag from /opt/airflow/dags/constant_variables.py
[2023-10-18T23:56:04.966+0000] {processor.py:841} WARNING - No viable dags retrieved from /opt/airflow/dags/constant_variables.py
[2023-10-18T23:56:04.997+0000] {processor.py:179} INFO - Processing /opt/airflow/dags/constant_variables.py took 0.052 seconds
[2023-10-18T23:56:35.474+0000] {processor.py:157} INFO - Started process (PID=202) to work on /opt/airflow/dags/constant_variables.py
[2023-10-18T23:56:35.477+0000] {processor.py:829} INFO - Processing file /opt/airflow/dags/constant_variables.py for tasks to queue
[2023-10-18T23:56:35.482+0000] {logging_mixin.py:151} INFO - [2023-10-18T23:56:35.481+0000] {dagbag.py:539} INFO - Filling up the DagBag from /opt/airflow/dags/constant_variables.py
[2023-10-18T23:56:35.487+0000] {processor.py:841} WARNING - No viable dags retrieved from /opt/airflow/dags/constant_variables.py
[2023-10-18T23:56:35.505+0000] {processor.py:179} INFO - Processing /opt/airflow/dags/constant_variables.py took 0.038 seconds
[2023-10-18T23:57:05.811+0000] {processor.py:157} INFO - Started process (PID=258) to work on /opt/airflow/dags/constant_variables.py
[2023-10-18T23:57:05.818+0000] {processor.py:829} INFO - Processing file /opt/airflow/dags/constant_variables.py for tasks to queue
[2023-10-18T23:57:05.824+0000] {logging_mixin.py:151} INFO - [2023-10-18T23:57:05.823+0000] {dagbag.py:539} INFO - Filling up the DagBag from /opt/airflow/dags/constant_variables.py
[2023-10-18T23:57:05.875+0000] {processor.py:841} WARNING - No viable dags retrieved from /opt/airflow/dags/constant_variables.py
[2023-10-18T23:57:05.918+0000] {processor.py:179} INFO - Processing /opt/airflow/dags/constant_variables.py took 0.130 seconds
[2023-10-18T23:57:36.208+0000] {processor.py:157} INFO - Started process (PID=314) to work on /opt/airflow/dags/constant_variables.py
[2023-10-18T23:57:36.212+0000] {processor.py:829} INFO - Processing file /opt/airflow/dags/constant_variables.py for tasks to queue
[2023-10-18T23:57:36.217+0000] {logging_mixin.py:151} INFO - [2023-10-18T23:57:36.217+0000] {dagbag.py:539} INFO - Filling up the DagBag from /opt/airflow/dags/constant_variables.py
[2023-10-18T23:57:36.225+0000] {processor.py:841} WARNING - No viable dags retrieved from /opt/airflow/dags/constant_variables.py
[2023-10-18T23:57:36.249+0000] {processor.py:179} INFO - Processing /opt/airflow/dags/constant_variables.py took 0.050 seconds
[2023-10-18T23:58:06.756+0000] {processor.py:157} INFO - Started process (PID=370) to work on /opt/airflow/dags/constant_variables.py
[2023-10-18T23:58:06.758+0000] {processor.py:829} INFO - Processing file /opt/airflow/dags/constant_variables.py for tasks to queue
[2023-10-18T23:58:06.762+0000] {logging_mixin.py:151} INFO - [2023-10-18T23:58:06.762+0000] {dagbag.py:539} INFO - Filling up the DagBag from /opt/airflow/dags/constant_variables.py
[2023-10-18T23:58:06.767+0000] {processor.py:841} WARNING - No viable dags retrieved from /opt/airflow/dags/constant_variables.py
[2023-10-18T23:58:06.784+0000] {processor.py:179} INFO - Processing /opt/airflow/dags/constant_variables.py took 0.034 seconds
[2023-10-18T23:58:37.031+0000] {processor.py:157} INFO - Started process (PID=426) to work on /opt/airflow/dags/constant_variables.py
[2023-10-18T23:58:37.033+0000] {processor.py:829} INFO - Processing file /opt/airflow/dags/constant_variables.py for tasks to queue
[2023-10-18T23:58:37.038+0000] {logging_mixin.py:151} INFO - [2023-10-18T23:58:37.038+0000] {dagbag.py:539} INFO - Filling up the DagBag from /opt/airflow/dags/constant_variables.py
[2023-10-18T23:58:37.043+0000] {processor.py:841} WARNING - No viable dags retrieved from /opt/airflow/dags/constant_variables.py
[2023-10-18T23:58:37.063+0000] {processor.py:179} INFO - Processing /opt/airflow/dags/constant_variables.py took 0.039 seconds
[2023-10-18T23:59:07.343+0000] {processor.py:157} INFO - Started process (PID=482) to work on /opt/airflow/dags/constant_variables.py
[2023-10-18T23:59:07.344+0000] {processor.py:829} INFO - Processing file /opt/airflow/dags/constant_variables.py for tasks to queue
[2023-10-18T23:59:07.347+0000] {logging_mixin.py:151} INFO - [2023-10-18T23:59:07.347+0000] {dagbag.py:539} INFO - Filling up the DagBag from /opt/airflow/dags/constant_variables.py
[2023-10-18T23:59:07.351+0000] {processor.py:841} WARNING - No viable dags retrieved from /opt/airflow/dags/constant_variables.py
[2023-10-18T23:59:07.361+0000] {processor.py:179} INFO - Processing /opt/airflow/dags/constant_variables.py took 0.022 seconds
[2023-10-18T23:59:37.638+0000] {processor.py:157} INFO - Started process (PID=538) to work on /opt/airflow/dags/constant_variables.py
[2023-10-18T23:59:37.644+0000] {processor.py:829} INFO - Processing file /opt/airflow/dags/constant_variables.py for tasks to queue
[2023-10-18T23:59:37.651+0000] {logging_mixin.py:151} INFO - [2023-10-18T23:59:37.651+0000] {dagbag.py:539} INFO - Filling up the DagBag from /opt/airflow/dags/constant_variables.py
[2023-10-18T23:59:37.659+0000] {processor.py:841} WARNING - No viable dags retrieved from /opt/airflow/dags/constant_variables.py
[2023-10-18T23:59:37.682+0000] {processor.py:179} INFO - Processing /opt/airflow/dags/constant_variables.py took 0.053 seconds
