[2023-12-03T04:52:32.889+0000] {processor.py:157} INFO - Started process (PID=68) to work on /home/airflow/.local/lib/python3.8/site-packages/airflow/example_dags/example_skip_dag.py
[2023-12-03T04:52:32.890+0000] {processor.py:829} INFO - Processing file /home/airflow/.local/lib/python3.8/site-packages/airflow/example_dags/example_skip_dag.py for tasks to queue
[2023-12-03T04:52:32.892+0000] {logging_mixin.py:151} INFO - [2023-12-03T04:52:32.892+0000] {dagbag.py:539} INFO - Filling up the DagBag from /home/airflow/.local/lib/python3.8/site-packages/airflow/example_dags/example_skip_dag.py
[2023-12-03T04:52:32.899+0000] {processor.py:839} INFO - DAG(s) dict_keys(['example_skip_dag']) retrieved from /home/airflow/.local/lib/python3.8/site-packages/airflow/example_dags/example_skip_dag.py
[2023-12-03T04:52:32.995+0000] {logging_mixin.py:151} INFO - [2023-12-03T04:52:32.994+0000] {manager.py:499} INFO - Created Permission View: %s
[2023-12-03T04:52:33.005+0000] {logging_mixin.py:151} INFO - [2023-12-03T04:52:33.004+0000] {manager.py:499} INFO - Created Permission View: %s
[2023-12-03T04:52:33.018+0000] {logging_mixin.py:151} INFO - [2023-12-03T04:52:33.018+0000] {manager.py:499} INFO - Created Permission View: %s
[2023-12-03T04:52:33.019+0000] {logging_mixin.py:151} INFO - [2023-12-03T04:52:33.018+0000] {security.py:708} INFO - Not syncing DAG-level permissions for DAG 'DAG:example_skip_dag' as access control is unset.
[2023-12-03T04:52:33.019+0000] {logging_mixin.py:151} INFO - [2023-12-03T04:52:33.019+0000] {dag.py:2915} INFO - Sync 1 DAGs
[2023-12-03T04:52:33.028+0000] {logging_mixin.py:151} INFO - [2023-12-03T04:52:33.027+0000] {dag.py:2937} INFO - Creating ORM DAG for example_skip_dag
[2023-12-03T04:52:33.036+0000] {logging_mixin.py:151} INFO - [2023-12-03T04:52:33.036+0000] {dag.py:3696} INFO - Setting next_dagrun for example_skip_dag to 2023-12-02T04:52:33.036130+00:00, run_after=2023-12-03T04:52:33.036130+00:00
[2023-12-03T04:52:33.053+0000] {processor.py:179} INFO - Processing /home/airflow/.local/lib/python3.8/site-packages/airflow/example_dags/example_skip_dag.py took 0.168 seconds
[2023-12-03T04:53:04.697+0000] {processor.py:157} INFO - Started process (PID=124) to work on /home/airflow/.local/lib/python3.8/site-packages/airflow/example_dags/example_skip_dag.py
[2023-12-03T04:53:04.699+0000] {processor.py:829} INFO - Processing file /home/airflow/.local/lib/python3.8/site-packages/airflow/example_dags/example_skip_dag.py for tasks to queue
[2023-12-03T04:53:04.703+0000] {logging_mixin.py:151} INFO - [2023-12-03T04:53:04.703+0000] {dagbag.py:539} INFO - Filling up the DagBag from /home/airflow/.local/lib/python3.8/site-packages/airflow/example_dags/example_skip_dag.py
[2023-12-03T04:53:04.712+0000] {processor.py:839} INFO - DAG(s) dict_keys(['example_skip_dag']) retrieved from /home/airflow/.local/lib/python3.8/site-packages/airflow/example_dags/example_skip_dag.py
[2023-12-03T04:53:04.764+0000] {logging_mixin.py:151} INFO - [2023-12-03T04:53:04.763+0000] {dag.py:2915} INFO - Sync 1 DAGs
[2023-12-03T04:53:04.793+0000] {logging_mixin.py:151} INFO - [2023-12-03T04:53:04.792+0000] {dag.py:3696} INFO - Setting next_dagrun for example_skip_dag to 2023-12-02T04:53:04.792394+00:00, run_after=2023-12-03T04:53:04.792394+00:00
[2023-12-03T04:53:04.820+0000] {processor.py:179} INFO - Processing /home/airflow/.local/lib/python3.8/site-packages/airflow/example_dags/example_skip_dag.py took 0.129 seconds
[2023-12-03T04:53:37.538+0000] {processor.py:157} INFO - Started process (PID=180) to work on /home/airflow/.local/lib/python3.8/site-packages/airflow/example_dags/example_skip_dag.py
[2023-12-03T04:53:37.547+0000] {processor.py:829} INFO - Processing file /home/airflow/.local/lib/python3.8/site-packages/airflow/example_dags/example_skip_dag.py for tasks to queue
[2023-12-03T04:53:37.552+0000] {logging_mixin.py:151} INFO - [2023-12-03T04:53:37.552+0000] {dagbag.py:539} INFO - Filling up the DagBag from /home/airflow/.local/lib/python3.8/site-packages/airflow/example_dags/example_skip_dag.py
[2023-12-03T04:53:37.573+0000] {processor.py:839} INFO - DAG(s) dict_keys(['example_skip_dag']) retrieved from /home/airflow/.local/lib/python3.8/site-packages/airflow/example_dags/example_skip_dag.py
[2023-12-03T04:53:37.642+0000] {logging_mixin.py:151} INFO - [2023-12-03T04:53:37.642+0000] {dag.py:2915} INFO - Sync 1 DAGs
[2023-12-03T04:53:37.669+0000] {logging_mixin.py:151} INFO - [2023-12-03T04:53:37.668+0000] {dag.py:3696} INFO - Setting next_dagrun for example_skip_dag to 2023-12-02T04:53:37.668292+00:00, run_after=2023-12-03T04:53:37.668292+00:00
[2023-12-03T04:53:37.705+0000] {processor.py:179} INFO - Processing /home/airflow/.local/lib/python3.8/site-packages/airflow/example_dags/example_skip_dag.py took 0.214 seconds
[2023-12-03T04:54:08.454+0000] {processor.py:157} INFO - Started process (PID=236) to work on /home/airflow/.local/lib/python3.8/site-packages/airflow/example_dags/example_skip_dag.py
[2023-12-03T04:54:08.463+0000] {processor.py:829} INFO - Processing file /home/airflow/.local/lib/python3.8/site-packages/airflow/example_dags/example_skip_dag.py for tasks to queue
[2023-12-03T04:54:08.467+0000] {logging_mixin.py:151} INFO - [2023-12-03T04:54:08.467+0000] {dagbag.py:539} INFO - Filling up the DagBag from /home/airflow/.local/lib/python3.8/site-packages/airflow/example_dags/example_skip_dag.py
[2023-12-03T04:54:08.473+0000] {processor.py:839} INFO - DAG(s) dict_keys(['example_skip_dag']) retrieved from /home/airflow/.local/lib/python3.8/site-packages/airflow/example_dags/example_skip_dag.py
[2023-12-03T04:54:08.501+0000] {logging_mixin.py:151} INFO - [2023-12-03T04:54:08.501+0000] {dag.py:2915} INFO - Sync 1 DAGs
[2023-12-03T04:54:08.520+0000] {logging_mixin.py:151} INFO - [2023-12-03T04:54:08.520+0000] {dag.py:3696} INFO - Setting next_dagrun for example_skip_dag to 2023-12-02T04:54:08.520242+00:00, run_after=2023-12-03T04:54:08.520242+00:00
[2023-12-03T04:54:08.561+0000] {processor.py:179} INFO - Processing /home/airflow/.local/lib/python3.8/site-packages/airflow/example_dags/example_skip_dag.py took 0.110 seconds
[2023-12-03T04:54:38.638+0000] {processor.py:157} INFO - Started process (PID=291) to work on /home/airflow/.local/lib/python3.8/site-packages/airflow/example_dags/example_skip_dag.py
[2023-12-03T04:54:38.640+0000] {processor.py:829} INFO - Processing file /home/airflow/.local/lib/python3.8/site-packages/airflow/example_dags/example_skip_dag.py for tasks to queue
[2023-12-03T04:54:38.643+0000] {logging_mixin.py:151} INFO - [2023-12-03T04:54:38.643+0000] {dagbag.py:539} INFO - Filling up the DagBag from /home/airflow/.local/lib/python3.8/site-packages/airflow/example_dags/example_skip_dag.py
[2023-12-03T04:54:38.662+0000] {processor.py:839} INFO - DAG(s) dict_keys(['example_skip_dag']) retrieved from /home/airflow/.local/lib/python3.8/site-packages/airflow/example_dags/example_skip_dag.py
[2023-12-03T04:54:38.710+0000] {logging_mixin.py:151} INFO - [2023-12-03T04:54:38.710+0000] {dag.py:2915} INFO - Sync 1 DAGs
[2023-12-03T04:54:38.736+0000] {logging_mixin.py:151} INFO - [2023-12-03T04:54:38.736+0000] {dag.py:3696} INFO - Setting next_dagrun for example_skip_dag to 2023-12-02T04:54:38.736113+00:00, run_after=2023-12-03T04:54:38.736113+00:00
[2023-12-03T04:54:38.770+0000] {processor.py:179} INFO - Processing /home/airflow/.local/lib/python3.8/site-packages/airflow/example_dags/example_skip_dag.py took 0.139 seconds
[2023-12-03T04:55:09.935+0000] {processor.py:157} INFO - Started process (PID=347) to work on /home/airflow/.local/lib/python3.8/site-packages/airflow/example_dags/example_skip_dag.py
[2023-12-03T04:55:09.952+0000] {processor.py:829} INFO - Processing file /home/airflow/.local/lib/python3.8/site-packages/airflow/example_dags/example_skip_dag.py for tasks to queue
[2023-12-03T04:55:09.959+0000] {logging_mixin.py:151} INFO - [2023-12-03T04:55:09.959+0000] {dagbag.py:539} INFO - Filling up the DagBag from /home/airflow/.local/lib/python3.8/site-packages/airflow/example_dags/example_skip_dag.py
[2023-12-03T04:55:09.970+0000] {processor.py:839} INFO - DAG(s) dict_keys(['example_skip_dag']) retrieved from /home/airflow/.local/lib/python3.8/site-packages/airflow/example_dags/example_skip_dag.py
[2023-12-03T04:55:10.007+0000] {logging_mixin.py:151} INFO - [2023-12-03T04:55:10.007+0000] {dag.py:2915} INFO - Sync 1 DAGs
[2023-12-03T04:55:10.065+0000] {logging_mixin.py:151} INFO - [2023-12-03T04:55:10.065+0000] {dag.py:3696} INFO - Setting next_dagrun for example_skip_dag to 2023-12-02T04:55:10.064819+00:00, run_after=2023-12-03T04:55:10.064819+00:00
[2023-12-03T04:55:10.123+0000] {processor.py:179} INFO - Processing /home/airflow/.local/lib/python3.8/site-packages/airflow/example_dags/example_skip_dag.py took 0.199 seconds
[2023-12-03T04:55:40.220+0000] {processor.py:157} INFO - Started process (PID=403) to work on /home/airflow/.local/lib/python3.8/site-packages/airflow/example_dags/example_skip_dag.py
[2023-12-03T04:55:40.223+0000] {processor.py:829} INFO - Processing file /home/airflow/.local/lib/python3.8/site-packages/airflow/example_dags/example_skip_dag.py for tasks to queue
[2023-12-03T04:55:40.229+0000] {logging_mixin.py:151} INFO - [2023-12-03T04:55:40.229+0000] {dagbag.py:539} INFO - Filling up the DagBag from /home/airflow/.local/lib/python3.8/site-packages/airflow/example_dags/example_skip_dag.py
[2023-12-03T04:55:40.240+0000] {processor.py:839} INFO - DAG(s) dict_keys(['example_skip_dag']) retrieved from /home/airflow/.local/lib/python3.8/site-packages/airflow/example_dags/example_skip_dag.py
[2023-12-03T04:55:40.273+0000] {logging_mixin.py:151} INFO - [2023-12-03T04:55:40.273+0000] {dag.py:2915} INFO - Sync 1 DAGs
[2023-12-03T04:55:40.293+0000] {logging_mixin.py:151} INFO - [2023-12-03T04:55:40.293+0000] {dag.py:3696} INFO - Setting next_dagrun for example_skip_dag to 2023-12-02T04:55:40.292891+00:00, run_after=2023-12-03T04:55:40.292891+00:00
[2023-12-03T04:55:40.317+0000] {processor.py:179} INFO - Processing /home/airflow/.local/lib/python3.8/site-packages/airflow/example_dags/example_skip_dag.py took 0.103 seconds
[2023-12-03T04:56:10.671+0000] {processor.py:157} INFO - Started process (PID=459) to work on /home/airflow/.local/lib/python3.8/site-packages/airflow/example_dags/example_skip_dag.py
[2023-12-03T04:56:10.672+0000] {processor.py:829} INFO - Processing file /home/airflow/.local/lib/python3.8/site-packages/airflow/example_dags/example_skip_dag.py for tasks to queue
[2023-12-03T04:56:10.675+0000] {logging_mixin.py:151} INFO - [2023-12-03T04:56:10.675+0000] {dagbag.py:539} INFO - Filling up the DagBag from /home/airflow/.local/lib/python3.8/site-packages/airflow/example_dags/example_skip_dag.py
[2023-12-03T04:56:10.683+0000] {processor.py:839} INFO - DAG(s) dict_keys(['example_skip_dag']) retrieved from /home/airflow/.local/lib/python3.8/site-packages/airflow/example_dags/example_skip_dag.py
[2023-12-03T04:56:10.707+0000] {logging_mixin.py:151} INFO - [2023-12-03T04:56:10.707+0000] {dag.py:2915} INFO - Sync 1 DAGs
[2023-12-03T04:56:10.723+0000] {logging_mixin.py:151} INFO - [2023-12-03T04:56:10.723+0000] {dag.py:3696} INFO - Setting next_dagrun for example_skip_dag to 2023-12-02T04:56:10.723232+00:00, run_after=2023-12-03T04:56:10.723232+00:00
[2023-12-03T04:56:10.739+0000] {processor.py:179} INFO - Processing /home/airflow/.local/lib/python3.8/site-packages/airflow/example_dags/example_skip_dag.py took 0.071 seconds
[2023-12-03T04:57:21.705+0000] {processor.py:157} INFO - Started process (PID=68) to work on /home/airflow/.local/lib/python3.8/site-packages/airflow/example_dags/example_skip_dag.py
[2023-12-03T04:57:21.706+0000] {processor.py:829} INFO - Processing file /home/airflow/.local/lib/python3.8/site-packages/airflow/example_dags/example_skip_dag.py for tasks to queue
[2023-12-03T04:57:21.708+0000] {logging_mixin.py:151} INFO - [2023-12-03T04:57:21.708+0000] {dagbag.py:539} INFO - Filling up the DagBag from /home/airflow/.local/lib/python3.8/site-packages/airflow/example_dags/example_skip_dag.py
[2023-12-03T04:57:21.714+0000] {processor.py:839} INFO - DAG(s) dict_keys(['example_skip_dag']) retrieved from /home/airflow/.local/lib/python3.8/site-packages/airflow/example_dags/example_skip_dag.py
[2023-12-03T04:57:21.728+0000] {logging_mixin.py:151} INFO - [2023-12-03T04:57:21.728+0000] {dag.py:2915} INFO - Sync 1 DAGs
[2023-12-03T04:57:21.752+0000] {logging_mixin.py:151} INFO - [2023-12-03T04:57:21.752+0000] {dag.py:3696} INFO - Setting next_dagrun for example_skip_dag to 2023-12-02T04:57:21.751828+00:00, run_after=2023-12-03T04:57:21.751828+00:00
[2023-12-03T04:57:21.768+0000] {processor.py:179} INFO - Processing /home/airflow/.local/lib/python3.8/site-packages/airflow/example_dags/example_skip_dag.py took 0.066 seconds
[2023-12-03T04:57:52.164+0000] {processor.py:157} INFO - Started process (PID=124) to work on /home/airflow/.local/lib/python3.8/site-packages/airflow/example_dags/example_skip_dag.py
[2023-12-03T04:57:52.165+0000] {processor.py:829} INFO - Processing file /home/airflow/.local/lib/python3.8/site-packages/airflow/example_dags/example_skip_dag.py for tasks to queue
[2023-12-03T04:57:52.168+0000] {logging_mixin.py:151} INFO - [2023-12-03T04:57:52.167+0000] {dagbag.py:539} INFO - Filling up the DagBag from /home/airflow/.local/lib/python3.8/site-packages/airflow/example_dags/example_skip_dag.py
[2023-12-03T04:57:52.173+0000] {processor.py:839} INFO - DAG(s) dict_keys(['example_skip_dag']) retrieved from /home/airflow/.local/lib/python3.8/site-packages/airflow/example_dags/example_skip_dag.py
[2023-12-03T04:57:52.189+0000] {logging_mixin.py:151} INFO - [2023-12-03T04:57:52.189+0000] {dag.py:2915} INFO - Sync 1 DAGs
[2023-12-03T04:57:52.203+0000] {logging_mixin.py:151} INFO - [2023-12-03T04:57:52.203+0000] {dag.py:3696} INFO - Setting next_dagrun for example_skip_dag to 2023-12-02T04:57:52.203574+00:00, run_after=2023-12-03T04:57:52.203574+00:00
[2023-12-03T04:57:52.217+0000] {processor.py:179} INFO - Processing /home/airflow/.local/lib/python3.8/site-packages/airflow/example_dags/example_skip_dag.py took 0.056 seconds
[2023-12-03T04:58:22.440+0000] {processor.py:157} INFO - Started process (PID=180) to work on /home/airflow/.local/lib/python3.8/site-packages/airflow/example_dags/example_skip_dag.py
[2023-12-03T04:58:22.441+0000] {processor.py:829} INFO - Processing file /home/airflow/.local/lib/python3.8/site-packages/airflow/example_dags/example_skip_dag.py for tasks to queue
[2023-12-03T04:58:22.443+0000] {logging_mixin.py:151} INFO - [2023-12-03T04:58:22.443+0000] {dagbag.py:539} INFO - Filling up the DagBag from /home/airflow/.local/lib/python3.8/site-packages/airflow/example_dags/example_skip_dag.py
[2023-12-03T04:58:22.448+0000] {processor.py:839} INFO - DAG(s) dict_keys(['example_skip_dag']) retrieved from /home/airflow/.local/lib/python3.8/site-packages/airflow/example_dags/example_skip_dag.py
[2023-12-03T04:58:22.465+0000] {logging_mixin.py:151} INFO - [2023-12-03T04:58:22.465+0000] {dag.py:2915} INFO - Sync 1 DAGs
[2023-12-03T04:58:22.480+0000] {logging_mixin.py:151} INFO - [2023-12-03T04:58:22.479+0000] {dag.py:3696} INFO - Setting next_dagrun for example_skip_dag to 2023-12-02T04:58:22.479777+00:00, run_after=2023-12-03T04:58:22.479777+00:00
[2023-12-03T04:58:22.492+0000] {processor.py:179} INFO - Processing /home/airflow/.local/lib/python3.8/site-packages/airflow/example_dags/example_skip_dag.py took 0.054 seconds
[2023-12-03T04:58:52.933+0000] {processor.py:157} INFO - Started process (PID=236) to work on /home/airflow/.local/lib/python3.8/site-packages/airflow/example_dags/example_skip_dag.py
[2023-12-03T04:58:52.934+0000] {processor.py:829} INFO - Processing file /home/airflow/.local/lib/python3.8/site-packages/airflow/example_dags/example_skip_dag.py for tasks to queue
[2023-12-03T04:58:52.939+0000] {logging_mixin.py:151} INFO - [2023-12-03T04:58:52.939+0000] {dagbag.py:539} INFO - Filling up the DagBag from /home/airflow/.local/lib/python3.8/site-packages/airflow/example_dags/example_skip_dag.py
[2023-12-03T04:58:52.948+0000] {processor.py:839} INFO - DAG(s) dict_keys(['example_skip_dag']) retrieved from /home/airflow/.local/lib/python3.8/site-packages/airflow/example_dags/example_skip_dag.py
[2023-12-03T04:58:52.986+0000] {logging_mixin.py:151} INFO - [2023-12-03T04:58:52.986+0000] {dag.py:2915} INFO - Sync 1 DAGs
[2023-12-03T04:58:53.004+0000] {logging_mixin.py:151} INFO - [2023-12-03T04:58:53.003+0000] {dag.py:3696} INFO - Setting next_dagrun for example_skip_dag to 2023-12-02T04:58:53.003704+00:00, run_after=2023-12-03T04:58:53.003704+00:00
[2023-12-03T04:58:53.020+0000] {processor.py:179} INFO - Processing /home/airflow/.local/lib/python3.8/site-packages/airflow/example_dags/example_skip_dag.py took 0.091 seconds
[2023-12-03T04:59:23.379+0000] {processor.py:157} INFO - Started process (PID=292) to work on /home/airflow/.local/lib/python3.8/site-packages/airflow/example_dags/example_skip_dag.py
[2023-12-03T04:59:23.380+0000] {processor.py:829} INFO - Processing file /home/airflow/.local/lib/python3.8/site-packages/airflow/example_dags/example_skip_dag.py for tasks to queue
[2023-12-03T04:59:23.383+0000] {logging_mixin.py:151} INFO - [2023-12-03T04:59:23.382+0000] {dagbag.py:539} INFO - Filling up the DagBag from /home/airflow/.local/lib/python3.8/site-packages/airflow/example_dags/example_skip_dag.py
[2023-12-03T04:59:23.388+0000] {processor.py:839} INFO - DAG(s) dict_keys(['example_skip_dag']) retrieved from /home/airflow/.local/lib/python3.8/site-packages/airflow/example_dags/example_skip_dag.py
[2023-12-03T04:59:23.406+0000] {logging_mixin.py:151} INFO - [2023-12-03T04:59:23.406+0000] {dag.py:2915} INFO - Sync 1 DAGs
[2023-12-03T04:59:23.421+0000] {logging_mixin.py:151} INFO - [2023-12-03T04:59:23.421+0000] {dag.py:3696} INFO - Setting next_dagrun for example_skip_dag to 2023-12-02T04:59:23.421242+00:00, run_after=2023-12-03T04:59:23.421242+00:00
[2023-12-03T04:59:23.434+0000] {processor.py:179} INFO - Processing /home/airflow/.local/lib/python3.8/site-packages/airflow/example_dags/example_skip_dag.py took 0.058 seconds
[2023-12-03T04:59:53.693+0000] {processor.py:157} INFO - Started process (PID=348) to work on /home/airflow/.local/lib/python3.8/site-packages/airflow/example_dags/example_skip_dag.py
[2023-12-03T04:59:53.694+0000] {processor.py:829} INFO - Processing file /home/airflow/.local/lib/python3.8/site-packages/airflow/example_dags/example_skip_dag.py for tasks to queue
[2023-12-03T04:59:53.697+0000] {logging_mixin.py:151} INFO - [2023-12-03T04:59:53.696+0000] {dagbag.py:539} INFO - Filling up the DagBag from /home/airflow/.local/lib/python3.8/site-packages/airflow/example_dags/example_skip_dag.py
[2023-12-03T04:59:53.701+0000] {processor.py:839} INFO - DAG(s) dict_keys(['example_skip_dag']) retrieved from /home/airflow/.local/lib/python3.8/site-packages/airflow/example_dags/example_skip_dag.py
[2023-12-03T04:59:53.717+0000] {logging_mixin.py:151} INFO - [2023-12-03T04:59:53.717+0000] {dag.py:2915} INFO - Sync 1 DAGs
[2023-12-03T04:59:53.732+0000] {logging_mixin.py:151} INFO - [2023-12-03T04:59:53.732+0000] {dag.py:3696} INFO - Setting next_dagrun for example_skip_dag to 2023-12-02T04:59:53.732410+00:00, run_after=2023-12-03T04:59:53.732410+00:00
[2023-12-03T04:59:53.746+0000] {processor.py:179} INFO - Processing /home/airflow/.local/lib/python3.8/site-packages/airflow/example_dags/example_skip_dag.py took 0.056 seconds
[2023-12-03T05:00:24.178+0000] {processor.py:157} INFO - Started process (PID=404) to work on /home/airflow/.local/lib/python3.8/site-packages/airflow/example_dags/example_skip_dag.py
[2023-12-03T05:00:24.179+0000] {processor.py:829} INFO - Processing file /home/airflow/.local/lib/python3.8/site-packages/airflow/example_dags/example_skip_dag.py for tasks to queue
[2023-12-03T05:00:24.181+0000] {logging_mixin.py:151} INFO - [2023-12-03T05:00:24.181+0000] {dagbag.py:539} INFO - Filling up the DagBag from /home/airflow/.local/lib/python3.8/site-packages/airflow/example_dags/example_skip_dag.py
[2023-12-03T05:00:24.186+0000] {processor.py:839} INFO - DAG(s) dict_keys(['example_skip_dag']) retrieved from /home/airflow/.local/lib/python3.8/site-packages/airflow/example_dags/example_skip_dag.py
[2023-12-03T05:00:24.202+0000] {logging_mixin.py:151} INFO - [2023-12-03T05:00:24.202+0000] {dag.py:2915} INFO - Sync 1 DAGs
[2023-12-03T05:00:24.217+0000] {logging_mixin.py:151} INFO - [2023-12-03T05:00:24.217+0000] {dag.py:3696} INFO - Setting next_dagrun for example_skip_dag to 2023-12-02T05:00:24.216918+00:00, run_after=2023-12-03T05:00:24.216918+00:00
[2023-12-03T05:00:24.230+0000] {processor.py:179} INFO - Processing /home/airflow/.local/lib/python3.8/site-packages/airflow/example_dags/example_skip_dag.py took 0.055 seconds
[2023-12-03T05:08:09.764+0000] {processor.py:157} INFO - Started process (PID=68) to work on /home/airflow/.local/lib/python3.8/site-packages/airflow/example_dags/example_skip_dag.py
[2023-12-03T05:08:09.766+0000] {processor.py:829} INFO - Processing file /home/airflow/.local/lib/python3.8/site-packages/airflow/example_dags/example_skip_dag.py for tasks to queue
[2023-12-03T05:08:09.769+0000] {logging_mixin.py:151} INFO - [2023-12-03T05:08:09.768+0000] {dagbag.py:539} INFO - Filling up the DagBag from /home/airflow/.local/lib/python3.8/site-packages/airflow/example_dags/example_skip_dag.py
[2023-12-03T05:08:09.776+0000] {processor.py:839} INFO - DAG(s) dict_keys(['example_skip_dag']) retrieved from /home/airflow/.local/lib/python3.8/site-packages/airflow/example_dags/example_skip_dag.py
[2023-12-03T05:08:09.803+0000] {logging_mixin.py:151} INFO - [2023-12-03T05:08:09.803+0000] {dag.py:2915} INFO - Sync 1 DAGs
[2023-12-03T05:08:09.841+0000] {logging_mixin.py:151} INFO - [2023-12-03T05:08:09.840+0000] {dag.py:3696} INFO - Setting next_dagrun for example_skip_dag to 2023-12-02T05:08:09.840611+00:00, run_after=2023-12-03T05:08:09.840611+00:00
[2023-12-03T05:08:09.860+0000] {processor.py:179} INFO - Processing /home/airflow/.local/lib/python3.8/site-packages/airflow/example_dags/example_skip_dag.py took 0.100 seconds
[2023-12-03T05:08:40.719+0000] {processor.py:157} INFO - Started process (PID=124) to work on /home/airflow/.local/lib/python3.8/site-packages/airflow/example_dags/example_skip_dag.py
[2023-12-03T05:08:40.720+0000] {processor.py:829} INFO - Processing file /home/airflow/.local/lib/python3.8/site-packages/airflow/example_dags/example_skip_dag.py for tasks to queue
[2023-12-03T05:08:40.722+0000] {logging_mixin.py:151} INFO - [2023-12-03T05:08:40.722+0000] {dagbag.py:539} INFO - Filling up the DagBag from /home/airflow/.local/lib/python3.8/site-packages/airflow/example_dags/example_skip_dag.py
[2023-12-03T05:08:40.727+0000] {processor.py:839} INFO - DAG(s) dict_keys(['example_skip_dag']) retrieved from /home/airflow/.local/lib/python3.8/site-packages/airflow/example_dags/example_skip_dag.py
[2023-12-03T05:08:40.742+0000] {logging_mixin.py:151} INFO - [2023-12-03T05:08:40.742+0000] {dag.py:2915} INFO - Sync 1 DAGs
[2023-12-03T05:08:40.757+0000] {logging_mixin.py:151} INFO - [2023-12-03T05:08:40.757+0000] {dag.py:3696} INFO - Setting next_dagrun for example_skip_dag to 2023-12-02T05:08:40.757643+00:00, run_after=2023-12-03T05:08:40.757643+00:00
[2023-12-03T05:08:40.770+0000] {processor.py:179} INFO - Processing /home/airflow/.local/lib/python3.8/site-packages/airflow/example_dags/example_skip_dag.py took 0.053 seconds
[2023-12-03T05:09:11.127+0000] {processor.py:157} INFO - Started process (PID=180) to work on /home/airflow/.local/lib/python3.8/site-packages/airflow/example_dags/example_skip_dag.py
[2023-12-03T05:09:11.128+0000] {processor.py:829} INFO - Processing file /home/airflow/.local/lib/python3.8/site-packages/airflow/example_dags/example_skip_dag.py for tasks to queue
[2023-12-03T05:09:11.131+0000] {logging_mixin.py:151} INFO - [2023-12-03T05:09:11.131+0000] {dagbag.py:539} INFO - Filling up the DagBag from /home/airflow/.local/lib/python3.8/site-packages/airflow/example_dags/example_skip_dag.py
[2023-12-03T05:09:11.135+0000] {processor.py:839} INFO - DAG(s) dict_keys(['example_skip_dag']) retrieved from /home/airflow/.local/lib/python3.8/site-packages/airflow/example_dags/example_skip_dag.py
[2023-12-03T05:09:11.151+0000] {logging_mixin.py:151} INFO - [2023-12-03T05:09:11.151+0000] {dag.py:2915} INFO - Sync 1 DAGs
[2023-12-03T05:09:11.166+0000] {logging_mixin.py:151} INFO - [2023-12-03T05:09:11.166+0000] {dag.py:3696} INFO - Setting next_dagrun for example_skip_dag to 2023-12-02T05:09:11.166096+00:00, run_after=2023-12-03T05:09:11.166096+00:00
[2023-12-03T05:09:11.179+0000] {processor.py:179} INFO - Processing /home/airflow/.local/lib/python3.8/site-packages/airflow/example_dags/example_skip_dag.py took 0.054 seconds
[2023-12-03T05:11:39.049+0000] {processor.py:157} INFO - Started process (PID=68) to work on /home/airflow/.local/lib/python3.8/site-packages/airflow/example_dags/example_skip_dag.py
[2023-12-03T05:11:39.050+0000] {processor.py:829} INFO - Processing file /home/airflow/.local/lib/python3.8/site-packages/airflow/example_dags/example_skip_dag.py for tasks to queue
[2023-12-03T05:11:39.052+0000] {logging_mixin.py:151} INFO - [2023-12-03T05:11:39.052+0000] {dagbag.py:539} INFO - Filling up the DagBag from /home/airflow/.local/lib/python3.8/site-packages/airflow/example_dags/example_skip_dag.py
[2023-12-03T05:11:39.059+0000] {processor.py:839} INFO - DAG(s) dict_keys(['example_skip_dag']) retrieved from /home/airflow/.local/lib/python3.8/site-packages/airflow/example_dags/example_skip_dag.py
[2023-12-03T05:11:39.069+0000] {logging_mixin.py:151} INFO - [2023-12-03T05:11:39.069+0000] {dag.py:2915} INFO - Sync 1 DAGs
[2023-12-03T05:11:39.088+0000] {logging_mixin.py:151} INFO - [2023-12-03T05:11:39.088+0000] {dag.py:3696} INFO - Setting next_dagrun for example_skip_dag to 2023-12-02T05:11:39.088073+00:00, run_after=2023-12-03T05:11:39.088073+00:00
[2023-12-03T05:11:39.104+0000] {processor.py:179} INFO - Processing /home/airflow/.local/lib/python3.8/site-packages/airflow/example_dags/example_skip_dag.py took 0.059 seconds
[2023-12-03T05:12:09.282+0000] {processor.py:157} INFO - Started process (PID=124) to work on /home/airflow/.local/lib/python3.8/site-packages/airflow/example_dags/example_skip_dag.py
[2023-12-03T05:12:09.283+0000] {processor.py:829} INFO - Processing file /home/airflow/.local/lib/python3.8/site-packages/airflow/example_dags/example_skip_dag.py for tasks to queue
[2023-12-03T05:12:09.285+0000] {logging_mixin.py:151} INFO - [2023-12-03T05:12:09.285+0000] {dagbag.py:539} INFO - Filling up the DagBag from /home/airflow/.local/lib/python3.8/site-packages/airflow/example_dags/example_skip_dag.py
[2023-12-03T05:12:09.290+0000] {processor.py:839} INFO - DAG(s) dict_keys(['example_skip_dag']) retrieved from /home/airflow/.local/lib/python3.8/site-packages/airflow/example_dags/example_skip_dag.py
[2023-12-03T05:12:09.306+0000] {logging_mixin.py:151} INFO - [2023-12-03T05:12:09.305+0000] {dag.py:2915} INFO - Sync 1 DAGs
[2023-12-03T05:12:09.322+0000] {logging_mixin.py:151} INFO - [2023-12-03T05:12:09.322+0000] {dag.py:3696} INFO - Setting next_dagrun for example_skip_dag to 2023-12-02T05:12:09.322084+00:00, run_after=2023-12-03T05:12:09.322084+00:00
[2023-12-03T05:12:09.334+0000] {processor.py:179} INFO - Processing /home/airflow/.local/lib/python3.8/site-packages/airflow/example_dags/example_skip_dag.py took 0.054 seconds
[2023-12-03T05:12:42.320+0000] {processor.py:157} INFO - Started process (PID=195) to work on /home/airflow/.local/lib/python3.8/site-packages/airflow/example_dags/example_skip_dag.py
[2023-12-03T05:12:42.329+0000] {processor.py:829} INFO - Processing file /home/airflow/.local/lib/python3.8/site-packages/airflow/example_dags/example_skip_dag.py for tasks to queue
[2023-12-03T05:12:42.344+0000] {logging_mixin.py:151} INFO - [2023-12-03T05:12:42.343+0000] {dagbag.py:539} INFO - Filling up the DagBag from /home/airflow/.local/lib/python3.8/site-packages/airflow/example_dags/example_skip_dag.py
[2023-12-03T05:12:42.349+0000] {processor.py:839} INFO - DAG(s) dict_keys(['example_skip_dag']) retrieved from /home/airflow/.local/lib/python3.8/site-packages/airflow/example_dags/example_skip_dag.py
[2023-12-03T05:12:42.414+0000] {logging_mixin.py:151} INFO - [2023-12-03T05:12:42.414+0000] {dag.py:2915} INFO - Sync 1 DAGs
[2023-12-03T05:12:42.452+0000] {logging_mixin.py:151} INFO - [2023-12-03T05:12:42.452+0000] {dag.py:3696} INFO - Setting next_dagrun for example_skip_dag to 2023-12-02T05:12:42.452642+00:00, run_after=2023-12-03T05:12:42.452642+00:00
[2023-12-03T05:12:42.493+0000] {processor.py:179} INFO - Processing /home/airflow/.local/lib/python3.8/site-packages/airflow/example_dags/example_skip_dag.py took 0.176 seconds
[2023-12-03T05:13:12.875+0000] {processor.py:157} INFO - Started process (PID=256) to work on /home/airflow/.local/lib/python3.8/site-packages/airflow/example_dags/example_skip_dag.py
[2023-12-03T05:13:12.876+0000] {processor.py:829} INFO - Processing file /home/airflow/.local/lib/python3.8/site-packages/airflow/example_dags/example_skip_dag.py for tasks to queue
[2023-12-03T05:13:12.878+0000] {logging_mixin.py:151} INFO - [2023-12-03T05:13:12.878+0000] {dagbag.py:539} INFO - Filling up the DagBag from /home/airflow/.local/lib/python3.8/site-packages/airflow/example_dags/example_skip_dag.py
[2023-12-03T05:13:12.883+0000] {processor.py:839} INFO - DAG(s) dict_keys(['example_skip_dag']) retrieved from /home/airflow/.local/lib/python3.8/site-packages/airflow/example_dags/example_skip_dag.py
[2023-12-03T05:13:12.898+0000] {logging_mixin.py:151} INFO - [2023-12-03T05:13:12.898+0000] {dag.py:2915} INFO - Sync 1 DAGs
[2023-12-03T05:13:12.911+0000] {logging_mixin.py:151} INFO - [2023-12-03T05:13:12.911+0000] {dag.py:3696} INFO - Setting next_dagrun for example_skip_dag to 2023-12-02T05:13:12.911632+00:00, run_after=2023-12-03T05:13:12.911632+00:00
[2023-12-03T05:13:12.923+0000] {processor.py:179} INFO - Processing /home/airflow/.local/lib/python3.8/site-packages/airflow/example_dags/example_skip_dag.py took 0.051 seconds
[2023-12-03T05:13:43.216+0000] {processor.py:157} INFO - Started process (PID=312) to work on /home/airflow/.local/lib/python3.8/site-packages/airflow/example_dags/example_skip_dag.py
[2023-12-03T05:13:43.217+0000] {processor.py:829} INFO - Processing file /home/airflow/.local/lib/python3.8/site-packages/airflow/example_dags/example_skip_dag.py for tasks to queue
[2023-12-03T05:13:43.220+0000] {logging_mixin.py:151} INFO - [2023-12-03T05:13:43.219+0000] {dagbag.py:539} INFO - Filling up the DagBag from /home/airflow/.local/lib/python3.8/site-packages/airflow/example_dags/example_skip_dag.py
[2023-12-03T05:13:43.224+0000] {processor.py:839} INFO - DAG(s) dict_keys(['example_skip_dag']) retrieved from /home/airflow/.local/lib/python3.8/site-packages/airflow/example_dags/example_skip_dag.py
[2023-12-03T05:13:43.240+0000] {logging_mixin.py:151} INFO - [2023-12-03T05:13:43.240+0000] {dag.py:2915} INFO - Sync 1 DAGs
[2023-12-03T05:13:43.254+0000] {logging_mixin.py:151} INFO - [2023-12-03T05:13:43.254+0000] {dag.py:3696} INFO - Setting next_dagrun for example_skip_dag to 2023-12-02T05:13:43.254654+00:00, run_after=2023-12-03T05:13:43.254654+00:00
[2023-12-03T05:13:43.265+0000] {processor.py:179} INFO - Processing /home/airflow/.local/lib/python3.8/site-packages/airflow/example_dags/example_skip_dag.py took 0.052 seconds
[2023-12-03T05:14:13.437+0000] {processor.py:157} INFO - Started process (PID=368) to work on /home/airflow/.local/lib/python3.8/site-packages/airflow/example_dags/example_skip_dag.py
[2023-12-03T05:14:13.438+0000] {processor.py:829} INFO - Processing file /home/airflow/.local/lib/python3.8/site-packages/airflow/example_dags/example_skip_dag.py for tasks to queue
[2023-12-03T05:14:13.440+0000] {logging_mixin.py:151} INFO - [2023-12-03T05:14:13.440+0000] {dagbag.py:539} INFO - Filling up the DagBag from /home/airflow/.local/lib/python3.8/site-packages/airflow/example_dags/example_skip_dag.py
[2023-12-03T05:14:13.444+0000] {processor.py:839} INFO - DAG(s) dict_keys(['example_skip_dag']) retrieved from /home/airflow/.local/lib/python3.8/site-packages/airflow/example_dags/example_skip_dag.py
[2023-12-03T05:14:13.460+0000] {logging_mixin.py:151} INFO - [2023-12-03T05:14:13.460+0000] {dag.py:2915} INFO - Sync 1 DAGs
[2023-12-03T05:14:13.474+0000] {logging_mixin.py:151} INFO - [2023-12-03T05:14:13.474+0000] {dag.py:3696} INFO - Setting next_dagrun for example_skip_dag to 2023-12-02T05:14:13.474024+00:00, run_after=2023-12-03T05:14:13.474024+00:00
[2023-12-03T05:14:13.485+0000] {processor.py:179} INFO - Processing /home/airflow/.local/lib/python3.8/site-packages/airflow/example_dags/example_skip_dag.py took 0.051 seconds
[2023-12-03T05:14:43.827+0000] {processor.py:157} INFO - Started process (PID=424) to work on /home/airflow/.local/lib/python3.8/site-packages/airflow/example_dags/example_skip_dag.py
[2023-12-03T05:14:43.828+0000] {processor.py:829} INFO - Processing file /home/airflow/.local/lib/python3.8/site-packages/airflow/example_dags/example_skip_dag.py for tasks to queue
[2023-12-03T05:14:43.830+0000] {logging_mixin.py:151} INFO - [2023-12-03T05:14:43.830+0000] {dagbag.py:539} INFO - Filling up the DagBag from /home/airflow/.local/lib/python3.8/site-packages/airflow/example_dags/example_skip_dag.py
[2023-12-03T05:14:43.835+0000] {processor.py:839} INFO - DAG(s) dict_keys(['example_skip_dag']) retrieved from /home/airflow/.local/lib/python3.8/site-packages/airflow/example_dags/example_skip_dag.py
[2023-12-03T05:14:43.850+0000] {logging_mixin.py:151} INFO - [2023-12-03T05:14:43.849+0000] {dag.py:2915} INFO - Sync 1 DAGs
[2023-12-03T05:14:43.864+0000] {logging_mixin.py:151} INFO - [2023-12-03T05:14:43.864+0000] {dag.py:3696} INFO - Setting next_dagrun for example_skip_dag to 2023-12-02T05:14:43.863766+00:00, run_after=2023-12-03T05:14:43.863766+00:00
[2023-12-03T05:14:43.875+0000] {processor.py:179} INFO - Processing /home/airflow/.local/lib/python3.8/site-packages/airflow/example_dags/example_skip_dag.py took 0.051 seconds
[2023-12-03T05:15:14.043+0000] {processor.py:157} INFO - Started process (PID=480) to work on /home/airflow/.local/lib/python3.8/site-packages/airflow/example_dags/example_skip_dag.py
[2023-12-03T05:15:14.045+0000] {processor.py:829} INFO - Processing file /home/airflow/.local/lib/python3.8/site-packages/airflow/example_dags/example_skip_dag.py for tasks to queue
[2023-12-03T05:15:14.047+0000] {logging_mixin.py:151} INFO - [2023-12-03T05:15:14.047+0000] {dagbag.py:539} INFO - Filling up the DagBag from /home/airflow/.local/lib/python3.8/site-packages/airflow/example_dags/example_skip_dag.py
[2023-12-03T05:15:14.051+0000] {processor.py:839} INFO - DAG(s) dict_keys(['example_skip_dag']) retrieved from /home/airflow/.local/lib/python3.8/site-packages/airflow/example_dags/example_skip_dag.py
[2023-12-03T05:15:14.067+0000] {logging_mixin.py:151} INFO - [2023-12-03T05:15:14.067+0000] {dag.py:2915} INFO - Sync 1 DAGs
[2023-12-03T05:15:14.080+0000] {logging_mixin.py:151} INFO - [2023-12-03T05:15:14.080+0000] {dag.py:3696} INFO - Setting next_dagrun for example_skip_dag to 2023-12-02T05:15:14.080381+00:00, run_after=2023-12-03T05:15:14.080381+00:00
[2023-12-03T05:15:14.090+0000] {processor.py:179} INFO - Processing /home/airflow/.local/lib/python3.8/site-packages/airflow/example_dags/example_skip_dag.py took 0.050 seconds
[2023-12-03T05:15:44.507+0000] {processor.py:157} INFO - Started process (PID=536) to work on /home/airflow/.local/lib/python3.8/site-packages/airflow/example_dags/example_skip_dag.py
[2023-12-03T05:15:44.509+0000] {processor.py:829} INFO - Processing file /home/airflow/.local/lib/python3.8/site-packages/airflow/example_dags/example_skip_dag.py for tasks to queue
[2023-12-03T05:15:44.511+0000] {logging_mixin.py:151} INFO - [2023-12-03T05:15:44.510+0000] {dagbag.py:539} INFO - Filling up the DagBag from /home/airflow/.local/lib/python3.8/site-packages/airflow/example_dags/example_skip_dag.py
[2023-12-03T05:15:44.515+0000] {processor.py:839} INFO - DAG(s) dict_keys(['example_skip_dag']) retrieved from /home/airflow/.local/lib/python3.8/site-packages/airflow/example_dags/example_skip_dag.py
[2023-12-03T05:15:44.531+0000] {logging_mixin.py:151} INFO - [2023-12-03T05:15:44.530+0000] {dag.py:2915} INFO - Sync 1 DAGs
[2023-12-03T05:15:44.544+0000] {logging_mixin.py:151} INFO - [2023-12-03T05:15:44.544+0000] {dag.py:3696} INFO - Setting next_dagrun for example_skip_dag to 2023-12-02T05:15:44.543855+00:00, run_after=2023-12-03T05:15:44.543855+00:00
[2023-12-03T05:15:44.556+0000] {processor.py:179} INFO - Processing /home/airflow/.local/lib/python3.8/site-packages/airflow/example_dags/example_skip_dag.py took 0.051 seconds
[2023-12-03T05:16:15.042+0000] {processor.py:157} INFO - Started process (PID=592) to work on /home/airflow/.local/lib/python3.8/site-packages/airflow/example_dags/example_skip_dag.py
[2023-12-03T05:16:15.044+0000] {processor.py:829} INFO - Processing file /home/airflow/.local/lib/python3.8/site-packages/airflow/example_dags/example_skip_dag.py for tasks to queue
[2023-12-03T05:16:15.047+0000] {logging_mixin.py:151} INFO - [2023-12-03T05:16:15.046+0000] {dagbag.py:539} INFO - Filling up the DagBag from /home/airflow/.local/lib/python3.8/site-packages/airflow/example_dags/example_skip_dag.py
[2023-12-03T05:16:15.052+0000] {processor.py:839} INFO - DAG(s) dict_keys(['example_skip_dag']) retrieved from /home/airflow/.local/lib/python3.8/site-packages/airflow/example_dags/example_skip_dag.py
[2023-12-03T05:16:15.067+0000] {logging_mixin.py:151} INFO - [2023-12-03T05:16:15.067+0000] {dag.py:2915} INFO - Sync 1 DAGs
[2023-12-03T05:16:15.081+0000] {logging_mixin.py:151} INFO - [2023-12-03T05:16:15.081+0000] {dag.py:3696} INFO - Setting next_dagrun for example_skip_dag to 2023-12-02T05:16:15.081225+00:00, run_after=2023-12-03T05:16:15.081225+00:00
[2023-12-03T05:16:15.093+0000] {processor.py:179} INFO - Processing /home/airflow/.local/lib/python3.8/site-packages/airflow/example_dags/example_skip_dag.py took 0.053 seconds
[2023-12-03T05:16:45.470+0000] {processor.py:157} INFO - Started process (PID=648) to work on /home/airflow/.local/lib/python3.8/site-packages/airflow/example_dags/example_skip_dag.py
[2023-12-03T05:16:45.471+0000] {processor.py:829} INFO - Processing file /home/airflow/.local/lib/python3.8/site-packages/airflow/example_dags/example_skip_dag.py for tasks to queue
[2023-12-03T05:16:45.473+0000] {logging_mixin.py:151} INFO - [2023-12-03T05:16:45.473+0000] {dagbag.py:539} INFO - Filling up the DagBag from /home/airflow/.local/lib/python3.8/site-packages/airflow/example_dags/example_skip_dag.py
[2023-12-03T05:16:45.478+0000] {processor.py:839} INFO - DAG(s) dict_keys(['example_skip_dag']) retrieved from /home/airflow/.local/lib/python3.8/site-packages/airflow/example_dags/example_skip_dag.py
[2023-12-03T05:16:45.492+0000] {logging_mixin.py:151} INFO - [2023-12-03T05:16:45.492+0000] {dag.py:2915} INFO - Sync 1 DAGs
[2023-12-03T05:16:45.505+0000] {logging_mixin.py:151} INFO - [2023-12-03T05:16:45.505+0000] {dag.py:3696} INFO - Setting next_dagrun for example_skip_dag to 2023-12-02T05:16:45.505588+00:00, run_after=2023-12-03T05:16:45.505588+00:00
[2023-12-03T05:16:45.517+0000] {processor.py:179} INFO - Processing /home/airflow/.local/lib/python3.8/site-packages/airflow/example_dags/example_skip_dag.py took 0.049 seconds
[2023-12-03T05:17:15.792+0000] {processor.py:157} INFO - Started process (PID=704) to work on /home/airflow/.local/lib/python3.8/site-packages/airflow/example_dags/example_skip_dag.py
[2023-12-03T05:17:15.793+0000] {processor.py:829} INFO - Processing file /home/airflow/.local/lib/python3.8/site-packages/airflow/example_dags/example_skip_dag.py for tasks to queue
[2023-12-03T05:17:15.795+0000] {logging_mixin.py:151} INFO - [2023-12-03T05:17:15.795+0000] {dagbag.py:539} INFO - Filling up the DagBag from /home/airflow/.local/lib/python3.8/site-packages/airflow/example_dags/example_skip_dag.py
[2023-12-03T05:17:15.799+0000] {processor.py:839} INFO - DAG(s) dict_keys(['example_skip_dag']) retrieved from /home/airflow/.local/lib/python3.8/site-packages/airflow/example_dags/example_skip_dag.py
[2023-12-03T05:17:15.814+0000] {logging_mixin.py:151} INFO - [2023-12-03T05:17:15.814+0000] {dag.py:2915} INFO - Sync 1 DAGs
[2023-12-03T05:17:15.828+0000] {logging_mixin.py:151} INFO - [2023-12-03T05:17:15.828+0000] {dag.py:3696} INFO - Setting next_dagrun for example_skip_dag to 2023-12-02T05:17:15.828060+00:00, run_after=2023-12-03T05:17:15.828060+00:00
[2023-12-03T05:17:15.839+0000] {processor.py:179} INFO - Processing /home/airflow/.local/lib/python3.8/site-packages/airflow/example_dags/example_skip_dag.py took 0.050 seconds
[2023-12-03T05:17:46.147+0000] {processor.py:157} INFO - Started process (PID=760) to work on /home/airflow/.local/lib/python3.8/site-packages/airflow/example_dags/example_skip_dag.py
[2023-12-03T05:17:46.149+0000] {processor.py:829} INFO - Processing file /home/airflow/.local/lib/python3.8/site-packages/airflow/example_dags/example_skip_dag.py for tasks to queue
[2023-12-03T05:17:46.151+0000] {logging_mixin.py:151} INFO - [2023-12-03T05:17:46.151+0000] {dagbag.py:539} INFO - Filling up the DagBag from /home/airflow/.local/lib/python3.8/site-packages/airflow/example_dags/example_skip_dag.py
[2023-12-03T05:17:46.155+0000] {processor.py:839} INFO - DAG(s) dict_keys(['example_skip_dag']) retrieved from /home/airflow/.local/lib/python3.8/site-packages/airflow/example_dags/example_skip_dag.py
[2023-12-03T05:17:46.170+0000] {logging_mixin.py:151} INFO - [2023-12-03T05:17:46.170+0000] {dag.py:2915} INFO - Sync 1 DAGs
[2023-12-03T05:17:46.184+0000] {logging_mixin.py:151} INFO - [2023-12-03T05:17:46.184+0000] {dag.py:3696} INFO - Setting next_dagrun for example_skip_dag to 2023-12-02T05:17:46.184296+00:00, run_after=2023-12-03T05:17:46.184296+00:00
[2023-12-03T05:17:46.196+0000] {processor.py:179} INFO - Processing /home/airflow/.local/lib/python3.8/site-packages/airflow/example_dags/example_skip_dag.py took 0.051 seconds
[2023-12-03T05:18:16.539+0000] {processor.py:157} INFO - Started process (PID=816) to work on /home/airflow/.local/lib/python3.8/site-packages/airflow/example_dags/example_skip_dag.py
[2023-12-03T05:18:16.540+0000] {processor.py:829} INFO - Processing file /home/airflow/.local/lib/python3.8/site-packages/airflow/example_dags/example_skip_dag.py for tasks to queue
[2023-12-03T05:18:16.542+0000] {logging_mixin.py:151} INFO - [2023-12-03T05:18:16.542+0000] {dagbag.py:539} INFO - Filling up the DagBag from /home/airflow/.local/lib/python3.8/site-packages/airflow/example_dags/example_skip_dag.py
[2023-12-03T05:18:16.546+0000] {processor.py:839} INFO - DAG(s) dict_keys(['example_skip_dag']) retrieved from /home/airflow/.local/lib/python3.8/site-packages/airflow/example_dags/example_skip_dag.py
[2023-12-03T05:18:16.561+0000] {logging_mixin.py:151} INFO - [2023-12-03T05:18:16.561+0000] {dag.py:2915} INFO - Sync 1 DAGs
[2023-12-03T05:18:16.574+0000] {logging_mixin.py:151} INFO - [2023-12-03T05:18:16.574+0000] {dag.py:3696} INFO - Setting next_dagrun for example_skip_dag to 2023-12-02T05:18:16.574528+00:00, run_after=2023-12-03T05:18:16.574528+00:00
[2023-12-03T05:18:16.586+0000] {processor.py:179} INFO - Processing /home/airflow/.local/lib/python3.8/site-packages/airflow/example_dags/example_skip_dag.py took 0.050 seconds
[2023-12-03T05:24:02.572+0000] {processor.py:157} INFO - Started process (PID=872) to work on /home/airflow/.local/lib/python3.8/site-packages/airflow/example_dags/example_skip_dag.py
[2023-12-03T05:24:02.573+0000] {processor.py:829} INFO - Processing file /home/airflow/.local/lib/python3.8/site-packages/airflow/example_dags/example_skip_dag.py for tasks to queue
[2023-12-03T05:24:02.576+0000] {logging_mixin.py:151} INFO - [2023-12-03T05:24:02.576+0000] {dagbag.py:539} INFO - Filling up the DagBag from /home/airflow/.local/lib/python3.8/site-packages/airflow/example_dags/example_skip_dag.py
[2023-12-03T05:24:02.581+0000] {processor.py:839} INFO - DAG(s) dict_keys(['example_skip_dag']) retrieved from /home/airflow/.local/lib/python3.8/site-packages/airflow/example_dags/example_skip_dag.py
[2023-12-03T05:24:02.597+0000] {logging_mixin.py:151} INFO - [2023-12-03T05:24:02.597+0000] {dag.py:2915} INFO - Sync 1 DAGs
[2023-12-03T05:24:02.612+0000] {logging_mixin.py:151} INFO - [2023-12-03T05:24:02.612+0000] {dag.py:3696} INFO - Setting next_dagrun for example_skip_dag to 2023-12-02T05:24:02.612090+00:00, run_after=2023-12-03T05:24:02.612090+00:00
[2023-12-03T05:24:02.625+0000] {processor.py:179} INFO - Processing /home/airflow/.local/lib/python3.8/site-packages/airflow/example_dags/example_skip_dag.py took 0.056 seconds
[2023-12-03T05:24:33.535+0000] {processor.py:157} INFO - Started process (PID=928) to work on /home/airflow/.local/lib/python3.8/site-packages/airflow/example_dags/example_skip_dag.py
[2023-12-03T05:24:33.537+0000] {processor.py:829} INFO - Processing file /home/airflow/.local/lib/python3.8/site-packages/airflow/example_dags/example_skip_dag.py for tasks to queue
[2023-12-03T05:24:33.539+0000] {logging_mixin.py:151} INFO - [2023-12-03T05:24:33.539+0000] {dagbag.py:539} INFO - Filling up the DagBag from /home/airflow/.local/lib/python3.8/site-packages/airflow/example_dags/example_skip_dag.py
[2023-12-03T05:24:33.544+0000] {processor.py:839} INFO - DAG(s) dict_keys(['example_skip_dag']) retrieved from /home/airflow/.local/lib/python3.8/site-packages/airflow/example_dags/example_skip_dag.py
[2023-12-03T05:24:33.558+0000] {logging_mixin.py:151} INFO - [2023-12-03T05:24:33.558+0000] {dag.py:2915} INFO - Sync 1 DAGs
[2023-12-03T05:24:33.577+0000] {logging_mixin.py:151} INFO - [2023-12-03T05:24:33.576+0000] {dag.py:3696} INFO - Setting next_dagrun for example_skip_dag to 2023-12-02T05:24:33.576699+00:00, run_after=2023-12-03T05:24:33.576699+00:00
[2023-12-03T05:24:33.589+0000] {processor.py:179} INFO - Processing /home/airflow/.local/lib/python3.8/site-packages/airflow/example_dags/example_skip_dag.py took 0.057 seconds
[2023-12-03T05:27:56.439+0000] {processor.py:157} INFO - Started process (PID=67) to work on /home/airflow/.local/lib/python3.8/site-packages/airflow/example_dags/example_skip_dag.py
[2023-12-03T05:27:56.441+0000] {processor.py:829} INFO - Processing file /home/airflow/.local/lib/python3.8/site-packages/airflow/example_dags/example_skip_dag.py for tasks to queue
[2023-12-03T05:27:56.445+0000] {logging_mixin.py:151} INFO - [2023-12-03T05:27:56.445+0000] {dagbag.py:539} INFO - Filling up the DagBag from /home/airflow/.local/lib/python3.8/site-packages/airflow/example_dags/example_skip_dag.py
[2023-12-03T05:27:56.453+0000] {processor.py:839} INFO - DAG(s) dict_keys(['example_skip_dag']) retrieved from /home/airflow/.local/lib/python3.8/site-packages/airflow/example_dags/example_skip_dag.py
[2023-12-03T05:27:56.473+0000] {logging_mixin.py:151} INFO - [2023-12-03T05:27:56.473+0000] {dag.py:2915} INFO - Sync 1 DAGs
[2023-12-03T05:27:56.490+0000] {logging_mixin.py:151} INFO - [2023-12-03T05:27:56.490+0000] {dag.py:3696} INFO - Setting next_dagrun for example_skip_dag to 2023-12-02T05:27:56.489711+00:00, run_after=2023-12-03T05:27:56.489711+00:00
[2023-12-03T05:27:56.504+0000] {processor.py:179} INFO - Processing /home/airflow/.local/lib/python3.8/site-packages/airflow/example_dags/example_skip_dag.py took 0.071 seconds
[2023-12-03T05:28:24.888+0000] {processor.py:157} INFO - Started process (PID=66) to work on /home/airflow/.local/lib/python3.8/site-packages/airflow/example_dags/example_skip_dag.py
[2023-12-03T05:28:24.889+0000] {processor.py:829} INFO - Processing file /home/airflow/.local/lib/python3.8/site-packages/airflow/example_dags/example_skip_dag.py for tasks to queue
[2023-12-03T05:28:24.891+0000] {logging_mixin.py:151} INFO - [2023-12-03T05:28:24.891+0000] {dagbag.py:539} INFO - Filling up the DagBag from /home/airflow/.local/lib/python3.8/site-packages/airflow/example_dags/example_skip_dag.py
[2023-12-03T05:28:24.897+0000] {processor.py:839} INFO - DAG(s) dict_keys(['example_skip_dag']) retrieved from /home/airflow/.local/lib/python3.8/site-packages/airflow/example_dags/example_skip_dag.py
[2023-12-03T05:28:24.907+0000] {logging_mixin.py:151} INFO - [2023-12-03T05:28:24.907+0000] {dag.py:2915} INFO - Sync 1 DAGs
[2023-12-03T05:28:24.923+0000] {logging_mixin.py:151} INFO - [2023-12-03T05:28:24.922+0000] {dag.py:3696} INFO - Setting next_dagrun for example_skip_dag to 2023-12-02T05:28:24.922659+00:00, run_after=2023-12-03T05:28:24.922659+00:00
[2023-12-03T05:28:24.935+0000] {processor.py:179} INFO - Processing /home/airflow/.local/lib/python3.8/site-packages/airflow/example_dags/example_skip_dag.py took 0.049 seconds
[2023-12-03T05:28:55.127+0000] {processor.py:157} INFO - Started process (PID=122) to work on /home/airflow/.local/lib/python3.8/site-packages/airflow/example_dags/example_skip_dag.py
[2023-12-03T05:28:55.129+0000] {processor.py:829} INFO - Processing file /home/airflow/.local/lib/python3.8/site-packages/airflow/example_dags/example_skip_dag.py for tasks to queue
[2023-12-03T05:28:55.131+0000] {logging_mixin.py:151} INFO - [2023-12-03T05:28:55.131+0000] {dagbag.py:539} INFO - Filling up the DagBag from /home/airflow/.local/lib/python3.8/site-packages/airflow/example_dags/example_skip_dag.py
[2023-12-03T05:28:55.135+0000] {processor.py:839} INFO - DAG(s) dict_keys(['example_skip_dag']) retrieved from /home/airflow/.local/lib/python3.8/site-packages/airflow/example_dags/example_skip_dag.py
[2023-12-03T05:28:55.151+0000] {logging_mixin.py:151} INFO - [2023-12-03T05:28:55.151+0000] {dag.py:2915} INFO - Sync 1 DAGs
[2023-12-03T05:28:55.165+0000] {logging_mixin.py:151} INFO - [2023-12-03T05:28:55.165+0000] {dag.py:3696} INFO - Setting next_dagrun for example_skip_dag to 2023-12-02T05:28:55.165054+00:00, run_after=2023-12-03T05:28:55.165054+00:00
[2023-12-03T05:28:55.177+0000] {processor.py:179} INFO - Processing /home/airflow/.local/lib/python3.8/site-packages/airflow/example_dags/example_skip_dag.py took 0.053 seconds
[2023-12-03T05:29:25.222+0000] {processor.py:157} INFO - Started process (PID=178) to work on /home/airflow/.local/lib/python3.8/site-packages/airflow/example_dags/example_skip_dag.py
[2023-12-03T05:29:25.223+0000] {processor.py:829} INFO - Processing file /home/airflow/.local/lib/python3.8/site-packages/airflow/example_dags/example_skip_dag.py for tasks to queue
[2023-12-03T05:29:25.225+0000] {logging_mixin.py:151} INFO - [2023-12-03T05:29:25.224+0000] {dagbag.py:539} INFO - Filling up the DagBag from /home/airflow/.local/lib/python3.8/site-packages/airflow/example_dags/example_skip_dag.py
[2023-12-03T05:29:25.229+0000] {processor.py:839} INFO - DAG(s) dict_keys(['example_skip_dag']) retrieved from /home/airflow/.local/lib/python3.8/site-packages/airflow/example_dags/example_skip_dag.py
[2023-12-03T05:29:25.244+0000] {logging_mixin.py:151} INFO - [2023-12-03T05:29:25.244+0000] {dag.py:2915} INFO - Sync 1 DAGs
[2023-12-03T05:29:25.259+0000] {logging_mixin.py:151} INFO - [2023-12-03T05:29:25.258+0000] {dag.py:3696} INFO - Setting next_dagrun for example_skip_dag to 2023-12-02T05:29:25.258807+00:00, run_after=2023-12-03T05:29:25.258807+00:00
[2023-12-03T05:29:25.270+0000] {processor.py:179} INFO - Processing /home/airflow/.local/lib/python3.8/site-packages/airflow/example_dags/example_skip_dag.py took 0.051 seconds
[2023-12-03T05:29:55.547+0000] {processor.py:157} INFO - Started process (PID=234) to work on /home/airflow/.local/lib/python3.8/site-packages/airflow/example_dags/example_skip_dag.py
[2023-12-03T05:29:55.548+0000] {processor.py:829} INFO - Processing file /home/airflow/.local/lib/python3.8/site-packages/airflow/example_dags/example_skip_dag.py for tasks to queue
[2023-12-03T05:29:55.550+0000] {logging_mixin.py:151} INFO - [2023-12-03T05:29:55.549+0000] {dagbag.py:539} INFO - Filling up the DagBag from /home/airflow/.local/lib/python3.8/site-packages/airflow/example_dags/example_skip_dag.py
[2023-12-03T05:29:55.554+0000] {processor.py:839} INFO - DAG(s) dict_keys(['example_skip_dag']) retrieved from /home/airflow/.local/lib/python3.8/site-packages/airflow/example_dags/example_skip_dag.py
[2023-12-03T05:29:55.568+0000] {logging_mixin.py:151} INFO - [2023-12-03T05:29:55.568+0000] {dag.py:2915} INFO - Sync 1 DAGs
[2023-12-03T05:29:55.581+0000] {logging_mixin.py:151} INFO - [2023-12-03T05:29:55.581+0000] {dag.py:3696} INFO - Setting next_dagrun for example_skip_dag to 2023-12-02T05:29:55.581475+00:00, run_after=2023-12-03T05:29:55.581475+00:00
[2023-12-03T05:29:55.593+0000] {processor.py:179} INFO - Processing /home/airflow/.local/lib/python3.8/site-packages/airflow/example_dags/example_skip_dag.py took 0.049 seconds
[2023-12-03T05:30:25.709+0000] {processor.py:157} INFO - Started process (PID=290) to work on /home/airflow/.local/lib/python3.8/site-packages/airflow/example_dags/example_skip_dag.py
[2023-12-03T05:30:25.711+0000] {processor.py:829} INFO - Processing file /home/airflow/.local/lib/python3.8/site-packages/airflow/example_dags/example_skip_dag.py for tasks to queue
[2023-12-03T05:30:25.713+0000] {logging_mixin.py:151} INFO - [2023-12-03T05:30:25.713+0000] {dagbag.py:539} INFO - Filling up the DagBag from /home/airflow/.local/lib/python3.8/site-packages/airflow/example_dags/example_skip_dag.py
[2023-12-03T05:30:25.717+0000] {processor.py:839} INFO - DAG(s) dict_keys(['example_skip_dag']) retrieved from /home/airflow/.local/lib/python3.8/site-packages/airflow/example_dags/example_skip_dag.py
[2023-12-03T05:30:25.732+0000] {logging_mixin.py:151} INFO - [2023-12-03T05:30:25.732+0000] {dag.py:2915} INFO - Sync 1 DAGs
[2023-12-03T05:30:25.745+0000] {logging_mixin.py:151} INFO - [2023-12-03T05:30:25.745+0000] {dag.py:3696} INFO - Setting next_dagrun for example_skip_dag to 2023-12-02T05:30:25.745666+00:00, run_after=2023-12-03T05:30:25.745666+00:00
[2023-12-03T05:30:25.759+0000] {processor.py:179} INFO - Processing /home/airflow/.local/lib/python3.8/site-packages/airflow/example_dags/example_skip_dag.py took 0.052 seconds
[2023-12-03T05:30:56.156+0000] {processor.py:157} INFO - Started process (PID=346) to work on /home/airflow/.local/lib/python3.8/site-packages/airflow/example_dags/example_skip_dag.py
[2023-12-03T05:30:56.158+0000] {processor.py:829} INFO - Processing file /home/airflow/.local/lib/python3.8/site-packages/airflow/example_dags/example_skip_dag.py for tasks to queue
[2023-12-03T05:30:56.160+0000] {logging_mixin.py:151} INFO - [2023-12-03T05:30:56.160+0000] {dagbag.py:539} INFO - Filling up the DagBag from /home/airflow/.local/lib/python3.8/site-packages/airflow/example_dags/example_skip_dag.py
[2023-12-03T05:30:56.165+0000] {processor.py:839} INFO - DAG(s) dict_keys(['example_skip_dag']) retrieved from /home/airflow/.local/lib/python3.8/site-packages/airflow/example_dags/example_skip_dag.py
[2023-12-03T05:30:56.179+0000] {logging_mixin.py:151} INFO - [2023-12-03T05:30:56.179+0000] {dag.py:2915} INFO - Sync 1 DAGs
[2023-12-03T05:30:56.192+0000] {logging_mixin.py:151} INFO - [2023-12-03T05:30:56.192+0000] {dag.py:3696} INFO - Setting next_dagrun for example_skip_dag to 2023-12-02T05:30:56.192436+00:00, run_after=2023-12-03T05:30:56.192436+00:00
[2023-12-03T05:30:56.204+0000] {processor.py:179} INFO - Processing /home/airflow/.local/lib/python3.8/site-packages/airflow/example_dags/example_skip_dag.py took 0.051 seconds
[2023-12-03T05:31:26.626+0000] {processor.py:157} INFO - Started process (PID=402) to work on /home/airflow/.local/lib/python3.8/site-packages/airflow/example_dags/example_skip_dag.py
[2023-12-03T05:31:26.628+0000] {processor.py:829} INFO - Processing file /home/airflow/.local/lib/python3.8/site-packages/airflow/example_dags/example_skip_dag.py for tasks to queue
[2023-12-03T05:31:26.630+0000] {logging_mixin.py:151} INFO - [2023-12-03T05:31:26.630+0000] {dagbag.py:539} INFO - Filling up the DagBag from /home/airflow/.local/lib/python3.8/site-packages/airflow/example_dags/example_skip_dag.py
[2023-12-03T05:31:26.634+0000] {processor.py:839} INFO - DAG(s) dict_keys(['example_skip_dag']) retrieved from /home/airflow/.local/lib/python3.8/site-packages/airflow/example_dags/example_skip_dag.py
[2023-12-03T05:31:26.649+0000] {logging_mixin.py:151} INFO - [2023-12-03T05:31:26.649+0000] {dag.py:2915} INFO - Sync 1 DAGs
[2023-12-03T05:31:26.663+0000] {logging_mixin.py:151} INFO - [2023-12-03T05:31:26.663+0000] {dag.py:3696} INFO - Setting next_dagrun for example_skip_dag to 2023-12-02T05:31:26.663477+00:00, run_after=2023-12-03T05:31:26.663477+00:00
[2023-12-03T05:31:26.675+0000] {processor.py:179} INFO - Processing /home/airflow/.local/lib/python3.8/site-packages/airflow/example_dags/example_skip_dag.py took 0.051 seconds
[2023-12-03T05:31:56.970+0000] {processor.py:157} INFO - Started process (PID=458) to work on /home/airflow/.local/lib/python3.8/site-packages/airflow/example_dags/example_skip_dag.py
[2023-12-03T05:31:56.971+0000] {processor.py:829} INFO - Processing file /home/airflow/.local/lib/python3.8/site-packages/airflow/example_dags/example_skip_dag.py for tasks to queue
[2023-12-03T05:31:56.973+0000] {logging_mixin.py:151} INFO - [2023-12-03T05:31:56.973+0000] {dagbag.py:539} INFO - Filling up the DagBag from /home/airflow/.local/lib/python3.8/site-packages/airflow/example_dags/example_skip_dag.py
[2023-12-03T05:31:56.977+0000] {processor.py:839} INFO - DAG(s) dict_keys(['example_skip_dag']) retrieved from /home/airflow/.local/lib/python3.8/site-packages/airflow/example_dags/example_skip_dag.py
[2023-12-03T05:31:56.992+0000] {logging_mixin.py:151} INFO - [2023-12-03T05:31:56.991+0000] {dag.py:2915} INFO - Sync 1 DAGs
[2023-12-03T05:31:57.005+0000] {logging_mixin.py:151} INFO - [2023-12-03T05:31:57.005+0000] {dag.py:3696} INFO - Setting next_dagrun for example_skip_dag to 2023-12-02T05:31:57.005200+00:00, run_after=2023-12-03T05:31:57.005200+00:00
[2023-12-03T05:31:57.019+0000] {processor.py:179} INFO - Processing /home/airflow/.local/lib/python3.8/site-packages/airflow/example_dags/example_skip_dag.py took 0.051 seconds
[2023-12-03T05:32:27.239+0000] {processor.py:157} INFO - Started process (PID=514) to work on /home/airflow/.local/lib/python3.8/site-packages/airflow/example_dags/example_skip_dag.py
[2023-12-03T05:32:27.241+0000] {processor.py:829} INFO - Processing file /home/airflow/.local/lib/python3.8/site-packages/airflow/example_dags/example_skip_dag.py for tasks to queue
[2023-12-03T05:32:27.244+0000] {logging_mixin.py:151} INFO - [2023-12-03T05:32:27.244+0000] {dagbag.py:539} INFO - Filling up the DagBag from /home/airflow/.local/lib/python3.8/site-packages/airflow/example_dags/example_skip_dag.py
[2023-12-03T05:32:27.249+0000] {processor.py:839} INFO - DAG(s) dict_keys(['example_skip_dag']) retrieved from /home/airflow/.local/lib/python3.8/site-packages/airflow/example_dags/example_skip_dag.py
[2023-12-03T05:32:27.264+0000] {logging_mixin.py:151} INFO - [2023-12-03T05:32:27.264+0000] {dag.py:2915} INFO - Sync 1 DAGs
[2023-12-03T05:32:27.278+0000] {logging_mixin.py:151} INFO - [2023-12-03T05:32:27.278+0000] {dag.py:3696} INFO - Setting next_dagrun for example_skip_dag to 2023-12-02T05:32:27.278298+00:00, run_after=2023-12-03T05:32:27.278298+00:00
[2023-12-03T05:32:27.291+0000] {processor.py:179} INFO - Processing /home/airflow/.local/lib/python3.8/site-packages/airflow/example_dags/example_skip_dag.py took 0.054 seconds
[2023-12-03T05:32:57.509+0000] {processor.py:157} INFO - Started process (PID=570) to work on /home/airflow/.local/lib/python3.8/site-packages/airflow/example_dags/example_skip_dag.py
[2023-12-03T05:32:57.510+0000] {processor.py:829} INFO - Processing file /home/airflow/.local/lib/python3.8/site-packages/airflow/example_dags/example_skip_dag.py for tasks to queue
[2023-12-03T05:32:57.512+0000] {logging_mixin.py:151} INFO - [2023-12-03T05:32:57.512+0000] {dagbag.py:539} INFO - Filling up the DagBag from /home/airflow/.local/lib/python3.8/site-packages/airflow/example_dags/example_skip_dag.py
[2023-12-03T05:32:57.516+0000] {processor.py:839} INFO - DAG(s) dict_keys(['example_skip_dag']) retrieved from /home/airflow/.local/lib/python3.8/site-packages/airflow/example_dags/example_skip_dag.py
[2023-12-03T05:32:57.532+0000] {logging_mixin.py:151} INFO - [2023-12-03T05:32:57.531+0000] {dag.py:2915} INFO - Sync 1 DAGs
[2023-12-03T05:32:57.546+0000] {logging_mixin.py:151} INFO - [2023-12-03T05:32:57.545+0000] {dag.py:3696} INFO - Setting next_dagrun for example_skip_dag to 2023-12-02T05:32:57.545760+00:00, run_after=2023-12-03T05:32:57.545760+00:00
[2023-12-03T05:32:57.557+0000] {processor.py:179} INFO - Processing /home/airflow/.local/lib/python3.8/site-packages/airflow/example_dags/example_skip_dag.py took 0.051 seconds
[2023-12-03T05:33:27.765+0000] {processor.py:157} INFO - Started process (PID=626) to work on /home/airflow/.local/lib/python3.8/site-packages/airflow/example_dags/example_skip_dag.py
[2023-12-03T05:33:27.766+0000] {processor.py:829} INFO - Processing file /home/airflow/.local/lib/python3.8/site-packages/airflow/example_dags/example_skip_dag.py for tasks to queue
[2023-12-03T05:33:27.768+0000] {logging_mixin.py:151} INFO - [2023-12-03T05:33:27.768+0000] {dagbag.py:539} INFO - Filling up the DagBag from /home/airflow/.local/lib/python3.8/site-packages/airflow/example_dags/example_skip_dag.py
[2023-12-03T05:33:27.773+0000] {processor.py:839} INFO - DAG(s) dict_keys(['example_skip_dag']) retrieved from /home/airflow/.local/lib/python3.8/site-packages/airflow/example_dags/example_skip_dag.py
[2023-12-03T05:33:27.788+0000] {logging_mixin.py:151} INFO - [2023-12-03T05:33:27.787+0000] {dag.py:2915} INFO - Sync 1 DAGs
[2023-12-03T05:33:27.801+0000] {logging_mixin.py:151} INFO - [2023-12-03T05:33:27.801+0000] {dag.py:3696} INFO - Setting next_dagrun for example_skip_dag to 2023-12-02T05:33:27.801184+00:00, run_after=2023-12-03T05:33:27.801184+00:00
[2023-12-03T05:33:27.813+0000] {processor.py:179} INFO - Processing /home/airflow/.local/lib/python3.8/site-packages/airflow/example_dags/example_skip_dag.py took 0.051 seconds
[2023-12-03T05:33:58.041+0000] {processor.py:157} INFO - Started process (PID=682) to work on /home/airflow/.local/lib/python3.8/site-packages/airflow/example_dags/example_skip_dag.py
[2023-12-03T05:33:58.042+0000] {processor.py:829} INFO - Processing file /home/airflow/.local/lib/python3.8/site-packages/airflow/example_dags/example_skip_dag.py for tasks to queue
[2023-12-03T05:33:58.044+0000] {logging_mixin.py:151} INFO - [2023-12-03T05:33:58.044+0000] {dagbag.py:539} INFO - Filling up the DagBag from /home/airflow/.local/lib/python3.8/site-packages/airflow/example_dags/example_skip_dag.py
[2023-12-03T05:33:58.049+0000] {processor.py:839} INFO - DAG(s) dict_keys(['example_skip_dag']) retrieved from /home/airflow/.local/lib/python3.8/site-packages/airflow/example_dags/example_skip_dag.py
[2023-12-03T05:33:58.064+0000] {logging_mixin.py:151} INFO - [2023-12-03T05:33:58.064+0000] {dag.py:2915} INFO - Sync 1 DAGs
[2023-12-03T05:33:58.077+0000] {logging_mixin.py:151} INFO - [2023-12-03T05:33:58.077+0000] {dag.py:3696} INFO - Setting next_dagrun for example_skip_dag to 2023-12-02T05:33:58.077488+00:00, run_after=2023-12-03T05:33:58.077488+00:00
[2023-12-03T05:33:58.091+0000] {processor.py:179} INFO - Processing /home/airflow/.local/lib/python3.8/site-packages/airflow/example_dags/example_skip_dag.py took 0.052 seconds
[2023-12-03T05:34:28.139+0000] {processor.py:157} INFO - Started process (PID=738) to work on /home/airflow/.local/lib/python3.8/site-packages/airflow/example_dags/example_skip_dag.py
[2023-12-03T05:34:28.140+0000] {processor.py:829} INFO - Processing file /home/airflow/.local/lib/python3.8/site-packages/airflow/example_dags/example_skip_dag.py for tasks to queue
[2023-12-03T05:34:28.142+0000] {logging_mixin.py:151} INFO - [2023-12-03T05:34:28.142+0000] {dagbag.py:539} INFO - Filling up the DagBag from /home/airflow/.local/lib/python3.8/site-packages/airflow/example_dags/example_skip_dag.py
[2023-12-03T05:34:28.146+0000] {processor.py:839} INFO - DAG(s) dict_keys(['example_skip_dag']) retrieved from /home/airflow/.local/lib/python3.8/site-packages/airflow/example_dags/example_skip_dag.py
[2023-12-03T05:34:28.160+0000] {logging_mixin.py:151} INFO - [2023-12-03T05:34:28.160+0000] {dag.py:2915} INFO - Sync 1 DAGs
[2023-12-03T05:34:28.173+0000] {logging_mixin.py:151} INFO - [2023-12-03T05:34:28.173+0000] {dag.py:3696} INFO - Setting next_dagrun for example_skip_dag to 2023-12-02T05:34:28.173459+00:00, run_after=2023-12-03T05:34:28.173459+00:00
[2023-12-03T05:34:28.184+0000] {processor.py:179} INFO - Processing /home/airflow/.local/lib/python3.8/site-packages/airflow/example_dags/example_skip_dag.py took 0.048 seconds
[2023-12-03T05:34:58.321+0000] {processor.py:157} INFO - Started process (PID=794) to work on /home/airflow/.local/lib/python3.8/site-packages/airflow/example_dags/example_skip_dag.py
[2023-12-03T05:34:58.323+0000] {processor.py:829} INFO - Processing file /home/airflow/.local/lib/python3.8/site-packages/airflow/example_dags/example_skip_dag.py for tasks to queue
[2023-12-03T05:34:58.325+0000] {logging_mixin.py:151} INFO - [2023-12-03T05:34:58.325+0000] {dagbag.py:539} INFO - Filling up the DagBag from /home/airflow/.local/lib/python3.8/site-packages/airflow/example_dags/example_skip_dag.py
[2023-12-03T05:34:58.329+0000] {processor.py:839} INFO - DAG(s) dict_keys(['example_skip_dag']) retrieved from /home/airflow/.local/lib/python3.8/site-packages/airflow/example_dags/example_skip_dag.py
[2023-12-03T05:34:58.343+0000] {logging_mixin.py:151} INFO - [2023-12-03T05:34:58.343+0000] {dag.py:2915} INFO - Sync 1 DAGs
[2023-12-03T05:34:58.358+0000] {logging_mixin.py:151} INFO - [2023-12-03T05:34:58.358+0000] {dag.py:3696} INFO - Setting next_dagrun for example_skip_dag to 2023-12-02T05:34:58.358604+00:00, run_after=2023-12-03T05:34:58.358604+00:00
[2023-12-03T05:34:58.369+0000] {processor.py:179} INFO - Processing /home/airflow/.local/lib/python3.8/site-packages/airflow/example_dags/example_skip_dag.py took 0.051 seconds
[2023-12-03T05:35:28.594+0000] {processor.py:157} INFO - Started process (PID=850) to work on /home/airflow/.local/lib/python3.8/site-packages/airflow/example_dags/example_skip_dag.py
[2023-12-03T05:35:28.595+0000] {processor.py:829} INFO - Processing file /home/airflow/.local/lib/python3.8/site-packages/airflow/example_dags/example_skip_dag.py for tasks to queue
[2023-12-03T05:35:28.597+0000] {logging_mixin.py:151} INFO - [2023-12-03T05:35:28.597+0000] {dagbag.py:539} INFO - Filling up the DagBag from /home/airflow/.local/lib/python3.8/site-packages/airflow/example_dags/example_skip_dag.py
[2023-12-03T05:35:28.601+0000] {processor.py:839} INFO - DAG(s) dict_keys(['example_skip_dag']) retrieved from /home/airflow/.local/lib/python3.8/site-packages/airflow/example_dags/example_skip_dag.py
[2023-12-03T05:35:28.615+0000] {logging_mixin.py:151} INFO - [2023-12-03T05:35:28.615+0000] {dag.py:2915} INFO - Sync 1 DAGs
[2023-12-03T05:35:28.629+0000] {logging_mixin.py:151} INFO - [2023-12-03T05:35:28.629+0000] {dag.py:3696} INFO - Setting next_dagrun for example_skip_dag to 2023-12-02T05:35:28.628831+00:00, run_after=2023-12-03T05:35:28.628831+00:00
[2023-12-03T05:35:28.640+0000] {processor.py:179} INFO - Processing /home/airflow/.local/lib/python3.8/site-packages/airflow/example_dags/example_skip_dag.py took 0.049 seconds
[2023-12-03T05:35:58.846+0000] {processor.py:157} INFO - Started process (PID=906) to work on /home/airflow/.local/lib/python3.8/site-packages/airflow/example_dags/example_skip_dag.py
[2023-12-03T05:35:58.847+0000] {processor.py:829} INFO - Processing file /home/airflow/.local/lib/python3.8/site-packages/airflow/example_dags/example_skip_dag.py for tasks to queue
[2023-12-03T05:35:58.849+0000] {logging_mixin.py:151} INFO - [2023-12-03T05:35:58.849+0000] {dagbag.py:539} INFO - Filling up the DagBag from /home/airflow/.local/lib/python3.8/site-packages/airflow/example_dags/example_skip_dag.py
[2023-12-03T05:35:58.854+0000] {processor.py:839} INFO - DAG(s) dict_keys(['example_skip_dag']) retrieved from /home/airflow/.local/lib/python3.8/site-packages/airflow/example_dags/example_skip_dag.py
[2023-12-03T05:35:58.868+0000] {logging_mixin.py:151} INFO - [2023-12-03T05:35:58.868+0000] {dag.py:2915} INFO - Sync 1 DAGs
[2023-12-03T05:35:58.882+0000] {logging_mixin.py:151} INFO - [2023-12-03T05:35:58.881+0000] {dag.py:3696} INFO - Setting next_dagrun for example_skip_dag to 2023-12-02T05:35:58.881797+00:00, run_after=2023-12-03T05:35:58.881797+00:00
[2023-12-03T05:35:58.894+0000] {processor.py:179} INFO - Processing /home/airflow/.local/lib/python3.8/site-packages/airflow/example_dags/example_skip_dag.py took 0.050 seconds
[2023-12-03T05:36:29.334+0000] {processor.py:157} INFO - Started process (PID=962) to work on /home/airflow/.local/lib/python3.8/site-packages/airflow/example_dags/example_skip_dag.py
[2023-12-03T05:36:29.336+0000] {processor.py:829} INFO - Processing file /home/airflow/.local/lib/python3.8/site-packages/airflow/example_dags/example_skip_dag.py for tasks to queue
[2023-12-03T05:36:29.337+0000] {logging_mixin.py:151} INFO - [2023-12-03T05:36:29.337+0000] {dagbag.py:539} INFO - Filling up the DagBag from /home/airflow/.local/lib/python3.8/site-packages/airflow/example_dags/example_skip_dag.py
[2023-12-03T05:36:29.342+0000] {processor.py:839} INFO - DAG(s) dict_keys(['example_skip_dag']) retrieved from /home/airflow/.local/lib/python3.8/site-packages/airflow/example_dags/example_skip_dag.py
[2023-12-03T05:36:29.359+0000] {logging_mixin.py:151} INFO - [2023-12-03T05:36:29.359+0000] {dag.py:2915} INFO - Sync 1 DAGs
[2023-12-03T05:36:29.373+0000] {logging_mixin.py:151} INFO - [2023-12-03T05:36:29.373+0000] {dag.py:3696} INFO - Setting next_dagrun for example_skip_dag to 2023-12-02T05:36:29.373369+00:00, run_after=2023-12-03T05:36:29.373369+00:00
[2023-12-03T05:36:29.385+0000] {processor.py:179} INFO - Processing /home/airflow/.local/lib/python3.8/site-packages/airflow/example_dags/example_skip_dag.py took 0.053 seconds
[2023-12-03T05:36:59.510+0000] {processor.py:157} INFO - Started process (PID=1018) to work on /home/airflow/.local/lib/python3.8/site-packages/airflow/example_dags/example_skip_dag.py
[2023-12-03T05:36:59.512+0000] {processor.py:829} INFO - Processing file /home/airflow/.local/lib/python3.8/site-packages/airflow/example_dags/example_skip_dag.py for tasks to queue
[2023-12-03T05:36:59.514+0000] {logging_mixin.py:151} INFO - [2023-12-03T05:36:59.514+0000] {dagbag.py:539} INFO - Filling up the DagBag from /home/airflow/.local/lib/python3.8/site-packages/airflow/example_dags/example_skip_dag.py
[2023-12-03T05:36:59.519+0000] {processor.py:839} INFO - DAG(s) dict_keys(['example_skip_dag']) retrieved from /home/airflow/.local/lib/python3.8/site-packages/airflow/example_dags/example_skip_dag.py
[2023-12-03T05:36:59.533+0000] {logging_mixin.py:151} INFO - [2023-12-03T05:36:59.533+0000] {dag.py:2915} INFO - Sync 1 DAGs
[2023-12-03T05:36:59.546+0000] {logging_mixin.py:151} INFO - [2023-12-03T05:36:59.546+0000] {dag.py:3696} INFO - Setting next_dagrun for example_skip_dag to 2023-12-02T05:36:59.546125+00:00, run_after=2023-12-03T05:36:59.546125+00:00
[2023-12-03T05:36:59.557+0000] {processor.py:179} INFO - Processing /home/airflow/.local/lib/python3.8/site-packages/airflow/example_dags/example_skip_dag.py took 0.049 seconds
[2023-12-03T05:37:29.767+0000] {processor.py:157} INFO - Started process (PID=1074) to work on /home/airflow/.local/lib/python3.8/site-packages/airflow/example_dags/example_skip_dag.py
[2023-12-03T05:37:29.768+0000] {processor.py:829} INFO - Processing file /home/airflow/.local/lib/python3.8/site-packages/airflow/example_dags/example_skip_dag.py for tasks to queue
[2023-12-03T05:37:29.770+0000] {logging_mixin.py:151} INFO - [2023-12-03T05:37:29.770+0000] {dagbag.py:539} INFO - Filling up the DagBag from /home/airflow/.local/lib/python3.8/site-packages/airflow/example_dags/example_skip_dag.py
[2023-12-03T05:37:29.774+0000] {processor.py:839} INFO - DAG(s) dict_keys(['example_skip_dag']) retrieved from /home/airflow/.local/lib/python3.8/site-packages/airflow/example_dags/example_skip_dag.py
[2023-12-03T05:37:29.789+0000] {logging_mixin.py:151} INFO - [2023-12-03T05:37:29.789+0000] {dag.py:2915} INFO - Sync 1 DAGs
[2023-12-03T05:37:29.802+0000] {logging_mixin.py:151} INFO - [2023-12-03T05:37:29.802+0000] {dag.py:3696} INFO - Setting next_dagrun for example_skip_dag to 2023-12-02T05:37:29.802404+00:00, run_after=2023-12-03T05:37:29.802404+00:00
[2023-12-03T05:37:29.813+0000] {processor.py:179} INFO - Processing /home/airflow/.local/lib/python3.8/site-packages/airflow/example_dags/example_skip_dag.py took 0.048 seconds
[2023-12-03T05:38:00.006+0000] {processor.py:157} INFO - Started process (PID=1130) to work on /home/airflow/.local/lib/python3.8/site-packages/airflow/example_dags/example_skip_dag.py
[2023-12-03T05:38:00.007+0000] {processor.py:829} INFO - Processing file /home/airflow/.local/lib/python3.8/site-packages/airflow/example_dags/example_skip_dag.py for tasks to queue
[2023-12-03T05:38:00.009+0000] {logging_mixin.py:151} INFO - [2023-12-03T05:38:00.009+0000] {dagbag.py:539} INFO - Filling up the DagBag from /home/airflow/.local/lib/python3.8/site-packages/airflow/example_dags/example_skip_dag.py
[2023-12-03T05:38:00.014+0000] {processor.py:839} INFO - DAG(s) dict_keys(['example_skip_dag']) retrieved from /home/airflow/.local/lib/python3.8/site-packages/airflow/example_dags/example_skip_dag.py
[2023-12-03T05:38:00.029+0000] {logging_mixin.py:151} INFO - [2023-12-03T05:38:00.029+0000] {dag.py:2915} INFO - Sync 1 DAGs
[2023-12-03T05:38:00.042+0000] {logging_mixin.py:151} INFO - [2023-12-03T05:38:00.042+0000] {dag.py:3696} INFO - Setting next_dagrun for example_skip_dag to 2023-12-02T05:38:00.041992+00:00, run_after=2023-12-03T05:38:00.041992+00:00
[2023-12-03T05:38:00.052+0000] {processor.py:179} INFO - Processing /home/airflow/.local/lib/python3.8/site-packages/airflow/example_dags/example_skip_dag.py took 0.049 seconds
[2023-12-03T05:38:30.502+0000] {processor.py:157} INFO - Started process (PID=1185) to work on /home/airflow/.local/lib/python3.8/site-packages/airflow/example_dags/example_skip_dag.py
[2023-12-03T05:38:30.503+0000] {processor.py:829} INFO - Processing file /home/airflow/.local/lib/python3.8/site-packages/airflow/example_dags/example_skip_dag.py for tasks to queue
[2023-12-03T05:38:30.505+0000] {logging_mixin.py:151} INFO - [2023-12-03T05:38:30.505+0000] {dagbag.py:539} INFO - Filling up the DagBag from /home/airflow/.local/lib/python3.8/site-packages/airflow/example_dags/example_skip_dag.py
[2023-12-03T05:38:30.509+0000] {processor.py:839} INFO - DAG(s) dict_keys(['example_skip_dag']) retrieved from /home/airflow/.local/lib/python3.8/site-packages/airflow/example_dags/example_skip_dag.py
[2023-12-03T05:38:30.524+0000] {logging_mixin.py:151} INFO - [2023-12-03T05:38:30.524+0000] {dag.py:2915} INFO - Sync 1 DAGs
[2023-12-03T05:38:30.537+0000] {logging_mixin.py:151} INFO - [2023-12-03T05:38:30.537+0000] {dag.py:3696} INFO - Setting next_dagrun for example_skip_dag to 2023-12-02T05:38:30.536950+00:00, run_after=2023-12-03T05:38:30.536950+00:00
[2023-12-03T05:38:30.547+0000] {processor.py:179} INFO - Processing /home/airflow/.local/lib/python3.8/site-packages/airflow/example_dags/example_skip_dag.py took 0.047 seconds
[2023-12-03T05:39:01.071+0000] {processor.py:157} INFO - Started process (PID=1243) to work on /home/airflow/.local/lib/python3.8/site-packages/airflow/example_dags/example_skip_dag.py
[2023-12-03T05:39:01.074+0000] {processor.py:829} INFO - Processing file /home/airflow/.local/lib/python3.8/site-packages/airflow/example_dags/example_skip_dag.py for tasks to queue
[2023-12-03T05:39:01.076+0000] {logging_mixin.py:151} INFO - [2023-12-03T05:39:01.076+0000] {dagbag.py:539} INFO - Filling up the DagBag from /home/airflow/.local/lib/python3.8/site-packages/airflow/example_dags/example_skip_dag.py
[2023-12-03T05:39:01.081+0000] {processor.py:839} INFO - DAG(s) dict_keys(['example_skip_dag']) retrieved from /home/airflow/.local/lib/python3.8/site-packages/airflow/example_dags/example_skip_dag.py
[2023-12-03T05:39:01.095+0000] {logging_mixin.py:151} INFO - [2023-12-03T05:39:01.095+0000] {dag.py:2915} INFO - Sync 1 DAGs
[2023-12-03T05:39:01.109+0000] {logging_mixin.py:151} INFO - [2023-12-03T05:39:01.109+0000] {dag.py:3696} INFO - Setting next_dagrun for example_skip_dag to 2023-12-02T05:39:01.109230+00:00, run_after=2023-12-03T05:39:01.109230+00:00
[2023-12-03T05:39:01.120+0000] {processor.py:179} INFO - Processing /home/airflow/.local/lib/python3.8/site-packages/airflow/example_dags/example_skip_dag.py took 0.051 seconds
[2023-12-03T05:39:31.598+0000] {processor.py:157} INFO - Started process (PID=1299) to work on /home/airflow/.local/lib/python3.8/site-packages/airflow/example_dags/example_skip_dag.py
[2023-12-03T05:39:31.600+0000] {processor.py:829} INFO - Processing file /home/airflow/.local/lib/python3.8/site-packages/airflow/example_dags/example_skip_dag.py for tasks to queue
[2023-12-03T05:39:31.602+0000] {logging_mixin.py:151} INFO - [2023-12-03T05:39:31.602+0000] {dagbag.py:539} INFO - Filling up the DagBag from /home/airflow/.local/lib/python3.8/site-packages/airflow/example_dags/example_skip_dag.py
[2023-12-03T05:39:31.606+0000] {processor.py:839} INFO - DAG(s) dict_keys(['example_skip_dag']) retrieved from /home/airflow/.local/lib/python3.8/site-packages/airflow/example_dags/example_skip_dag.py
[2023-12-03T05:39:31.621+0000] {logging_mixin.py:151} INFO - [2023-12-03T05:39:31.621+0000] {dag.py:2915} INFO - Sync 1 DAGs
[2023-12-03T05:39:31.634+0000] {logging_mixin.py:151} INFO - [2023-12-03T05:39:31.634+0000] {dag.py:3696} INFO - Setting next_dagrun for example_skip_dag to 2023-12-02T05:39:31.634591+00:00, run_after=2023-12-03T05:39:31.634591+00:00
[2023-12-03T05:39:31.645+0000] {processor.py:179} INFO - Processing /home/airflow/.local/lib/python3.8/site-packages/airflow/example_dags/example_skip_dag.py took 0.049 seconds
[2023-12-03T05:40:01.801+0000] {processor.py:157} INFO - Started process (PID=1355) to work on /home/airflow/.local/lib/python3.8/site-packages/airflow/example_dags/example_skip_dag.py
[2023-12-03T05:40:01.801+0000] {processor.py:829} INFO - Processing file /home/airflow/.local/lib/python3.8/site-packages/airflow/example_dags/example_skip_dag.py for tasks to queue
[2023-12-03T05:40:01.804+0000] {logging_mixin.py:151} INFO - [2023-12-03T05:40:01.803+0000] {dagbag.py:539} INFO - Filling up the DagBag from /home/airflow/.local/lib/python3.8/site-packages/airflow/example_dags/example_skip_dag.py
[2023-12-03T05:40:01.808+0000] {processor.py:839} INFO - DAG(s) dict_keys(['example_skip_dag']) retrieved from /home/airflow/.local/lib/python3.8/site-packages/airflow/example_dags/example_skip_dag.py
[2023-12-03T05:40:01.822+0000] {logging_mixin.py:151} INFO - [2023-12-03T05:40:01.822+0000] {dag.py:2915} INFO - Sync 1 DAGs
[2023-12-03T05:40:01.835+0000] {logging_mixin.py:151} INFO - [2023-12-03T05:40:01.835+0000] {dag.py:3696} INFO - Setting next_dagrun for example_skip_dag to 2023-12-02T05:40:01.835288+00:00, run_after=2023-12-03T05:40:01.835288+00:00
[2023-12-03T05:40:01.847+0000] {processor.py:179} INFO - Processing /home/airflow/.local/lib/python3.8/site-packages/airflow/example_dags/example_skip_dag.py took 0.049 seconds
[2023-12-03T05:40:32.276+0000] {processor.py:157} INFO - Started process (PID=1411) to work on /home/airflow/.local/lib/python3.8/site-packages/airflow/example_dags/example_skip_dag.py
[2023-12-03T05:40:32.279+0000] {processor.py:829} INFO - Processing file /home/airflow/.local/lib/python3.8/site-packages/airflow/example_dags/example_skip_dag.py for tasks to queue
[2023-12-03T05:40:32.280+0000] {logging_mixin.py:151} INFO - [2023-12-03T05:40:32.280+0000] {dagbag.py:539} INFO - Filling up the DagBag from /home/airflow/.local/lib/python3.8/site-packages/airflow/example_dags/example_skip_dag.py
[2023-12-03T05:40:32.288+0000] {processor.py:839} INFO - DAG(s) dict_keys(['example_skip_dag']) retrieved from /home/airflow/.local/lib/python3.8/site-packages/airflow/example_dags/example_skip_dag.py
[2023-12-03T05:40:32.302+0000] {logging_mixin.py:151} INFO - [2023-12-03T05:40:32.302+0000] {dag.py:2915} INFO - Sync 1 DAGs
[2023-12-03T05:40:32.315+0000] {logging_mixin.py:151} INFO - [2023-12-03T05:40:32.315+0000] {dag.py:3696} INFO - Setting next_dagrun for example_skip_dag to 2023-12-02T05:40:32.315347+00:00, run_after=2023-12-03T05:40:32.315347+00:00
[2023-12-03T05:40:32.326+0000] {processor.py:179} INFO - Processing /home/airflow/.local/lib/python3.8/site-packages/airflow/example_dags/example_skip_dag.py took 0.052 seconds
[2023-12-03T05:41:02.766+0000] {processor.py:157} INFO - Started process (PID=1467) to work on /home/airflow/.local/lib/python3.8/site-packages/airflow/example_dags/example_skip_dag.py
[2023-12-03T05:41:02.768+0000] {processor.py:829} INFO - Processing file /home/airflow/.local/lib/python3.8/site-packages/airflow/example_dags/example_skip_dag.py for tasks to queue
[2023-12-03T05:41:02.770+0000] {logging_mixin.py:151} INFO - [2023-12-03T05:41:02.770+0000] {dagbag.py:539} INFO - Filling up the DagBag from /home/airflow/.local/lib/python3.8/site-packages/airflow/example_dags/example_skip_dag.py
[2023-12-03T05:41:02.774+0000] {processor.py:839} INFO - DAG(s) dict_keys(['example_skip_dag']) retrieved from /home/airflow/.local/lib/python3.8/site-packages/airflow/example_dags/example_skip_dag.py
[2023-12-03T05:41:02.789+0000] {logging_mixin.py:151} INFO - [2023-12-03T05:41:02.789+0000] {dag.py:2915} INFO - Sync 1 DAGs
[2023-12-03T05:41:02.802+0000] {logging_mixin.py:151} INFO - [2023-12-03T05:41:02.802+0000] {dag.py:3696} INFO - Setting next_dagrun for example_skip_dag to 2023-12-02T05:41:02.802025+00:00, run_after=2023-12-03T05:41:02.802025+00:00
[2023-12-03T05:41:02.813+0000] {processor.py:179} INFO - Processing /home/airflow/.local/lib/python3.8/site-packages/airflow/example_dags/example_skip_dag.py took 0.049 seconds
[2023-12-03T05:41:33.401+0000] {processor.py:157} INFO - Started process (PID=1523) to work on /home/airflow/.local/lib/python3.8/site-packages/airflow/example_dags/example_skip_dag.py
[2023-12-03T05:41:33.403+0000] {processor.py:829} INFO - Processing file /home/airflow/.local/lib/python3.8/site-packages/airflow/example_dags/example_skip_dag.py for tasks to queue
[2023-12-03T05:41:33.406+0000] {logging_mixin.py:151} INFO - [2023-12-03T05:41:33.405+0000] {dagbag.py:539} INFO - Filling up the DagBag from /home/airflow/.local/lib/python3.8/site-packages/airflow/example_dags/example_skip_dag.py
[2023-12-03T05:41:33.410+0000] {processor.py:839} INFO - DAG(s) dict_keys(['example_skip_dag']) retrieved from /home/airflow/.local/lib/python3.8/site-packages/airflow/example_dags/example_skip_dag.py
[2023-12-03T05:41:33.426+0000] {logging_mixin.py:151} INFO - [2023-12-03T05:41:33.426+0000] {dag.py:2915} INFO - Sync 1 DAGs
[2023-12-03T05:41:33.440+0000] {logging_mixin.py:151} INFO - [2023-12-03T05:41:33.440+0000] {dag.py:3696} INFO - Setting next_dagrun for example_skip_dag to 2023-12-02T05:41:33.440066+00:00, run_after=2023-12-03T05:41:33.440066+00:00
[2023-12-03T05:41:33.451+0000] {processor.py:179} INFO - Processing /home/airflow/.local/lib/python3.8/site-packages/airflow/example_dags/example_skip_dag.py took 0.053 seconds
[2023-12-03T05:42:03.775+0000] {processor.py:157} INFO - Started process (PID=1579) to work on /home/airflow/.local/lib/python3.8/site-packages/airflow/example_dags/example_skip_dag.py
[2023-12-03T05:42:03.777+0000] {processor.py:829} INFO - Processing file /home/airflow/.local/lib/python3.8/site-packages/airflow/example_dags/example_skip_dag.py for tasks to queue
[2023-12-03T05:42:03.779+0000] {logging_mixin.py:151} INFO - [2023-12-03T05:42:03.779+0000] {dagbag.py:539} INFO - Filling up the DagBag from /home/airflow/.local/lib/python3.8/site-packages/airflow/example_dags/example_skip_dag.py
[2023-12-03T05:42:03.783+0000] {processor.py:839} INFO - DAG(s) dict_keys(['example_skip_dag']) retrieved from /home/airflow/.local/lib/python3.8/site-packages/airflow/example_dags/example_skip_dag.py
[2023-12-03T05:42:03.799+0000] {logging_mixin.py:151} INFO - [2023-12-03T05:42:03.799+0000] {dag.py:2915} INFO - Sync 1 DAGs
[2023-12-03T05:42:03.813+0000] {logging_mixin.py:151} INFO - [2023-12-03T05:42:03.812+0000] {dag.py:3696} INFO - Setting next_dagrun for example_skip_dag to 2023-12-02T05:42:03.812743+00:00, run_after=2023-12-03T05:42:03.812743+00:00
[2023-12-03T05:42:03.829+0000] {processor.py:179} INFO - Processing /home/airflow/.local/lib/python3.8/site-packages/airflow/example_dags/example_skip_dag.py took 0.056 seconds
[2023-12-03T05:42:34.025+0000] {processor.py:157} INFO - Started process (PID=1635) to work on /home/airflow/.local/lib/python3.8/site-packages/airflow/example_dags/example_skip_dag.py
[2023-12-03T05:42:34.026+0000] {processor.py:829} INFO - Processing file /home/airflow/.local/lib/python3.8/site-packages/airflow/example_dags/example_skip_dag.py for tasks to queue
[2023-12-03T05:42:34.028+0000] {logging_mixin.py:151} INFO - [2023-12-03T05:42:34.028+0000] {dagbag.py:539} INFO - Filling up the DagBag from /home/airflow/.local/lib/python3.8/site-packages/airflow/example_dags/example_skip_dag.py
[2023-12-03T05:42:34.032+0000] {processor.py:839} INFO - DAG(s) dict_keys(['example_skip_dag']) retrieved from /home/airflow/.local/lib/python3.8/site-packages/airflow/example_dags/example_skip_dag.py
[2023-12-03T05:42:34.046+0000] {logging_mixin.py:151} INFO - [2023-12-03T05:42:34.046+0000] {dag.py:2915} INFO - Sync 1 DAGs
[2023-12-03T05:42:34.059+0000] {logging_mixin.py:151} INFO - [2023-12-03T05:42:34.059+0000] {dag.py:3696} INFO - Setting next_dagrun for example_skip_dag to 2023-12-02T05:42:34.059293+00:00, run_after=2023-12-03T05:42:34.059293+00:00
[2023-12-03T05:42:34.070+0000] {processor.py:179} INFO - Processing /home/airflow/.local/lib/python3.8/site-packages/airflow/example_dags/example_skip_dag.py took 0.048 seconds
[2023-12-03T05:43:04.097+0000] {processor.py:157} INFO - Started process (PID=1690) to work on /home/airflow/.local/lib/python3.8/site-packages/airflow/example_dags/example_skip_dag.py
[2023-12-03T05:43:04.099+0000] {processor.py:829} INFO - Processing file /home/airflow/.local/lib/python3.8/site-packages/airflow/example_dags/example_skip_dag.py for tasks to queue
[2023-12-03T05:43:04.102+0000] {logging_mixin.py:151} INFO - [2023-12-03T05:43:04.101+0000] {dagbag.py:539} INFO - Filling up the DagBag from /home/airflow/.local/lib/python3.8/site-packages/airflow/example_dags/example_skip_dag.py
[2023-12-03T05:43:04.106+0000] {processor.py:839} INFO - DAG(s) dict_keys(['example_skip_dag']) retrieved from /home/airflow/.local/lib/python3.8/site-packages/airflow/example_dags/example_skip_dag.py
[2023-12-03T05:43:04.121+0000] {logging_mixin.py:151} INFO - [2023-12-03T05:43:04.121+0000] {dag.py:2915} INFO - Sync 1 DAGs
[2023-12-03T05:43:04.135+0000] {logging_mixin.py:151} INFO - [2023-12-03T05:43:04.135+0000] {dag.py:3696} INFO - Setting next_dagrun for example_skip_dag to 2023-12-02T05:43:04.135364+00:00, run_after=2023-12-03T05:43:04.135364+00:00
[2023-12-03T05:43:04.147+0000] {processor.py:179} INFO - Processing /home/airflow/.local/lib/python3.8/site-packages/airflow/example_dags/example_skip_dag.py took 0.053 seconds
[2023-12-03T05:43:34.592+0000] {processor.py:157} INFO - Started process (PID=1747) to work on /home/airflow/.local/lib/python3.8/site-packages/airflow/example_dags/example_skip_dag.py
[2023-12-03T05:43:34.594+0000] {processor.py:829} INFO - Processing file /home/airflow/.local/lib/python3.8/site-packages/airflow/example_dags/example_skip_dag.py for tasks to queue
[2023-12-03T05:43:34.596+0000] {logging_mixin.py:151} INFO - [2023-12-03T05:43:34.595+0000] {dagbag.py:539} INFO - Filling up the DagBag from /home/airflow/.local/lib/python3.8/site-packages/airflow/example_dags/example_skip_dag.py
[2023-12-03T05:43:34.600+0000] {processor.py:839} INFO - DAG(s) dict_keys(['example_skip_dag']) retrieved from /home/airflow/.local/lib/python3.8/site-packages/airflow/example_dags/example_skip_dag.py
[2023-12-03T05:43:34.615+0000] {logging_mixin.py:151} INFO - [2023-12-03T05:43:34.615+0000] {dag.py:2915} INFO - Sync 1 DAGs
[2023-12-03T05:43:34.630+0000] {logging_mixin.py:151} INFO - [2023-12-03T05:43:34.630+0000] {dag.py:3696} INFO - Setting next_dagrun for example_skip_dag to 2023-12-02T05:43:34.630050+00:00, run_after=2023-12-03T05:43:34.630050+00:00
[2023-12-03T05:43:34.642+0000] {processor.py:179} INFO - Processing /home/airflow/.local/lib/python3.8/site-packages/airflow/example_dags/example_skip_dag.py took 0.053 seconds
[2023-12-03T05:44:04.941+0000] {processor.py:157} INFO - Started process (PID=1803) to work on /home/airflow/.local/lib/python3.8/site-packages/airflow/example_dags/example_skip_dag.py
[2023-12-03T05:44:04.942+0000] {processor.py:829} INFO - Processing file /home/airflow/.local/lib/python3.8/site-packages/airflow/example_dags/example_skip_dag.py for tasks to queue
[2023-12-03T05:44:04.944+0000] {logging_mixin.py:151} INFO - [2023-12-03T05:44:04.944+0000] {dagbag.py:539} INFO - Filling up the DagBag from /home/airflow/.local/lib/python3.8/site-packages/airflow/example_dags/example_skip_dag.py
[2023-12-03T05:44:04.949+0000] {processor.py:839} INFO - DAG(s) dict_keys(['example_skip_dag']) retrieved from /home/airflow/.local/lib/python3.8/site-packages/airflow/example_dags/example_skip_dag.py
[2023-12-03T05:44:04.965+0000] {logging_mixin.py:151} INFO - [2023-12-03T05:44:04.965+0000] {dag.py:2915} INFO - Sync 1 DAGs
[2023-12-03T05:44:04.980+0000] {logging_mixin.py:151} INFO - [2023-12-03T05:44:04.979+0000] {dag.py:3696} INFO - Setting next_dagrun for example_skip_dag to 2023-12-02T05:44:04.979709+00:00, run_after=2023-12-03T05:44:04.979709+00:00
[2023-12-03T05:44:04.990+0000] {processor.py:179} INFO - Processing /home/airflow/.local/lib/python3.8/site-packages/airflow/example_dags/example_skip_dag.py took 0.052 seconds
[2023-12-03T05:44:35.346+0000] {processor.py:157} INFO - Started process (PID=1859) to work on /home/airflow/.local/lib/python3.8/site-packages/airflow/example_dags/example_skip_dag.py
[2023-12-03T05:44:35.347+0000] {processor.py:829} INFO - Processing file /home/airflow/.local/lib/python3.8/site-packages/airflow/example_dags/example_skip_dag.py for tasks to queue
[2023-12-03T05:44:35.349+0000] {logging_mixin.py:151} INFO - [2023-12-03T05:44:35.349+0000] {dagbag.py:539} INFO - Filling up the DagBag from /home/airflow/.local/lib/python3.8/site-packages/airflow/example_dags/example_skip_dag.py
[2023-12-03T05:44:35.354+0000] {processor.py:839} INFO - DAG(s) dict_keys(['example_skip_dag']) retrieved from /home/airflow/.local/lib/python3.8/site-packages/airflow/example_dags/example_skip_dag.py
[2023-12-03T05:44:35.369+0000] {logging_mixin.py:151} INFO - [2023-12-03T05:44:35.369+0000] {dag.py:2915} INFO - Sync 1 DAGs
[2023-12-03T05:44:35.384+0000] {logging_mixin.py:151} INFO - [2023-12-03T05:44:35.383+0000] {dag.py:3696} INFO - Setting next_dagrun for example_skip_dag to 2023-12-02T05:44:35.383687+00:00, run_after=2023-12-03T05:44:35.383687+00:00
[2023-12-03T05:44:35.399+0000] {processor.py:179} INFO - Processing /home/airflow/.local/lib/python3.8/site-packages/airflow/example_dags/example_skip_dag.py took 0.056 seconds
[2023-12-03T05:45:05.510+0000] {processor.py:157} INFO - Started process (PID=1915) to work on /home/airflow/.local/lib/python3.8/site-packages/airflow/example_dags/example_skip_dag.py
[2023-12-03T05:45:05.512+0000] {processor.py:829} INFO - Processing file /home/airflow/.local/lib/python3.8/site-packages/airflow/example_dags/example_skip_dag.py for tasks to queue
[2023-12-03T05:45:05.514+0000] {logging_mixin.py:151} INFO - [2023-12-03T05:45:05.513+0000] {dagbag.py:539} INFO - Filling up the DagBag from /home/airflow/.local/lib/python3.8/site-packages/airflow/example_dags/example_skip_dag.py
[2023-12-03T05:45:05.518+0000] {processor.py:839} INFO - DAG(s) dict_keys(['example_skip_dag']) retrieved from /home/airflow/.local/lib/python3.8/site-packages/airflow/example_dags/example_skip_dag.py
[2023-12-03T05:45:05.534+0000] {logging_mixin.py:151} INFO - [2023-12-03T05:45:05.534+0000] {dag.py:2915} INFO - Sync 1 DAGs
[2023-12-03T05:45:05.548+0000] {logging_mixin.py:151} INFO - [2023-12-03T05:45:05.547+0000] {dag.py:3696} INFO - Setting next_dagrun for example_skip_dag to 2023-12-02T05:45:05.547772+00:00, run_after=2023-12-03T05:45:05.547772+00:00
[2023-12-03T05:45:05.559+0000] {processor.py:179} INFO - Processing /home/airflow/.local/lib/python3.8/site-packages/airflow/example_dags/example_skip_dag.py took 0.052 seconds
[2023-12-03T05:45:36.036+0000] {processor.py:157} INFO - Started process (PID=1971) to work on /home/airflow/.local/lib/python3.8/site-packages/airflow/example_dags/example_skip_dag.py
[2023-12-03T05:45:36.039+0000] {processor.py:829} INFO - Processing file /home/airflow/.local/lib/python3.8/site-packages/airflow/example_dags/example_skip_dag.py for tasks to queue
[2023-12-03T05:45:36.041+0000] {logging_mixin.py:151} INFO - [2023-12-03T05:45:36.041+0000] {dagbag.py:539} INFO - Filling up the DagBag from /home/airflow/.local/lib/python3.8/site-packages/airflow/example_dags/example_skip_dag.py
[2023-12-03T05:45:36.046+0000] {processor.py:839} INFO - DAG(s) dict_keys(['example_skip_dag']) retrieved from /home/airflow/.local/lib/python3.8/site-packages/airflow/example_dags/example_skip_dag.py
[2023-12-03T05:45:36.061+0000] {logging_mixin.py:151} INFO - [2023-12-03T05:45:36.060+0000] {dag.py:2915} INFO - Sync 1 DAGs
[2023-12-03T05:45:36.074+0000] {logging_mixin.py:151} INFO - [2023-12-03T05:45:36.074+0000] {dag.py:3696} INFO - Setting next_dagrun for example_skip_dag to 2023-12-02T05:45:36.074525+00:00, run_after=2023-12-03T05:45:36.074525+00:00
[2023-12-03T05:45:36.086+0000] {processor.py:179} INFO - Processing /home/airflow/.local/lib/python3.8/site-packages/airflow/example_dags/example_skip_dag.py took 0.052 seconds
[2023-12-03T05:46:06.218+0000] {processor.py:157} INFO - Started process (PID=2027) to work on /home/airflow/.local/lib/python3.8/site-packages/airflow/example_dags/example_skip_dag.py
[2023-12-03T05:46:06.219+0000] {processor.py:829} INFO - Processing file /home/airflow/.local/lib/python3.8/site-packages/airflow/example_dags/example_skip_dag.py for tasks to queue
[2023-12-03T05:46:06.221+0000] {logging_mixin.py:151} INFO - [2023-12-03T05:46:06.221+0000] {dagbag.py:539} INFO - Filling up the DagBag from /home/airflow/.local/lib/python3.8/site-packages/airflow/example_dags/example_skip_dag.py
[2023-12-03T05:46:06.226+0000] {processor.py:839} INFO - DAG(s) dict_keys(['example_skip_dag']) retrieved from /home/airflow/.local/lib/python3.8/site-packages/airflow/example_dags/example_skip_dag.py
[2023-12-03T05:46:06.241+0000] {logging_mixin.py:151} INFO - [2023-12-03T05:46:06.241+0000] {dag.py:2915} INFO - Sync 1 DAGs
[2023-12-03T05:46:06.255+0000] {logging_mixin.py:151} INFO - [2023-12-03T05:46:06.255+0000] {dag.py:3696} INFO - Setting next_dagrun for example_skip_dag to 2023-12-02T05:46:06.255333+00:00, run_after=2023-12-03T05:46:06.255333+00:00
[2023-12-03T05:46:06.266+0000] {processor.py:179} INFO - Processing /home/airflow/.local/lib/python3.8/site-packages/airflow/example_dags/example_skip_dag.py took 0.051 seconds
[2023-12-03T05:46:36.601+0000] {processor.py:157} INFO - Started process (PID=2083) to work on /home/airflow/.local/lib/python3.8/site-packages/airflow/example_dags/example_skip_dag.py
[2023-12-03T05:46:36.604+0000] {processor.py:829} INFO - Processing file /home/airflow/.local/lib/python3.8/site-packages/airflow/example_dags/example_skip_dag.py for tasks to queue
[2023-12-03T05:46:36.606+0000] {logging_mixin.py:151} INFO - [2023-12-03T05:46:36.606+0000] {dagbag.py:539} INFO - Filling up the DagBag from /home/airflow/.local/lib/python3.8/site-packages/airflow/example_dags/example_skip_dag.py
[2023-12-03T05:46:36.610+0000] {processor.py:839} INFO - DAG(s) dict_keys(['example_skip_dag']) retrieved from /home/airflow/.local/lib/python3.8/site-packages/airflow/example_dags/example_skip_dag.py
[2023-12-03T05:46:36.624+0000] {logging_mixin.py:151} INFO - [2023-12-03T05:46:36.624+0000] {dag.py:2915} INFO - Sync 1 DAGs
[2023-12-03T05:46:36.637+0000] {logging_mixin.py:151} INFO - [2023-12-03T05:46:36.637+0000] {dag.py:3696} INFO - Setting next_dagrun for example_skip_dag to 2023-12-02T05:46:36.637504+00:00, run_after=2023-12-03T05:46:36.637504+00:00
[2023-12-03T05:46:36.649+0000] {processor.py:179} INFO - Processing /home/airflow/.local/lib/python3.8/site-packages/airflow/example_dags/example_skip_dag.py took 0.050 seconds
[2023-12-03T05:47:07.021+0000] {processor.py:157} INFO - Started process (PID=2139) to work on /home/airflow/.local/lib/python3.8/site-packages/airflow/example_dags/example_skip_dag.py
[2023-12-03T05:47:07.022+0000] {processor.py:829} INFO - Processing file /home/airflow/.local/lib/python3.8/site-packages/airflow/example_dags/example_skip_dag.py for tasks to queue
[2023-12-03T05:47:07.024+0000] {logging_mixin.py:151} INFO - [2023-12-03T05:47:07.024+0000] {dagbag.py:539} INFO - Filling up the DagBag from /home/airflow/.local/lib/python3.8/site-packages/airflow/example_dags/example_skip_dag.py
[2023-12-03T05:47:07.029+0000] {processor.py:839} INFO - DAG(s) dict_keys(['example_skip_dag']) retrieved from /home/airflow/.local/lib/python3.8/site-packages/airflow/example_dags/example_skip_dag.py
[2023-12-03T05:47:07.044+0000] {logging_mixin.py:151} INFO - [2023-12-03T05:47:07.044+0000] {dag.py:2915} INFO - Sync 1 DAGs
[2023-12-03T05:47:07.058+0000] {logging_mixin.py:151} INFO - [2023-12-03T05:47:07.058+0000] {dag.py:3696} INFO - Setting next_dagrun for example_skip_dag to 2023-12-02T05:47:07.058019+00:00, run_after=2023-12-03T05:47:07.058019+00:00
[2023-12-03T05:47:07.068+0000] {processor.py:179} INFO - Processing /home/airflow/.local/lib/python3.8/site-packages/airflow/example_dags/example_skip_dag.py took 0.051 seconds
[2023-12-03T05:47:37.134+0000] {processor.py:157} INFO - Started process (PID=2195) to work on /home/airflow/.local/lib/python3.8/site-packages/airflow/example_dags/example_skip_dag.py
[2023-12-03T05:47:37.135+0000] {processor.py:829} INFO - Processing file /home/airflow/.local/lib/python3.8/site-packages/airflow/example_dags/example_skip_dag.py for tasks to queue
[2023-12-03T05:47:37.137+0000] {logging_mixin.py:151} INFO - [2023-12-03T05:47:37.137+0000] {dagbag.py:539} INFO - Filling up the DagBag from /home/airflow/.local/lib/python3.8/site-packages/airflow/example_dags/example_skip_dag.py
[2023-12-03T05:47:37.141+0000] {processor.py:839} INFO - DAG(s) dict_keys(['example_skip_dag']) retrieved from /home/airflow/.local/lib/python3.8/site-packages/airflow/example_dags/example_skip_dag.py
[2023-12-03T05:47:37.155+0000] {logging_mixin.py:151} INFO - [2023-12-03T05:47:37.155+0000] {dag.py:2915} INFO - Sync 1 DAGs
[2023-12-03T05:47:37.169+0000] {logging_mixin.py:151} INFO - [2023-12-03T05:47:37.168+0000] {dag.py:3696} INFO - Setting next_dagrun for example_skip_dag to 2023-12-02T05:47:37.168711+00:00, run_after=2023-12-03T05:47:37.168711+00:00
[2023-12-03T05:47:37.180+0000] {processor.py:179} INFO - Processing /home/airflow/.local/lib/python3.8/site-packages/airflow/example_dags/example_skip_dag.py took 0.048 seconds
