[2023-12-03T04:52:33.986+0000] {processor.py:157} INFO - Started process (PID=77) to work on /home/airflow/.local/lib/python3.8/site-packages/airflow/example_dags/example_sensors.py
[2023-12-03T04:52:33.987+0000] {processor.py:829} INFO - Processing file /home/airflow/.local/lib/python3.8/site-packages/airflow/example_dags/example_sensors.py for tasks to queue
[2023-12-03T04:52:33.990+0000] {logging_mixin.py:151} INFO - [2023-12-03T04:52:33.990+0000] {dagbag.py:539} INFO - Filling up the DagBag from /home/airflow/.local/lib/python3.8/site-packages/airflow/example_dags/example_sensors.py
[2023-12-03T04:52:33.999+0000] {processor.py:839} INFO - DAG(s) dict_keys(['example_sensors']) retrieved from /home/airflow/.local/lib/python3.8/site-packages/airflow/example_dags/example_sensors.py
[2023-12-03T04:52:34.082+0000] {logging_mixin.py:151} INFO - [2023-12-03T04:52:34.082+0000] {manager.py:499} INFO - Created Permission View: %s
[2023-12-03T04:52:34.092+0000] {logging_mixin.py:151} INFO - [2023-12-03T04:52:34.092+0000] {manager.py:499} INFO - Created Permission View: %s
[2023-12-03T04:52:34.097+0000] {logging_mixin.py:151} INFO - [2023-12-03T04:52:34.097+0000] {manager.py:499} INFO - Created Permission View: %s
[2023-12-03T04:52:34.098+0000] {logging_mixin.py:151} INFO - [2023-12-03T04:52:34.098+0000] {security.py:708} INFO - Not syncing DAG-level permissions for DAG 'DAG:example_sensors' as access control is unset.
[2023-12-03T04:52:34.099+0000] {logging_mixin.py:151} INFO - [2023-12-03T04:52:34.099+0000] {dag.py:2915} INFO - Sync 1 DAGs
[2023-12-03T04:52:34.107+0000] {logging_mixin.py:151} INFO - [2023-12-03T04:52:34.107+0000] {dag.py:2937} INFO - Creating ORM DAG for example_sensors
[2023-12-03T04:52:34.108+0000] {logging_mixin.py:151} INFO - [2023-12-03T04:52:34.108+0000] {dag.py:3696} INFO - Setting next_dagrun for example_sensors to None, run_after=None
[2023-12-03T04:52:34.121+0000] {processor.py:179} INFO - Processing /home/airflow/.local/lib/python3.8/site-packages/airflow/example_dags/example_sensors.py took 0.138 seconds
[2023-12-03T04:53:05.515+0000] {processor.py:157} INFO - Started process (PID=133) to work on /home/airflow/.local/lib/python3.8/site-packages/airflow/example_dags/example_sensors.py
[2023-12-03T04:53:05.527+0000] {processor.py:829} INFO - Processing file /home/airflow/.local/lib/python3.8/site-packages/airflow/example_dags/example_sensors.py for tasks to queue
[2023-12-03T04:53:05.535+0000] {logging_mixin.py:151} INFO - [2023-12-03T04:53:05.534+0000] {dagbag.py:539} INFO - Filling up the DagBag from /home/airflow/.local/lib/python3.8/site-packages/airflow/example_dags/example_sensors.py
[2023-12-03T04:53:05.555+0000] {processor.py:839} INFO - DAG(s) dict_keys(['example_sensors']) retrieved from /home/airflow/.local/lib/python3.8/site-packages/airflow/example_dags/example_sensors.py
[2023-12-03T04:53:05.620+0000] {logging_mixin.py:151} INFO - [2023-12-03T04:53:05.619+0000] {dag.py:2915} INFO - Sync 1 DAGs
[2023-12-03T04:53:05.677+0000] {logging_mixin.py:151} INFO - [2023-12-03T04:53:05.677+0000] {dag.py:3696} INFO - Setting next_dagrun for example_sensors to None, run_after=None
[2023-12-03T04:53:05.700+0000] {processor.py:179} INFO - Processing /home/airflow/.local/lib/python3.8/site-packages/airflow/example_dags/example_sensors.py took 0.189 seconds
[2023-12-03T04:53:38.356+0000] {processor.py:157} INFO - Started process (PID=189) to work on /home/airflow/.local/lib/python3.8/site-packages/airflow/example_dags/example_sensors.py
[2023-12-03T04:53:38.357+0000] {processor.py:829} INFO - Processing file /home/airflow/.local/lib/python3.8/site-packages/airflow/example_dags/example_sensors.py for tasks to queue
[2023-12-03T04:53:38.360+0000] {logging_mixin.py:151} INFO - [2023-12-03T04:53:38.360+0000] {dagbag.py:539} INFO - Filling up the DagBag from /home/airflow/.local/lib/python3.8/site-packages/airflow/example_dags/example_sensors.py
[2023-12-03T04:53:38.369+0000] {processor.py:839} INFO - DAG(s) dict_keys(['example_sensors']) retrieved from /home/airflow/.local/lib/python3.8/site-packages/airflow/example_dags/example_sensors.py
[2023-12-03T04:53:38.392+0000] {logging_mixin.py:151} INFO - [2023-12-03T04:53:38.392+0000] {dag.py:2915} INFO - Sync 1 DAGs
[2023-12-03T04:53:38.402+0000] {logging_mixin.py:151} INFO - [2023-12-03T04:53:38.402+0000] {dag.py:3696} INFO - Setting next_dagrun for example_sensors to None, run_after=None
[2023-12-03T04:53:38.448+0000] {processor.py:179} INFO - Processing /home/airflow/.local/lib/python3.8/site-packages/airflow/example_dags/example_sensors.py took 0.095 seconds
[2023-12-03T04:54:09.221+0000] {processor.py:157} INFO - Started process (PID=245) to work on /home/airflow/.local/lib/python3.8/site-packages/airflow/example_dags/example_sensors.py
[2023-12-03T04:54:09.232+0000] {processor.py:829} INFO - Processing file /home/airflow/.local/lib/python3.8/site-packages/airflow/example_dags/example_sensors.py for tasks to queue
[2023-12-03T04:54:09.236+0000] {logging_mixin.py:151} INFO - [2023-12-03T04:54:09.236+0000] {dagbag.py:539} INFO - Filling up the DagBag from /home/airflow/.local/lib/python3.8/site-packages/airflow/example_dags/example_sensors.py
[2023-12-03T04:54:09.247+0000] {processor.py:839} INFO - DAG(s) dict_keys(['example_sensors']) retrieved from /home/airflow/.local/lib/python3.8/site-packages/airflow/example_dags/example_sensors.py
[2023-12-03T04:54:09.283+0000] {logging_mixin.py:151} INFO - [2023-12-03T04:54:09.283+0000] {dag.py:2915} INFO - Sync 1 DAGs
[2023-12-03T04:54:09.295+0000] {logging_mixin.py:151} INFO - [2023-12-03T04:54:09.295+0000] {dag.py:3696} INFO - Setting next_dagrun for example_sensors to None, run_after=None
[2023-12-03T04:54:09.324+0000] {processor.py:179} INFO - Processing /home/airflow/.local/lib/python3.8/site-packages/airflow/example_dags/example_sensors.py took 0.106 seconds
[2023-12-03T04:54:39.736+0000] {processor.py:157} INFO - Started process (PID=301) to work on /home/airflow/.local/lib/python3.8/site-packages/airflow/example_dags/example_sensors.py
[2023-12-03T04:54:39.737+0000] {processor.py:829} INFO - Processing file /home/airflow/.local/lib/python3.8/site-packages/airflow/example_dags/example_sensors.py for tasks to queue
[2023-12-03T04:54:39.740+0000] {logging_mixin.py:151} INFO - [2023-12-03T04:54:39.740+0000] {dagbag.py:539} INFO - Filling up the DagBag from /home/airflow/.local/lib/python3.8/site-packages/airflow/example_dags/example_sensors.py
[2023-12-03T04:54:39.750+0000] {processor.py:839} INFO - DAG(s) dict_keys(['example_sensors']) retrieved from /home/airflow/.local/lib/python3.8/site-packages/airflow/example_dags/example_sensors.py
[2023-12-03T04:54:39.776+0000] {logging_mixin.py:151} INFO - [2023-12-03T04:54:39.776+0000] {dag.py:2915} INFO - Sync 1 DAGs
[2023-12-03T04:54:39.789+0000] {logging_mixin.py:151} INFO - [2023-12-03T04:54:39.789+0000] {dag.py:3696} INFO - Setting next_dagrun for example_sensors to None, run_after=None
[2023-12-03T04:54:39.814+0000] {processor.py:179} INFO - Processing /home/airflow/.local/lib/python3.8/site-packages/airflow/example_dags/example_sensors.py took 0.082 seconds
[2023-12-03T04:55:12.733+0000] {processor.py:157} INFO - Started process (PID=357) to work on /home/airflow/.local/lib/python3.8/site-packages/airflow/example_dags/example_sensors.py
[2023-12-03T04:55:12.736+0000] {processor.py:829} INFO - Processing file /home/airflow/.local/lib/python3.8/site-packages/airflow/example_dags/example_sensors.py for tasks to queue
[2023-12-03T04:55:12.739+0000] {logging_mixin.py:151} INFO - [2023-12-03T04:55:12.738+0000] {dagbag.py:539} INFO - Filling up the DagBag from /home/airflow/.local/lib/python3.8/site-packages/airflow/example_dags/example_sensors.py
[2023-12-03T04:55:12.751+0000] {processor.py:839} INFO - DAG(s) dict_keys(['example_sensors']) retrieved from /home/airflow/.local/lib/python3.8/site-packages/airflow/example_dags/example_sensors.py
[2023-12-03T04:55:12.954+0000] {logging_mixin.py:151} INFO - [2023-12-03T04:55:12.954+0000] {dag.py:2915} INFO - Sync 1 DAGs
[2023-12-03T04:55:12.978+0000] {logging_mixin.py:151} INFO - [2023-12-03T04:55:12.977+0000] {dag.py:3696} INFO - Setting next_dagrun for example_sensors to None, run_after=None
[2023-12-03T04:55:13.013+0000] {processor.py:179} INFO - Processing /home/airflow/.local/lib/python3.8/site-packages/airflow/example_dags/example_sensors.py took 0.284 seconds
[2023-12-03T04:55:45.068+0000] {processor.py:157} INFO - Started process (PID=413) to work on /home/airflow/.local/lib/python3.8/site-packages/airflow/example_dags/example_sensors.py
[2023-12-03T04:55:45.086+0000] {processor.py:829} INFO - Processing file /home/airflow/.local/lib/python3.8/site-packages/airflow/example_dags/example_sensors.py for tasks to queue
[2023-12-03T04:55:45.090+0000] {logging_mixin.py:151} INFO - [2023-12-03T04:55:45.089+0000] {dagbag.py:539} INFO - Filling up the DagBag from /home/airflow/.local/lib/python3.8/site-packages/airflow/example_dags/example_sensors.py
[2023-12-03T04:55:45.099+0000] {processor.py:839} INFO - DAG(s) dict_keys(['example_sensors']) retrieved from /home/airflow/.local/lib/python3.8/site-packages/airflow/example_dags/example_sensors.py
[2023-12-03T04:55:45.121+0000] {logging_mixin.py:151} INFO - [2023-12-03T04:55:45.121+0000] {dag.py:2915} INFO - Sync 1 DAGs
[2023-12-03T04:55:45.137+0000] {logging_mixin.py:151} INFO - [2023-12-03T04:55:45.137+0000] {dag.py:3696} INFO - Setting next_dagrun for example_sensors to None, run_after=None
[2023-12-03T04:55:45.155+0000] {processor.py:179} INFO - Processing /home/airflow/.local/lib/python3.8/site-packages/airflow/example_dags/example_sensors.py took 0.091 seconds
[2023-12-03T04:56:15.260+0000] {processor.py:157} INFO - Started process (PID=469) to work on /home/airflow/.local/lib/python3.8/site-packages/airflow/example_dags/example_sensors.py
[2023-12-03T04:56:15.261+0000] {processor.py:829} INFO - Processing file /home/airflow/.local/lib/python3.8/site-packages/airflow/example_dags/example_sensors.py for tasks to queue
[2023-12-03T04:56:15.263+0000] {logging_mixin.py:151} INFO - [2023-12-03T04:56:15.263+0000] {dagbag.py:539} INFO - Filling up the DagBag from /home/airflow/.local/lib/python3.8/site-packages/airflow/example_dags/example_sensors.py
[2023-12-03T04:56:15.271+0000] {processor.py:839} INFO - DAG(s) dict_keys(['example_sensors']) retrieved from /home/airflow/.local/lib/python3.8/site-packages/airflow/example_dags/example_sensors.py
[2023-12-03T04:56:15.293+0000] {logging_mixin.py:151} INFO - [2023-12-03T04:56:15.293+0000] {dag.py:2915} INFO - Sync 1 DAGs
[2023-12-03T04:56:15.302+0000] {logging_mixin.py:151} INFO - [2023-12-03T04:56:15.302+0000] {dag.py:3696} INFO - Setting next_dagrun for example_sensors to None, run_after=None
[2023-12-03T04:56:15.316+0000] {processor.py:179} INFO - Processing /home/airflow/.local/lib/python3.8/site-packages/airflow/example_dags/example_sensors.py took 0.059 seconds
[2023-12-03T04:57:22.275+0000] {processor.py:157} INFO - Started process (PID=77) to work on /home/airflow/.local/lib/python3.8/site-packages/airflow/example_dags/example_sensors.py
[2023-12-03T04:57:22.278+0000] {processor.py:829} INFO - Processing file /home/airflow/.local/lib/python3.8/site-packages/airflow/example_dags/example_sensors.py for tasks to queue
[2023-12-03T04:57:22.283+0000] {logging_mixin.py:151} INFO - [2023-12-03T04:57:22.283+0000] {dagbag.py:539} INFO - Filling up the DagBag from /home/airflow/.local/lib/python3.8/site-packages/airflow/example_dags/example_sensors.py
[2023-12-03T04:57:22.302+0000] {processor.py:839} INFO - DAG(s) dict_keys(['example_sensors']) retrieved from /home/airflow/.local/lib/python3.8/site-packages/airflow/example_dags/example_sensors.py
[2023-12-03T04:57:22.323+0000] {logging_mixin.py:151} INFO - [2023-12-03T04:57:22.323+0000] {dag.py:2915} INFO - Sync 1 DAGs
[2023-12-03T04:57:22.339+0000] {logging_mixin.py:151} INFO - [2023-12-03T04:57:22.339+0000] {dag.py:3696} INFO - Setting next_dagrun for example_sensors to None, run_after=None
[2023-12-03T04:57:22.356+0000] {processor.py:179} INFO - Processing /home/airflow/.local/lib/python3.8/site-packages/airflow/example_dags/example_sensors.py took 0.087 seconds
[2023-12-03T04:57:52.581+0000] {processor.py:157} INFO - Started process (PID=133) to work on /home/airflow/.local/lib/python3.8/site-packages/airflow/example_dags/example_sensors.py
[2023-12-03T04:57:52.582+0000] {processor.py:829} INFO - Processing file /home/airflow/.local/lib/python3.8/site-packages/airflow/example_dags/example_sensors.py for tasks to queue
[2023-12-03T04:57:52.584+0000] {logging_mixin.py:151} INFO - [2023-12-03T04:57:52.584+0000] {dagbag.py:539} INFO - Filling up the DagBag from /home/airflow/.local/lib/python3.8/site-packages/airflow/example_dags/example_sensors.py
[2023-12-03T04:57:52.590+0000] {processor.py:839} INFO - DAG(s) dict_keys(['example_sensors']) retrieved from /home/airflow/.local/lib/python3.8/site-packages/airflow/example_dags/example_sensors.py
[2023-12-03T04:57:52.609+0000] {logging_mixin.py:151} INFO - [2023-12-03T04:57:52.609+0000] {dag.py:2915} INFO - Sync 1 DAGs
[2023-12-03T04:57:52.618+0000] {logging_mixin.py:151} INFO - [2023-12-03T04:57:52.617+0000] {dag.py:3696} INFO - Setting next_dagrun for example_sensors to None, run_after=None
[2023-12-03T04:57:52.629+0000] {processor.py:179} INFO - Processing /home/airflow/.local/lib/python3.8/site-packages/airflow/example_dags/example_sensors.py took 0.051 seconds
[2023-12-03T04:58:22.871+0000] {processor.py:157} INFO - Started process (PID=189) to work on /home/airflow/.local/lib/python3.8/site-packages/airflow/example_dags/example_sensors.py
[2023-12-03T04:58:22.872+0000] {processor.py:829} INFO - Processing file /home/airflow/.local/lib/python3.8/site-packages/airflow/example_dags/example_sensors.py for tasks to queue
[2023-12-03T04:58:22.874+0000] {logging_mixin.py:151} INFO - [2023-12-03T04:58:22.874+0000] {dagbag.py:539} INFO - Filling up the DagBag from /home/airflow/.local/lib/python3.8/site-packages/airflow/example_dags/example_sensors.py
[2023-12-03T04:58:22.880+0000] {processor.py:839} INFO - DAG(s) dict_keys(['example_sensors']) retrieved from /home/airflow/.local/lib/python3.8/site-packages/airflow/example_dags/example_sensors.py
[2023-12-03T04:58:22.901+0000] {logging_mixin.py:151} INFO - [2023-12-03T04:58:22.901+0000] {dag.py:2915} INFO - Sync 1 DAGs
[2023-12-03T04:58:22.911+0000] {logging_mixin.py:151} INFO - [2023-12-03T04:58:22.911+0000] {dag.py:3696} INFO - Setting next_dagrun for example_sensors to None, run_after=None
[2023-12-03T04:58:22.924+0000] {processor.py:179} INFO - Processing /home/airflow/.local/lib/python3.8/site-packages/airflow/example_dags/example_sensors.py took 0.057 seconds
[2023-12-03T04:58:53.486+0000] {processor.py:157} INFO - Started process (PID=245) to work on /home/airflow/.local/lib/python3.8/site-packages/airflow/example_dags/example_sensors.py
[2023-12-03T04:58:53.487+0000] {processor.py:829} INFO - Processing file /home/airflow/.local/lib/python3.8/site-packages/airflow/example_dags/example_sensors.py for tasks to queue
[2023-12-03T04:58:53.488+0000] {logging_mixin.py:151} INFO - [2023-12-03T04:58:53.488+0000] {dagbag.py:539} INFO - Filling up the DagBag from /home/airflow/.local/lib/python3.8/site-packages/airflow/example_dags/example_sensors.py
[2023-12-03T04:58:53.495+0000] {processor.py:839} INFO - DAG(s) dict_keys(['example_sensors']) retrieved from /home/airflow/.local/lib/python3.8/site-packages/airflow/example_dags/example_sensors.py
[2023-12-03T04:58:53.515+0000] {logging_mixin.py:151} INFO - [2023-12-03T04:58:53.515+0000] {dag.py:2915} INFO - Sync 1 DAGs
[2023-12-03T04:58:53.523+0000] {logging_mixin.py:151} INFO - [2023-12-03T04:58:53.523+0000] {dag.py:3696} INFO - Setting next_dagrun for example_sensors to None, run_after=None
[2023-12-03T04:58:53.535+0000] {processor.py:179} INFO - Processing /home/airflow/.local/lib/python3.8/site-packages/airflow/example_dags/example_sensors.py took 0.052 seconds
[2023-12-03T04:59:23.756+0000] {processor.py:157} INFO - Started process (PID=301) to work on /home/airflow/.local/lib/python3.8/site-packages/airflow/example_dags/example_sensors.py
[2023-12-03T04:59:23.757+0000] {processor.py:829} INFO - Processing file /home/airflow/.local/lib/python3.8/site-packages/airflow/example_dags/example_sensors.py for tasks to queue
[2023-12-03T04:59:23.759+0000] {logging_mixin.py:151} INFO - [2023-12-03T04:59:23.759+0000] {dagbag.py:539} INFO - Filling up the DagBag from /home/airflow/.local/lib/python3.8/site-packages/airflow/example_dags/example_sensors.py
[2023-12-03T04:59:23.766+0000] {processor.py:839} INFO - DAG(s) dict_keys(['example_sensors']) retrieved from /home/airflow/.local/lib/python3.8/site-packages/airflow/example_dags/example_sensors.py
[2023-12-03T04:59:23.784+0000] {logging_mixin.py:151} INFO - [2023-12-03T04:59:23.783+0000] {dag.py:2915} INFO - Sync 1 DAGs
[2023-12-03T04:59:23.792+0000] {logging_mixin.py:151} INFO - [2023-12-03T04:59:23.792+0000] {dag.py:3696} INFO - Setting next_dagrun for example_sensors to None, run_after=None
[2023-12-03T04:59:23.804+0000] {processor.py:179} INFO - Processing /home/airflow/.local/lib/python3.8/site-packages/airflow/example_dags/example_sensors.py took 0.051 seconds
[2023-12-03T04:59:54.214+0000] {processor.py:157} INFO - Started process (PID=357) to work on /home/airflow/.local/lib/python3.8/site-packages/airflow/example_dags/example_sensors.py
[2023-12-03T04:59:54.216+0000] {processor.py:829} INFO - Processing file /home/airflow/.local/lib/python3.8/site-packages/airflow/example_dags/example_sensors.py for tasks to queue
[2023-12-03T04:59:54.218+0000] {logging_mixin.py:151} INFO - [2023-12-03T04:59:54.218+0000] {dagbag.py:539} INFO - Filling up the DagBag from /home/airflow/.local/lib/python3.8/site-packages/airflow/example_dags/example_sensors.py
[2023-12-03T04:59:54.226+0000] {processor.py:839} INFO - DAG(s) dict_keys(['example_sensors']) retrieved from /home/airflow/.local/lib/python3.8/site-packages/airflow/example_dags/example_sensors.py
[2023-12-03T04:59:54.246+0000] {logging_mixin.py:151} INFO - [2023-12-03T04:59:54.246+0000] {dag.py:2915} INFO - Sync 1 DAGs
[2023-12-03T04:59:54.255+0000] {logging_mixin.py:151} INFO - [2023-12-03T04:59:54.255+0000] {dag.py:3696} INFO - Setting next_dagrun for example_sensors to None, run_after=None
[2023-12-03T04:59:54.267+0000] {processor.py:179} INFO - Processing /home/airflow/.local/lib/python3.8/site-packages/airflow/example_dags/example_sensors.py took 0.056 seconds
[2023-12-03T05:00:24.701+0000] {processor.py:157} INFO - Started process (PID=413) to work on /home/airflow/.local/lib/python3.8/site-packages/airflow/example_dags/example_sensors.py
[2023-12-03T05:00:24.702+0000] {processor.py:829} INFO - Processing file /home/airflow/.local/lib/python3.8/site-packages/airflow/example_dags/example_sensors.py for tasks to queue
[2023-12-03T05:00:24.704+0000] {logging_mixin.py:151} INFO - [2023-12-03T05:00:24.704+0000] {dagbag.py:539} INFO - Filling up the DagBag from /home/airflow/.local/lib/python3.8/site-packages/airflow/example_dags/example_sensors.py
[2023-12-03T05:00:24.710+0000] {processor.py:839} INFO - DAG(s) dict_keys(['example_sensors']) retrieved from /home/airflow/.local/lib/python3.8/site-packages/airflow/example_dags/example_sensors.py
[2023-12-03T05:00:24.729+0000] {logging_mixin.py:151} INFO - [2023-12-03T05:00:24.729+0000] {dag.py:2915} INFO - Sync 1 DAGs
[2023-12-03T05:00:24.738+0000] {logging_mixin.py:151} INFO - [2023-12-03T05:00:24.738+0000] {dag.py:3696} INFO - Setting next_dagrun for example_sensors to None, run_after=None
[2023-12-03T05:00:24.750+0000] {processor.py:179} INFO - Processing /home/airflow/.local/lib/python3.8/site-packages/airflow/example_dags/example_sensors.py took 0.052 seconds
[2023-12-03T05:08:10.584+0000] {processor.py:157} INFO - Started process (PID=77) to work on /home/airflow/.local/lib/python3.8/site-packages/airflow/example_dags/example_sensors.py
[2023-12-03T05:08:10.589+0000] {processor.py:829} INFO - Processing file /home/airflow/.local/lib/python3.8/site-packages/airflow/example_dags/example_sensors.py for tasks to queue
[2023-12-03T05:08:10.596+0000] {logging_mixin.py:151} INFO - [2023-12-03T05:08:10.595+0000] {dagbag.py:539} INFO - Filling up the DagBag from /home/airflow/.local/lib/python3.8/site-packages/airflow/example_dags/example_sensors.py
[2023-12-03T05:08:10.611+0000] {processor.py:839} INFO - DAG(s) dict_keys(['example_sensors']) retrieved from /home/airflow/.local/lib/python3.8/site-packages/airflow/example_dags/example_sensors.py
[2023-12-03T05:08:10.631+0000] {logging_mixin.py:151} INFO - [2023-12-03T05:08:10.631+0000] {dag.py:2915} INFO - Sync 1 DAGs
[2023-12-03T05:08:10.643+0000] {logging_mixin.py:151} INFO - [2023-12-03T05:08:10.643+0000] {dag.py:3696} INFO - Setting next_dagrun for example_sensors to None, run_after=None
[2023-12-03T05:08:10.668+0000] {processor.py:179} INFO - Processing /home/airflow/.local/lib/python3.8/site-packages/airflow/example_dags/example_sensors.py took 0.089 seconds
[2023-12-03T05:08:41.098+0000] {processor.py:157} INFO - Started process (PID=133) to work on /home/airflow/.local/lib/python3.8/site-packages/airflow/example_dags/example_sensors.py
[2023-12-03T05:08:41.100+0000] {processor.py:829} INFO - Processing file /home/airflow/.local/lib/python3.8/site-packages/airflow/example_dags/example_sensors.py for tasks to queue
[2023-12-03T05:08:41.101+0000] {logging_mixin.py:151} INFO - [2023-12-03T05:08:41.101+0000] {dagbag.py:539} INFO - Filling up the DagBag from /home/airflow/.local/lib/python3.8/site-packages/airflow/example_dags/example_sensors.py
[2023-12-03T05:08:41.107+0000] {processor.py:839} INFO - DAG(s) dict_keys(['example_sensors']) retrieved from /home/airflow/.local/lib/python3.8/site-packages/airflow/example_dags/example_sensors.py
[2023-12-03T05:08:41.124+0000] {logging_mixin.py:151} INFO - [2023-12-03T05:08:41.124+0000] {dag.py:2915} INFO - Sync 1 DAGs
[2023-12-03T05:08:41.132+0000] {logging_mixin.py:151} INFO - [2023-12-03T05:08:41.132+0000] {dag.py:3696} INFO - Setting next_dagrun for example_sensors to None, run_after=None
[2023-12-03T05:08:41.144+0000] {processor.py:179} INFO - Processing /home/airflow/.local/lib/python3.8/site-packages/airflow/example_dags/example_sensors.py took 0.048 seconds
[2023-12-03T05:09:11.516+0000] {processor.py:157} INFO - Started process (PID=189) to work on /home/airflow/.local/lib/python3.8/site-packages/airflow/example_dags/example_sensors.py
[2023-12-03T05:09:11.517+0000] {processor.py:829} INFO - Processing file /home/airflow/.local/lib/python3.8/site-packages/airflow/example_dags/example_sensors.py for tasks to queue
[2023-12-03T05:09:11.519+0000] {logging_mixin.py:151} INFO - [2023-12-03T05:09:11.519+0000] {dagbag.py:539} INFO - Filling up the DagBag from /home/airflow/.local/lib/python3.8/site-packages/airflow/example_dags/example_sensors.py
[2023-12-03T05:09:11.525+0000] {processor.py:839} INFO - DAG(s) dict_keys(['example_sensors']) retrieved from /home/airflow/.local/lib/python3.8/site-packages/airflow/example_dags/example_sensors.py
[2023-12-03T05:09:11.542+0000] {logging_mixin.py:151} INFO - [2023-12-03T05:09:11.542+0000] {dag.py:2915} INFO - Sync 1 DAGs
[2023-12-03T05:09:11.551+0000] {logging_mixin.py:151} INFO - [2023-12-03T05:09:11.551+0000] {dag.py:3696} INFO - Setting next_dagrun for example_sensors to None, run_after=None
[2023-12-03T05:09:11.564+0000] {processor.py:179} INFO - Processing /home/airflow/.local/lib/python3.8/site-packages/airflow/example_dags/example_sensors.py took 0.050 seconds
[2023-12-03T05:11:39.497+0000] {processor.py:157} INFO - Started process (PID=77) to work on /home/airflow/.local/lib/python3.8/site-packages/airflow/example_dags/example_sensors.py
[2023-12-03T05:11:39.498+0000] {processor.py:829} INFO - Processing file /home/airflow/.local/lib/python3.8/site-packages/airflow/example_dags/example_sensors.py for tasks to queue
[2023-12-03T05:11:39.501+0000] {logging_mixin.py:151} INFO - [2023-12-03T05:11:39.501+0000] {dagbag.py:539} INFO - Filling up the DagBag from /home/airflow/.local/lib/python3.8/site-packages/airflow/example_dags/example_sensors.py
[2023-12-03T05:11:39.514+0000] {processor.py:839} INFO - DAG(s) dict_keys(['example_sensors']) retrieved from /home/airflow/.local/lib/python3.8/site-packages/airflow/example_dags/example_sensors.py
[2023-12-03T05:11:39.524+0000] {logging_mixin.py:151} INFO - [2023-12-03T05:11:39.524+0000] {dag.py:2915} INFO - Sync 1 DAGs
[2023-12-03T05:11:39.539+0000] {logging_mixin.py:151} INFO - [2023-12-03T05:11:39.539+0000] {dag.py:3696} INFO - Setting next_dagrun for example_sensors to None, run_after=None
[2023-12-03T05:11:39.558+0000] {processor.py:179} INFO - Processing /home/airflow/.local/lib/python3.8/site-packages/airflow/example_dags/example_sensors.py took 0.064 seconds
[2023-12-03T05:12:09.702+0000] {processor.py:157} INFO - Started process (PID=133) to work on /home/airflow/.local/lib/python3.8/site-packages/airflow/example_dags/example_sensors.py
[2023-12-03T05:12:09.703+0000] {processor.py:829} INFO - Processing file /home/airflow/.local/lib/python3.8/site-packages/airflow/example_dags/example_sensors.py for tasks to queue
[2023-12-03T05:12:09.705+0000] {logging_mixin.py:151} INFO - [2023-12-03T05:12:09.705+0000] {dagbag.py:539} INFO - Filling up the DagBag from /home/airflow/.local/lib/python3.8/site-packages/airflow/example_dags/example_sensors.py
[2023-12-03T05:12:09.711+0000] {processor.py:839} INFO - DAG(s) dict_keys(['example_sensors']) retrieved from /home/airflow/.local/lib/python3.8/site-packages/airflow/example_dags/example_sensors.py
[2023-12-03T05:12:09.728+0000] {logging_mixin.py:151} INFO - [2023-12-03T05:12:09.728+0000] {dag.py:2915} INFO - Sync 1 DAGs
[2023-12-03T05:12:09.736+0000] {logging_mixin.py:151} INFO - [2023-12-03T05:12:09.736+0000] {dag.py:3696} INFO - Setting next_dagrun for example_sensors to None, run_after=None
[2023-12-03T05:12:09.747+0000] {processor.py:179} INFO - Processing /home/airflow/.local/lib/python3.8/site-packages/airflow/example_dags/example_sensors.py took 0.047 seconds
[2023-12-03T05:12:43.323+0000] {processor.py:157} INFO - Started process (PID=209) to work on /home/airflow/.local/lib/python3.8/site-packages/airflow/example_dags/example_sensors.py
[2023-12-03T05:12:43.334+0000] {processor.py:829} INFO - Processing file /home/airflow/.local/lib/python3.8/site-packages/airflow/example_dags/example_sensors.py for tasks to queue
[2023-12-03T05:12:43.343+0000] {logging_mixin.py:151} INFO - [2023-12-03T05:12:43.343+0000] {dagbag.py:539} INFO - Filling up the DagBag from /home/airflow/.local/lib/python3.8/site-packages/airflow/example_dags/example_sensors.py
[2023-12-03T05:12:43.364+0000] {processor.py:839} INFO - DAG(s) dict_keys(['example_sensors']) retrieved from /home/airflow/.local/lib/python3.8/site-packages/airflow/example_dags/example_sensors.py
[2023-12-03T05:12:43.400+0000] {logging_mixin.py:151} INFO - [2023-12-03T05:12:43.399+0000] {dag.py:2915} INFO - Sync 1 DAGs
[2023-12-03T05:12:43.409+0000] {logging_mixin.py:151} INFO - [2023-12-03T05:12:43.409+0000] {dag.py:3696} INFO - Setting next_dagrun for example_sensors to None, run_after=None
[2023-12-03T05:12:43.440+0000] {processor.py:179} INFO - Processing /home/airflow/.local/lib/python3.8/site-packages/airflow/example_dags/example_sensors.py took 0.120 seconds
[2023-12-03T05:13:14.339+0000] {processor.py:157} INFO - Started process (PID=265) to work on /home/airflow/.local/lib/python3.8/site-packages/airflow/example_dags/example_sensors.py
[2023-12-03T05:13:14.340+0000] {processor.py:829} INFO - Processing file /home/airflow/.local/lib/python3.8/site-packages/airflow/example_dags/example_sensors.py for tasks to queue
[2023-12-03T05:13:14.342+0000] {logging_mixin.py:151} INFO - [2023-12-03T05:13:14.342+0000] {dagbag.py:539} INFO - Filling up the DagBag from /home/airflow/.local/lib/python3.8/site-packages/airflow/example_dags/example_sensors.py
[2023-12-03T05:13:14.348+0000] {processor.py:839} INFO - DAG(s) dict_keys(['example_sensors']) retrieved from /home/airflow/.local/lib/python3.8/site-packages/airflow/example_dags/example_sensors.py
[2023-12-03T05:13:14.367+0000] {logging_mixin.py:151} INFO - [2023-12-03T05:13:14.367+0000] {dag.py:2915} INFO - Sync 1 DAGs
[2023-12-03T05:13:14.375+0000] {logging_mixin.py:151} INFO - [2023-12-03T05:13:14.375+0000] {dag.py:3696} INFO - Setting next_dagrun for example_sensors to None, run_after=None
[2023-12-03T05:13:14.388+0000] {processor.py:179} INFO - Processing /home/airflow/.local/lib/python3.8/site-packages/airflow/example_dags/example_sensors.py took 0.052 seconds
[2023-12-03T05:13:44.610+0000] {processor.py:157} INFO - Started process (PID=321) to work on /home/airflow/.local/lib/python3.8/site-packages/airflow/example_dags/example_sensors.py
[2023-12-03T05:13:44.611+0000] {processor.py:829} INFO - Processing file /home/airflow/.local/lib/python3.8/site-packages/airflow/example_dags/example_sensors.py for tasks to queue
[2023-12-03T05:13:44.613+0000] {logging_mixin.py:151} INFO - [2023-12-03T05:13:44.613+0000] {dagbag.py:539} INFO - Filling up the DagBag from /home/airflow/.local/lib/python3.8/site-packages/airflow/example_dags/example_sensors.py
[2023-12-03T05:13:44.619+0000] {processor.py:839} INFO - DAG(s) dict_keys(['example_sensors']) retrieved from /home/airflow/.local/lib/python3.8/site-packages/airflow/example_dags/example_sensors.py
[2023-12-03T05:13:44.636+0000] {logging_mixin.py:151} INFO - [2023-12-03T05:13:44.636+0000] {dag.py:2915} INFO - Sync 1 DAGs
[2023-12-03T05:13:44.644+0000] {logging_mixin.py:151} INFO - [2023-12-03T05:13:44.644+0000] {dag.py:3696} INFO - Setting next_dagrun for example_sensors to None, run_after=None
[2023-12-03T05:13:44.656+0000] {processor.py:179} INFO - Processing /home/airflow/.local/lib/python3.8/site-packages/airflow/example_dags/example_sensors.py took 0.049 seconds
[2023-12-03T05:14:14.921+0000] {processor.py:157} INFO - Started process (PID=377) to work on /home/airflow/.local/lib/python3.8/site-packages/airflow/example_dags/example_sensors.py
[2023-12-03T05:14:14.923+0000] {processor.py:829} INFO - Processing file /home/airflow/.local/lib/python3.8/site-packages/airflow/example_dags/example_sensors.py for tasks to queue
[2023-12-03T05:14:14.925+0000] {logging_mixin.py:151} INFO - [2023-12-03T05:14:14.925+0000] {dagbag.py:539} INFO - Filling up the DagBag from /home/airflow/.local/lib/python3.8/site-packages/airflow/example_dags/example_sensors.py
[2023-12-03T05:14:14.932+0000] {processor.py:839} INFO - DAG(s) dict_keys(['example_sensors']) retrieved from /home/airflow/.local/lib/python3.8/site-packages/airflow/example_dags/example_sensors.py
[2023-12-03T05:14:14.949+0000] {logging_mixin.py:151} INFO - [2023-12-03T05:14:14.948+0000] {dag.py:2915} INFO - Sync 1 DAGs
[2023-12-03T05:14:14.957+0000] {logging_mixin.py:151} INFO - [2023-12-03T05:14:14.956+0000] {dag.py:3696} INFO - Setting next_dagrun for example_sensors to None, run_after=None
[2023-12-03T05:14:14.968+0000] {processor.py:179} INFO - Processing /home/airflow/.local/lib/python3.8/site-packages/airflow/example_dags/example_sensors.py took 0.050 seconds
[2023-12-03T05:14:45.213+0000] {processor.py:157} INFO - Started process (PID=433) to work on /home/airflow/.local/lib/python3.8/site-packages/airflow/example_dags/example_sensors.py
[2023-12-03T05:14:45.214+0000] {processor.py:829} INFO - Processing file /home/airflow/.local/lib/python3.8/site-packages/airflow/example_dags/example_sensors.py for tasks to queue
[2023-12-03T05:14:45.216+0000] {logging_mixin.py:151} INFO - [2023-12-03T05:14:45.216+0000] {dagbag.py:539} INFO - Filling up the DagBag from /home/airflow/.local/lib/python3.8/site-packages/airflow/example_dags/example_sensors.py
[2023-12-03T05:14:45.222+0000] {processor.py:839} INFO - DAG(s) dict_keys(['example_sensors']) retrieved from /home/airflow/.local/lib/python3.8/site-packages/airflow/example_dags/example_sensors.py
[2023-12-03T05:14:45.238+0000] {logging_mixin.py:151} INFO - [2023-12-03T05:14:45.238+0000] {dag.py:2915} INFO - Sync 1 DAGs
[2023-12-03T05:14:45.246+0000] {logging_mixin.py:151} INFO - [2023-12-03T05:14:45.246+0000] {dag.py:3696} INFO - Setting next_dagrun for example_sensors to None, run_after=None
[2023-12-03T05:14:45.259+0000] {processor.py:179} INFO - Processing /home/airflow/.local/lib/python3.8/site-packages/airflow/example_dags/example_sensors.py took 0.049 seconds
[2023-12-03T05:15:15.499+0000] {processor.py:157} INFO - Started process (PID=489) to work on /home/airflow/.local/lib/python3.8/site-packages/airflow/example_dags/example_sensors.py
[2023-12-03T05:15:15.502+0000] {processor.py:829} INFO - Processing file /home/airflow/.local/lib/python3.8/site-packages/airflow/example_dags/example_sensors.py for tasks to queue
[2023-12-03T05:15:15.504+0000] {logging_mixin.py:151} INFO - [2023-12-03T05:15:15.504+0000] {dagbag.py:539} INFO - Filling up the DagBag from /home/airflow/.local/lib/python3.8/site-packages/airflow/example_dags/example_sensors.py
[2023-12-03T05:15:15.511+0000] {processor.py:839} INFO - DAG(s) dict_keys(['example_sensors']) retrieved from /home/airflow/.local/lib/python3.8/site-packages/airflow/example_dags/example_sensors.py
[2023-12-03T05:15:15.529+0000] {logging_mixin.py:151} INFO - [2023-12-03T05:15:15.528+0000] {dag.py:2915} INFO - Sync 1 DAGs
[2023-12-03T05:15:15.536+0000] {logging_mixin.py:151} INFO - [2023-12-03T05:15:15.536+0000] {dag.py:3696} INFO - Setting next_dagrun for example_sensors to None, run_after=None
[2023-12-03T05:15:15.548+0000] {processor.py:179} INFO - Processing /home/airflow/.local/lib/python3.8/site-packages/airflow/example_dags/example_sensors.py took 0.051 seconds
[2023-12-03T05:15:45.889+0000] {processor.py:157} INFO - Started process (PID=545) to work on /home/airflow/.local/lib/python3.8/site-packages/airflow/example_dags/example_sensors.py
[2023-12-03T05:15:45.890+0000] {processor.py:829} INFO - Processing file /home/airflow/.local/lib/python3.8/site-packages/airflow/example_dags/example_sensors.py for tasks to queue
[2023-12-03T05:15:45.892+0000] {logging_mixin.py:151} INFO - [2023-12-03T05:15:45.892+0000] {dagbag.py:539} INFO - Filling up the DagBag from /home/airflow/.local/lib/python3.8/site-packages/airflow/example_dags/example_sensors.py
[2023-12-03T05:15:45.898+0000] {processor.py:839} INFO - DAG(s) dict_keys(['example_sensors']) retrieved from /home/airflow/.local/lib/python3.8/site-packages/airflow/example_dags/example_sensors.py
[2023-12-03T05:15:45.915+0000] {logging_mixin.py:151} INFO - [2023-12-03T05:15:45.914+0000] {dag.py:2915} INFO - Sync 1 DAGs
[2023-12-03T05:15:45.922+0000] {logging_mixin.py:151} INFO - [2023-12-03T05:15:45.922+0000] {dag.py:3696} INFO - Setting next_dagrun for example_sensors to None, run_after=None
[2023-12-03T05:15:45.934+0000] {processor.py:179} INFO - Processing /home/airflow/.local/lib/python3.8/site-packages/airflow/example_dags/example_sensors.py took 0.047 seconds
[2023-12-03T05:16:16.444+0000] {processor.py:157} INFO - Started process (PID=601) to work on /home/airflow/.local/lib/python3.8/site-packages/airflow/example_dags/example_sensors.py
[2023-12-03T05:16:16.445+0000] {processor.py:829} INFO - Processing file /home/airflow/.local/lib/python3.8/site-packages/airflow/example_dags/example_sensors.py for tasks to queue
[2023-12-03T05:16:16.447+0000] {logging_mixin.py:151} INFO - [2023-12-03T05:16:16.447+0000] {dagbag.py:539} INFO - Filling up the DagBag from /home/airflow/.local/lib/python3.8/site-packages/airflow/example_dags/example_sensors.py
[2023-12-03T05:16:16.453+0000] {processor.py:839} INFO - DAG(s) dict_keys(['example_sensors']) retrieved from /home/airflow/.local/lib/python3.8/site-packages/airflow/example_dags/example_sensors.py
[2023-12-03T05:16:16.470+0000] {logging_mixin.py:151} INFO - [2023-12-03T05:16:16.470+0000] {dag.py:2915} INFO - Sync 1 DAGs
[2023-12-03T05:16:16.478+0000] {logging_mixin.py:151} INFO - [2023-12-03T05:16:16.478+0000] {dag.py:3696} INFO - Setting next_dagrun for example_sensors to None, run_after=None
[2023-12-03T05:16:16.489+0000] {processor.py:179} INFO - Processing /home/airflow/.local/lib/python3.8/site-packages/airflow/example_dags/example_sensors.py took 0.048 seconds
[2023-12-03T05:16:46.841+0000] {processor.py:157} INFO - Started process (PID=657) to work on /home/airflow/.local/lib/python3.8/site-packages/airflow/example_dags/example_sensors.py
[2023-12-03T05:16:46.842+0000] {processor.py:829} INFO - Processing file /home/airflow/.local/lib/python3.8/site-packages/airflow/example_dags/example_sensors.py for tasks to queue
[2023-12-03T05:16:46.844+0000] {logging_mixin.py:151} INFO - [2023-12-03T05:16:46.844+0000] {dagbag.py:539} INFO - Filling up the DagBag from /home/airflow/.local/lib/python3.8/site-packages/airflow/example_dags/example_sensors.py
[2023-12-03T05:16:46.851+0000] {processor.py:839} INFO - DAG(s) dict_keys(['example_sensors']) retrieved from /home/airflow/.local/lib/python3.8/site-packages/airflow/example_dags/example_sensors.py
[2023-12-03T05:16:46.870+0000] {logging_mixin.py:151} INFO - [2023-12-03T05:16:46.869+0000] {dag.py:2915} INFO - Sync 1 DAGs
[2023-12-03T05:16:46.878+0000] {logging_mixin.py:151} INFO - [2023-12-03T05:16:46.878+0000] {dag.py:3696} INFO - Setting next_dagrun for example_sensors to None, run_after=None
[2023-12-03T05:16:46.890+0000] {processor.py:179} INFO - Processing /home/airflow/.local/lib/python3.8/site-packages/airflow/example_dags/example_sensors.py took 0.052 seconds
[2023-12-03T05:17:17.157+0000] {processor.py:157} INFO - Started process (PID=713) to work on /home/airflow/.local/lib/python3.8/site-packages/airflow/example_dags/example_sensors.py
[2023-12-03T05:17:17.158+0000] {processor.py:829} INFO - Processing file /home/airflow/.local/lib/python3.8/site-packages/airflow/example_dags/example_sensors.py for tasks to queue
[2023-12-03T05:17:17.159+0000] {logging_mixin.py:151} INFO - [2023-12-03T05:17:17.159+0000] {dagbag.py:539} INFO - Filling up the DagBag from /home/airflow/.local/lib/python3.8/site-packages/airflow/example_dags/example_sensors.py
[2023-12-03T05:17:17.166+0000] {processor.py:839} INFO - DAG(s) dict_keys(['example_sensors']) retrieved from /home/airflow/.local/lib/python3.8/site-packages/airflow/example_dags/example_sensors.py
[2023-12-03T05:17:17.183+0000] {logging_mixin.py:151} INFO - [2023-12-03T05:17:17.183+0000] {dag.py:2915} INFO - Sync 1 DAGs
[2023-12-03T05:17:17.191+0000] {logging_mixin.py:151} INFO - [2023-12-03T05:17:17.191+0000] {dag.py:3696} INFO - Setting next_dagrun for example_sensors to None, run_after=None
[2023-12-03T05:17:17.203+0000] {processor.py:179} INFO - Processing /home/airflow/.local/lib/python3.8/site-packages/airflow/example_dags/example_sensors.py took 0.049 seconds
[2023-12-03T05:17:47.507+0000] {processor.py:157} INFO - Started process (PID=769) to work on /home/airflow/.local/lib/python3.8/site-packages/airflow/example_dags/example_sensors.py
[2023-12-03T05:17:47.508+0000] {processor.py:829} INFO - Processing file /home/airflow/.local/lib/python3.8/site-packages/airflow/example_dags/example_sensors.py for tasks to queue
[2023-12-03T05:17:47.510+0000] {logging_mixin.py:151} INFO - [2023-12-03T05:17:47.509+0000] {dagbag.py:539} INFO - Filling up the DagBag from /home/airflow/.local/lib/python3.8/site-packages/airflow/example_dags/example_sensors.py
[2023-12-03T05:17:47.517+0000] {processor.py:839} INFO - DAG(s) dict_keys(['example_sensors']) retrieved from /home/airflow/.local/lib/python3.8/site-packages/airflow/example_dags/example_sensors.py
[2023-12-03T05:17:47.535+0000] {logging_mixin.py:151} INFO - [2023-12-03T05:17:47.535+0000] {dag.py:2915} INFO - Sync 1 DAGs
[2023-12-03T05:17:47.543+0000] {logging_mixin.py:151} INFO - [2023-12-03T05:17:47.543+0000] {dag.py:3696} INFO - Setting next_dagrun for example_sensors to None, run_after=None
[2023-12-03T05:17:47.555+0000] {processor.py:179} INFO - Processing /home/airflow/.local/lib/python3.8/site-packages/airflow/example_dags/example_sensors.py took 0.051 seconds
[2023-12-03T05:18:17.919+0000] {processor.py:157} INFO - Started process (PID=825) to work on /home/airflow/.local/lib/python3.8/site-packages/airflow/example_dags/example_sensors.py
[2023-12-03T05:18:17.921+0000] {processor.py:829} INFO - Processing file /home/airflow/.local/lib/python3.8/site-packages/airflow/example_dags/example_sensors.py for tasks to queue
[2023-12-03T05:18:17.923+0000] {logging_mixin.py:151} INFO - [2023-12-03T05:18:17.923+0000] {dagbag.py:539} INFO - Filling up the DagBag from /home/airflow/.local/lib/python3.8/site-packages/airflow/example_dags/example_sensors.py
[2023-12-03T05:18:17.930+0000] {processor.py:839} INFO - DAG(s) dict_keys(['example_sensors']) retrieved from /home/airflow/.local/lib/python3.8/site-packages/airflow/example_dags/example_sensors.py
[2023-12-03T05:18:17.953+0000] {logging_mixin.py:151} INFO - [2023-12-03T05:18:17.953+0000] {dag.py:2915} INFO - Sync 1 DAGs
[2023-12-03T05:18:17.961+0000] {logging_mixin.py:151} INFO - [2023-12-03T05:18:17.961+0000] {dag.py:3696} INFO - Setting next_dagrun for example_sensors to None, run_after=None
[2023-12-03T05:18:17.972+0000] {processor.py:179} INFO - Processing /home/airflow/.local/lib/python3.8/site-packages/airflow/example_dags/example_sensors.py took 0.057 seconds
[2023-12-03T05:24:02.949+0000] {processor.py:157} INFO - Started process (PID=881) to work on /home/airflow/.local/lib/python3.8/site-packages/airflow/example_dags/example_sensors.py
[2023-12-03T05:24:02.949+0000] {processor.py:829} INFO - Processing file /home/airflow/.local/lib/python3.8/site-packages/airflow/example_dags/example_sensors.py for tasks to queue
[2023-12-03T05:24:02.951+0000] {logging_mixin.py:151} INFO - [2023-12-03T05:24:02.951+0000] {dagbag.py:539} INFO - Filling up the DagBag from /home/airflow/.local/lib/python3.8/site-packages/airflow/example_dags/example_sensors.py
[2023-12-03T05:24:02.957+0000] {processor.py:839} INFO - DAG(s) dict_keys(['example_sensors']) retrieved from /home/airflow/.local/lib/python3.8/site-packages/airflow/example_dags/example_sensors.py
[2023-12-03T05:24:02.973+0000] {logging_mixin.py:151} INFO - [2023-12-03T05:24:02.973+0000] {dag.py:2915} INFO - Sync 1 DAGs
[2023-12-03T05:24:02.982+0000] {logging_mixin.py:151} INFO - [2023-12-03T05:24:02.982+0000] {dag.py:3696} INFO - Setting next_dagrun for example_sensors to None, run_after=None
[2023-12-03T05:24:02.992+0000] {processor.py:179} INFO - Processing /home/airflow/.local/lib/python3.8/site-packages/airflow/example_dags/example_sensors.py took 0.046 seconds
[2023-12-03T05:24:33.888+0000] {processor.py:157} INFO - Started process (PID=937) to work on /home/airflow/.local/lib/python3.8/site-packages/airflow/example_dags/example_sensors.py
[2023-12-03T05:24:33.889+0000] {processor.py:829} INFO - Processing file /home/airflow/.local/lib/python3.8/site-packages/airflow/example_dags/example_sensors.py for tasks to queue
[2023-12-03T05:24:33.890+0000] {logging_mixin.py:151} INFO - [2023-12-03T05:24:33.890+0000] {dagbag.py:539} INFO - Filling up the DagBag from /home/airflow/.local/lib/python3.8/site-packages/airflow/example_dags/example_sensors.py
[2023-12-03T05:24:33.897+0000] {processor.py:839} INFO - DAG(s) dict_keys(['example_sensors']) retrieved from /home/airflow/.local/lib/python3.8/site-packages/airflow/example_dags/example_sensors.py
[2023-12-03T05:24:33.914+0000] {logging_mixin.py:151} INFO - [2023-12-03T05:24:33.914+0000] {dag.py:2915} INFO - Sync 1 DAGs
[2023-12-03T05:24:33.923+0000] {logging_mixin.py:151} INFO - [2023-12-03T05:24:33.923+0000] {dag.py:3696} INFO - Setting next_dagrun for example_sensors to None, run_after=None
[2023-12-03T05:24:33.934+0000] {processor.py:179} INFO - Processing /home/airflow/.local/lib/python3.8/site-packages/airflow/example_dags/example_sensors.py took 0.049 seconds
[2023-12-03T05:28:25.241+0000] {processor.py:157} INFO - Started process (PID=75) to work on /home/airflow/.local/lib/python3.8/site-packages/airflow/example_dags/example_sensors.py
[2023-12-03T05:28:25.242+0000] {processor.py:829} INFO - Processing file /home/airflow/.local/lib/python3.8/site-packages/airflow/example_dags/example_sensors.py for tasks to queue
[2023-12-03T05:28:25.244+0000] {logging_mixin.py:151} INFO - [2023-12-03T05:28:25.244+0000] {dagbag.py:539} INFO - Filling up the DagBag from /home/airflow/.local/lib/python3.8/site-packages/airflow/example_dags/example_sensors.py
[2023-12-03T05:28:25.251+0000] {processor.py:839} INFO - DAG(s) dict_keys(['example_sensors']) retrieved from /home/airflow/.local/lib/python3.8/site-packages/airflow/example_dags/example_sensors.py
[2023-12-03T05:28:25.260+0000] {logging_mixin.py:151} INFO - [2023-12-03T05:28:25.260+0000] {dag.py:2915} INFO - Sync 1 DAGs
[2023-12-03T05:28:25.270+0000] {logging_mixin.py:151} INFO - [2023-12-03T05:28:25.269+0000] {dag.py:3696} INFO - Setting next_dagrun for example_sensors to None, run_after=None
[2023-12-03T05:28:25.281+0000] {processor.py:179} INFO - Processing /home/airflow/.local/lib/python3.8/site-packages/airflow/example_dags/example_sensors.py took 0.043 seconds
[2023-12-03T05:28:55.460+0000] {processor.py:157} INFO - Started process (PID=131) to work on /home/airflow/.local/lib/python3.8/site-packages/airflow/example_dags/example_sensors.py
[2023-12-03T05:28:55.461+0000] {processor.py:829} INFO - Processing file /home/airflow/.local/lib/python3.8/site-packages/airflow/example_dags/example_sensors.py for tasks to queue
[2023-12-03T05:28:55.463+0000] {logging_mixin.py:151} INFO - [2023-12-03T05:28:55.463+0000] {dagbag.py:539} INFO - Filling up the DagBag from /home/airflow/.local/lib/python3.8/site-packages/airflow/example_dags/example_sensors.py
[2023-12-03T05:28:55.469+0000] {processor.py:839} INFO - DAG(s) dict_keys(['example_sensors']) retrieved from /home/airflow/.local/lib/python3.8/site-packages/airflow/example_dags/example_sensors.py
[2023-12-03T05:28:55.487+0000] {logging_mixin.py:151} INFO - [2023-12-03T05:28:55.487+0000] {dag.py:2915} INFO - Sync 1 DAGs
[2023-12-03T05:28:55.494+0000] {logging_mixin.py:151} INFO - [2023-12-03T05:28:55.494+0000] {dag.py:3696} INFO - Setting next_dagrun for example_sensors to None, run_after=None
[2023-12-03T05:28:55.505+0000] {processor.py:179} INFO - Processing /home/airflow/.local/lib/python3.8/site-packages/airflow/example_dags/example_sensors.py took 0.047 seconds
[2023-12-03T05:29:25.646+0000] {processor.py:157} INFO - Started process (PID=187) to work on /home/airflow/.local/lib/python3.8/site-packages/airflow/example_dags/example_sensors.py
[2023-12-03T05:29:25.647+0000] {processor.py:829} INFO - Processing file /home/airflow/.local/lib/python3.8/site-packages/airflow/example_dags/example_sensors.py for tasks to queue
[2023-12-03T05:29:25.649+0000] {logging_mixin.py:151} INFO - [2023-12-03T05:29:25.649+0000] {dagbag.py:539} INFO - Filling up the DagBag from /home/airflow/.local/lib/python3.8/site-packages/airflow/example_dags/example_sensors.py
[2023-12-03T05:29:25.655+0000] {processor.py:839} INFO - DAG(s) dict_keys(['example_sensors']) retrieved from /home/airflow/.local/lib/python3.8/site-packages/airflow/example_dags/example_sensors.py
[2023-12-03T05:29:25.672+0000] {logging_mixin.py:151} INFO - [2023-12-03T05:29:25.672+0000] {dag.py:2915} INFO - Sync 1 DAGs
[2023-12-03T05:29:25.680+0000] {logging_mixin.py:151} INFO - [2023-12-03T05:29:25.680+0000] {dag.py:3696} INFO - Setting next_dagrun for example_sensors to None, run_after=None
[2023-12-03T05:29:25.691+0000] {processor.py:179} INFO - Processing /home/airflow/.local/lib/python3.8/site-packages/airflow/example_dags/example_sensors.py took 0.047 seconds
[2023-12-03T05:29:55.882+0000] {processor.py:157} INFO - Started process (PID=243) to work on /home/airflow/.local/lib/python3.8/site-packages/airflow/example_dags/example_sensors.py
[2023-12-03T05:29:55.883+0000] {processor.py:829} INFO - Processing file /home/airflow/.local/lib/python3.8/site-packages/airflow/example_dags/example_sensors.py for tasks to queue
[2023-12-03T05:29:55.884+0000] {logging_mixin.py:151} INFO - [2023-12-03T05:29:55.884+0000] {dagbag.py:539} INFO - Filling up the DagBag from /home/airflow/.local/lib/python3.8/site-packages/airflow/example_dags/example_sensors.py
[2023-12-03T05:29:55.891+0000] {processor.py:839} INFO - DAG(s) dict_keys(['example_sensors']) retrieved from /home/airflow/.local/lib/python3.8/site-packages/airflow/example_dags/example_sensors.py
[2023-12-03T05:29:55.907+0000] {logging_mixin.py:151} INFO - [2023-12-03T05:29:55.907+0000] {dag.py:2915} INFO - Sync 1 DAGs
[2023-12-03T05:29:55.915+0000] {logging_mixin.py:151} INFO - [2023-12-03T05:29:55.915+0000] {dag.py:3696} INFO - Setting next_dagrun for example_sensors to None, run_after=None
[2023-12-03T05:29:55.925+0000] {processor.py:179} INFO - Processing /home/airflow/.local/lib/python3.8/site-packages/airflow/example_dags/example_sensors.py took 0.046 seconds
[2023-12-03T05:30:26.053+0000] {processor.py:157} INFO - Started process (PID=299) to work on /home/airflow/.local/lib/python3.8/site-packages/airflow/example_dags/example_sensors.py
[2023-12-03T05:30:26.054+0000] {processor.py:829} INFO - Processing file /home/airflow/.local/lib/python3.8/site-packages/airflow/example_dags/example_sensors.py for tasks to queue
[2023-12-03T05:30:26.056+0000] {logging_mixin.py:151} INFO - [2023-12-03T05:30:26.055+0000] {dagbag.py:539} INFO - Filling up the DagBag from /home/airflow/.local/lib/python3.8/site-packages/airflow/example_dags/example_sensors.py
[2023-12-03T05:30:26.062+0000] {processor.py:839} INFO - DAG(s) dict_keys(['example_sensors']) retrieved from /home/airflow/.local/lib/python3.8/site-packages/airflow/example_dags/example_sensors.py
[2023-12-03T05:30:26.078+0000] {logging_mixin.py:151} INFO - [2023-12-03T05:30:26.078+0000] {dag.py:2915} INFO - Sync 1 DAGs
[2023-12-03T05:30:26.086+0000] {logging_mixin.py:151} INFO - [2023-12-03T05:30:26.086+0000] {dag.py:3696} INFO - Setting next_dagrun for example_sensors to None, run_after=None
[2023-12-03T05:30:26.098+0000] {processor.py:179} INFO - Processing /home/airflow/.local/lib/python3.8/site-packages/airflow/example_dags/example_sensors.py took 0.047 seconds
[2023-12-03T05:30:56.471+0000] {processor.py:157} INFO - Started process (PID=355) to work on /home/airflow/.local/lib/python3.8/site-packages/airflow/example_dags/example_sensors.py
[2023-12-03T05:30:56.472+0000] {processor.py:829} INFO - Processing file /home/airflow/.local/lib/python3.8/site-packages/airflow/example_dags/example_sensors.py for tasks to queue
[2023-12-03T05:30:56.473+0000] {logging_mixin.py:151} INFO - [2023-12-03T05:30:56.473+0000] {dagbag.py:539} INFO - Filling up the DagBag from /home/airflow/.local/lib/python3.8/site-packages/airflow/example_dags/example_sensors.py
[2023-12-03T05:30:56.479+0000] {processor.py:839} INFO - DAG(s) dict_keys(['example_sensors']) retrieved from /home/airflow/.local/lib/python3.8/site-packages/airflow/example_dags/example_sensors.py
[2023-12-03T05:30:56.496+0000] {logging_mixin.py:151} INFO - [2023-12-03T05:30:56.495+0000] {dag.py:2915} INFO - Sync 1 DAGs
[2023-12-03T05:30:56.503+0000] {logging_mixin.py:151} INFO - [2023-12-03T05:30:56.503+0000] {dag.py:3696} INFO - Setting next_dagrun for example_sensors to None, run_after=None
[2023-12-03T05:30:56.512+0000] {processor.py:179} INFO - Processing /home/airflow/.local/lib/python3.8/site-packages/airflow/example_dags/example_sensors.py took 0.044 seconds
[2023-12-03T05:31:26.939+0000] {processor.py:157} INFO - Started process (PID=411) to work on /home/airflow/.local/lib/python3.8/site-packages/airflow/example_dags/example_sensors.py
[2023-12-03T05:31:26.940+0000] {processor.py:829} INFO - Processing file /home/airflow/.local/lib/python3.8/site-packages/airflow/example_dags/example_sensors.py for tasks to queue
[2023-12-03T05:31:26.941+0000] {logging_mixin.py:151} INFO - [2023-12-03T05:31:26.941+0000] {dagbag.py:539} INFO - Filling up the DagBag from /home/airflow/.local/lib/python3.8/site-packages/airflow/example_dags/example_sensors.py
[2023-12-03T05:31:26.947+0000] {processor.py:839} INFO - DAG(s) dict_keys(['example_sensors']) retrieved from /home/airflow/.local/lib/python3.8/site-packages/airflow/example_dags/example_sensors.py
[2023-12-03T05:31:26.963+0000] {logging_mixin.py:151} INFO - [2023-12-03T05:31:26.963+0000] {dag.py:2915} INFO - Sync 1 DAGs
[2023-12-03T05:31:26.970+0000] {logging_mixin.py:151} INFO - [2023-12-03T05:31:26.970+0000] {dag.py:3696} INFO - Setting next_dagrun for example_sensors to None, run_after=None
[2023-12-03T05:31:26.980+0000] {processor.py:179} INFO - Processing /home/airflow/.local/lib/python3.8/site-packages/airflow/example_dags/example_sensors.py took 0.044 seconds
[2023-12-03T05:31:57.361+0000] {processor.py:157} INFO - Started process (PID=467) to work on /home/airflow/.local/lib/python3.8/site-packages/airflow/example_dags/example_sensors.py
[2023-12-03T05:31:57.363+0000] {processor.py:829} INFO - Processing file /home/airflow/.local/lib/python3.8/site-packages/airflow/example_dags/example_sensors.py for tasks to queue
[2023-12-03T05:31:57.365+0000] {logging_mixin.py:151} INFO - [2023-12-03T05:31:57.365+0000] {dagbag.py:539} INFO - Filling up the DagBag from /home/airflow/.local/lib/python3.8/site-packages/airflow/example_dags/example_sensors.py
[2023-12-03T05:31:57.371+0000] {processor.py:839} INFO - DAG(s) dict_keys(['example_sensors']) retrieved from /home/airflow/.local/lib/python3.8/site-packages/airflow/example_dags/example_sensors.py
[2023-12-03T05:31:57.389+0000] {logging_mixin.py:151} INFO - [2023-12-03T05:31:57.389+0000] {dag.py:2915} INFO - Sync 1 DAGs
[2023-12-03T05:31:57.397+0000] {logging_mixin.py:151} INFO - [2023-12-03T05:31:57.397+0000] {dag.py:3696} INFO - Setting next_dagrun for example_sensors to None, run_after=None
[2023-12-03T05:31:57.410+0000] {processor.py:179} INFO - Processing /home/airflow/.local/lib/python3.8/site-packages/airflow/example_dags/example_sensors.py took 0.051 seconds
[2023-12-03T05:32:27.593+0000] {processor.py:157} INFO - Started process (PID=523) to work on /home/airflow/.local/lib/python3.8/site-packages/airflow/example_dags/example_sensors.py
[2023-12-03T05:32:27.594+0000] {processor.py:829} INFO - Processing file /home/airflow/.local/lib/python3.8/site-packages/airflow/example_dags/example_sensors.py for tasks to queue
[2023-12-03T05:32:27.595+0000] {logging_mixin.py:151} INFO - [2023-12-03T05:32:27.595+0000] {dagbag.py:539} INFO - Filling up the DagBag from /home/airflow/.local/lib/python3.8/site-packages/airflow/example_dags/example_sensors.py
[2023-12-03T05:32:27.601+0000] {processor.py:839} INFO - DAG(s) dict_keys(['example_sensors']) retrieved from /home/airflow/.local/lib/python3.8/site-packages/airflow/example_dags/example_sensors.py
[2023-12-03T05:32:27.619+0000] {logging_mixin.py:151} INFO - [2023-12-03T05:32:27.618+0000] {dag.py:2915} INFO - Sync 1 DAGs
[2023-12-03T05:32:27.626+0000] {logging_mixin.py:151} INFO - [2023-12-03T05:32:27.626+0000] {dag.py:3696} INFO - Setting next_dagrun for example_sensors to None, run_after=None
[2023-12-03T05:32:27.638+0000] {processor.py:179} INFO - Processing /home/airflow/.local/lib/python3.8/site-packages/airflow/example_dags/example_sensors.py took 0.047 seconds
[2023-12-03T05:32:57.887+0000] {processor.py:157} INFO - Started process (PID=579) to work on /home/airflow/.local/lib/python3.8/site-packages/airflow/example_dags/example_sensors.py
[2023-12-03T05:32:57.888+0000] {processor.py:829} INFO - Processing file /home/airflow/.local/lib/python3.8/site-packages/airflow/example_dags/example_sensors.py for tasks to queue
[2023-12-03T05:32:57.890+0000] {logging_mixin.py:151} INFO - [2023-12-03T05:32:57.890+0000] {dagbag.py:539} INFO - Filling up the DagBag from /home/airflow/.local/lib/python3.8/site-packages/airflow/example_dags/example_sensors.py
[2023-12-03T05:32:57.897+0000] {processor.py:839} INFO - DAG(s) dict_keys(['example_sensors']) retrieved from /home/airflow/.local/lib/python3.8/site-packages/airflow/example_dags/example_sensors.py
[2023-12-03T05:32:57.916+0000] {logging_mixin.py:151} INFO - [2023-12-03T05:32:57.916+0000] {dag.py:2915} INFO - Sync 1 DAGs
[2023-12-03T05:32:57.924+0000] {logging_mixin.py:151} INFO - [2023-12-03T05:32:57.924+0000] {dag.py:3696} INFO - Setting next_dagrun for example_sensors to None, run_after=None
[2023-12-03T05:32:57.936+0000] {processor.py:179} INFO - Processing /home/airflow/.local/lib/python3.8/site-packages/airflow/example_dags/example_sensors.py took 0.051 seconds
[2023-12-03T05:33:28.125+0000] {processor.py:157} INFO - Started process (PID=635) to work on /home/airflow/.local/lib/python3.8/site-packages/airflow/example_dags/example_sensors.py
[2023-12-03T05:33:28.126+0000] {processor.py:829} INFO - Processing file /home/airflow/.local/lib/python3.8/site-packages/airflow/example_dags/example_sensors.py for tasks to queue
[2023-12-03T05:33:28.127+0000] {logging_mixin.py:151} INFO - [2023-12-03T05:33:28.127+0000] {dagbag.py:539} INFO - Filling up the DagBag from /home/airflow/.local/lib/python3.8/site-packages/airflow/example_dags/example_sensors.py
[2023-12-03T05:33:28.134+0000] {processor.py:839} INFO - DAG(s) dict_keys(['example_sensors']) retrieved from /home/airflow/.local/lib/python3.8/site-packages/airflow/example_dags/example_sensors.py
[2023-12-03T05:33:28.150+0000] {logging_mixin.py:151} INFO - [2023-12-03T05:33:28.150+0000] {dag.py:2915} INFO - Sync 1 DAGs
[2023-12-03T05:33:28.158+0000] {logging_mixin.py:151} INFO - [2023-12-03T05:33:28.158+0000] {dag.py:3696} INFO - Setting next_dagrun for example_sensors to None, run_after=None
[2023-12-03T05:33:28.170+0000] {processor.py:179} INFO - Processing /home/airflow/.local/lib/python3.8/site-packages/airflow/example_dags/example_sensors.py took 0.048 seconds
[2023-12-03T05:33:58.401+0000] {processor.py:157} INFO - Started process (PID=691) to work on /home/airflow/.local/lib/python3.8/site-packages/airflow/example_dags/example_sensors.py
[2023-12-03T05:33:58.402+0000] {processor.py:829} INFO - Processing file /home/airflow/.local/lib/python3.8/site-packages/airflow/example_dags/example_sensors.py for tasks to queue
[2023-12-03T05:33:58.404+0000] {logging_mixin.py:151} INFO - [2023-12-03T05:33:58.404+0000] {dagbag.py:539} INFO - Filling up the DagBag from /home/airflow/.local/lib/python3.8/site-packages/airflow/example_dags/example_sensors.py
[2023-12-03T05:33:58.410+0000] {processor.py:839} INFO - DAG(s) dict_keys(['example_sensors']) retrieved from /home/airflow/.local/lib/python3.8/site-packages/airflow/example_dags/example_sensors.py
[2023-12-03T05:33:58.427+0000] {logging_mixin.py:151} INFO - [2023-12-03T05:33:58.427+0000] {dag.py:2915} INFO - Sync 1 DAGs
[2023-12-03T05:33:58.435+0000] {logging_mixin.py:151} INFO - [2023-12-03T05:33:58.435+0000] {dag.py:3696} INFO - Setting next_dagrun for example_sensors to None, run_after=None
[2023-12-03T05:33:58.447+0000] {processor.py:179} INFO - Processing /home/airflow/.local/lib/python3.8/site-packages/airflow/example_dags/example_sensors.py took 0.049 seconds
[2023-12-03T05:34:28.579+0000] {processor.py:157} INFO - Started process (PID=748) to work on /home/airflow/.local/lib/python3.8/site-packages/airflow/example_dags/example_sensors.py
[2023-12-03T05:34:28.579+0000] {processor.py:829} INFO - Processing file /home/airflow/.local/lib/python3.8/site-packages/airflow/example_dags/example_sensors.py for tasks to queue
[2023-12-03T05:34:28.581+0000] {logging_mixin.py:151} INFO - [2023-12-03T05:34:28.581+0000] {dagbag.py:539} INFO - Filling up the DagBag from /home/airflow/.local/lib/python3.8/site-packages/airflow/example_dags/example_sensors.py
[2023-12-03T05:34:28.587+0000] {processor.py:839} INFO - DAG(s) dict_keys(['example_sensors']) retrieved from /home/airflow/.local/lib/python3.8/site-packages/airflow/example_dags/example_sensors.py
[2023-12-03T05:34:28.604+0000] {logging_mixin.py:151} INFO - [2023-12-03T05:34:28.604+0000] {dag.py:2915} INFO - Sync 1 DAGs
[2023-12-03T05:34:28.611+0000] {logging_mixin.py:151} INFO - [2023-12-03T05:34:28.611+0000] {dag.py:3696} INFO - Setting next_dagrun for example_sensors to None, run_after=None
[2023-12-03T05:34:28.622+0000] {processor.py:179} INFO - Processing /home/airflow/.local/lib/python3.8/site-packages/airflow/example_dags/example_sensors.py took 0.045 seconds
[2023-12-03T05:34:58.756+0000] {processor.py:157} INFO - Started process (PID=804) to work on /home/airflow/.local/lib/python3.8/site-packages/airflow/example_dags/example_sensors.py
[2023-12-03T05:34:58.757+0000] {processor.py:829} INFO - Processing file /home/airflow/.local/lib/python3.8/site-packages/airflow/example_dags/example_sensors.py for tasks to queue
[2023-12-03T05:34:58.758+0000] {logging_mixin.py:151} INFO - [2023-12-03T05:34:58.758+0000] {dagbag.py:539} INFO - Filling up the DagBag from /home/airflow/.local/lib/python3.8/site-packages/airflow/example_dags/example_sensors.py
[2023-12-03T05:34:58.764+0000] {processor.py:839} INFO - DAG(s) dict_keys(['example_sensors']) retrieved from /home/airflow/.local/lib/python3.8/site-packages/airflow/example_dags/example_sensors.py
[2023-12-03T05:34:58.781+0000] {logging_mixin.py:151} INFO - [2023-12-03T05:34:58.780+0000] {dag.py:2915} INFO - Sync 1 DAGs
[2023-12-03T05:34:58.788+0000] {logging_mixin.py:151} INFO - [2023-12-03T05:34:58.788+0000] {dag.py:3696} INFO - Setting next_dagrun for example_sensors to None, run_after=None
[2023-12-03T05:34:58.799+0000] {processor.py:179} INFO - Processing /home/airflow/.local/lib/python3.8/site-packages/airflow/example_dags/example_sensors.py took 0.046 seconds
[2023-12-03T05:35:29.022+0000] {processor.py:157} INFO - Started process (PID=860) to work on /home/airflow/.local/lib/python3.8/site-packages/airflow/example_dags/example_sensors.py
[2023-12-03T05:35:29.023+0000] {processor.py:829} INFO - Processing file /home/airflow/.local/lib/python3.8/site-packages/airflow/example_dags/example_sensors.py for tasks to queue
[2023-12-03T05:35:29.025+0000] {logging_mixin.py:151} INFO - [2023-12-03T05:35:29.024+0000] {dagbag.py:539} INFO - Filling up the DagBag from /home/airflow/.local/lib/python3.8/site-packages/airflow/example_dags/example_sensors.py
[2023-12-03T05:35:29.031+0000] {processor.py:839} INFO - DAG(s) dict_keys(['example_sensors']) retrieved from /home/airflow/.local/lib/python3.8/site-packages/airflow/example_dags/example_sensors.py
[2023-12-03T05:35:29.048+0000] {logging_mixin.py:151} INFO - [2023-12-03T05:35:29.048+0000] {dag.py:2915} INFO - Sync 1 DAGs
[2023-12-03T05:35:29.055+0000] {logging_mixin.py:151} INFO - [2023-12-03T05:35:29.055+0000] {dag.py:3696} INFO - Setting next_dagrun for example_sensors to None, run_after=None
[2023-12-03T05:35:29.066+0000] {processor.py:179} INFO - Processing /home/airflow/.local/lib/python3.8/site-packages/airflow/example_dags/example_sensors.py took 0.047 seconds
[2023-12-03T05:35:59.295+0000] {processor.py:157} INFO - Started process (PID=916) to work on /home/airflow/.local/lib/python3.8/site-packages/airflow/example_dags/example_sensors.py
[2023-12-03T05:35:59.297+0000] {processor.py:829} INFO - Processing file /home/airflow/.local/lib/python3.8/site-packages/airflow/example_dags/example_sensors.py for tasks to queue
[2023-12-03T05:35:59.299+0000] {logging_mixin.py:151} INFO - [2023-12-03T05:35:59.298+0000] {dagbag.py:539} INFO - Filling up the DagBag from /home/airflow/.local/lib/python3.8/site-packages/airflow/example_dags/example_sensors.py
[2023-12-03T05:35:59.305+0000] {processor.py:839} INFO - DAG(s) dict_keys(['example_sensors']) retrieved from /home/airflow/.local/lib/python3.8/site-packages/airflow/example_dags/example_sensors.py
[2023-12-03T05:35:59.323+0000] {logging_mixin.py:151} INFO - [2023-12-03T05:35:59.322+0000] {dag.py:2915} INFO - Sync 1 DAGs
[2023-12-03T05:35:59.331+0000] {logging_mixin.py:151} INFO - [2023-12-03T05:35:59.331+0000] {dag.py:3696} INFO - Setting next_dagrun for example_sensors to None, run_after=None
[2023-12-03T05:35:59.344+0000] {processor.py:179} INFO - Processing /home/airflow/.local/lib/python3.8/site-packages/airflow/example_dags/example_sensors.py took 0.051 seconds
[2023-12-03T05:36:29.766+0000] {processor.py:157} INFO - Started process (PID=972) to work on /home/airflow/.local/lib/python3.8/site-packages/airflow/example_dags/example_sensors.py
[2023-12-03T05:36:29.768+0000] {processor.py:829} INFO - Processing file /home/airflow/.local/lib/python3.8/site-packages/airflow/example_dags/example_sensors.py for tasks to queue
[2023-12-03T05:36:29.769+0000] {logging_mixin.py:151} INFO - [2023-12-03T05:36:29.769+0000] {dagbag.py:539} INFO - Filling up the DagBag from /home/airflow/.local/lib/python3.8/site-packages/airflow/example_dags/example_sensors.py
[2023-12-03T05:36:29.775+0000] {processor.py:839} INFO - DAG(s) dict_keys(['example_sensors']) retrieved from /home/airflow/.local/lib/python3.8/site-packages/airflow/example_dags/example_sensors.py
[2023-12-03T05:36:29.792+0000] {logging_mixin.py:151} INFO - [2023-12-03T05:36:29.792+0000] {dag.py:2915} INFO - Sync 1 DAGs
[2023-12-03T05:36:29.800+0000] {logging_mixin.py:151} INFO - [2023-12-03T05:36:29.799+0000] {dag.py:3696} INFO - Setting next_dagrun for example_sensors to None, run_after=None
[2023-12-03T05:36:29.813+0000] {processor.py:179} INFO - Processing /home/airflow/.local/lib/python3.8/site-packages/airflow/example_dags/example_sensors.py took 0.049 seconds
[2023-12-03T05:36:59.969+0000] {processor.py:157} INFO - Started process (PID=1028) to work on /home/airflow/.local/lib/python3.8/site-packages/airflow/example_dags/example_sensors.py
[2023-12-03T05:36:59.970+0000] {processor.py:829} INFO - Processing file /home/airflow/.local/lib/python3.8/site-packages/airflow/example_dags/example_sensors.py for tasks to queue
[2023-12-03T05:36:59.972+0000] {logging_mixin.py:151} INFO - [2023-12-03T05:36:59.972+0000] {dagbag.py:539} INFO - Filling up the DagBag from /home/airflow/.local/lib/python3.8/site-packages/airflow/example_dags/example_sensors.py
[2023-12-03T05:36:59.978+0000] {processor.py:839} INFO - DAG(s) dict_keys(['example_sensors']) retrieved from /home/airflow/.local/lib/python3.8/site-packages/airflow/example_dags/example_sensors.py
[2023-12-03T05:36:59.995+0000] {logging_mixin.py:151} INFO - [2023-12-03T05:36:59.995+0000] {dag.py:2915} INFO - Sync 1 DAGs
[2023-12-03T05:37:00.002+0000] {logging_mixin.py:151} INFO - [2023-12-03T05:37:00.002+0000] {dag.py:3696} INFO - Setting next_dagrun for example_sensors to None, run_after=None
[2023-12-03T05:37:00.013+0000] {processor.py:179} INFO - Processing /home/airflow/.local/lib/python3.8/site-packages/airflow/example_dags/example_sensors.py took 0.046 seconds
[2023-12-03T05:37:30.233+0000] {processor.py:157} INFO - Started process (PID=1084) to work on /home/airflow/.local/lib/python3.8/site-packages/airflow/example_dags/example_sensors.py
[2023-12-03T05:37:30.234+0000] {processor.py:829} INFO - Processing file /home/airflow/.local/lib/python3.8/site-packages/airflow/example_dags/example_sensors.py for tasks to queue
[2023-12-03T05:37:30.236+0000] {logging_mixin.py:151} INFO - [2023-12-03T05:37:30.236+0000] {dagbag.py:539} INFO - Filling up the DagBag from /home/airflow/.local/lib/python3.8/site-packages/airflow/example_dags/example_sensors.py
[2023-12-03T05:37:30.241+0000] {processor.py:839} INFO - DAG(s) dict_keys(['example_sensors']) retrieved from /home/airflow/.local/lib/python3.8/site-packages/airflow/example_dags/example_sensors.py
[2023-12-03T05:37:30.257+0000] {logging_mixin.py:151} INFO - [2023-12-03T05:37:30.256+0000] {dag.py:2915} INFO - Sync 1 DAGs
[2023-12-03T05:37:30.264+0000] {logging_mixin.py:151} INFO - [2023-12-03T05:37:30.264+0000] {dag.py:3696} INFO - Setting next_dagrun for example_sensors to None, run_after=None
[2023-12-03T05:37:30.274+0000] {processor.py:179} INFO - Processing /home/airflow/.local/lib/python3.8/site-packages/airflow/example_dags/example_sensors.py took 0.043 seconds
[2023-12-03T05:38:00.495+0000] {processor.py:157} INFO - Started process (PID=1140) to work on /home/airflow/.local/lib/python3.8/site-packages/airflow/example_dags/example_sensors.py
[2023-12-03T05:38:00.496+0000] {processor.py:829} INFO - Processing file /home/airflow/.local/lib/python3.8/site-packages/airflow/example_dags/example_sensors.py for tasks to queue
[2023-12-03T05:38:00.498+0000] {logging_mixin.py:151} INFO - [2023-12-03T05:38:00.498+0000] {dagbag.py:539} INFO - Filling up the DagBag from /home/airflow/.local/lib/python3.8/site-packages/airflow/example_dags/example_sensors.py
[2023-12-03T05:38:00.504+0000] {processor.py:839} INFO - DAG(s) dict_keys(['example_sensors']) retrieved from /home/airflow/.local/lib/python3.8/site-packages/airflow/example_dags/example_sensors.py
[2023-12-03T05:38:00.521+0000] {logging_mixin.py:151} INFO - [2023-12-03T05:38:00.521+0000] {dag.py:2915} INFO - Sync 1 DAGs
[2023-12-03T05:38:00.528+0000] {logging_mixin.py:151} INFO - [2023-12-03T05:38:00.528+0000] {dag.py:3696} INFO - Setting next_dagrun for example_sensors to None, run_after=None
[2023-12-03T05:38:00.538+0000] {processor.py:179} INFO - Processing /home/airflow/.local/lib/python3.8/site-packages/airflow/example_dags/example_sensors.py took 0.046 seconds
[2023-12-03T05:38:31.065+0000] {processor.py:157} INFO - Started process (PID=1196) to work on /home/airflow/.local/lib/python3.8/site-packages/airflow/example_dags/example_sensors.py
[2023-12-03T05:38:31.067+0000] {processor.py:829} INFO - Processing file /home/airflow/.local/lib/python3.8/site-packages/airflow/example_dags/example_sensors.py for tasks to queue
[2023-12-03T05:38:31.068+0000] {logging_mixin.py:151} INFO - [2023-12-03T05:38:31.068+0000] {dagbag.py:539} INFO - Filling up the DagBag from /home/airflow/.local/lib/python3.8/site-packages/airflow/example_dags/example_sensors.py
[2023-12-03T05:38:31.075+0000] {processor.py:839} INFO - DAG(s) dict_keys(['example_sensors']) retrieved from /home/airflow/.local/lib/python3.8/site-packages/airflow/example_dags/example_sensors.py
[2023-12-03T05:38:31.092+0000] {logging_mixin.py:151} INFO - [2023-12-03T05:38:31.092+0000] {dag.py:2915} INFO - Sync 1 DAGs
[2023-12-03T05:38:31.100+0000] {logging_mixin.py:151} INFO - [2023-12-03T05:38:31.100+0000] {dag.py:3696} INFO - Setting next_dagrun for example_sensors to None, run_after=None
[2023-12-03T05:38:31.112+0000] {processor.py:179} INFO - Processing /home/airflow/.local/lib/python3.8/site-packages/airflow/example_dags/example_sensors.py took 0.050 seconds
[2023-12-03T05:39:01.384+0000] {processor.py:157} INFO - Started process (PID=1252) to work on /home/airflow/.local/lib/python3.8/site-packages/airflow/example_dags/example_sensors.py
[2023-12-03T05:39:01.386+0000] {processor.py:829} INFO - Processing file /home/airflow/.local/lib/python3.8/site-packages/airflow/example_dags/example_sensors.py for tasks to queue
[2023-12-03T05:39:01.387+0000] {logging_mixin.py:151} INFO - [2023-12-03T05:39:01.387+0000] {dagbag.py:539} INFO - Filling up the DagBag from /home/airflow/.local/lib/python3.8/site-packages/airflow/example_dags/example_sensors.py
[2023-12-03T05:39:01.394+0000] {processor.py:839} INFO - DAG(s) dict_keys(['example_sensors']) retrieved from /home/airflow/.local/lib/python3.8/site-packages/airflow/example_dags/example_sensors.py
[2023-12-03T05:39:01.411+0000] {logging_mixin.py:151} INFO - [2023-12-03T05:39:01.411+0000] {dag.py:2915} INFO - Sync 1 DAGs
[2023-12-03T05:39:01.418+0000] {logging_mixin.py:151} INFO - [2023-12-03T05:39:01.418+0000] {dag.py:3696} INFO - Setting next_dagrun for example_sensors to None, run_after=None
[2023-12-03T05:39:01.429+0000] {processor.py:179} INFO - Processing /home/airflow/.local/lib/python3.8/site-packages/airflow/example_dags/example_sensors.py took 0.048 seconds
[2023-12-03T05:39:31.987+0000] {processor.py:157} INFO - Started process (PID=1308) to work on /home/airflow/.local/lib/python3.8/site-packages/airflow/example_dags/example_sensors.py
[2023-12-03T05:39:31.988+0000] {processor.py:829} INFO - Processing file /home/airflow/.local/lib/python3.8/site-packages/airflow/example_dags/example_sensors.py for tasks to queue
[2023-12-03T05:39:31.990+0000] {logging_mixin.py:151} INFO - [2023-12-03T05:39:31.990+0000] {dagbag.py:539} INFO - Filling up the DagBag from /home/airflow/.local/lib/python3.8/site-packages/airflow/example_dags/example_sensors.py
[2023-12-03T05:39:31.997+0000] {processor.py:839} INFO - DAG(s) dict_keys(['example_sensors']) retrieved from /home/airflow/.local/lib/python3.8/site-packages/airflow/example_dags/example_sensors.py
[2023-12-03T05:39:32.014+0000] {logging_mixin.py:151} INFO - [2023-12-03T05:39:32.014+0000] {dag.py:2915} INFO - Sync 1 DAGs
[2023-12-03T05:39:32.023+0000] {logging_mixin.py:151} INFO - [2023-12-03T05:39:32.023+0000] {dag.py:3696} INFO - Setting next_dagrun for example_sensors to None, run_after=None
[2023-12-03T05:39:32.034+0000] {processor.py:179} INFO - Processing /home/airflow/.local/lib/python3.8/site-packages/airflow/example_dags/example_sensors.py took 0.050 seconds
[2023-12-03T05:40:02.126+0000] {processor.py:157} INFO - Started process (PID=1364) to work on /home/airflow/.local/lib/python3.8/site-packages/airflow/example_dags/example_sensors.py
[2023-12-03T05:40:02.127+0000] {processor.py:829} INFO - Processing file /home/airflow/.local/lib/python3.8/site-packages/airflow/example_dags/example_sensors.py for tasks to queue
[2023-12-03T05:40:02.129+0000] {logging_mixin.py:151} INFO - [2023-12-03T05:40:02.129+0000] {dagbag.py:539} INFO - Filling up the DagBag from /home/airflow/.local/lib/python3.8/site-packages/airflow/example_dags/example_sensors.py
[2023-12-03T05:40:02.135+0000] {processor.py:839} INFO - DAG(s) dict_keys(['example_sensors']) retrieved from /home/airflow/.local/lib/python3.8/site-packages/airflow/example_dags/example_sensors.py
[2023-12-03T05:40:02.152+0000] {logging_mixin.py:151} INFO - [2023-12-03T05:40:02.151+0000] {dag.py:2915} INFO - Sync 1 DAGs
[2023-12-03T05:40:02.159+0000] {logging_mixin.py:151} INFO - [2023-12-03T05:40:02.159+0000] {dag.py:3696} INFO - Setting next_dagrun for example_sensors to None, run_after=None
[2023-12-03T05:40:02.169+0000] {processor.py:179} INFO - Processing /home/airflow/.local/lib/python3.8/site-packages/airflow/example_dags/example_sensors.py took 0.045 seconds
[2023-12-03T05:40:32.657+0000] {processor.py:157} INFO - Started process (PID=1420) to work on /home/airflow/.local/lib/python3.8/site-packages/airflow/example_dags/example_sensors.py
[2023-12-03T05:40:32.658+0000] {processor.py:829} INFO - Processing file /home/airflow/.local/lib/python3.8/site-packages/airflow/example_dags/example_sensors.py for tasks to queue
[2023-12-03T05:40:32.660+0000] {logging_mixin.py:151} INFO - [2023-12-03T05:40:32.660+0000] {dagbag.py:539} INFO - Filling up the DagBag from /home/airflow/.local/lib/python3.8/site-packages/airflow/example_dags/example_sensors.py
[2023-12-03T05:40:32.666+0000] {processor.py:839} INFO - DAG(s) dict_keys(['example_sensors']) retrieved from /home/airflow/.local/lib/python3.8/site-packages/airflow/example_dags/example_sensors.py
[2023-12-03T05:40:32.682+0000] {logging_mixin.py:151} INFO - [2023-12-03T05:40:32.682+0000] {dag.py:2915} INFO - Sync 1 DAGs
[2023-12-03T05:40:32.690+0000] {logging_mixin.py:151} INFO - [2023-12-03T05:40:32.689+0000] {dag.py:3696} INFO - Setting next_dagrun for example_sensors to None, run_after=None
[2023-12-03T05:40:32.701+0000] {processor.py:179} INFO - Processing /home/airflow/.local/lib/python3.8/site-packages/airflow/example_dags/example_sensors.py took 0.046 seconds
[2023-12-03T05:41:03.124+0000] {processor.py:157} INFO - Started process (PID=1476) to work on /home/airflow/.local/lib/python3.8/site-packages/airflow/example_dags/example_sensors.py
[2023-12-03T05:41:03.127+0000] {processor.py:829} INFO - Processing file /home/airflow/.local/lib/python3.8/site-packages/airflow/example_dags/example_sensors.py for tasks to queue
[2023-12-03T05:41:03.129+0000] {logging_mixin.py:151} INFO - [2023-12-03T05:41:03.129+0000] {dagbag.py:539} INFO - Filling up the DagBag from /home/airflow/.local/lib/python3.8/site-packages/airflow/example_dags/example_sensors.py
[2023-12-03T05:41:03.135+0000] {processor.py:839} INFO - DAG(s) dict_keys(['example_sensors']) retrieved from /home/airflow/.local/lib/python3.8/site-packages/airflow/example_dags/example_sensors.py
[2023-12-03T05:41:03.159+0000] {logging_mixin.py:151} INFO - [2023-12-03T05:41:03.159+0000] {dag.py:2915} INFO - Sync 1 DAGs
[2023-12-03T05:41:03.168+0000] {logging_mixin.py:151} INFO - [2023-12-03T05:41:03.168+0000] {dag.py:3696} INFO - Setting next_dagrun for example_sensors to None, run_after=None
[2023-12-03T05:41:03.184+0000] {processor.py:179} INFO - Processing /home/airflow/.local/lib/python3.8/site-packages/airflow/example_dags/example_sensors.py took 0.062 seconds
[2023-12-03T05:41:33.731+0000] {processor.py:157} INFO - Started process (PID=1532) to work on /home/airflow/.local/lib/python3.8/site-packages/airflow/example_dags/example_sensors.py
[2023-12-03T05:41:33.732+0000] {processor.py:829} INFO - Processing file /home/airflow/.local/lib/python3.8/site-packages/airflow/example_dags/example_sensors.py for tasks to queue
[2023-12-03T05:41:33.734+0000] {logging_mixin.py:151} INFO - [2023-12-03T05:41:33.734+0000] {dagbag.py:539} INFO - Filling up the DagBag from /home/airflow/.local/lib/python3.8/site-packages/airflow/example_dags/example_sensors.py
[2023-12-03T05:41:33.740+0000] {processor.py:839} INFO - DAG(s) dict_keys(['example_sensors']) retrieved from /home/airflow/.local/lib/python3.8/site-packages/airflow/example_dags/example_sensors.py
[2023-12-03T05:41:33.757+0000] {logging_mixin.py:151} INFO - [2023-12-03T05:41:33.757+0000] {dag.py:2915} INFO - Sync 1 DAGs
[2023-12-03T05:41:33.765+0000] {logging_mixin.py:151} INFO - [2023-12-03T05:41:33.764+0000] {dag.py:3696} INFO - Setting next_dagrun for example_sensors to None, run_after=None
[2023-12-03T05:41:33.776+0000] {processor.py:179} INFO - Processing /home/airflow/.local/lib/python3.8/site-packages/airflow/example_dags/example_sensors.py took 0.047 seconds
[2023-12-03T05:42:04.172+0000] {processor.py:157} INFO - Started process (PID=1588) to work on /home/airflow/.local/lib/python3.8/site-packages/airflow/example_dags/example_sensors.py
[2023-12-03T05:42:04.175+0000] {processor.py:829} INFO - Processing file /home/airflow/.local/lib/python3.8/site-packages/airflow/example_dags/example_sensors.py for tasks to queue
[2023-12-03T05:42:04.176+0000] {logging_mixin.py:151} INFO - [2023-12-03T05:42:04.176+0000] {dagbag.py:539} INFO - Filling up the DagBag from /home/airflow/.local/lib/python3.8/site-packages/airflow/example_dags/example_sensors.py
[2023-12-03T05:42:04.182+0000] {processor.py:839} INFO - DAG(s) dict_keys(['example_sensors']) retrieved from /home/airflow/.local/lib/python3.8/site-packages/airflow/example_dags/example_sensors.py
[2023-12-03T05:42:04.200+0000] {logging_mixin.py:151} INFO - [2023-12-03T05:42:04.200+0000] {dag.py:2915} INFO - Sync 1 DAGs
[2023-12-03T05:42:04.208+0000] {logging_mixin.py:151} INFO - [2023-12-03T05:42:04.208+0000] {dag.py:3696} INFO - Setting next_dagrun for example_sensors to None, run_after=None
[2023-12-03T05:42:04.219+0000] {processor.py:179} INFO - Processing /home/airflow/.local/lib/python3.8/site-packages/airflow/example_dags/example_sensors.py took 0.049 seconds
[2023-12-03T05:42:34.391+0000] {processor.py:157} INFO - Started process (PID=1644) to work on /home/airflow/.local/lib/python3.8/site-packages/airflow/example_dags/example_sensors.py
[2023-12-03T05:42:34.392+0000] {processor.py:829} INFO - Processing file /home/airflow/.local/lib/python3.8/site-packages/airflow/example_dags/example_sensors.py for tasks to queue
[2023-12-03T05:42:34.394+0000] {logging_mixin.py:151} INFO - [2023-12-03T05:42:34.394+0000] {dagbag.py:539} INFO - Filling up the DagBag from /home/airflow/.local/lib/python3.8/site-packages/airflow/example_dags/example_sensors.py
[2023-12-03T05:42:34.400+0000] {processor.py:839} INFO - DAG(s) dict_keys(['example_sensors']) retrieved from /home/airflow/.local/lib/python3.8/site-packages/airflow/example_dags/example_sensors.py
[2023-12-03T05:42:34.416+0000] {logging_mixin.py:151} INFO - [2023-12-03T05:42:34.416+0000] {dag.py:2915} INFO - Sync 1 DAGs
[2023-12-03T05:42:34.424+0000] {logging_mixin.py:151} INFO - [2023-12-03T05:42:34.424+0000] {dag.py:3696} INFO - Setting next_dagrun for example_sensors to None, run_after=None
[2023-12-03T05:42:34.435+0000] {processor.py:179} INFO - Processing /home/airflow/.local/lib/python3.8/site-packages/airflow/example_dags/example_sensors.py took 0.046 seconds
[2023-12-03T05:43:04.569+0000] {processor.py:157} INFO - Started process (PID=1700) to work on /home/airflow/.local/lib/python3.8/site-packages/airflow/example_dags/example_sensors.py
[2023-12-03T05:43:04.574+0000] {processor.py:829} INFO - Processing file /home/airflow/.local/lib/python3.8/site-packages/airflow/example_dags/example_sensors.py for tasks to queue
[2023-12-03T05:43:04.575+0000] {logging_mixin.py:151} INFO - [2023-12-03T05:43:04.575+0000] {dagbag.py:539} INFO - Filling up the DagBag from /home/airflow/.local/lib/python3.8/site-packages/airflow/example_dags/example_sensors.py
[2023-12-03T05:43:04.581+0000] {processor.py:839} INFO - DAG(s) dict_keys(['example_sensors']) retrieved from /home/airflow/.local/lib/python3.8/site-packages/airflow/example_dags/example_sensors.py
[2023-12-03T05:43:04.599+0000] {logging_mixin.py:151} INFO - [2023-12-03T05:43:04.599+0000] {dag.py:2915} INFO - Sync 1 DAGs
[2023-12-03T05:43:04.607+0000] {logging_mixin.py:151} INFO - [2023-12-03T05:43:04.607+0000] {dag.py:3696} INFO - Setting next_dagrun for example_sensors to None, run_after=None
[2023-12-03T05:43:04.618+0000] {processor.py:179} INFO - Processing /home/airflow/.local/lib/python3.8/site-packages/airflow/example_dags/example_sensors.py took 0.052 seconds
[2023-12-03T05:43:34.985+0000] {processor.py:157} INFO - Started process (PID=1756) to work on /home/airflow/.local/lib/python3.8/site-packages/airflow/example_dags/example_sensors.py
[2023-12-03T05:43:34.986+0000] {processor.py:829} INFO - Processing file /home/airflow/.local/lib/python3.8/site-packages/airflow/example_dags/example_sensors.py for tasks to queue
[2023-12-03T05:43:34.988+0000] {logging_mixin.py:151} INFO - [2023-12-03T05:43:34.987+0000] {dagbag.py:539} INFO - Filling up the DagBag from /home/airflow/.local/lib/python3.8/site-packages/airflow/example_dags/example_sensors.py
[2023-12-03T05:43:34.994+0000] {processor.py:839} INFO - DAG(s) dict_keys(['example_sensors']) retrieved from /home/airflow/.local/lib/python3.8/site-packages/airflow/example_dags/example_sensors.py
[2023-12-03T05:43:35.012+0000] {logging_mixin.py:151} INFO - [2023-12-03T05:43:35.012+0000] {dag.py:2915} INFO - Sync 1 DAGs
[2023-12-03T05:43:35.021+0000] {logging_mixin.py:151} INFO - [2023-12-03T05:43:35.020+0000] {dag.py:3696} INFO - Setting next_dagrun for example_sensors to None, run_after=None
[2023-12-03T05:43:35.033+0000] {processor.py:179} INFO - Processing /home/airflow/.local/lib/python3.8/site-packages/airflow/example_dags/example_sensors.py took 0.051 seconds
[2023-12-03T05:44:05.356+0000] {processor.py:157} INFO - Started process (PID=1812) to work on /home/airflow/.local/lib/python3.8/site-packages/airflow/example_dags/example_sensors.py
[2023-12-03T05:44:05.357+0000] {processor.py:829} INFO - Processing file /home/airflow/.local/lib/python3.8/site-packages/airflow/example_dags/example_sensors.py for tasks to queue
[2023-12-03T05:44:05.359+0000] {logging_mixin.py:151} INFO - [2023-12-03T05:44:05.359+0000] {dagbag.py:539} INFO - Filling up the DagBag from /home/airflow/.local/lib/python3.8/site-packages/airflow/example_dags/example_sensors.py
[2023-12-03T05:44:05.365+0000] {processor.py:839} INFO - DAG(s) dict_keys(['example_sensors']) retrieved from /home/airflow/.local/lib/python3.8/site-packages/airflow/example_dags/example_sensors.py
[2023-12-03T05:44:05.382+0000] {logging_mixin.py:151} INFO - [2023-12-03T05:44:05.382+0000] {dag.py:2915} INFO - Sync 1 DAGs
[2023-12-03T05:44:05.390+0000] {logging_mixin.py:151} INFO - [2023-12-03T05:44:05.390+0000] {dag.py:3696} INFO - Setting next_dagrun for example_sensors to None, run_after=None
[2023-12-03T05:44:05.403+0000] {processor.py:179} INFO - Processing /home/airflow/.local/lib/python3.8/site-packages/airflow/example_dags/example_sensors.py took 0.049 seconds
[2023-12-03T05:44:35.673+0000] {processor.py:157} INFO - Started process (PID=1868) to work on /home/airflow/.local/lib/python3.8/site-packages/airflow/example_dags/example_sensors.py
[2023-12-03T05:44:35.674+0000] {processor.py:829} INFO - Processing file /home/airflow/.local/lib/python3.8/site-packages/airflow/example_dags/example_sensors.py for tasks to queue
[2023-12-03T05:44:35.676+0000] {logging_mixin.py:151} INFO - [2023-12-03T05:44:35.676+0000] {dagbag.py:539} INFO - Filling up the DagBag from /home/airflow/.local/lib/python3.8/site-packages/airflow/example_dags/example_sensors.py
[2023-12-03T05:44:35.682+0000] {processor.py:839} INFO - DAG(s) dict_keys(['example_sensors']) retrieved from /home/airflow/.local/lib/python3.8/site-packages/airflow/example_dags/example_sensors.py
[2023-12-03T05:44:35.700+0000] {logging_mixin.py:151} INFO - [2023-12-03T05:44:35.700+0000] {dag.py:2915} INFO - Sync 1 DAGs
[2023-12-03T05:44:35.709+0000] {logging_mixin.py:151} INFO - [2023-12-03T05:44:35.709+0000] {dag.py:3696} INFO - Setting next_dagrun for example_sensors to None, run_after=None
[2023-12-03T05:44:35.721+0000] {processor.py:179} INFO - Processing /home/airflow/.local/lib/python3.8/site-packages/airflow/example_dags/example_sensors.py took 0.051 seconds
[2023-12-03T05:45:05.864+0000] {processor.py:157} INFO - Started process (PID=1924) to work on /home/airflow/.local/lib/python3.8/site-packages/airflow/example_dags/example_sensors.py
[2023-12-03T05:45:05.867+0000] {processor.py:829} INFO - Processing file /home/airflow/.local/lib/python3.8/site-packages/airflow/example_dags/example_sensors.py for tasks to queue
[2023-12-03T05:45:05.868+0000] {logging_mixin.py:151} INFO - [2023-12-03T05:45:05.868+0000] {dagbag.py:539} INFO - Filling up the DagBag from /home/airflow/.local/lib/python3.8/site-packages/airflow/example_dags/example_sensors.py
[2023-12-03T05:45:05.875+0000] {processor.py:839} INFO - DAG(s) dict_keys(['example_sensors']) retrieved from /home/airflow/.local/lib/python3.8/site-packages/airflow/example_dags/example_sensors.py
[2023-12-03T05:45:05.891+0000] {logging_mixin.py:151} INFO - [2023-12-03T05:45:05.891+0000] {dag.py:2915} INFO - Sync 1 DAGs
[2023-12-03T05:45:05.899+0000] {logging_mixin.py:151} INFO - [2023-12-03T05:45:05.899+0000] {dag.py:3696} INFO - Setting next_dagrun for example_sensors to None, run_after=None
[2023-12-03T05:45:05.910+0000] {processor.py:179} INFO - Processing /home/airflow/.local/lib/python3.8/site-packages/airflow/example_dags/example_sensors.py took 0.049 seconds
[2023-12-03T05:45:36.424+0000] {processor.py:157} INFO - Started process (PID=1980) to work on /home/airflow/.local/lib/python3.8/site-packages/airflow/example_dags/example_sensors.py
[2023-12-03T05:45:36.440+0000] {processor.py:829} INFO - Processing file /home/airflow/.local/lib/python3.8/site-packages/airflow/example_dags/example_sensors.py for tasks to queue
[2023-12-03T05:45:36.442+0000] {logging_mixin.py:151} INFO - [2023-12-03T05:45:36.442+0000] {dagbag.py:539} INFO - Filling up the DagBag from /home/airflow/.local/lib/python3.8/site-packages/airflow/example_dags/example_sensors.py
[2023-12-03T05:45:36.448+0000] {processor.py:839} INFO - DAG(s) dict_keys(['example_sensors']) retrieved from /home/airflow/.local/lib/python3.8/site-packages/airflow/example_dags/example_sensors.py
[2023-12-03T05:45:36.465+0000] {logging_mixin.py:151} INFO - [2023-12-03T05:45:36.465+0000] {dag.py:2915} INFO - Sync 1 DAGs
[2023-12-03T05:45:36.473+0000] {logging_mixin.py:151} INFO - [2023-12-03T05:45:36.473+0000] {dag.py:3696} INFO - Setting next_dagrun for example_sensors to None, run_after=None
[2023-12-03T05:45:36.483+0000] {processor.py:179} INFO - Processing /home/airflow/.local/lib/python3.8/site-packages/airflow/example_dags/example_sensors.py took 0.062 seconds
[2023-12-03T05:46:06.621+0000] {processor.py:157} INFO - Started process (PID=2036) to work on /home/airflow/.local/lib/python3.8/site-packages/airflow/example_dags/example_sensors.py
[2023-12-03T05:46:06.622+0000] {processor.py:829} INFO - Processing file /home/airflow/.local/lib/python3.8/site-packages/airflow/example_dags/example_sensors.py for tasks to queue
[2023-12-03T05:46:06.623+0000] {logging_mixin.py:151} INFO - [2023-12-03T05:46:06.623+0000] {dagbag.py:539} INFO - Filling up the DagBag from /home/airflow/.local/lib/python3.8/site-packages/airflow/example_dags/example_sensors.py
[2023-12-03T05:46:06.629+0000] {processor.py:839} INFO - DAG(s) dict_keys(['example_sensors']) retrieved from /home/airflow/.local/lib/python3.8/site-packages/airflow/example_dags/example_sensors.py
[2023-12-03T05:46:06.646+0000] {logging_mixin.py:151} INFO - [2023-12-03T05:46:06.646+0000] {dag.py:2915} INFO - Sync 1 DAGs
[2023-12-03T05:46:06.653+0000] {logging_mixin.py:151} INFO - [2023-12-03T05:46:06.653+0000] {dag.py:3696} INFO - Setting next_dagrun for example_sensors to None, run_after=None
[2023-12-03T05:46:06.664+0000] {processor.py:179} INFO - Processing /home/airflow/.local/lib/python3.8/site-packages/airflow/example_dags/example_sensors.py took 0.046 seconds
[2023-12-03T05:46:36.922+0000] {processor.py:157} INFO - Started process (PID=2092) to work on /home/airflow/.local/lib/python3.8/site-packages/airflow/example_dags/example_sensors.py
[2023-12-03T05:46:36.924+0000] {processor.py:829} INFO - Processing file /home/airflow/.local/lib/python3.8/site-packages/airflow/example_dags/example_sensors.py for tasks to queue
[2023-12-03T05:46:36.926+0000] {logging_mixin.py:151} INFO - [2023-12-03T05:46:36.925+0000] {dagbag.py:539} INFO - Filling up the DagBag from /home/airflow/.local/lib/python3.8/site-packages/airflow/example_dags/example_sensors.py
[2023-12-03T05:46:36.932+0000] {processor.py:839} INFO - DAG(s) dict_keys(['example_sensors']) retrieved from /home/airflow/.local/lib/python3.8/site-packages/airflow/example_dags/example_sensors.py
[2023-12-03T05:46:36.950+0000] {logging_mixin.py:151} INFO - [2023-12-03T05:46:36.950+0000] {dag.py:2915} INFO - Sync 1 DAGs
[2023-12-03T05:46:36.959+0000] {logging_mixin.py:151} INFO - [2023-12-03T05:46:36.959+0000] {dag.py:3696} INFO - Setting next_dagrun for example_sensors to None, run_after=None
[2023-12-03T05:46:36.970+0000] {processor.py:179} INFO - Processing /home/airflow/.local/lib/python3.8/site-packages/airflow/example_dags/example_sensors.py took 0.051 seconds
[2023-12-03T05:47:07.333+0000] {processor.py:157} INFO - Started process (PID=2148) to work on /home/airflow/.local/lib/python3.8/site-packages/airflow/example_dags/example_sensors.py
[2023-12-03T05:47:07.335+0000] {processor.py:829} INFO - Processing file /home/airflow/.local/lib/python3.8/site-packages/airflow/example_dags/example_sensors.py for tasks to queue
[2023-12-03T05:47:07.336+0000] {logging_mixin.py:151} INFO - [2023-12-03T05:47:07.336+0000] {dagbag.py:539} INFO - Filling up the DagBag from /home/airflow/.local/lib/python3.8/site-packages/airflow/example_dags/example_sensors.py
[2023-12-03T05:47:07.342+0000] {processor.py:839} INFO - DAG(s) dict_keys(['example_sensors']) retrieved from /home/airflow/.local/lib/python3.8/site-packages/airflow/example_dags/example_sensors.py
[2023-12-03T05:47:07.358+0000] {logging_mixin.py:151} INFO - [2023-12-03T05:47:07.358+0000] {dag.py:2915} INFO - Sync 1 DAGs
[2023-12-03T05:47:07.366+0000] {logging_mixin.py:151} INFO - [2023-12-03T05:47:07.365+0000] {dag.py:3696} INFO - Setting next_dagrun for example_sensors to None, run_after=None
[2023-12-03T05:47:07.376+0000] {processor.py:179} INFO - Processing /home/airflow/.local/lib/python3.8/site-packages/airflow/example_dags/example_sensors.py took 0.045 seconds
[2023-12-03T05:47:37.574+0000] {processor.py:157} INFO - Started process (PID=2204) to work on /home/airflow/.local/lib/python3.8/site-packages/airflow/example_dags/example_sensors.py
[2023-12-03T05:47:37.575+0000] {processor.py:829} INFO - Processing file /home/airflow/.local/lib/python3.8/site-packages/airflow/example_dags/example_sensors.py for tasks to queue
[2023-12-03T05:47:37.576+0000] {logging_mixin.py:151} INFO - [2023-12-03T05:47:37.576+0000] {dagbag.py:539} INFO - Filling up the DagBag from /home/airflow/.local/lib/python3.8/site-packages/airflow/example_dags/example_sensors.py
[2023-12-03T05:47:37.582+0000] {processor.py:839} INFO - DAG(s) dict_keys(['example_sensors']) retrieved from /home/airflow/.local/lib/python3.8/site-packages/airflow/example_dags/example_sensors.py
[2023-12-03T05:47:37.599+0000] {logging_mixin.py:151} INFO - [2023-12-03T05:47:37.599+0000] {dag.py:2915} INFO - Sync 1 DAGs
[2023-12-03T05:47:37.607+0000] {logging_mixin.py:151} INFO - [2023-12-03T05:47:37.607+0000] {dag.py:3696} INFO - Setting next_dagrun for example_sensors to None, run_after=None
[2023-12-03T05:47:37.618+0000] {processor.py:179} INFO - Processing /home/airflow/.local/lib/python3.8/site-packages/airflow/example_dags/example_sensors.py took 0.046 seconds
