[2023-12-03T04:52:31.450+0000] {processor.py:157} INFO - Started process (PID=62) to work on /home/airflow/.local/lib/python3.8/site-packages/airflow/example_dags/example_xcom.py
[2023-12-03T04:52:31.452+0000] {processor.py:829} INFO - Processing file /home/airflow/.local/lib/python3.8/site-packages/airflow/example_dags/example_xcom.py for tasks to queue
[2023-12-03T04:52:31.455+0000] {logging_mixin.py:151} INFO - [2023-12-03T04:52:31.454+0000] {dagbag.py:539} INFO - Filling up the DagBag from /home/airflow/.local/lib/python3.8/site-packages/airflow/example_dags/example_xcom.py
[2023-12-03T04:52:31.471+0000] {processor.py:839} INFO - DAG(s) dict_keys(['example_xcom']) retrieved from /home/airflow/.local/lib/python3.8/site-packages/airflow/example_dags/example_xcom.py
[2023-12-03T04:52:31.657+0000] {logging_mixin.py:151} INFO - [2023-12-03T04:52:31.657+0000] {manager.py:499} INFO - Created Permission View: %s
[2023-12-03T04:52:31.675+0000] {logging_mixin.py:151} INFO - [2023-12-03T04:52:31.675+0000] {manager.py:499} INFO - Created Permission View: %s
[2023-12-03T04:52:31.689+0000] {logging_mixin.py:151} INFO - [2023-12-03T04:52:31.689+0000] {manager.py:499} INFO - Created Permission View: %s
[2023-12-03T04:52:31.690+0000] {logging_mixin.py:151} INFO - [2023-12-03T04:52:31.690+0000] {security.py:708} INFO - Not syncing DAG-level permissions for DAG 'DAG:example_xcom' as access control is unset.
[2023-12-03T04:52:31.691+0000] {logging_mixin.py:151} INFO - [2023-12-03T04:52:31.691+0000] {dag.py:2915} INFO - Sync 1 DAGs
[2023-12-03T04:52:31.703+0000] {logging_mixin.py:151} INFO - [2023-12-03T04:52:31.703+0000] {dag.py:2937} INFO - Creating ORM DAG for example_xcom
[2023-12-03T04:52:31.712+0000] {logging_mixin.py:151} INFO - [2023-12-03T04:52:31.712+0000] {dag.py:3696} INFO - Setting next_dagrun for example_xcom to 2021-01-01T00:00:00+00:00, run_after=2021-01-01T00:00:00+00:00
[2023-12-03T04:52:31.728+0000] {processor.py:179} INFO - Processing /home/airflow/.local/lib/python3.8/site-packages/airflow/example_dags/example_xcom.py took 0.281 seconds
[2023-12-03T04:53:03.087+0000] {processor.py:157} INFO - Started process (PID=118) to work on /home/airflow/.local/lib/python3.8/site-packages/airflow/example_dags/example_xcom.py
[2023-12-03T04:53:03.090+0000] {processor.py:829} INFO - Processing file /home/airflow/.local/lib/python3.8/site-packages/airflow/example_dags/example_xcom.py for tasks to queue
[2023-12-03T04:53:03.100+0000] {logging_mixin.py:151} INFO - [2023-12-03T04:53:03.099+0000] {dagbag.py:539} INFO - Filling up the DagBag from /home/airflow/.local/lib/python3.8/site-packages/airflow/example_dags/example_xcom.py
[2023-12-03T04:53:03.118+0000] {processor.py:839} INFO - DAG(s) dict_keys(['example_xcom']) retrieved from /home/airflow/.local/lib/python3.8/site-packages/airflow/example_dags/example_xcom.py
[2023-12-03T04:53:03.167+0000] {logging_mixin.py:151} INFO - [2023-12-03T04:53:03.167+0000] {dag.py:2915} INFO - Sync 1 DAGs
[2023-12-03T04:53:03.202+0000] {logging_mixin.py:151} INFO - [2023-12-03T04:53:03.201+0000] {dag.py:3696} INFO - Setting next_dagrun for example_xcom to 2021-01-01T00:00:00+00:00, run_after=2021-01-01T00:00:00+00:00
[2023-12-03T04:53:03.236+0000] {processor.py:179} INFO - Processing /home/airflow/.local/lib/python3.8/site-packages/airflow/example_dags/example_xcom.py took 0.157 seconds
[2023-12-03T04:53:36.212+0000] {processor.py:157} INFO - Started process (PID=174) to work on /home/airflow/.local/lib/python3.8/site-packages/airflow/example_dags/example_xcom.py
[2023-12-03T04:53:36.217+0000] {processor.py:829} INFO - Processing file /home/airflow/.local/lib/python3.8/site-packages/airflow/example_dags/example_xcom.py for tasks to queue
[2023-12-03T04:53:36.222+0000] {logging_mixin.py:151} INFO - [2023-12-03T04:53:36.222+0000] {dagbag.py:539} INFO - Filling up the DagBag from /home/airflow/.local/lib/python3.8/site-packages/airflow/example_dags/example_xcom.py
[2023-12-03T04:53:36.242+0000] {processor.py:839} INFO - DAG(s) dict_keys(['example_xcom']) retrieved from /home/airflow/.local/lib/python3.8/site-packages/airflow/example_dags/example_xcom.py
[2023-12-03T04:53:36.341+0000] {logging_mixin.py:151} INFO - [2023-12-03T04:53:36.341+0000] {dag.py:2915} INFO - Sync 1 DAGs
[2023-12-03T04:53:36.386+0000] {logging_mixin.py:151} INFO - [2023-12-03T04:53:36.386+0000] {dag.py:3696} INFO - Setting next_dagrun for example_xcom to 2021-01-01T00:00:00+00:00, run_after=2021-01-01T00:00:00+00:00
[2023-12-03T04:53:36.435+0000] {processor.py:179} INFO - Processing /home/airflow/.local/lib/python3.8/site-packages/airflow/example_dags/example_xcom.py took 0.234 seconds
[2023-12-03T04:54:06.888+0000] {processor.py:157} INFO - Started process (PID=230) to work on /home/airflow/.local/lib/python3.8/site-packages/airflow/example_dags/example_xcom.py
[2023-12-03T04:54:06.889+0000] {processor.py:829} INFO - Processing file /home/airflow/.local/lib/python3.8/site-packages/airflow/example_dags/example_xcom.py for tasks to queue
[2023-12-03T04:54:06.891+0000] {logging_mixin.py:151} INFO - [2023-12-03T04:54:06.891+0000] {dagbag.py:539} INFO - Filling up the DagBag from /home/airflow/.local/lib/python3.8/site-packages/airflow/example_dags/example_xcom.py
[2023-12-03T04:54:06.898+0000] {processor.py:839} INFO - DAG(s) dict_keys(['example_xcom']) retrieved from /home/airflow/.local/lib/python3.8/site-packages/airflow/example_dags/example_xcom.py
[2023-12-03T04:54:06.916+0000] {logging_mixin.py:151} INFO - [2023-12-03T04:54:06.916+0000] {dag.py:2915} INFO - Sync 1 DAGs
[2023-12-03T04:54:06.934+0000] {logging_mixin.py:151} INFO - [2023-12-03T04:54:06.934+0000] {dag.py:3696} INFO - Setting next_dagrun for example_xcom to 2021-01-01T00:00:00+00:00, run_after=2021-01-01T00:00:00+00:00
[2023-12-03T04:54:06.949+0000] {processor.py:179} INFO - Processing /home/airflow/.local/lib/python3.8/site-packages/airflow/example_dags/example_xcom.py took 0.064 seconds
[2023-12-03T04:54:38.134+0000] {processor.py:157} INFO - Started process (PID=286) to work on /home/airflow/.local/lib/python3.8/site-packages/airflow/example_dags/example_xcom.py
[2023-12-03T04:54:38.135+0000] {processor.py:829} INFO - Processing file /home/airflow/.local/lib/python3.8/site-packages/airflow/example_dags/example_xcom.py for tasks to queue
[2023-12-03T04:54:38.138+0000] {logging_mixin.py:151} INFO - [2023-12-03T04:54:38.137+0000] {dagbag.py:539} INFO - Filling up the DagBag from /home/airflow/.local/lib/python3.8/site-packages/airflow/example_dags/example_xcom.py
[2023-12-03T04:54:38.149+0000] {processor.py:839} INFO - DAG(s) dict_keys(['example_xcom']) retrieved from /home/airflow/.local/lib/python3.8/site-packages/airflow/example_dags/example_xcom.py
[2023-12-03T04:54:38.278+0000] {logging_mixin.py:151} INFO - [2023-12-03T04:54:38.278+0000] {dag.py:2915} INFO - Sync 1 DAGs
[2023-12-03T04:54:38.325+0000] {logging_mixin.py:151} INFO - [2023-12-03T04:54:38.325+0000] {dag.py:3696} INFO - Setting next_dagrun for example_xcom to 2021-01-01T00:00:00+00:00, run_after=2021-01-01T00:00:00+00:00
[2023-12-03T04:54:38.362+0000] {processor.py:179} INFO - Processing /home/airflow/.local/lib/python3.8/site-packages/airflow/example_dags/example_xcom.py took 0.232 seconds
[2023-12-03T04:55:09.334+0000] {processor.py:157} INFO - Started process (PID=342) to work on /home/airflow/.local/lib/python3.8/site-packages/airflow/example_dags/example_xcom.py
[2023-12-03T04:55:09.338+0000] {processor.py:829} INFO - Processing file /home/airflow/.local/lib/python3.8/site-packages/airflow/example_dags/example_xcom.py for tasks to queue
[2023-12-03T04:55:09.344+0000] {logging_mixin.py:151} INFO - [2023-12-03T04:55:09.343+0000] {dagbag.py:539} INFO - Filling up the DagBag from /home/airflow/.local/lib/python3.8/site-packages/airflow/example_dags/example_xcom.py
[2023-12-03T04:55:09.367+0000] {processor.py:839} INFO - DAG(s) dict_keys(['example_xcom']) retrieved from /home/airflow/.local/lib/python3.8/site-packages/airflow/example_dags/example_xcom.py
[2023-12-03T04:55:09.421+0000] {logging_mixin.py:151} INFO - [2023-12-03T04:55:09.421+0000] {dag.py:2915} INFO - Sync 1 DAGs
[2023-12-03T04:55:09.444+0000] {logging_mixin.py:151} INFO - [2023-12-03T04:55:09.444+0000] {dag.py:3696} INFO - Setting next_dagrun for example_xcom to 2021-01-01T00:00:00+00:00, run_after=2021-01-01T00:00:00+00:00
[2023-12-03T04:55:09.483+0000] {processor.py:179} INFO - Processing /home/airflow/.local/lib/python3.8/site-packages/airflow/example_dags/example_xcom.py took 0.155 seconds
[2023-12-03T04:55:39.883+0000] {processor.py:157} INFO - Started process (PID=398) to work on /home/airflow/.local/lib/python3.8/site-packages/airflow/example_dags/example_xcom.py
[2023-12-03T04:55:39.885+0000] {processor.py:829} INFO - Processing file /home/airflow/.local/lib/python3.8/site-packages/airflow/example_dags/example_xcom.py for tasks to queue
[2023-12-03T04:55:39.888+0000] {logging_mixin.py:151} INFO - [2023-12-03T04:55:39.888+0000] {dagbag.py:539} INFO - Filling up the DagBag from /home/airflow/.local/lib/python3.8/site-packages/airflow/example_dags/example_xcom.py
[2023-12-03T04:55:39.898+0000] {processor.py:839} INFO - DAG(s) dict_keys(['example_xcom']) retrieved from /home/airflow/.local/lib/python3.8/site-packages/airflow/example_dags/example_xcom.py
[2023-12-03T04:55:39.936+0000] {logging_mixin.py:151} INFO - [2023-12-03T04:55:39.935+0000] {dag.py:2915} INFO - Sync 1 DAGs
[2023-12-03T04:55:39.957+0000] {logging_mixin.py:151} INFO - [2023-12-03T04:55:39.957+0000] {dag.py:3696} INFO - Setting next_dagrun for example_xcom to 2021-01-01T00:00:00+00:00, run_after=2021-01-01T00:00:00+00:00
[2023-12-03T04:55:39.971+0000] {processor.py:179} INFO - Processing /home/airflow/.local/lib/python3.8/site-packages/airflow/example_dags/example_xcom.py took 0.091 seconds
[2023-12-03T04:56:10.369+0000] {processor.py:157} INFO - Started process (PID=454) to work on /home/airflow/.local/lib/python3.8/site-packages/airflow/example_dags/example_xcom.py
[2023-12-03T04:56:10.370+0000] {processor.py:829} INFO - Processing file /home/airflow/.local/lib/python3.8/site-packages/airflow/example_dags/example_xcom.py for tasks to queue
[2023-12-03T04:56:10.373+0000] {logging_mixin.py:151} INFO - [2023-12-03T04:56:10.373+0000] {dagbag.py:539} INFO - Filling up the DagBag from /home/airflow/.local/lib/python3.8/site-packages/airflow/example_dags/example_xcom.py
[2023-12-03T04:56:10.380+0000] {processor.py:839} INFO - DAG(s) dict_keys(['example_xcom']) retrieved from /home/airflow/.local/lib/python3.8/site-packages/airflow/example_dags/example_xcom.py
[2023-12-03T04:56:10.400+0000] {logging_mixin.py:151} INFO - [2023-12-03T04:56:10.400+0000] {dag.py:2915} INFO - Sync 1 DAGs
[2023-12-03T04:56:10.420+0000] {logging_mixin.py:151} INFO - [2023-12-03T04:56:10.419+0000] {dag.py:3696} INFO - Setting next_dagrun for example_xcom to 2021-01-01T00:00:00+00:00, run_after=2021-01-01T00:00:00+00:00
[2023-12-03T04:56:10.462+0000] {processor.py:179} INFO - Processing /home/airflow/.local/lib/python3.8/site-packages/airflow/example_dags/example_xcom.py took 0.097 seconds
[2023-12-03T04:57:21.265+0000] {processor.py:157} INFO - Started process (PID=62) to work on /home/airflow/.local/lib/python3.8/site-packages/airflow/example_dags/example_xcom.py
[2023-12-03T04:57:21.266+0000] {processor.py:829} INFO - Processing file /home/airflow/.local/lib/python3.8/site-packages/airflow/example_dags/example_xcom.py for tasks to queue
[2023-12-03T04:57:21.268+0000] {logging_mixin.py:151} INFO - [2023-12-03T04:57:21.267+0000] {dagbag.py:539} INFO - Filling up the DagBag from /home/airflow/.local/lib/python3.8/site-packages/airflow/example_dags/example_xcom.py
[2023-12-03T04:57:21.278+0000] {processor.py:839} INFO - DAG(s) dict_keys(['example_xcom']) retrieved from /home/airflow/.local/lib/python3.8/site-packages/airflow/example_dags/example_xcom.py
[2023-12-03T04:57:21.293+0000] {logging_mixin.py:151} INFO - [2023-12-03T04:57:21.293+0000] {dag.py:2915} INFO - Sync 1 DAGs
[2023-12-03T04:57:21.316+0000] {logging_mixin.py:151} INFO - [2023-12-03T04:57:21.316+0000] {dag.py:3696} INFO - Setting next_dagrun for example_xcom to 2021-01-01T00:00:00+00:00, run_after=2021-01-01T00:00:00+00:00
[2023-12-03T04:57:21.328+0000] {processor.py:179} INFO - Processing /home/airflow/.local/lib/python3.8/site-packages/airflow/example_dags/example_xcom.py took 0.067 seconds
[2023-12-03T04:57:51.868+0000] {processor.py:157} INFO - Started process (PID=118) to work on /home/airflow/.local/lib/python3.8/site-packages/airflow/example_dags/example_xcom.py
[2023-12-03T04:57:51.869+0000] {processor.py:829} INFO - Processing file /home/airflow/.local/lib/python3.8/site-packages/airflow/example_dags/example_xcom.py for tasks to queue
[2023-12-03T04:57:51.871+0000] {logging_mixin.py:151} INFO - [2023-12-03T04:57:51.871+0000] {dagbag.py:539} INFO - Filling up the DagBag from /home/airflow/.local/lib/python3.8/site-packages/airflow/example_dags/example_xcom.py
[2023-12-03T04:57:51.876+0000] {processor.py:839} INFO - DAG(s) dict_keys(['example_xcom']) retrieved from /home/airflow/.local/lib/python3.8/site-packages/airflow/example_dags/example_xcom.py
[2023-12-03T04:57:51.891+0000] {logging_mixin.py:151} INFO - [2023-12-03T04:57:51.891+0000] {dag.py:2915} INFO - Sync 1 DAGs
[2023-12-03T04:57:51.904+0000] {logging_mixin.py:151} INFO - [2023-12-03T04:57:51.904+0000] {dag.py:3696} INFO - Setting next_dagrun for example_xcom to 2021-01-01T00:00:00+00:00, run_after=2021-01-01T00:00:00+00:00
[2023-12-03T04:57:51.915+0000] {processor.py:179} INFO - Processing /home/airflow/.local/lib/python3.8/site-packages/airflow/example_dags/example_xcom.py took 0.050 seconds
[2023-12-03T04:58:22.138+0000] {processor.py:157} INFO - Started process (PID=174) to work on /home/airflow/.local/lib/python3.8/site-packages/airflow/example_dags/example_xcom.py
[2023-12-03T04:58:22.139+0000] {processor.py:829} INFO - Processing file /home/airflow/.local/lib/python3.8/site-packages/airflow/example_dags/example_xcom.py for tasks to queue
[2023-12-03T04:58:22.141+0000] {logging_mixin.py:151} INFO - [2023-12-03T04:58:22.141+0000] {dagbag.py:539} INFO - Filling up the DagBag from /home/airflow/.local/lib/python3.8/site-packages/airflow/example_dags/example_xcom.py
[2023-12-03T04:58:22.147+0000] {processor.py:839} INFO - DAG(s) dict_keys(['example_xcom']) retrieved from /home/airflow/.local/lib/python3.8/site-packages/airflow/example_dags/example_xcom.py
[2023-12-03T04:58:22.163+0000] {logging_mixin.py:151} INFO - [2023-12-03T04:58:22.163+0000] {dag.py:2915} INFO - Sync 1 DAGs
[2023-12-03T04:58:22.178+0000] {logging_mixin.py:151} INFO - [2023-12-03T04:58:22.178+0000] {dag.py:3696} INFO - Setting next_dagrun for example_xcom to 2021-01-01T00:00:00+00:00, run_after=2021-01-01T00:00:00+00:00
[2023-12-03T04:58:22.190+0000] {processor.py:179} INFO - Processing /home/airflow/.local/lib/python3.8/site-packages/airflow/example_dags/example_xcom.py took 0.055 seconds
[2023-12-03T04:58:52.582+0000] {processor.py:157} INFO - Started process (PID=230) to work on /home/airflow/.local/lib/python3.8/site-packages/airflow/example_dags/example_xcom.py
[2023-12-03T04:58:52.583+0000] {processor.py:829} INFO - Processing file /home/airflow/.local/lib/python3.8/site-packages/airflow/example_dags/example_xcom.py for tasks to queue
[2023-12-03T04:58:52.585+0000] {logging_mixin.py:151} INFO - [2023-12-03T04:58:52.585+0000] {dagbag.py:539} INFO - Filling up the DagBag from /home/airflow/.local/lib/python3.8/site-packages/airflow/example_dags/example_xcom.py
[2023-12-03T04:58:52.591+0000] {processor.py:839} INFO - DAG(s) dict_keys(['example_xcom']) retrieved from /home/airflow/.local/lib/python3.8/site-packages/airflow/example_dags/example_xcom.py
[2023-12-03T04:58:52.607+0000] {logging_mixin.py:151} INFO - [2023-12-03T04:58:52.607+0000] {dag.py:2915} INFO - Sync 1 DAGs
[2023-12-03T04:58:52.621+0000] {logging_mixin.py:151} INFO - [2023-12-03T04:58:52.621+0000] {dag.py:3696} INFO - Setting next_dagrun for example_xcom to 2021-01-01T00:00:00+00:00, run_after=2021-01-01T00:00:00+00:00
[2023-12-03T04:58:52.634+0000] {processor.py:179} INFO - Processing /home/airflow/.local/lib/python3.8/site-packages/airflow/example_dags/example_xcom.py took 0.055 seconds
[2023-12-03T04:59:23.072+0000] {processor.py:157} INFO - Started process (PID=286) to work on /home/airflow/.local/lib/python3.8/site-packages/airflow/example_dags/example_xcom.py
[2023-12-03T04:59:23.073+0000] {processor.py:829} INFO - Processing file /home/airflow/.local/lib/python3.8/site-packages/airflow/example_dags/example_xcom.py for tasks to queue
[2023-12-03T04:59:23.075+0000] {logging_mixin.py:151} INFO - [2023-12-03T04:59:23.074+0000] {dagbag.py:539} INFO - Filling up the DagBag from /home/airflow/.local/lib/python3.8/site-packages/airflow/example_dags/example_xcom.py
[2023-12-03T04:59:23.080+0000] {processor.py:839} INFO - DAG(s) dict_keys(['example_xcom']) retrieved from /home/airflow/.local/lib/python3.8/site-packages/airflow/example_dags/example_xcom.py
[2023-12-03T04:59:23.096+0000] {logging_mixin.py:151} INFO - [2023-12-03T04:59:23.096+0000] {dag.py:2915} INFO - Sync 1 DAGs
[2023-12-03T04:59:23.110+0000] {logging_mixin.py:151} INFO - [2023-12-03T04:59:23.110+0000] {dag.py:3696} INFO - Setting next_dagrun for example_xcom to 2021-01-01T00:00:00+00:00, run_after=2021-01-01T00:00:00+00:00
[2023-12-03T04:59:23.122+0000] {processor.py:179} INFO - Processing /home/airflow/.local/lib/python3.8/site-packages/airflow/example_dags/example_xcom.py took 0.053 seconds
[2023-12-03T04:59:53.396+0000] {processor.py:157} INFO - Started process (PID=342) to work on /home/airflow/.local/lib/python3.8/site-packages/airflow/example_dags/example_xcom.py
[2023-12-03T04:59:53.397+0000] {processor.py:829} INFO - Processing file /home/airflow/.local/lib/python3.8/site-packages/airflow/example_dags/example_xcom.py for tasks to queue
[2023-12-03T04:59:53.398+0000] {logging_mixin.py:151} INFO - [2023-12-03T04:59:53.398+0000] {dagbag.py:539} INFO - Filling up the DagBag from /home/airflow/.local/lib/python3.8/site-packages/airflow/example_dags/example_xcom.py
[2023-12-03T04:59:53.404+0000] {processor.py:839} INFO - DAG(s) dict_keys(['example_xcom']) retrieved from /home/airflow/.local/lib/python3.8/site-packages/airflow/example_dags/example_xcom.py
[2023-12-03T04:59:53.420+0000] {logging_mixin.py:151} INFO - [2023-12-03T04:59:53.420+0000] {dag.py:2915} INFO - Sync 1 DAGs
[2023-12-03T04:59:53.434+0000] {logging_mixin.py:151} INFO - [2023-12-03T04:59:53.434+0000] {dag.py:3696} INFO - Setting next_dagrun for example_xcom to 2021-01-01T00:00:00+00:00, run_after=2021-01-01T00:00:00+00:00
[2023-12-03T04:59:53.445+0000] {processor.py:179} INFO - Processing /home/airflow/.local/lib/python3.8/site-packages/airflow/example_dags/example_xcom.py took 0.053 seconds
[2023-12-03T05:00:23.884+0000] {processor.py:157} INFO - Started process (PID=398) to work on /home/airflow/.local/lib/python3.8/site-packages/airflow/example_dags/example_xcom.py
[2023-12-03T05:00:23.885+0000] {processor.py:829} INFO - Processing file /home/airflow/.local/lib/python3.8/site-packages/airflow/example_dags/example_xcom.py for tasks to queue
[2023-12-03T05:00:23.887+0000] {logging_mixin.py:151} INFO - [2023-12-03T05:00:23.886+0000] {dagbag.py:539} INFO - Filling up the DagBag from /home/airflow/.local/lib/python3.8/site-packages/airflow/example_dags/example_xcom.py
[2023-12-03T05:00:23.892+0000] {processor.py:839} INFO - DAG(s) dict_keys(['example_xcom']) retrieved from /home/airflow/.local/lib/python3.8/site-packages/airflow/example_dags/example_xcom.py
[2023-12-03T05:00:23.910+0000] {logging_mixin.py:151} INFO - [2023-12-03T05:00:23.910+0000] {dag.py:2915} INFO - Sync 1 DAGs
[2023-12-03T05:00:23.924+0000] {logging_mixin.py:151} INFO - [2023-12-03T05:00:23.924+0000] {dag.py:3696} INFO - Setting next_dagrun for example_xcom to 2021-01-01T00:00:00+00:00, run_after=2021-01-01T00:00:00+00:00
[2023-12-03T05:00:23.937+0000] {processor.py:179} INFO - Processing /home/airflow/.local/lib/python3.8/site-packages/airflow/example_dags/example_xcom.py took 0.056 seconds
[2023-12-03T05:08:09.322+0000] {processor.py:157} INFO - Started process (PID=62) to work on /home/airflow/.local/lib/python3.8/site-packages/airflow/example_dags/example_xcom.py
[2023-12-03T05:08:09.323+0000] {processor.py:829} INFO - Processing file /home/airflow/.local/lib/python3.8/site-packages/airflow/example_dags/example_xcom.py for tasks to queue
[2023-12-03T05:08:09.326+0000] {logging_mixin.py:151} INFO - [2023-12-03T05:08:09.325+0000] {dagbag.py:539} INFO - Filling up the DagBag from /home/airflow/.local/lib/python3.8/site-packages/airflow/example_dags/example_xcom.py
[2023-12-03T05:08:09.336+0000] {processor.py:839} INFO - DAG(s) dict_keys(['example_xcom']) retrieved from /home/airflow/.local/lib/python3.8/site-packages/airflow/example_dags/example_xcom.py
[2023-12-03T05:08:09.352+0000] {logging_mixin.py:151} INFO - [2023-12-03T05:08:09.352+0000] {dag.py:2915} INFO - Sync 1 DAGs
[2023-12-03T05:08:09.370+0000] {logging_mixin.py:151} INFO - [2023-12-03T05:08:09.370+0000] {dag.py:3696} INFO - Setting next_dagrun for example_xcom to 2021-01-01T00:00:00+00:00, run_after=2021-01-01T00:00:00+00:00
[2023-12-03T05:08:09.387+0000] {processor.py:179} INFO - Processing /home/airflow/.local/lib/python3.8/site-packages/airflow/example_dags/example_xcom.py took 0.068 seconds
[2023-12-03T05:08:40.437+0000] {processor.py:157} INFO - Started process (PID=118) to work on /home/airflow/.local/lib/python3.8/site-packages/airflow/example_dags/example_xcom.py
[2023-12-03T05:08:40.438+0000] {processor.py:829} INFO - Processing file /home/airflow/.local/lib/python3.8/site-packages/airflow/example_dags/example_xcom.py for tasks to queue
[2023-12-03T05:08:40.440+0000] {logging_mixin.py:151} INFO - [2023-12-03T05:08:40.440+0000] {dagbag.py:539} INFO - Filling up the DagBag from /home/airflow/.local/lib/python3.8/site-packages/airflow/example_dags/example_xcom.py
[2023-12-03T05:08:40.445+0000] {processor.py:839} INFO - DAG(s) dict_keys(['example_xcom']) retrieved from /home/airflow/.local/lib/python3.8/site-packages/airflow/example_dags/example_xcom.py
[2023-12-03T05:08:40.459+0000] {logging_mixin.py:151} INFO - [2023-12-03T05:08:40.459+0000] {dag.py:2915} INFO - Sync 1 DAGs
[2023-12-03T05:08:40.472+0000] {logging_mixin.py:151} INFO - [2023-12-03T05:08:40.472+0000] {dag.py:3696} INFO - Setting next_dagrun for example_xcom to 2021-01-01T00:00:00+00:00, run_after=2021-01-01T00:00:00+00:00
[2023-12-03T05:08:40.483+0000] {processor.py:179} INFO - Processing /home/airflow/.local/lib/python3.8/site-packages/airflow/example_dags/example_xcom.py took 0.048 seconds
[2023-12-03T05:09:10.739+0000] {processor.py:157} INFO - Started process (PID=174) to work on /home/airflow/.local/lib/python3.8/site-packages/airflow/example_dags/example_xcom.py
[2023-12-03T05:09:10.740+0000] {processor.py:829} INFO - Processing file /home/airflow/.local/lib/python3.8/site-packages/airflow/example_dags/example_xcom.py for tasks to queue
[2023-12-03T05:09:10.742+0000] {logging_mixin.py:151} INFO - [2023-12-03T05:09:10.741+0000] {dagbag.py:539} INFO - Filling up the DagBag from /home/airflow/.local/lib/python3.8/site-packages/airflow/example_dags/example_xcom.py
[2023-12-03T05:09:10.747+0000] {processor.py:839} INFO - DAG(s) dict_keys(['example_xcom']) retrieved from /home/airflow/.local/lib/python3.8/site-packages/airflow/example_dags/example_xcom.py
[2023-12-03T05:09:10.762+0000] {logging_mixin.py:151} INFO - [2023-12-03T05:09:10.762+0000] {dag.py:2915} INFO - Sync 1 DAGs
[2023-12-03T05:09:10.775+0000] {logging_mixin.py:151} INFO - [2023-12-03T05:09:10.775+0000] {dag.py:3696} INFO - Setting next_dagrun for example_xcom to 2021-01-01T00:00:00+00:00, run_after=2021-01-01T00:00:00+00:00
[2023-12-03T05:09:10.787+0000] {processor.py:179} INFO - Processing /home/airflow/.local/lib/python3.8/site-packages/airflow/example_dags/example_xcom.py took 0.051 seconds
[2023-12-03T05:11:38.690+0000] {processor.py:157} INFO - Started process (PID=62) to work on /home/airflow/.local/lib/python3.8/site-packages/airflow/example_dags/example_xcom.py
[2023-12-03T05:11:38.692+0000] {processor.py:829} INFO - Processing file /home/airflow/.local/lib/python3.8/site-packages/airflow/example_dags/example_xcom.py for tasks to queue
[2023-12-03T05:11:38.695+0000] {logging_mixin.py:151} INFO - [2023-12-03T05:11:38.694+0000] {dagbag.py:539} INFO - Filling up the DagBag from /home/airflow/.local/lib/python3.8/site-packages/airflow/example_dags/example_xcom.py
[2023-12-03T05:11:38.706+0000] {processor.py:839} INFO - DAG(s) dict_keys(['example_xcom']) retrieved from /home/airflow/.local/lib/python3.8/site-packages/airflow/example_dags/example_xcom.py
[2023-12-03T05:11:38.719+0000] {logging_mixin.py:151} INFO - [2023-12-03T05:11:38.719+0000] {dag.py:2915} INFO - Sync 1 DAGs
[2023-12-03T05:11:38.736+0000] {logging_mixin.py:151} INFO - [2023-12-03T05:11:38.735+0000] {dag.py:3696} INFO - Setting next_dagrun for example_xcom to 2021-01-01T00:00:00+00:00, run_after=2021-01-01T00:00:00+00:00
[2023-12-03T05:11:38.749+0000] {processor.py:179} INFO - Processing /home/airflow/.local/lib/python3.8/site-packages/airflow/example_dags/example_xcom.py took 0.062 seconds
[2023-12-03T05:12:08.830+0000] {processor.py:157} INFO - Started process (PID=118) to work on /home/airflow/.local/lib/python3.8/site-packages/airflow/example_dags/example_xcom.py
[2023-12-03T05:12:08.831+0000] {processor.py:829} INFO - Processing file /home/airflow/.local/lib/python3.8/site-packages/airflow/example_dags/example_xcom.py for tasks to queue
[2023-12-03T05:12:08.833+0000] {logging_mixin.py:151} INFO - [2023-12-03T05:12:08.833+0000] {dagbag.py:539} INFO - Filling up the DagBag from /home/airflow/.local/lib/python3.8/site-packages/airflow/example_dags/example_xcom.py
[2023-12-03T05:12:08.838+0000] {processor.py:839} INFO - DAG(s) dict_keys(['example_xcom']) retrieved from /home/airflow/.local/lib/python3.8/site-packages/airflow/example_dags/example_xcom.py
[2023-12-03T05:12:08.854+0000] {logging_mixin.py:151} INFO - [2023-12-03T05:12:08.854+0000] {dag.py:2915} INFO - Sync 1 DAGs
[2023-12-03T05:12:08.867+0000] {logging_mixin.py:151} INFO - [2023-12-03T05:12:08.867+0000] {dag.py:3696} INFO - Setting next_dagrun for example_xcom to 2021-01-01T00:00:00+00:00, run_after=2021-01-01T00:00:00+00:00
[2023-12-03T05:12:08.878+0000] {processor.py:179} INFO - Processing /home/airflow/.local/lib/python3.8/site-packages/airflow/example_dags/example_xcom.py took 0.050 seconds
[2023-12-03T05:12:41.510+0000] {processor.py:157} INFO - Started process (PID=178) to work on /home/airflow/.local/lib/python3.8/site-packages/airflow/example_dags/example_xcom.py
[2023-12-03T05:12:41.514+0000] {processor.py:829} INFO - Processing file /home/airflow/.local/lib/python3.8/site-packages/airflow/example_dags/example_xcom.py for tasks to queue
[2023-12-03T05:12:41.518+0000] {logging_mixin.py:151} INFO - [2023-12-03T05:12:41.518+0000] {dagbag.py:539} INFO - Filling up the DagBag from /home/airflow/.local/lib/python3.8/site-packages/airflow/example_dags/example_xcom.py
[2023-12-03T05:12:41.525+0000] {processor.py:839} INFO - DAG(s) dict_keys(['example_xcom']) retrieved from /home/airflow/.local/lib/python3.8/site-packages/airflow/example_dags/example_xcom.py
[2023-12-03T05:12:41.548+0000] {logging_mixin.py:151} INFO - [2023-12-03T05:12:41.548+0000] {dag.py:2915} INFO - Sync 1 DAGs
[2023-12-03T05:12:41.569+0000] {logging_mixin.py:151} INFO - [2023-12-03T05:12:41.569+0000] {dag.py:3696} INFO - Setting next_dagrun for example_xcom to 2021-01-01T00:00:00+00:00, run_after=2021-01-01T00:00:00+00:00
[2023-12-03T05:12:41.595+0000] {processor.py:179} INFO - Processing /home/airflow/.local/lib/python3.8/site-packages/airflow/example_dags/example_xcom.py took 0.088 seconds
[2023-12-03T05:13:11.620+0000] {processor.py:157} INFO - Started process (PID=250) to work on /home/airflow/.local/lib/python3.8/site-packages/airflow/example_dags/example_xcom.py
[2023-12-03T05:13:11.621+0000] {processor.py:829} INFO - Processing file /home/airflow/.local/lib/python3.8/site-packages/airflow/example_dags/example_xcom.py for tasks to queue
[2023-12-03T05:13:11.622+0000] {logging_mixin.py:151} INFO - [2023-12-03T05:13:11.622+0000] {dagbag.py:539} INFO - Filling up the DagBag from /home/airflow/.local/lib/python3.8/site-packages/airflow/example_dags/example_xcom.py
[2023-12-03T05:13:11.627+0000] {processor.py:839} INFO - DAG(s) dict_keys(['example_xcom']) retrieved from /home/airflow/.local/lib/python3.8/site-packages/airflow/example_dags/example_xcom.py
[2023-12-03T05:13:11.642+0000] {logging_mixin.py:151} INFO - [2023-12-03T05:13:11.642+0000] {dag.py:2915} INFO - Sync 1 DAGs
[2023-12-03T05:13:11.655+0000] {logging_mixin.py:151} INFO - [2023-12-03T05:13:11.655+0000] {dag.py:3696} INFO - Setting next_dagrun for example_xcom to 2021-01-01T00:00:00+00:00, run_after=2021-01-01T00:00:00+00:00
[2023-12-03T05:13:11.665+0000] {processor.py:179} INFO - Processing /home/airflow/.local/lib/python3.8/site-packages/airflow/example_dags/example_xcom.py took 0.048 seconds
[2023-12-03T05:13:41.884+0000] {processor.py:157} INFO - Started process (PID=306) to work on /home/airflow/.local/lib/python3.8/site-packages/airflow/example_dags/example_xcom.py
[2023-12-03T05:13:41.887+0000] {processor.py:829} INFO - Processing file /home/airflow/.local/lib/python3.8/site-packages/airflow/example_dags/example_xcom.py for tasks to queue
[2023-12-03T05:13:41.892+0000] {logging_mixin.py:151} INFO - [2023-12-03T05:13:41.892+0000] {dagbag.py:539} INFO - Filling up the DagBag from /home/airflow/.local/lib/python3.8/site-packages/airflow/example_dags/example_xcom.py
[2023-12-03T05:13:41.901+0000] {processor.py:839} INFO - DAG(s) dict_keys(['example_xcom']) retrieved from /home/airflow/.local/lib/python3.8/site-packages/airflow/example_dags/example_xcom.py
[2023-12-03T05:13:41.920+0000] {logging_mixin.py:151} INFO - [2023-12-03T05:13:41.920+0000] {dag.py:2915} INFO - Sync 1 DAGs
[2023-12-03T05:13:41.936+0000] {logging_mixin.py:151} INFO - [2023-12-03T05:13:41.936+0000] {dag.py:3696} INFO - Setting next_dagrun for example_xcom to 2021-01-01T00:00:00+00:00, run_after=2021-01-01T00:00:00+00:00
[2023-12-03T05:13:41.947+0000] {processor.py:179} INFO - Processing /home/airflow/.local/lib/python3.8/site-packages/airflow/example_dags/example_xcom.py took 0.075 seconds
[2023-12-03T05:14:12.146+0000] {processor.py:157} INFO - Started process (PID=362) to work on /home/airflow/.local/lib/python3.8/site-packages/airflow/example_dags/example_xcom.py
[2023-12-03T05:14:12.147+0000] {processor.py:829} INFO - Processing file /home/airflow/.local/lib/python3.8/site-packages/airflow/example_dags/example_xcom.py for tasks to queue
[2023-12-03T05:14:12.149+0000] {logging_mixin.py:151} INFO - [2023-12-03T05:14:12.149+0000] {dagbag.py:539} INFO - Filling up the DagBag from /home/airflow/.local/lib/python3.8/site-packages/airflow/example_dags/example_xcom.py
[2023-12-03T05:14:12.154+0000] {processor.py:839} INFO - DAG(s) dict_keys(['example_xcom']) retrieved from /home/airflow/.local/lib/python3.8/site-packages/airflow/example_dags/example_xcom.py
[2023-12-03T05:14:12.169+0000] {logging_mixin.py:151} INFO - [2023-12-03T05:14:12.169+0000] {dag.py:2915} INFO - Sync 1 DAGs
[2023-12-03T05:14:12.182+0000] {logging_mixin.py:151} INFO - [2023-12-03T05:14:12.182+0000] {dag.py:3696} INFO - Setting next_dagrun for example_xcom to 2021-01-01T00:00:00+00:00, run_after=2021-01-01T00:00:00+00:00
[2023-12-03T05:14:12.192+0000] {processor.py:179} INFO - Processing /home/airflow/.local/lib/python3.8/site-packages/airflow/example_dags/example_xcom.py took 0.049 seconds
[2023-12-03T05:14:42.512+0000] {processor.py:157} INFO - Started process (PID=418) to work on /home/airflow/.local/lib/python3.8/site-packages/airflow/example_dags/example_xcom.py
[2023-12-03T05:14:42.513+0000] {processor.py:829} INFO - Processing file /home/airflow/.local/lib/python3.8/site-packages/airflow/example_dags/example_xcom.py for tasks to queue
[2023-12-03T05:14:42.515+0000] {logging_mixin.py:151} INFO - [2023-12-03T05:14:42.515+0000] {dagbag.py:539} INFO - Filling up the DagBag from /home/airflow/.local/lib/python3.8/site-packages/airflow/example_dags/example_xcom.py
[2023-12-03T05:14:42.521+0000] {processor.py:839} INFO - DAG(s) dict_keys(['example_xcom']) retrieved from /home/airflow/.local/lib/python3.8/site-packages/airflow/example_dags/example_xcom.py
[2023-12-03T05:14:42.536+0000] {logging_mixin.py:151} INFO - [2023-12-03T05:14:42.536+0000] {dag.py:2915} INFO - Sync 1 DAGs
[2023-12-03T05:14:42.549+0000] {logging_mixin.py:151} INFO - [2023-12-03T05:14:42.549+0000] {dag.py:3696} INFO - Setting next_dagrun for example_xcom to 2021-01-01T00:00:00+00:00, run_after=2021-01-01T00:00:00+00:00
[2023-12-03T05:14:42.560+0000] {processor.py:179} INFO - Processing /home/airflow/.local/lib/python3.8/site-packages/airflow/example_dags/example_xcom.py took 0.051 seconds
[2023-12-03T05:15:12.791+0000] {processor.py:157} INFO - Started process (PID=474) to work on /home/airflow/.local/lib/python3.8/site-packages/airflow/example_dags/example_xcom.py
[2023-12-03T05:15:12.793+0000] {processor.py:829} INFO - Processing file /home/airflow/.local/lib/python3.8/site-packages/airflow/example_dags/example_xcom.py for tasks to queue
[2023-12-03T05:15:12.795+0000] {logging_mixin.py:151} INFO - [2023-12-03T05:15:12.795+0000] {dagbag.py:539} INFO - Filling up the DagBag from /home/airflow/.local/lib/python3.8/site-packages/airflow/example_dags/example_xcom.py
[2023-12-03T05:15:12.800+0000] {processor.py:839} INFO - DAG(s) dict_keys(['example_xcom']) retrieved from /home/airflow/.local/lib/python3.8/site-packages/airflow/example_dags/example_xcom.py
[2023-12-03T05:15:12.815+0000] {logging_mixin.py:151} INFO - [2023-12-03T05:15:12.815+0000] {dag.py:2915} INFO - Sync 1 DAGs
[2023-12-03T05:15:12.828+0000] {logging_mixin.py:151} INFO - [2023-12-03T05:15:12.828+0000] {dag.py:3696} INFO - Setting next_dagrun for example_xcom to 2021-01-01T00:00:00+00:00, run_after=2021-01-01T00:00:00+00:00
[2023-12-03T05:15:12.838+0000] {processor.py:179} INFO - Processing /home/airflow/.local/lib/python3.8/site-packages/airflow/example_dags/example_xcom.py took 0.049 seconds
[2023-12-03T05:15:43.209+0000] {processor.py:157} INFO - Started process (PID=530) to work on /home/airflow/.local/lib/python3.8/site-packages/airflow/example_dags/example_xcom.py
[2023-12-03T05:15:43.210+0000] {processor.py:829} INFO - Processing file /home/airflow/.local/lib/python3.8/site-packages/airflow/example_dags/example_xcom.py for tasks to queue
[2023-12-03T05:15:43.212+0000] {logging_mixin.py:151} INFO - [2023-12-03T05:15:43.212+0000] {dagbag.py:539} INFO - Filling up the DagBag from /home/airflow/.local/lib/python3.8/site-packages/airflow/example_dags/example_xcom.py
[2023-12-03T05:15:43.217+0000] {processor.py:839} INFO - DAG(s) dict_keys(['example_xcom']) retrieved from /home/airflow/.local/lib/python3.8/site-packages/airflow/example_dags/example_xcom.py
[2023-12-03T05:15:43.233+0000] {logging_mixin.py:151} INFO - [2023-12-03T05:15:43.232+0000] {dag.py:2915} INFO - Sync 1 DAGs
[2023-12-03T05:15:43.248+0000] {logging_mixin.py:151} INFO - [2023-12-03T05:15:43.248+0000] {dag.py:3696} INFO - Setting next_dagrun for example_xcom to 2021-01-01T00:00:00+00:00, run_after=2021-01-01T00:00:00+00:00
[2023-12-03T05:15:43.262+0000] {processor.py:179} INFO - Processing /home/airflow/.local/lib/python3.8/site-packages/airflow/example_dags/example_xcom.py took 0.056 seconds
[2023-12-03T05:16:13.706+0000] {processor.py:157} INFO - Started process (PID=586) to work on /home/airflow/.local/lib/python3.8/site-packages/airflow/example_dags/example_xcom.py
[2023-12-03T05:16:13.708+0000] {processor.py:829} INFO - Processing file /home/airflow/.local/lib/python3.8/site-packages/airflow/example_dags/example_xcom.py for tasks to queue
[2023-12-03T05:16:13.709+0000] {logging_mixin.py:151} INFO - [2023-12-03T05:16:13.709+0000] {dagbag.py:539} INFO - Filling up the DagBag from /home/airflow/.local/lib/python3.8/site-packages/airflow/example_dags/example_xcom.py
[2023-12-03T05:16:13.714+0000] {processor.py:839} INFO - DAG(s) dict_keys(['example_xcom']) retrieved from /home/airflow/.local/lib/python3.8/site-packages/airflow/example_dags/example_xcom.py
[2023-12-03T05:16:13.729+0000] {logging_mixin.py:151} INFO - [2023-12-03T05:16:13.729+0000] {dag.py:2915} INFO - Sync 1 DAGs
[2023-12-03T05:16:13.742+0000] {logging_mixin.py:151} INFO - [2023-12-03T05:16:13.742+0000] {dag.py:3696} INFO - Setting next_dagrun for example_xcom to 2021-01-01T00:00:00+00:00, run_after=2021-01-01T00:00:00+00:00
[2023-12-03T05:16:13.753+0000] {processor.py:179} INFO - Processing /home/airflow/.local/lib/python3.8/site-packages/airflow/example_dags/example_xcom.py took 0.050 seconds
[2023-12-03T05:16:44.195+0000] {processor.py:157} INFO - Started process (PID=642) to work on /home/airflow/.local/lib/python3.8/site-packages/airflow/example_dags/example_xcom.py
[2023-12-03T05:16:44.196+0000] {processor.py:829} INFO - Processing file /home/airflow/.local/lib/python3.8/site-packages/airflow/example_dags/example_xcom.py for tasks to queue
[2023-12-03T05:16:44.198+0000] {logging_mixin.py:151} INFO - [2023-12-03T05:16:44.198+0000] {dagbag.py:539} INFO - Filling up the DagBag from /home/airflow/.local/lib/python3.8/site-packages/airflow/example_dags/example_xcom.py
[2023-12-03T05:16:44.203+0000] {processor.py:839} INFO - DAG(s) dict_keys(['example_xcom']) retrieved from /home/airflow/.local/lib/python3.8/site-packages/airflow/example_dags/example_xcom.py
[2023-12-03T05:16:44.217+0000] {logging_mixin.py:151} INFO - [2023-12-03T05:16:44.217+0000] {dag.py:2915} INFO - Sync 1 DAGs
[2023-12-03T05:16:44.231+0000] {logging_mixin.py:151} INFO - [2023-12-03T05:16:44.230+0000] {dag.py:3696} INFO - Setting next_dagrun for example_xcom to 2021-01-01T00:00:00+00:00, run_after=2021-01-01T00:00:00+00:00
[2023-12-03T05:16:44.241+0000] {processor.py:179} INFO - Processing /home/airflow/.local/lib/python3.8/site-packages/airflow/example_dags/example_xcom.py took 0.048 seconds
[2023-12-03T05:17:14.386+0000] {processor.py:157} INFO - Started process (PID=698) to work on /home/airflow/.local/lib/python3.8/site-packages/airflow/example_dags/example_xcom.py
[2023-12-03T05:17:14.387+0000] {processor.py:829} INFO - Processing file /home/airflow/.local/lib/python3.8/site-packages/airflow/example_dags/example_xcom.py for tasks to queue
[2023-12-03T05:17:14.389+0000] {logging_mixin.py:151} INFO - [2023-12-03T05:17:14.389+0000] {dagbag.py:539} INFO - Filling up the DagBag from /home/airflow/.local/lib/python3.8/site-packages/airflow/example_dags/example_xcom.py
[2023-12-03T05:17:14.394+0000] {processor.py:839} INFO - DAG(s) dict_keys(['example_xcom']) retrieved from /home/airflow/.local/lib/python3.8/site-packages/airflow/example_dags/example_xcom.py
[2023-12-03T05:17:14.409+0000] {logging_mixin.py:151} INFO - [2023-12-03T05:17:14.409+0000] {dag.py:2915} INFO - Sync 1 DAGs
[2023-12-03T05:17:14.423+0000] {logging_mixin.py:151} INFO - [2023-12-03T05:17:14.423+0000] {dag.py:3696} INFO - Setting next_dagrun for example_xcom to 2021-01-01T00:00:00+00:00, run_after=2021-01-01T00:00:00+00:00
[2023-12-03T05:17:14.434+0000] {processor.py:179} INFO - Processing /home/airflow/.local/lib/python3.8/site-packages/airflow/example_dags/example_xcom.py took 0.050 seconds
[2023-12-03T05:17:44.860+0000] {processor.py:157} INFO - Started process (PID=754) to work on /home/airflow/.local/lib/python3.8/site-packages/airflow/example_dags/example_xcom.py
[2023-12-03T05:17:44.861+0000] {processor.py:829} INFO - Processing file /home/airflow/.local/lib/python3.8/site-packages/airflow/example_dags/example_xcom.py for tasks to queue
[2023-12-03T05:17:44.863+0000] {logging_mixin.py:151} INFO - [2023-12-03T05:17:44.863+0000] {dagbag.py:539} INFO - Filling up the DagBag from /home/airflow/.local/lib/python3.8/site-packages/airflow/example_dags/example_xcom.py
[2023-12-03T05:17:44.869+0000] {processor.py:839} INFO - DAG(s) dict_keys(['example_xcom']) retrieved from /home/airflow/.local/lib/python3.8/site-packages/airflow/example_dags/example_xcom.py
[2023-12-03T05:17:44.886+0000] {logging_mixin.py:151} INFO - [2023-12-03T05:17:44.885+0000] {dag.py:2915} INFO - Sync 1 DAGs
[2023-12-03T05:17:44.902+0000] {logging_mixin.py:151} INFO - [2023-12-03T05:17:44.902+0000] {dag.py:3696} INFO - Setting next_dagrun for example_xcom to 2021-01-01T00:00:00+00:00, run_after=2021-01-01T00:00:00+00:00
[2023-12-03T05:17:44.914+0000] {processor.py:179} INFO - Processing /home/airflow/.local/lib/python3.8/site-packages/airflow/example_dags/example_xcom.py took 0.058 seconds
[2023-12-03T05:18:15.274+0000] {processor.py:157} INFO - Started process (PID=810) to work on /home/airflow/.local/lib/python3.8/site-packages/airflow/example_dags/example_xcom.py
[2023-12-03T05:18:15.276+0000] {processor.py:829} INFO - Processing file /home/airflow/.local/lib/python3.8/site-packages/airflow/example_dags/example_xcom.py for tasks to queue
[2023-12-03T05:18:15.277+0000] {logging_mixin.py:151} INFO - [2023-12-03T05:18:15.277+0000] {dagbag.py:539} INFO - Filling up the DagBag from /home/airflow/.local/lib/python3.8/site-packages/airflow/example_dags/example_xcom.py
[2023-12-03T05:18:15.283+0000] {processor.py:839} INFO - DAG(s) dict_keys(['example_xcom']) retrieved from /home/airflow/.local/lib/python3.8/site-packages/airflow/example_dags/example_xcom.py
[2023-12-03T05:18:15.296+0000] {logging_mixin.py:151} INFO - [2023-12-03T05:18:15.296+0000] {dag.py:2915} INFO - Sync 1 DAGs
[2023-12-03T05:18:15.310+0000] {logging_mixin.py:151} INFO - [2023-12-03T05:18:15.310+0000] {dag.py:3696} INFO - Setting next_dagrun for example_xcom to 2021-01-01T00:00:00+00:00, run_after=2021-01-01T00:00:00+00:00
[2023-12-03T05:18:15.322+0000] {processor.py:179} INFO - Processing /home/airflow/.local/lib/python3.8/site-packages/airflow/example_dags/example_xcom.py took 0.050 seconds
[2023-12-03T05:24:02.267+0000] {processor.py:157} INFO - Started process (PID=866) to work on /home/airflow/.local/lib/python3.8/site-packages/airflow/example_dags/example_xcom.py
[2023-12-03T05:24:02.268+0000] {processor.py:829} INFO - Processing file /home/airflow/.local/lib/python3.8/site-packages/airflow/example_dags/example_xcom.py for tasks to queue
[2023-12-03T05:24:02.270+0000] {logging_mixin.py:151} INFO - [2023-12-03T05:24:02.270+0000] {dagbag.py:539} INFO - Filling up the DagBag from /home/airflow/.local/lib/python3.8/site-packages/airflow/example_dags/example_xcom.py
[2023-12-03T05:24:02.276+0000] {processor.py:839} INFO - DAG(s) dict_keys(['example_xcom']) retrieved from /home/airflow/.local/lib/python3.8/site-packages/airflow/example_dags/example_xcom.py
[2023-12-03T05:24:02.292+0000] {logging_mixin.py:151} INFO - [2023-12-03T05:24:02.292+0000] {dag.py:2915} INFO - Sync 1 DAGs
[2023-12-03T05:24:02.305+0000] {logging_mixin.py:151} INFO - [2023-12-03T05:24:02.305+0000] {dag.py:3696} INFO - Setting next_dagrun for example_xcom to 2021-01-01T00:00:00+00:00, run_after=2021-01-01T00:00:00+00:00
[2023-12-03T05:24:02.317+0000] {processor.py:179} INFO - Processing /home/airflow/.local/lib/python3.8/site-packages/airflow/example_dags/example_xcom.py took 0.053 seconds
[2023-12-03T05:24:33.255+0000] {processor.py:157} INFO - Started process (PID=922) to work on /home/airflow/.local/lib/python3.8/site-packages/airflow/example_dags/example_xcom.py
[2023-12-03T05:24:33.256+0000] {processor.py:829} INFO - Processing file /home/airflow/.local/lib/python3.8/site-packages/airflow/example_dags/example_xcom.py for tasks to queue
[2023-12-03T05:24:33.258+0000] {logging_mixin.py:151} INFO - [2023-12-03T05:24:33.258+0000] {dagbag.py:539} INFO - Filling up the DagBag from /home/airflow/.local/lib/python3.8/site-packages/airflow/example_dags/example_xcom.py
[2023-12-03T05:24:33.263+0000] {processor.py:839} INFO - DAG(s) dict_keys(['example_xcom']) retrieved from /home/airflow/.local/lib/python3.8/site-packages/airflow/example_dags/example_xcom.py
[2023-12-03T05:24:33.278+0000] {logging_mixin.py:151} INFO - [2023-12-03T05:24:33.278+0000] {dag.py:2915} INFO - Sync 1 DAGs
[2023-12-03T05:24:33.292+0000] {logging_mixin.py:151} INFO - [2023-12-03T05:24:33.291+0000] {dag.py:3696} INFO - Setting next_dagrun for example_xcom to 2021-01-01T00:00:00+00:00, run_after=2021-01-01T00:00:00+00:00
[2023-12-03T05:24:33.303+0000] {processor.py:179} INFO - Processing /home/airflow/.local/lib/python3.8/site-packages/airflow/example_dags/example_xcom.py took 0.051 seconds
[2023-12-03T05:27:55.913+0000] {processor.py:157} INFO - Started process (PID=61) to work on /home/airflow/.local/lib/python3.8/site-packages/airflow/example_dags/example_xcom.py
[2023-12-03T05:27:55.917+0000] {processor.py:829} INFO - Processing file /home/airflow/.local/lib/python3.8/site-packages/airflow/example_dags/example_xcom.py for tasks to queue
[2023-12-03T05:27:55.920+0000] {logging_mixin.py:151} INFO - [2023-12-03T05:27:55.919+0000] {dagbag.py:539} INFO - Filling up the DagBag from /home/airflow/.local/lib/python3.8/site-packages/airflow/example_dags/example_xcom.py
[2023-12-03T05:27:55.939+0000] {processor.py:839} INFO - DAG(s) dict_keys(['example_xcom']) retrieved from /home/airflow/.local/lib/python3.8/site-packages/airflow/example_dags/example_xcom.py
[2023-12-03T05:27:55.972+0000] {logging_mixin.py:151} INFO - [2023-12-03T05:27:55.972+0000] {dag.py:2915} INFO - Sync 1 DAGs
[2023-12-03T05:27:55.993+0000] {logging_mixin.py:151} INFO - [2023-12-03T05:27:55.992+0000] {dag.py:3696} INFO - Setting next_dagrun for example_xcom to 2021-01-01T00:00:00+00:00, run_after=2021-01-01T00:00:00+00:00
[2023-12-03T05:27:56.007+0000] {processor.py:179} INFO - Processing /home/airflow/.local/lib/python3.8/site-packages/airflow/example_dags/example_xcom.py took 0.099 seconds
[2023-12-03T05:28:24.412+0000] {processor.py:157} INFO - Started process (PID=60) to work on /home/airflow/.local/lib/python3.8/site-packages/airflow/example_dags/example_xcom.py
[2023-12-03T05:28:24.413+0000] {processor.py:829} INFO - Processing file /home/airflow/.local/lib/python3.8/site-packages/airflow/example_dags/example_xcom.py for tasks to queue
[2023-12-03T05:28:24.415+0000] {logging_mixin.py:151} INFO - [2023-12-03T05:28:24.415+0000] {dagbag.py:539} INFO - Filling up the DagBag from /home/airflow/.local/lib/python3.8/site-packages/airflow/example_dags/example_xcom.py
[2023-12-03T05:28:24.425+0000] {processor.py:839} INFO - DAG(s) dict_keys(['example_xcom']) retrieved from /home/airflow/.local/lib/python3.8/site-packages/airflow/example_dags/example_xcom.py
[2023-12-03T05:28:24.435+0000] {logging_mixin.py:151} INFO - [2023-12-03T05:28:24.435+0000] {dag.py:2915} INFO - Sync 1 DAGs
[2023-12-03T05:28:24.453+0000] {logging_mixin.py:151} INFO - [2023-12-03T05:28:24.453+0000] {dag.py:3696} INFO - Setting next_dagrun for example_xcom to 2021-01-01T00:00:00+00:00, run_after=2021-01-01T00:00:00+00:00
[2023-12-03T05:28:24.468+0000] {processor.py:179} INFO - Processing /home/airflow/.local/lib/python3.8/site-packages/airflow/example_dags/example_xcom.py took 0.061 seconds
[2023-12-03T05:28:54.790+0000] {processor.py:157} INFO - Started process (PID=116) to work on /home/airflow/.local/lib/python3.8/site-packages/airflow/example_dags/example_xcom.py
[2023-12-03T05:28:54.791+0000] {processor.py:829} INFO - Processing file /home/airflow/.local/lib/python3.8/site-packages/airflow/example_dags/example_xcom.py for tasks to queue
[2023-12-03T05:28:54.793+0000] {logging_mixin.py:151} INFO - [2023-12-03T05:28:54.792+0000] {dagbag.py:539} INFO - Filling up the DagBag from /home/airflow/.local/lib/python3.8/site-packages/airflow/example_dags/example_xcom.py
[2023-12-03T05:28:54.798+0000] {processor.py:839} INFO - DAG(s) dict_keys(['example_xcom']) retrieved from /home/airflow/.local/lib/python3.8/site-packages/airflow/example_dags/example_xcom.py
[2023-12-03T05:28:54.815+0000] {logging_mixin.py:151} INFO - [2023-12-03T05:28:54.815+0000] {dag.py:2915} INFO - Sync 1 DAGs
[2023-12-03T05:28:54.829+0000] {logging_mixin.py:151} INFO - [2023-12-03T05:28:54.829+0000] {dag.py:3696} INFO - Setting next_dagrun for example_xcom to 2021-01-01T00:00:00+00:00, run_after=2021-01-01T00:00:00+00:00
[2023-12-03T05:28:54.840+0000] {processor.py:179} INFO - Processing /home/airflow/.local/lib/python3.8/site-packages/airflow/example_dags/example_xcom.py took 0.053 seconds
[2023-12-03T05:29:24.974+0000] {processor.py:157} INFO - Started process (PID=172) to work on /home/airflow/.local/lib/python3.8/site-packages/airflow/example_dags/example_xcom.py
[2023-12-03T05:29:24.975+0000] {processor.py:829} INFO - Processing file /home/airflow/.local/lib/python3.8/site-packages/airflow/example_dags/example_xcom.py for tasks to queue
[2023-12-03T05:29:24.977+0000] {logging_mixin.py:151} INFO - [2023-12-03T05:29:24.977+0000] {dagbag.py:539} INFO - Filling up the DagBag from /home/airflow/.local/lib/python3.8/site-packages/airflow/example_dags/example_xcom.py
[2023-12-03T05:29:24.982+0000] {processor.py:839} INFO - DAG(s) dict_keys(['example_xcom']) retrieved from /home/airflow/.local/lib/python3.8/site-packages/airflow/example_dags/example_xcom.py
[2023-12-03T05:29:24.996+0000] {logging_mixin.py:151} INFO - [2023-12-03T05:29:24.996+0000] {dag.py:2915} INFO - Sync 1 DAGs
[2023-12-03T05:29:25.008+0000] {logging_mixin.py:151} INFO - [2023-12-03T05:29:25.008+0000] {dag.py:3696} INFO - Setting next_dagrun for example_xcom to 2021-01-01T00:00:00+00:00, run_after=2021-01-01T00:00:00+00:00
[2023-12-03T05:29:25.017+0000] {processor.py:179} INFO - Processing /home/airflow/.local/lib/python3.8/site-packages/airflow/example_dags/example_xcom.py took 0.046 seconds
[2023-12-03T05:29:55.293+0000] {processor.py:157} INFO - Started process (PID=228) to work on /home/airflow/.local/lib/python3.8/site-packages/airflow/example_dags/example_xcom.py
[2023-12-03T05:29:55.294+0000] {processor.py:829} INFO - Processing file /home/airflow/.local/lib/python3.8/site-packages/airflow/example_dags/example_xcom.py for tasks to queue
[2023-12-03T05:29:55.295+0000] {logging_mixin.py:151} INFO - [2023-12-03T05:29:55.295+0000] {dagbag.py:539} INFO - Filling up the DagBag from /home/airflow/.local/lib/python3.8/site-packages/airflow/example_dags/example_xcom.py
[2023-12-03T05:29:55.300+0000] {processor.py:839} INFO - DAG(s) dict_keys(['example_xcom']) retrieved from /home/airflow/.local/lib/python3.8/site-packages/airflow/example_dags/example_xcom.py
[2023-12-03T05:29:55.314+0000] {logging_mixin.py:151} INFO - [2023-12-03T05:29:55.314+0000] {dag.py:2915} INFO - Sync 1 DAGs
[2023-12-03T05:29:55.328+0000] {logging_mixin.py:151} INFO - [2023-12-03T05:29:55.327+0000] {dag.py:3696} INFO - Setting next_dagrun for example_xcom to 2021-01-01T00:00:00+00:00, run_after=2021-01-01T00:00:00+00:00
[2023-12-03T05:29:55.339+0000] {processor.py:179} INFO - Processing /home/airflow/.local/lib/python3.8/site-packages/airflow/example_dags/example_xcom.py took 0.049 seconds
[2023-12-03T05:30:25.474+0000] {processor.py:157} INFO - Started process (PID=284) to work on /home/airflow/.local/lib/python3.8/site-packages/airflow/example_dags/example_xcom.py
[2023-12-03T05:30:25.475+0000] {processor.py:829} INFO - Processing file /home/airflow/.local/lib/python3.8/site-packages/airflow/example_dags/example_xcom.py for tasks to queue
[2023-12-03T05:30:25.477+0000] {logging_mixin.py:151} INFO - [2023-12-03T05:30:25.476+0000] {dagbag.py:539} INFO - Filling up the DagBag from /home/airflow/.local/lib/python3.8/site-packages/airflow/example_dags/example_xcom.py
[2023-12-03T05:30:25.482+0000] {processor.py:839} INFO - DAG(s) dict_keys(['example_xcom']) retrieved from /home/airflow/.local/lib/python3.8/site-packages/airflow/example_dags/example_xcom.py
[2023-12-03T05:30:25.496+0000] {logging_mixin.py:151} INFO - [2023-12-03T05:30:25.495+0000] {dag.py:2915} INFO - Sync 1 DAGs
[2023-12-03T05:30:25.508+0000] {logging_mixin.py:151} INFO - [2023-12-03T05:30:25.508+0000] {dag.py:3696} INFO - Setting next_dagrun for example_xcom to 2021-01-01T00:00:00+00:00, run_after=2021-01-01T00:00:00+00:00
[2023-12-03T05:30:25.519+0000] {processor.py:179} INFO - Processing /home/airflow/.local/lib/python3.8/site-packages/airflow/example_dags/example_xcom.py took 0.048 seconds
[2023-12-03T05:30:55.816+0000] {processor.py:157} INFO - Started process (PID=340) to work on /home/airflow/.local/lib/python3.8/site-packages/airflow/example_dags/example_xcom.py
[2023-12-03T05:30:55.817+0000] {processor.py:829} INFO - Processing file /home/airflow/.local/lib/python3.8/site-packages/airflow/example_dags/example_xcom.py for tasks to queue
[2023-12-03T05:30:55.819+0000] {logging_mixin.py:151} INFO - [2023-12-03T05:30:55.819+0000] {dagbag.py:539} INFO - Filling up the DagBag from /home/airflow/.local/lib/python3.8/site-packages/airflow/example_dags/example_xcom.py
[2023-12-03T05:30:55.824+0000] {processor.py:839} INFO - DAG(s) dict_keys(['example_xcom']) retrieved from /home/airflow/.local/lib/python3.8/site-packages/airflow/example_dags/example_xcom.py
[2023-12-03T05:30:55.838+0000] {logging_mixin.py:151} INFO - [2023-12-03T05:30:55.838+0000] {dag.py:2915} INFO - Sync 1 DAGs
[2023-12-03T05:30:55.851+0000] {logging_mixin.py:151} INFO - [2023-12-03T05:30:55.851+0000] {dag.py:3696} INFO - Setting next_dagrun for example_xcom to 2021-01-01T00:00:00+00:00, run_after=2021-01-01T00:00:00+00:00
[2023-12-03T05:30:55.861+0000] {processor.py:179} INFO - Processing /home/airflow/.local/lib/python3.8/site-packages/airflow/example_dags/example_xcom.py took 0.047 seconds
[2023-12-03T05:31:26.360+0000] {processor.py:157} INFO - Started process (PID=396) to work on /home/airflow/.local/lib/python3.8/site-packages/airflow/example_dags/example_xcom.py
[2023-12-03T05:31:26.361+0000] {processor.py:829} INFO - Processing file /home/airflow/.local/lib/python3.8/site-packages/airflow/example_dags/example_xcom.py for tasks to queue
[2023-12-03T05:31:26.362+0000] {logging_mixin.py:151} INFO - [2023-12-03T05:31:26.362+0000] {dagbag.py:539} INFO - Filling up the DagBag from /home/airflow/.local/lib/python3.8/site-packages/airflow/example_dags/example_xcom.py
[2023-12-03T05:31:26.367+0000] {processor.py:839} INFO - DAG(s) dict_keys(['example_xcom']) retrieved from /home/airflow/.local/lib/python3.8/site-packages/airflow/example_dags/example_xcom.py
[2023-12-03T05:31:26.382+0000] {logging_mixin.py:151} INFO - [2023-12-03T05:31:26.382+0000] {dag.py:2915} INFO - Sync 1 DAGs
[2023-12-03T05:31:26.395+0000] {logging_mixin.py:151} INFO - [2023-12-03T05:31:26.395+0000] {dag.py:3696} INFO - Setting next_dagrun for example_xcom to 2021-01-01T00:00:00+00:00, run_after=2021-01-01T00:00:00+00:00
[2023-12-03T05:31:26.406+0000] {processor.py:179} INFO - Processing /home/airflow/.local/lib/python3.8/site-packages/airflow/example_dags/example_xcom.py took 0.048 seconds
[2023-12-03T05:31:56.632+0000] {processor.py:157} INFO - Started process (PID=452) to work on /home/airflow/.local/lib/python3.8/site-packages/airflow/example_dags/example_xcom.py
[2023-12-03T05:31:56.633+0000] {processor.py:829} INFO - Processing file /home/airflow/.local/lib/python3.8/site-packages/airflow/example_dags/example_xcom.py for tasks to queue
[2023-12-03T05:31:56.635+0000] {logging_mixin.py:151} INFO - [2023-12-03T05:31:56.635+0000] {dagbag.py:539} INFO - Filling up the DagBag from /home/airflow/.local/lib/python3.8/site-packages/airflow/example_dags/example_xcom.py
[2023-12-03T05:31:56.641+0000] {processor.py:839} INFO - DAG(s) dict_keys(['example_xcom']) retrieved from /home/airflow/.local/lib/python3.8/site-packages/airflow/example_dags/example_xcom.py
[2023-12-03T05:31:56.656+0000] {logging_mixin.py:151} INFO - [2023-12-03T05:31:56.656+0000] {dag.py:2915} INFO - Sync 1 DAGs
[2023-12-03T05:31:56.671+0000] {logging_mixin.py:151} INFO - [2023-12-03T05:31:56.671+0000] {dag.py:3696} INFO - Setting next_dagrun for example_xcom to 2021-01-01T00:00:00+00:00, run_after=2021-01-01T00:00:00+00:00
[2023-12-03T05:31:56.686+0000] {processor.py:179} INFO - Processing /home/airflow/.local/lib/python3.8/site-packages/airflow/example_dags/example_xcom.py took 0.056 seconds
[2023-12-03T05:32:26.962+0000] {processor.py:157} INFO - Started process (PID=508) to work on /home/airflow/.local/lib/python3.8/site-packages/airflow/example_dags/example_xcom.py
[2023-12-03T05:32:26.963+0000] {processor.py:829} INFO - Processing file /home/airflow/.local/lib/python3.8/site-packages/airflow/example_dags/example_xcom.py for tasks to queue
[2023-12-03T05:32:26.965+0000] {logging_mixin.py:151} INFO - [2023-12-03T05:32:26.965+0000] {dagbag.py:539} INFO - Filling up the DagBag from /home/airflow/.local/lib/python3.8/site-packages/airflow/example_dags/example_xcom.py
[2023-12-03T05:32:26.971+0000] {processor.py:839} INFO - DAG(s) dict_keys(['example_xcom']) retrieved from /home/airflow/.local/lib/python3.8/site-packages/airflow/example_dags/example_xcom.py
[2023-12-03T05:32:26.985+0000] {logging_mixin.py:151} INFO - [2023-12-03T05:32:26.984+0000] {dag.py:2915} INFO - Sync 1 DAGs
[2023-12-03T05:32:26.998+0000] {logging_mixin.py:151} INFO - [2023-12-03T05:32:26.997+0000] {dag.py:3696} INFO - Setting next_dagrun for example_xcom to 2021-01-01T00:00:00+00:00, run_after=2021-01-01T00:00:00+00:00
[2023-12-03T05:32:27.009+0000] {processor.py:179} INFO - Processing /home/airflow/.local/lib/python3.8/site-packages/airflow/example_dags/example_xcom.py took 0.049 seconds
[2023-12-03T05:32:57.195+0000] {processor.py:157} INFO - Started process (PID=564) to work on /home/airflow/.local/lib/python3.8/site-packages/airflow/example_dags/example_xcom.py
[2023-12-03T05:32:57.196+0000] {processor.py:829} INFO - Processing file /home/airflow/.local/lib/python3.8/site-packages/airflow/example_dags/example_xcom.py for tasks to queue
[2023-12-03T05:32:57.197+0000] {logging_mixin.py:151} INFO - [2023-12-03T05:32:57.197+0000] {dagbag.py:539} INFO - Filling up the DagBag from /home/airflow/.local/lib/python3.8/site-packages/airflow/example_dags/example_xcom.py
[2023-12-03T05:32:57.202+0000] {processor.py:839} INFO - DAG(s) dict_keys(['example_xcom']) retrieved from /home/airflow/.local/lib/python3.8/site-packages/airflow/example_dags/example_xcom.py
[2023-12-03T05:32:57.215+0000] {logging_mixin.py:151} INFO - [2023-12-03T05:32:57.215+0000] {dag.py:2915} INFO - Sync 1 DAGs
[2023-12-03T05:32:57.227+0000] {logging_mixin.py:151} INFO - [2023-12-03T05:32:57.227+0000] {dag.py:3696} INFO - Setting next_dagrun for example_xcom to 2021-01-01T00:00:00+00:00, run_after=2021-01-01T00:00:00+00:00
[2023-12-03T05:32:57.237+0000] {processor.py:179} INFO - Processing /home/airflow/.local/lib/python3.8/site-packages/airflow/example_dags/example_xcom.py took 0.045 seconds
[2023-12-03T05:33:27.510+0000] {processor.py:157} INFO - Started process (PID=620) to work on /home/airflow/.local/lib/python3.8/site-packages/airflow/example_dags/example_xcom.py
[2023-12-03T05:33:27.511+0000] {processor.py:829} INFO - Processing file /home/airflow/.local/lib/python3.8/site-packages/airflow/example_dags/example_xcom.py for tasks to queue
[2023-12-03T05:33:27.513+0000] {logging_mixin.py:151} INFO - [2023-12-03T05:33:27.513+0000] {dagbag.py:539} INFO - Filling up the DagBag from /home/airflow/.local/lib/python3.8/site-packages/airflow/example_dags/example_xcom.py
[2023-12-03T05:33:27.518+0000] {processor.py:839} INFO - DAG(s) dict_keys(['example_xcom']) retrieved from /home/airflow/.local/lib/python3.8/site-packages/airflow/example_dags/example_xcom.py
[2023-12-03T05:33:27.532+0000] {logging_mixin.py:151} INFO - [2023-12-03T05:33:27.532+0000] {dag.py:2915} INFO - Sync 1 DAGs
[2023-12-03T05:33:27.546+0000] {logging_mixin.py:151} INFO - [2023-12-03T05:33:27.546+0000] {dag.py:3696} INFO - Setting next_dagrun for example_xcom to 2021-01-01T00:00:00+00:00, run_after=2021-01-01T00:00:00+00:00
[2023-12-03T05:33:27.558+0000] {processor.py:179} INFO - Processing /home/airflow/.local/lib/python3.8/site-packages/airflow/example_dags/example_xcom.py took 0.050 seconds
[2023-12-03T05:33:57.814+0000] {processor.py:157} INFO - Started process (PID=676) to work on /home/airflow/.local/lib/python3.8/site-packages/airflow/example_dags/example_xcom.py
[2023-12-03T05:33:57.816+0000] {processor.py:829} INFO - Processing file /home/airflow/.local/lib/python3.8/site-packages/airflow/example_dags/example_xcom.py for tasks to queue
[2023-12-03T05:33:57.817+0000] {logging_mixin.py:151} INFO - [2023-12-03T05:33:57.817+0000] {dagbag.py:539} INFO - Filling up the DagBag from /home/airflow/.local/lib/python3.8/site-packages/airflow/example_dags/example_xcom.py
[2023-12-03T05:33:57.822+0000] {processor.py:839} INFO - DAG(s) dict_keys(['example_xcom']) retrieved from /home/airflow/.local/lib/python3.8/site-packages/airflow/example_dags/example_xcom.py
[2023-12-03T05:33:57.836+0000] {logging_mixin.py:151} INFO - [2023-12-03T05:33:57.836+0000] {dag.py:2915} INFO - Sync 1 DAGs
[2023-12-03T05:33:57.850+0000] {logging_mixin.py:151} INFO - [2023-12-03T05:33:57.849+0000] {dag.py:3696} INFO - Setting next_dagrun for example_xcom to 2021-01-01T00:00:00+00:00, run_after=2021-01-01T00:00:00+00:00
[2023-12-03T05:33:57.861+0000] {processor.py:179} INFO - Processing /home/airflow/.local/lib/python3.8/site-packages/airflow/example_dags/example_xcom.py took 0.049 seconds
[2023-12-03T05:34:27.978+0000] {processor.py:157} INFO - Started process (PID=733) to work on /home/airflow/.local/lib/python3.8/site-packages/airflow/example_dags/example_xcom.py
[2023-12-03T05:34:27.979+0000] {processor.py:829} INFO - Processing file /home/airflow/.local/lib/python3.8/site-packages/airflow/example_dags/example_xcom.py for tasks to queue
[2023-12-03T05:34:27.981+0000] {logging_mixin.py:151} INFO - [2023-12-03T05:34:27.981+0000] {dagbag.py:539} INFO - Filling up the DagBag from /home/airflow/.local/lib/python3.8/site-packages/airflow/example_dags/example_xcom.py
[2023-12-03T05:34:27.986+0000] {processor.py:839} INFO - DAG(s) dict_keys(['example_xcom']) retrieved from /home/airflow/.local/lib/python3.8/site-packages/airflow/example_dags/example_xcom.py
[2023-12-03T05:34:28.000+0000] {logging_mixin.py:151} INFO - [2023-12-03T05:34:28.000+0000] {dag.py:2915} INFO - Sync 1 DAGs
[2023-12-03T05:34:28.013+0000] {logging_mixin.py:151} INFO - [2023-12-03T05:34:28.013+0000] {dag.py:3696} INFO - Setting next_dagrun for example_xcom to 2021-01-01T00:00:00+00:00, run_after=2021-01-01T00:00:00+00:00
[2023-12-03T05:34:28.025+0000] {processor.py:179} INFO - Processing /home/airflow/.local/lib/python3.8/site-packages/airflow/example_dags/example_xcom.py took 0.049 seconds
[2023-12-03T05:34:58.169+0000] {processor.py:157} INFO - Started process (PID=789) to work on /home/airflow/.local/lib/python3.8/site-packages/airflow/example_dags/example_xcom.py
[2023-12-03T05:34:58.170+0000] {processor.py:829} INFO - Processing file /home/airflow/.local/lib/python3.8/site-packages/airflow/example_dags/example_xcom.py for tasks to queue
[2023-12-03T05:34:58.172+0000] {logging_mixin.py:151} INFO - [2023-12-03T05:34:58.172+0000] {dagbag.py:539} INFO - Filling up the DagBag from /home/airflow/.local/lib/python3.8/site-packages/airflow/example_dags/example_xcom.py
[2023-12-03T05:34:58.177+0000] {processor.py:839} INFO - DAG(s) dict_keys(['example_xcom']) retrieved from /home/airflow/.local/lib/python3.8/site-packages/airflow/example_dags/example_xcom.py
[2023-12-03T05:34:58.191+0000] {logging_mixin.py:151} INFO - [2023-12-03T05:34:58.190+0000] {dag.py:2915} INFO - Sync 1 DAGs
[2023-12-03T05:34:58.204+0000] {logging_mixin.py:151} INFO - [2023-12-03T05:34:58.203+0000] {dag.py:3696} INFO - Setting next_dagrun for example_xcom to 2021-01-01T00:00:00+00:00, run_after=2021-01-01T00:00:00+00:00
[2023-12-03T05:34:58.215+0000] {processor.py:179} INFO - Processing /home/airflow/.local/lib/python3.8/site-packages/airflow/example_dags/example_xcom.py took 0.048 seconds
[2023-12-03T05:35:28.422+0000] {processor.py:157} INFO - Started process (PID=845) to work on /home/airflow/.local/lib/python3.8/site-packages/airflow/example_dags/example_xcom.py
[2023-12-03T05:35:28.423+0000] {processor.py:829} INFO - Processing file /home/airflow/.local/lib/python3.8/site-packages/airflow/example_dags/example_xcom.py for tasks to queue
[2023-12-03T05:35:28.425+0000] {logging_mixin.py:151} INFO - [2023-12-03T05:35:28.424+0000] {dagbag.py:539} INFO - Filling up the DagBag from /home/airflow/.local/lib/python3.8/site-packages/airflow/example_dags/example_xcom.py
[2023-12-03T05:35:28.430+0000] {processor.py:839} INFO - DAG(s) dict_keys(['example_xcom']) retrieved from /home/airflow/.local/lib/python3.8/site-packages/airflow/example_dags/example_xcom.py
[2023-12-03T05:35:28.444+0000] {logging_mixin.py:151} INFO - [2023-12-03T05:35:28.444+0000] {dag.py:2915} INFO - Sync 1 DAGs
[2023-12-03T05:35:28.457+0000] {logging_mixin.py:151} INFO - [2023-12-03T05:35:28.457+0000] {dag.py:3696} INFO - Setting next_dagrun for example_xcom to 2021-01-01T00:00:00+00:00, run_after=2021-01-01T00:00:00+00:00
[2023-12-03T05:35:28.468+0000] {processor.py:179} INFO - Processing /home/airflow/.local/lib/python3.8/site-packages/airflow/example_dags/example_xcom.py took 0.049 seconds
[2023-12-03T05:35:58.671+0000] {processor.py:157} INFO - Started process (PID=901) to work on /home/airflow/.local/lib/python3.8/site-packages/airflow/example_dags/example_xcom.py
[2023-12-03T05:35:58.672+0000] {processor.py:829} INFO - Processing file /home/airflow/.local/lib/python3.8/site-packages/airflow/example_dags/example_xcom.py for tasks to queue
[2023-12-03T05:35:58.674+0000] {logging_mixin.py:151} INFO - [2023-12-03T05:35:58.673+0000] {dagbag.py:539} INFO - Filling up the DagBag from /home/airflow/.local/lib/python3.8/site-packages/airflow/example_dags/example_xcom.py
[2023-12-03T05:35:58.679+0000] {processor.py:839} INFO - DAG(s) dict_keys(['example_xcom']) retrieved from /home/airflow/.local/lib/python3.8/site-packages/airflow/example_dags/example_xcom.py
[2023-12-03T05:35:58.693+0000] {logging_mixin.py:151} INFO - [2023-12-03T05:35:58.693+0000] {dag.py:2915} INFO - Sync 1 DAGs
[2023-12-03T05:35:58.707+0000] {logging_mixin.py:151} INFO - [2023-12-03T05:35:58.707+0000] {dag.py:3696} INFO - Setting next_dagrun for example_xcom to 2021-01-01T00:00:00+00:00, run_after=2021-01-01T00:00:00+00:00
[2023-12-03T05:35:58.719+0000] {processor.py:179} INFO - Processing /home/airflow/.local/lib/python3.8/site-packages/airflow/example_dags/example_xcom.py took 0.051 seconds
[2023-12-03T05:36:29.129+0000] {processor.py:157} INFO - Started process (PID=957) to work on /home/airflow/.local/lib/python3.8/site-packages/airflow/example_dags/example_xcom.py
[2023-12-03T05:36:29.130+0000] {processor.py:829} INFO - Processing file /home/airflow/.local/lib/python3.8/site-packages/airflow/example_dags/example_xcom.py for tasks to queue
[2023-12-03T05:36:29.132+0000] {logging_mixin.py:151} INFO - [2023-12-03T05:36:29.132+0000] {dagbag.py:539} INFO - Filling up the DagBag from /home/airflow/.local/lib/python3.8/site-packages/airflow/example_dags/example_xcom.py
[2023-12-03T05:36:29.138+0000] {processor.py:839} INFO - DAG(s) dict_keys(['example_xcom']) retrieved from /home/airflow/.local/lib/python3.8/site-packages/airflow/example_dags/example_xcom.py
[2023-12-03T05:36:29.154+0000] {logging_mixin.py:151} INFO - [2023-12-03T05:36:29.154+0000] {dag.py:2915} INFO - Sync 1 DAGs
[2023-12-03T05:36:29.169+0000] {logging_mixin.py:151} INFO - [2023-12-03T05:36:29.169+0000] {dag.py:3696} INFO - Setting next_dagrun for example_xcom to 2021-01-01T00:00:00+00:00, run_after=2021-01-01T00:00:00+00:00
[2023-12-03T05:36:29.182+0000] {processor.py:179} INFO - Processing /home/airflow/.local/lib/python3.8/site-packages/airflow/example_dags/example_xcom.py took 0.056 seconds
[2023-12-03T05:36:59.352+0000] {processor.py:157} INFO - Started process (PID=1013) to work on /home/airflow/.local/lib/python3.8/site-packages/airflow/example_dags/example_xcom.py
[2023-12-03T05:36:59.353+0000] {processor.py:829} INFO - Processing file /home/airflow/.local/lib/python3.8/site-packages/airflow/example_dags/example_xcom.py for tasks to queue
[2023-12-03T05:36:59.354+0000] {logging_mixin.py:151} INFO - [2023-12-03T05:36:59.354+0000] {dagbag.py:539} INFO - Filling up the DagBag from /home/airflow/.local/lib/python3.8/site-packages/airflow/example_dags/example_xcom.py
[2023-12-03T05:36:59.360+0000] {processor.py:839} INFO - DAG(s) dict_keys(['example_xcom']) retrieved from /home/airflow/.local/lib/python3.8/site-packages/airflow/example_dags/example_xcom.py
[2023-12-03T05:36:59.374+0000] {logging_mixin.py:151} INFO - [2023-12-03T05:36:59.374+0000] {dag.py:2915} INFO - Sync 1 DAGs
[2023-12-03T05:36:59.387+0000] {logging_mixin.py:151} INFO - [2023-12-03T05:36:59.387+0000] {dag.py:3696} INFO - Setting next_dagrun for example_xcom to 2021-01-01T00:00:00+00:00, run_after=2021-01-01T00:00:00+00:00
[2023-12-03T05:36:59.398+0000] {processor.py:179} INFO - Processing /home/airflow/.local/lib/python3.8/site-packages/airflow/example_dags/example_xcom.py took 0.049 seconds
[2023-12-03T05:37:29.624+0000] {processor.py:157} INFO - Started process (PID=1069) to work on /home/airflow/.local/lib/python3.8/site-packages/airflow/example_dags/example_xcom.py
[2023-12-03T05:37:29.625+0000] {processor.py:829} INFO - Processing file /home/airflow/.local/lib/python3.8/site-packages/airflow/example_dags/example_xcom.py for tasks to queue
[2023-12-03T05:37:29.627+0000] {logging_mixin.py:151} INFO - [2023-12-03T05:37:29.627+0000] {dagbag.py:539} INFO - Filling up the DagBag from /home/airflow/.local/lib/python3.8/site-packages/airflow/example_dags/example_xcom.py
[2023-12-03T05:37:29.632+0000] {processor.py:839} INFO - DAG(s) dict_keys(['example_xcom']) retrieved from /home/airflow/.local/lib/python3.8/site-packages/airflow/example_dags/example_xcom.py
[2023-12-03T05:37:29.647+0000] {logging_mixin.py:151} INFO - [2023-12-03T05:37:29.647+0000] {dag.py:2915} INFO - Sync 1 DAGs
[2023-12-03T05:37:29.660+0000] {logging_mixin.py:151} INFO - [2023-12-03T05:37:29.660+0000] {dag.py:3696} INFO - Setting next_dagrun for example_xcom to 2021-01-01T00:00:00+00:00, run_after=2021-01-01T00:00:00+00:00
[2023-12-03T05:37:29.670+0000] {processor.py:179} INFO - Processing /home/airflow/.local/lib/python3.8/site-packages/airflow/example_dags/example_xcom.py took 0.049 seconds
[2023-12-03T05:37:59.866+0000] {processor.py:157} INFO - Started process (PID=1125) to work on /home/airflow/.local/lib/python3.8/site-packages/airflow/example_dags/example_xcom.py
[2023-12-03T05:37:59.867+0000] {processor.py:829} INFO - Processing file /home/airflow/.local/lib/python3.8/site-packages/airflow/example_dags/example_xcom.py for tasks to queue
[2023-12-03T05:37:59.869+0000] {logging_mixin.py:151} INFO - [2023-12-03T05:37:59.869+0000] {dagbag.py:539} INFO - Filling up the DagBag from /home/airflow/.local/lib/python3.8/site-packages/airflow/example_dags/example_xcom.py
[2023-12-03T05:37:59.874+0000] {processor.py:839} INFO - DAG(s) dict_keys(['example_xcom']) retrieved from /home/airflow/.local/lib/python3.8/site-packages/airflow/example_dags/example_xcom.py
[2023-12-03T05:37:59.890+0000] {logging_mixin.py:151} INFO - [2023-12-03T05:37:59.889+0000] {dag.py:2915} INFO - Sync 1 DAGs
[2023-12-03T05:37:59.903+0000] {logging_mixin.py:151} INFO - [2023-12-03T05:37:59.903+0000] {dag.py:3696} INFO - Setting next_dagrun for example_xcom to 2021-01-01T00:00:00+00:00, run_after=2021-01-01T00:00:00+00:00
[2023-12-03T05:37:59.915+0000] {processor.py:179} INFO - Processing /home/airflow/.local/lib/python3.8/site-packages/airflow/example_dags/example_xcom.py took 0.052 seconds
[2023-12-03T05:38:30.319+0000] {processor.py:157} INFO - Started process (PID=1181) to work on /home/airflow/.local/lib/python3.8/site-packages/airflow/example_dags/example_xcom.py
[2023-12-03T05:38:30.320+0000] {processor.py:829} INFO - Processing file /home/airflow/.local/lib/python3.8/site-packages/airflow/example_dags/example_xcom.py for tasks to queue
[2023-12-03T05:38:30.322+0000] {logging_mixin.py:151} INFO - [2023-12-03T05:38:30.321+0000] {dagbag.py:539} INFO - Filling up the DagBag from /home/airflow/.local/lib/python3.8/site-packages/airflow/example_dags/example_xcom.py
[2023-12-03T05:38:30.327+0000] {processor.py:839} INFO - DAG(s) dict_keys(['example_xcom']) retrieved from /home/airflow/.local/lib/python3.8/site-packages/airflow/example_dags/example_xcom.py
[2023-12-03T05:38:30.341+0000] {logging_mixin.py:151} INFO - [2023-12-03T05:38:30.341+0000] {dag.py:2915} INFO - Sync 1 DAGs
[2023-12-03T05:38:30.354+0000] {logging_mixin.py:151} INFO - [2023-12-03T05:38:30.354+0000] {dag.py:3696} INFO - Setting next_dagrun for example_xcom to 2021-01-01T00:00:00+00:00, run_after=2021-01-01T00:00:00+00:00
[2023-12-03T05:38:30.365+0000] {processor.py:179} INFO - Processing /home/airflow/.local/lib/python3.8/site-packages/airflow/example_dags/example_xcom.py took 0.048 seconds
[2023-12-03T05:39:00.798+0000] {processor.py:157} INFO - Started process (PID=1237) to work on /home/airflow/.local/lib/python3.8/site-packages/airflow/example_dags/example_xcom.py
[2023-12-03T05:39:00.799+0000] {processor.py:829} INFO - Processing file /home/airflow/.local/lib/python3.8/site-packages/airflow/example_dags/example_xcom.py for tasks to queue
[2023-12-03T05:39:00.801+0000] {logging_mixin.py:151} INFO - [2023-12-03T05:39:00.800+0000] {dagbag.py:539} INFO - Filling up the DagBag from /home/airflow/.local/lib/python3.8/site-packages/airflow/example_dags/example_xcom.py
[2023-12-03T05:39:00.806+0000] {processor.py:839} INFO - DAG(s) dict_keys(['example_xcom']) retrieved from /home/airflow/.local/lib/python3.8/site-packages/airflow/example_dags/example_xcom.py
[2023-12-03T05:39:00.820+0000] {logging_mixin.py:151} INFO - [2023-12-03T05:39:00.820+0000] {dag.py:2915} INFO - Sync 1 DAGs
[2023-12-03T05:39:00.833+0000] {logging_mixin.py:151} INFO - [2023-12-03T05:39:00.833+0000] {dag.py:3696} INFO - Setting next_dagrun for example_xcom to 2021-01-01T00:00:00+00:00, run_after=2021-01-01T00:00:00+00:00
[2023-12-03T05:39:00.843+0000] {processor.py:179} INFO - Processing /home/airflow/.local/lib/python3.8/site-packages/airflow/example_dags/example_xcom.py took 0.048 seconds
[2023-12-03T05:39:31.192+0000] {processor.py:157} INFO - Started process (PID=1293) to work on /home/airflow/.local/lib/python3.8/site-packages/airflow/example_dags/example_xcom.py
[2023-12-03T05:39:31.193+0000] {processor.py:829} INFO - Processing file /home/airflow/.local/lib/python3.8/site-packages/airflow/example_dags/example_xcom.py for tasks to queue
[2023-12-03T05:39:31.195+0000] {logging_mixin.py:151} INFO - [2023-12-03T05:39:31.194+0000] {dagbag.py:539} INFO - Filling up the DagBag from /home/airflow/.local/lib/python3.8/site-packages/airflow/example_dags/example_xcom.py
[2023-12-03T05:39:31.200+0000] {processor.py:839} INFO - DAG(s) dict_keys(['example_xcom']) retrieved from /home/airflow/.local/lib/python3.8/site-packages/airflow/example_dags/example_xcom.py
[2023-12-03T05:39:31.214+0000] {logging_mixin.py:151} INFO - [2023-12-03T05:39:31.214+0000] {dag.py:2915} INFO - Sync 1 DAGs
[2023-12-03T05:39:31.228+0000] {logging_mixin.py:151} INFO - [2023-12-03T05:39:31.227+0000] {dag.py:3696} INFO - Setting next_dagrun for example_xcom to 2021-01-01T00:00:00+00:00, run_after=2021-01-01T00:00:00+00:00
[2023-12-03T05:39:31.239+0000] {processor.py:179} INFO - Processing /home/airflow/.local/lib/python3.8/site-packages/airflow/example_dags/example_xcom.py took 0.050 seconds
[2023-12-03T05:40:01.534+0000] {processor.py:157} INFO - Started process (PID=1349) to work on /home/airflow/.local/lib/python3.8/site-packages/airflow/example_dags/example_xcom.py
[2023-12-03T05:40:01.536+0000] {processor.py:829} INFO - Processing file /home/airflow/.local/lib/python3.8/site-packages/airflow/example_dags/example_xcom.py for tasks to queue
[2023-12-03T05:40:01.538+0000] {logging_mixin.py:151} INFO - [2023-12-03T05:40:01.538+0000] {dagbag.py:539} INFO - Filling up the DagBag from /home/airflow/.local/lib/python3.8/site-packages/airflow/example_dags/example_xcom.py
[2023-12-03T05:40:01.544+0000] {processor.py:839} INFO - DAG(s) dict_keys(['example_xcom']) retrieved from /home/airflow/.local/lib/python3.8/site-packages/airflow/example_dags/example_xcom.py
[2023-12-03T05:40:01.559+0000] {logging_mixin.py:151} INFO - [2023-12-03T05:40:01.559+0000] {dag.py:2915} INFO - Sync 1 DAGs
[2023-12-03T05:40:01.573+0000] {logging_mixin.py:151} INFO - [2023-12-03T05:40:01.573+0000] {dag.py:3696} INFO - Setting next_dagrun for example_xcom to 2021-01-01T00:00:00+00:00, run_after=2021-01-01T00:00:00+00:00
[2023-12-03T05:40:01.584+0000] {processor.py:179} INFO - Processing /home/airflow/.local/lib/python3.8/site-packages/airflow/example_dags/example_xcom.py took 0.052 seconds
[2023-12-03T05:40:32.008+0000] {processor.py:157} INFO - Started process (PID=1405) to work on /home/airflow/.local/lib/python3.8/site-packages/airflow/example_dags/example_xcom.py
[2023-12-03T05:40:32.009+0000] {processor.py:829} INFO - Processing file /home/airflow/.local/lib/python3.8/site-packages/airflow/example_dags/example_xcom.py for tasks to queue
[2023-12-03T05:40:32.011+0000] {logging_mixin.py:151} INFO - [2023-12-03T05:40:32.011+0000] {dagbag.py:539} INFO - Filling up the DagBag from /home/airflow/.local/lib/python3.8/site-packages/airflow/example_dags/example_xcom.py
[2023-12-03T05:40:32.016+0000] {processor.py:839} INFO - DAG(s) dict_keys(['example_xcom']) retrieved from /home/airflow/.local/lib/python3.8/site-packages/airflow/example_dags/example_xcom.py
[2023-12-03T05:40:32.030+0000] {logging_mixin.py:151} INFO - [2023-12-03T05:40:32.029+0000] {dag.py:2915} INFO - Sync 1 DAGs
[2023-12-03T05:40:32.043+0000] {logging_mixin.py:151} INFO - [2023-12-03T05:40:32.043+0000] {dag.py:3696} INFO - Setting next_dagrun for example_xcom to 2021-01-01T00:00:00+00:00, run_after=2021-01-01T00:00:00+00:00
[2023-12-03T05:40:32.054+0000] {processor.py:179} INFO - Processing /home/airflow/.local/lib/python3.8/site-packages/airflow/example_dags/example_xcom.py took 0.048 seconds
[2023-12-03T05:41:02.501+0000] {processor.py:157} INFO - Started process (PID=1461) to work on /home/airflow/.local/lib/python3.8/site-packages/airflow/example_dags/example_xcom.py
[2023-12-03T05:41:02.504+0000] {processor.py:829} INFO - Processing file /home/airflow/.local/lib/python3.8/site-packages/airflow/example_dags/example_xcom.py for tasks to queue
[2023-12-03T05:41:02.506+0000] {logging_mixin.py:151} INFO - [2023-12-03T05:41:02.506+0000] {dagbag.py:539} INFO - Filling up the DagBag from /home/airflow/.local/lib/python3.8/site-packages/airflow/example_dags/example_xcom.py
[2023-12-03T05:41:02.512+0000] {processor.py:839} INFO - DAG(s) dict_keys(['example_xcom']) retrieved from /home/airflow/.local/lib/python3.8/site-packages/airflow/example_dags/example_xcom.py
[2023-12-03T05:41:02.526+0000] {logging_mixin.py:151} INFO - [2023-12-03T05:41:02.526+0000] {dag.py:2915} INFO - Sync 1 DAGs
[2023-12-03T05:41:02.539+0000] {logging_mixin.py:151} INFO - [2023-12-03T05:41:02.539+0000] {dag.py:3696} INFO - Setting next_dagrun for example_xcom to 2021-01-01T00:00:00+00:00, run_after=2021-01-01T00:00:00+00:00
[2023-12-03T05:41:02.552+0000] {processor.py:179} INFO - Processing /home/airflow/.local/lib/python3.8/site-packages/airflow/example_dags/example_xcom.py took 0.053 seconds
[2023-12-03T05:41:33.010+0000] {processor.py:157} INFO - Started process (PID=1517) to work on /home/airflow/.local/lib/python3.8/site-packages/airflow/example_dags/example_xcom.py
[2023-12-03T05:41:33.012+0000] {processor.py:829} INFO - Processing file /home/airflow/.local/lib/python3.8/site-packages/airflow/example_dags/example_xcom.py for tasks to queue
[2023-12-03T05:41:33.013+0000] {logging_mixin.py:151} INFO - [2023-12-03T05:41:33.013+0000] {dagbag.py:539} INFO - Filling up the DagBag from /home/airflow/.local/lib/python3.8/site-packages/airflow/example_dags/example_xcom.py
[2023-12-03T05:41:33.019+0000] {processor.py:839} INFO - DAG(s) dict_keys(['example_xcom']) retrieved from /home/airflow/.local/lib/python3.8/site-packages/airflow/example_dags/example_xcom.py
[2023-12-03T05:41:33.034+0000] {logging_mixin.py:151} INFO - [2023-12-03T05:41:33.034+0000] {dag.py:2915} INFO - Sync 1 DAGs
[2023-12-03T05:41:33.048+0000] {logging_mixin.py:151} INFO - [2023-12-03T05:41:33.048+0000] {dag.py:3696} INFO - Setting next_dagrun for example_xcom to 2021-01-01T00:00:00+00:00, run_after=2021-01-01T00:00:00+00:00
[2023-12-03T05:41:33.059+0000] {processor.py:179} INFO - Processing /home/airflow/.local/lib/python3.8/site-packages/airflow/example_dags/example_xcom.py took 0.052 seconds
[2023-12-03T05:42:03.504+0000] {processor.py:157} INFO - Started process (PID=1573) to work on /home/airflow/.local/lib/python3.8/site-packages/airflow/example_dags/example_xcom.py
[2023-12-03T05:42:03.505+0000] {processor.py:829} INFO - Processing file /home/airflow/.local/lib/python3.8/site-packages/airflow/example_dags/example_xcom.py for tasks to queue
[2023-12-03T05:42:03.506+0000] {logging_mixin.py:151} INFO - [2023-12-03T05:42:03.506+0000] {dagbag.py:539} INFO - Filling up the DagBag from /home/airflow/.local/lib/python3.8/site-packages/airflow/example_dags/example_xcom.py
[2023-12-03T05:42:03.511+0000] {processor.py:839} INFO - DAG(s) dict_keys(['example_xcom']) retrieved from /home/airflow/.local/lib/python3.8/site-packages/airflow/example_dags/example_xcom.py
[2023-12-03T05:42:03.526+0000] {logging_mixin.py:151} INFO - [2023-12-03T05:42:03.526+0000] {dag.py:2915} INFO - Sync 1 DAGs
[2023-12-03T05:42:03.539+0000] {logging_mixin.py:151} INFO - [2023-12-03T05:42:03.539+0000] {dag.py:3696} INFO - Setting next_dagrun for example_xcom to 2021-01-01T00:00:00+00:00, run_after=2021-01-01T00:00:00+00:00
[2023-12-03T05:42:03.550+0000] {processor.py:179} INFO - Processing /home/airflow/.local/lib/python3.8/site-packages/airflow/example_dags/example_xcom.py took 0.049 seconds
[2023-12-03T05:42:33.640+0000] {processor.py:157} INFO - Started process (PID=1629) to work on /home/airflow/.local/lib/python3.8/site-packages/airflow/example_dags/example_xcom.py
[2023-12-03T05:42:33.641+0000] {processor.py:829} INFO - Processing file /home/airflow/.local/lib/python3.8/site-packages/airflow/example_dags/example_xcom.py for tasks to queue
[2023-12-03T05:42:33.643+0000] {logging_mixin.py:151} INFO - [2023-12-03T05:42:33.643+0000] {dagbag.py:539} INFO - Filling up the DagBag from /home/airflow/.local/lib/python3.8/site-packages/airflow/example_dags/example_xcom.py
[2023-12-03T05:42:33.648+0000] {processor.py:839} INFO - DAG(s) dict_keys(['example_xcom']) retrieved from /home/airflow/.local/lib/python3.8/site-packages/airflow/example_dags/example_xcom.py
[2023-12-03T05:42:33.663+0000] {logging_mixin.py:151} INFO - [2023-12-03T05:42:33.663+0000] {dag.py:2915} INFO - Sync 1 DAGs
[2023-12-03T05:42:33.676+0000] {logging_mixin.py:151} INFO - [2023-12-03T05:42:33.675+0000] {dag.py:3696} INFO - Setting next_dagrun for example_xcom to 2021-01-01T00:00:00+00:00, run_after=2021-01-01T00:00:00+00:00
[2023-12-03T05:42:33.686+0000] {processor.py:179} INFO - Processing /home/airflow/.local/lib/python3.8/site-packages/airflow/example_dags/example_xcom.py took 0.049 seconds
[2023-12-03T05:43:03.932+0000] {processor.py:157} INFO - Started process (PID=1685) to work on /home/airflow/.local/lib/python3.8/site-packages/airflow/example_dags/example_xcom.py
[2023-12-03T05:43:03.934+0000] {processor.py:829} INFO - Processing file /home/airflow/.local/lib/python3.8/site-packages/airflow/example_dags/example_xcom.py for tasks to queue
[2023-12-03T05:43:03.935+0000] {logging_mixin.py:151} INFO - [2023-12-03T05:43:03.935+0000] {dagbag.py:539} INFO - Filling up the DagBag from /home/airflow/.local/lib/python3.8/site-packages/airflow/example_dags/example_xcom.py
[2023-12-03T05:43:03.940+0000] {processor.py:839} INFO - DAG(s) dict_keys(['example_xcom']) retrieved from /home/airflow/.local/lib/python3.8/site-packages/airflow/example_dags/example_xcom.py
[2023-12-03T05:43:03.955+0000] {logging_mixin.py:151} INFO - [2023-12-03T05:43:03.955+0000] {dag.py:2915} INFO - Sync 1 DAGs
[2023-12-03T05:43:03.967+0000] {logging_mixin.py:151} INFO - [2023-12-03T05:43:03.967+0000] {dag.py:3696} INFO - Setting next_dagrun for example_xcom to 2021-01-01T00:00:00+00:00, run_after=2021-01-01T00:00:00+00:00
[2023-12-03T05:43:03.977+0000] {processor.py:179} INFO - Processing /home/airflow/.local/lib/python3.8/site-packages/airflow/example_dags/example_xcom.py took 0.047 seconds
[2023-12-03T05:43:34.316+0000] {processor.py:157} INFO - Started process (PID=1741) to work on /home/airflow/.local/lib/python3.8/site-packages/airflow/example_dags/example_xcom.py
[2023-12-03T05:43:34.318+0000] {processor.py:829} INFO - Processing file /home/airflow/.local/lib/python3.8/site-packages/airflow/example_dags/example_xcom.py for tasks to queue
[2023-12-03T05:43:34.319+0000] {logging_mixin.py:151} INFO - [2023-12-03T05:43:34.319+0000] {dagbag.py:539} INFO - Filling up the DagBag from /home/airflow/.local/lib/python3.8/site-packages/airflow/example_dags/example_xcom.py
[2023-12-03T05:43:34.324+0000] {processor.py:839} INFO - DAG(s) dict_keys(['example_xcom']) retrieved from /home/airflow/.local/lib/python3.8/site-packages/airflow/example_dags/example_xcom.py
[2023-12-03T05:43:34.338+0000] {logging_mixin.py:151} INFO - [2023-12-03T05:43:34.338+0000] {dag.py:2915} INFO - Sync 1 DAGs
[2023-12-03T05:43:34.352+0000] {logging_mixin.py:151} INFO - [2023-12-03T05:43:34.352+0000] {dag.py:3696} INFO - Setting next_dagrun for example_xcom to 2021-01-01T00:00:00+00:00, run_after=2021-01-01T00:00:00+00:00
[2023-12-03T05:43:34.363+0000] {processor.py:179} INFO - Processing /home/airflow/.local/lib/python3.8/site-packages/airflow/example_dags/example_xcom.py took 0.049 seconds
[2023-12-03T05:44:04.666+0000] {processor.py:157} INFO - Started process (PID=1797) to work on /home/airflow/.local/lib/python3.8/site-packages/airflow/example_dags/example_xcom.py
[2023-12-03T05:44:04.667+0000] {processor.py:829} INFO - Processing file /home/airflow/.local/lib/python3.8/site-packages/airflow/example_dags/example_xcom.py for tasks to queue
[2023-12-03T05:44:04.669+0000] {logging_mixin.py:151} INFO - [2023-12-03T05:44:04.669+0000] {dagbag.py:539} INFO - Filling up the DagBag from /home/airflow/.local/lib/python3.8/site-packages/airflow/example_dags/example_xcom.py
[2023-12-03T05:44:04.674+0000] {processor.py:839} INFO - DAG(s) dict_keys(['example_xcom']) retrieved from /home/airflow/.local/lib/python3.8/site-packages/airflow/example_dags/example_xcom.py
[2023-12-03T05:44:04.688+0000] {logging_mixin.py:151} INFO - [2023-12-03T05:44:04.688+0000] {dag.py:2915} INFO - Sync 1 DAGs
[2023-12-03T05:44:04.703+0000] {logging_mixin.py:151} INFO - [2023-12-03T05:44:04.703+0000] {dag.py:3696} INFO - Setting next_dagrun for example_xcom to 2021-01-01T00:00:00+00:00, run_after=2021-01-01T00:00:00+00:00
[2023-12-03T05:44:04.715+0000] {processor.py:179} INFO - Processing /home/airflow/.local/lib/python3.8/site-packages/airflow/example_dags/example_xcom.py took 0.051 seconds
[2023-12-03T05:44:35.062+0000] {processor.py:157} INFO - Started process (PID=1853) to work on /home/airflow/.local/lib/python3.8/site-packages/airflow/example_dags/example_xcom.py
[2023-12-03T05:44:35.064+0000] {processor.py:829} INFO - Processing file /home/airflow/.local/lib/python3.8/site-packages/airflow/example_dags/example_xcom.py for tasks to queue
[2023-12-03T05:44:35.065+0000] {logging_mixin.py:151} INFO - [2023-12-03T05:44:35.065+0000] {dagbag.py:539} INFO - Filling up the DagBag from /home/airflow/.local/lib/python3.8/site-packages/airflow/example_dags/example_xcom.py
[2023-12-03T05:44:35.070+0000] {processor.py:839} INFO - DAG(s) dict_keys(['example_xcom']) retrieved from /home/airflow/.local/lib/python3.8/site-packages/airflow/example_dags/example_xcom.py
[2023-12-03T05:44:35.085+0000] {logging_mixin.py:151} INFO - [2023-12-03T05:44:35.085+0000] {dag.py:2915} INFO - Sync 1 DAGs
[2023-12-03T05:44:35.099+0000] {logging_mixin.py:151} INFO - [2023-12-03T05:44:35.098+0000] {dag.py:3696} INFO - Setting next_dagrun for example_xcom to 2021-01-01T00:00:00+00:00, run_after=2021-01-01T00:00:00+00:00
[2023-12-03T05:44:35.109+0000] {processor.py:179} INFO - Processing /home/airflow/.local/lib/python3.8/site-packages/airflow/example_dags/example_xcom.py took 0.049 seconds
[2023-12-03T05:45:05.246+0000] {processor.py:157} INFO - Started process (PID=1909) to work on /home/airflow/.local/lib/python3.8/site-packages/airflow/example_dags/example_xcom.py
[2023-12-03T05:45:05.247+0000] {processor.py:829} INFO - Processing file /home/airflow/.local/lib/python3.8/site-packages/airflow/example_dags/example_xcom.py for tasks to queue
[2023-12-03T05:45:05.249+0000] {logging_mixin.py:151} INFO - [2023-12-03T05:45:05.249+0000] {dagbag.py:539} INFO - Filling up the DagBag from /home/airflow/.local/lib/python3.8/site-packages/airflow/example_dags/example_xcom.py
[2023-12-03T05:45:05.254+0000] {processor.py:839} INFO - DAG(s) dict_keys(['example_xcom']) retrieved from /home/airflow/.local/lib/python3.8/site-packages/airflow/example_dags/example_xcom.py
[2023-12-03T05:45:05.269+0000] {logging_mixin.py:151} INFO - [2023-12-03T05:45:05.269+0000] {dag.py:2915} INFO - Sync 1 DAGs
[2023-12-03T05:45:05.284+0000] {logging_mixin.py:151} INFO - [2023-12-03T05:45:05.284+0000] {dag.py:3696} INFO - Setting next_dagrun for example_xcom to 2021-01-01T00:00:00+00:00, run_after=2021-01-01T00:00:00+00:00
[2023-12-03T05:45:05.297+0000] {processor.py:179} INFO - Processing /home/airflow/.local/lib/python3.8/site-packages/airflow/example_dags/example_xcom.py took 0.054 seconds
[2023-12-03T05:45:35.630+0000] {processor.py:157} INFO - Started process (PID=1965) to work on /home/airflow/.local/lib/python3.8/site-packages/airflow/example_dags/example_xcom.py
[2023-12-03T05:45:35.632+0000] {processor.py:829} INFO - Processing file /home/airflow/.local/lib/python3.8/site-packages/airflow/example_dags/example_xcom.py for tasks to queue
[2023-12-03T05:45:35.633+0000] {logging_mixin.py:151} INFO - [2023-12-03T05:45:35.633+0000] {dagbag.py:539} INFO - Filling up the DagBag from /home/airflow/.local/lib/python3.8/site-packages/airflow/example_dags/example_xcom.py
[2023-12-03T05:45:35.639+0000] {processor.py:839} INFO - DAG(s) dict_keys(['example_xcom']) retrieved from /home/airflow/.local/lib/python3.8/site-packages/airflow/example_dags/example_xcom.py
[2023-12-03T05:45:35.653+0000] {logging_mixin.py:151} INFO - [2023-12-03T05:45:35.653+0000] {dag.py:2915} INFO - Sync 1 DAGs
[2023-12-03T05:45:35.666+0000] {logging_mixin.py:151} INFO - [2023-12-03T05:45:35.666+0000] {dag.py:3696} INFO - Setting next_dagrun for example_xcom to 2021-01-01T00:00:00+00:00, run_after=2021-01-01T00:00:00+00:00
[2023-12-03T05:45:35.677+0000] {processor.py:179} INFO - Processing /home/airflow/.local/lib/python3.8/site-packages/airflow/example_dags/example_xcom.py took 0.049 seconds
[2023-12-03T05:46:05.940+0000] {processor.py:157} INFO - Started process (PID=2021) to work on /home/airflow/.local/lib/python3.8/site-packages/airflow/example_dags/example_xcom.py
[2023-12-03T05:46:05.941+0000] {processor.py:829} INFO - Processing file /home/airflow/.local/lib/python3.8/site-packages/airflow/example_dags/example_xcom.py for tasks to queue
[2023-12-03T05:46:05.943+0000] {logging_mixin.py:151} INFO - [2023-12-03T05:46:05.943+0000] {dagbag.py:539} INFO - Filling up the DagBag from /home/airflow/.local/lib/python3.8/site-packages/airflow/example_dags/example_xcom.py
[2023-12-03T05:46:05.948+0000] {processor.py:839} INFO - DAG(s) dict_keys(['example_xcom']) retrieved from /home/airflow/.local/lib/python3.8/site-packages/airflow/example_dags/example_xcom.py
[2023-12-03T05:46:05.963+0000] {logging_mixin.py:151} INFO - [2023-12-03T05:46:05.963+0000] {dag.py:2915} INFO - Sync 1 DAGs
[2023-12-03T05:46:05.977+0000] {logging_mixin.py:151} INFO - [2023-12-03T05:46:05.976+0000] {dag.py:3696} INFO - Setting next_dagrun for example_xcom to 2021-01-01T00:00:00+00:00, run_after=2021-01-01T00:00:00+00:00
[2023-12-03T05:46:05.988+0000] {processor.py:179} INFO - Processing /home/airflow/.local/lib/python3.8/site-packages/airflow/example_dags/example_xcom.py took 0.051 seconds
[2023-12-03T05:46:36.319+0000] {processor.py:157} INFO - Started process (PID=2077) to work on /home/airflow/.local/lib/python3.8/site-packages/airflow/example_dags/example_xcom.py
[2023-12-03T05:46:36.323+0000] {processor.py:829} INFO - Processing file /home/airflow/.local/lib/python3.8/site-packages/airflow/example_dags/example_xcom.py for tasks to queue
[2023-12-03T05:46:36.324+0000] {logging_mixin.py:151} INFO - [2023-12-03T05:46:36.324+0000] {dagbag.py:539} INFO - Filling up the DagBag from /home/airflow/.local/lib/python3.8/site-packages/airflow/example_dags/example_xcom.py
[2023-12-03T05:46:36.330+0000] {processor.py:839} INFO - DAG(s) dict_keys(['example_xcom']) retrieved from /home/airflow/.local/lib/python3.8/site-packages/airflow/example_dags/example_xcom.py
[2023-12-03T05:46:36.344+0000] {logging_mixin.py:151} INFO - [2023-12-03T05:46:36.344+0000] {dag.py:2915} INFO - Sync 1 DAGs
[2023-12-03T05:46:36.358+0000] {logging_mixin.py:151} INFO - [2023-12-03T05:46:36.358+0000] {dag.py:3696} INFO - Setting next_dagrun for example_xcom to 2021-01-01T00:00:00+00:00, run_after=2021-01-01T00:00:00+00:00
[2023-12-03T05:46:36.370+0000] {processor.py:179} INFO - Processing /home/airflow/.local/lib/python3.8/site-packages/airflow/example_dags/example_xcom.py took 0.054 seconds
[2023-12-03T05:47:06.743+0000] {processor.py:157} INFO - Started process (PID=2133) to work on /home/airflow/.local/lib/python3.8/site-packages/airflow/example_dags/example_xcom.py
[2023-12-03T05:47:06.745+0000] {processor.py:829} INFO - Processing file /home/airflow/.local/lib/python3.8/site-packages/airflow/example_dags/example_xcom.py for tasks to queue
[2023-12-03T05:47:06.746+0000] {logging_mixin.py:151} INFO - [2023-12-03T05:47:06.746+0000] {dagbag.py:539} INFO - Filling up the DagBag from /home/airflow/.local/lib/python3.8/site-packages/airflow/example_dags/example_xcom.py
[2023-12-03T05:47:06.751+0000] {processor.py:839} INFO - DAG(s) dict_keys(['example_xcom']) retrieved from /home/airflow/.local/lib/python3.8/site-packages/airflow/example_dags/example_xcom.py
[2023-12-03T05:47:06.765+0000] {logging_mixin.py:151} INFO - [2023-12-03T05:47:06.765+0000] {dag.py:2915} INFO - Sync 1 DAGs
[2023-12-03T05:47:06.779+0000] {logging_mixin.py:151} INFO - [2023-12-03T05:47:06.779+0000] {dag.py:3696} INFO - Setting next_dagrun for example_xcom to 2021-01-01T00:00:00+00:00, run_after=2021-01-01T00:00:00+00:00
[2023-12-03T05:47:06.790+0000] {processor.py:179} INFO - Processing /home/airflow/.local/lib/python3.8/site-packages/airflow/example_dags/example_xcom.py took 0.049 seconds
[2023-12-03T05:47:36.882+0000] {processor.py:157} INFO - Started process (PID=2189) to work on /home/airflow/.local/lib/python3.8/site-packages/airflow/example_dags/example_xcom.py
[2023-12-03T05:47:36.883+0000] {processor.py:829} INFO - Processing file /home/airflow/.local/lib/python3.8/site-packages/airflow/example_dags/example_xcom.py for tasks to queue
[2023-12-03T05:47:36.885+0000] {logging_mixin.py:151} INFO - [2023-12-03T05:47:36.885+0000] {dagbag.py:539} INFO - Filling up the DagBag from /home/airflow/.local/lib/python3.8/site-packages/airflow/example_dags/example_xcom.py
[2023-12-03T05:47:36.890+0000] {processor.py:839} INFO - DAG(s) dict_keys(['example_xcom']) retrieved from /home/airflow/.local/lib/python3.8/site-packages/airflow/example_dags/example_xcom.py
[2023-12-03T05:47:36.905+0000] {logging_mixin.py:151} INFO - [2023-12-03T05:47:36.905+0000] {dag.py:2915} INFO - Sync 1 DAGs
[2023-12-03T05:47:36.918+0000] {logging_mixin.py:151} INFO - [2023-12-03T05:47:36.918+0000] {dag.py:3696} INFO - Setting next_dagrun for example_xcom to 2021-01-01T00:00:00+00:00, run_after=2021-01-01T00:00:00+00:00
[2023-12-03T05:47:36.930+0000] {processor.py:179} INFO - Processing /home/airflow/.local/lib/python3.8/site-packages/airflow/example_dags/example_xcom.py took 0.051 seconds
