[2023-12-03T04:52:28.904+0000] {processor.py:157} INFO - Started process (PID=44) to work on /home/airflow/.local/lib/python3.8/site-packages/airflow/example_dags/example_sla_dag.py
[2023-12-03T04:52:28.905+0000] {processor.py:829} INFO - Processing file /home/airflow/.local/lib/python3.8/site-packages/airflow/example_dags/example_sla_dag.py for tasks to queue
[2023-12-03T04:52:28.907+0000] {logging_mixin.py:151} INFO - [2023-12-03T04:52:28.907+0000] {dagbag.py:539} INFO - Filling up the DagBag from /home/airflow/.local/lib/python3.8/site-packages/airflow/example_dags/example_sla_dag.py
[2023-12-03T04:52:28.916+0000] {processor.py:839} INFO - DAG(s) dict_keys(['example_sla_dag']) retrieved from /home/airflow/.local/lib/python3.8/site-packages/airflow/example_dags/example_sla_dag.py
[2023-12-03T04:52:29.015+0000] {logging_mixin.py:151} INFO - [2023-12-03T04:52:29.015+0000] {manager.py:499} INFO - Created Permission View: %s
[2023-12-03T04:52:29.022+0000] {logging_mixin.py:151} INFO - [2023-12-03T04:52:29.022+0000] {manager.py:499} INFO - Created Permission View: %s
[2023-12-03T04:52:29.026+0000] {logging_mixin.py:151} INFO - [2023-12-03T04:52:29.026+0000] {manager.py:499} INFO - Created Permission View: %s
[2023-12-03T04:52:29.027+0000] {logging_mixin.py:151} INFO - [2023-12-03T04:52:29.027+0000] {security.py:708} INFO - Not syncing DAG-level permissions for DAG 'DAG:example_sla_dag' as access control is unset.
[2023-12-03T04:52:29.027+0000] {logging_mixin.py:151} INFO - [2023-12-03T04:52:29.027+0000] {dag.py:2915} INFO - Sync 1 DAGs
[2023-12-03T04:52:29.036+0000] {logging_mixin.py:151} INFO - [2023-12-03T04:52:29.036+0000] {dag.py:2937} INFO - Creating ORM DAG for example_sla_dag
[2023-12-03T04:52:29.045+0000] {logging_mixin.py:151} INFO - [2023-12-03T04:52:29.045+0000] {dag.py:3696} INFO - Setting next_dagrun for example_sla_dag to 2023-12-03T04:50:00+00:00, run_after=2023-12-03T04:52:00+00:00
[2023-12-03T04:52:29.070+0000] {processor.py:179} INFO - Processing /home/airflow/.local/lib/python3.8/site-packages/airflow/example_dags/example_sla_dag.py took 0.169 seconds
[2023-12-03T04:52:59.101+0000] {processor.py:157} INFO - Started process (PID=99) to work on /home/airflow/.local/lib/python3.8/site-packages/airflow/example_dags/example_sla_dag.py
[2023-12-03T04:52:59.105+0000] {processor.py:829} INFO - Processing file /home/airflow/.local/lib/python3.8/site-packages/airflow/example_dags/example_sla_dag.py for tasks to queue
[2023-12-03T04:52:59.109+0000] {logging_mixin.py:151} INFO - [2023-12-03T04:52:59.109+0000] {dagbag.py:539} INFO - Filling up the DagBag from /home/airflow/.local/lib/python3.8/site-packages/airflow/example_dags/example_sla_dag.py
[2023-12-03T04:52:59.125+0000] {processor.py:839} INFO - DAG(s) dict_keys(['example_sla_dag']) retrieved from /home/airflow/.local/lib/python3.8/site-packages/airflow/example_dags/example_sla_dag.py
[2023-12-03T04:52:59.154+0000] {logging_mixin.py:151} INFO - [2023-12-03T04:52:59.154+0000] {dag.py:2915} INFO - Sync 1 DAGs
[2023-12-03T04:52:59.177+0000] {logging_mixin.py:151} INFO - [2023-12-03T04:52:59.177+0000] {dag.py:3696} INFO - Setting next_dagrun for example_sla_dag to 2023-12-03T04:50:00+00:00, run_after=2023-12-03T04:52:00+00:00
[2023-12-03T04:52:59.202+0000] {processor.py:179} INFO - Processing /home/airflow/.local/lib/python3.8/site-packages/airflow/example_dags/example_sla_dag.py took 0.104 seconds
[2023-12-03T04:53:29.869+0000] {processor.py:157} INFO - Started process (PID=155) to work on /home/airflow/.local/lib/python3.8/site-packages/airflow/example_dags/example_sla_dag.py
[2023-12-03T04:53:29.871+0000] {processor.py:829} INFO - Processing file /home/airflow/.local/lib/python3.8/site-packages/airflow/example_dags/example_sla_dag.py for tasks to queue
[2023-12-03T04:53:29.873+0000] {logging_mixin.py:151} INFO - [2023-12-03T04:53:29.873+0000] {dagbag.py:539} INFO - Filling up the DagBag from /home/airflow/.local/lib/python3.8/site-packages/airflow/example_dags/example_sla_dag.py
[2023-12-03T04:53:29.884+0000] {processor.py:839} INFO - DAG(s) dict_keys(['example_sla_dag']) retrieved from /home/airflow/.local/lib/python3.8/site-packages/airflow/example_dags/example_sla_dag.py
[2023-12-03T04:53:29.934+0000] {logging_mixin.py:151} INFO - [2023-12-03T04:53:29.934+0000] {dag.py:2915} INFO - Sync 1 DAGs
[2023-12-03T04:53:29.967+0000] {logging_mixin.py:151} INFO - [2023-12-03T04:53:29.967+0000] {dag.py:3696} INFO - Setting next_dagrun for example_sla_dag to 2023-12-03T04:50:00+00:00, run_after=2023-12-03T04:52:00+00:00
[2023-12-03T04:53:29.982+0000] {processor.py:179} INFO - Processing /home/airflow/.local/lib/python3.8/site-packages/airflow/example_dags/example_sla_dag.py took 0.117 seconds
[2023-12-03T04:54:00.718+0000] {processor.py:157} INFO - Started process (PID=211) to work on /home/airflow/.local/lib/python3.8/site-packages/airflow/example_dags/example_sla_dag.py
[2023-12-03T04:54:00.719+0000] {processor.py:829} INFO - Processing file /home/airflow/.local/lib/python3.8/site-packages/airflow/example_dags/example_sla_dag.py for tasks to queue
[2023-12-03T04:54:00.721+0000] {logging_mixin.py:151} INFO - [2023-12-03T04:54:00.721+0000] {dagbag.py:539} INFO - Filling up the DagBag from /home/airflow/.local/lib/python3.8/site-packages/airflow/example_dags/example_sla_dag.py
[2023-12-03T04:54:00.729+0000] {processor.py:839} INFO - DAG(s) dict_keys(['example_sla_dag']) retrieved from /home/airflow/.local/lib/python3.8/site-packages/airflow/example_dags/example_sla_dag.py
[2023-12-03T04:54:00.755+0000] {logging_mixin.py:151} INFO - [2023-12-03T04:54:00.755+0000] {dag.py:2915} INFO - Sync 1 DAGs
[2023-12-03T04:54:00.773+0000] {logging_mixin.py:151} INFO - [2023-12-03T04:54:00.773+0000] {dag.py:3696} INFO - Setting next_dagrun for example_sla_dag to 2023-12-03T04:52:00+00:00, run_after=2023-12-03T04:54:00+00:00
[2023-12-03T04:54:00.785+0000] {processor.py:179} INFO - Processing /home/airflow/.local/lib/python3.8/site-packages/airflow/example_dags/example_sla_dag.py took 0.070 seconds
[2023-12-03T04:54:31.164+0000] {processor.py:157} INFO - Started process (PID=267) to work on /home/airflow/.local/lib/python3.8/site-packages/airflow/example_dags/example_sla_dag.py
[2023-12-03T04:54:31.165+0000] {processor.py:829} INFO - Processing file /home/airflow/.local/lib/python3.8/site-packages/airflow/example_dags/example_sla_dag.py for tasks to queue
[2023-12-03T04:54:31.169+0000] {logging_mixin.py:151} INFO - [2023-12-03T04:54:31.168+0000] {dagbag.py:539} INFO - Filling up the DagBag from /home/airflow/.local/lib/python3.8/site-packages/airflow/example_dags/example_sla_dag.py
[2023-12-03T04:54:31.177+0000] {processor.py:839} INFO - DAG(s) dict_keys(['example_sla_dag']) retrieved from /home/airflow/.local/lib/python3.8/site-packages/airflow/example_dags/example_sla_dag.py
[2023-12-03T04:54:31.205+0000] {logging_mixin.py:151} INFO - [2023-12-03T04:54:31.204+0000] {dag.py:2915} INFO - Sync 1 DAGs
[2023-12-03T04:54:31.223+0000] {logging_mixin.py:151} INFO - [2023-12-03T04:54:31.223+0000] {dag.py:3696} INFO - Setting next_dagrun for example_sla_dag to 2023-12-03T04:52:00+00:00, run_after=2023-12-03T04:54:00+00:00
[2023-12-03T04:54:31.243+0000] {processor.py:179} INFO - Processing /home/airflow/.local/lib/python3.8/site-packages/airflow/example_dags/example_sla_dag.py took 0.082 seconds
[2023-12-03T04:55:01.598+0000] {processor.py:157} INFO - Started process (PID=323) to work on /home/airflow/.local/lib/python3.8/site-packages/airflow/example_dags/example_sla_dag.py
[2023-12-03T04:55:01.606+0000] {processor.py:829} INFO - Processing file /home/airflow/.local/lib/python3.8/site-packages/airflow/example_dags/example_sla_dag.py for tasks to queue
[2023-12-03T04:55:01.613+0000] {logging_mixin.py:151} INFO - [2023-12-03T04:55:01.613+0000] {dagbag.py:539} INFO - Filling up the DagBag from /home/airflow/.local/lib/python3.8/site-packages/airflow/example_dags/example_sla_dag.py
[2023-12-03T04:55:01.623+0000] {processor.py:839} INFO - DAG(s) dict_keys(['example_sla_dag']) retrieved from /home/airflow/.local/lib/python3.8/site-packages/airflow/example_dags/example_sla_dag.py
[2023-12-03T04:55:01.654+0000] {logging_mixin.py:151} INFO - [2023-12-03T04:55:01.653+0000] {dag.py:2915} INFO - Sync 1 DAGs
[2023-12-03T04:55:01.672+0000] {logging_mixin.py:151} INFO - [2023-12-03T04:55:01.672+0000] {dag.py:3696} INFO - Setting next_dagrun for example_sla_dag to 2023-12-03T04:52:00+00:00, run_after=2023-12-03T04:54:00+00:00
[2023-12-03T04:55:01.697+0000] {processor.py:179} INFO - Processing /home/airflow/.local/lib/python3.8/site-packages/airflow/example_dags/example_sla_dag.py took 0.103 seconds
[2023-12-03T04:55:32.702+0000] {processor.py:157} INFO - Started process (PID=379) to work on /home/airflow/.local/lib/python3.8/site-packages/airflow/example_dags/example_sla_dag.py
[2023-12-03T04:55:32.703+0000] {processor.py:829} INFO - Processing file /home/airflow/.local/lib/python3.8/site-packages/airflow/example_dags/example_sla_dag.py for tasks to queue
[2023-12-03T04:55:32.705+0000] {logging_mixin.py:151} INFO - [2023-12-03T04:55:32.705+0000] {dagbag.py:539} INFO - Filling up the DagBag from /home/airflow/.local/lib/python3.8/site-packages/airflow/example_dags/example_sla_dag.py
[2023-12-03T04:55:32.713+0000] {processor.py:839} INFO - DAG(s) dict_keys(['example_sla_dag']) retrieved from /home/airflow/.local/lib/python3.8/site-packages/airflow/example_dags/example_sla_dag.py
[2023-12-03T04:55:32.729+0000] {logging_mixin.py:151} INFO - [2023-12-03T04:55:32.729+0000] {dag.py:2915} INFO - Sync 1 DAGs
[2023-12-03T04:55:32.747+0000] {logging_mixin.py:151} INFO - [2023-12-03T04:55:32.747+0000] {dag.py:3696} INFO - Setting next_dagrun for example_sla_dag to 2023-12-03T04:52:00+00:00, run_after=2023-12-03T04:54:00+00:00
[2023-12-03T04:55:32.765+0000] {processor.py:179} INFO - Processing /home/airflow/.local/lib/python3.8/site-packages/airflow/example_dags/example_sla_dag.py took 0.072 seconds
[2023-12-03T04:56:03.393+0000] {processor.py:157} INFO - Started process (PID=435) to work on /home/airflow/.local/lib/python3.8/site-packages/airflow/example_dags/example_sla_dag.py
[2023-12-03T04:56:03.394+0000] {processor.py:829} INFO - Processing file /home/airflow/.local/lib/python3.8/site-packages/airflow/example_dags/example_sla_dag.py for tasks to queue
[2023-12-03T04:56:03.396+0000] {logging_mixin.py:151} INFO - [2023-12-03T04:56:03.396+0000] {dagbag.py:539} INFO - Filling up the DagBag from /home/airflow/.local/lib/python3.8/site-packages/airflow/example_dags/example_sla_dag.py
[2023-12-03T04:56:03.403+0000] {processor.py:839} INFO - DAG(s) dict_keys(['example_sla_dag']) retrieved from /home/airflow/.local/lib/python3.8/site-packages/airflow/example_dags/example_sla_dag.py
[2023-12-03T04:56:03.431+0000] {logging_mixin.py:151} INFO - [2023-12-03T04:56:03.431+0000] {dag.py:2915} INFO - Sync 1 DAGs
[2023-12-03T04:56:03.451+0000] {logging_mixin.py:151} INFO - [2023-12-03T04:56:03.451+0000] {dag.py:3696} INFO - Setting next_dagrun for example_sla_dag to 2023-12-03T04:54:00+00:00, run_after=2023-12-03T04:56:00+00:00
[2023-12-03T04:56:03.469+0000] {processor.py:179} INFO - Processing /home/airflow/.local/lib/python3.8/site-packages/airflow/example_dags/example_sla_dag.py took 0.080 seconds
[2023-12-03T04:56:34.395+0000] {processor.py:157} INFO - Started process (PID=491) to work on /home/airflow/.local/lib/python3.8/site-packages/airflow/example_dags/example_sla_dag.py
[2023-12-03T04:56:34.401+0000] {processor.py:829} INFO - Processing file /home/airflow/.local/lib/python3.8/site-packages/airflow/example_dags/example_sla_dag.py for tasks to queue
[2023-12-03T04:56:34.404+0000] {logging_mixin.py:151} INFO - [2023-12-03T04:56:34.404+0000] {dagbag.py:539} INFO - Filling up the DagBag from /home/airflow/.local/lib/python3.8/site-packages/airflow/example_dags/example_sla_dag.py
[2023-12-03T04:56:34.423+0000] {processor.py:839} INFO - DAG(s) dict_keys(['example_sla_dag']) retrieved from /home/airflow/.local/lib/python3.8/site-packages/airflow/example_dags/example_sla_dag.py
[2023-12-03T04:56:34.452+0000] {logging_mixin.py:151} INFO - [2023-12-03T04:56:34.452+0000] {dag.py:2915} INFO - Sync 1 DAGs
[2023-12-03T04:56:34.478+0000] {logging_mixin.py:151} INFO - [2023-12-03T04:56:34.478+0000] {dag.py:3696} INFO - Setting next_dagrun for example_sla_dag to 2023-12-03T04:54:00+00:00, run_after=2023-12-03T04:56:00+00:00
[2023-12-03T04:56:34.504+0000] {processor.py:179} INFO - Processing /home/airflow/.local/lib/python3.8/site-packages/airflow/example_dags/example_sla_dag.py took 0.115 seconds
[2023-12-03T04:57:20.265+0000] {processor.py:157} INFO - Started process (PID=44) to work on /home/airflow/.local/lib/python3.8/site-packages/airflow/example_dags/example_sla_dag.py
[2023-12-03T04:57:20.266+0000] {processor.py:829} INFO - Processing file /home/airflow/.local/lib/python3.8/site-packages/airflow/example_dags/example_sla_dag.py for tasks to queue
[2023-12-03T04:57:20.267+0000] {logging_mixin.py:151} INFO - [2023-12-03T04:57:20.267+0000] {dagbag.py:539} INFO - Filling up the DagBag from /home/airflow/.local/lib/python3.8/site-packages/airflow/example_dags/example_sla_dag.py
[2023-12-03T04:57:20.275+0000] {processor.py:839} INFO - DAG(s) dict_keys(['example_sla_dag']) retrieved from /home/airflow/.local/lib/python3.8/site-packages/airflow/example_dags/example_sla_dag.py
[2023-12-03T04:57:20.284+0000] {logging_mixin.py:151} INFO - [2023-12-03T04:57:20.284+0000] {dag.py:2915} INFO - Sync 1 DAGs
[2023-12-03T04:57:20.301+0000] {logging_mixin.py:151} INFO - [2023-12-03T04:57:20.301+0000] {dag.py:3696} INFO - Setting next_dagrun for example_sla_dag to 2023-12-03T04:54:00+00:00, run_after=2023-12-03T04:56:00+00:00
[2023-12-03T04:57:20.315+0000] {processor.py:179} INFO - Processing /home/airflow/.local/lib/python3.8/site-packages/airflow/example_dags/example_sla_dag.py took 0.053 seconds
[2023-12-03T04:57:51.022+0000] {processor.py:157} INFO - Started process (PID=99) to work on /home/airflow/.local/lib/python3.8/site-packages/airflow/example_dags/example_sla_dag.py
[2023-12-03T04:57:51.023+0000] {processor.py:829} INFO - Processing file /home/airflow/.local/lib/python3.8/site-packages/airflow/example_dags/example_sla_dag.py for tasks to queue
[2023-12-03T04:57:51.025+0000] {logging_mixin.py:151} INFO - [2023-12-03T04:57:51.025+0000] {dagbag.py:539} INFO - Filling up the DagBag from /home/airflow/.local/lib/python3.8/site-packages/airflow/example_dags/example_sla_dag.py
[2023-12-03T04:57:51.032+0000] {processor.py:839} INFO - DAG(s) dict_keys(['example_sla_dag']) retrieved from /home/airflow/.local/lib/python3.8/site-packages/airflow/example_dags/example_sla_dag.py
[2023-12-03T04:57:51.047+0000] {logging_mixin.py:151} INFO - [2023-12-03T04:57:51.047+0000] {dag.py:2915} INFO - Sync 1 DAGs
[2023-12-03T04:57:51.063+0000] {logging_mixin.py:151} INFO - [2023-12-03T04:57:51.063+0000] {dag.py:3696} INFO - Setting next_dagrun for example_sla_dag to 2023-12-03T04:54:00+00:00, run_after=2023-12-03T04:56:00+00:00
[2023-12-03T04:57:51.075+0000] {processor.py:179} INFO - Processing /home/airflow/.local/lib/python3.8/site-packages/airflow/example_dags/example_sla_dag.py took 0.056 seconds
[2023-12-03T04:58:21.286+0000] {processor.py:157} INFO - Started process (PID=155) to work on /home/airflow/.local/lib/python3.8/site-packages/airflow/example_dags/example_sla_dag.py
[2023-12-03T04:58:21.287+0000] {processor.py:829} INFO - Processing file /home/airflow/.local/lib/python3.8/site-packages/airflow/example_dags/example_sla_dag.py for tasks to queue
[2023-12-03T04:58:21.288+0000] {logging_mixin.py:151} INFO - [2023-12-03T04:58:21.288+0000] {dagbag.py:539} INFO - Filling up the DagBag from /home/airflow/.local/lib/python3.8/site-packages/airflow/example_dags/example_sla_dag.py
[2023-12-03T04:58:21.295+0000] {processor.py:839} INFO - DAG(s) dict_keys(['example_sla_dag']) retrieved from /home/airflow/.local/lib/python3.8/site-packages/airflow/example_dags/example_sla_dag.py
[2023-12-03T04:58:21.310+0000] {logging_mixin.py:151} INFO - [2023-12-03T04:58:21.310+0000] {dag.py:2915} INFO - Sync 1 DAGs
[2023-12-03T04:58:21.327+0000] {logging_mixin.py:151} INFO - [2023-12-03T04:58:21.326+0000] {dag.py:3696} INFO - Setting next_dagrun for example_sla_dag to 2023-12-03T04:56:00+00:00, run_after=2023-12-03T04:58:00+00:00
[2023-12-03T04:58:21.343+0000] {processor.py:179} INFO - Processing /home/airflow/.local/lib/python3.8/site-packages/airflow/example_dags/example_sla_dag.py took 0.060 seconds
[2023-12-03T04:58:51.580+0000] {processor.py:157} INFO - Started process (PID=211) to work on /home/airflow/.local/lib/python3.8/site-packages/airflow/example_dags/example_sla_dag.py
[2023-12-03T04:58:51.581+0000] {processor.py:829} INFO - Processing file /home/airflow/.local/lib/python3.8/site-packages/airflow/example_dags/example_sla_dag.py for tasks to queue
[2023-12-03T04:58:51.583+0000] {logging_mixin.py:151} INFO - [2023-12-03T04:58:51.583+0000] {dagbag.py:539} INFO - Filling up the DagBag from /home/airflow/.local/lib/python3.8/site-packages/airflow/example_dags/example_sla_dag.py
[2023-12-03T04:58:51.590+0000] {processor.py:839} INFO - DAG(s) dict_keys(['example_sla_dag']) retrieved from /home/airflow/.local/lib/python3.8/site-packages/airflow/example_dags/example_sla_dag.py
[2023-12-03T04:58:51.605+0000] {logging_mixin.py:151} INFO - [2023-12-03T04:58:51.605+0000] {dag.py:2915} INFO - Sync 1 DAGs
[2023-12-03T04:58:51.623+0000] {logging_mixin.py:151} INFO - [2023-12-03T04:58:51.623+0000] {dag.py:3696} INFO - Setting next_dagrun for example_sla_dag to 2023-12-03T04:56:00+00:00, run_after=2023-12-03T04:58:00+00:00
[2023-12-03T04:58:51.637+0000] {processor.py:179} INFO - Processing /home/airflow/.local/lib/python3.8/site-packages/airflow/example_dags/example_sla_dag.py took 0.060 seconds
[2023-12-03T04:59:22.277+0000] {processor.py:157} INFO - Started process (PID=267) to work on /home/airflow/.local/lib/python3.8/site-packages/airflow/example_dags/example_sla_dag.py
[2023-12-03T04:59:22.278+0000] {processor.py:829} INFO - Processing file /home/airflow/.local/lib/python3.8/site-packages/airflow/example_dags/example_sla_dag.py for tasks to queue
[2023-12-03T04:59:22.280+0000] {logging_mixin.py:151} INFO - [2023-12-03T04:59:22.280+0000] {dagbag.py:539} INFO - Filling up the DagBag from /home/airflow/.local/lib/python3.8/site-packages/airflow/example_dags/example_sla_dag.py
[2023-12-03T04:59:22.287+0000] {processor.py:839} INFO - DAG(s) dict_keys(['example_sla_dag']) retrieved from /home/airflow/.local/lib/python3.8/site-packages/airflow/example_dags/example_sla_dag.py
[2023-12-03T04:59:22.302+0000] {logging_mixin.py:151} INFO - [2023-12-03T04:59:22.302+0000] {dag.py:2915} INFO - Sync 1 DAGs
[2023-12-03T04:59:22.318+0000] {logging_mixin.py:151} INFO - [2023-12-03T04:59:22.318+0000] {dag.py:3696} INFO - Setting next_dagrun for example_sla_dag to 2023-12-03T04:56:00+00:00, run_after=2023-12-03T04:58:00+00:00
[2023-12-03T04:59:22.329+0000] {processor.py:179} INFO - Processing /home/airflow/.local/lib/python3.8/site-packages/airflow/example_dags/example_sla_dag.py took 0.055 seconds
[2023-12-03T04:59:52.548+0000] {processor.py:157} INFO - Started process (PID=323) to work on /home/airflow/.local/lib/python3.8/site-packages/airflow/example_dags/example_sla_dag.py
[2023-12-03T04:59:52.549+0000] {processor.py:829} INFO - Processing file /home/airflow/.local/lib/python3.8/site-packages/airflow/example_dags/example_sla_dag.py for tasks to queue
[2023-12-03T04:59:52.551+0000] {logging_mixin.py:151} INFO - [2023-12-03T04:59:52.551+0000] {dagbag.py:539} INFO - Filling up the DagBag from /home/airflow/.local/lib/python3.8/site-packages/airflow/example_dags/example_sla_dag.py
[2023-12-03T04:59:52.558+0000] {processor.py:839} INFO - DAG(s) dict_keys(['example_sla_dag']) retrieved from /home/airflow/.local/lib/python3.8/site-packages/airflow/example_dags/example_sla_dag.py
[2023-12-03T04:59:52.573+0000] {logging_mixin.py:151} INFO - [2023-12-03T04:59:52.573+0000] {dag.py:2915} INFO - Sync 1 DAGs
[2023-12-03T04:59:52.590+0000] {logging_mixin.py:151} INFO - [2023-12-03T04:59:52.590+0000] {dag.py:3696} INFO - Setting next_dagrun for example_sla_dag to 2023-12-03T04:56:00+00:00, run_after=2023-12-03T04:58:00+00:00
[2023-12-03T04:59:52.602+0000] {processor.py:179} INFO - Processing /home/airflow/.local/lib/python3.8/site-packages/airflow/example_dags/example_sla_dag.py took 0.057 seconds
[2023-12-03T05:00:23.025+0000] {processor.py:157} INFO - Started process (PID=379) to work on /home/airflow/.local/lib/python3.8/site-packages/airflow/example_dags/example_sla_dag.py
[2023-12-03T05:00:23.026+0000] {processor.py:829} INFO - Processing file /home/airflow/.local/lib/python3.8/site-packages/airflow/example_dags/example_sla_dag.py for tasks to queue
[2023-12-03T05:00:23.028+0000] {logging_mixin.py:151} INFO - [2023-12-03T05:00:23.028+0000] {dagbag.py:539} INFO - Filling up the DagBag from /home/airflow/.local/lib/python3.8/site-packages/airflow/example_dags/example_sla_dag.py
[2023-12-03T05:00:23.034+0000] {processor.py:839} INFO - DAG(s) dict_keys(['example_sla_dag']) retrieved from /home/airflow/.local/lib/python3.8/site-packages/airflow/example_dags/example_sla_dag.py
[2023-12-03T05:00:23.049+0000] {logging_mixin.py:151} INFO - [2023-12-03T05:00:23.049+0000] {dag.py:2915} INFO - Sync 1 DAGs
[2023-12-03T05:00:23.065+0000] {logging_mixin.py:151} INFO - [2023-12-03T05:00:23.065+0000] {dag.py:3696} INFO - Setting next_dagrun for example_sla_dag to 2023-12-03T04:58:00+00:00, run_after=2023-12-03T05:00:00+00:00
[2023-12-03T05:00:23.078+0000] {processor.py:179} INFO - Processing /home/airflow/.local/lib/python3.8/site-packages/airflow/example_dags/example_sla_dag.py took 0.056 seconds
[2023-12-03T05:08:08.356+0000] {processor.py:157} INFO - Started process (PID=44) to work on /home/airflow/.local/lib/python3.8/site-packages/airflow/example_dags/example_sla_dag.py
[2023-12-03T05:08:08.357+0000] {processor.py:829} INFO - Processing file /home/airflow/.local/lib/python3.8/site-packages/airflow/example_dags/example_sla_dag.py for tasks to queue
[2023-12-03T05:08:08.359+0000] {logging_mixin.py:151} INFO - [2023-12-03T05:08:08.358+0000] {dagbag.py:539} INFO - Filling up the DagBag from /home/airflow/.local/lib/python3.8/site-packages/airflow/example_dags/example_sla_dag.py
[2023-12-03T05:08:08.366+0000] {processor.py:839} INFO - DAG(s) dict_keys(['example_sla_dag']) retrieved from /home/airflow/.local/lib/python3.8/site-packages/airflow/example_dags/example_sla_dag.py
[2023-12-03T05:08:08.375+0000] {logging_mixin.py:151} INFO - [2023-12-03T05:08:08.375+0000] {dag.py:2915} INFO - Sync 1 DAGs
[2023-12-03T05:08:08.392+0000] {logging_mixin.py:151} INFO - [2023-12-03T05:08:08.392+0000] {dag.py:3696} INFO - Setting next_dagrun for example_sla_dag to 2023-12-03T05:06:00+00:00, run_after=2023-12-03T05:08:00+00:00
[2023-12-03T05:08:08.405+0000] {processor.py:179} INFO - Processing /home/airflow/.local/lib/python3.8/site-packages/airflow/example_dags/example_sla_dag.py took 0.052 seconds
[2023-12-03T05:08:38.442+0000] {processor.py:157} INFO - Started process (PID=99) to work on /home/airflow/.local/lib/python3.8/site-packages/airflow/example_dags/example_sla_dag.py
[2023-12-03T05:08:38.444+0000] {processor.py:829} INFO - Processing file /home/airflow/.local/lib/python3.8/site-packages/airflow/example_dags/example_sla_dag.py for tasks to queue
[2023-12-03T05:08:38.445+0000] {logging_mixin.py:151} INFO - [2023-12-03T05:08:38.445+0000] {dagbag.py:539} INFO - Filling up the DagBag from /home/airflow/.local/lib/python3.8/site-packages/airflow/example_dags/example_sla_dag.py
[2023-12-03T05:08:38.451+0000] {processor.py:839} INFO - DAG(s) dict_keys(['example_sla_dag']) retrieved from /home/airflow/.local/lib/python3.8/site-packages/airflow/example_dags/example_sla_dag.py
[2023-12-03T05:08:38.465+0000] {logging_mixin.py:151} INFO - [2023-12-03T05:08:38.465+0000] {dag.py:2915} INFO - Sync 1 DAGs
[2023-12-03T05:08:38.480+0000] {logging_mixin.py:151} INFO - [2023-12-03T05:08:38.480+0000] {dag.py:3696} INFO - Setting next_dagrun for example_sla_dag to 2023-12-03T05:06:00+00:00, run_after=2023-12-03T05:08:00+00:00
[2023-12-03T05:08:38.494+0000] {processor.py:179} INFO - Processing /home/airflow/.local/lib/python3.8/site-packages/airflow/example_dags/example_sla_dag.py took 0.054 seconds
[2023-12-03T05:09:08.920+0000] {processor.py:157} INFO - Started process (PID=155) to work on /home/airflow/.local/lib/python3.8/site-packages/airflow/example_dags/example_sla_dag.py
[2023-12-03T05:09:08.921+0000] {processor.py:829} INFO - Processing file /home/airflow/.local/lib/python3.8/site-packages/airflow/example_dags/example_sla_dag.py for tasks to queue
[2023-12-03T05:09:08.923+0000] {logging_mixin.py:151} INFO - [2023-12-03T05:09:08.923+0000] {dagbag.py:539} INFO - Filling up the DagBag from /home/airflow/.local/lib/python3.8/site-packages/airflow/example_dags/example_sla_dag.py
[2023-12-03T05:09:08.929+0000] {processor.py:839} INFO - DAG(s) dict_keys(['example_sla_dag']) retrieved from /home/airflow/.local/lib/python3.8/site-packages/airflow/example_dags/example_sla_dag.py
[2023-12-03T05:09:08.942+0000] {logging_mixin.py:151} INFO - [2023-12-03T05:09:08.942+0000] {dag.py:2915} INFO - Sync 1 DAGs
[2023-12-03T05:09:08.957+0000] {logging_mixin.py:151} INFO - [2023-12-03T05:09:08.957+0000] {dag.py:3696} INFO - Setting next_dagrun for example_sla_dag to 2023-12-03T05:06:00+00:00, run_after=2023-12-03T05:08:00+00:00
[2023-12-03T05:09:08.968+0000] {processor.py:179} INFO - Processing /home/airflow/.local/lib/python3.8/site-packages/airflow/example_dags/example_sla_dag.py took 0.051 seconds
[2023-12-03T05:11:37.857+0000] {processor.py:157} INFO - Started process (PID=44) to work on /home/airflow/.local/lib/python3.8/site-packages/airflow/example_dags/example_sla_dag.py
[2023-12-03T05:11:37.859+0000] {processor.py:829} INFO - Processing file /home/airflow/.local/lib/python3.8/site-packages/airflow/example_dags/example_sla_dag.py for tasks to queue
[2023-12-03T05:11:37.862+0000] {logging_mixin.py:151} INFO - [2023-12-03T05:11:37.862+0000] {dagbag.py:539} INFO - Filling up the DagBag from /home/airflow/.local/lib/python3.8/site-packages/airflow/example_dags/example_sla_dag.py
[2023-12-03T05:11:37.874+0000] {processor.py:839} INFO - DAG(s) dict_keys(['example_sla_dag']) retrieved from /home/airflow/.local/lib/python3.8/site-packages/airflow/example_dags/example_sla_dag.py
[2023-12-03T05:11:37.883+0000] {logging_mixin.py:151} INFO - [2023-12-03T05:11:37.882+0000] {dag.py:2915} INFO - Sync 1 DAGs
[2023-12-03T05:11:37.902+0000] {logging_mixin.py:151} INFO - [2023-12-03T05:11:37.902+0000] {dag.py:3696} INFO - Setting next_dagrun for example_sla_dag to 2023-12-03T05:08:00+00:00, run_after=2023-12-03T05:10:00+00:00
[2023-12-03T05:11:37.917+0000] {processor.py:179} INFO - Processing /home/airflow/.local/lib/python3.8/site-packages/airflow/example_dags/example_sla_dag.py took 0.065 seconds
[2023-12-03T05:12:08.198+0000] {processor.py:157} INFO - Started process (PID=100) to work on /home/airflow/.local/lib/python3.8/site-packages/airflow/example_dags/example_sla_dag.py
[2023-12-03T05:12:08.199+0000] {processor.py:829} INFO - Processing file /home/airflow/.local/lib/python3.8/site-packages/airflow/example_dags/example_sla_dag.py for tasks to queue
[2023-12-03T05:12:08.201+0000] {logging_mixin.py:151} INFO - [2023-12-03T05:12:08.201+0000] {dagbag.py:539} INFO - Filling up the DagBag from /home/airflow/.local/lib/python3.8/site-packages/airflow/example_dags/example_sla_dag.py
[2023-12-03T05:12:08.207+0000] {processor.py:839} INFO - DAG(s) dict_keys(['example_sla_dag']) retrieved from /home/airflow/.local/lib/python3.8/site-packages/airflow/example_dags/example_sla_dag.py
[2023-12-03T05:12:08.221+0000] {logging_mixin.py:151} INFO - [2023-12-03T05:12:08.221+0000] {dag.py:2915} INFO - Sync 1 DAGs
[2023-12-03T05:12:08.237+0000] {logging_mixin.py:151} INFO - [2023-12-03T05:12:08.237+0000] {dag.py:3696} INFO - Setting next_dagrun for example_sla_dag to 2023-12-03T05:10:00+00:00, run_after=2023-12-03T05:12:00+00:00
[2023-12-03T05:12:08.249+0000] {processor.py:179} INFO - Processing /home/airflow/.local/lib/python3.8/site-packages/airflow/example_dags/example_sla_dag.py took 0.054 seconds
[2023-12-03T05:12:39.064+0000] {processor.py:157} INFO - Started process (PID=160) to work on /home/airflow/.local/lib/python3.8/site-packages/airflow/example_dags/example_sla_dag.py
[2023-12-03T05:12:39.069+0000] {processor.py:829} INFO - Processing file /home/airflow/.local/lib/python3.8/site-packages/airflow/example_dags/example_sla_dag.py for tasks to queue
[2023-12-03T05:12:39.077+0000] {logging_mixin.py:151} INFO - [2023-12-03T05:12:39.076+0000] {dagbag.py:539} INFO - Filling up the DagBag from /home/airflow/.local/lib/python3.8/site-packages/airflow/example_dags/example_sla_dag.py
[2023-12-03T05:12:39.086+0000] {processor.py:839} INFO - DAG(s) dict_keys(['example_sla_dag']) retrieved from /home/airflow/.local/lib/python3.8/site-packages/airflow/example_dags/example_sla_dag.py
[2023-12-03T05:12:39.123+0000] {logging_mixin.py:151} INFO - [2023-12-03T05:12:39.123+0000] {dag.py:2915} INFO - Sync 1 DAGs
[2023-12-03T05:12:39.177+0000] {logging_mixin.py:151} INFO - [2023-12-03T05:12:39.177+0000] {dag.py:3696} INFO - Setting next_dagrun for example_sla_dag to 2023-12-03T05:10:00+00:00, run_after=2023-12-03T05:12:00+00:00
[2023-12-03T05:12:39.239+0000] {processor.py:179} INFO - Processing /home/airflow/.local/lib/python3.8/site-packages/airflow/example_dags/example_sla_dag.py took 0.178 seconds
[2023-12-03T05:13:09.877+0000] {processor.py:157} INFO - Started process (PID=232) to work on /home/airflow/.local/lib/python3.8/site-packages/airflow/example_dags/example_sla_dag.py
[2023-12-03T05:13:09.879+0000] {processor.py:829} INFO - Processing file /home/airflow/.local/lib/python3.8/site-packages/airflow/example_dags/example_sla_dag.py for tasks to queue
[2023-12-03T05:13:09.880+0000] {logging_mixin.py:151} INFO - [2023-12-03T05:13:09.880+0000] {dagbag.py:539} INFO - Filling up the DagBag from /home/airflow/.local/lib/python3.8/site-packages/airflow/example_dags/example_sla_dag.py
[2023-12-03T05:13:09.886+0000] {processor.py:839} INFO - DAG(s) dict_keys(['example_sla_dag']) retrieved from /home/airflow/.local/lib/python3.8/site-packages/airflow/example_dags/example_sla_dag.py
[2023-12-03T05:13:09.901+0000] {logging_mixin.py:151} INFO - [2023-12-03T05:13:09.901+0000] {dag.py:2915} INFO - Sync 1 DAGs
[2023-12-03T05:13:09.918+0000] {logging_mixin.py:151} INFO - [2023-12-03T05:13:09.918+0000] {dag.py:3696} INFO - Setting next_dagrun for example_sla_dag to 2023-12-03T05:10:00+00:00, run_after=2023-12-03T05:12:00+00:00
[2023-12-03T05:13:09.930+0000] {processor.py:179} INFO - Processing /home/airflow/.local/lib/python3.8/site-packages/airflow/example_dags/example_sla_dag.py took 0.055 seconds
[2023-12-03T05:13:40.134+0000] {processor.py:157} INFO - Started process (PID=288) to work on /home/airflow/.local/lib/python3.8/site-packages/airflow/example_dags/example_sla_dag.py
[2023-12-03T05:13:40.135+0000] {processor.py:829} INFO - Processing file /home/airflow/.local/lib/python3.8/site-packages/airflow/example_dags/example_sla_dag.py for tasks to queue
[2023-12-03T05:13:40.137+0000] {logging_mixin.py:151} INFO - [2023-12-03T05:13:40.137+0000] {dagbag.py:539} INFO - Filling up the DagBag from /home/airflow/.local/lib/python3.8/site-packages/airflow/example_dags/example_sla_dag.py
[2023-12-03T05:13:40.143+0000] {processor.py:839} INFO - DAG(s) dict_keys(['example_sla_dag']) retrieved from /home/airflow/.local/lib/python3.8/site-packages/airflow/example_dags/example_sla_dag.py
[2023-12-03T05:13:40.158+0000] {logging_mixin.py:151} INFO - [2023-12-03T05:13:40.157+0000] {dag.py:2915} INFO - Sync 1 DAGs
[2023-12-03T05:13:40.174+0000] {logging_mixin.py:151} INFO - [2023-12-03T05:13:40.174+0000] {dag.py:3696} INFO - Setting next_dagrun for example_sla_dag to 2023-12-03T05:10:00+00:00, run_after=2023-12-03T05:12:00+00:00
[2023-12-03T05:13:40.186+0000] {processor.py:179} INFO - Processing /home/airflow/.local/lib/python3.8/site-packages/airflow/example_dags/example_sla_dag.py took 0.054 seconds
[2023-12-03T05:14:10.452+0000] {processor.py:157} INFO - Started process (PID=344) to work on /home/airflow/.local/lib/python3.8/site-packages/airflow/example_dags/example_sla_dag.py
[2023-12-03T05:14:10.459+0000] {processor.py:829} INFO - Processing file /home/airflow/.local/lib/python3.8/site-packages/airflow/example_dags/example_sla_dag.py for tasks to queue
[2023-12-03T05:14:10.462+0000] {logging_mixin.py:151} INFO - [2023-12-03T05:14:10.462+0000] {dagbag.py:539} INFO - Filling up the DagBag from /home/airflow/.local/lib/python3.8/site-packages/airflow/example_dags/example_sla_dag.py
[2023-12-03T05:14:10.469+0000] {processor.py:839} INFO - DAG(s) dict_keys(['example_sla_dag']) retrieved from /home/airflow/.local/lib/python3.8/site-packages/airflow/example_dags/example_sla_dag.py
[2023-12-03T05:14:10.483+0000] {logging_mixin.py:151} INFO - [2023-12-03T05:14:10.483+0000] {dag.py:2915} INFO - Sync 1 DAGs
[2023-12-03T05:14:10.499+0000] {logging_mixin.py:151} INFO - [2023-12-03T05:14:10.499+0000] {dag.py:3696} INFO - Setting next_dagrun for example_sla_dag to 2023-12-03T05:12:00+00:00, run_after=2023-12-03T05:14:00+00:00
[2023-12-03T05:14:10.510+0000] {processor.py:179} INFO - Processing /home/airflow/.local/lib/python3.8/site-packages/airflow/example_dags/example_sla_dag.py took 0.061 seconds
[2023-12-03T05:14:40.817+0000] {processor.py:157} INFO - Started process (PID=400) to work on /home/airflow/.local/lib/python3.8/site-packages/airflow/example_dags/example_sla_dag.py
[2023-12-03T05:14:40.818+0000] {processor.py:829} INFO - Processing file /home/airflow/.local/lib/python3.8/site-packages/airflow/example_dags/example_sla_dag.py for tasks to queue
[2023-12-03T05:14:40.820+0000] {logging_mixin.py:151} INFO - [2023-12-03T05:14:40.819+0000] {dagbag.py:539} INFO - Filling up the DagBag from /home/airflow/.local/lib/python3.8/site-packages/airflow/example_dags/example_sla_dag.py
[2023-12-03T05:14:40.825+0000] {processor.py:839} INFO - DAG(s) dict_keys(['example_sla_dag']) retrieved from /home/airflow/.local/lib/python3.8/site-packages/airflow/example_dags/example_sla_dag.py
[2023-12-03T05:14:40.839+0000] {logging_mixin.py:151} INFO - [2023-12-03T05:14:40.839+0000] {dag.py:2915} INFO - Sync 1 DAGs
[2023-12-03T05:14:40.856+0000] {logging_mixin.py:151} INFO - [2023-12-03T05:14:40.856+0000] {dag.py:3696} INFO - Setting next_dagrun for example_sla_dag to 2023-12-03T05:12:00+00:00, run_after=2023-12-03T05:14:00+00:00
[2023-12-03T05:14:40.867+0000] {processor.py:179} INFO - Processing /home/airflow/.local/lib/python3.8/site-packages/airflow/example_dags/example_sla_dag.py took 0.053 seconds
[2023-12-03T05:15:10.992+0000] {processor.py:157} INFO - Started process (PID=456) to work on /home/airflow/.local/lib/python3.8/site-packages/airflow/example_dags/example_sla_dag.py
[2023-12-03T05:15:10.993+0000] {processor.py:829} INFO - Processing file /home/airflow/.local/lib/python3.8/site-packages/airflow/example_dags/example_sla_dag.py for tasks to queue
[2023-12-03T05:15:10.995+0000] {logging_mixin.py:151} INFO - [2023-12-03T05:15:10.995+0000] {dagbag.py:539} INFO - Filling up the DagBag from /home/airflow/.local/lib/python3.8/site-packages/airflow/example_dags/example_sla_dag.py
[2023-12-03T05:15:11.001+0000] {processor.py:839} INFO - DAG(s) dict_keys(['example_sla_dag']) retrieved from /home/airflow/.local/lib/python3.8/site-packages/airflow/example_dags/example_sla_dag.py
[2023-12-03T05:15:11.016+0000] {logging_mixin.py:151} INFO - [2023-12-03T05:15:11.016+0000] {dag.py:2915} INFO - Sync 1 DAGs
[2023-12-03T05:15:11.032+0000] {logging_mixin.py:151} INFO - [2023-12-03T05:15:11.032+0000] {dag.py:3696} INFO - Setting next_dagrun for example_sla_dag to 2023-12-03T05:12:00+00:00, run_after=2023-12-03T05:14:00+00:00
[2023-12-03T05:15:11.044+0000] {processor.py:179} INFO - Processing /home/airflow/.local/lib/python3.8/site-packages/airflow/example_dags/example_sla_dag.py took 0.055 seconds
[2023-12-03T05:15:41.362+0000] {processor.py:157} INFO - Started process (PID=511) to work on /home/airflow/.local/lib/python3.8/site-packages/airflow/example_dags/example_sla_dag.py
[2023-12-03T05:15:41.363+0000] {processor.py:829} INFO - Processing file /home/airflow/.local/lib/python3.8/site-packages/airflow/example_dags/example_sla_dag.py for tasks to queue
[2023-12-03T05:15:41.365+0000] {logging_mixin.py:151} INFO - [2023-12-03T05:15:41.365+0000] {dagbag.py:539} INFO - Filling up the DagBag from /home/airflow/.local/lib/python3.8/site-packages/airflow/example_dags/example_sla_dag.py
[2023-12-03T05:15:41.372+0000] {processor.py:839} INFO - DAG(s) dict_keys(['example_sla_dag']) retrieved from /home/airflow/.local/lib/python3.8/site-packages/airflow/example_dags/example_sla_dag.py
[2023-12-03T05:15:41.387+0000] {logging_mixin.py:151} INFO - [2023-12-03T05:15:41.387+0000] {dag.py:2915} INFO - Sync 1 DAGs
[2023-12-03T05:15:41.403+0000] {logging_mixin.py:151} INFO - [2023-12-03T05:15:41.402+0000] {dag.py:3696} INFO - Setting next_dagrun for example_sla_dag to 2023-12-03T05:12:00+00:00, run_after=2023-12-03T05:14:00+00:00
[2023-12-03T05:15:41.413+0000] {processor.py:179} INFO - Processing /home/airflow/.local/lib/python3.8/site-packages/airflow/example_dags/example_sla_dag.py took 0.053 seconds
[2023-12-03T05:16:11.791+0000] {processor.py:157} INFO - Started process (PID=567) to work on /home/airflow/.local/lib/python3.8/site-packages/airflow/example_dags/example_sla_dag.py
[2023-12-03T05:16:11.792+0000] {processor.py:829} INFO - Processing file /home/airflow/.local/lib/python3.8/site-packages/airflow/example_dags/example_sla_dag.py for tasks to queue
[2023-12-03T05:16:11.794+0000] {logging_mixin.py:151} INFO - [2023-12-03T05:16:11.794+0000] {dagbag.py:539} INFO - Filling up the DagBag from /home/airflow/.local/lib/python3.8/site-packages/airflow/example_dags/example_sla_dag.py
[2023-12-03T05:16:11.800+0000] {processor.py:839} INFO - DAG(s) dict_keys(['example_sla_dag']) retrieved from /home/airflow/.local/lib/python3.8/site-packages/airflow/example_dags/example_sla_dag.py
[2023-12-03T05:16:11.815+0000] {logging_mixin.py:151} INFO - [2023-12-03T05:16:11.815+0000] {dag.py:2915} INFO - Sync 1 DAGs
[2023-12-03T05:16:11.832+0000] {logging_mixin.py:151} INFO - [2023-12-03T05:16:11.832+0000] {dag.py:3696} INFO - Setting next_dagrun for example_sla_dag to 2023-12-03T05:14:00+00:00, run_after=2023-12-03T05:16:00+00:00
[2023-12-03T05:16:11.843+0000] {processor.py:179} INFO - Processing /home/airflow/.local/lib/python3.8/site-packages/airflow/example_dags/example_sla_dag.py took 0.055 seconds
[2023-12-03T05:16:42.382+0000] {processor.py:157} INFO - Started process (PID=623) to work on /home/airflow/.local/lib/python3.8/site-packages/airflow/example_dags/example_sla_dag.py
[2023-12-03T05:16:42.383+0000] {processor.py:829} INFO - Processing file /home/airflow/.local/lib/python3.8/site-packages/airflow/example_dags/example_sla_dag.py for tasks to queue
[2023-12-03T05:16:42.385+0000] {logging_mixin.py:151} INFO - [2023-12-03T05:16:42.385+0000] {dagbag.py:539} INFO - Filling up the DagBag from /home/airflow/.local/lib/python3.8/site-packages/airflow/example_dags/example_sla_dag.py
[2023-12-03T05:16:42.392+0000] {processor.py:839} INFO - DAG(s) dict_keys(['example_sla_dag']) retrieved from /home/airflow/.local/lib/python3.8/site-packages/airflow/example_dags/example_sla_dag.py
[2023-12-03T05:16:42.408+0000] {logging_mixin.py:151} INFO - [2023-12-03T05:16:42.408+0000] {dag.py:2915} INFO - Sync 1 DAGs
[2023-12-03T05:16:42.425+0000] {logging_mixin.py:151} INFO - [2023-12-03T05:16:42.425+0000] {dag.py:3696} INFO - Setting next_dagrun for example_sla_dag to 2023-12-03T05:14:00+00:00, run_after=2023-12-03T05:16:00+00:00
[2023-12-03T05:16:42.439+0000] {processor.py:179} INFO - Processing /home/airflow/.local/lib/python3.8/site-packages/airflow/example_dags/example_sla_dag.py took 0.060 seconds
[2023-12-03T05:17:12.621+0000] {processor.py:157} INFO - Started process (PID=679) to work on /home/airflow/.local/lib/python3.8/site-packages/airflow/example_dags/example_sla_dag.py
[2023-12-03T05:17:12.622+0000] {processor.py:829} INFO - Processing file /home/airflow/.local/lib/python3.8/site-packages/airflow/example_dags/example_sla_dag.py for tasks to queue
[2023-12-03T05:17:12.624+0000] {logging_mixin.py:151} INFO - [2023-12-03T05:17:12.624+0000] {dagbag.py:539} INFO - Filling up the DagBag from /home/airflow/.local/lib/python3.8/site-packages/airflow/example_dags/example_sla_dag.py
[2023-12-03T05:17:12.630+0000] {processor.py:839} INFO - DAG(s) dict_keys(['example_sla_dag']) retrieved from /home/airflow/.local/lib/python3.8/site-packages/airflow/example_dags/example_sla_dag.py
[2023-12-03T05:17:12.644+0000] {logging_mixin.py:151} INFO - [2023-12-03T05:17:12.644+0000] {dag.py:2915} INFO - Sync 1 DAGs
[2023-12-03T05:17:12.659+0000] {logging_mixin.py:151} INFO - [2023-12-03T05:17:12.659+0000] {dag.py:3696} INFO - Setting next_dagrun for example_sla_dag to 2023-12-03T05:14:00+00:00, run_after=2023-12-03T05:16:00+00:00
[2023-12-03T05:17:12.671+0000] {processor.py:179} INFO - Processing /home/airflow/.local/lib/python3.8/site-packages/airflow/example_dags/example_sla_dag.py took 0.052 seconds
[2023-12-03T05:17:43.052+0000] {processor.py:157} INFO - Started process (PID=735) to work on /home/airflow/.local/lib/python3.8/site-packages/airflow/example_dags/example_sla_dag.py
[2023-12-03T05:17:43.054+0000] {processor.py:829} INFO - Processing file /home/airflow/.local/lib/python3.8/site-packages/airflow/example_dags/example_sla_dag.py for tasks to queue
[2023-12-03T05:17:43.056+0000] {logging_mixin.py:151} INFO - [2023-12-03T05:17:43.056+0000] {dagbag.py:539} INFO - Filling up the DagBag from /home/airflow/.local/lib/python3.8/site-packages/airflow/example_dags/example_sla_dag.py
[2023-12-03T05:17:43.062+0000] {processor.py:839} INFO - DAG(s) dict_keys(['example_sla_dag']) retrieved from /home/airflow/.local/lib/python3.8/site-packages/airflow/example_dags/example_sla_dag.py
[2023-12-03T05:17:43.074+0000] {logging_mixin.py:151} INFO - [2023-12-03T05:17:43.074+0000] {dag.py:2915} INFO - Sync 1 DAGs
[2023-12-03T05:17:43.091+0000] {logging_mixin.py:151} INFO - [2023-12-03T05:17:43.091+0000] {dag.py:3696} INFO - Setting next_dagrun for example_sla_dag to 2023-12-03T05:14:00+00:00, run_after=2023-12-03T05:16:00+00:00
[2023-12-03T05:17:43.102+0000] {processor.py:179} INFO - Processing /home/airflow/.local/lib/python3.8/site-packages/airflow/example_dags/example_sla_dag.py took 0.053 seconds
[2023-12-03T05:18:13.362+0000] {processor.py:157} INFO - Started process (PID=791) to work on /home/airflow/.local/lib/python3.8/site-packages/airflow/example_dags/example_sla_dag.py
[2023-12-03T05:18:13.364+0000] {processor.py:829} INFO - Processing file /home/airflow/.local/lib/python3.8/site-packages/airflow/example_dags/example_sla_dag.py for tasks to queue
[2023-12-03T05:18:13.365+0000] {logging_mixin.py:151} INFO - [2023-12-03T05:18:13.365+0000] {dagbag.py:539} INFO - Filling up the DagBag from /home/airflow/.local/lib/python3.8/site-packages/airflow/example_dags/example_sla_dag.py
[2023-12-03T05:18:13.372+0000] {processor.py:839} INFO - DAG(s) dict_keys(['example_sla_dag']) retrieved from /home/airflow/.local/lib/python3.8/site-packages/airflow/example_dags/example_sla_dag.py
[2023-12-03T05:18:13.386+0000] {logging_mixin.py:151} INFO - [2023-12-03T05:18:13.386+0000] {dag.py:2915} INFO - Sync 1 DAGs
[2023-12-03T05:18:13.402+0000] {logging_mixin.py:151} INFO - [2023-12-03T05:18:13.402+0000] {dag.py:3696} INFO - Setting next_dagrun for example_sla_dag to 2023-12-03T05:16:00+00:00, run_after=2023-12-03T05:18:00+00:00
[2023-12-03T05:18:13.414+0000] {processor.py:179} INFO - Processing /home/airflow/.local/lib/python3.8/site-packages/airflow/example_dags/example_sla_dag.py took 0.054 seconds
[2023-12-03T05:24:01.620+0000] {processor.py:157} INFO - Started process (PID=848) to work on /home/airflow/.local/lib/python3.8/site-packages/airflow/example_dags/example_sla_dag.py
[2023-12-03T05:24:01.622+0000] {processor.py:829} INFO - Processing file /home/airflow/.local/lib/python3.8/site-packages/airflow/example_dags/example_sla_dag.py for tasks to queue
[2023-12-03T05:24:01.624+0000] {logging_mixin.py:151} INFO - [2023-12-03T05:24:01.623+0000] {dagbag.py:539} INFO - Filling up the DagBag from /home/airflow/.local/lib/python3.8/site-packages/airflow/example_dags/example_sla_dag.py
[2023-12-03T05:24:01.630+0000] {processor.py:839} INFO - DAG(s) dict_keys(['example_sla_dag']) retrieved from /home/airflow/.local/lib/python3.8/site-packages/airflow/example_dags/example_sla_dag.py
[2023-12-03T05:24:01.646+0000] {logging_mixin.py:151} INFO - [2023-12-03T05:24:01.646+0000] {dag.py:2915} INFO - Sync 1 DAGs
[2023-12-03T05:24:01.662+0000] {logging_mixin.py:151} INFO - [2023-12-03T05:24:01.662+0000] {dag.py:3696} INFO - Setting next_dagrun for example_sla_dag to 2023-12-03T05:22:00+00:00, run_after=2023-12-03T05:24:00+00:00
[2023-12-03T05:24:01.673+0000] {processor.py:179} INFO - Processing /home/airflow/.local/lib/python3.8/site-packages/airflow/example_dags/example_sla_dag.py took 0.056 seconds
[2023-12-03T05:24:32.497+0000] {processor.py:157} INFO - Started process (PID=904) to work on /home/airflow/.local/lib/python3.8/site-packages/airflow/example_dags/example_sla_dag.py
[2023-12-03T05:24:32.499+0000] {processor.py:829} INFO - Processing file /home/airflow/.local/lib/python3.8/site-packages/airflow/example_dags/example_sla_dag.py for tasks to queue
[2023-12-03T05:24:32.501+0000] {logging_mixin.py:151} INFO - [2023-12-03T05:24:32.500+0000] {dagbag.py:539} INFO - Filling up the DagBag from /home/airflow/.local/lib/python3.8/site-packages/airflow/example_dags/example_sla_dag.py
[2023-12-03T05:24:32.507+0000] {processor.py:839} INFO - DAG(s) dict_keys(['example_sla_dag']) retrieved from /home/airflow/.local/lib/python3.8/site-packages/airflow/example_dags/example_sla_dag.py
[2023-12-03T05:24:32.522+0000] {logging_mixin.py:151} INFO - [2023-12-03T05:24:32.521+0000] {dag.py:2915} INFO - Sync 1 DAGs
[2023-12-03T05:24:32.538+0000] {logging_mixin.py:151} INFO - [2023-12-03T05:24:32.537+0000] {dag.py:3696} INFO - Setting next_dagrun for example_sla_dag to 2023-12-03T05:22:00+00:00, run_after=2023-12-03T05:24:00+00:00
[2023-12-03T05:24:32.549+0000] {processor.py:179} INFO - Processing /home/airflow/.local/lib/python3.8/site-packages/airflow/example_dags/example_sla_dag.py took 0.055 seconds
[2023-12-03T05:27:54.642+0000] {processor.py:157} INFO - Started process (PID=43) to work on /home/airflow/.local/lib/python3.8/site-packages/airflow/example_dags/example_sla_dag.py
[2023-12-03T05:27:54.646+0000] {processor.py:829} INFO - Processing file /home/airflow/.local/lib/python3.8/site-packages/airflow/example_dags/example_sla_dag.py for tasks to queue
[2023-12-03T05:27:54.649+0000] {logging_mixin.py:151} INFO - [2023-12-03T05:27:54.649+0000] {dagbag.py:539} INFO - Filling up the DagBag from /home/airflow/.local/lib/python3.8/site-packages/airflow/example_dags/example_sla_dag.py
[2023-12-03T05:27:54.659+0000] {processor.py:839} INFO - DAG(s) dict_keys(['example_sla_dag']) retrieved from /home/airflow/.local/lib/python3.8/site-packages/airflow/example_dags/example_sla_dag.py
[2023-12-03T05:27:54.685+0000] {logging_mixin.py:151} INFO - [2023-12-03T05:27:54.685+0000] {dag.py:2915} INFO - Sync 1 DAGs
[2023-12-03T05:27:54.711+0000] {logging_mixin.py:151} INFO - [2023-12-03T05:27:54.711+0000] {dag.py:3696} INFO - Setting next_dagrun for example_sla_dag to 2023-12-03T05:24:00+00:00, run_after=2023-12-03T05:26:00+00:00
[2023-12-03T05:27:54.729+0000] {processor.py:179} INFO - Processing /home/airflow/.local/lib/python3.8/site-packages/airflow/example_dags/example_sla_dag.py took 0.092 seconds
[2023-12-03T05:28:23.530+0000] {processor.py:157} INFO - Started process (PID=42) to work on /home/airflow/.local/lib/python3.8/site-packages/airflow/example_dags/example_sla_dag.py
[2023-12-03T05:28:23.531+0000] {processor.py:829} INFO - Processing file /home/airflow/.local/lib/python3.8/site-packages/airflow/example_dags/example_sla_dag.py for tasks to queue
[2023-12-03T05:28:23.533+0000] {logging_mixin.py:151} INFO - [2023-12-03T05:28:23.532+0000] {dagbag.py:539} INFO - Filling up the DagBag from /home/airflow/.local/lib/python3.8/site-packages/airflow/example_dags/example_sla_dag.py
[2023-12-03T05:28:23.540+0000] {processor.py:839} INFO - DAG(s) dict_keys(['example_sla_dag']) retrieved from /home/airflow/.local/lib/python3.8/site-packages/airflow/example_dags/example_sla_dag.py
[2023-12-03T05:28:23.551+0000] {logging_mixin.py:151} INFO - [2023-12-03T05:28:23.551+0000] {dag.py:2915} INFO - Sync 1 DAGs
[2023-12-03T05:28:23.570+0000] {logging_mixin.py:151} INFO - [2023-12-03T05:28:23.570+0000] {dag.py:3696} INFO - Setting next_dagrun for example_sla_dag to 2023-12-03T05:26:00+00:00, run_after=2023-12-03T05:28:00+00:00
[2023-12-03T05:28:23.581+0000] {processor.py:179} INFO - Processing /home/airflow/.local/lib/python3.8/site-packages/airflow/example_dags/example_sla_dag.py took 0.054 seconds
[2023-12-03T05:28:54.105+0000] {processor.py:157} INFO - Started process (PID=98) to work on /home/airflow/.local/lib/python3.8/site-packages/airflow/example_dags/example_sla_dag.py
[2023-12-03T05:28:54.107+0000] {processor.py:829} INFO - Processing file /home/airflow/.local/lib/python3.8/site-packages/airflow/example_dags/example_sla_dag.py for tasks to queue
[2023-12-03T05:28:54.108+0000] {logging_mixin.py:151} INFO - [2023-12-03T05:28:54.108+0000] {dagbag.py:539} INFO - Filling up the DagBag from /home/airflow/.local/lib/python3.8/site-packages/airflow/example_dags/example_sla_dag.py
[2023-12-03T05:28:54.114+0000] {processor.py:839} INFO - DAG(s) dict_keys(['example_sla_dag']) retrieved from /home/airflow/.local/lib/python3.8/site-packages/airflow/example_dags/example_sla_dag.py
[2023-12-03T05:28:54.128+0000] {logging_mixin.py:151} INFO - [2023-12-03T05:28:54.128+0000] {dag.py:2915} INFO - Sync 1 DAGs
[2023-12-03T05:28:54.144+0000] {logging_mixin.py:151} INFO - [2023-12-03T05:28:54.144+0000] {dag.py:3696} INFO - Setting next_dagrun for example_sla_dag to 2023-12-03T05:26:00+00:00, run_after=2023-12-03T05:28:00+00:00
[2023-12-03T05:28:54.154+0000] {processor.py:179} INFO - Processing /home/airflow/.local/lib/python3.8/site-packages/airflow/example_dags/example_sla_dag.py took 0.052 seconds
[2023-12-03T05:29:24.250+0000] {processor.py:157} INFO - Started process (PID=154) to work on /home/airflow/.local/lib/python3.8/site-packages/airflow/example_dags/example_sla_dag.py
[2023-12-03T05:29:24.251+0000] {processor.py:829} INFO - Processing file /home/airflow/.local/lib/python3.8/site-packages/airflow/example_dags/example_sla_dag.py for tasks to queue
[2023-12-03T05:29:24.253+0000] {logging_mixin.py:151} INFO - [2023-12-03T05:29:24.252+0000] {dagbag.py:539} INFO - Filling up the DagBag from /home/airflow/.local/lib/python3.8/site-packages/airflow/example_dags/example_sla_dag.py
[2023-12-03T05:29:24.258+0000] {processor.py:839} INFO - DAG(s) dict_keys(['example_sla_dag']) retrieved from /home/airflow/.local/lib/python3.8/site-packages/airflow/example_dags/example_sla_dag.py
[2023-12-03T05:29:24.273+0000] {logging_mixin.py:151} INFO - [2023-12-03T05:29:24.272+0000] {dag.py:2915} INFO - Sync 1 DAGs
[2023-12-03T05:29:24.288+0000] {logging_mixin.py:151} INFO - [2023-12-03T05:29:24.288+0000] {dag.py:3696} INFO - Setting next_dagrun for example_sla_dag to 2023-12-03T05:26:00+00:00, run_after=2023-12-03T05:28:00+00:00
[2023-12-03T05:29:24.300+0000] {processor.py:179} INFO - Processing /home/airflow/.local/lib/python3.8/site-packages/airflow/example_dags/example_sla_dag.py took 0.052 seconds
[2023-12-03T05:29:54.417+0000] {processor.py:157} INFO - Started process (PID=209) to work on /home/airflow/.local/lib/python3.8/site-packages/airflow/example_dags/example_sla_dag.py
[2023-12-03T05:29:54.418+0000] {processor.py:829} INFO - Processing file /home/airflow/.local/lib/python3.8/site-packages/airflow/example_dags/example_sla_dag.py for tasks to queue
[2023-12-03T05:29:54.419+0000] {logging_mixin.py:151} INFO - [2023-12-03T05:29:54.419+0000] {dagbag.py:539} INFO - Filling up the DagBag from /home/airflow/.local/lib/python3.8/site-packages/airflow/example_dags/example_sla_dag.py
[2023-12-03T05:29:54.425+0000] {processor.py:839} INFO - DAG(s) dict_keys(['example_sla_dag']) retrieved from /home/airflow/.local/lib/python3.8/site-packages/airflow/example_dags/example_sla_dag.py
[2023-12-03T05:29:54.437+0000] {logging_mixin.py:151} INFO - [2023-12-03T05:29:54.437+0000] {dag.py:2915} INFO - Sync 1 DAGs
[2023-12-03T05:29:54.451+0000] {logging_mixin.py:151} INFO - [2023-12-03T05:29:54.451+0000] {dag.py:3696} INFO - Setting next_dagrun for example_sla_dag to 2023-12-03T05:26:00+00:00, run_after=2023-12-03T05:28:00+00:00
[2023-12-03T05:29:54.461+0000] {processor.py:179} INFO - Processing /home/airflow/.local/lib/python3.8/site-packages/airflow/example_dags/example_sla_dag.py took 0.046 seconds
[2023-12-03T05:30:24.803+0000] {processor.py:157} INFO - Started process (PID=266) to work on /home/airflow/.local/lib/python3.8/site-packages/airflow/example_dags/example_sla_dag.py
[2023-12-03T05:30:24.804+0000] {processor.py:829} INFO - Processing file /home/airflow/.local/lib/python3.8/site-packages/airflow/example_dags/example_sla_dag.py for tasks to queue
[2023-12-03T05:30:24.805+0000] {logging_mixin.py:151} INFO - [2023-12-03T05:30:24.805+0000] {dagbag.py:539} INFO - Filling up the DagBag from /home/airflow/.local/lib/python3.8/site-packages/airflow/example_dags/example_sla_dag.py
[2023-12-03T05:30:24.811+0000] {processor.py:839} INFO - DAG(s) dict_keys(['example_sla_dag']) retrieved from /home/airflow/.local/lib/python3.8/site-packages/airflow/example_dags/example_sla_dag.py
[2023-12-03T05:30:24.825+0000] {logging_mixin.py:151} INFO - [2023-12-03T05:30:24.825+0000] {dag.py:2915} INFO - Sync 1 DAGs
[2023-12-03T05:30:24.840+0000] {logging_mixin.py:151} INFO - [2023-12-03T05:30:24.840+0000] {dag.py:3696} INFO - Setting next_dagrun for example_sla_dag to 2023-12-03T05:28:00+00:00, run_after=2023-12-03T05:30:00+00:00
[2023-12-03T05:30:24.851+0000] {processor.py:179} INFO - Processing /home/airflow/.local/lib/python3.8/site-packages/airflow/example_dags/example_sla_dag.py took 0.051 seconds
[2023-12-03T05:30:54.943+0000] {processor.py:157} INFO - Started process (PID=321) to work on /home/airflow/.local/lib/python3.8/site-packages/airflow/example_dags/example_sla_dag.py
[2023-12-03T05:30:54.945+0000] {processor.py:829} INFO - Processing file /home/airflow/.local/lib/python3.8/site-packages/airflow/example_dags/example_sla_dag.py for tasks to queue
[2023-12-03T05:30:54.947+0000] {logging_mixin.py:151} INFO - [2023-12-03T05:30:54.947+0000] {dagbag.py:539} INFO - Filling up the DagBag from /home/airflow/.local/lib/python3.8/site-packages/airflow/example_dags/example_sla_dag.py
[2023-12-03T05:30:54.955+0000] {processor.py:839} INFO - DAG(s) dict_keys(['example_sla_dag']) retrieved from /home/airflow/.local/lib/python3.8/site-packages/airflow/example_dags/example_sla_dag.py
[2023-12-03T05:30:54.975+0000] {logging_mixin.py:151} INFO - [2023-12-03T05:30:54.975+0000] {dag.py:2915} INFO - Sync 1 DAGs
[2023-12-03T05:30:54.992+0000] {logging_mixin.py:151} INFO - [2023-12-03T05:30:54.992+0000] {dag.py:3696} INFO - Setting next_dagrun for example_sla_dag to 2023-12-03T05:28:00+00:00, run_after=2023-12-03T05:30:00+00:00
[2023-12-03T05:30:55.005+0000] {processor.py:179} INFO - Processing /home/airflow/.local/lib/python3.8/site-packages/airflow/example_dags/example_sla_dag.py took 0.066 seconds
[2023-12-03T05:31:25.576+0000] {processor.py:157} INFO - Started process (PID=378) to work on /home/airflow/.local/lib/python3.8/site-packages/airflow/example_dags/example_sla_dag.py
[2023-12-03T05:31:25.577+0000] {processor.py:829} INFO - Processing file /home/airflow/.local/lib/python3.8/site-packages/airflow/example_dags/example_sla_dag.py for tasks to queue
[2023-12-03T05:31:25.579+0000] {logging_mixin.py:151} INFO - [2023-12-03T05:31:25.579+0000] {dagbag.py:539} INFO - Filling up the DagBag from /home/airflow/.local/lib/python3.8/site-packages/airflow/example_dags/example_sla_dag.py
[2023-12-03T05:31:25.585+0000] {processor.py:839} INFO - DAG(s) dict_keys(['example_sla_dag']) retrieved from /home/airflow/.local/lib/python3.8/site-packages/airflow/example_dags/example_sla_dag.py
[2023-12-03T05:31:25.601+0000] {logging_mixin.py:151} INFO - [2023-12-03T05:31:25.601+0000] {dag.py:2915} INFO - Sync 1 DAGs
[2023-12-03T05:31:25.618+0000] {logging_mixin.py:151} INFO - [2023-12-03T05:31:25.618+0000] {dag.py:3696} INFO - Setting next_dagrun for example_sla_dag to 2023-12-03T05:28:00+00:00, run_after=2023-12-03T05:30:00+00:00
[2023-12-03T05:31:25.631+0000] {processor.py:179} INFO - Processing /home/airflow/.local/lib/python3.8/site-packages/airflow/example_dags/example_sla_dag.py took 0.058 seconds
[2023-12-03T05:31:55.920+0000] {processor.py:157} INFO - Started process (PID=434) to work on /home/airflow/.local/lib/python3.8/site-packages/airflow/example_dags/example_sla_dag.py
[2023-12-03T05:31:55.922+0000] {processor.py:829} INFO - Processing file /home/airflow/.local/lib/python3.8/site-packages/airflow/example_dags/example_sla_dag.py for tasks to queue
[2023-12-03T05:31:55.923+0000] {logging_mixin.py:151} INFO - [2023-12-03T05:31:55.923+0000] {dagbag.py:539} INFO - Filling up the DagBag from /home/airflow/.local/lib/python3.8/site-packages/airflow/example_dags/example_sla_dag.py
[2023-12-03T05:31:55.929+0000] {processor.py:839} INFO - DAG(s) dict_keys(['example_sla_dag']) retrieved from /home/airflow/.local/lib/python3.8/site-packages/airflow/example_dags/example_sla_dag.py
[2023-12-03T05:31:55.942+0000] {logging_mixin.py:151} INFO - [2023-12-03T05:31:55.942+0000] {dag.py:2915} INFO - Sync 1 DAGs
[2023-12-03T05:31:55.957+0000] {logging_mixin.py:151} INFO - [2023-12-03T05:31:55.957+0000] {dag.py:3696} INFO - Setting next_dagrun for example_sla_dag to 2023-12-03T05:28:00+00:00, run_after=2023-12-03T05:30:00+00:00
[2023-12-03T05:31:55.967+0000] {processor.py:179} INFO - Processing /home/airflow/.local/lib/python3.8/site-packages/airflow/example_dags/example_sla_dag.py took 0.049 seconds
[2023-12-03T05:32:26.263+0000] {processor.py:157} INFO - Started process (PID=490) to work on /home/airflow/.local/lib/python3.8/site-packages/airflow/example_dags/example_sla_dag.py
[2023-12-03T05:32:26.265+0000] {processor.py:829} INFO - Processing file /home/airflow/.local/lib/python3.8/site-packages/airflow/example_dags/example_sla_dag.py for tasks to queue
[2023-12-03T05:32:26.267+0000] {logging_mixin.py:151} INFO - [2023-12-03T05:32:26.267+0000] {dagbag.py:539} INFO - Filling up the DagBag from /home/airflow/.local/lib/python3.8/site-packages/airflow/example_dags/example_sla_dag.py
[2023-12-03T05:32:26.272+0000] {processor.py:839} INFO - DAG(s) dict_keys(['example_sla_dag']) retrieved from /home/airflow/.local/lib/python3.8/site-packages/airflow/example_dags/example_sla_dag.py
[2023-12-03T05:32:26.286+0000] {logging_mixin.py:151} INFO - [2023-12-03T05:32:26.286+0000] {dag.py:2915} INFO - Sync 1 DAGs
[2023-12-03T05:32:26.300+0000] {logging_mixin.py:151} INFO - [2023-12-03T05:32:26.300+0000] {dag.py:3696} INFO - Setting next_dagrun for example_sla_dag to 2023-12-03T05:30:00+00:00, run_after=2023-12-03T05:32:00+00:00
[2023-12-03T05:32:26.311+0000] {processor.py:179} INFO - Processing /home/airflow/.local/lib/python3.8/site-packages/airflow/example_dags/example_sla_dag.py took 0.050 seconds
[2023-12-03T05:32:56.483+0000] {processor.py:157} INFO - Started process (PID=545) to work on /home/airflow/.local/lib/python3.8/site-packages/airflow/example_dags/example_sla_dag.py
[2023-12-03T05:32:56.485+0000] {processor.py:829} INFO - Processing file /home/airflow/.local/lib/python3.8/site-packages/airflow/example_dags/example_sla_dag.py for tasks to queue
[2023-12-03T05:32:56.487+0000] {logging_mixin.py:151} INFO - [2023-12-03T05:32:56.487+0000] {dagbag.py:539} INFO - Filling up the DagBag from /home/airflow/.local/lib/python3.8/site-packages/airflow/example_dags/example_sla_dag.py
[2023-12-03T05:32:56.493+0000] {processor.py:839} INFO - DAG(s) dict_keys(['example_sla_dag']) retrieved from /home/airflow/.local/lib/python3.8/site-packages/airflow/example_dags/example_sla_dag.py
[2023-12-03T05:32:56.506+0000] {logging_mixin.py:151} INFO - [2023-12-03T05:32:56.506+0000] {dag.py:2915} INFO - Sync 1 DAGs
[2023-12-03T05:32:56.521+0000] {logging_mixin.py:151} INFO - [2023-12-03T05:32:56.521+0000] {dag.py:3696} INFO - Setting next_dagrun for example_sla_dag to 2023-12-03T05:30:00+00:00, run_after=2023-12-03T05:32:00+00:00
[2023-12-03T05:32:56.534+0000] {processor.py:179} INFO - Processing /home/airflow/.local/lib/python3.8/site-packages/airflow/example_dags/example_sla_dag.py took 0.053 seconds
[2023-12-03T05:33:26.763+0000] {processor.py:157} INFO - Started process (PID=601) to work on /home/airflow/.local/lib/python3.8/site-packages/airflow/example_dags/example_sla_dag.py
[2023-12-03T05:33:26.766+0000] {processor.py:829} INFO - Processing file /home/airflow/.local/lib/python3.8/site-packages/airflow/example_dags/example_sla_dag.py for tasks to queue
[2023-12-03T05:33:26.768+0000] {logging_mixin.py:151} INFO - [2023-12-03T05:33:26.768+0000] {dagbag.py:539} INFO - Filling up the DagBag from /home/airflow/.local/lib/python3.8/site-packages/airflow/example_dags/example_sla_dag.py
[2023-12-03T05:33:26.774+0000] {processor.py:839} INFO - DAG(s) dict_keys(['example_sla_dag']) retrieved from /home/airflow/.local/lib/python3.8/site-packages/airflow/example_dags/example_sla_dag.py
[2023-12-03T05:33:26.788+0000] {logging_mixin.py:151} INFO - [2023-12-03T05:33:26.788+0000] {dag.py:2915} INFO - Sync 1 DAGs
[2023-12-03T05:33:26.803+0000] {logging_mixin.py:151} INFO - [2023-12-03T05:33:26.803+0000] {dag.py:3696} INFO - Setting next_dagrun for example_sla_dag to 2023-12-03T05:30:00+00:00, run_after=2023-12-03T05:32:00+00:00
[2023-12-03T05:33:26.814+0000] {processor.py:179} INFO - Processing /home/airflow/.local/lib/python3.8/site-packages/airflow/example_dags/example_sla_dag.py took 0.054 seconds
[2023-12-03T05:33:56.992+0000] {processor.py:157} INFO - Started process (PID=657) to work on /home/airflow/.local/lib/python3.8/site-packages/airflow/example_dags/example_sla_dag.py
[2023-12-03T05:33:56.993+0000] {processor.py:829} INFO - Processing file /home/airflow/.local/lib/python3.8/site-packages/airflow/example_dags/example_sla_dag.py for tasks to queue
[2023-12-03T05:33:56.995+0000] {logging_mixin.py:151} INFO - [2023-12-03T05:33:56.995+0000] {dagbag.py:539} INFO - Filling up the DagBag from /home/airflow/.local/lib/python3.8/site-packages/airflow/example_dags/example_sla_dag.py
[2023-12-03T05:33:57.001+0000] {processor.py:839} INFO - DAG(s) dict_keys(['example_sla_dag']) retrieved from /home/airflow/.local/lib/python3.8/site-packages/airflow/example_dags/example_sla_dag.py
[2023-12-03T05:33:57.015+0000] {logging_mixin.py:151} INFO - [2023-12-03T05:33:57.015+0000] {dag.py:2915} INFO - Sync 1 DAGs
[2023-12-03T05:33:57.031+0000] {logging_mixin.py:151} INFO - [2023-12-03T05:33:57.031+0000] {dag.py:3696} INFO - Setting next_dagrun for example_sla_dag to 2023-12-03T05:30:00+00:00, run_after=2023-12-03T05:32:00+00:00
[2023-12-03T05:33:57.042+0000] {processor.py:179} INFO - Processing /home/airflow/.local/lib/python3.8/site-packages/airflow/example_dags/example_sla_dag.py took 0.052 seconds
[2023-12-03T05:34:27.265+0000] {processor.py:157} INFO - Started process (PID=714) to work on /home/airflow/.local/lib/python3.8/site-packages/airflow/example_dags/example_sla_dag.py
[2023-12-03T05:34:27.268+0000] {processor.py:829} INFO - Processing file /home/airflow/.local/lib/python3.8/site-packages/airflow/example_dags/example_sla_dag.py for tasks to queue
[2023-12-03T05:34:27.269+0000] {logging_mixin.py:151} INFO - [2023-12-03T05:34:27.269+0000] {dagbag.py:539} INFO - Filling up the DagBag from /home/airflow/.local/lib/python3.8/site-packages/airflow/example_dags/example_sla_dag.py
[2023-12-03T05:34:27.275+0000] {processor.py:839} INFO - DAG(s) dict_keys(['example_sla_dag']) retrieved from /home/airflow/.local/lib/python3.8/site-packages/airflow/example_dags/example_sla_dag.py
[2023-12-03T05:34:27.288+0000] {logging_mixin.py:151} INFO - [2023-12-03T05:34:27.287+0000] {dag.py:2915} INFO - Sync 1 DAGs
[2023-12-03T05:34:27.303+0000] {logging_mixin.py:151} INFO - [2023-12-03T05:34:27.303+0000] {dag.py:3696} INFO - Setting next_dagrun for example_sla_dag to 2023-12-03T05:32:00+00:00, run_after=2023-12-03T05:34:00+00:00
[2023-12-03T05:34:27.313+0000] {processor.py:179} INFO - Processing /home/airflow/.local/lib/python3.8/site-packages/airflow/example_dags/example_sla_dag.py took 0.050 seconds
[2023-12-03T05:34:57.398+0000] {processor.py:157} INFO - Started process (PID=770) to work on /home/airflow/.local/lib/python3.8/site-packages/airflow/example_dags/example_sla_dag.py
[2023-12-03T05:34:57.399+0000] {processor.py:829} INFO - Processing file /home/airflow/.local/lib/python3.8/site-packages/airflow/example_dags/example_sla_dag.py for tasks to queue
[2023-12-03T05:34:57.401+0000] {logging_mixin.py:151} INFO - [2023-12-03T05:34:57.400+0000] {dagbag.py:539} INFO - Filling up the DagBag from /home/airflow/.local/lib/python3.8/site-packages/airflow/example_dags/example_sla_dag.py
[2023-12-03T05:34:57.406+0000] {processor.py:839} INFO - DAG(s) dict_keys(['example_sla_dag']) retrieved from /home/airflow/.local/lib/python3.8/site-packages/airflow/example_dags/example_sla_dag.py
[2023-12-03T05:34:57.419+0000] {logging_mixin.py:151} INFO - [2023-12-03T05:34:57.419+0000] {dag.py:2915} INFO - Sync 1 DAGs
[2023-12-03T05:34:57.434+0000] {logging_mixin.py:151} INFO - [2023-12-03T05:34:57.434+0000] {dag.py:3696} INFO - Setting next_dagrun for example_sla_dag to 2023-12-03T05:32:00+00:00, run_after=2023-12-03T05:34:00+00:00
[2023-12-03T05:34:57.443+0000] {processor.py:179} INFO - Processing /home/airflow/.local/lib/python3.8/site-packages/airflow/example_dags/example_sla_dag.py took 0.048 seconds
[2023-12-03T05:35:27.587+0000] {processor.py:157} INFO - Started process (PID=826) to work on /home/airflow/.local/lib/python3.8/site-packages/airflow/example_dags/example_sla_dag.py
[2023-12-03T05:35:27.589+0000] {processor.py:829} INFO - Processing file /home/airflow/.local/lib/python3.8/site-packages/airflow/example_dags/example_sla_dag.py for tasks to queue
[2023-12-03T05:35:27.590+0000] {logging_mixin.py:151} INFO - [2023-12-03T05:35:27.590+0000] {dagbag.py:539} INFO - Filling up the DagBag from /home/airflow/.local/lib/python3.8/site-packages/airflow/example_dags/example_sla_dag.py
[2023-12-03T05:35:27.596+0000] {processor.py:839} INFO - DAG(s) dict_keys(['example_sla_dag']) retrieved from /home/airflow/.local/lib/python3.8/site-packages/airflow/example_dags/example_sla_dag.py
[2023-12-03T05:35:27.609+0000] {logging_mixin.py:151} INFO - [2023-12-03T05:35:27.609+0000] {dag.py:2915} INFO - Sync 1 DAGs
[2023-12-03T05:35:27.625+0000] {logging_mixin.py:151} INFO - [2023-12-03T05:35:27.625+0000] {dag.py:3696} INFO - Setting next_dagrun for example_sla_dag to 2023-12-03T05:32:00+00:00, run_after=2023-12-03T05:34:00+00:00
[2023-12-03T05:35:27.636+0000] {processor.py:179} INFO - Processing /home/airflow/.local/lib/python3.8/site-packages/airflow/example_dags/example_sla_dag.py took 0.051 seconds
[2023-12-03T05:35:57.805+0000] {processor.py:157} INFO - Started process (PID=882) to work on /home/airflow/.local/lib/python3.8/site-packages/airflow/example_dags/example_sla_dag.py
[2023-12-03T05:35:57.807+0000] {processor.py:829} INFO - Processing file /home/airflow/.local/lib/python3.8/site-packages/airflow/example_dags/example_sla_dag.py for tasks to queue
[2023-12-03T05:35:57.808+0000] {logging_mixin.py:151} INFO - [2023-12-03T05:35:57.808+0000] {dagbag.py:539} INFO - Filling up the DagBag from /home/airflow/.local/lib/python3.8/site-packages/airflow/example_dags/example_sla_dag.py
[2023-12-03T05:35:57.815+0000] {processor.py:839} INFO - DAG(s) dict_keys(['example_sla_dag']) retrieved from /home/airflow/.local/lib/python3.8/site-packages/airflow/example_dags/example_sla_dag.py
[2023-12-03T05:35:57.830+0000] {logging_mixin.py:151} INFO - [2023-12-03T05:35:57.829+0000] {dag.py:2915} INFO - Sync 1 DAGs
[2023-12-03T05:35:57.845+0000] {logging_mixin.py:151} INFO - [2023-12-03T05:35:57.845+0000] {dag.py:3696} INFO - Setting next_dagrun for example_sla_dag to 2023-12-03T05:32:00+00:00, run_after=2023-12-03T05:34:00+00:00
[2023-12-03T05:35:57.858+0000] {processor.py:179} INFO - Processing /home/airflow/.local/lib/python3.8/site-packages/airflow/example_dags/example_sla_dag.py took 0.055 seconds
[2023-12-03T05:36:28.182+0000] {processor.py:157} INFO - Started process (PID=938) to work on /home/airflow/.local/lib/python3.8/site-packages/airflow/example_dags/example_sla_dag.py
[2023-12-03T05:36:28.184+0000] {processor.py:829} INFO - Processing file /home/airflow/.local/lib/python3.8/site-packages/airflow/example_dags/example_sla_dag.py for tasks to queue
[2023-12-03T05:36:28.185+0000] {logging_mixin.py:151} INFO - [2023-12-03T05:36:28.185+0000] {dagbag.py:539} INFO - Filling up the DagBag from /home/airflow/.local/lib/python3.8/site-packages/airflow/example_dags/example_sla_dag.py
[2023-12-03T05:36:28.193+0000] {processor.py:839} INFO - DAG(s) dict_keys(['example_sla_dag']) retrieved from /home/airflow/.local/lib/python3.8/site-packages/airflow/example_dags/example_sla_dag.py
[2023-12-03T05:36:28.211+0000] {logging_mixin.py:151} INFO - [2023-12-03T05:36:28.211+0000] {dag.py:2915} INFO - Sync 1 DAGs
[2023-12-03T05:36:28.227+0000] {logging_mixin.py:151} INFO - [2023-12-03T05:36:28.227+0000] {dag.py:3696} INFO - Setting next_dagrun for example_sla_dag to 2023-12-03T05:34:00+00:00, run_after=2023-12-03T05:36:00+00:00
[2023-12-03T05:36:28.239+0000] {processor.py:179} INFO - Processing /home/airflow/.local/lib/python3.8/site-packages/airflow/example_dags/example_sla_dag.py took 0.059 seconds
[2023-12-03T05:36:58.558+0000] {processor.py:157} INFO - Started process (PID=994) to work on /home/airflow/.local/lib/python3.8/site-packages/airflow/example_dags/example_sla_dag.py
[2023-12-03T05:36:58.560+0000] {processor.py:829} INFO - Processing file /home/airflow/.local/lib/python3.8/site-packages/airflow/example_dags/example_sla_dag.py for tasks to queue
[2023-12-03T05:36:58.561+0000] {logging_mixin.py:151} INFO - [2023-12-03T05:36:58.561+0000] {dagbag.py:539} INFO - Filling up the DagBag from /home/airflow/.local/lib/python3.8/site-packages/airflow/example_dags/example_sla_dag.py
[2023-12-03T05:36:58.567+0000] {processor.py:839} INFO - DAG(s) dict_keys(['example_sla_dag']) retrieved from /home/airflow/.local/lib/python3.8/site-packages/airflow/example_dags/example_sla_dag.py
[2023-12-03T05:36:58.579+0000] {logging_mixin.py:151} INFO - [2023-12-03T05:36:58.579+0000] {dag.py:2915} INFO - Sync 1 DAGs
[2023-12-03T05:36:58.594+0000] {logging_mixin.py:151} INFO - [2023-12-03T05:36:58.594+0000] {dag.py:3696} INFO - Setting next_dagrun for example_sla_dag to 2023-12-03T05:34:00+00:00, run_after=2023-12-03T05:36:00+00:00
[2023-12-03T05:36:58.605+0000] {processor.py:179} INFO - Processing /home/airflow/.local/lib/python3.8/site-packages/airflow/example_dags/example_sla_dag.py took 0.049 seconds
[2023-12-03T05:37:28.717+0000] {processor.py:157} INFO - Started process (PID=1050) to work on /home/airflow/.local/lib/python3.8/site-packages/airflow/example_dags/example_sla_dag.py
[2023-12-03T05:37:28.718+0000] {processor.py:829} INFO - Processing file /home/airflow/.local/lib/python3.8/site-packages/airflow/example_dags/example_sla_dag.py for tasks to queue
[2023-12-03T05:37:28.719+0000] {logging_mixin.py:151} INFO - [2023-12-03T05:37:28.719+0000] {dagbag.py:539} INFO - Filling up the DagBag from /home/airflow/.local/lib/python3.8/site-packages/airflow/example_dags/example_sla_dag.py
[2023-12-03T05:37:28.725+0000] {processor.py:839} INFO - DAG(s) dict_keys(['example_sla_dag']) retrieved from /home/airflow/.local/lib/python3.8/site-packages/airflow/example_dags/example_sla_dag.py
[2023-12-03T05:37:28.737+0000] {logging_mixin.py:151} INFO - [2023-12-03T05:37:28.737+0000] {dag.py:2915} INFO - Sync 1 DAGs
[2023-12-03T05:37:28.752+0000] {logging_mixin.py:151} INFO - [2023-12-03T05:37:28.751+0000] {dag.py:3696} INFO - Setting next_dagrun for example_sla_dag to 2023-12-03T05:34:00+00:00, run_after=2023-12-03T05:36:00+00:00
[2023-12-03T05:37:28.762+0000] {processor.py:179} INFO - Processing /home/airflow/.local/lib/python3.8/site-packages/airflow/example_dags/example_sla_dag.py took 0.047 seconds
[2023-12-03T05:37:59.053+0000] {processor.py:157} INFO - Started process (PID=1106) to work on /home/airflow/.local/lib/python3.8/site-packages/airflow/example_dags/example_sla_dag.py
[2023-12-03T05:37:59.054+0000] {processor.py:829} INFO - Processing file /home/airflow/.local/lib/python3.8/site-packages/airflow/example_dags/example_sla_dag.py for tasks to queue
[2023-12-03T05:37:59.056+0000] {logging_mixin.py:151} INFO - [2023-12-03T05:37:59.056+0000] {dagbag.py:539} INFO - Filling up the DagBag from /home/airflow/.local/lib/python3.8/site-packages/airflow/example_dags/example_sla_dag.py
[2023-12-03T05:37:59.061+0000] {processor.py:839} INFO - DAG(s) dict_keys(['example_sla_dag']) retrieved from /home/airflow/.local/lib/python3.8/site-packages/airflow/example_dags/example_sla_dag.py
[2023-12-03T05:37:59.074+0000] {logging_mixin.py:151} INFO - [2023-12-03T05:37:59.074+0000] {dag.py:2915} INFO - Sync 1 DAGs
[2023-12-03T05:37:59.089+0000] {logging_mixin.py:151} INFO - [2023-12-03T05:37:59.089+0000] {dag.py:3696} INFO - Setting next_dagrun for example_sla_dag to 2023-12-03T05:34:00+00:00, run_after=2023-12-03T05:36:00+00:00
[2023-12-03T05:37:59.101+0000] {processor.py:179} INFO - Processing /home/airflow/.local/lib/python3.8/site-packages/airflow/example_dags/example_sla_dag.py took 0.050 seconds
[2023-12-03T05:38:29.465+0000] {processor.py:157} INFO - Started process (PID=1162) to work on /home/airflow/.local/lib/python3.8/site-packages/airflow/example_dags/example_sla_dag.py
[2023-12-03T05:38:29.467+0000] {processor.py:829} INFO - Processing file /home/airflow/.local/lib/python3.8/site-packages/airflow/example_dags/example_sla_dag.py for tasks to queue
[2023-12-03T05:38:29.468+0000] {logging_mixin.py:151} INFO - [2023-12-03T05:38:29.468+0000] {dagbag.py:539} INFO - Filling up the DagBag from /home/airflow/.local/lib/python3.8/site-packages/airflow/example_dags/example_sla_dag.py
[2023-12-03T05:38:29.474+0000] {processor.py:839} INFO - DAG(s) dict_keys(['example_sla_dag']) retrieved from /home/airflow/.local/lib/python3.8/site-packages/airflow/example_dags/example_sla_dag.py
[2023-12-03T05:38:29.488+0000] {logging_mixin.py:151} INFO - [2023-12-03T05:38:29.488+0000] {dag.py:2915} INFO - Sync 1 DAGs
[2023-12-03T05:38:29.504+0000] {logging_mixin.py:151} INFO - [2023-12-03T05:38:29.504+0000] {dag.py:3696} INFO - Setting next_dagrun for example_sla_dag to 2023-12-03T05:36:00+00:00, run_after=2023-12-03T05:38:00+00:00
[2023-12-03T05:38:29.515+0000] {processor.py:179} INFO - Processing /home/airflow/.local/lib/python3.8/site-packages/airflow/example_dags/example_sla_dag.py took 0.053 seconds
[2023-12-03T05:38:59.937+0000] {processor.py:157} INFO - Started process (PID=1218) to work on /home/airflow/.local/lib/python3.8/site-packages/airflow/example_dags/example_sla_dag.py
[2023-12-03T05:38:59.939+0000] {processor.py:829} INFO - Processing file /home/airflow/.local/lib/python3.8/site-packages/airflow/example_dags/example_sla_dag.py for tasks to queue
[2023-12-03T05:38:59.940+0000] {logging_mixin.py:151} INFO - [2023-12-03T05:38:59.940+0000] {dagbag.py:539} INFO - Filling up the DagBag from /home/airflow/.local/lib/python3.8/site-packages/airflow/example_dags/example_sla_dag.py
[2023-12-03T05:38:59.946+0000] {processor.py:839} INFO - DAG(s) dict_keys(['example_sla_dag']) retrieved from /home/airflow/.local/lib/python3.8/site-packages/airflow/example_dags/example_sla_dag.py
[2023-12-03T05:38:59.960+0000] {logging_mixin.py:151} INFO - [2023-12-03T05:38:59.960+0000] {dag.py:2915} INFO - Sync 1 DAGs
[2023-12-03T05:38:59.976+0000] {logging_mixin.py:151} INFO - [2023-12-03T05:38:59.975+0000] {dag.py:3696} INFO - Setting next_dagrun for example_sla_dag to 2023-12-03T05:36:00+00:00, run_after=2023-12-03T05:38:00+00:00
[2023-12-03T05:38:59.987+0000] {processor.py:179} INFO - Processing /home/airflow/.local/lib/python3.8/site-packages/airflow/example_dags/example_sla_dag.py took 0.052 seconds
[2023-12-03T05:39:30.263+0000] {processor.py:157} INFO - Started process (PID=1274) to work on /home/airflow/.local/lib/python3.8/site-packages/airflow/example_dags/example_sla_dag.py
[2023-12-03T05:39:30.264+0000] {processor.py:829} INFO - Processing file /home/airflow/.local/lib/python3.8/site-packages/airflow/example_dags/example_sla_dag.py for tasks to queue
[2023-12-03T05:39:30.266+0000] {logging_mixin.py:151} INFO - [2023-12-03T05:39:30.266+0000] {dagbag.py:539} INFO - Filling up the DagBag from /home/airflow/.local/lib/python3.8/site-packages/airflow/example_dags/example_sla_dag.py
[2023-12-03T05:39:30.272+0000] {processor.py:839} INFO - DAG(s) dict_keys(['example_sla_dag']) retrieved from /home/airflow/.local/lib/python3.8/site-packages/airflow/example_dags/example_sla_dag.py
[2023-12-03T05:39:30.285+0000] {logging_mixin.py:151} INFO - [2023-12-03T05:39:30.285+0000] {dag.py:2915} INFO - Sync 1 DAGs
[2023-12-03T05:39:30.300+0000] {logging_mixin.py:151} INFO - [2023-12-03T05:39:30.300+0000] {dag.py:3696} INFO - Setting next_dagrun for example_sla_dag to 2023-12-03T05:36:00+00:00, run_after=2023-12-03T05:38:00+00:00
[2023-12-03T05:39:30.310+0000] {processor.py:179} INFO - Processing /home/airflow/.local/lib/python3.8/site-packages/airflow/example_dags/example_sla_dag.py took 0.050 seconds
[2023-12-03T05:40:00.745+0000] {processor.py:157} INFO - Started process (PID=1330) to work on /home/airflow/.local/lib/python3.8/site-packages/airflow/example_dags/example_sla_dag.py
[2023-12-03T05:40:00.746+0000] {processor.py:829} INFO - Processing file /home/airflow/.local/lib/python3.8/site-packages/airflow/example_dags/example_sla_dag.py for tasks to queue
[2023-12-03T05:40:00.748+0000] {logging_mixin.py:151} INFO - [2023-12-03T05:40:00.748+0000] {dagbag.py:539} INFO - Filling up the DagBag from /home/airflow/.local/lib/python3.8/site-packages/airflow/example_dags/example_sla_dag.py
[2023-12-03T05:40:00.754+0000] {processor.py:839} INFO - DAG(s) dict_keys(['example_sla_dag']) retrieved from /home/airflow/.local/lib/python3.8/site-packages/airflow/example_dags/example_sla_dag.py
[2023-12-03T05:40:00.768+0000] {logging_mixin.py:151} INFO - [2023-12-03T05:40:00.768+0000] {dag.py:2915} INFO - Sync 1 DAGs
[2023-12-03T05:40:00.783+0000] {logging_mixin.py:151} INFO - [2023-12-03T05:40:00.782+0000] {dag.py:3696} INFO - Setting next_dagrun for example_sla_dag to 2023-12-03T05:38:00+00:00, run_after=2023-12-03T05:40:00+00:00
[2023-12-03T05:40:00.794+0000] {processor.py:179} INFO - Processing /home/airflow/.local/lib/python3.8/site-packages/airflow/example_dags/example_sla_dag.py took 0.052 seconds
[2023-12-03T05:40:30.980+0000] {processor.py:157} INFO - Started process (PID=1386) to work on /home/airflow/.local/lib/python3.8/site-packages/airflow/example_dags/example_sla_dag.py
[2023-12-03T05:40:30.982+0000] {processor.py:829} INFO - Processing file /home/airflow/.local/lib/python3.8/site-packages/airflow/example_dags/example_sla_dag.py for tasks to queue
[2023-12-03T05:40:30.984+0000] {logging_mixin.py:151} INFO - [2023-12-03T05:40:30.983+0000] {dagbag.py:539} INFO - Filling up the DagBag from /home/airflow/.local/lib/python3.8/site-packages/airflow/example_dags/example_sla_dag.py
[2023-12-03T05:40:30.990+0000] {processor.py:839} INFO - DAG(s) dict_keys(['example_sla_dag']) retrieved from /home/airflow/.local/lib/python3.8/site-packages/airflow/example_dags/example_sla_dag.py
[2023-12-03T05:40:31.003+0000] {logging_mixin.py:151} INFO - [2023-12-03T05:40:31.003+0000] {dag.py:2915} INFO - Sync 1 DAGs
[2023-12-03T05:40:31.020+0000] {logging_mixin.py:151} INFO - [2023-12-03T05:40:31.019+0000] {dag.py:3696} INFO - Setting next_dagrun for example_sla_dag to 2023-12-03T05:38:00+00:00, run_after=2023-12-03T05:40:00+00:00
[2023-12-03T05:40:31.034+0000] {processor.py:179} INFO - Processing /home/airflow/.local/lib/python3.8/site-packages/airflow/example_dags/example_sla_dag.py took 0.057 seconds
[2023-12-03T05:41:01.540+0000] {processor.py:157} INFO - Started process (PID=1442) to work on /home/airflow/.local/lib/python3.8/site-packages/airflow/example_dags/example_sla_dag.py
[2023-12-03T05:41:01.542+0000] {processor.py:829} INFO - Processing file /home/airflow/.local/lib/python3.8/site-packages/airflow/example_dags/example_sla_dag.py for tasks to queue
[2023-12-03T05:41:01.544+0000] {logging_mixin.py:151} INFO - [2023-12-03T05:41:01.544+0000] {dagbag.py:539} INFO - Filling up the DagBag from /home/airflow/.local/lib/python3.8/site-packages/airflow/example_dags/example_sla_dag.py
[2023-12-03T05:41:01.549+0000] {processor.py:839} INFO - DAG(s) dict_keys(['example_sla_dag']) retrieved from /home/airflow/.local/lib/python3.8/site-packages/airflow/example_dags/example_sla_dag.py
[2023-12-03T05:41:01.562+0000] {logging_mixin.py:151} INFO - [2023-12-03T05:41:01.562+0000] {dag.py:2915} INFO - Sync 1 DAGs
[2023-12-03T05:41:01.578+0000] {logging_mixin.py:151} INFO - [2023-12-03T05:41:01.578+0000] {dag.py:3696} INFO - Setting next_dagrun for example_sla_dag to 2023-12-03T05:38:00+00:00, run_after=2023-12-03T05:40:00+00:00
[2023-12-03T05:41:01.587+0000] {processor.py:179} INFO - Processing /home/airflow/.local/lib/python3.8/site-packages/airflow/example_dags/example_sla_dag.py took 0.050 seconds
[2023-12-03T05:41:32.076+0000] {processor.py:157} INFO - Started process (PID=1498) to work on /home/airflow/.local/lib/python3.8/site-packages/airflow/example_dags/example_sla_dag.py
[2023-12-03T05:41:32.078+0000] {processor.py:829} INFO - Processing file /home/airflow/.local/lib/python3.8/site-packages/airflow/example_dags/example_sla_dag.py for tasks to queue
[2023-12-03T05:41:32.079+0000] {logging_mixin.py:151} INFO - [2023-12-03T05:41:32.079+0000] {dagbag.py:539} INFO - Filling up the DagBag from /home/airflow/.local/lib/python3.8/site-packages/airflow/example_dags/example_sla_dag.py
[2023-12-03T05:41:32.085+0000] {processor.py:839} INFO - DAG(s) dict_keys(['example_sla_dag']) retrieved from /home/airflow/.local/lib/python3.8/site-packages/airflow/example_dags/example_sla_dag.py
[2023-12-03T05:41:32.097+0000] {logging_mixin.py:151} INFO - [2023-12-03T05:41:32.097+0000] {dag.py:2915} INFO - Sync 1 DAGs
[2023-12-03T05:41:32.112+0000] {logging_mixin.py:151} INFO - [2023-12-03T05:41:32.111+0000] {dag.py:3696} INFO - Setting next_dagrun for example_sla_dag to 2023-12-03T05:38:00+00:00, run_after=2023-12-03T05:40:00+00:00
[2023-12-03T05:41:32.122+0000] {processor.py:179} INFO - Processing /home/airflow/.local/lib/python3.8/site-packages/airflow/example_dags/example_sla_dag.py took 0.048 seconds
[2023-12-03T05:42:02.603+0000] {processor.py:157} INFO - Started process (PID=1554) to work on /home/airflow/.local/lib/python3.8/site-packages/airflow/example_dags/example_sla_dag.py
[2023-12-03T05:42:02.605+0000] {processor.py:829} INFO - Processing file /home/airflow/.local/lib/python3.8/site-packages/airflow/example_dags/example_sla_dag.py for tasks to queue
[2023-12-03T05:42:02.607+0000] {logging_mixin.py:151} INFO - [2023-12-03T05:42:02.606+0000] {dagbag.py:539} INFO - Filling up the DagBag from /home/airflow/.local/lib/python3.8/site-packages/airflow/example_dags/example_sla_dag.py
[2023-12-03T05:42:02.614+0000] {processor.py:839} INFO - DAG(s) dict_keys(['example_sla_dag']) retrieved from /home/airflow/.local/lib/python3.8/site-packages/airflow/example_dags/example_sla_dag.py
[2023-12-03T05:42:02.630+0000] {logging_mixin.py:151} INFO - [2023-12-03T05:42:02.630+0000] {dag.py:2915} INFO - Sync 1 DAGs
[2023-12-03T05:42:02.646+0000] {logging_mixin.py:151} INFO - [2023-12-03T05:42:02.646+0000] {dag.py:3696} INFO - Setting next_dagrun for example_sla_dag to 2023-12-03T05:40:00+00:00, run_after=2023-12-03T05:42:00+00:00
[2023-12-03T05:42:02.657+0000] {processor.py:179} INFO - Processing /home/airflow/.local/lib/python3.8/site-packages/airflow/example_dags/example_sla_dag.py took 0.058 seconds
[2023-12-03T05:42:32.850+0000] {processor.py:157} INFO - Started process (PID=1610) to work on /home/airflow/.local/lib/python3.8/site-packages/airflow/example_dags/example_sla_dag.py
[2023-12-03T05:42:32.852+0000] {processor.py:829} INFO - Processing file /home/airflow/.local/lib/python3.8/site-packages/airflow/example_dags/example_sla_dag.py for tasks to queue
[2023-12-03T05:42:32.853+0000] {logging_mixin.py:151} INFO - [2023-12-03T05:42:32.853+0000] {dagbag.py:539} INFO - Filling up the DagBag from /home/airflow/.local/lib/python3.8/site-packages/airflow/example_dags/example_sla_dag.py
[2023-12-03T05:42:32.859+0000] {processor.py:839} INFO - DAG(s) dict_keys(['example_sla_dag']) retrieved from /home/airflow/.local/lib/python3.8/site-packages/airflow/example_dags/example_sla_dag.py
[2023-12-03T05:42:32.875+0000] {logging_mixin.py:151} INFO - [2023-12-03T05:42:32.874+0000] {dag.py:2915} INFO - Sync 1 DAGs
[2023-12-03T05:42:32.890+0000] {logging_mixin.py:151} INFO - [2023-12-03T05:42:32.890+0000] {dag.py:3696} INFO - Setting next_dagrun for example_sla_dag to 2023-12-03T05:40:00+00:00, run_after=2023-12-03T05:42:00+00:00
[2023-12-03T05:42:32.902+0000] {processor.py:179} INFO - Processing /home/airflow/.local/lib/python3.8/site-packages/airflow/example_dags/example_sla_dag.py took 0.054 seconds
[2023-12-03T05:43:03.136+0000] {processor.py:157} INFO - Started process (PID=1666) to work on /home/airflow/.local/lib/python3.8/site-packages/airflow/example_dags/example_sla_dag.py
[2023-12-03T05:43:03.138+0000] {processor.py:829} INFO - Processing file /home/airflow/.local/lib/python3.8/site-packages/airflow/example_dags/example_sla_dag.py for tasks to queue
[2023-12-03T05:43:03.140+0000] {logging_mixin.py:151} INFO - [2023-12-03T05:43:03.140+0000] {dagbag.py:539} INFO - Filling up the DagBag from /home/airflow/.local/lib/python3.8/site-packages/airflow/example_dags/example_sla_dag.py
[2023-12-03T05:43:03.146+0000] {processor.py:839} INFO - DAG(s) dict_keys(['example_sla_dag']) retrieved from /home/airflow/.local/lib/python3.8/site-packages/airflow/example_dags/example_sla_dag.py
[2023-12-03T05:43:03.160+0000] {logging_mixin.py:151} INFO - [2023-12-03T05:43:03.160+0000] {dag.py:2915} INFO - Sync 1 DAGs
[2023-12-03T05:43:03.176+0000] {logging_mixin.py:151} INFO - [2023-12-03T05:43:03.176+0000] {dag.py:3696} INFO - Setting next_dagrun for example_sla_dag to 2023-12-03T05:40:00+00:00, run_after=2023-12-03T05:42:00+00:00
[2023-12-03T05:43:03.188+0000] {processor.py:179} INFO - Processing /home/airflow/.local/lib/python3.8/site-packages/airflow/example_dags/example_sla_dag.py took 0.055 seconds
[2023-12-03T05:43:33.486+0000] {processor.py:157} INFO - Started process (PID=1722) to work on /home/airflow/.local/lib/python3.8/site-packages/airflow/example_dags/example_sla_dag.py
[2023-12-03T05:43:33.487+0000] {processor.py:829} INFO - Processing file /home/airflow/.local/lib/python3.8/site-packages/airflow/example_dags/example_sla_dag.py for tasks to queue
[2023-12-03T05:43:33.489+0000] {logging_mixin.py:151} INFO - [2023-12-03T05:43:33.489+0000] {dagbag.py:539} INFO - Filling up the DagBag from /home/airflow/.local/lib/python3.8/site-packages/airflow/example_dags/example_sla_dag.py
[2023-12-03T05:43:33.495+0000] {processor.py:839} INFO - DAG(s) dict_keys(['example_sla_dag']) retrieved from /home/airflow/.local/lib/python3.8/site-packages/airflow/example_dags/example_sla_dag.py
[2023-12-03T05:43:33.509+0000] {logging_mixin.py:151} INFO - [2023-12-03T05:43:33.509+0000] {dag.py:2915} INFO - Sync 1 DAGs
[2023-12-03T05:43:33.525+0000] {logging_mixin.py:151} INFO - [2023-12-03T05:43:33.525+0000] {dag.py:3696} INFO - Setting next_dagrun for example_sla_dag to 2023-12-03T05:40:00+00:00, run_after=2023-12-03T05:42:00+00:00
[2023-12-03T05:43:33.536+0000] {processor.py:179} INFO - Processing /home/airflow/.local/lib/python3.8/site-packages/airflow/example_dags/example_sla_dag.py took 0.052 seconds
[2023-12-03T05:44:03.778+0000] {processor.py:157} INFO - Started process (PID=1778) to work on /home/airflow/.local/lib/python3.8/site-packages/airflow/example_dags/example_sla_dag.py
[2023-12-03T05:44:03.780+0000] {processor.py:829} INFO - Processing file /home/airflow/.local/lib/python3.8/site-packages/airflow/example_dags/example_sla_dag.py for tasks to queue
[2023-12-03T05:44:03.782+0000] {logging_mixin.py:151} INFO - [2023-12-03T05:44:03.782+0000] {dagbag.py:539} INFO - Filling up the DagBag from /home/airflow/.local/lib/python3.8/site-packages/airflow/example_dags/example_sla_dag.py
[2023-12-03T05:44:03.788+0000] {processor.py:839} INFO - DAG(s) dict_keys(['example_sla_dag']) retrieved from /home/airflow/.local/lib/python3.8/site-packages/airflow/example_dags/example_sla_dag.py
[2023-12-03T05:44:03.803+0000] {logging_mixin.py:151} INFO - [2023-12-03T05:44:03.803+0000] {dag.py:2915} INFO - Sync 1 DAGs
[2023-12-03T05:44:03.818+0000] {logging_mixin.py:151} INFO - [2023-12-03T05:44:03.818+0000] {dag.py:3696} INFO - Setting next_dagrun for example_sla_dag to 2023-12-03T05:42:00+00:00, run_after=2023-12-03T05:44:00+00:00
[2023-12-03T05:44:03.830+0000] {processor.py:179} INFO - Processing /home/airflow/.local/lib/python3.8/site-packages/airflow/example_dags/example_sla_dag.py took 0.054 seconds
[2023-12-03T05:44:34.144+0000] {processor.py:157} INFO - Started process (PID=1834) to work on /home/airflow/.local/lib/python3.8/site-packages/airflow/example_dags/example_sla_dag.py
[2023-12-03T05:44:34.147+0000] {processor.py:829} INFO - Processing file /home/airflow/.local/lib/python3.8/site-packages/airflow/example_dags/example_sla_dag.py for tasks to queue
[2023-12-03T05:44:34.148+0000] {logging_mixin.py:151} INFO - [2023-12-03T05:44:34.148+0000] {dagbag.py:539} INFO - Filling up the DagBag from /home/airflow/.local/lib/python3.8/site-packages/airflow/example_dags/example_sla_dag.py
[2023-12-03T05:44:34.155+0000] {processor.py:839} INFO - DAG(s) dict_keys(['example_sla_dag']) retrieved from /home/airflow/.local/lib/python3.8/site-packages/airflow/example_dags/example_sla_dag.py
[2023-12-03T05:44:34.168+0000] {logging_mixin.py:151} INFO - [2023-12-03T05:44:34.168+0000] {dag.py:2915} INFO - Sync 1 DAGs
[2023-12-03T05:44:34.184+0000] {logging_mixin.py:151} INFO - [2023-12-03T05:44:34.183+0000] {dag.py:3696} INFO - Setting next_dagrun for example_sla_dag to 2023-12-03T05:42:00+00:00, run_after=2023-12-03T05:44:00+00:00
[2023-12-03T05:44:34.194+0000] {processor.py:179} INFO - Processing /home/airflow/.local/lib/python3.8/site-packages/airflow/example_dags/example_sla_dag.py took 0.052 seconds
[2023-12-03T05:45:04.413+0000] {processor.py:157} INFO - Started process (PID=1890) to work on /home/airflow/.local/lib/python3.8/site-packages/airflow/example_dags/example_sla_dag.py
[2023-12-03T05:45:04.414+0000] {processor.py:829} INFO - Processing file /home/airflow/.local/lib/python3.8/site-packages/airflow/example_dags/example_sla_dag.py for tasks to queue
[2023-12-03T05:45:04.416+0000] {logging_mixin.py:151} INFO - [2023-12-03T05:45:04.416+0000] {dagbag.py:539} INFO - Filling up the DagBag from /home/airflow/.local/lib/python3.8/site-packages/airflow/example_dags/example_sla_dag.py
[2023-12-03T05:45:04.422+0000] {processor.py:839} INFO - DAG(s) dict_keys(['example_sla_dag']) retrieved from /home/airflow/.local/lib/python3.8/site-packages/airflow/example_dags/example_sla_dag.py
[2023-12-03T05:45:04.434+0000] {logging_mixin.py:151} INFO - [2023-12-03T05:45:04.434+0000] {dag.py:2915} INFO - Sync 1 DAGs
[2023-12-03T05:45:04.449+0000] {logging_mixin.py:151} INFO - [2023-12-03T05:45:04.449+0000] {dag.py:3696} INFO - Setting next_dagrun for example_sla_dag to 2023-12-03T05:42:00+00:00, run_after=2023-12-03T05:44:00+00:00
[2023-12-03T05:45:04.460+0000] {processor.py:179} INFO - Processing /home/airflow/.local/lib/python3.8/site-packages/airflow/example_dags/example_sla_dag.py took 0.049 seconds
[2023-12-03T05:45:34.703+0000] {processor.py:157} INFO - Started process (PID=1946) to work on /home/airflow/.local/lib/python3.8/site-packages/airflow/example_dags/example_sla_dag.py
[2023-12-03T05:45:34.706+0000] {processor.py:829} INFO - Processing file /home/airflow/.local/lib/python3.8/site-packages/airflow/example_dags/example_sla_dag.py for tasks to queue
[2023-12-03T05:45:34.708+0000] {logging_mixin.py:151} INFO - [2023-12-03T05:45:34.708+0000] {dagbag.py:539} INFO - Filling up the DagBag from /home/airflow/.local/lib/python3.8/site-packages/airflow/example_dags/example_sla_dag.py
[2023-12-03T05:45:34.714+0000] {processor.py:839} INFO - DAG(s) dict_keys(['example_sla_dag']) retrieved from /home/airflow/.local/lib/python3.8/site-packages/airflow/example_dags/example_sla_dag.py
[2023-12-03T05:45:34.727+0000] {logging_mixin.py:151} INFO - [2023-12-03T05:45:34.727+0000] {dag.py:2915} INFO - Sync 1 DAGs
[2023-12-03T05:45:34.743+0000] {logging_mixin.py:151} INFO - [2023-12-03T05:45:34.743+0000] {dag.py:3696} INFO - Setting next_dagrun for example_sla_dag to 2023-12-03T05:42:00+00:00, run_after=2023-12-03T05:44:00+00:00
[2023-12-03T05:45:34.753+0000] {processor.py:179} INFO - Processing /home/airflow/.local/lib/python3.8/site-packages/airflow/example_dags/example_sla_dag.py took 0.053 seconds
[2023-12-03T05:46:05.236+0000] {processor.py:157} INFO - Started process (PID=2002) to work on /home/airflow/.local/lib/python3.8/site-packages/airflow/example_dags/example_sla_dag.py
[2023-12-03T05:46:05.237+0000] {processor.py:829} INFO - Processing file /home/airflow/.local/lib/python3.8/site-packages/airflow/example_dags/example_sla_dag.py for tasks to queue
[2023-12-03T05:46:05.239+0000] {logging_mixin.py:151} INFO - [2023-12-03T05:46:05.239+0000] {dagbag.py:539} INFO - Filling up the DagBag from /home/airflow/.local/lib/python3.8/site-packages/airflow/example_dags/example_sla_dag.py
[2023-12-03T05:46:05.246+0000] {processor.py:839} INFO - DAG(s) dict_keys(['example_sla_dag']) retrieved from /home/airflow/.local/lib/python3.8/site-packages/airflow/example_dags/example_sla_dag.py
[2023-12-03T05:46:05.259+0000] {logging_mixin.py:151} INFO - [2023-12-03T05:46:05.259+0000] {dag.py:2915} INFO - Sync 1 DAGs
[2023-12-03T05:46:05.274+0000] {logging_mixin.py:151} INFO - [2023-12-03T05:46:05.273+0000] {dag.py:3696} INFO - Setting next_dagrun for example_sla_dag to 2023-12-03T05:44:00+00:00, run_after=2023-12-03T05:46:00+00:00
[2023-12-03T05:46:05.284+0000] {processor.py:179} INFO - Processing /home/airflow/.local/lib/python3.8/site-packages/airflow/example_dags/example_sla_dag.py took 0.051 seconds
[2023-12-03T05:46:35.481+0000] {processor.py:157} INFO - Started process (PID=2058) to work on /home/airflow/.local/lib/python3.8/site-packages/airflow/example_dags/example_sla_dag.py
[2023-12-03T05:46:35.483+0000] {processor.py:829} INFO - Processing file /home/airflow/.local/lib/python3.8/site-packages/airflow/example_dags/example_sla_dag.py for tasks to queue
[2023-12-03T05:46:35.485+0000] {logging_mixin.py:151} INFO - [2023-12-03T05:46:35.485+0000] {dagbag.py:539} INFO - Filling up the DagBag from /home/airflow/.local/lib/python3.8/site-packages/airflow/example_dags/example_sla_dag.py
[2023-12-03T05:46:35.491+0000] {processor.py:839} INFO - DAG(s) dict_keys(['example_sla_dag']) retrieved from /home/airflow/.local/lib/python3.8/site-packages/airflow/example_dags/example_sla_dag.py
[2023-12-03T05:46:35.506+0000] {logging_mixin.py:151} INFO - [2023-12-03T05:46:35.506+0000] {dag.py:2915} INFO - Sync 1 DAGs
[2023-12-03T05:46:35.522+0000] {logging_mixin.py:151} INFO - [2023-12-03T05:46:35.522+0000] {dag.py:3696} INFO - Setting next_dagrun for example_sla_dag to 2023-12-03T05:44:00+00:00, run_after=2023-12-03T05:46:00+00:00
[2023-12-03T05:46:35.534+0000] {processor.py:179} INFO - Processing /home/airflow/.local/lib/python3.8/site-packages/airflow/example_dags/example_sla_dag.py took 0.055 seconds
[2023-12-03T05:47:05.813+0000] {processor.py:157} INFO - Started process (PID=2114) to work on /home/airflow/.local/lib/python3.8/site-packages/airflow/example_dags/example_sla_dag.py
[2023-12-03T05:47:05.815+0000] {processor.py:829} INFO - Processing file /home/airflow/.local/lib/python3.8/site-packages/airflow/example_dags/example_sla_dag.py for tasks to queue
[2023-12-03T05:47:05.818+0000] {logging_mixin.py:151} INFO - [2023-12-03T05:47:05.818+0000] {dagbag.py:539} INFO - Filling up the DagBag from /home/airflow/.local/lib/python3.8/site-packages/airflow/example_dags/example_sla_dag.py
[2023-12-03T05:47:05.824+0000] {processor.py:839} INFO - DAG(s) dict_keys(['example_sla_dag']) retrieved from /home/airflow/.local/lib/python3.8/site-packages/airflow/example_dags/example_sla_dag.py
[2023-12-03T05:47:05.838+0000] {logging_mixin.py:151} INFO - [2023-12-03T05:47:05.838+0000] {dag.py:2915} INFO - Sync 1 DAGs
[2023-12-03T05:47:05.853+0000] {logging_mixin.py:151} INFO - [2023-12-03T05:47:05.853+0000] {dag.py:3696} INFO - Setting next_dagrun for example_sla_dag to 2023-12-03T05:44:00+00:00, run_after=2023-12-03T05:46:00+00:00
[2023-12-03T05:47:05.864+0000] {processor.py:179} INFO - Processing /home/airflow/.local/lib/python3.8/site-packages/airflow/example_dags/example_sla_dag.py took 0.054 seconds
[2023-12-03T05:47:36.120+0000] {processor.py:157} INFO - Started process (PID=2170) to work on /home/airflow/.local/lib/python3.8/site-packages/airflow/example_dags/example_sla_dag.py
[2023-12-03T05:47:36.122+0000] {processor.py:829} INFO - Processing file /home/airflow/.local/lib/python3.8/site-packages/airflow/example_dags/example_sla_dag.py for tasks to queue
[2023-12-03T05:47:36.124+0000] {logging_mixin.py:151} INFO - [2023-12-03T05:47:36.124+0000] {dagbag.py:539} INFO - Filling up the DagBag from /home/airflow/.local/lib/python3.8/site-packages/airflow/example_dags/example_sla_dag.py
[2023-12-03T05:47:36.132+0000] {processor.py:839} INFO - DAG(s) dict_keys(['example_sla_dag']) retrieved from /home/airflow/.local/lib/python3.8/site-packages/airflow/example_dags/example_sla_dag.py
[2023-12-03T05:47:36.148+0000] {logging_mixin.py:151} INFO - [2023-12-03T05:47:36.148+0000] {dag.py:2915} INFO - Sync 1 DAGs
[2023-12-03T05:47:36.167+0000] {logging_mixin.py:151} INFO - [2023-12-03T05:47:36.166+0000] {dag.py:3696} INFO - Setting next_dagrun for example_sla_dag to 2023-12-03T05:44:00+00:00, run_after=2023-12-03T05:46:00+00:00
[2023-12-03T05:47:36.179+0000] {processor.py:179} INFO - Processing /home/airflow/.local/lib/python3.8/site-packages/airflow/example_dags/example_sla_dag.py took 0.062 seconds
