[2023-12-03T04:52:29.891+0000] {processor.py:157} INFO - Started process (PID=52) to work on /home/airflow/.local/lib/python3.8/site-packages/airflow/example_dags/tutorial.py
[2023-12-03T04:52:29.892+0000] {processor.py:829} INFO - Processing file /home/airflow/.local/lib/python3.8/site-packages/airflow/example_dags/tutorial.py for tasks to queue
[2023-12-03T04:52:29.895+0000] {logging_mixin.py:151} INFO - [2023-12-03T04:52:29.895+0000] {dagbag.py:539} INFO - Filling up the DagBag from /home/airflow/.local/lib/python3.8/site-packages/airflow/example_dags/tutorial.py
[2023-12-03T04:52:29.917+0000] {processor.py:839} INFO - DAG(s) dict_keys(['tutorial']) retrieved from /home/airflow/.local/lib/python3.8/site-packages/airflow/example_dags/tutorial.py
[2023-12-03T04:52:30.015+0000] {logging_mixin.py:151} INFO - [2023-12-03T04:52:30.014+0000] {manager.py:499} INFO - Created Permission View: %s
[2023-12-03T04:52:30.024+0000] {logging_mixin.py:151} INFO - [2023-12-03T04:52:30.023+0000] {manager.py:499} INFO - Created Permission View: %s
[2023-12-03T04:52:30.029+0000] {logging_mixin.py:151} INFO - [2023-12-03T04:52:30.029+0000] {manager.py:499} INFO - Created Permission View: %s
[2023-12-03T04:52:30.030+0000] {logging_mixin.py:151} INFO - [2023-12-03T04:52:30.030+0000] {security.py:708} INFO - Not syncing DAG-level permissions for DAG 'DAG:tutorial' as access control is unset.
[2023-12-03T04:52:30.030+0000] {logging_mixin.py:151} INFO - [2023-12-03T04:52:30.030+0000] {dag.py:2915} INFO - Sync 1 DAGs
[2023-12-03T04:52:30.040+0000] {logging_mixin.py:151} INFO - [2023-12-03T04:52:30.040+0000] {dag.py:2937} INFO - Creating ORM DAG for tutorial
[2023-12-03T04:52:30.047+0000] {logging_mixin.py:151} INFO - [2023-12-03T04:52:30.047+0000] {dag.py:3696} INFO - Setting next_dagrun for tutorial to 2023-12-02T04:52:30.047514+00:00, run_after=2023-12-03T04:52:30.047514+00:00
[2023-12-03T04:52:30.060+0000] {processor.py:179} INFO - Processing /home/airflow/.local/lib/python3.8/site-packages/airflow/example_dags/tutorial.py took 0.174 seconds
[2023-12-03T04:53:02.017+0000] {processor.py:157} INFO - Started process (PID=108) to work on /home/airflow/.local/lib/python3.8/site-packages/airflow/example_dags/tutorial.py
[2023-12-03T04:53:02.020+0000] {processor.py:829} INFO - Processing file /home/airflow/.local/lib/python3.8/site-packages/airflow/example_dags/tutorial.py for tasks to queue
[2023-12-03T04:53:02.025+0000] {logging_mixin.py:151} INFO - [2023-12-03T04:53:02.024+0000] {dagbag.py:539} INFO - Filling up the DagBag from /home/airflow/.local/lib/python3.8/site-packages/airflow/example_dags/tutorial.py
[2023-12-03T04:53:02.042+0000] {processor.py:839} INFO - DAG(s) dict_keys(['tutorial']) retrieved from /home/airflow/.local/lib/python3.8/site-packages/airflow/example_dags/tutorial.py
[2023-12-03T04:53:02.081+0000] {logging_mixin.py:151} INFO - [2023-12-03T04:53:02.081+0000] {dag.py:2915} INFO - Sync 1 DAGs
[2023-12-03T04:53:02.103+0000] {logging_mixin.py:151} INFO - [2023-12-03T04:53:02.103+0000] {dag.py:3696} INFO - Setting next_dagrun for tutorial to 2023-12-02T04:53:02.102760+00:00, run_after=2023-12-03T04:53:02.102760+00:00
[2023-12-03T04:53:02.132+0000] {processor.py:179} INFO - Processing /home/airflow/.local/lib/python3.8/site-packages/airflow/example_dags/tutorial.py took 0.120 seconds
[2023-12-03T04:53:33.212+0000] {processor.py:157} INFO - Started process (PID=164) to work on /home/airflow/.local/lib/python3.8/site-packages/airflow/example_dags/tutorial.py
[2023-12-03T04:53:33.214+0000] {processor.py:829} INFO - Processing file /home/airflow/.local/lib/python3.8/site-packages/airflow/example_dags/tutorial.py for tasks to queue
[2023-12-03T04:53:33.217+0000] {logging_mixin.py:151} INFO - [2023-12-03T04:53:33.217+0000] {dagbag.py:539} INFO - Filling up the DagBag from /home/airflow/.local/lib/python3.8/site-packages/airflow/example_dags/tutorial.py
[2023-12-03T04:53:33.249+0000] {processor.py:839} INFO - DAG(s) dict_keys(['tutorial']) retrieved from /home/airflow/.local/lib/python3.8/site-packages/airflow/example_dags/tutorial.py
[2023-12-03T04:53:33.318+0000] {logging_mixin.py:151} INFO - [2023-12-03T04:53:33.318+0000] {dag.py:2915} INFO - Sync 1 DAGs
[2023-12-03T04:53:33.467+0000] {logging_mixin.py:151} INFO - [2023-12-03T04:53:33.466+0000] {dag.py:3696} INFO - Setting next_dagrun for tutorial to 2023-12-02T04:53:33.464400+00:00, run_after=2023-12-03T04:53:33.464400+00:00
[2023-12-03T04:53:33.601+0000] {processor.py:179} INFO - Processing /home/airflow/.local/lib/python3.8/site-packages/airflow/example_dags/tutorial.py took 0.393 seconds
[2023-12-03T04:54:04.126+0000] {processor.py:157} INFO - Started process (PID=219) to work on /home/airflow/.local/lib/python3.8/site-packages/airflow/example_dags/tutorial.py
[2023-12-03T04:54:04.127+0000] {processor.py:829} INFO - Processing file /home/airflow/.local/lib/python3.8/site-packages/airflow/example_dags/tutorial.py for tasks to queue
[2023-12-03T04:54:04.129+0000] {logging_mixin.py:151} INFO - [2023-12-03T04:54:04.128+0000] {dagbag.py:539} INFO - Filling up the DagBag from /home/airflow/.local/lib/python3.8/site-packages/airflow/example_dags/tutorial.py
[2023-12-03T04:54:04.133+0000] {processor.py:839} INFO - DAG(s) dict_keys(['tutorial']) retrieved from /home/airflow/.local/lib/python3.8/site-packages/airflow/example_dags/tutorial.py
[2023-12-03T04:54:04.157+0000] {logging_mixin.py:151} INFO - [2023-12-03T04:54:04.156+0000] {dag.py:2915} INFO - Sync 1 DAGs
[2023-12-03T04:54:04.171+0000] {logging_mixin.py:151} INFO - [2023-12-03T04:54:04.171+0000] {dag.py:3696} INFO - Setting next_dagrun for tutorial to 2023-12-02T04:54:04.171419+00:00, run_after=2023-12-03T04:54:04.171419+00:00
[2023-12-03T04:54:04.208+0000] {processor.py:179} INFO - Processing /home/airflow/.local/lib/python3.8/site-packages/airflow/example_dags/tutorial.py took 0.085 seconds
[2023-12-03T04:54:34.674+0000] {processor.py:157} INFO - Started process (PID=275) to work on /home/airflow/.local/lib/python3.8/site-packages/airflow/example_dags/tutorial.py
[2023-12-03T04:54:34.676+0000] {processor.py:829} INFO - Processing file /home/airflow/.local/lib/python3.8/site-packages/airflow/example_dags/tutorial.py for tasks to queue
[2023-12-03T04:54:34.680+0000] {logging_mixin.py:151} INFO - [2023-12-03T04:54:34.680+0000] {dagbag.py:539} INFO - Filling up the DagBag from /home/airflow/.local/lib/python3.8/site-packages/airflow/example_dags/tutorial.py
[2023-12-03T04:54:34.692+0000] {processor.py:839} INFO - DAG(s) dict_keys(['tutorial']) retrieved from /home/airflow/.local/lib/python3.8/site-packages/airflow/example_dags/tutorial.py
[2023-12-03T04:54:34.743+0000] {logging_mixin.py:151} INFO - [2023-12-03T04:54:34.743+0000] {dag.py:2915} INFO - Sync 1 DAGs
[2023-12-03T04:54:34.765+0000] {logging_mixin.py:151} INFO - [2023-12-03T04:54:34.765+0000] {dag.py:3696} INFO - Setting next_dagrun for tutorial to 2023-12-02T04:54:34.765436+00:00, run_after=2023-12-03T04:54:34.765436+00:00
[2023-12-03T04:54:34.859+0000] {processor.py:179} INFO - Processing /home/airflow/.local/lib/python3.8/site-packages/airflow/example_dags/tutorial.py took 0.190 seconds
[2023-12-03T04:55:05.702+0000] {processor.py:157} INFO - Started process (PID=331) to work on /home/airflow/.local/lib/python3.8/site-packages/airflow/example_dags/tutorial.py
[2023-12-03T04:55:05.707+0000] {processor.py:829} INFO - Processing file /home/airflow/.local/lib/python3.8/site-packages/airflow/example_dags/tutorial.py for tasks to queue
[2023-12-03T04:55:05.742+0000] {logging_mixin.py:151} INFO - [2023-12-03T04:55:05.740+0000] {dagbag.py:539} INFO - Filling up the DagBag from /home/airflow/.local/lib/python3.8/site-packages/airflow/example_dags/tutorial.py
[2023-12-03T04:55:05.779+0000] {processor.py:839} INFO - DAG(s) dict_keys(['tutorial']) retrieved from /home/airflow/.local/lib/python3.8/site-packages/airflow/example_dags/tutorial.py
[2023-12-03T04:55:05.938+0000] {logging_mixin.py:151} INFO - [2023-12-03T04:55:05.937+0000] {dag.py:2915} INFO - Sync 1 DAGs
[2023-12-03T04:55:06.040+0000] {logging_mixin.py:151} INFO - [2023-12-03T04:55:06.040+0000] {dag.py:3696} INFO - Setting next_dagrun for tutorial to 2023-12-02T04:55:06.039535+00:00, run_after=2023-12-03T04:55:06.039535+00:00
[2023-12-03T04:55:06.078+0000] {processor.py:179} INFO - Processing /home/airflow/.local/lib/python3.8/site-packages/airflow/example_dags/tutorial.py took 0.386 seconds
[2023-12-03T04:55:36.334+0000] {processor.py:157} INFO - Started process (PID=387) to work on /home/airflow/.local/lib/python3.8/site-packages/airflow/example_dags/tutorial.py
[2023-12-03T04:55:36.336+0000] {processor.py:829} INFO - Processing file /home/airflow/.local/lib/python3.8/site-packages/airflow/example_dags/tutorial.py for tasks to queue
[2023-12-03T04:55:36.338+0000] {logging_mixin.py:151} INFO - [2023-12-03T04:55:36.338+0000] {dagbag.py:539} INFO - Filling up the DagBag from /home/airflow/.local/lib/python3.8/site-packages/airflow/example_dags/tutorial.py
[2023-12-03T04:55:36.345+0000] {processor.py:839} INFO - DAG(s) dict_keys(['tutorial']) retrieved from /home/airflow/.local/lib/python3.8/site-packages/airflow/example_dags/tutorial.py
[2023-12-03T04:55:36.364+0000] {logging_mixin.py:151} INFO - [2023-12-03T04:55:36.364+0000] {dag.py:2915} INFO - Sync 1 DAGs
[2023-12-03T04:55:36.382+0000] {logging_mixin.py:151} INFO - [2023-12-03T04:55:36.382+0000] {dag.py:3696} INFO - Setting next_dagrun for tutorial to 2023-12-02T04:55:36.382008+00:00, run_after=2023-12-03T04:55:36.382008+00:00
[2023-12-03T04:55:36.398+0000] {processor.py:179} INFO - Processing /home/airflow/.local/lib/python3.8/site-packages/airflow/example_dags/tutorial.py took 0.068 seconds
[2023-12-03T04:56:06.692+0000] {processor.py:157} INFO - Started process (PID=443) to work on /home/airflow/.local/lib/python3.8/site-packages/airflow/example_dags/tutorial.py
[2023-12-03T04:56:06.693+0000] {processor.py:829} INFO - Processing file /home/airflow/.local/lib/python3.8/site-packages/airflow/example_dags/tutorial.py for tasks to queue
[2023-12-03T04:56:06.695+0000] {logging_mixin.py:151} INFO - [2023-12-03T04:56:06.695+0000] {dagbag.py:539} INFO - Filling up the DagBag from /home/airflow/.local/lib/python3.8/site-packages/airflow/example_dags/tutorial.py
[2023-12-03T04:56:06.700+0000] {processor.py:839} INFO - DAG(s) dict_keys(['tutorial']) retrieved from /home/airflow/.local/lib/python3.8/site-packages/airflow/example_dags/tutorial.py
[2023-12-03T04:56:06.718+0000] {logging_mixin.py:151} INFO - [2023-12-03T04:56:06.718+0000] {dag.py:2915} INFO - Sync 1 DAGs
[2023-12-03T04:56:06.735+0000] {logging_mixin.py:151} INFO - [2023-12-03T04:56:06.735+0000] {dag.py:3696} INFO - Setting next_dagrun for tutorial to 2023-12-02T04:56:06.735334+00:00, run_after=2023-12-03T04:56:06.735334+00:00
[2023-12-03T04:56:06.751+0000] {processor.py:179} INFO - Processing /home/airflow/.local/lib/python3.8/site-packages/airflow/example_dags/tutorial.py took 0.062 seconds
[2023-12-03T04:56:37.467+0000] {processor.py:157} INFO - Started process (PID=499) to work on /home/airflow/.local/lib/python3.8/site-packages/airflow/example_dags/tutorial.py
[2023-12-03T04:56:37.471+0000] {processor.py:829} INFO - Processing file /home/airflow/.local/lib/python3.8/site-packages/airflow/example_dags/tutorial.py for tasks to queue
[2023-12-03T04:56:37.484+0000] {logging_mixin.py:151} INFO - [2023-12-03T04:56:37.484+0000] {dagbag.py:539} INFO - Filling up the DagBag from /home/airflow/.local/lib/python3.8/site-packages/airflow/example_dags/tutorial.py
[2023-12-03T04:56:37.500+0000] {processor.py:839} INFO - DAG(s) dict_keys(['tutorial']) retrieved from /home/airflow/.local/lib/python3.8/site-packages/airflow/example_dags/tutorial.py
[2023-12-03T04:56:37.546+0000] {logging_mixin.py:151} INFO - [2023-12-03T04:56:37.545+0000] {dag.py:2915} INFO - Sync 1 DAGs
[2023-12-03T04:56:37.591+0000] {logging_mixin.py:151} INFO - [2023-12-03T04:56:37.591+0000] {dag.py:3696} INFO - Setting next_dagrun for tutorial to 2023-12-02T04:56:37.591099+00:00, run_after=2023-12-03T04:56:37.591099+00:00
[2023-12-03T04:56:37.613+0000] {processor.py:179} INFO - Processing /home/airflow/.local/lib/python3.8/site-packages/airflow/example_dags/tutorial.py took 0.168 seconds
[2023-12-03T04:57:20.817+0000] {processor.py:157} INFO - Started process (PID=52) to work on /home/airflow/.local/lib/python3.8/site-packages/airflow/example_dags/tutorial.py
[2023-12-03T04:57:20.819+0000] {processor.py:829} INFO - Processing file /home/airflow/.local/lib/python3.8/site-packages/airflow/example_dags/tutorial.py for tasks to queue
[2023-12-03T04:57:20.820+0000] {logging_mixin.py:151} INFO - [2023-12-03T04:57:20.820+0000] {dagbag.py:539} INFO - Filling up the DagBag from /home/airflow/.local/lib/python3.8/site-packages/airflow/example_dags/tutorial.py
[2023-12-03T04:57:20.827+0000] {processor.py:839} INFO - DAG(s) dict_keys(['tutorial']) retrieved from /home/airflow/.local/lib/python3.8/site-packages/airflow/example_dags/tutorial.py
[2023-12-03T04:57:20.837+0000] {logging_mixin.py:151} INFO - [2023-12-03T04:57:20.836+0000] {dag.py:2915} INFO - Sync 1 DAGs
[2023-12-03T04:57:20.852+0000] {logging_mixin.py:151} INFO - [2023-12-03T04:57:20.852+0000] {dag.py:3696} INFO - Setting next_dagrun for tutorial to 2023-12-02T04:57:20.852394+00:00, run_after=2023-12-03T04:57:20.852394+00:00
[2023-12-03T04:57:20.863+0000] {processor.py:179} INFO - Processing /home/airflow/.local/lib/python3.8/site-packages/airflow/example_dags/tutorial.py took 0.048 seconds
[2023-12-03T04:57:51.353+0000] {processor.py:157} INFO - Started process (PID=108) to work on /home/airflow/.local/lib/python3.8/site-packages/airflow/example_dags/tutorial.py
[2023-12-03T04:57:51.354+0000] {processor.py:829} INFO - Processing file /home/airflow/.local/lib/python3.8/site-packages/airflow/example_dags/tutorial.py for tasks to queue
[2023-12-03T04:57:51.356+0000] {logging_mixin.py:151} INFO - [2023-12-03T04:57:51.356+0000] {dagbag.py:539} INFO - Filling up the DagBag from /home/airflow/.local/lib/python3.8/site-packages/airflow/example_dags/tutorial.py
[2023-12-03T04:57:51.361+0000] {processor.py:839} INFO - DAG(s) dict_keys(['tutorial']) retrieved from /home/airflow/.local/lib/python3.8/site-packages/airflow/example_dags/tutorial.py
[2023-12-03T04:57:51.377+0000] {logging_mixin.py:151} INFO - [2023-12-03T04:57:51.377+0000] {dag.py:2915} INFO - Sync 1 DAGs
[2023-12-03T04:57:51.392+0000] {logging_mixin.py:151} INFO - [2023-12-03T04:57:51.392+0000] {dag.py:3696} INFO - Setting next_dagrun for tutorial to 2023-12-02T04:57:51.392186+00:00, run_after=2023-12-03T04:57:51.392186+00:00
[2023-12-03T04:57:51.404+0000] {processor.py:179} INFO - Processing /home/airflow/.local/lib/python3.8/site-packages/airflow/example_dags/tutorial.py took 0.054 seconds
[2023-12-03T04:58:21.586+0000] {processor.py:157} INFO - Started process (PID=163) to work on /home/airflow/.local/lib/python3.8/site-packages/airflow/example_dags/tutorial.py
[2023-12-03T04:58:21.587+0000] {processor.py:829} INFO - Processing file /home/airflow/.local/lib/python3.8/site-packages/airflow/example_dags/tutorial.py for tasks to queue
[2023-12-03T04:58:21.589+0000] {logging_mixin.py:151} INFO - [2023-12-03T04:58:21.589+0000] {dagbag.py:539} INFO - Filling up the DagBag from /home/airflow/.local/lib/python3.8/site-packages/airflow/example_dags/tutorial.py
[2023-12-03T04:58:21.595+0000] {processor.py:839} INFO - DAG(s) dict_keys(['tutorial']) retrieved from /home/airflow/.local/lib/python3.8/site-packages/airflow/example_dags/tutorial.py
[2023-12-03T04:58:21.615+0000] {logging_mixin.py:151} INFO - [2023-12-03T04:58:21.615+0000] {dag.py:2915} INFO - Sync 1 DAGs
[2023-12-03T04:58:21.632+0000] {logging_mixin.py:151} INFO - [2023-12-03T04:58:21.631+0000] {dag.py:3696} INFO - Setting next_dagrun for tutorial to 2023-12-02T04:58:21.631805+00:00, run_after=2023-12-03T04:58:21.631805+00:00
[2023-12-03T04:58:21.647+0000] {processor.py:179} INFO - Processing /home/airflow/.local/lib/python3.8/site-packages/airflow/example_dags/tutorial.py took 0.064 seconds
[2023-12-03T04:58:51.989+0000] {processor.py:157} INFO - Started process (PID=220) to work on /home/airflow/.local/lib/python3.8/site-packages/airflow/example_dags/tutorial.py
[2023-12-03T04:58:51.990+0000] {processor.py:829} INFO - Processing file /home/airflow/.local/lib/python3.8/site-packages/airflow/example_dags/tutorial.py for tasks to queue
[2023-12-03T04:58:51.992+0000] {logging_mixin.py:151} INFO - [2023-12-03T04:58:51.992+0000] {dagbag.py:539} INFO - Filling up the DagBag from /home/airflow/.local/lib/python3.8/site-packages/airflow/example_dags/tutorial.py
[2023-12-03T04:58:51.997+0000] {processor.py:839} INFO - DAG(s) dict_keys(['tutorial']) retrieved from /home/airflow/.local/lib/python3.8/site-packages/airflow/example_dags/tutorial.py
[2023-12-03T04:58:52.013+0000] {logging_mixin.py:151} INFO - [2023-12-03T04:58:52.013+0000] {dag.py:2915} INFO - Sync 1 DAGs
[2023-12-03T04:58:52.028+0000] {logging_mixin.py:151} INFO - [2023-12-03T04:58:52.027+0000] {dag.py:3696} INFO - Setting next_dagrun for tutorial to 2023-12-02T04:58:52.027705+00:00, run_after=2023-12-03T04:58:52.027705+00:00
[2023-12-03T04:58:52.039+0000] {processor.py:179} INFO - Processing /home/airflow/.local/lib/python3.8/site-packages/airflow/example_dags/tutorial.py took 0.054 seconds
[2023-12-03T04:59:22.592+0000] {processor.py:157} INFO - Started process (PID=276) to work on /home/airflow/.local/lib/python3.8/site-packages/airflow/example_dags/tutorial.py
[2023-12-03T04:59:22.593+0000] {processor.py:829} INFO - Processing file /home/airflow/.local/lib/python3.8/site-packages/airflow/example_dags/tutorial.py for tasks to queue
[2023-12-03T04:59:22.595+0000] {logging_mixin.py:151} INFO - [2023-12-03T04:59:22.595+0000] {dagbag.py:539} INFO - Filling up the DagBag from /home/airflow/.local/lib/python3.8/site-packages/airflow/example_dags/tutorial.py
[2023-12-03T04:59:22.600+0000] {processor.py:839} INFO - DAG(s) dict_keys(['tutorial']) retrieved from /home/airflow/.local/lib/python3.8/site-packages/airflow/example_dags/tutorial.py
[2023-12-03T04:59:22.615+0000] {logging_mixin.py:151} INFO - [2023-12-03T04:59:22.615+0000] {dag.py:2915} INFO - Sync 1 DAGs
[2023-12-03T04:59:22.630+0000] {logging_mixin.py:151} INFO - [2023-12-03T04:59:22.630+0000] {dag.py:3696} INFO - Setting next_dagrun for tutorial to 2023-12-02T04:59:22.630468+00:00, run_after=2023-12-03T04:59:22.630468+00:00
[2023-12-03T04:59:22.643+0000] {processor.py:179} INFO - Processing /home/airflow/.local/lib/python3.8/site-packages/airflow/example_dags/tutorial.py took 0.054 seconds
[2023-12-03T04:59:52.829+0000] {processor.py:157} INFO - Started process (PID=331) to work on /home/airflow/.local/lib/python3.8/site-packages/airflow/example_dags/tutorial.py
[2023-12-03T04:59:52.830+0000] {processor.py:829} INFO - Processing file /home/airflow/.local/lib/python3.8/site-packages/airflow/example_dags/tutorial.py for tasks to queue
[2023-12-03T04:59:52.832+0000] {logging_mixin.py:151} INFO - [2023-12-03T04:59:52.832+0000] {dagbag.py:539} INFO - Filling up the DagBag from /home/airflow/.local/lib/python3.8/site-packages/airflow/example_dags/tutorial.py
[2023-12-03T04:59:52.837+0000] {processor.py:839} INFO - DAG(s) dict_keys(['tutorial']) retrieved from /home/airflow/.local/lib/python3.8/site-packages/airflow/example_dags/tutorial.py
[2023-12-03T04:59:52.854+0000] {logging_mixin.py:151} INFO - [2023-12-03T04:59:52.853+0000] {dag.py:2915} INFO - Sync 1 DAGs
[2023-12-03T04:59:52.868+0000] {logging_mixin.py:151} INFO - [2023-12-03T04:59:52.868+0000] {dag.py:3696} INFO - Setting next_dagrun for tutorial to 2023-12-02T04:59:52.868109+00:00, run_after=2023-12-03T04:59:52.868109+00:00
[2023-12-03T04:59:52.880+0000] {processor.py:179} INFO - Processing /home/airflow/.local/lib/python3.8/site-packages/airflow/example_dags/tutorial.py took 0.054 seconds
[2023-12-03T05:00:23.435+0000] {processor.py:157} INFO - Started process (PID=388) to work on /home/airflow/.local/lib/python3.8/site-packages/airflow/example_dags/tutorial.py
[2023-12-03T05:00:23.437+0000] {processor.py:829} INFO - Processing file /home/airflow/.local/lib/python3.8/site-packages/airflow/example_dags/tutorial.py for tasks to queue
[2023-12-03T05:00:23.438+0000] {logging_mixin.py:151} INFO - [2023-12-03T05:00:23.438+0000] {dagbag.py:539} INFO - Filling up the DagBag from /home/airflow/.local/lib/python3.8/site-packages/airflow/example_dags/tutorial.py
[2023-12-03T05:00:23.443+0000] {processor.py:839} INFO - DAG(s) dict_keys(['tutorial']) retrieved from /home/airflow/.local/lib/python3.8/site-packages/airflow/example_dags/tutorial.py
[2023-12-03T05:00:23.458+0000] {logging_mixin.py:151} INFO - [2023-12-03T05:00:23.458+0000] {dag.py:2915} INFO - Sync 1 DAGs
[2023-12-03T05:00:23.472+0000] {logging_mixin.py:151} INFO - [2023-12-03T05:00:23.472+0000] {dag.py:3696} INFO - Setting next_dagrun for tutorial to 2023-12-02T05:00:23.472621+00:00, run_after=2023-12-03T05:00:23.472621+00:00
[2023-12-03T05:00:23.484+0000] {processor.py:179} INFO - Processing /home/airflow/.local/lib/python3.8/site-packages/airflow/example_dags/tutorial.py took 0.052 seconds
[2023-12-03T05:08:08.857+0000] {processor.py:157} INFO - Started process (PID=52) to work on /home/airflow/.local/lib/python3.8/site-packages/airflow/example_dags/tutorial.py
[2023-12-03T05:08:08.858+0000] {processor.py:829} INFO - Processing file /home/airflow/.local/lib/python3.8/site-packages/airflow/example_dags/tutorial.py for tasks to queue
[2023-12-03T05:08:08.860+0000] {logging_mixin.py:151} INFO - [2023-12-03T05:08:08.859+0000] {dagbag.py:539} INFO - Filling up the DagBag from /home/airflow/.local/lib/python3.8/site-packages/airflow/example_dags/tutorial.py
[2023-12-03T05:08:08.866+0000] {processor.py:839} INFO - DAG(s) dict_keys(['tutorial']) retrieved from /home/airflow/.local/lib/python3.8/site-packages/airflow/example_dags/tutorial.py
[2023-12-03T05:08:08.875+0000] {logging_mixin.py:151} INFO - [2023-12-03T05:08:08.875+0000] {dag.py:2915} INFO - Sync 1 DAGs
[2023-12-03T05:08:08.891+0000] {logging_mixin.py:151} INFO - [2023-12-03T05:08:08.891+0000] {dag.py:3696} INFO - Setting next_dagrun for tutorial to 2023-12-02T05:08:08.891205+00:00, run_after=2023-12-03T05:08:08.891205+00:00
[2023-12-03T05:08:08.903+0000] {processor.py:179} INFO - Processing /home/airflow/.local/lib/python3.8/site-packages/airflow/example_dags/tutorial.py took 0.049 seconds
[2023-12-03T05:08:38.919+0000] {processor.py:157} INFO - Started process (PID=107) to work on /home/airflow/.local/lib/python3.8/site-packages/airflow/example_dags/tutorial.py
[2023-12-03T05:08:38.920+0000] {processor.py:829} INFO - Processing file /home/airflow/.local/lib/python3.8/site-packages/airflow/example_dags/tutorial.py for tasks to queue
[2023-12-03T05:08:38.921+0000] {logging_mixin.py:151} INFO - [2023-12-03T05:08:38.921+0000] {dagbag.py:539} INFO - Filling up the DagBag from /home/airflow/.local/lib/python3.8/site-packages/airflow/example_dags/tutorial.py
[2023-12-03T05:08:38.926+0000] {processor.py:839} INFO - DAG(s) dict_keys(['tutorial']) retrieved from /home/airflow/.local/lib/python3.8/site-packages/airflow/example_dags/tutorial.py
[2023-12-03T05:08:38.940+0000] {logging_mixin.py:151} INFO - [2023-12-03T05:08:38.939+0000] {dag.py:2915} INFO - Sync 1 DAGs
[2023-12-03T05:08:38.952+0000] {logging_mixin.py:151} INFO - [2023-12-03T05:08:38.952+0000] {dag.py:3696} INFO - Setting next_dagrun for tutorial to 2023-12-02T05:08:38.952689+00:00, run_after=2023-12-03T05:08:38.952689+00:00
[2023-12-03T05:08:38.962+0000] {processor.py:179} INFO - Processing /home/airflow/.local/lib/python3.8/site-packages/airflow/example_dags/tutorial.py took 0.046 seconds
[2023-12-03T05:09:09.227+0000] {processor.py:157} INFO - Started process (PID=163) to work on /home/airflow/.local/lib/python3.8/site-packages/airflow/example_dags/tutorial.py
[2023-12-03T05:09:09.228+0000] {processor.py:829} INFO - Processing file /home/airflow/.local/lib/python3.8/site-packages/airflow/example_dags/tutorial.py for tasks to queue
[2023-12-03T05:09:09.229+0000] {logging_mixin.py:151} INFO - [2023-12-03T05:09:09.229+0000] {dagbag.py:539} INFO - Filling up the DagBag from /home/airflow/.local/lib/python3.8/site-packages/airflow/example_dags/tutorial.py
[2023-12-03T05:09:09.233+0000] {processor.py:839} INFO - DAG(s) dict_keys(['tutorial']) retrieved from /home/airflow/.local/lib/python3.8/site-packages/airflow/example_dags/tutorial.py
[2023-12-03T05:09:09.247+0000] {logging_mixin.py:151} INFO - [2023-12-03T05:09:09.247+0000] {dag.py:2915} INFO - Sync 1 DAGs
[2023-12-03T05:09:09.261+0000] {logging_mixin.py:151} INFO - [2023-12-03T05:09:09.261+0000] {dag.py:3696} INFO - Setting next_dagrun for tutorial to 2023-12-02T05:09:09.260834+00:00, run_after=2023-12-03T05:09:09.260834+00:00
[2023-12-03T05:09:09.271+0000] {processor.py:179} INFO - Processing /home/airflow/.local/lib/python3.8/site-packages/airflow/example_dags/tutorial.py took 0.047 seconds
[2023-12-03T05:11:38.170+0000] {processor.py:157} INFO - Started process (PID=52) to work on /home/airflow/.local/lib/python3.8/site-packages/airflow/example_dags/tutorial.py
[2023-12-03T05:11:38.172+0000] {processor.py:829} INFO - Processing file /home/airflow/.local/lib/python3.8/site-packages/airflow/example_dags/tutorial.py for tasks to queue
[2023-12-03T05:11:38.175+0000] {logging_mixin.py:151} INFO - [2023-12-03T05:11:38.174+0000] {dagbag.py:539} INFO - Filling up the DagBag from /home/airflow/.local/lib/python3.8/site-packages/airflow/example_dags/tutorial.py
[2023-12-03T05:11:38.185+0000] {processor.py:839} INFO - DAG(s) dict_keys(['tutorial']) retrieved from /home/airflow/.local/lib/python3.8/site-packages/airflow/example_dags/tutorial.py
[2023-12-03T05:11:38.199+0000] {logging_mixin.py:151} INFO - [2023-12-03T05:11:38.199+0000] {dag.py:2915} INFO - Sync 1 DAGs
[2023-12-03T05:11:38.217+0000] {logging_mixin.py:151} INFO - [2023-12-03T05:11:38.217+0000] {dag.py:3696} INFO - Setting next_dagrun for tutorial to 2023-12-02T05:11:38.217474+00:00, run_after=2023-12-03T05:11:38.217474+00:00
[2023-12-03T05:11:38.239+0000] {processor.py:179} INFO - Processing /home/airflow/.local/lib/python3.8/site-packages/airflow/example_dags/tutorial.py took 0.073 seconds
[2023-12-03T05:12:08.454+0000] {processor.py:157} INFO - Started process (PID=108) to work on /home/airflow/.local/lib/python3.8/site-packages/airflow/example_dags/tutorial.py
[2023-12-03T05:12:08.456+0000] {processor.py:829} INFO - Processing file /home/airflow/.local/lib/python3.8/site-packages/airflow/example_dags/tutorial.py for tasks to queue
[2023-12-03T05:12:08.457+0000] {logging_mixin.py:151} INFO - [2023-12-03T05:12:08.457+0000] {dagbag.py:539} INFO - Filling up the DagBag from /home/airflow/.local/lib/python3.8/site-packages/airflow/example_dags/tutorial.py
[2023-12-03T05:12:08.462+0000] {processor.py:839} INFO - DAG(s) dict_keys(['tutorial']) retrieved from /home/airflow/.local/lib/python3.8/site-packages/airflow/example_dags/tutorial.py
[2023-12-03T05:12:08.475+0000] {logging_mixin.py:151} INFO - [2023-12-03T05:12:08.475+0000] {dag.py:2915} INFO - Sync 1 DAGs
[2023-12-03T05:12:08.490+0000] {logging_mixin.py:151} INFO - [2023-12-03T05:12:08.490+0000] {dag.py:3696} INFO - Setting next_dagrun for tutorial to 2023-12-02T05:12:08.490126+00:00, run_after=2023-12-03T05:12:08.490126+00:00
[2023-12-03T05:12:08.502+0000] {processor.py:179} INFO - Processing /home/airflow/.local/lib/python3.8/site-packages/airflow/example_dags/tutorial.py took 0.050 seconds
[2023-12-03T05:12:40.113+0000] {processor.py:157} INFO - Started process (PID=168) to work on /home/airflow/.local/lib/python3.8/site-packages/airflow/example_dags/tutorial.py
[2023-12-03T05:12:40.123+0000] {processor.py:829} INFO - Processing file /home/airflow/.local/lib/python3.8/site-packages/airflow/example_dags/tutorial.py for tasks to queue
[2023-12-03T05:12:40.125+0000] {logging_mixin.py:151} INFO - [2023-12-03T05:12:40.125+0000] {dagbag.py:539} INFO - Filling up the DagBag from /home/airflow/.local/lib/python3.8/site-packages/airflow/example_dags/tutorial.py
[2023-12-03T05:12:40.131+0000] {processor.py:839} INFO - DAG(s) dict_keys(['tutorial']) retrieved from /home/airflow/.local/lib/python3.8/site-packages/airflow/example_dags/tutorial.py
[2023-12-03T05:12:40.185+0000] {logging_mixin.py:151} INFO - [2023-12-03T05:12:40.185+0000] {dag.py:2915} INFO - Sync 1 DAGs
[2023-12-03T05:12:40.246+0000] {logging_mixin.py:151} INFO - [2023-12-03T05:12:40.246+0000] {dag.py:3696} INFO - Setting next_dagrun for tutorial to 2023-12-02T05:12:40.243940+00:00, run_after=2023-12-03T05:12:40.243940+00:00
[2023-12-03T05:12:40.297+0000] {processor.py:179} INFO - Processing /home/airflow/.local/lib/python3.8/site-packages/airflow/example_dags/tutorial.py took 0.195 seconds
[2023-12-03T05:13:11.153+0000] {processor.py:157} INFO - Started process (PID=240) to work on /home/airflow/.local/lib/python3.8/site-packages/airflow/example_dags/tutorial.py
[2023-12-03T05:13:11.154+0000] {processor.py:829} INFO - Processing file /home/airflow/.local/lib/python3.8/site-packages/airflow/example_dags/tutorial.py for tasks to queue
[2023-12-03T05:13:11.157+0000] {logging_mixin.py:151} INFO - [2023-12-03T05:13:11.157+0000] {dagbag.py:539} INFO - Filling up the DagBag from /home/airflow/.local/lib/python3.8/site-packages/airflow/example_dags/tutorial.py
[2023-12-03T05:13:11.162+0000] {processor.py:839} INFO - DAG(s) dict_keys(['tutorial']) retrieved from /home/airflow/.local/lib/python3.8/site-packages/airflow/example_dags/tutorial.py
[2023-12-03T05:13:11.181+0000] {logging_mixin.py:151} INFO - [2023-12-03T05:13:11.181+0000] {dag.py:2915} INFO - Sync 1 DAGs
[2023-12-03T05:13:11.197+0000] {logging_mixin.py:151} INFO - [2023-12-03T05:13:11.197+0000] {dag.py:3696} INFO - Setting next_dagrun for tutorial to 2023-12-02T05:13:11.197008+00:00, run_after=2023-12-03T05:13:11.197008+00:00
[2023-12-03T05:13:11.210+0000] {processor.py:179} INFO - Processing /home/airflow/.local/lib/python3.8/site-packages/airflow/example_dags/tutorial.py took 0.061 seconds
[2023-12-03T05:13:41.406+0000] {processor.py:157} INFO - Started process (PID=296) to work on /home/airflow/.local/lib/python3.8/site-packages/airflow/example_dags/tutorial.py
[2023-12-03T05:13:41.408+0000] {processor.py:829} INFO - Processing file /home/airflow/.local/lib/python3.8/site-packages/airflow/example_dags/tutorial.py for tasks to queue
[2023-12-03T05:13:41.411+0000] {logging_mixin.py:151} INFO - [2023-12-03T05:13:41.410+0000] {dagbag.py:539} INFO - Filling up the DagBag from /home/airflow/.local/lib/python3.8/site-packages/airflow/example_dags/tutorial.py
[2023-12-03T05:13:41.419+0000] {processor.py:839} INFO - DAG(s) dict_keys(['tutorial']) retrieved from /home/airflow/.local/lib/python3.8/site-packages/airflow/example_dags/tutorial.py
[2023-12-03T05:13:41.441+0000] {logging_mixin.py:151} INFO - [2023-12-03T05:13:41.440+0000] {dag.py:2915} INFO - Sync 1 DAGs
[2023-12-03T05:13:41.457+0000] {logging_mixin.py:151} INFO - [2023-12-03T05:13:41.457+0000] {dag.py:3696} INFO - Setting next_dagrun for tutorial to 2023-12-02T05:13:41.457446+00:00, run_after=2023-12-03T05:13:41.457446+00:00
[2023-12-03T05:13:41.469+0000] {processor.py:179} INFO - Processing /home/airflow/.local/lib/python3.8/site-packages/airflow/example_dags/tutorial.py took 0.067 seconds
[2023-12-03T05:14:11.753+0000] {processor.py:157} INFO - Started process (PID=352) to work on /home/airflow/.local/lib/python3.8/site-packages/airflow/example_dags/tutorial.py
[2023-12-03T05:14:11.757+0000] {processor.py:829} INFO - Processing file /home/airflow/.local/lib/python3.8/site-packages/airflow/example_dags/tutorial.py for tasks to queue
[2023-12-03T05:14:11.760+0000] {logging_mixin.py:151} INFO - [2023-12-03T05:14:11.760+0000] {dagbag.py:539} INFO - Filling up the DagBag from /home/airflow/.local/lib/python3.8/site-packages/airflow/example_dags/tutorial.py
[2023-12-03T05:14:11.769+0000] {processor.py:839} INFO - DAG(s) dict_keys(['tutorial']) retrieved from /home/airflow/.local/lib/python3.8/site-packages/airflow/example_dags/tutorial.py
[2023-12-03T05:14:11.787+0000] {logging_mixin.py:151} INFO - [2023-12-03T05:14:11.787+0000] {dag.py:2915} INFO - Sync 1 DAGs
[2023-12-03T05:14:11.803+0000] {logging_mixin.py:151} INFO - [2023-12-03T05:14:11.802+0000] {dag.py:3696} INFO - Setting next_dagrun for tutorial to 2023-12-02T05:14:11.802762+00:00, run_after=2023-12-03T05:14:11.802762+00:00
[2023-12-03T05:14:11.815+0000] {processor.py:179} INFO - Processing /home/airflow/.local/lib/python3.8/site-packages/airflow/example_dags/tutorial.py took 0.068 seconds
[2023-12-03T05:14:42.089+0000] {processor.py:157} INFO - Started process (PID=408) to work on /home/airflow/.local/lib/python3.8/site-packages/airflow/example_dags/tutorial.py
[2023-12-03T05:14:42.091+0000] {processor.py:829} INFO - Processing file /home/airflow/.local/lib/python3.8/site-packages/airflow/example_dags/tutorial.py for tasks to queue
[2023-12-03T05:14:42.094+0000] {logging_mixin.py:151} INFO - [2023-12-03T05:14:42.094+0000] {dagbag.py:539} INFO - Filling up the DagBag from /home/airflow/.local/lib/python3.8/site-packages/airflow/example_dags/tutorial.py
[2023-12-03T05:14:42.101+0000] {processor.py:839} INFO - DAG(s) dict_keys(['tutorial']) retrieved from /home/airflow/.local/lib/python3.8/site-packages/airflow/example_dags/tutorial.py
[2023-12-03T05:14:42.117+0000] {logging_mixin.py:151} INFO - [2023-12-03T05:14:42.117+0000] {dag.py:2915} INFO - Sync 1 DAGs
[2023-12-03T05:14:42.130+0000] {logging_mixin.py:151} INFO - [2023-12-03T05:14:42.130+0000] {dag.py:3696} INFO - Setting next_dagrun for tutorial to 2023-12-02T05:14:42.130552+00:00, run_after=2023-12-03T05:14:42.130552+00:00
[2023-12-03T05:14:42.141+0000] {processor.py:179} INFO - Processing /home/airflow/.local/lib/python3.8/site-packages/airflow/example_dags/tutorial.py took 0.057 seconds
[2023-12-03T05:15:12.375+0000] {processor.py:157} INFO - Started process (PID=464) to work on /home/airflow/.local/lib/python3.8/site-packages/airflow/example_dags/tutorial.py
[2023-12-03T05:15:12.378+0000] {processor.py:829} INFO - Processing file /home/airflow/.local/lib/python3.8/site-packages/airflow/example_dags/tutorial.py for tasks to queue
[2023-12-03T05:15:12.382+0000] {logging_mixin.py:151} INFO - [2023-12-03T05:15:12.382+0000] {dagbag.py:539} INFO - Filling up the DagBag from /home/airflow/.local/lib/python3.8/site-packages/airflow/example_dags/tutorial.py
[2023-12-03T05:15:12.390+0000] {processor.py:839} INFO - DAG(s) dict_keys(['tutorial']) retrieved from /home/airflow/.local/lib/python3.8/site-packages/airflow/example_dags/tutorial.py
[2023-12-03T05:15:12.408+0000] {logging_mixin.py:151} INFO - [2023-12-03T05:15:12.408+0000] {dag.py:2915} INFO - Sync 1 DAGs
[2023-12-03T05:15:12.422+0000] {logging_mixin.py:151} INFO - [2023-12-03T05:15:12.422+0000] {dag.py:3696} INFO - Setting next_dagrun for tutorial to 2023-12-02T05:15:12.422080+00:00, run_after=2023-12-03T05:15:12.422080+00:00
[2023-12-03T05:15:12.433+0000] {processor.py:179} INFO - Processing /home/airflow/.local/lib/python3.8/site-packages/airflow/example_dags/tutorial.py took 0.064 seconds
[2023-12-03T05:15:42.792+0000] {processor.py:157} INFO - Started process (PID=520) to work on /home/airflow/.local/lib/python3.8/site-packages/airflow/example_dags/tutorial.py
[2023-12-03T05:15:42.794+0000] {processor.py:829} INFO - Processing file /home/airflow/.local/lib/python3.8/site-packages/airflow/example_dags/tutorial.py for tasks to queue
[2023-12-03T05:15:42.798+0000] {logging_mixin.py:151} INFO - [2023-12-03T05:15:42.797+0000] {dagbag.py:539} INFO - Filling up the DagBag from /home/airflow/.local/lib/python3.8/site-packages/airflow/example_dags/tutorial.py
[2023-12-03T05:15:42.807+0000] {processor.py:839} INFO - DAG(s) dict_keys(['tutorial']) retrieved from /home/airflow/.local/lib/python3.8/site-packages/airflow/example_dags/tutorial.py
[2023-12-03T05:15:42.824+0000] {logging_mixin.py:151} INFO - [2023-12-03T05:15:42.824+0000] {dag.py:2915} INFO - Sync 1 DAGs
[2023-12-03T05:15:42.838+0000] {logging_mixin.py:151} INFO - [2023-12-03T05:15:42.837+0000] {dag.py:3696} INFO - Setting next_dagrun for tutorial to 2023-12-02T05:15:42.837775+00:00, run_after=2023-12-03T05:15:42.837775+00:00
[2023-12-03T05:15:42.848+0000] {processor.py:179} INFO - Processing /home/airflow/.local/lib/python3.8/site-packages/airflow/example_dags/tutorial.py took 0.063 seconds
[2023-12-03T05:16:13.279+0000] {processor.py:157} INFO - Started process (PID=576) to work on /home/airflow/.local/lib/python3.8/site-packages/airflow/example_dags/tutorial.py
[2023-12-03T05:16:13.283+0000] {processor.py:829} INFO - Processing file /home/airflow/.local/lib/python3.8/site-packages/airflow/example_dags/tutorial.py for tasks to queue
[2023-12-03T05:16:13.287+0000] {logging_mixin.py:151} INFO - [2023-12-03T05:16:13.286+0000] {dagbag.py:539} INFO - Filling up the DagBag from /home/airflow/.local/lib/python3.8/site-packages/airflow/example_dags/tutorial.py
[2023-12-03T05:16:13.297+0000] {processor.py:839} INFO - DAG(s) dict_keys(['tutorial']) retrieved from /home/airflow/.local/lib/python3.8/site-packages/airflow/example_dags/tutorial.py
[2023-12-03T05:16:13.314+0000] {logging_mixin.py:151} INFO - [2023-12-03T05:16:13.314+0000] {dag.py:2915} INFO - Sync 1 DAGs
[2023-12-03T05:16:13.330+0000] {logging_mixin.py:151} INFO - [2023-12-03T05:16:13.330+0000] {dag.py:3696} INFO - Setting next_dagrun for tutorial to 2023-12-02T05:16:13.329856+00:00, run_after=2023-12-03T05:16:13.329856+00:00
[2023-12-03T05:16:13.342+0000] {processor.py:179} INFO - Processing /home/airflow/.local/lib/python3.8/site-packages/airflow/example_dags/tutorial.py took 0.070 seconds
[2023-12-03T05:16:43.793+0000] {processor.py:157} INFO - Started process (PID=632) to work on /home/airflow/.local/lib/python3.8/site-packages/airflow/example_dags/tutorial.py
[2023-12-03T05:16:43.795+0000] {processor.py:829} INFO - Processing file /home/airflow/.local/lib/python3.8/site-packages/airflow/example_dags/tutorial.py for tasks to queue
[2023-12-03T05:16:43.797+0000] {logging_mixin.py:151} INFO - [2023-12-03T05:16:43.797+0000] {dagbag.py:539} INFO - Filling up the DagBag from /home/airflow/.local/lib/python3.8/site-packages/airflow/example_dags/tutorial.py
[2023-12-03T05:16:43.803+0000] {processor.py:839} INFO - DAG(s) dict_keys(['tutorial']) retrieved from /home/airflow/.local/lib/python3.8/site-packages/airflow/example_dags/tutorial.py
[2023-12-03T05:16:43.819+0000] {logging_mixin.py:151} INFO - [2023-12-03T05:16:43.819+0000] {dag.py:2915} INFO - Sync 1 DAGs
[2023-12-03T05:16:43.833+0000] {logging_mixin.py:151} INFO - [2023-12-03T05:16:43.833+0000] {dag.py:3696} INFO - Setting next_dagrun for tutorial to 2023-12-02T05:16:43.833386+00:00, run_after=2023-12-03T05:16:43.833386+00:00
[2023-12-03T05:16:43.845+0000] {processor.py:179} INFO - Processing /home/airflow/.local/lib/python3.8/site-packages/airflow/example_dags/tutorial.py took 0.058 seconds
[2023-12-03T05:17:13.972+0000] {processor.py:157} INFO - Started process (PID=688) to work on /home/airflow/.local/lib/python3.8/site-packages/airflow/example_dags/tutorial.py
[2023-12-03T05:17:13.975+0000] {processor.py:829} INFO - Processing file /home/airflow/.local/lib/python3.8/site-packages/airflow/example_dags/tutorial.py for tasks to queue
[2023-12-03T05:17:13.979+0000] {logging_mixin.py:151} INFO - [2023-12-03T05:17:13.978+0000] {dagbag.py:539} INFO - Filling up the DagBag from /home/airflow/.local/lib/python3.8/site-packages/airflow/example_dags/tutorial.py
[2023-12-03T05:17:13.987+0000] {processor.py:839} INFO - DAG(s) dict_keys(['tutorial']) retrieved from /home/airflow/.local/lib/python3.8/site-packages/airflow/example_dags/tutorial.py
[2023-12-03T05:17:14.003+0000] {logging_mixin.py:151} INFO - [2023-12-03T05:17:14.003+0000] {dag.py:2915} INFO - Sync 1 DAGs
[2023-12-03T05:17:14.016+0000] {logging_mixin.py:151} INFO - [2023-12-03T05:17:14.016+0000] {dag.py:3696} INFO - Setting next_dagrun for tutorial to 2023-12-02T05:17:14.016597+00:00, run_after=2023-12-03T05:17:14.016597+00:00
[2023-12-03T05:17:14.027+0000] {processor.py:179} INFO - Processing /home/airflow/.local/lib/python3.8/site-packages/airflow/example_dags/tutorial.py took 0.061 seconds
[2023-12-03T05:17:44.430+0000] {processor.py:157} INFO - Started process (PID=744) to work on /home/airflow/.local/lib/python3.8/site-packages/airflow/example_dags/tutorial.py
[2023-12-03T05:17:44.431+0000] {processor.py:829} INFO - Processing file /home/airflow/.local/lib/python3.8/site-packages/airflow/example_dags/tutorial.py for tasks to queue
[2023-12-03T05:17:44.433+0000] {logging_mixin.py:151} INFO - [2023-12-03T05:17:44.433+0000] {dagbag.py:539} INFO - Filling up the DagBag from /home/airflow/.local/lib/python3.8/site-packages/airflow/example_dags/tutorial.py
[2023-12-03T05:17:44.438+0000] {processor.py:839} INFO - DAG(s) dict_keys(['tutorial']) retrieved from /home/airflow/.local/lib/python3.8/site-packages/airflow/example_dags/tutorial.py
[2023-12-03T05:17:44.455+0000] {logging_mixin.py:151} INFO - [2023-12-03T05:17:44.455+0000] {dag.py:2915} INFO - Sync 1 DAGs
[2023-12-03T05:17:44.470+0000] {logging_mixin.py:151} INFO - [2023-12-03T05:17:44.470+0000] {dag.py:3696} INFO - Setting next_dagrun for tutorial to 2023-12-02T05:17:44.470161+00:00, run_after=2023-12-03T05:17:44.470161+00:00
[2023-12-03T05:17:44.482+0000] {processor.py:179} INFO - Processing /home/airflow/.local/lib/python3.8/site-packages/airflow/example_dags/tutorial.py took 0.055 seconds
[2023-12-03T05:18:14.755+0000] {processor.py:157} INFO - Started process (PID=800) to work on /home/airflow/.local/lib/python3.8/site-packages/airflow/example_dags/tutorial.py
[2023-12-03T05:18:14.759+0000] {processor.py:829} INFO - Processing file /home/airflow/.local/lib/python3.8/site-packages/airflow/example_dags/tutorial.py for tasks to queue
[2023-12-03T05:18:14.763+0000] {logging_mixin.py:151} INFO - [2023-12-03T05:18:14.762+0000] {dagbag.py:539} INFO - Filling up the DagBag from /home/airflow/.local/lib/python3.8/site-packages/airflow/example_dags/tutorial.py
[2023-12-03T05:18:14.771+0000] {processor.py:839} INFO - DAG(s) dict_keys(['tutorial']) retrieved from /home/airflow/.local/lib/python3.8/site-packages/airflow/example_dags/tutorial.py
[2023-12-03T05:18:14.787+0000] {logging_mixin.py:151} INFO - [2023-12-03T05:18:14.787+0000] {dag.py:2915} INFO - Sync 1 DAGs
[2023-12-03T05:18:14.801+0000] {logging_mixin.py:151} INFO - [2023-12-03T05:18:14.801+0000] {dag.py:3696} INFO - Setting next_dagrun for tutorial to 2023-12-02T05:18:14.801162+00:00, run_after=2023-12-03T05:18:14.801162+00:00
[2023-12-03T05:18:14.812+0000] {processor.py:179} INFO - Processing /home/airflow/.local/lib/python3.8/site-packages/airflow/example_dags/tutorial.py took 0.064 seconds
[2023-12-03T05:24:01.883+0000] {processor.py:157} INFO - Started process (PID=856) to work on /home/airflow/.local/lib/python3.8/site-packages/airflow/example_dags/tutorial.py
[2023-12-03T05:24:01.884+0000] {processor.py:829} INFO - Processing file /home/airflow/.local/lib/python3.8/site-packages/airflow/example_dags/tutorial.py for tasks to queue
[2023-12-03T05:24:01.886+0000] {logging_mixin.py:151} INFO - [2023-12-03T05:24:01.885+0000] {dagbag.py:539} INFO - Filling up the DagBag from /home/airflow/.local/lib/python3.8/site-packages/airflow/example_dags/tutorial.py
[2023-12-03T05:24:01.890+0000] {processor.py:839} INFO - DAG(s) dict_keys(['tutorial']) retrieved from /home/airflow/.local/lib/python3.8/site-packages/airflow/example_dags/tutorial.py
[2023-12-03T05:24:01.905+0000] {logging_mixin.py:151} INFO - [2023-12-03T05:24:01.905+0000] {dag.py:2915} INFO - Sync 1 DAGs
[2023-12-03T05:24:01.921+0000] {logging_mixin.py:151} INFO - [2023-12-03T05:24:01.920+0000] {dag.py:3696} INFO - Setting next_dagrun for tutorial to 2023-12-02T05:24:01.920588+00:00, run_after=2023-12-03T05:24:01.920588+00:00
[2023-12-03T05:24:01.934+0000] {processor.py:179} INFO - Processing /home/airflow/.local/lib/python3.8/site-packages/airflow/example_dags/tutorial.py took 0.053 seconds
[2023-12-03T05:24:32.849+0000] {processor.py:157} INFO - Started process (PID=912) to work on /home/airflow/.local/lib/python3.8/site-packages/airflow/example_dags/tutorial.py
[2023-12-03T05:24:32.850+0000] {processor.py:829} INFO - Processing file /home/airflow/.local/lib/python3.8/site-packages/airflow/example_dags/tutorial.py for tasks to queue
[2023-12-03T05:24:32.853+0000] {logging_mixin.py:151} INFO - [2023-12-03T05:24:32.853+0000] {dagbag.py:539} INFO - Filling up the DagBag from /home/airflow/.local/lib/python3.8/site-packages/airflow/example_dags/tutorial.py
[2023-12-03T05:24:32.858+0000] {processor.py:839} INFO - DAG(s) dict_keys(['tutorial']) retrieved from /home/airflow/.local/lib/python3.8/site-packages/airflow/example_dags/tutorial.py
[2023-12-03T05:24:32.873+0000] {logging_mixin.py:151} INFO - [2023-12-03T05:24:32.873+0000] {dag.py:2915} INFO - Sync 1 DAGs
[2023-12-03T05:24:32.888+0000] {logging_mixin.py:151} INFO - [2023-12-03T05:24:32.888+0000] {dag.py:3696} INFO - Setting next_dagrun for tutorial to 2023-12-02T05:24:32.888400+00:00, run_after=2023-12-03T05:24:32.888400+00:00
[2023-12-03T05:24:32.901+0000] {processor.py:179} INFO - Processing /home/airflow/.local/lib/python3.8/site-packages/airflow/example_dags/tutorial.py took 0.055 seconds
[2023-12-03T05:27:55.153+0000] {processor.py:157} INFO - Started process (PID=51) to work on /home/airflow/.local/lib/python3.8/site-packages/airflow/example_dags/tutorial.py
[2023-12-03T05:27:55.157+0000] {processor.py:829} INFO - Processing file /home/airflow/.local/lib/python3.8/site-packages/airflow/example_dags/tutorial.py for tasks to queue
[2023-12-03T05:27:55.159+0000] {logging_mixin.py:151} INFO - [2023-12-03T05:27:55.159+0000] {dagbag.py:539} INFO - Filling up the DagBag from /home/airflow/.local/lib/python3.8/site-packages/airflow/example_dags/tutorial.py
[2023-12-03T05:27:55.166+0000] {processor.py:839} INFO - DAG(s) dict_keys(['tutorial']) retrieved from /home/airflow/.local/lib/python3.8/site-packages/airflow/example_dags/tutorial.py
[2023-12-03T05:27:55.186+0000] {logging_mixin.py:151} INFO - [2023-12-03T05:27:55.186+0000] {dag.py:2915} INFO - Sync 1 DAGs
[2023-12-03T05:27:55.202+0000] {logging_mixin.py:151} INFO - [2023-12-03T05:27:55.202+0000] {dag.py:3696} INFO - Setting next_dagrun for tutorial to 2023-12-02T05:27:55.202030+00:00, run_after=2023-12-03T05:27:55.202030+00:00
[2023-12-03T05:27:55.216+0000] {processor.py:179} INFO - Processing /home/airflow/.local/lib/python3.8/site-packages/airflow/example_dags/tutorial.py took 0.067 seconds
[2023-12-03T05:28:23.804+0000] {processor.py:157} INFO - Started process (PID=50) to work on /home/airflow/.local/lib/python3.8/site-packages/airflow/example_dags/tutorial.py
[2023-12-03T05:28:23.805+0000] {processor.py:829} INFO - Processing file /home/airflow/.local/lib/python3.8/site-packages/airflow/example_dags/tutorial.py for tasks to queue
[2023-12-03T05:28:23.808+0000] {logging_mixin.py:151} INFO - [2023-12-03T05:28:23.807+0000] {dagbag.py:539} INFO - Filling up the DagBag from /home/airflow/.local/lib/python3.8/site-packages/airflow/example_dags/tutorial.py
[2023-12-03T05:28:23.819+0000] {processor.py:839} INFO - DAG(s) dict_keys(['tutorial']) retrieved from /home/airflow/.local/lib/python3.8/site-packages/airflow/example_dags/tutorial.py
[2023-12-03T05:28:23.854+0000] {logging_mixin.py:151} INFO - [2023-12-03T05:28:23.854+0000] {dag.py:2915} INFO - Sync 1 DAGs
[2023-12-03T05:28:23.878+0000] {logging_mixin.py:151} INFO - [2023-12-03T05:28:23.878+0000] {dag.py:3696} INFO - Setting next_dagrun for tutorial to 2023-12-02T05:28:23.878341+00:00, run_after=2023-12-03T05:28:23.878341+00:00
[2023-12-03T05:28:23.904+0000] {processor.py:179} INFO - Processing /home/airflow/.local/lib/python3.8/site-packages/airflow/example_dags/tutorial.py took 0.103 seconds
[2023-12-03T05:28:54.366+0000] {processor.py:157} INFO - Started process (PID=106) to work on /home/airflow/.local/lib/python3.8/site-packages/airflow/example_dags/tutorial.py
[2023-12-03T05:28:54.368+0000] {processor.py:829} INFO - Processing file /home/airflow/.local/lib/python3.8/site-packages/airflow/example_dags/tutorial.py for tasks to queue
[2023-12-03T05:28:54.370+0000] {logging_mixin.py:151} INFO - [2023-12-03T05:28:54.369+0000] {dagbag.py:539} INFO - Filling up the DagBag from /home/airflow/.local/lib/python3.8/site-packages/airflow/example_dags/tutorial.py
[2023-12-03T05:28:54.375+0000] {processor.py:839} INFO - DAG(s) dict_keys(['tutorial']) retrieved from /home/airflow/.local/lib/python3.8/site-packages/airflow/example_dags/tutorial.py
[2023-12-03T05:28:54.391+0000] {logging_mixin.py:151} INFO - [2023-12-03T05:28:54.391+0000] {dag.py:2915} INFO - Sync 1 DAGs
[2023-12-03T05:28:54.406+0000] {logging_mixin.py:151} INFO - [2023-12-03T05:28:54.406+0000] {dag.py:3696} INFO - Setting next_dagrun for tutorial to 2023-12-02T05:28:54.406612+00:00, run_after=2023-12-03T05:28:54.406612+00:00
[2023-12-03T05:28:54.419+0000] {processor.py:179} INFO - Processing /home/airflow/.local/lib/python3.8/site-packages/airflow/example_dags/tutorial.py took 0.056 seconds
[2023-12-03T05:29:24.560+0000] {processor.py:157} INFO - Started process (PID=162) to work on /home/airflow/.local/lib/python3.8/site-packages/airflow/example_dags/tutorial.py
[2023-12-03T05:29:24.561+0000] {processor.py:829} INFO - Processing file /home/airflow/.local/lib/python3.8/site-packages/airflow/example_dags/tutorial.py for tasks to queue
[2023-12-03T05:29:24.563+0000] {logging_mixin.py:151} INFO - [2023-12-03T05:29:24.562+0000] {dagbag.py:539} INFO - Filling up the DagBag from /home/airflow/.local/lib/python3.8/site-packages/airflow/example_dags/tutorial.py
[2023-12-03T05:29:24.567+0000] {processor.py:839} INFO - DAG(s) dict_keys(['tutorial']) retrieved from /home/airflow/.local/lib/python3.8/site-packages/airflow/example_dags/tutorial.py
[2023-12-03T05:29:24.581+0000] {logging_mixin.py:151} INFO - [2023-12-03T05:29:24.581+0000] {dag.py:2915} INFO - Sync 1 DAGs
[2023-12-03T05:29:24.596+0000] {logging_mixin.py:151} INFO - [2023-12-03T05:29:24.596+0000] {dag.py:3696} INFO - Setting next_dagrun for tutorial to 2023-12-02T05:29:24.596037+00:00, run_after=2023-12-03T05:29:24.596037+00:00
[2023-12-03T05:29:24.607+0000] {processor.py:179} INFO - Processing /home/airflow/.local/lib/python3.8/site-packages/airflow/example_dags/tutorial.py took 0.050 seconds
[2023-12-03T05:29:54.926+0000] {processor.py:157} INFO - Started process (PID=218) to work on /home/airflow/.local/lib/python3.8/site-packages/airflow/example_dags/tutorial.py
[2023-12-03T05:29:54.927+0000] {processor.py:829} INFO - Processing file /home/airflow/.local/lib/python3.8/site-packages/airflow/example_dags/tutorial.py for tasks to queue
[2023-12-03T05:29:54.929+0000] {logging_mixin.py:151} INFO - [2023-12-03T05:29:54.929+0000] {dagbag.py:539} INFO - Filling up the DagBag from /home/airflow/.local/lib/python3.8/site-packages/airflow/example_dags/tutorial.py
[2023-12-03T05:29:54.933+0000] {processor.py:839} INFO - DAG(s) dict_keys(['tutorial']) retrieved from /home/airflow/.local/lib/python3.8/site-packages/airflow/example_dags/tutorial.py
[2023-12-03T05:29:54.945+0000] {logging_mixin.py:151} INFO - [2023-12-03T05:29:54.945+0000] {dag.py:2915} INFO - Sync 1 DAGs
[2023-12-03T05:29:54.958+0000] {logging_mixin.py:151} INFO - [2023-12-03T05:29:54.958+0000] {dag.py:3696} INFO - Setting next_dagrun for tutorial to 2023-12-02T05:29:54.958002+00:00, run_after=2023-12-03T05:29:54.958002+00:00
[2023-12-03T05:29:54.968+0000] {processor.py:179} INFO - Processing /home/airflow/.local/lib/python3.8/site-packages/airflow/example_dags/tutorial.py took 0.044 seconds
[2023-12-03T05:30:25.112+0000] {processor.py:157} INFO - Started process (PID=274) to work on /home/airflow/.local/lib/python3.8/site-packages/airflow/example_dags/tutorial.py
[2023-12-03T05:30:25.113+0000] {processor.py:829} INFO - Processing file /home/airflow/.local/lib/python3.8/site-packages/airflow/example_dags/tutorial.py for tasks to queue
[2023-12-03T05:30:25.115+0000] {logging_mixin.py:151} INFO - [2023-12-03T05:30:25.115+0000] {dagbag.py:539} INFO - Filling up the DagBag from /home/airflow/.local/lib/python3.8/site-packages/airflow/example_dags/tutorial.py
[2023-12-03T05:30:25.119+0000] {processor.py:839} INFO - DAG(s) dict_keys(['tutorial']) retrieved from /home/airflow/.local/lib/python3.8/site-packages/airflow/example_dags/tutorial.py
[2023-12-03T05:30:25.134+0000] {logging_mixin.py:151} INFO - [2023-12-03T05:30:25.134+0000] {dag.py:2915} INFO - Sync 1 DAGs
[2023-12-03T05:30:25.147+0000] {logging_mixin.py:151} INFO - [2023-12-03T05:30:25.147+0000] {dag.py:3696} INFO - Setting next_dagrun for tutorial to 2023-12-02T05:30:25.147426+00:00, run_after=2023-12-03T05:30:25.147426+00:00
[2023-12-03T05:30:25.159+0000] {processor.py:179} INFO - Processing /home/airflow/.local/lib/python3.8/site-packages/airflow/example_dags/tutorial.py took 0.049 seconds
[2023-12-03T05:30:55.330+0000] {processor.py:157} INFO - Started process (PID=330) to work on /home/airflow/.local/lib/python3.8/site-packages/airflow/example_dags/tutorial.py
[2023-12-03T05:30:55.332+0000] {processor.py:829} INFO - Processing file /home/airflow/.local/lib/python3.8/site-packages/airflow/example_dags/tutorial.py for tasks to queue
[2023-12-03T05:30:55.333+0000] {logging_mixin.py:151} INFO - [2023-12-03T05:30:55.333+0000] {dagbag.py:539} INFO - Filling up the DagBag from /home/airflow/.local/lib/python3.8/site-packages/airflow/example_dags/tutorial.py
[2023-12-03T05:30:55.337+0000] {processor.py:839} INFO - DAG(s) dict_keys(['tutorial']) retrieved from /home/airflow/.local/lib/python3.8/site-packages/airflow/example_dags/tutorial.py
[2023-12-03T05:30:55.353+0000] {logging_mixin.py:151} INFO - [2023-12-03T05:30:55.353+0000] {dag.py:2915} INFO - Sync 1 DAGs
[2023-12-03T05:30:55.367+0000] {logging_mixin.py:151} INFO - [2023-12-03T05:30:55.367+0000] {dag.py:3696} INFO - Setting next_dagrun for tutorial to 2023-12-02T05:30:55.366983+00:00, run_after=2023-12-03T05:30:55.366983+00:00
[2023-12-03T05:30:55.378+0000] {processor.py:179} INFO - Processing /home/airflow/.local/lib/python3.8/site-packages/airflow/example_dags/tutorial.py took 0.050 seconds
[2023-12-03T05:31:25.925+0000] {processor.py:157} INFO - Started process (PID=386) to work on /home/airflow/.local/lib/python3.8/site-packages/airflow/example_dags/tutorial.py
[2023-12-03T05:31:25.926+0000] {processor.py:829} INFO - Processing file /home/airflow/.local/lib/python3.8/site-packages/airflow/example_dags/tutorial.py for tasks to queue
[2023-12-03T05:31:25.927+0000] {logging_mixin.py:151} INFO - [2023-12-03T05:31:25.927+0000] {dagbag.py:539} INFO - Filling up the DagBag from /home/airflow/.local/lib/python3.8/site-packages/airflow/example_dags/tutorial.py
[2023-12-03T05:31:25.932+0000] {processor.py:839} INFO - DAG(s) dict_keys(['tutorial']) retrieved from /home/airflow/.local/lib/python3.8/site-packages/airflow/example_dags/tutorial.py
[2023-12-03T05:31:25.947+0000] {logging_mixin.py:151} INFO - [2023-12-03T05:31:25.947+0000] {dag.py:2915} INFO - Sync 1 DAGs
[2023-12-03T05:31:25.961+0000] {logging_mixin.py:151} INFO - [2023-12-03T05:31:25.961+0000] {dag.py:3696} INFO - Setting next_dagrun for tutorial to 2023-12-02T05:31:25.961467+00:00, run_after=2023-12-03T05:31:25.961467+00:00
[2023-12-03T05:31:25.973+0000] {processor.py:179} INFO - Processing /home/airflow/.local/lib/python3.8/site-packages/airflow/example_dags/tutorial.py took 0.051 seconds
[2023-12-03T05:31:56.216+0000] {processor.py:157} INFO - Started process (PID=442) to work on /home/airflow/.local/lib/python3.8/site-packages/airflow/example_dags/tutorial.py
[2023-12-03T05:31:56.217+0000] {processor.py:829} INFO - Processing file /home/airflow/.local/lib/python3.8/site-packages/airflow/example_dags/tutorial.py for tasks to queue
[2023-12-03T05:31:56.218+0000] {logging_mixin.py:151} INFO - [2023-12-03T05:31:56.218+0000] {dagbag.py:539} INFO - Filling up the DagBag from /home/airflow/.local/lib/python3.8/site-packages/airflow/example_dags/tutorial.py
[2023-12-03T05:31:56.222+0000] {processor.py:839} INFO - DAG(s) dict_keys(['tutorial']) retrieved from /home/airflow/.local/lib/python3.8/site-packages/airflow/example_dags/tutorial.py
[2023-12-03T05:31:56.237+0000] {logging_mixin.py:151} INFO - [2023-12-03T05:31:56.237+0000] {dag.py:2915} INFO - Sync 1 DAGs
[2023-12-03T05:31:56.250+0000] {logging_mixin.py:151} INFO - [2023-12-03T05:31:56.250+0000] {dag.py:3696} INFO - Setting next_dagrun for tutorial to 2023-12-02T05:31:56.250311+00:00, run_after=2023-12-03T05:31:56.250311+00:00
[2023-12-03T05:31:56.261+0000] {processor.py:179} INFO - Processing /home/airflow/.local/lib/python3.8/site-packages/airflow/example_dags/tutorial.py took 0.048 seconds
[2023-12-03T05:32:26.590+0000] {processor.py:157} INFO - Started process (PID=498) to work on /home/airflow/.local/lib/python3.8/site-packages/airflow/example_dags/tutorial.py
[2023-12-03T05:32:26.591+0000] {processor.py:829} INFO - Processing file /home/airflow/.local/lib/python3.8/site-packages/airflow/example_dags/tutorial.py for tasks to queue
[2023-12-03T05:32:26.592+0000] {logging_mixin.py:151} INFO - [2023-12-03T05:32:26.592+0000] {dagbag.py:539} INFO - Filling up the DagBag from /home/airflow/.local/lib/python3.8/site-packages/airflow/example_dags/tutorial.py
[2023-12-03T05:32:26.596+0000] {processor.py:839} INFO - DAG(s) dict_keys(['tutorial']) retrieved from /home/airflow/.local/lib/python3.8/site-packages/airflow/example_dags/tutorial.py
[2023-12-03T05:32:26.610+0000] {logging_mixin.py:151} INFO - [2023-12-03T05:32:26.610+0000] {dag.py:2915} INFO - Sync 1 DAGs
[2023-12-03T05:32:26.624+0000] {logging_mixin.py:151} INFO - [2023-12-03T05:32:26.624+0000] {dag.py:3696} INFO - Setting next_dagrun for tutorial to 2023-12-02T05:32:26.623944+00:00, run_after=2023-12-03T05:32:26.623944+00:00
[2023-12-03T05:32:26.635+0000] {processor.py:179} INFO - Processing /home/airflow/.local/lib/python3.8/site-packages/airflow/example_dags/tutorial.py took 0.048 seconds
[2023-12-03T05:32:56.856+0000] {processor.py:157} INFO - Started process (PID=554) to work on /home/airflow/.local/lib/python3.8/site-packages/airflow/example_dags/tutorial.py
[2023-12-03T05:32:56.858+0000] {processor.py:829} INFO - Processing file /home/airflow/.local/lib/python3.8/site-packages/airflow/example_dags/tutorial.py for tasks to queue
[2023-12-03T05:32:56.860+0000] {logging_mixin.py:151} INFO - [2023-12-03T05:32:56.860+0000] {dagbag.py:539} INFO - Filling up the DagBag from /home/airflow/.local/lib/python3.8/site-packages/airflow/example_dags/tutorial.py
[2023-12-03T05:32:56.864+0000] {processor.py:839} INFO - DAG(s) dict_keys(['tutorial']) retrieved from /home/airflow/.local/lib/python3.8/site-packages/airflow/example_dags/tutorial.py
[2023-12-03T05:32:56.880+0000] {logging_mixin.py:151} INFO - [2023-12-03T05:32:56.880+0000] {dag.py:2915} INFO - Sync 1 DAGs
[2023-12-03T05:32:56.894+0000] {logging_mixin.py:151} INFO - [2023-12-03T05:32:56.894+0000] {dag.py:3696} INFO - Setting next_dagrun for tutorial to 2023-12-02T05:32:56.894324+00:00, run_after=2023-12-03T05:32:56.894324+00:00
[2023-12-03T05:32:56.906+0000] {processor.py:179} INFO - Processing /home/airflow/.local/lib/python3.8/site-packages/airflow/example_dags/tutorial.py took 0.052 seconds
[2023-12-03T05:33:27.148+0000] {processor.py:157} INFO - Started process (PID=610) to work on /home/airflow/.local/lib/python3.8/site-packages/airflow/example_dags/tutorial.py
[2023-12-03T05:33:27.150+0000] {processor.py:829} INFO - Processing file /home/airflow/.local/lib/python3.8/site-packages/airflow/example_dags/tutorial.py for tasks to queue
[2023-12-03T05:33:27.151+0000] {logging_mixin.py:151} INFO - [2023-12-03T05:33:27.151+0000] {dagbag.py:539} INFO - Filling up the DagBag from /home/airflow/.local/lib/python3.8/site-packages/airflow/example_dags/tutorial.py
[2023-12-03T05:33:27.155+0000] {processor.py:839} INFO - DAG(s) dict_keys(['tutorial']) retrieved from /home/airflow/.local/lib/python3.8/site-packages/airflow/example_dags/tutorial.py
[2023-12-03T05:33:27.169+0000] {logging_mixin.py:151} INFO - [2023-12-03T05:33:27.169+0000] {dag.py:2915} INFO - Sync 1 DAGs
[2023-12-03T05:33:27.182+0000] {logging_mixin.py:151} INFO - [2023-12-03T05:33:27.182+0000] {dag.py:3696} INFO - Setting next_dagrun for tutorial to 2023-12-02T05:33:27.182529+00:00, run_after=2023-12-03T05:33:27.182529+00:00
[2023-12-03T05:33:27.193+0000] {processor.py:179} INFO - Processing /home/airflow/.local/lib/python3.8/site-packages/airflow/example_dags/tutorial.py took 0.047 seconds
[2023-12-03T05:33:57.451+0000] {processor.py:157} INFO - Started process (PID=666) to work on /home/airflow/.local/lib/python3.8/site-packages/airflow/example_dags/tutorial.py
[2023-12-03T05:33:57.452+0000] {processor.py:829} INFO - Processing file /home/airflow/.local/lib/python3.8/site-packages/airflow/example_dags/tutorial.py for tasks to queue
[2023-12-03T05:33:57.453+0000] {logging_mixin.py:151} INFO - [2023-12-03T05:33:57.453+0000] {dagbag.py:539} INFO - Filling up the DagBag from /home/airflow/.local/lib/python3.8/site-packages/airflow/example_dags/tutorial.py
[2023-12-03T05:33:57.457+0000] {processor.py:839} INFO - DAG(s) dict_keys(['tutorial']) retrieved from /home/airflow/.local/lib/python3.8/site-packages/airflow/example_dags/tutorial.py
[2023-12-03T05:33:57.471+0000] {logging_mixin.py:151} INFO - [2023-12-03T05:33:57.471+0000] {dag.py:2915} INFO - Sync 1 DAGs
[2023-12-03T05:33:57.484+0000] {logging_mixin.py:151} INFO - [2023-12-03T05:33:57.484+0000] {dag.py:3696} INFO - Setting next_dagrun for tutorial to 2023-12-02T05:33:57.484373+00:00, run_after=2023-12-03T05:33:57.484373+00:00
[2023-12-03T05:33:57.495+0000] {processor.py:179} INFO - Processing /home/airflow/.local/lib/python3.8/site-packages/airflow/example_dags/tutorial.py took 0.047 seconds
[2023-12-03T05:34:27.623+0000] {processor.py:157} INFO - Started process (PID=723) to work on /home/airflow/.local/lib/python3.8/site-packages/airflow/example_dags/tutorial.py
[2023-12-03T05:34:27.624+0000] {processor.py:829} INFO - Processing file /home/airflow/.local/lib/python3.8/site-packages/airflow/example_dags/tutorial.py for tasks to queue
[2023-12-03T05:34:27.625+0000] {logging_mixin.py:151} INFO - [2023-12-03T05:34:27.625+0000] {dagbag.py:539} INFO - Filling up the DagBag from /home/airflow/.local/lib/python3.8/site-packages/airflow/example_dags/tutorial.py
[2023-12-03T05:34:27.630+0000] {processor.py:839} INFO - DAG(s) dict_keys(['tutorial']) retrieved from /home/airflow/.local/lib/python3.8/site-packages/airflow/example_dags/tutorial.py
[2023-12-03T05:34:27.645+0000] {logging_mixin.py:151} INFO - [2023-12-03T05:34:27.645+0000] {dag.py:2915} INFO - Sync 1 DAGs
[2023-12-03T05:34:27.660+0000] {logging_mixin.py:151} INFO - [2023-12-03T05:34:27.660+0000] {dag.py:3696} INFO - Setting next_dagrun for tutorial to 2023-12-02T05:34:27.660087+00:00, run_after=2023-12-03T05:34:27.660087+00:00
[2023-12-03T05:34:27.673+0000] {processor.py:179} INFO - Processing /home/airflow/.local/lib/python3.8/site-packages/airflow/example_dags/tutorial.py took 0.053 seconds
[2023-12-03T05:34:57.694+0000] {processor.py:157} INFO - Started process (PID=779) to work on /home/airflow/.local/lib/python3.8/site-packages/airflow/example_dags/tutorial.py
[2023-12-03T05:34:57.695+0000] {processor.py:829} INFO - Processing file /home/airflow/.local/lib/python3.8/site-packages/airflow/example_dags/tutorial.py for tasks to queue
[2023-12-03T05:34:57.697+0000] {logging_mixin.py:151} INFO - [2023-12-03T05:34:57.697+0000] {dagbag.py:539} INFO - Filling up the DagBag from /home/airflow/.local/lib/python3.8/site-packages/airflow/example_dags/tutorial.py
[2023-12-03T05:34:57.701+0000] {processor.py:839} INFO - DAG(s) dict_keys(['tutorial']) retrieved from /home/airflow/.local/lib/python3.8/site-packages/airflow/example_dags/tutorial.py
[2023-12-03T05:34:57.717+0000] {logging_mixin.py:151} INFO - [2023-12-03T05:34:57.716+0000] {dag.py:2915} INFO - Sync 1 DAGs
[2023-12-03T05:34:57.732+0000] {logging_mixin.py:151} INFO - [2023-12-03T05:34:57.731+0000] {dag.py:3696} INFO - Setting next_dagrun for tutorial to 2023-12-02T05:34:57.731717+00:00, run_after=2023-12-03T05:34:57.731717+00:00
[2023-12-03T05:34:57.743+0000] {processor.py:179} INFO - Processing /home/airflow/.local/lib/python3.8/site-packages/airflow/example_dags/tutorial.py took 0.052 seconds
[2023-12-03T05:35:27.865+0000] {processor.py:157} INFO - Started process (PID=834) to work on /home/airflow/.local/lib/python3.8/site-packages/airflow/example_dags/tutorial.py
[2023-12-03T05:35:27.868+0000] {processor.py:829} INFO - Processing file /home/airflow/.local/lib/python3.8/site-packages/airflow/example_dags/tutorial.py for tasks to queue
[2023-12-03T05:35:27.880+0000] {logging_mixin.py:151} INFO - [2023-12-03T05:35:27.880+0000] {dagbag.py:539} INFO - Filling up the DagBag from /home/airflow/.local/lib/python3.8/site-packages/airflow/example_dags/tutorial.py
[2023-12-03T05:35:27.884+0000] {processor.py:839} INFO - DAG(s) dict_keys(['tutorial']) retrieved from /home/airflow/.local/lib/python3.8/site-packages/airflow/example_dags/tutorial.py
[2023-12-03T05:35:27.907+0000] {logging_mixin.py:151} INFO - [2023-12-03T05:35:27.907+0000] {dag.py:2915} INFO - Sync 1 DAGs
[2023-12-03T05:35:27.926+0000] {logging_mixin.py:151} INFO - [2023-12-03T05:35:27.926+0000] {dag.py:3696} INFO - Setting next_dagrun for tutorial to 2023-12-02T05:35:27.926642+00:00, run_after=2023-12-03T05:35:27.926642+00:00
[2023-12-03T05:35:27.949+0000] {processor.py:179} INFO - Processing /home/airflow/.local/lib/python3.8/site-packages/airflow/example_dags/tutorial.py took 0.086 seconds
[2023-12-03T05:35:58.126+0000] {processor.py:157} INFO - Started process (PID=890) to work on /home/airflow/.local/lib/python3.8/site-packages/airflow/example_dags/tutorial.py
[2023-12-03T05:35:58.127+0000] {processor.py:829} INFO - Processing file /home/airflow/.local/lib/python3.8/site-packages/airflow/example_dags/tutorial.py for tasks to queue
[2023-12-03T05:35:58.129+0000] {logging_mixin.py:151} INFO - [2023-12-03T05:35:58.129+0000] {dagbag.py:539} INFO - Filling up the DagBag from /home/airflow/.local/lib/python3.8/site-packages/airflow/example_dags/tutorial.py
[2023-12-03T05:35:58.134+0000] {processor.py:839} INFO - DAG(s) dict_keys(['tutorial']) retrieved from /home/airflow/.local/lib/python3.8/site-packages/airflow/example_dags/tutorial.py
[2023-12-03T05:35:58.149+0000] {logging_mixin.py:151} INFO - [2023-12-03T05:35:58.149+0000] {dag.py:2915} INFO - Sync 1 DAGs
[2023-12-03T05:35:58.162+0000] {logging_mixin.py:151} INFO - [2023-12-03T05:35:58.162+0000] {dag.py:3696} INFO - Setting next_dagrun for tutorial to 2023-12-02T05:35:58.162467+00:00, run_after=2023-12-03T05:35:58.162467+00:00
[2023-12-03T05:35:58.175+0000] {processor.py:179} INFO - Processing /home/airflow/.local/lib/python3.8/site-packages/airflow/example_dags/tutorial.py took 0.052 seconds
[2023-12-03T05:36:28.498+0000] {processor.py:157} INFO - Started process (PID=946) to work on /home/airflow/.local/lib/python3.8/site-packages/airflow/example_dags/tutorial.py
[2023-12-03T05:36:28.499+0000] {processor.py:829} INFO - Processing file /home/airflow/.local/lib/python3.8/site-packages/airflow/example_dags/tutorial.py for tasks to queue
[2023-12-03T05:36:28.501+0000] {logging_mixin.py:151} INFO - [2023-12-03T05:36:28.501+0000] {dagbag.py:539} INFO - Filling up the DagBag from /home/airflow/.local/lib/python3.8/site-packages/airflow/example_dags/tutorial.py
[2023-12-03T05:36:28.506+0000] {processor.py:839} INFO - DAG(s) dict_keys(['tutorial']) retrieved from /home/airflow/.local/lib/python3.8/site-packages/airflow/example_dags/tutorial.py
[2023-12-03T05:36:28.520+0000] {logging_mixin.py:151} INFO - [2023-12-03T05:36:28.520+0000] {dag.py:2915} INFO - Sync 1 DAGs
[2023-12-03T05:36:28.534+0000] {logging_mixin.py:151} INFO - [2023-12-03T05:36:28.534+0000] {dag.py:3696} INFO - Setting next_dagrun for tutorial to 2023-12-02T05:36:28.534071+00:00, run_after=2023-12-03T05:36:28.534071+00:00
[2023-12-03T05:36:28.546+0000] {processor.py:179} INFO - Processing /home/airflow/.local/lib/python3.8/site-packages/airflow/example_dags/tutorial.py took 0.050 seconds
[2023-12-03T05:36:58.852+0000] {processor.py:157} INFO - Started process (PID=1002) to work on /home/airflow/.local/lib/python3.8/site-packages/airflow/example_dags/tutorial.py
[2023-12-03T05:36:58.853+0000] {processor.py:829} INFO - Processing file /home/airflow/.local/lib/python3.8/site-packages/airflow/example_dags/tutorial.py for tasks to queue
[2023-12-03T05:36:58.855+0000] {logging_mixin.py:151} INFO - [2023-12-03T05:36:58.854+0000] {dagbag.py:539} INFO - Filling up the DagBag from /home/airflow/.local/lib/python3.8/site-packages/airflow/example_dags/tutorial.py
[2023-12-03T05:36:58.859+0000] {processor.py:839} INFO - DAG(s) dict_keys(['tutorial']) retrieved from /home/airflow/.local/lib/python3.8/site-packages/airflow/example_dags/tutorial.py
[2023-12-03T05:36:58.871+0000] {logging_mixin.py:151} INFO - [2023-12-03T05:36:58.871+0000] {dag.py:2915} INFO - Sync 1 DAGs
[2023-12-03T05:36:58.884+0000] {logging_mixin.py:151} INFO - [2023-12-03T05:36:58.884+0000] {dag.py:3696} INFO - Setting next_dagrun for tutorial to 2023-12-02T05:36:58.884307+00:00, run_after=2023-12-03T05:36:58.884307+00:00
[2023-12-03T05:36:58.896+0000] {processor.py:179} INFO - Processing /home/airflow/.local/lib/python3.8/site-packages/airflow/example_dags/tutorial.py took 0.046 seconds
[2023-12-03T05:37:29.009+0000] {processor.py:157} INFO - Started process (PID=1058) to work on /home/airflow/.local/lib/python3.8/site-packages/airflow/example_dags/tutorial.py
[2023-12-03T05:37:29.010+0000] {processor.py:829} INFO - Processing file /home/airflow/.local/lib/python3.8/site-packages/airflow/example_dags/tutorial.py for tasks to queue
[2023-12-03T05:37:29.012+0000] {logging_mixin.py:151} INFO - [2023-12-03T05:37:29.012+0000] {dagbag.py:539} INFO - Filling up the DagBag from /home/airflow/.local/lib/python3.8/site-packages/airflow/example_dags/tutorial.py
[2023-12-03T05:37:29.016+0000] {processor.py:839} INFO - DAG(s) dict_keys(['tutorial']) retrieved from /home/airflow/.local/lib/python3.8/site-packages/airflow/example_dags/tutorial.py
[2023-12-03T05:37:29.029+0000] {logging_mixin.py:151} INFO - [2023-12-03T05:37:29.029+0000] {dag.py:2915} INFO - Sync 1 DAGs
[2023-12-03T05:37:29.042+0000] {logging_mixin.py:151} INFO - [2023-12-03T05:37:29.041+0000] {dag.py:3696} INFO - Setting next_dagrun for tutorial to 2023-12-02T05:37:29.041760+00:00, run_after=2023-12-03T05:37:29.041760+00:00
[2023-12-03T05:37:29.053+0000] {processor.py:179} INFO - Processing /home/airflow/.local/lib/python3.8/site-packages/airflow/example_dags/tutorial.py took 0.046 seconds
[2023-12-03T05:37:59.356+0000] {processor.py:157} INFO - Started process (PID=1114) to work on /home/airflow/.local/lib/python3.8/site-packages/airflow/example_dags/tutorial.py
[2023-12-03T05:37:59.357+0000] {processor.py:829} INFO - Processing file /home/airflow/.local/lib/python3.8/site-packages/airflow/example_dags/tutorial.py for tasks to queue
[2023-12-03T05:37:59.359+0000] {logging_mixin.py:151} INFO - [2023-12-03T05:37:59.359+0000] {dagbag.py:539} INFO - Filling up the DagBag from /home/airflow/.local/lib/python3.8/site-packages/airflow/example_dags/tutorial.py
[2023-12-03T05:37:59.364+0000] {processor.py:839} INFO - DAG(s) dict_keys(['tutorial']) retrieved from /home/airflow/.local/lib/python3.8/site-packages/airflow/example_dags/tutorial.py
[2023-12-03T05:37:59.380+0000] {logging_mixin.py:151} INFO - [2023-12-03T05:37:59.380+0000] {dag.py:2915} INFO - Sync 1 DAGs
[2023-12-03T05:37:59.393+0000] {logging_mixin.py:151} INFO - [2023-12-03T05:37:59.393+0000] {dag.py:3696} INFO - Setting next_dagrun for tutorial to 2023-12-02T05:37:59.392953+00:00, run_after=2023-12-03T05:37:59.392953+00:00
[2023-12-03T05:37:59.403+0000] {processor.py:179} INFO - Processing /home/airflow/.local/lib/python3.8/site-packages/airflow/example_dags/tutorial.py took 0.049 seconds
[2023-12-03T05:38:29.784+0000] {processor.py:157} INFO - Started process (PID=1170) to work on /home/airflow/.local/lib/python3.8/site-packages/airflow/example_dags/tutorial.py
[2023-12-03T05:38:29.785+0000] {processor.py:829} INFO - Processing file /home/airflow/.local/lib/python3.8/site-packages/airflow/example_dags/tutorial.py for tasks to queue
[2023-12-03T05:38:29.787+0000] {logging_mixin.py:151} INFO - [2023-12-03T05:38:29.787+0000] {dagbag.py:539} INFO - Filling up the DagBag from /home/airflow/.local/lib/python3.8/site-packages/airflow/example_dags/tutorial.py
[2023-12-03T05:38:29.791+0000] {processor.py:839} INFO - DAG(s) dict_keys(['tutorial']) retrieved from /home/airflow/.local/lib/python3.8/site-packages/airflow/example_dags/tutorial.py
[2023-12-03T05:38:29.805+0000] {logging_mixin.py:151} INFO - [2023-12-03T05:38:29.805+0000] {dag.py:2915} INFO - Sync 1 DAGs
[2023-12-03T05:38:29.820+0000] {logging_mixin.py:151} INFO - [2023-12-03T05:38:29.819+0000] {dag.py:3696} INFO - Setting next_dagrun for tutorial to 2023-12-02T05:38:29.819756+00:00, run_after=2023-12-03T05:38:29.819756+00:00
[2023-12-03T05:38:29.830+0000] {processor.py:179} INFO - Processing /home/airflow/.local/lib/python3.8/site-packages/airflow/example_dags/tutorial.py took 0.048 seconds
[2023-12-03T05:39:00.247+0000] {processor.py:157} INFO - Started process (PID=1226) to work on /home/airflow/.local/lib/python3.8/site-packages/airflow/example_dags/tutorial.py
[2023-12-03T05:39:00.248+0000] {processor.py:829} INFO - Processing file /home/airflow/.local/lib/python3.8/site-packages/airflow/example_dags/tutorial.py for tasks to queue
[2023-12-03T05:39:00.250+0000] {logging_mixin.py:151} INFO - [2023-12-03T05:39:00.249+0000] {dagbag.py:539} INFO - Filling up the DagBag from /home/airflow/.local/lib/python3.8/site-packages/airflow/example_dags/tutorial.py
[2023-12-03T05:39:00.254+0000] {processor.py:839} INFO - DAG(s) dict_keys(['tutorial']) retrieved from /home/airflow/.local/lib/python3.8/site-packages/airflow/example_dags/tutorial.py
[2023-12-03T05:39:00.268+0000] {logging_mixin.py:151} INFO - [2023-12-03T05:39:00.268+0000] {dag.py:2915} INFO - Sync 1 DAGs
[2023-12-03T05:39:00.281+0000] {logging_mixin.py:151} INFO - [2023-12-03T05:39:00.281+0000] {dag.py:3696} INFO - Setting next_dagrun for tutorial to 2023-12-02T05:39:00.281241+00:00, run_after=2023-12-03T05:39:00.281241+00:00
[2023-12-03T05:39:00.291+0000] {processor.py:179} INFO - Processing /home/airflow/.local/lib/python3.8/site-packages/airflow/example_dags/tutorial.py took 0.047 seconds
[2023-12-03T05:39:30.566+0000] {processor.py:157} INFO - Started process (PID=1282) to work on /home/airflow/.local/lib/python3.8/site-packages/airflow/example_dags/tutorial.py
[2023-12-03T05:39:30.567+0000] {processor.py:829} INFO - Processing file /home/airflow/.local/lib/python3.8/site-packages/airflow/example_dags/tutorial.py for tasks to queue
[2023-12-03T05:39:30.569+0000] {logging_mixin.py:151} INFO - [2023-12-03T05:39:30.569+0000] {dagbag.py:539} INFO - Filling up the DagBag from /home/airflow/.local/lib/python3.8/site-packages/airflow/example_dags/tutorial.py
[2023-12-03T05:39:30.573+0000] {processor.py:839} INFO - DAG(s) dict_keys(['tutorial']) retrieved from /home/airflow/.local/lib/python3.8/site-packages/airflow/example_dags/tutorial.py
[2023-12-03T05:39:30.586+0000] {logging_mixin.py:151} INFO - [2023-12-03T05:39:30.586+0000] {dag.py:2915} INFO - Sync 1 DAGs
[2023-12-03T05:39:30.600+0000] {logging_mixin.py:151} INFO - [2023-12-03T05:39:30.600+0000] {dag.py:3696} INFO - Setting next_dagrun for tutorial to 2023-12-02T05:39:30.600002+00:00, run_after=2023-12-03T05:39:30.600002+00:00
[2023-12-03T05:39:30.611+0000] {processor.py:179} INFO - Processing /home/airflow/.local/lib/python3.8/site-packages/airflow/example_dags/tutorial.py took 0.047 seconds
[2023-12-03T05:40:01.057+0000] {processor.py:157} INFO - Started process (PID=1338) to work on /home/airflow/.local/lib/python3.8/site-packages/airflow/example_dags/tutorial.py
[2023-12-03T05:40:01.058+0000] {processor.py:829} INFO - Processing file /home/airflow/.local/lib/python3.8/site-packages/airflow/example_dags/tutorial.py for tasks to queue
[2023-12-03T05:40:01.059+0000] {logging_mixin.py:151} INFO - [2023-12-03T05:40:01.059+0000] {dagbag.py:539} INFO - Filling up the DagBag from /home/airflow/.local/lib/python3.8/site-packages/airflow/example_dags/tutorial.py
[2023-12-03T05:40:01.064+0000] {processor.py:839} INFO - DAG(s) dict_keys(['tutorial']) retrieved from /home/airflow/.local/lib/python3.8/site-packages/airflow/example_dags/tutorial.py
[2023-12-03T05:40:01.077+0000] {logging_mixin.py:151} INFO - [2023-12-03T05:40:01.077+0000] {dag.py:2915} INFO - Sync 1 DAGs
[2023-12-03T05:40:01.090+0000] {logging_mixin.py:151} INFO - [2023-12-03T05:40:01.090+0000] {dag.py:3696} INFO - Setting next_dagrun for tutorial to 2023-12-02T05:40:01.090367+00:00, run_after=2023-12-03T05:40:01.090367+00:00
[2023-12-03T05:40:01.100+0000] {processor.py:179} INFO - Processing /home/airflow/.local/lib/python3.8/site-packages/airflow/example_dags/tutorial.py took 0.045 seconds
[2023-12-03T05:40:31.308+0000] {processor.py:157} INFO - Started process (PID=1394) to work on /home/airflow/.local/lib/python3.8/site-packages/airflow/example_dags/tutorial.py
[2023-12-03T05:40:31.309+0000] {processor.py:829} INFO - Processing file /home/airflow/.local/lib/python3.8/site-packages/airflow/example_dags/tutorial.py for tasks to queue
[2023-12-03T05:40:31.310+0000] {logging_mixin.py:151} INFO - [2023-12-03T05:40:31.310+0000] {dagbag.py:539} INFO - Filling up the DagBag from /home/airflow/.local/lib/python3.8/site-packages/airflow/example_dags/tutorial.py
[2023-12-03T05:40:31.314+0000] {processor.py:839} INFO - DAG(s) dict_keys(['tutorial']) retrieved from /home/airflow/.local/lib/python3.8/site-packages/airflow/example_dags/tutorial.py
[2023-12-03T05:40:31.329+0000] {logging_mixin.py:151} INFO - [2023-12-03T05:40:31.328+0000] {dag.py:2915} INFO - Sync 1 DAGs
[2023-12-03T05:40:31.342+0000] {logging_mixin.py:151} INFO - [2023-12-03T05:40:31.342+0000] {dag.py:3696} INFO - Setting next_dagrun for tutorial to 2023-12-02T05:40:31.342476+00:00, run_after=2023-12-03T05:40:31.342476+00:00
[2023-12-03T05:40:31.355+0000] {processor.py:179} INFO - Processing /home/airflow/.local/lib/python3.8/site-packages/airflow/example_dags/tutorial.py took 0.049 seconds
[2023-12-03T05:41:01.840+0000] {processor.py:157} INFO - Started process (PID=1450) to work on /home/airflow/.local/lib/python3.8/site-packages/airflow/example_dags/tutorial.py
[2023-12-03T05:41:01.842+0000] {processor.py:829} INFO - Processing file /home/airflow/.local/lib/python3.8/site-packages/airflow/example_dags/tutorial.py for tasks to queue
[2023-12-03T05:41:01.843+0000] {logging_mixin.py:151} INFO - [2023-12-03T05:41:01.843+0000] {dagbag.py:539} INFO - Filling up the DagBag from /home/airflow/.local/lib/python3.8/site-packages/airflow/example_dags/tutorial.py
[2023-12-03T05:41:01.847+0000] {processor.py:839} INFO - DAG(s) dict_keys(['tutorial']) retrieved from /home/airflow/.local/lib/python3.8/site-packages/airflow/example_dags/tutorial.py
[2023-12-03T05:41:01.859+0000] {logging_mixin.py:151} INFO - [2023-12-03T05:41:01.859+0000] {dag.py:2915} INFO - Sync 1 DAGs
[2023-12-03T05:41:01.872+0000] {logging_mixin.py:151} INFO - [2023-12-03T05:41:01.872+0000] {dag.py:3696} INFO - Setting next_dagrun for tutorial to 2023-12-02T05:41:01.872306+00:00, run_after=2023-12-03T05:41:01.872306+00:00
[2023-12-03T05:41:01.882+0000] {processor.py:179} INFO - Processing /home/airflow/.local/lib/python3.8/site-packages/airflow/example_dags/tutorial.py took 0.044 seconds
[2023-12-03T05:41:32.497+0000] {processor.py:157} INFO - Started process (PID=1507) to work on /home/airflow/.local/lib/python3.8/site-packages/airflow/example_dags/tutorial.py
[2023-12-03T05:41:32.499+0000] {processor.py:829} INFO - Processing file /home/airflow/.local/lib/python3.8/site-packages/airflow/example_dags/tutorial.py for tasks to queue
[2023-12-03T05:41:32.500+0000] {logging_mixin.py:151} INFO - [2023-12-03T05:41:32.500+0000] {dagbag.py:539} INFO - Filling up the DagBag from /home/airflow/.local/lib/python3.8/site-packages/airflow/example_dags/tutorial.py
[2023-12-03T05:41:32.505+0000] {processor.py:839} INFO - DAG(s) dict_keys(['tutorial']) retrieved from /home/airflow/.local/lib/python3.8/site-packages/airflow/example_dags/tutorial.py
[2023-12-03T05:41:32.519+0000] {logging_mixin.py:151} INFO - [2023-12-03T05:41:32.519+0000] {dag.py:2915} INFO - Sync 1 DAGs
[2023-12-03T05:41:32.533+0000] {logging_mixin.py:151} INFO - [2023-12-03T05:41:32.533+0000] {dag.py:3696} INFO - Setting next_dagrun for tutorial to 2023-12-02T05:41:32.533609+00:00, run_after=2023-12-03T05:41:32.533609+00:00
[2023-12-03T05:41:32.545+0000] {processor.py:179} INFO - Processing /home/airflow/.local/lib/python3.8/site-packages/airflow/example_dags/tutorial.py took 0.051 seconds
[2023-12-03T05:42:03.124+0000] {processor.py:157} INFO - Started process (PID=1563) to work on /home/airflow/.local/lib/python3.8/site-packages/airflow/example_dags/tutorial.py
[2023-12-03T05:42:03.125+0000] {processor.py:829} INFO - Processing file /home/airflow/.local/lib/python3.8/site-packages/airflow/example_dags/tutorial.py for tasks to queue
[2023-12-03T05:42:03.127+0000] {logging_mixin.py:151} INFO - [2023-12-03T05:42:03.127+0000] {dagbag.py:539} INFO - Filling up the DagBag from /home/airflow/.local/lib/python3.8/site-packages/airflow/example_dags/tutorial.py
[2023-12-03T05:42:03.132+0000] {processor.py:839} INFO - DAG(s) dict_keys(['tutorial']) retrieved from /home/airflow/.local/lib/python3.8/site-packages/airflow/example_dags/tutorial.py
[2023-12-03T05:42:03.147+0000] {logging_mixin.py:151} INFO - [2023-12-03T05:42:03.147+0000] {dag.py:2915} INFO - Sync 1 DAGs
[2023-12-03T05:42:03.161+0000] {logging_mixin.py:151} INFO - [2023-12-03T05:42:03.161+0000] {dag.py:3696} INFO - Setting next_dagrun for tutorial to 2023-12-02T05:42:03.161517+00:00, run_after=2023-12-03T05:42:03.161517+00:00
[2023-12-03T05:42:03.174+0000] {processor.py:179} INFO - Processing /home/airflow/.local/lib/python3.8/site-packages/airflow/example_dags/tutorial.py took 0.052 seconds
[2023-12-03T05:42:33.273+0000] {processor.py:157} INFO - Started process (PID=1619) to work on /home/airflow/.local/lib/python3.8/site-packages/airflow/example_dags/tutorial.py
[2023-12-03T05:42:33.274+0000] {processor.py:829} INFO - Processing file /home/airflow/.local/lib/python3.8/site-packages/airflow/example_dags/tutorial.py for tasks to queue
[2023-12-03T05:42:33.276+0000] {logging_mixin.py:151} INFO - [2023-12-03T05:42:33.276+0000] {dagbag.py:539} INFO - Filling up the DagBag from /home/airflow/.local/lib/python3.8/site-packages/airflow/example_dags/tutorial.py
[2023-12-03T05:42:33.280+0000] {processor.py:839} INFO - DAG(s) dict_keys(['tutorial']) retrieved from /home/airflow/.local/lib/python3.8/site-packages/airflow/example_dags/tutorial.py
[2023-12-03T05:42:33.295+0000] {logging_mixin.py:151} INFO - [2023-12-03T05:42:33.295+0000] {dag.py:2915} INFO - Sync 1 DAGs
[2023-12-03T05:42:33.309+0000] {logging_mixin.py:151} INFO - [2023-12-03T05:42:33.309+0000] {dag.py:3696} INFO - Setting next_dagrun for tutorial to 2023-12-02T05:42:33.309170+00:00, run_after=2023-12-03T05:42:33.309170+00:00
[2023-12-03T05:42:33.320+0000] {processor.py:179} INFO - Processing /home/airflow/.local/lib/python3.8/site-packages/airflow/example_dags/tutorial.py took 0.050 seconds
[2023-12-03T05:43:03.563+0000] {processor.py:157} INFO - Started process (PID=1675) to work on /home/airflow/.local/lib/python3.8/site-packages/airflow/example_dags/tutorial.py
[2023-12-03T05:43:03.565+0000] {processor.py:829} INFO - Processing file /home/airflow/.local/lib/python3.8/site-packages/airflow/example_dags/tutorial.py for tasks to queue
[2023-12-03T05:43:03.566+0000] {logging_mixin.py:151} INFO - [2023-12-03T05:43:03.566+0000] {dagbag.py:539} INFO - Filling up the DagBag from /home/airflow/.local/lib/python3.8/site-packages/airflow/example_dags/tutorial.py
[2023-12-03T05:43:03.571+0000] {processor.py:839} INFO - DAG(s) dict_keys(['tutorial']) retrieved from /home/airflow/.local/lib/python3.8/site-packages/airflow/example_dags/tutorial.py
[2023-12-03T05:43:03.585+0000] {logging_mixin.py:151} INFO - [2023-12-03T05:43:03.585+0000] {dag.py:2915} INFO - Sync 1 DAGs
[2023-12-03T05:43:03.600+0000] {logging_mixin.py:151} INFO - [2023-12-03T05:43:03.599+0000] {dag.py:3696} INFO - Setting next_dagrun for tutorial to 2023-12-02T05:43:03.599771+00:00, run_after=2023-12-03T05:43:03.599771+00:00
[2023-12-03T05:43:03.611+0000] {processor.py:179} INFO - Processing /home/airflow/.local/lib/python3.8/site-packages/airflow/example_dags/tutorial.py took 0.050 seconds
[2023-12-03T05:43:33.954+0000] {processor.py:157} INFO - Started process (PID=1731) to work on /home/airflow/.local/lib/python3.8/site-packages/airflow/example_dags/tutorial.py
[2023-12-03T05:43:33.955+0000] {processor.py:829} INFO - Processing file /home/airflow/.local/lib/python3.8/site-packages/airflow/example_dags/tutorial.py for tasks to queue
[2023-12-03T05:43:33.956+0000] {logging_mixin.py:151} INFO - [2023-12-03T05:43:33.956+0000] {dagbag.py:539} INFO - Filling up the DagBag from /home/airflow/.local/lib/python3.8/site-packages/airflow/example_dags/tutorial.py
[2023-12-03T05:43:33.960+0000] {processor.py:839} INFO - DAG(s) dict_keys(['tutorial']) retrieved from /home/airflow/.local/lib/python3.8/site-packages/airflow/example_dags/tutorial.py
[2023-12-03T05:43:33.973+0000] {logging_mixin.py:151} INFO - [2023-12-03T05:43:33.973+0000] {dag.py:2915} INFO - Sync 1 DAGs
[2023-12-03T05:43:33.986+0000] {logging_mixin.py:151} INFO - [2023-12-03T05:43:33.986+0000] {dag.py:3696} INFO - Setting next_dagrun for tutorial to 2023-12-02T05:43:33.986011+00:00, run_after=2023-12-03T05:43:33.986011+00:00
[2023-12-03T05:43:33.997+0000] {processor.py:179} INFO - Processing /home/airflow/.local/lib/python3.8/site-packages/airflow/example_dags/tutorial.py took 0.046 seconds
[2023-12-03T05:44:04.243+0000] {processor.py:157} INFO - Started process (PID=1787) to work on /home/airflow/.local/lib/python3.8/site-packages/airflow/example_dags/tutorial.py
[2023-12-03T05:44:04.245+0000] {processor.py:829} INFO - Processing file /home/airflow/.local/lib/python3.8/site-packages/airflow/example_dags/tutorial.py for tasks to queue
[2023-12-03T05:44:04.247+0000] {logging_mixin.py:151} INFO - [2023-12-03T05:44:04.246+0000] {dagbag.py:539} INFO - Filling up the DagBag from /home/airflow/.local/lib/python3.8/site-packages/airflow/example_dags/tutorial.py
[2023-12-03T05:44:04.251+0000] {processor.py:839} INFO - DAG(s) dict_keys(['tutorial']) retrieved from /home/airflow/.local/lib/python3.8/site-packages/airflow/example_dags/tutorial.py
[2023-12-03T05:44:04.266+0000] {logging_mixin.py:151} INFO - [2023-12-03T05:44:04.266+0000] {dag.py:2915} INFO - Sync 1 DAGs
[2023-12-03T05:44:04.280+0000] {logging_mixin.py:151} INFO - [2023-12-03T05:44:04.280+0000] {dag.py:3696} INFO - Setting next_dagrun for tutorial to 2023-12-02T05:44:04.279993+00:00, run_after=2023-12-03T05:44:04.279993+00:00
[2023-12-03T05:44:04.293+0000] {processor.py:179} INFO - Processing /home/airflow/.local/lib/python3.8/site-packages/airflow/example_dags/tutorial.py took 0.052 seconds
[2023-12-03T05:44:34.592+0000] {processor.py:157} INFO - Started process (PID=1843) to work on /home/airflow/.local/lib/python3.8/site-packages/airflow/example_dags/tutorial.py
[2023-12-03T05:44:34.593+0000] {processor.py:829} INFO - Processing file /home/airflow/.local/lib/python3.8/site-packages/airflow/example_dags/tutorial.py for tasks to queue
[2023-12-03T05:44:34.594+0000] {logging_mixin.py:151} INFO - [2023-12-03T05:44:34.594+0000] {dagbag.py:539} INFO - Filling up the DagBag from /home/airflow/.local/lib/python3.8/site-packages/airflow/example_dags/tutorial.py
[2023-12-03T05:44:34.598+0000] {processor.py:839} INFO - DAG(s) dict_keys(['tutorial']) retrieved from /home/airflow/.local/lib/python3.8/site-packages/airflow/example_dags/tutorial.py
[2023-12-03T05:44:34.611+0000] {logging_mixin.py:151} INFO - [2023-12-03T05:44:34.611+0000] {dag.py:2915} INFO - Sync 1 DAGs
[2023-12-03T05:44:34.623+0000] {logging_mixin.py:151} INFO - [2023-12-03T05:44:34.623+0000] {dag.py:3696} INFO - Setting next_dagrun for tutorial to 2023-12-02T05:44:34.623597+00:00, run_after=2023-12-03T05:44:34.623597+00:00
[2023-12-03T05:44:34.635+0000] {processor.py:179} INFO - Processing /home/airflow/.local/lib/python3.8/site-packages/airflow/example_dags/tutorial.py took 0.046 seconds
[2023-12-03T05:45:04.870+0000] {processor.py:157} INFO - Started process (PID=1899) to work on /home/airflow/.local/lib/python3.8/site-packages/airflow/example_dags/tutorial.py
[2023-12-03T05:45:04.871+0000] {processor.py:829} INFO - Processing file /home/airflow/.local/lib/python3.8/site-packages/airflow/example_dags/tutorial.py for tasks to queue
[2023-12-03T05:45:04.872+0000] {logging_mixin.py:151} INFO - [2023-12-03T05:45:04.872+0000] {dagbag.py:539} INFO - Filling up the DagBag from /home/airflow/.local/lib/python3.8/site-packages/airflow/example_dags/tutorial.py
[2023-12-03T05:45:04.877+0000] {processor.py:839} INFO - DAG(s) dict_keys(['tutorial']) retrieved from /home/airflow/.local/lib/python3.8/site-packages/airflow/example_dags/tutorial.py
[2023-12-03T05:45:04.890+0000] {logging_mixin.py:151} INFO - [2023-12-03T05:45:04.890+0000] {dag.py:2915} INFO - Sync 1 DAGs
[2023-12-03T05:45:04.904+0000] {logging_mixin.py:151} INFO - [2023-12-03T05:45:04.904+0000] {dag.py:3696} INFO - Setting next_dagrun for tutorial to 2023-12-02T05:45:04.903903+00:00, run_after=2023-12-03T05:45:04.903903+00:00
[2023-12-03T05:45:04.915+0000] {processor.py:179} INFO - Processing /home/airflow/.local/lib/python3.8/site-packages/airflow/example_dags/tutorial.py took 0.048 seconds
[2023-12-03T05:45:35.160+0000] {processor.py:157} INFO - Started process (PID=1955) to work on /home/airflow/.local/lib/python3.8/site-packages/airflow/example_dags/tutorial.py
[2023-12-03T05:45:35.162+0000] {processor.py:829} INFO - Processing file /home/airflow/.local/lib/python3.8/site-packages/airflow/example_dags/tutorial.py for tasks to queue
[2023-12-03T05:45:35.163+0000] {logging_mixin.py:151} INFO - [2023-12-03T05:45:35.163+0000] {dagbag.py:539} INFO - Filling up the DagBag from /home/airflow/.local/lib/python3.8/site-packages/airflow/example_dags/tutorial.py
[2023-12-03T05:45:35.168+0000] {processor.py:839} INFO - DAG(s) dict_keys(['tutorial']) retrieved from /home/airflow/.local/lib/python3.8/site-packages/airflow/example_dags/tutorial.py
[2023-12-03T05:45:35.181+0000] {logging_mixin.py:151} INFO - [2023-12-03T05:45:35.181+0000] {dag.py:2915} INFO - Sync 1 DAGs
[2023-12-03T05:45:35.194+0000] {logging_mixin.py:151} INFO - [2023-12-03T05:45:35.194+0000] {dag.py:3696} INFO - Setting next_dagrun for tutorial to 2023-12-02T05:45:35.194614+00:00, run_after=2023-12-03T05:45:35.194614+00:00
[2023-12-03T05:45:35.206+0000] {processor.py:179} INFO - Processing /home/airflow/.local/lib/python3.8/site-packages/airflow/example_dags/tutorial.py took 0.049 seconds
[2023-12-03T05:46:05.608+0000] {processor.py:157} INFO - Started process (PID=2011) to work on /home/airflow/.local/lib/python3.8/site-packages/airflow/example_dags/tutorial.py
[2023-12-03T05:46:05.609+0000] {processor.py:829} INFO - Processing file /home/airflow/.local/lib/python3.8/site-packages/airflow/example_dags/tutorial.py for tasks to queue
[2023-12-03T05:46:05.611+0000] {logging_mixin.py:151} INFO - [2023-12-03T05:46:05.610+0000] {dagbag.py:539} INFO - Filling up the DagBag from /home/airflow/.local/lib/python3.8/site-packages/airflow/example_dags/tutorial.py
[2023-12-03T05:46:05.615+0000] {processor.py:839} INFO - DAG(s) dict_keys(['tutorial']) retrieved from /home/airflow/.local/lib/python3.8/site-packages/airflow/example_dags/tutorial.py
[2023-12-03T05:46:05.629+0000] {logging_mixin.py:151} INFO - [2023-12-03T05:46:05.628+0000] {dag.py:2915} INFO - Sync 1 DAGs
[2023-12-03T05:46:05.642+0000] {logging_mixin.py:151} INFO - [2023-12-03T05:46:05.642+0000] {dag.py:3696} INFO - Setting next_dagrun for tutorial to 2023-12-02T05:46:05.642553+00:00, run_after=2023-12-03T05:46:05.642553+00:00
[2023-12-03T05:46:05.653+0000] {processor.py:179} INFO - Processing /home/airflow/.local/lib/python3.8/site-packages/airflow/example_dags/tutorial.py took 0.048 seconds
[2023-12-03T05:46:35.941+0000] {processor.py:157} INFO - Started process (PID=2067) to work on /home/airflow/.local/lib/python3.8/site-packages/airflow/example_dags/tutorial.py
[2023-12-03T05:46:35.942+0000] {processor.py:829} INFO - Processing file /home/airflow/.local/lib/python3.8/site-packages/airflow/example_dags/tutorial.py for tasks to queue
[2023-12-03T05:46:35.943+0000] {logging_mixin.py:151} INFO - [2023-12-03T05:46:35.943+0000] {dagbag.py:539} INFO - Filling up the DagBag from /home/airflow/.local/lib/python3.8/site-packages/airflow/example_dags/tutorial.py
[2023-12-03T05:46:35.947+0000] {processor.py:839} INFO - DAG(s) dict_keys(['tutorial']) retrieved from /home/airflow/.local/lib/python3.8/site-packages/airflow/example_dags/tutorial.py
[2023-12-03T05:46:35.961+0000] {logging_mixin.py:151} INFO - [2023-12-03T05:46:35.960+0000] {dag.py:2915} INFO - Sync 1 DAGs
[2023-12-03T05:46:35.973+0000] {logging_mixin.py:151} INFO - [2023-12-03T05:46:35.973+0000] {dag.py:3696} INFO - Setting next_dagrun for tutorial to 2023-12-02T05:46:35.973015+00:00, run_after=2023-12-03T05:46:35.973015+00:00
[2023-12-03T05:46:35.984+0000] {processor.py:179} INFO - Processing /home/airflow/.local/lib/python3.8/site-packages/airflow/example_dags/tutorial.py took 0.045 seconds
[2023-12-03T05:47:06.342+0000] {processor.py:157} INFO - Started process (PID=2123) to work on /home/airflow/.local/lib/python3.8/site-packages/airflow/example_dags/tutorial.py
[2023-12-03T05:47:06.343+0000] {processor.py:829} INFO - Processing file /home/airflow/.local/lib/python3.8/site-packages/airflow/example_dags/tutorial.py for tasks to queue
[2023-12-03T05:47:06.345+0000] {logging_mixin.py:151} INFO - [2023-12-03T05:47:06.344+0000] {dagbag.py:539} INFO - Filling up the DagBag from /home/airflow/.local/lib/python3.8/site-packages/airflow/example_dags/tutorial.py
[2023-12-03T05:47:06.349+0000] {processor.py:839} INFO - DAG(s) dict_keys(['tutorial']) retrieved from /home/airflow/.local/lib/python3.8/site-packages/airflow/example_dags/tutorial.py
[2023-12-03T05:47:06.363+0000] {logging_mixin.py:151} INFO - [2023-12-03T05:47:06.362+0000] {dag.py:2915} INFO - Sync 1 DAGs
[2023-12-03T05:47:06.377+0000] {logging_mixin.py:151} INFO - [2023-12-03T05:47:06.377+0000] {dag.py:3696} INFO - Setting next_dagrun for tutorial to 2023-12-02T05:47:06.377389+00:00, run_after=2023-12-03T05:47:06.377389+00:00
[2023-12-03T05:47:06.391+0000] {processor.py:179} INFO - Processing /home/airflow/.local/lib/python3.8/site-packages/airflow/example_dags/tutorial.py took 0.052 seconds
[2023-12-03T05:47:36.526+0000] {processor.py:157} INFO - Started process (PID=2179) to work on /home/airflow/.local/lib/python3.8/site-packages/airflow/example_dags/tutorial.py
[2023-12-03T05:47:36.527+0000] {processor.py:829} INFO - Processing file /home/airflow/.local/lib/python3.8/site-packages/airflow/example_dags/tutorial.py for tasks to queue
[2023-12-03T05:47:36.529+0000] {logging_mixin.py:151} INFO - [2023-12-03T05:47:36.529+0000] {dagbag.py:539} INFO - Filling up the DagBag from /home/airflow/.local/lib/python3.8/site-packages/airflow/example_dags/tutorial.py
[2023-12-03T05:47:36.533+0000] {processor.py:839} INFO - DAG(s) dict_keys(['tutorial']) retrieved from /home/airflow/.local/lib/python3.8/site-packages/airflow/example_dags/tutorial.py
[2023-12-03T05:47:36.547+0000] {logging_mixin.py:151} INFO - [2023-12-03T05:47:36.547+0000] {dag.py:2915} INFO - Sync 1 DAGs
[2023-12-03T05:47:36.560+0000] {logging_mixin.py:151} INFO - [2023-12-03T05:47:36.560+0000] {dag.py:3696} INFO - Setting next_dagrun for tutorial to 2023-12-02T05:47:36.560287+00:00, run_after=2023-12-03T05:47:36.560287+00:00
[2023-12-03T05:47:36.571+0000] {processor.py:179} INFO - Processing /home/airflow/.local/lib/python3.8/site-packages/airflow/example_dags/tutorial.py took 0.048 seconds
