[2023-12-03T04:52:27.534+0000] {processor.py:157} INFO - Started process (PID=36) to work on /opt/airflow/dags/constant_variables.py
[2023-12-03T04:52:27.536+0000] {processor.py:829} INFO - Processing file /opt/airflow/dags/constant_variables.py for tasks to queue
[2023-12-03T04:52:27.545+0000] {logging_mixin.py:151} INFO - [2023-12-03T04:52:27.544+0000] {dagbag.py:539} INFO - Filling up the DagBag from /opt/airflow/dags/constant_variables.py
[2023-12-03T04:52:27.564+0000] {processor.py:841} WARNING - No viable dags retrieved from /opt/airflow/dags/constant_variables.py
[2023-12-03T04:52:27.585+0000] {processor.py:179} INFO - Processing /opt/airflow/dags/constant_variables.py took 0.058 seconds
[2023-12-03T04:52:57.925+0000] {processor.py:157} INFO - Started process (PID=91) to work on /opt/airflow/dags/constant_variables.py
[2023-12-03T04:52:57.935+0000] {processor.py:829} INFO - Processing file /opt/airflow/dags/constant_variables.py for tasks to queue
[2023-12-03T04:52:57.980+0000] {logging_mixin.py:151} INFO - [2023-12-03T04:52:57.974+0000] {dagbag.py:539} INFO - Filling up the DagBag from /opt/airflow/dags/constant_variables.py
[2023-12-03T04:52:58.056+0000] {processor.py:841} WARNING - No viable dags retrieved from /opt/airflow/dags/constant_variables.py
[2023-12-03T04:52:58.205+0000] {processor.py:179} INFO - Processing /opt/airflow/dags/constant_variables.py took 0.326 seconds
[2023-12-03T04:53:28.694+0000] {processor.py:157} INFO - Started process (PID=147) to work on /opt/airflow/dags/constant_variables.py
[2023-12-03T04:53:28.699+0000] {processor.py:829} INFO - Processing file /opt/airflow/dags/constant_variables.py for tasks to queue
[2023-12-03T04:53:28.749+0000] {logging_mixin.py:151} INFO - [2023-12-03T04:53:28.745+0000] {dagbag.py:539} INFO - Filling up the DagBag from /opt/airflow/dags/constant_variables.py
[2023-12-03T04:53:28.792+0000] {processor.py:841} WARNING - No viable dags retrieved from /opt/airflow/dags/constant_variables.py
[2023-12-03T04:53:28.952+0000] {processor.py:179} INFO - Processing /opt/airflow/dags/constant_variables.py took 0.290 seconds
[2023-12-03T04:53:59.309+0000] {processor.py:157} INFO - Started process (PID=203) to work on /opt/airflow/dags/constant_variables.py
[2023-12-03T04:53:59.311+0000] {processor.py:829} INFO - Processing file /opt/airflow/dags/constant_variables.py for tasks to queue
[2023-12-03T04:53:59.317+0000] {logging_mixin.py:151} INFO - [2023-12-03T04:53:59.317+0000] {dagbag.py:539} INFO - Filling up the DagBag from /opt/airflow/dags/constant_variables.py
[2023-12-03T04:53:59.326+0000] {processor.py:841} WARNING - No viable dags retrieved from /opt/airflow/dags/constant_variables.py
[2023-12-03T04:53:59.354+0000] {processor.py:179} INFO - Processing /opt/airflow/dags/constant_variables.py took 0.056 seconds
[2023-12-03T04:54:29.650+0000] {processor.py:157} INFO - Started process (PID=259) to work on /opt/airflow/dags/constant_variables.py
[2023-12-03T04:54:29.652+0000] {processor.py:829} INFO - Processing file /opt/airflow/dags/constant_variables.py for tasks to queue
[2023-12-03T04:54:29.657+0000] {logging_mixin.py:151} INFO - [2023-12-03T04:54:29.656+0000] {dagbag.py:539} INFO - Filling up the DagBag from /opt/airflow/dags/constant_variables.py
[2023-12-03T04:54:29.664+0000] {processor.py:841} WARNING - No viable dags retrieved from /opt/airflow/dags/constant_variables.py
[2023-12-03T04:54:29.703+0000] {processor.py:179} INFO - Processing /opt/airflow/dags/constant_variables.py took 0.058 seconds
[2023-12-03T04:54:59.774+0000] {processor.py:157} INFO - Started process (PID=315) to work on /opt/airflow/dags/constant_variables.py
[2023-12-03T04:54:59.779+0000] {processor.py:829} INFO - Processing file /opt/airflow/dags/constant_variables.py for tasks to queue
[2023-12-03T04:54:59.807+0000] {logging_mixin.py:151} INFO - [2023-12-03T04:54:59.798+0000] {dagbag.py:539} INFO - Filling up the DagBag from /opt/airflow/dags/constant_variables.py
[2023-12-03T04:54:59.843+0000] {processor.py:841} WARNING - No viable dags retrieved from /opt/airflow/dags/constant_variables.py
[2023-12-03T04:54:59.914+0000] {processor.py:179} INFO - Processing /opt/airflow/dags/constant_variables.py took 0.150 seconds
[2023-12-03T04:55:30.665+0000] {processor.py:157} INFO - Started process (PID=371) to work on /opt/airflow/dags/constant_variables.py
[2023-12-03T04:55:30.673+0000] {processor.py:829} INFO - Processing file /opt/airflow/dags/constant_variables.py for tasks to queue
[2023-12-03T04:55:30.689+0000] {logging_mixin.py:151} INFO - [2023-12-03T04:55:30.687+0000] {dagbag.py:539} INFO - Filling up the DagBag from /opt/airflow/dags/constant_variables.py
[2023-12-03T04:55:30.705+0000] {processor.py:841} WARNING - No viable dags retrieved from /opt/airflow/dags/constant_variables.py
[2023-12-03T04:55:30.779+0000] {processor.py:179} INFO - Processing /opt/airflow/dags/constant_variables.py took 0.156 seconds
[2023-12-03T04:56:01.001+0000] {processor.py:157} INFO - Started process (PID=427) to work on /opt/airflow/dags/constant_variables.py
[2023-12-03T04:56:01.002+0000] {processor.py:829} INFO - Processing file /opt/airflow/dags/constant_variables.py for tasks to queue
[2023-12-03T04:56:01.006+0000] {logging_mixin.py:151} INFO - [2023-12-03T04:56:01.006+0000] {dagbag.py:539} INFO - Filling up the DagBag from /opt/airflow/dags/constant_variables.py
[2023-12-03T04:56:01.013+0000] {processor.py:841} WARNING - No viable dags retrieved from /opt/airflow/dags/constant_variables.py
[2023-12-03T04:56:01.034+0000] {processor.py:179} INFO - Processing /opt/airflow/dags/constant_variables.py took 0.043 seconds
[2023-12-03T04:56:31.641+0000] {processor.py:157} INFO - Started process (PID=483) to work on /opt/airflow/dags/constant_variables.py
[2023-12-03T04:56:31.645+0000] {processor.py:829} INFO - Processing file /opt/airflow/dags/constant_variables.py for tasks to queue
[2023-12-03T04:56:31.656+0000] {logging_mixin.py:151} INFO - [2023-12-03T04:56:31.655+0000] {dagbag.py:539} INFO - Filling up the DagBag from /opt/airflow/dags/constant_variables.py
[2023-12-03T04:56:31.666+0000] {processor.py:841} WARNING - No viable dags retrieved from /opt/airflow/dags/constant_variables.py
[2023-12-03T04:56:31.721+0000] {processor.py:179} INFO - Processing /opt/airflow/dags/constant_variables.py took 0.089 seconds
[2023-12-03T04:57:19.641+0000] {processor.py:157} INFO - Started process (PID=36) to work on /opt/airflow/dags/constant_variables.py
[2023-12-03T04:57:19.643+0000] {processor.py:829} INFO - Processing file /opt/airflow/dags/constant_variables.py for tasks to queue
[2023-12-03T04:57:19.649+0000] {logging_mixin.py:151} INFO - [2023-12-03T04:57:19.648+0000] {dagbag.py:539} INFO - Filling up the DagBag from /opt/airflow/dags/constant_variables.py
[2023-12-03T04:57:19.655+0000] {processor.py:841} WARNING - No viable dags retrieved from /opt/airflow/dags/constant_variables.py
[2023-12-03T04:57:19.683+0000] {processor.py:179} INFO - Processing /opt/airflow/dags/constant_variables.py took 0.052 seconds
[2023-12-03T04:57:49.769+0000] {processor.py:157} INFO - Started process (PID=91) to work on /opt/airflow/dags/constant_variables.py
[2023-12-03T04:57:49.770+0000] {processor.py:829} INFO - Processing file /opt/airflow/dags/constant_variables.py for tasks to queue
[2023-12-03T04:57:49.771+0000] {logging_mixin.py:151} INFO - [2023-12-03T04:57:49.771+0000] {dagbag.py:539} INFO - Filling up the DagBag from /opt/airflow/dags/constant_variables.py
[2023-12-03T04:57:49.774+0000] {processor.py:841} WARNING - No viable dags retrieved from /opt/airflow/dags/constant_variables.py
[2023-12-03T04:57:49.784+0000] {processor.py:179} INFO - Processing /opt/airflow/dags/constant_variables.py took 0.018 seconds
[2023-12-03T04:58:20.017+0000] {processor.py:157} INFO - Started process (PID=147) to work on /opt/airflow/dags/constant_variables.py
[2023-12-03T04:58:20.018+0000] {processor.py:829} INFO - Processing file /opt/airflow/dags/constant_variables.py for tasks to queue
[2023-12-03T04:58:20.021+0000] {logging_mixin.py:151} INFO - [2023-12-03T04:58:20.020+0000] {dagbag.py:539} INFO - Filling up the DagBag from /opt/airflow/dags/constant_variables.py
[2023-12-03T04:58:20.024+0000] {processor.py:841} WARNING - No viable dags retrieved from /opt/airflow/dags/constant_variables.py
[2023-12-03T04:58:20.038+0000] {processor.py:179} INFO - Processing /opt/airflow/dags/constant_variables.py took 0.024 seconds
[2023-12-03T04:58:50.293+0000] {processor.py:157} INFO - Started process (PID=203) to work on /opt/airflow/dags/constant_variables.py
[2023-12-03T04:58:50.295+0000] {processor.py:829} INFO - Processing file /opt/airflow/dags/constant_variables.py for tasks to queue
[2023-12-03T04:58:50.297+0000] {logging_mixin.py:151} INFO - [2023-12-03T04:58:50.297+0000] {dagbag.py:539} INFO - Filling up the DagBag from /opt/airflow/dags/constant_variables.py
[2023-12-03T04:58:50.302+0000] {processor.py:841} WARNING - No viable dags retrieved from /opt/airflow/dags/constant_variables.py
[2023-12-03T04:58:50.315+0000] {processor.py:179} INFO - Processing /opt/airflow/dags/constant_variables.py took 0.026 seconds
[2023-12-03T04:59:20.987+0000] {processor.py:157} INFO - Started process (PID=259) to work on /opt/airflow/dags/constant_variables.py
[2023-12-03T04:59:20.989+0000] {processor.py:829} INFO - Processing file /opt/airflow/dags/constant_variables.py for tasks to queue
[2023-12-03T04:59:20.993+0000] {logging_mixin.py:151} INFO - [2023-12-03T04:59:20.993+0000] {dagbag.py:539} INFO - Filling up the DagBag from /opt/airflow/dags/constant_variables.py
[2023-12-03T04:59:20.998+0000] {processor.py:841} WARNING - No viable dags retrieved from /opt/airflow/dags/constant_variables.py
[2023-12-03T04:59:21.012+0000] {processor.py:179} INFO - Processing /opt/airflow/dags/constant_variables.py took 0.032 seconds
[2023-12-03T04:59:51.258+0000] {processor.py:157} INFO - Started process (PID=315) to work on /opt/airflow/dags/constant_variables.py
[2023-12-03T04:59:51.260+0000] {processor.py:829} INFO - Processing file /opt/airflow/dags/constant_variables.py for tasks to queue
[2023-12-03T04:59:51.263+0000] {logging_mixin.py:151} INFO - [2023-12-03T04:59:51.262+0000] {dagbag.py:539} INFO - Filling up the DagBag from /opt/airflow/dags/constant_variables.py
[2023-12-03T04:59:51.267+0000] {processor.py:841} WARNING - No viable dags retrieved from /opt/airflow/dags/constant_variables.py
[2023-12-03T04:59:51.279+0000] {processor.py:179} INFO - Processing /opt/airflow/dags/constant_variables.py took 0.028 seconds
[2023-12-03T05:00:21.716+0000] {processor.py:157} INFO - Started process (PID=371) to work on /opt/airflow/dags/constant_variables.py
[2023-12-03T05:00:21.719+0000] {processor.py:829} INFO - Processing file /opt/airflow/dags/constant_variables.py for tasks to queue
[2023-12-03T05:00:21.723+0000] {logging_mixin.py:151} INFO - [2023-12-03T05:00:21.723+0000] {dagbag.py:539} INFO - Filling up the DagBag from /opt/airflow/dags/constant_variables.py
[2023-12-03T05:00:21.727+0000] {processor.py:841} WARNING - No viable dags retrieved from /opt/airflow/dags/constant_variables.py
[2023-12-03T05:00:21.741+0000] {processor.py:179} INFO - Processing /opt/airflow/dags/constant_variables.py took 0.033 seconds
[2023-12-03T05:08:07.780+0000] {processor.py:157} INFO - Started process (PID=36) to work on /opt/airflow/dags/constant_variables.py
[2023-12-03T05:08:07.781+0000] {processor.py:829} INFO - Processing file /opt/airflow/dags/constant_variables.py for tasks to queue
[2023-12-03T05:08:07.783+0000] {logging_mixin.py:151} INFO - [2023-12-03T05:08:07.783+0000] {dagbag.py:539} INFO - Filling up the DagBag from /opt/airflow/dags/constant_variables.py
[2023-12-03T05:08:07.787+0000] {processor.py:841} WARNING - No viable dags retrieved from /opt/airflow/dags/constant_variables.py
[2023-12-03T05:08:07.810+0000] {processor.py:179} INFO - Processing /opt/airflow/dags/constant_variables.py took 0.034 seconds
[2023-12-03T05:08:38.061+0000] {processor.py:157} INFO - Started process (PID=91) to work on /opt/airflow/dags/constant_variables.py
[2023-12-03T05:08:38.063+0000] {processor.py:829} INFO - Processing file /opt/airflow/dags/constant_variables.py for tasks to queue
[2023-12-03T05:08:38.067+0000] {logging_mixin.py:151} INFO - [2023-12-03T05:08:38.067+0000] {dagbag.py:539} INFO - Filling up the DagBag from /opt/airflow/dags/constant_variables.py
[2023-12-03T05:08:38.073+0000] {processor.py:841} WARNING - No viable dags retrieved from /opt/airflow/dags/constant_variables.py
[2023-12-03T05:08:38.086+0000] {processor.py:179} INFO - Processing /opt/airflow/dags/constant_variables.py took 0.030 seconds
[2023-12-03T05:09:08.630+0000] {processor.py:157} INFO - Started process (PID=148) to work on /opt/airflow/dags/constant_variables.py
[2023-12-03T05:09:08.631+0000] {processor.py:829} INFO - Processing file /opt/airflow/dags/constant_variables.py for tasks to queue
[2023-12-03T05:09:08.634+0000] {logging_mixin.py:151} INFO - [2023-12-03T05:09:08.633+0000] {dagbag.py:539} INFO - Filling up the DagBag from /opt/airflow/dags/constant_variables.py
[2023-12-03T05:09:08.637+0000] {processor.py:841} WARNING - No viable dags retrieved from /opt/airflow/dags/constant_variables.py
[2023-12-03T05:09:08.648+0000] {processor.py:179} INFO - Processing /opt/airflow/dags/constant_variables.py took 0.022 seconds
[2023-12-03T05:11:36.548+0000] {processor.py:157} INFO - Started process (PID=36) to work on /opt/airflow/dags/constant_variables.py
[2023-12-03T05:11:36.550+0000] {processor.py:829} INFO - Processing file /opt/airflow/dags/constant_variables.py for tasks to queue
[2023-12-03T05:11:36.552+0000] {logging_mixin.py:151} INFO - [2023-12-03T05:11:36.551+0000] {dagbag.py:539} INFO - Filling up the DagBag from /opt/airflow/dags/constant_variables.py
[2023-12-03T05:11:36.555+0000] {processor.py:841} WARNING - No viable dags retrieved from /opt/airflow/dags/constant_variables.py
[2023-12-03T05:11:36.573+0000] {processor.py:179} INFO - Processing /opt/airflow/dags/constant_variables.py took 0.028 seconds
[2023-12-03T05:12:06.706+0000] {processor.py:157} INFO - Started process (PID=91) to work on /opt/airflow/dags/constant_variables.py
[2023-12-03T05:12:06.708+0000] {processor.py:829} INFO - Processing file /opt/airflow/dags/constant_variables.py for tasks to queue
[2023-12-03T05:12:06.712+0000] {logging_mixin.py:151} INFO - [2023-12-03T05:12:06.712+0000] {dagbag.py:539} INFO - Filling up the DagBag from /opt/airflow/dags/constant_variables.py
[2023-12-03T05:12:06.716+0000] {processor.py:841} WARNING - No viable dags retrieved from /opt/airflow/dags/constant_variables.py
[2023-12-03T05:12:06.729+0000] {processor.py:179} INFO - Processing /opt/airflow/dags/constant_variables.py took 0.030 seconds
[2023-12-03T05:12:37.309+0000] {processor.py:157} INFO - Started process (PID=148) to work on /opt/airflow/dags/constant_variables.py
[2023-12-03T05:12:37.312+0000] {processor.py:829} INFO - Processing file /opt/airflow/dags/constant_variables.py for tasks to queue
[2023-12-03T05:12:37.316+0000] {logging_mixin.py:151} INFO - [2023-12-03T05:12:37.315+0000] {dagbag.py:539} INFO - Filling up the DagBag from /opt/airflow/dags/constant_variables.py
[2023-12-03T05:12:37.320+0000] {processor.py:841} WARNING - No viable dags retrieved from /opt/airflow/dags/constant_variables.py
[2023-12-03T05:12:37.333+0000] {processor.py:179} INFO - Processing /opt/airflow/dags/constant_variables.py took 0.028 seconds
[2023-12-03T05:13:07.459+0000] {processor.py:157} INFO - Started process (PID=223) to work on /opt/airflow/dags/constant_variables.py
[2023-12-03T05:13:07.463+0000] {processor.py:829} INFO - Processing file /opt/airflow/dags/constant_variables.py for tasks to queue
[2023-12-03T05:13:07.467+0000] {logging_mixin.py:151} INFO - [2023-12-03T05:13:07.466+0000] {dagbag.py:539} INFO - Filling up the DagBag from /opt/airflow/dags/constant_variables.py
[2023-12-03T05:13:07.471+0000] {processor.py:841} WARNING - No viable dags retrieved from /opt/airflow/dags/constant_variables.py
[2023-12-03T05:13:07.484+0000] {processor.py:179} INFO - Processing /opt/airflow/dags/constant_variables.py took 0.033 seconds
[2023-12-03T05:13:37.705+0000] {processor.py:157} INFO - Started process (PID=280) to work on /opt/airflow/dags/constant_variables.py
[2023-12-03T05:13:37.708+0000] {processor.py:829} INFO - Processing file /opt/airflow/dags/constant_variables.py for tasks to queue
[2023-12-03T05:13:37.710+0000] {logging_mixin.py:151} INFO - [2023-12-03T05:13:37.710+0000] {dagbag.py:539} INFO - Filling up the DagBag from /opt/airflow/dags/constant_variables.py
[2023-12-03T05:13:37.713+0000] {processor.py:841} WARNING - No viable dags retrieved from /opt/airflow/dags/constant_variables.py
[2023-12-03T05:13:37.726+0000] {processor.py:179} INFO - Processing /opt/airflow/dags/constant_variables.py took 0.024 seconds
[2023-12-03T05:14:08.006+0000] {processor.py:157} INFO - Started process (PID=336) to work on /opt/airflow/dags/constant_variables.py
[2023-12-03T05:14:08.007+0000] {processor.py:829} INFO - Processing file /opt/airflow/dags/constant_variables.py for tasks to queue
[2023-12-03T05:14:08.009+0000] {logging_mixin.py:151} INFO - [2023-12-03T05:14:08.009+0000] {dagbag.py:539} INFO - Filling up the DagBag from /opt/airflow/dags/constant_variables.py
[2023-12-03T05:14:08.012+0000] {processor.py:841} WARNING - No viable dags retrieved from /opt/airflow/dags/constant_variables.py
[2023-12-03T05:14:08.024+0000] {processor.py:179} INFO - Processing /opt/airflow/dags/constant_variables.py took 0.020 seconds
[2023-12-03T05:14:38.410+0000] {processor.py:157} INFO - Started process (PID=392) to work on /opt/airflow/dags/constant_variables.py
[2023-12-03T05:14:38.412+0000] {processor.py:829} INFO - Processing file /opt/airflow/dags/constant_variables.py for tasks to queue
[2023-12-03T05:14:38.415+0000] {logging_mixin.py:151} INFO - [2023-12-03T05:14:38.415+0000] {dagbag.py:539} INFO - Filling up the DagBag from /opt/airflow/dags/constant_variables.py
[2023-12-03T05:14:38.418+0000] {processor.py:841} WARNING - No viable dags retrieved from /opt/airflow/dags/constant_variables.py
[2023-12-03T05:14:38.430+0000] {processor.py:179} INFO - Processing /opt/airflow/dags/constant_variables.py took 0.025 seconds
[2023-12-03T05:15:08.632+0000] {processor.py:157} INFO - Started process (PID=448) to work on /opt/airflow/dags/constant_variables.py
[2023-12-03T05:15:08.633+0000] {processor.py:829} INFO - Processing file /opt/airflow/dags/constant_variables.py for tasks to queue
[2023-12-03T05:15:08.635+0000] {logging_mixin.py:151} INFO - [2023-12-03T05:15:08.635+0000] {dagbag.py:539} INFO - Filling up the DagBag from /opt/airflow/dags/constant_variables.py
[2023-12-03T05:15:08.637+0000] {processor.py:841} WARNING - No viable dags retrieved from /opt/airflow/dags/constant_variables.py
[2023-12-03T05:15:08.648+0000] {processor.py:179} INFO - Processing /opt/airflow/dags/constant_variables.py took 0.019 seconds
[2023-12-03T05:15:38.975+0000] {processor.py:157} INFO - Started process (PID=504) to work on /opt/airflow/dags/constant_variables.py
[2023-12-03T05:15:38.976+0000] {processor.py:829} INFO - Processing file /opt/airflow/dags/constant_variables.py for tasks to queue
[2023-12-03T05:15:38.978+0000] {logging_mixin.py:151} INFO - [2023-12-03T05:15:38.978+0000] {dagbag.py:539} INFO - Filling up the DagBag from /opt/airflow/dags/constant_variables.py
[2023-12-03T05:15:38.981+0000] {processor.py:841} WARNING - No viable dags retrieved from /opt/airflow/dags/constant_variables.py
[2023-12-03T05:15:38.992+0000] {processor.py:179} INFO - Processing /opt/airflow/dags/constant_variables.py took 0.020 seconds
[2023-12-03T05:16:09.395+0000] {processor.py:157} INFO - Started process (PID=560) to work on /opt/airflow/dags/constant_variables.py
[2023-12-03T05:16:09.398+0000] {processor.py:829} INFO - Processing file /opt/airflow/dags/constant_variables.py for tasks to queue
[2023-12-03T05:16:09.403+0000] {logging_mixin.py:151} INFO - [2023-12-03T05:16:09.402+0000] {dagbag.py:539} INFO - Filling up the DagBag from /opt/airflow/dags/constant_variables.py
[2023-12-03T05:16:09.406+0000] {processor.py:841} WARNING - No viable dags retrieved from /opt/airflow/dags/constant_variables.py
[2023-12-03T05:16:09.421+0000] {processor.py:179} INFO - Processing /opt/airflow/dags/constant_variables.py took 0.034 seconds
[2023-12-03T05:16:40.023+0000] {processor.py:157} INFO - Started process (PID=616) to work on /opt/airflow/dags/constant_variables.py
[2023-12-03T05:16:40.025+0000] {processor.py:829} INFO - Processing file /opt/airflow/dags/constant_variables.py for tasks to queue
[2023-12-03T05:16:40.027+0000] {logging_mixin.py:151} INFO - [2023-12-03T05:16:40.027+0000] {dagbag.py:539} INFO - Filling up the DagBag from /opt/airflow/dags/constant_variables.py
[2023-12-03T05:16:40.030+0000] {processor.py:841} WARNING - No viable dags retrieved from /opt/airflow/dags/constant_variables.py
[2023-12-03T05:16:40.043+0000] {processor.py:179} INFO - Processing /opt/airflow/dags/constant_variables.py took 0.024 seconds
[2023-12-03T05:17:10.301+0000] {processor.py:157} INFO - Started process (PID=672) to work on /opt/airflow/dags/constant_variables.py
[2023-12-03T05:17:10.303+0000] {processor.py:829} INFO - Processing file /opt/airflow/dags/constant_variables.py for tasks to queue
[2023-12-03T05:17:10.306+0000] {logging_mixin.py:151} INFO - [2023-12-03T05:17:10.305+0000] {dagbag.py:539} INFO - Filling up the DagBag from /opt/airflow/dags/constant_variables.py
[2023-12-03T05:17:10.309+0000] {processor.py:841} WARNING - No viable dags retrieved from /opt/airflow/dags/constant_variables.py
[2023-12-03T05:17:10.320+0000] {processor.py:179} INFO - Processing /opt/airflow/dags/constant_variables.py took 0.021 seconds
[2023-12-03T05:17:40.693+0000] {processor.py:157} INFO - Started process (PID=728) to work on /opt/airflow/dags/constant_variables.py
[2023-12-03T05:17:40.694+0000] {processor.py:829} INFO - Processing file /opt/airflow/dags/constant_variables.py for tasks to queue
[2023-12-03T05:17:40.696+0000] {logging_mixin.py:151} INFO - [2023-12-03T05:17:40.696+0000] {dagbag.py:539} INFO - Filling up the DagBag from /opt/airflow/dags/constant_variables.py
[2023-12-03T05:17:40.699+0000] {processor.py:841} WARNING - No viable dags retrieved from /opt/airflow/dags/constant_variables.py
[2023-12-03T05:17:40.710+0000] {processor.py:179} INFO - Processing /opt/airflow/dags/constant_variables.py took 0.019 seconds
[2023-12-03T05:18:11.006+0000] {processor.py:157} INFO - Started process (PID=784) to work on /opt/airflow/dags/constant_variables.py
[2023-12-03T05:18:11.008+0000] {processor.py:829} INFO - Processing file /opt/airflow/dags/constant_variables.py for tasks to queue
[2023-12-03T05:18:11.010+0000] {logging_mixin.py:151} INFO - [2023-12-03T05:18:11.010+0000] {dagbag.py:539} INFO - Filling up the DagBag from /opt/airflow/dags/constant_variables.py
[2023-12-03T05:18:11.013+0000] {processor.py:841} WARNING - No viable dags retrieved from /opt/airflow/dags/constant_variables.py
[2023-12-03T05:18:11.025+0000] {processor.py:179} INFO - Processing /opt/airflow/dags/constant_variables.py took 0.023 seconds
[2023-12-03T05:24:00.893+0000] {processor.py:157} INFO - Started process (PID=840) to work on /opt/airflow/dags/constant_variables.py
[2023-12-03T05:24:00.901+0000] {processor.py:829} INFO - Processing file /opt/airflow/dags/constant_variables.py for tasks to queue
[2023-12-03T05:24:00.909+0000] {logging_mixin.py:151} INFO - [2023-12-03T05:24:00.908+0000] {dagbag.py:539} INFO - Filling up the DagBag from /opt/airflow/dags/constant_variables.py
[2023-12-03T05:24:00.917+0000] {processor.py:841} WARNING - No viable dags retrieved from /opt/airflow/dags/constant_variables.py
[2023-12-03T05:24:00.959+0000] {processor.py:179} INFO - Processing /opt/airflow/dags/constant_variables.py took 0.071 seconds
[2023-12-03T05:24:31.066+0000] {processor.py:157} INFO - Started process (PID=895) to work on /opt/airflow/dags/constant_variables.py
[2023-12-03T05:24:31.068+0000] {processor.py:829} INFO - Processing file /opt/airflow/dags/constant_variables.py for tasks to queue
[2023-12-03T05:24:31.072+0000] {logging_mixin.py:151} INFO - [2023-12-03T05:24:31.071+0000] {dagbag.py:539} INFO - Filling up the DagBag from /opt/airflow/dags/constant_variables.py
[2023-12-03T05:24:31.076+0000] {processor.py:841} WARNING - No viable dags retrieved from /opt/airflow/dags/constant_variables.py
[2023-12-03T05:24:31.089+0000] {processor.py:179} INFO - Processing /opt/airflow/dags/constant_variables.py took 0.028 seconds
[2023-12-03T05:27:53.557+0000] {processor.py:157} INFO - Started process (PID=35) to work on /opt/airflow/dags/constant_variables.py
[2023-12-03T05:27:53.561+0000] {processor.py:829} INFO - Processing file /opt/airflow/dags/constant_variables.py for tasks to queue
[2023-12-03T05:27:53.564+0000] {logging_mixin.py:151} INFO - [2023-12-03T05:27:53.564+0000] {dagbag.py:539} INFO - Filling up the DagBag from /opt/airflow/dags/constant_variables.py
[2023-12-03T05:27:53.568+0000] {processor.py:841} WARNING - No viable dags retrieved from /opt/airflow/dags/constant_variables.py
[2023-12-03T05:27:53.588+0000] {processor.py:179} INFO - Processing /opt/airflow/dags/constant_variables.py took 0.040 seconds
[2023-12-03T05:28:22.912+0000] {processor.py:157} INFO - Started process (PID=34) to work on /opt/airflow/dags/constant_variables.py
[2023-12-03T05:28:22.913+0000] {processor.py:829} INFO - Processing file /opt/airflow/dags/constant_variables.py for tasks to queue
[2023-12-03T05:28:22.916+0000] {logging_mixin.py:151} INFO - [2023-12-03T05:28:22.916+0000] {dagbag.py:539} INFO - Filling up the DagBag from /opt/airflow/dags/constant_variables.py
[2023-12-03T05:28:22.920+0000] {processor.py:841} WARNING - No viable dags retrieved from /opt/airflow/dags/constant_variables.py
[2023-12-03T05:28:22.942+0000] {processor.py:179} INFO - Processing /opt/airflow/dags/constant_variables.py took 0.033 seconds
[2023-12-03T05:28:53.702+0000] {processor.py:157} INFO - Started process (PID=90) to work on /opt/airflow/dags/constant_variables.py
[2023-12-03T05:28:53.705+0000] {processor.py:829} INFO - Processing file /opt/airflow/dags/constant_variables.py for tasks to queue
[2023-12-03T05:28:53.707+0000] {logging_mixin.py:151} INFO - [2023-12-03T05:28:53.707+0000] {dagbag.py:539} INFO - Filling up the DagBag from /opt/airflow/dags/constant_variables.py
[2023-12-03T05:28:53.710+0000] {processor.py:841} WARNING - No viable dags retrieved from /opt/airflow/dags/constant_variables.py
[2023-12-03T05:28:53.722+0000] {processor.py:179} INFO - Processing /opt/airflow/dags/constant_variables.py took 0.023 seconds
[2023-12-03T05:29:23.944+0000] {processor.py:157} INFO - Started process (PID=146) to work on /opt/airflow/dags/constant_variables.py
[2023-12-03T05:29:23.948+0000] {processor.py:829} INFO - Processing file /opt/airflow/dags/constant_variables.py for tasks to queue
[2023-12-03T05:29:23.950+0000] {logging_mixin.py:151} INFO - [2023-12-03T05:29:23.950+0000] {dagbag.py:539} INFO - Filling up the DagBag from /opt/airflow/dags/constant_variables.py
[2023-12-03T05:29:23.954+0000] {processor.py:841} WARNING - No viable dags retrieved from /opt/airflow/dags/constant_variables.py
[2023-12-03T05:29:23.968+0000] {processor.py:179} INFO - Processing /opt/airflow/dags/constant_variables.py took 0.028 seconds
[2023-12-03T05:29:54.189+0000] {processor.py:157} INFO - Started process (PID=202) to work on /opt/airflow/dags/constant_variables.py
[2023-12-03T05:29:54.190+0000] {processor.py:829} INFO - Processing file /opt/airflow/dags/constant_variables.py for tasks to queue
[2023-12-03T05:29:54.192+0000] {logging_mixin.py:151} INFO - [2023-12-03T05:29:54.192+0000] {dagbag.py:539} INFO - Filling up the DagBag from /opt/airflow/dags/constant_variables.py
[2023-12-03T05:29:54.196+0000] {processor.py:841} WARNING - No viable dags retrieved from /opt/airflow/dags/constant_variables.py
[2023-12-03T05:29:54.209+0000] {processor.py:179} INFO - Processing /opt/airflow/dags/constant_variables.py took 0.024 seconds
[2023-12-03T05:30:24.492+0000] {processor.py:157} INFO - Started process (PID=258) to work on /opt/airflow/dags/constant_variables.py
[2023-12-03T05:30:24.493+0000] {processor.py:829} INFO - Processing file /opt/airflow/dags/constant_variables.py for tasks to queue
[2023-12-03T05:30:24.496+0000] {logging_mixin.py:151} INFO - [2023-12-03T05:30:24.496+0000] {dagbag.py:539} INFO - Filling up the DagBag from /opt/airflow/dags/constant_variables.py
[2023-12-03T05:30:24.500+0000] {processor.py:841} WARNING - No viable dags retrieved from /opt/airflow/dags/constant_variables.py
[2023-12-03T05:30:24.512+0000] {processor.py:179} INFO - Processing /opt/airflow/dags/constant_variables.py took 0.025 seconds
[2023-12-03T05:30:54.563+0000] {processor.py:157} INFO - Started process (PID=313) to work on /opt/airflow/dags/constant_variables.py
[2023-12-03T05:30:54.566+0000] {processor.py:829} INFO - Processing file /opt/airflow/dags/constant_variables.py for tasks to queue
[2023-12-03T05:30:54.568+0000] {logging_mixin.py:151} INFO - [2023-12-03T05:30:54.568+0000] {dagbag.py:539} INFO - Filling up the DagBag from /opt/airflow/dags/constant_variables.py
[2023-12-03T05:30:54.571+0000] {processor.py:841} WARNING - No viable dags retrieved from /opt/airflow/dags/constant_variables.py
[2023-12-03T05:30:54.583+0000] {processor.py:179} INFO - Processing /opt/airflow/dags/constant_variables.py took 0.022 seconds
[2023-12-03T05:31:25.003+0000] {processor.py:157} INFO - Started process (PID=370) to work on /opt/airflow/dags/constant_variables.py
[2023-12-03T05:31:25.005+0000] {processor.py:829} INFO - Processing file /opt/airflow/dags/constant_variables.py for tasks to queue
[2023-12-03T05:31:25.008+0000] {logging_mixin.py:151} INFO - [2023-12-03T05:31:25.008+0000] {dagbag.py:539} INFO - Filling up the DagBag from /opt/airflow/dags/constant_variables.py
[2023-12-03T05:31:25.012+0000] {processor.py:841} WARNING - No viable dags retrieved from /opt/airflow/dags/constant_variables.py
[2023-12-03T05:31:25.028+0000] {processor.py:179} INFO - Processing /opt/airflow/dags/constant_variables.py took 0.029 seconds
[2023-12-03T05:31:55.563+0000] {processor.py:157} INFO - Started process (PID=426) to work on /opt/airflow/dags/constant_variables.py
[2023-12-03T05:31:55.565+0000] {processor.py:829} INFO - Processing file /opt/airflow/dags/constant_variables.py for tasks to queue
[2023-12-03T05:31:55.567+0000] {logging_mixin.py:151} INFO - [2023-12-03T05:31:55.567+0000] {dagbag.py:539} INFO - Filling up the DagBag from /opt/airflow/dags/constant_variables.py
[2023-12-03T05:31:55.570+0000] {processor.py:841} WARNING - No viable dags retrieved from /opt/airflow/dags/constant_variables.py
[2023-12-03T05:31:55.583+0000] {processor.py:179} INFO - Processing /opt/airflow/dags/constant_variables.py took 0.023 seconds
[2023-12-03T05:32:25.962+0000] {processor.py:157} INFO - Started process (PID=482) to work on /opt/airflow/dags/constant_variables.py
[2023-12-03T05:32:25.964+0000] {processor.py:829} INFO - Processing file /opt/airflow/dags/constant_variables.py for tasks to queue
[2023-12-03T05:32:25.967+0000] {logging_mixin.py:151} INFO - [2023-12-03T05:32:25.967+0000] {dagbag.py:539} INFO - Filling up the DagBag from /opt/airflow/dags/constant_variables.py
[2023-12-03T05:32:25.970+0000] {processor.py:841} WARNING - No viable dags retrieved from /opt/airflow/dags/constant_variables.py
[2023-12-03T05:32:25.983+0000] {processor.py:179} INFO - Processing /opt/airflow/dags/constant_variables.py took 0.026 seconds
[2023-12-03T05:32:56.240+0000] {processor.py:157} INFO - Started process (PID=538) to work on /opt/airflow/dags/constant_variables.py
[2023-12-03T05:32:56.242+0000] {processor.py:829} INFO - Processing file /opt/airflow/dags/constant_variables.py for tasks to queue
[2023-12-03T05:32:56.245+0000] {logging_mixin.py:151} INFO - [2023-12-03T05:32:56.244+0000] {dagbag.py:539} INFO - Filling up the DagBag from /opt/airflow/dags/constant_variables.py
[2023-12-03T05:32:56.248+0000] {processor.py:841} WARNING - No viable dags retrieved from /opt/airflow/dags/constant_variables.py
[2023-12-03T05:32:56.260+0000] {processor.py:179} INFO - Processing /opt/airflow/dags/constant_variables.py took 0.024 seconds
[2023-12-03T05:33:26.462+0000] {processor.py:157} INFO - Started process (PID=594) to work on /opt/airflow/dags/constant_variables.py
[2023-12-03T05:33:26.465+0000] {processor.py:829} INFO - Processing file /opt/airflow/dags/constant_variables.py for tasks to queue
[2023-12-03T05:33:26.468+0000] {logging_mixin.py:151} INFO - [2023-12-03T05:33:26.468+0000] {dagbag.py:539} INFO - Filling up the DagBag from /opt/airflow/dags/constant_variables.py
[2023-12-03T05:33:26.472+0000] {processor.py:841} WARNING - No viable dags retrieved from /opt/airflow/dags/constant_variables.py
[2023-12-03T05:33:26.486+0000] {processor.py:179} INFO - Processing /opt/airflow/dags/constant_variables.py took 0.028 seconds
[2023-12-03T05:33:56.689+0000] {processor.py:157} INFO - Started process (PID=650) to work on /opt/airflow/dags/constant_variables.py
[2023-12-03T05:33:56.690+0000] {processor.py:829} INFO - Processing file /opt/airflow/dags/constant_variables.py for tasks to queue
[2023-12-03T05:33:56.694+0000] {logging_mixin.py:151} INFO - [2023-12-03T05:33:56.694+0000] {dagbag.py:539} INFO - Filling up the DagBag from /opt/airflow/dags/constant_variables.py
[2023-12-03T05:33:56.698+0000] {processor.py:841} WARNING - No viable dags retrieved from /opt/airflow/dags/constant_variables.py
[2023-12-03T05:33:56.715+0000] {processor.py:179} INFO - Processing /opt/airflow/dags/constant_variables.py took 0.030 seconds
[2023-12-03T05:34:26.978+0000] {processor.py:157} INFO - Started process (PID=707) to work on /opt/airflow/dags/constant_variables.py
[2023-12-03T05:34:26.980+0000] {processor.py:829} INFO - Processing file /opt/airflow/dags/constant_variables.py for tasks to queue
[2023-12-03T05:34:26.982+0000] {logging_mixin.py:151} INFO - [2023-12-03T05:34:26.982+0000] {dagbag.py:539} INFO - Filling up the DagBag from /opt/airflow/dags/constant_variables.py
[2023-12-03T05:34:26.985+0000] {processor.py:841} WARNING - No viable dags retrieved from /opt/airflow/dags/constant_variables.py
[2023-12-03T05:34:26.997+0000] {processor.py:179} INFO - Processing /opt/airflow/dags/constant_variables.py took 0.022 seconds
[2023-12-03T05:34:57.141+0000] {processor.py:157} INFO - Started process (PID=763) to work on /opt/airflow/dags/constant_variables.py
[2023-12-03T05:34:57.143+0000] {processor.py:829} INFO - Processing file /opt/airflow/dags/constant_variables.py for tasks to queue
[2023-12-03T05:34:57.146+0000] {logging_mixin.py:151} INFO - [2023-12-03T05:34:57.146+0000] {dagbag.py:539} INFO - Filling up the DagBag from /opt/airflow/dags/constant_variables.py
[2023-12-03T05:34:57.151+0000] {processor.py:841} WARNING - No viable dags retrieved from /opt/airflow/dags/constant_variables.py
[2023-12-03T05:34:57.167+0000] {processor.py:179} INFO - Processing /opt/airflow/dags/constant_variables.py took 0.030 seconds
[2023-12-03T05:35:27.259+0000] {processor.py:157} INFO - Started process (PID=818) to work on /opt/airflow/dags/constant_variables.py
[2023-12-03T05:35:27.260+0000] {processor.py:829} INFO - Processing file /opt/airflow/dags/constant_variables.py for tasks to queue
[2023-12-03T05:35:27.262+0000] {logging_mixin.py:151} INFO - [2023-12-03T05:35:27.262+0000] {dagbag.py:539} INFO - Filling up the DagBag from /opt/airflow/dags/constant_variables.py
[2023-12-03T05:35:27.265+0000] {processor.py:841} WARNING - No viable dags retrieved from /opt/airflow/dags/constant_variables.py
[2023-12-03T05:35:27.277+0000] {processor.py:179} INFO - Processing /opt/airflow/dags/constant_variables.py took 0.021 seconds
[2023-12-03T05:35:57.535+0000] {processor.py:157} INFO - Started process (PID=875) to work on /opt/airflow/dags/constant_variables.py
[2023-12-03T05:35:57.537+0000] {processor.py:829} INFO - Processing file /opt/airflow/dags/constant_variables.py for tasks to queue
[2023-12-03T05:35:57.539+0000] {logging_mixin.py:151} INFO - [2023-12-03T05:35:57.539+0000] {dagbag.py:539} INFO - Filling up the DagBag from /opt/airflow/dags/constant_variables.py
[2023-12-03T05:35:57.543+0000] {processor.py:841} WARNING - No viable dags retrieved from /opt/airflow/dags/constant_variables.py
[2023-12-03T05:35:57.559+0000] {processor.py:179} INFO - Processing /opt/airflow/dags/constant_variables.py took 0.027 seconds
[2023-12-03T05:36:27.884+0000] {processor.py:157} INFO - Started process (PID=931) to work on /opt/airflow/dags/constant_variables.py
[2023-12-03T05:36:27.886+0000] {processor.py:829} INFO - Processing file /opt/airflow/dags/constant_variables.py for tasks to queue
[2023-12-03T05:36:27.889+0000] {logging_mixin.py:151} INFO - [2023-12-03T05:36:27.888+0000] {dagbag.py:539} INFO - Filling up the DagBag from /opt/airflow/dags/constant_variables.py
[2023-12-03T05:36:27.892+0000] {processor.py:841} WARNING - No viable dags retrieved from /opt/airflow/dags/constant_variables.py
[2023-12-03T05:36:27.903+0000] {processor.py:179} INFO - Processing /opt/airflow/dags/constant_variables.py took 0.022 seconds
[2023-12-03T05:36:58.312+0000] {processor.py:157} INFO - Started process (PID=987) to work on /opt/airflow/dags/constant_variables.py
[2023-12-03T05:36:58.314+0000] {processor.py:829} INFO - Processing file /opt/airflow/dags/constant_variables.py for tasks to queue
[2023-12-03T05:36:58.317+0000] {logging_mixin.py:151} INFO - [2023-12-03T05:36:58.317+0000] {dagbag.py:539} INFO - Filling up the DagBag from /opt/airflow/dags/constant_variables.py
[2023-12-03T05:36:58.322+0000] {processor.py:841} WARNING - No viable dags retrieved from /opt/airflow/dags/constant_variables.py
[2023-12-03T05:36:58.338+0000] {processor.py:179} INFO - Processing /opt/airflow/dags/constant_variables.py took 0.031 seconds
[2023-12-03T05:37:28.474+0000] {processor.py:157} INFO - Started process (PID=1043) to work on /opt/airflow/dags/constant_variables.py
[2023-12-03T05:37:28.475+0000] {processor.py:829} INFO - Processing file /opt/airflow/dags/constant_variables.py for tasks to queue
[2023-12-03T05:37:28.477+0000] {logging_mixin.py:151} INFO - [2023-12-03T05:37:28.477+0000] {dagbag.py:539} INFO - Filling up the DagBag from /opt/airflow/dags/constant_variables.py
[2023-12-03T05:37:28.480+0000] {processor.py:841} WARNING - No viable dags retrieved from /opt/airflow/dags/constant_variables.py
[2023-12-03T05:37:28.492+0000] {processor.py:179} INFO - Processing /opt/airflow/dags/constant_variables.py took 0.022 seconds
[2023-12-03T05:37:58.822+0000] {processor.py:157} INFO - Started process (PID=1099) to work on /opt/airflow/dags/constant_variables.py
[2023-12-03T05:37:58.823+0000] {processor.py:829} INFO - Processing file /opt/airflow/dags/constant_variables.py for tasks to queue
[2023-12-03T05:37:58.825+0000] {logging_mixin.py:151} INFO - [2023-12-03T05:37:58.825+0000] {dagbag.py:539} INFO - Filling up the DagBag from /opt/airflow/dags/constant_variables.py
[2023-12-03T05:37:58.828+0000] {processor.py:841} WARNING - No viable dags retrieved from /opt/airflow/dags/constant_variables.py
[2023-12-03T05:37:58.839+0000] {processor.py:179} INFO - Processing /opt/airflow/dags/constant_variables.py took 0.022 seconds
[2023-12-03T05:38:29.106+0000] {processor.py:157} INFO - Started process (PID=1155) to work on /opt/airflow/dags/constant_variables.py
[2023-12-03T05:38:29.107+0000] {processor.py:829} INFO - Processing file /opt/airflow/dags/constant_variables.py for tasks to queue
[2023-12-03T05:38:29.112+0000] {logging_mixin.py:151} INFO - [2023-12-03T05:38:29.111+0000] {dagbag.py:539} INFO - Filling up the DagBag from /opt/airflow/dags/constant_variables.py
[2023-12-03T05:38:29.117+0000] {processor.py:841} WARNING - No viable dags retrieved from /opt/airflow/dags/constant_variables.py
[2023-12-03T05:38:29.137+0000] {processor.py:179} INFO - Processing /opt/airflow/dags/constant_variables.py took 0.036 seconds
[2023-12-03T05:38:59.652+0000] {processor.py:157} INFO - Started process (PID=1211) to work on /opt/airflow/dags/constant_variables.py
[2023-12-03T05:38:59.653+0000] {processor.py:829} INFO - Processing file /opt/airflow/dags/constant_variables.py for tasks to queue
[2023-12-03T05:38:59.656+0000] {logging_mixin.py:151} INFO - [2023-12-03T05:38:59.656+0000] {dagbag.py:539} INFO - Filling up the DagBag from /opt/airflow/dags/constant_variables.py
[2023-12-03T05:38:59.661+0000] {processor.py:841} WARNING - No viable dags retrieved from /opt/airflow/dags/constant_variables.py
[2023-12-03T05:38:59.677+0000] {processor.py:179} INFO - Processing /opt/airflow/dags/constant_variables.py took 0.029 seconds
[2023-12-03T05:39:29.964+0000] {processor.py:157} INFO - Started process (PID=1267) to work on /opt/airflow/dags/constant_variables.py
[2023-12-03T05:39:29.966+0000] {processor.py:829} INFO - Processing file /opt/airflow/dags/constant_variables.py for tasks to queue
[2023-12-03T05:39:29.969+0000] {logging_mixin.py:151} INFO - [2023-12-03T05:39:29.968+0000] {dagbag.py:539} INFO - Filling up the DagBag from /opt/airflow/dags/constant_variables.py
[2023-12-03T05:39:29.972+0000] {processor.py:841} WARNING - No viable dags retrieved from /opt/airflow/dags/constant_variables.py
[2023-12-03T05:39:29.986+0000] {processor.py:179} INFO - Processing /opt/airflow/dags/constant_variables.py took 0.026 seconds
[2023-12-03T05:40:00.461+0000] {processor.py:157} INFO - Started process (PID=1323) to work on /opt/airflow/dags/constant_variables.py
[2023-12-03T05:40:00.463+0000] {processor.py:829} INFO - Processing file /opt/airflow/dags/constant_variables.py for tasks to queue
[2023-12-03T05:40:00.465+0000] {logging_mixin.py:151} INFO - [2023-12-03T05:40:00.465+0000] {dagbag.py:539} INFO - Filling up the DagBag from /opt/airflow/dags/constant_variables.py
[2023-12-03T05:40:00.468+0000] {processor.py:841} WARNING - No viable dags retrieved from /opt/airflow/dags/constant_variables.py
[2023-12-03T05:40:00.479+0000] {processor.py:179} INFO - Processing /opt/airflow/dags/constant_variables.py took 0.022 seconds
[2023-12-03T05:40:30.678+0000] {processor.py:157} INFO - Started process (PID=1379) to work on /opt/airflow/dags/constant_variables.py
[2023-12-03T05:40:30.680+0000] {processor.py:829} INFO - Processing file /opt/airflow/dags/constant_variables.py for tasks to queue
[2023-12-03T05:40:30.682+0000] {logging_mixin.py:151} INFO - [2023-12-03T05:40:30.681+0000] {dagbag.py:539} INFO - Filling up the DagBag from /opt/airflow/dags/constant_variables.py
[2023-12-03T05:40:30.685+0000] {processor.py:841} WARNING - No viable dags retrieved from /opt/airflow/dags/constant_variables.py
[2023-12-03T05:40:30.697+0000] {processor.py:179} INFO - Processing /opt/airflow/dags/constant_variables.py took 0.023 seconds
[2023-12-03T05:41:01.228+0000] {processor.py:157} INFO - Started process (PID=1435) to work on /opt/airflow/dags/constant_variables.py
[2023-12-03T05:41:01.229+0000] {processor.py:829} INFO - Processing file /opt/airflow/dags/constant_variables.py for tasks to queue
[2023-12-03T05:41:01.231+0000] {logging_mixin.py:151} INFO - [2023-12-03T05:41:01.231+0000] {dagbag.py:539} INFO - Filling up the DagBag from /opt/airflow/dags/constant_variables.py
[2023-12-03T05:41:01.234+0000] {processor.py:841} WARNING - No viable dags retrieved from /opt/airflow/dags/constant_variables.py
[2023-12-03T05:41:01.247+0000] {processor.py:179} INFO - Processing /opt/airflow/dags/constant_variables.py took 0.024 seconds
[2023-12-03T05:41:31.823+0000] {processor.py:157} INFO - Started process (PID=1491) to work on /opt/airflow/dags/constant_variables.py
[2023-12-03T05:41:31.825+0000] {processor.py:829} INFO - Processing file /opt/airflow/dags/constant_variables.py for tasks to queue
[2023-12-03T05:41:31.828+0000] {logging_mixin.py:151} INFO - [2023-12-03T05:41:31.828+0000] {dagbag.py:539} INFO - Filling up the DagBag from /opt/airflow/dags/constant_variables.py
[2023-12-03T05:41:31.833+0000] {processor.py:841} WARNING - No viable dags retrieved from /opt/airflow/dags/constant_variables.py
[2023-12-03T05:41:31.845+0000] {processor.py:179} INFO - Processing /opt/airflow/dags/constant_variables.py took 0.027 seconds
[2023-12-03T05:42:02.304+0000] {processor.py:157} INFO - Started process (PID=1547) to work on /opt/airflow/dags/constant_variables.py
[2023-12-03T05:42:02.306+0000] {processor.py:829} INFO - Processing file /opt/airflow/dags/constant_variables.py for tasks to queue
[2023-12-03T05:42:02.308+0000] {logging_mixin.py:151} INFO - [2023-12-03T05:42:02.307+0000] {dagbag.py:539} INFO - Filling up the DagBag from /opt/airflow/dags/constant_variables.py
[2023-12-03T05:42:02.320+0000] {processor.py:841} WARNING - No viable dags retrieved from /opt/airflow/dags/constant_variables.py
[2023-12-03T05:42:02.338+0000] {processor.py:179} INFO - Processing /opt/airflow/dags/constant_variables.py took 0.052 seconds
[2023-12-03T05:42:32.587+0000] {processor.py:157} INFO - Started process (PID=1603) to work on /opt/airflow/dags/constant_variables.py
[2023-12-03T05:42:32.588+0000] {processor.py:829} INFO - Processing file /opt/airflow/dags/constant_variables.py for tasks to queue
[2023-12-03T05:42:32.590+0000] {logging_mixin.py:151} INFO - [2023-12-03T05:42:32.590+0000] {dagbag.py:539} INFO - Filling up the DagBag from /opt/airflow/dags/constant_variables.py
[2023-12-03T05:42:32.593+0000] {processor.py:841} WARNING - No viable dags retrieved from /opt/airflow/dags/constant_variables.py
[2023-12-03T05:42:32.603+0000] {processor.py:179} INFO - Processing /opt/airflow/dags/constant_variables.py took 0.019 seconds
[2023-12-03T05:43:02.891+0000] {processor.py:157} INFO - Started process (PID=1659) to work on /opt/airflow/dags/constant_variables.py
[2023-12-03T05:43:02.892+0000] {processor.py:829} INFO - Processing file /opt/airflow/dags/constant_variables.py for tasks to queue
[2023-12-03T05:43:02.894+0000] {logging_mixin.py:151} INFO - [2023-12-03T05:43:02.894+0000] {dagbag.py:539} INFO - Filling up the DagBag from /opt/airflow/dags/constant_variables.py
[2023-12-03T05:43:02.896+0000] {processor.py:841} WARNING - No viable dags retrieved from /opt/airflow/dags/constant_variables.py
[2023-12-03T05:43:02.906+0000] {processor.py:179} INFO - Processing /opt/airflow/dags/constant_variables.py took 0.018 seconds
[2023-12-03T05:43:33.182+0000] {processor.py:157} INFO - Started process (PID=1715) to work on /opt/airflow/dags/constant_variables.py
[2023-12-03T05:43:33.184+0000] {processor.py:829} INFO - Processing file /opt/airflow/dags/constant_variables.py for tasks to queue
[2023-12-03T05:43:33.186+0000] {logging_mixin.py:151} INFO - [2023-12-03T05:43:33.186+0000] {dagbag.py:539} INFO - Filling up the DagBag from /opt/airflow/dags/constant_variables.py
[2023-12-03T05:43:33.189+0000] {processor.py:841} WARNING - No viable dags retrieved from /opt/airflow/dags/constant_variables.py
[2023-12-03T05:43:33.201+0000] {processor.py:179} INFO - Processing /opt/airflow/dags/constant_variables.py took 0.022 seconds
[2023-12-03T05:44:03.482+0000] {processor.py:157} INFO - Started process (PID=1771) to work on /opt/airflow/dags/constant_variables.py
[2023-12-03T05:44:03.483+0000] {processor.py:829} INFO - Processing file /opt/airflow/dags/constant_variables.py for tasks to queue
[2023-12-03T05:44:03.485+0000] {logging_mixin.py:151} INFO - [2023-12-03T05:44:03.484+0000] {dagbag.py:539} INFO - Filling up the DagBag from /opt/airflow/dags/constant_variables.py
[2023-12-03T05:44:03.487+0000] {processor.py:841} WARNING - No viable dags retrieved from /opt/airflow/dags/constant_variables.py
[2023-12-03T05:44:03.498+0000] {processor.py:179} INFO - Processing /opt/airflow/dags/constant_variables.py took 0.019 seconds
[2023-12-03T05:44:33.848+0000] {processor.py:157} INFO - Started process (PID=1827) to work on /opt/airflow/dags/constant_variables.py
[2023-12-03T05:44:33.849+0000] {processor.py:829} INFO - Processing file /opt/airflow/dags/constant_variables.py for tasks to queue
[2023-12-03T05:44:33.852+0000] {logging_mixin.py:151} INFO - [2023-12-03T05:44:33.851+0000] {dagbag.py:539} INFO - Filling up the DagBag from /opt/airflow/dags/constant_variables.py
[2023-12-03T05:44:33.855+0000] {processor.py:841} WARNING - No viable dags retrieved from /opt/airflow/dags/constant_variables.py
[2023-12-03T05:44:33.868+0000] {processor.py:179} INFO - Processing /opt/airflow/dags/constant_variables.py took 0.025 seconds
[2023-12-03T05:45:04.163+0000] {processor.py:157} INFO - Started process (PID=1883) to work on /opt/airflow/dags/constant_variables.py
[2023-12-03T05:45:04.164+0000] {processor.py:829} INFO - Processing file /opt/airflow/dags/constant_variables.py for tasks to queue
[2023-12-03T05:45:04.166+0000] {logging_mixin.py:151} INFO - [2023-12-03T05:45:04.166+0000] {dagbag.py:539} INFO - Filling up the DagBag from /opt/airflow/dags/constant_variables.py
[2023-12-03T05:45:04.169+0000] {processor.py:841} WARNING - No viable dags retrieved from /opt/airflow/dags/constant_variables.py
[2023-12-03T05:45:04.183+0000] {processor.py:179} INFO - Processing /opt/airflow/dags/constant_variables.py took 0.023 seconds
[2023-12-03T05:45:34.412+0000] {processor.py:157} INFO - Started process (PID=1939) to work on /opt/airflow/dags/constant_variables.py
[2023-12-03T05:45:34.414+0000] {processor.py:829} INFO - Processing file /opt/airflow/dags/constant_variables.py for tasks to queue
[2023-12-03T05:45:34.416+0000] {logging_mixin.py:151} INFO - [2023-12-03T05:45:34.415+0000] {dagbag.py:539} INFO - Filling up the DagBag from /opt/airflow/dags/constant_variables.py
[2023-12-03T05:45:34.418+0000] {processor.py:841} WARNING - No viable dags retrieved from /opt/airflow/dags/constant_variables.py
[2023-12-03T05:45:34.430+0000] {processor.py:179} INFO - Processing /opt/airflow/dags/constant_variables.py took 0.022 seconds
[2023-12-03T05:46:04.944+0000] {processor.py:157} INFO - Started process (PID=1995) to work on /opt/airflow/dags/constant_variables.py
[2023-12-03T05:46:04.946+0000] {processor.py:829} INFO - Processing file /opt/airflow/dags/constant_variables.py for tasks to queue
[2023-12-03T05:46:04.948+0000] {logging_mixin.py:151} INFO - [2023-12-03T05:46:04.948+0000] {dagbag.py:539} INFO - Filling up the DagBag from /opt/airflow/dags/constant_variables.py
[2023-12-03T05:46:04.952+0000] {processor.py:841} WARNING - No viable dags retrieved from /opt/airflow/dags/constant_variables.py
[2023-12-03T05:46:04.969+0000] {processor.py:179} INFO - Processing /opt/airflow/dags/constant_variables.py took 0.029 seconds
[2023-12-03T05:46:35.184+0000] {processor.py:157} INFO - Started process (PID=2051) to work on /opt/airflow/dags/constant_variables.py
[2023-12-03T05:46:35.186+0000] {processor.py:829} INFO - Processing file /opt/airflow/dags/constant_variables.py for tasks to queue
[2023-12-03T05:46:35.188+0000] {logging_mixin.py:151} INFO - [2023-12-03T05:46:35.187+0000] {dagbag.py:539} INFO - Filling up the DagBag from /opt/airflow/dags/constant_variables.py
[2023-12-03T05:46:35.190+0000] {processor.py:841} WARNING - No viable dags retrieved from /opt/airflow/dags/constant_variables.py
[2023-12-03T05:46:35.201+0000] {processor.py:179} INFO - Processing /opt/airflow/dags/constant_variables.py took 0.020 seconds
[2023-12-03T05:47:05.509+0000] {processor.py:157} INFO - Started process (PID=2107) to work on /opt/airflow/dags/constant_variables.py
[2023-12-03T05:47:05.510+0000] {processor.py:829} INFO - Processing file /opt/airflow/dags/constant_variables.py for tasks to queue
[2023-12-03T05:47:05.512+0000] {logging_mixin.py:151} INFO - [2023-12-03T05:47:05.512+0000] {dagbag.py:539} INFO - Filling up the DagBag from /opt/airflow/dags/constant_variables.py
[2023-12-03T05:47:05.515+0000] {processor.py:841} WARNING - No viable dags retrieved from /opt/airflow/dags/constant_variables.py
[2023-12-03T05:47:05.526+0000] {processor.py:179} INFO - Processing /opt/airflow/dags/constant_variables.py took 0.022 seconds
[2023-12-03T05:47:35.817+0000] {processor.py:157} INFO - Started process (PID=2163) to work on /opt/airflow/dags/constant_variables.py
[2023-12-03T05:47:35.821+0000] {processor.py:829} INFO - Processing file /opt/airflow/dags/constant_variables.py for tasks to queue
[2023-12-03T05:47:35.824+0000] {logging_mixin.py:151} INFO - [2023-12-03T05:47:35.823+0000] {dagbag.py:539} INFO - Filling up the DagBag from /opt/airflow/dags/constant_variables.py
[2023-12-03T05:47:35.827+0000] {processor.py:841} WARNING - No viable dags retrieved from /opt/airflow/dags/constant_variables.py
[2023-12-03T05:47:35.857+0000] {processor.py:179} INFO - Processing /opt/airflow/dags/constant_variables.py took 0.043 seconds
