[2023-12-03T04:52:27.520+0000] {processor.py:157} INFO - Started process (PID=35) to work on /opt/airflow/dags/mongo_data_loader.py
[2023-12-03T04:52:27.522+0000] {processor.py:829} INFO - Processing file /opt/airflow/dags/mongo_data_loader.py for tasks to queue
[2023-12-03T04:52:27.529+0000] {logging_mixin.py:151} INFO - [2023-12-03T04:52:27.529+0000] {dagbag.py:539} INFO - Filling up the DagBag from /opt/airflow/dags/mongo_data_loader.py
[2023-12-03T04:52:27.713+0000] {processor.py:839} INFO - DAG(s) dict_keys(['mongo_data_loader']) retrieved from /opt/airflow/dags/mongo_data_loader.py
[2023-12-03T04:52:27.874+0000] {logging_mixin.py:151} INFO - [2023-12-03T04:52:27.874+0000] {manager.py:499} INFO - Created Permission View: %s
[2023-12-03T04:52:27.883+0000] {logging_mixin.py:151} INFO - [2023-12-03T04:52:27.882+0000] {manager.py:499} INFO - Created Permission View: %s
[2023-12-03T04:52:27.888+0000] {logging_mixin.py:151} INFO - [2023-12-03T04:52:27.888+0000] {manager.py:499} INFO - Created Permission View: %s
[2023-12-03T04:52:27.889+0000] {logging_mixin.py:151} INFO - [2023-12-03T04:52:27.889+0000] {security.py:708} INFO - Not syncing DAG-level permissions for DAG 'DAG:mongo_data_loader' as access control is unset.
[2023-12-03T04:52:27.890+0000] {logging_mixin.py:151} INFO - [2023-12-03T04:52:27.890+0000] {dag.py:2915} INFO - Sync 1 DAGs
[2023-12-03T04:52:27.899+0000] {logging_mixin.py:151} INFO - [2023-12-03T04:52:27.899+0000] {dag.py:2937} INFO - Creating ORM DAG for mongo_data_loader
[2023-12-03T04:52:27.907+0000] {logging_mixin.py:151} INFO - [2023-12-03T04:52:27.907+0000] {dag.py:3696} INFO - Setting next_dagrun for mongo_data_loader to 2023-01-10T16:45:00+00:00, run_after=2023-02-10T16:45:00+00:00
[2023-12-03T04:52:27.920+0000] {processor.py:179} INFO - Processing /opt/airflow/dags/mongo_data_loader.py took 0.405 seconds
[2023-12-03T04:52:58.386+0000] {processor.py:157} INFO - Started process (PID=92) to work on /opt/airflow/dags/mongo_data_loader.py
[2023-12-03T04:52:58.394+0000] {processor.py:829} INFO - Processing file /opt/airflow/dags/mongo_data_loader.py for tasks to queue
[2023-12-03T04:52:58.420+0000] {logging_mixin.py:151} INFO - [2023-12-03T04:52:58.419+0000] {dagbag.py:539} INFO - Filling up the DagBag from /opt/airflow/dags/mongo_data_loader.py
[2023-12-03T04:52:58.666+0000] {processor.py:839} INFO - DAG(s) dict_keys(['mongo_data_loader']) retrieved from /opt/airflow/dags/mongo_data_loader.py
[2023-12-03T04:52:58.692+0000] {logging_mixin.py:151} INFO - [2023-12-03T04:52:58.691+0000] {dag.py:2915} INFO - Sync 1 DAGs
[2023-12-03T04:52:58.731+0000] {logging_mixin.py:151} INFO - [2023-12-03T04:52:58.731+0000] {dag.py:3696} INFO - Setting next_dagrun for mongo_data_loader to 2023-01-10T16:45:00+00:00, run_after=2023-02-10T16:45:00+00:00
[2023-12-03T04:52:58.765+0000] {processor.py:179} INFO - Processing /opt/airflow/dags/mongo_data_loader.py took 0.386 seconds
[2023-12-03T04:53:29.005+0000] {processor.py:157} INFO - Started process (PID=149) to work on /opt/airflow/dags/mongo_data_loader.py
[2023-12-03T04:53:29.008+0000] {processor.py:829} INFO - Processing file /opt/airflow/dags/mongo_data_loader.py for tasks to queue
[2023-12-03T04:53:29.011+0000] {logging_mixin.py:151} INFO - [2023-12-03T04:53:29.011+0000] {dagbag.py:539} INFO - Filling up the DagBag from /opt/airflow/dags/mongo_data_loader.py
[2023-12-03T04:53:29.558+0000] {processor.py:839} INFO - DAG(s) dict_keys(['mongo_data_loader']) retrieved from /opt/airflow/dags/mongo_data_loader.py
[2023-12-03T04:53:29.593+0000] {logging_mixin.py:151} INFO - [2023-12-03T04:53:29.593+0000] {dag.py:2915} INFO - Sync 1 DAGs
[2023-12-03T04:53:29.618+0000] {logging_mixin.py:151} INFO - [2023-12-03T04:53:29.618+0000] {dag.py:3696} INFO - Setting next_dagrun for mongo_data_loader to 2023-01-10T16:45:00+00:00, run_after=2023-02-10T16:45:00+00:00
[2023-12-03T04:53:29.641+0000] {processor.py:179} INFO - Processing /opt/airflow/dags/mongo_data_loader.py took 0.642 seconds
[2023-12-03T04:54:00.391+0000] {processor.py:157} INFO - Started process (PID=205) to work on /opt/airflow/dags/mongo_data_loader.py
[2023-12-03T04:54:00.393+0000] {processor.py:829} INFO - Processing file /opt/airflow/dags/mongo_data_loader.py for tasks to queue
[2023-12-03T04:54:00.396+0000] {logging_mixin.py:151} INFO - [2023-12-03T04:54:00.395+0000] {dagbag.py:539} INFO - Filling up the DagBag from /opt/airflow/dags/mongo_data_loader.py
[2023-12-03T04:54:00.505+0000] {processor.py:839} INFO - DAG(s) dict_keys(['mongo_data_loader']) retrieved from /opt/airflow/dags/mongo_data_loader.py
[2023-12-03T04:54:00.552+0000] {logging_mixin.py:151} INFO - [2023-12-03T04:54:00.551+0000] {dag.py:2915} INFO - Sync 1 DAGs
[2023-12-03T04:54:00.570+0000] {logging_mixin.py:151} INFO - [2023-12-03T04:54:00.570+0000] {dag.py:3696} INFO - Setting next_dagrun for mongo_data_loader to 2023-01-10T16:45:00+00:00, run_after=2023-02-10T16:45:00+00:00
[2023-12-03T04:54:00.587+0000] {processor.py:179} INFO - Processing /opt/airflow/dags/mongo_data_loader.py took 0.202 seconds
[2023-12-03T04:54:30.731+0000] {processor.py:157} INFO - Started process (PID=261) to work on /opt/airflow/dags/mongo_data_loader.py
[2023-12-03T04:54:30.732+0000] {processor.py:829} INFO - Processing file /opt/airflow/dags/mongo_data_loader.py for tasks to queue
[2023-12-03T04:54:30.734+0000] {logging_mixin.py:151} INFO - [2023-12-03T04:54:30.734+0000] {dagbag.py:539} INFO - Filling up the DagBag from /opt/airflow/dags/mongo_data_loader.py
[2023-12-03T04:54:30.852+0000] {processor.py:839} INFO - DAG(s) dict_keys(['mongo_data_loader']) retrieved from /opt/airflow/dags/mongo_data_loader.py
[2023-12-03T04:54:30.868+0000] {logging_mixin.py:151} INFO - [2023-12-03T04:54:30.868+0000] {dag.py:2915} INFO - Sync 1 DAGs
[2023-12-03T04:54:30.889+0000] {logging_mixin.py:151} INFO - [2023-12-03T04:54:30.889+0000] {dag.py:3696} INFO - Setting next_dagrun for mongo_data_loader to 2023-01-10T16:45:00+00:00, run_after=2023-02-10T16:45:00+00:00
[2023-12-03T04:54:30.902+0000] {processor.py:179} INFO - Processing /opt/airflow/dags/mongo_data_loader.py took 0.174 seconds
[2023-12-03T04:55:00.975+0000] {processor.py:157} INFO - Started process (PID=317) to work on /opt/airflow/dags/mongo_data_loader.py
[2023-12-03T04:55:00.977+0000] {processor.py:829} INFO - Processing file /opt/airflow/dags/mongo_data_loader.py for tasks to queue
[2023-12-03T04:55:00.983+0000] {logging_mixin.py:151} INFO - [2023-12-03T04:55:00.983+0000] {dagbag.py:539} INFO - Filling up the DagBag from /opt/airflow/dags/mongo_data_loader.py
[2023-12-03T04:55:01.198+0000] {processor.py:839} INFO - DAG(s) dict_keys(['mongo_data_loader']) retrieved from /opt/airflow/dags/mongo_data_loader.py
[2023-12-03T04:55:01.241+0000] {logging_mixin.py:151} INFO - [2023-12-03T04:55:01.241+0000] {dag.py:2915} INFO - Sync 1 DAGs
[2023-12-03T04:55:01.273+0000] {logging_mixin.py:151} INFO - [2023-12-03T04:55:01.273+0000] {dag.py:3696} INFO - Setting next_dagrun for mongo_data_loader to 2023-01-10T16:45:00+00:00, run_after=2023-02-10T16:45:00+00:00
[2023-12-03T04:55:01.290+0000] {processor.py:179} INFO - Processing /opt/airflow/dags/mongo_data_loader.py took 0.322 seconds
[2023-12-03T04:55:31.874+0000] {processor.py:157} INFO - Started process (PID=373) to work on /opt/airflow/dags/mongo_data_loader.py
[2023-12-03T04:55:31.882+0000] {processor.py:829} INFO - Processing file /opt/airflow/dags/mongo_data_loader.py for tasks to queue
[2023-12-03T04:55:31.911+0000] {logging_mixin.py:151} INFO - [2023-12-03T04:55:31.910+0000] {dagbag.py:539} INFO - Filling up the DagBag from /opt/airflow/dags/mongo_data_loader.py
[2023-12-03T04:55:32.272+0000] {processor.py:839} INFO - DAG(s) dict_keys(['mongo_data_loader']) retrieved from /opt/airflow/dags/mongo_data_loader.py
[2023-12-03T04:55:32.339+0000] {logging_mixin.py:151} INFO - [2023-12-03T04:55:32.339+0000] {dag.py:2915} INFO - Sync 1 DAGs
[2023-12-03T04:55:32.392+0000] {logging_mixin.py:151} INFO - [2023-12-03T04:55:32.392+0000] {dag.py:3696} INFO - Setting next_dagrun for mongo_data_loader to 2023-01-10T16:45:00+00:00, run_after=2023-02-10T16:45:00+00:00
[2023-12-03T04:55:32.429+0000] {processor.py:179} INFO - Processing /opt/airflow/dags/mongo_data_loader.py took 0.599 seconds
[2023-12-03T04:56:03.074+0000] {processor.py:157} INFO - Started process (PID=429) to work on /opt/airflow/dags/mongo_data_loader.py
[2023-12-03T04:56:03.075+0000] {processor.py:829} INFO - Processing file /opt/airflow/dags/mongo_data_loader.py for tasks to queue
[2023-12-03T04:56:03.080+0000] {logging_mixin.py:151} INFO - [2023-12-03T04:56:03.079+0000] {dagbag.py:539} INFO - Filling up the DagBag from /opt/airflow/dags/mongo_data_loader.py
[2023-12-03T04:56:03.186+0000] {processor.py:839} INFO - DAG(s) dict_keys(['mongo_data_loader']) retrieved from /opt/airflow/dags/mongo_data_loader.py
[2023-12-03T04:56:03.206+0000] {logging_mixin.py:151} INFO - [2023-12-03T04:56:03.206+0000] {dag.py:2915} INFO - Sync 1 DAGs
[2023-12-03T04:56:03.225+0000] {logging_mixin.py:151} INFO - [2023-12-03T04:56:03.225+0000] {dag.py:3696} INFO - Setting next_dagrun for mongo_data_loader to 2023-01-10T16:45:00+00:00, run_after=2023-02-10T16:45:00+00:00
[2023-12-03T04:56:03.243+0000] {processor.py:179} INFO - Processing /opt/airflow/dags/mongo_data_loader.py took 0.176 seconds
[2023-12-03T04:56:33.823+0000] {processor.py:157} INFO - Started process (PID=485) to work on /opt/airflow/dags/mongo_data_loader.py
[2023-12-03T04:56:33.831+0000] {processor.py:829} INFO - Processing file /opt/airflow/dags/mongo_data_loader.py for tasks to queue
[2023-12-03T04:56:33.839+0000] {logging_mixin.py:151} INFO - [2023-12-03T04:56:33.838+0000] {dagbag.py:539} INFO - Filling up the DagBag from /opt/airflow/dags/mongo_data_loader.py
[2023-12-03T04:56:34.022+0000] {processor.py:839} INFO - DAG(s) dict_keys(['mongo_data_loader']) retrieved from /opt/airflow/dags/mongo_data_loader.py
[2023-12-03T04:56:34.079+0000] {logging_mixin.py:151} INFO - [2023-12-03T04:56:34.079+0000] {dag.py:2915} INFO - Sync 1 DAGs
[2023-12-03T04:56:34.104+0000] {logging_mixin.py:151} INFO - [2023-12-03T04:56:34.104+0000] {dag.py:3696} INFO - Setting next_dagrun for mongo_data_loader to 2023-01-10T16:45:00+00:00, run_after=2023-02-10T16:45:00+00:00
[2023-12-03T04:56:34.122+0000] {processor.py:179} INFO - Processing /opt/airflow/dags/mongo_data_loader.py took 0.313 seconds
[2023-12-03T04:57:19.630+0000] {processor.py:157} INFO - Started process (PID=35) to work on /opt/airflow/dags/mongo_data_loader.py
[2023-12-03T04:57:19.633+0000] {processor.py:829} INFO - Processing file /opt/airflow/dags/mongo_data_loader.py for tasks to queue
[2023-12-03T04:57:19.642+0000] {logging_mixin.py:151} INFO - [2023-12-03T04:57:19.642+0000] {dagbag.py:539} INFO - Filling up the DagBag from /opt/airflow/dags/mongo_data_loader.py
[2023-12-03T04:57:19.771+0000] {processor.py:839} INFO - DAG(s) dict_keys(['mongo_data_loader']) retrieved from /opt/airflow/dags/mongo_data_loader.py
[2023-12-03T04:57:19.919+0000] {logging_mixin.py:151} INFO - [2023-12-03T04:57:19.919+0000] {security.py:708} INFO - Not syncing DAG-level permissions for DAG 'DAG:mongo_data_loader' as access control is unset.
[2023-12-03T04:57:19.920+0000] {logging_mixin.py:151} INFO - [2023-12-03T04:57:19.920+0000] {dag.py:2915} INFO - Sync 1 DAGs
[2023-12-03T04:57:19.942+0000] {logging_mixin.py:151} INFO - [2023-12-03T04:57:19.942+0000] {dag.py:3696} INFO - Setting next_dagrun for mongo_data_loader to 2023-01-10T16:45:00+00:00, run_after=2023-02-10T16:45:00+00:00
[2023-12-03T04:57:19.957+0000] {processor.py:179} INFO - Processing /opt/airflow/dags/mongo_data_loader.py took 0.341 seconds
[2023-12-03T04:57:50.810+0000] {processor.py:157} INFO - Started process (PID=93) to work on /opt/airflow/dags/mongo_data_loader.py
[2023-12-03T04:57:50.811+0000] {processor.py:829} INFO - Processing file /opt/airflow/dags/mongo_data_loader.py for tasks to queue
[2023-12-03T04:57:50.813+0000] {logging_mixin.py:151} INFO - [2023-12-03T04:57:50.813+0000] {dagbag.py:539} INFO - Filling up the DagBag from /opt/airflow/dags/mongo_data_loader.py
[2023-12-03T04:57:50.866+0000] {processor.py:839} INFO - DAG(s) dict_keys(['mongo_data_loader']) retrieved from /opt/airflow/dags/mongo_data_loader.py
[2023-12-03T04:57:50.881+0000] {logging_mixin.py:151} INFO - [2023-12-03T04:57:50.881+0000] {dag.py:2915} INFO - Sync 1 DAGs
[2023-12-03T04:57:50.895+0000] {logging_mixin.py:151} INFO - [2023-12-03T04:57:50.895+0000] {dag.py:3696} INFO - Setting next_dagrun for mongo_data_loader to 2023-01-10T16:45:00+00:00, run_after=2023-02-10T16:45:00+00:00
[2023-12-03T04:57:50.905+0000] {processor.py:179} INFO - Processing /opt/airflow/dags/mongo_data_loader.py took 0.098 seconds
[2023-12-03T04:58:21.064+0000] {processor.py:157} INFO - Started process (PID=149) to work on /opt/airflow/dags/mongo_data_loader.py
[2023-12-03T04:58:21.065+0000] {processor.py:829} INFO - Processing file /opt/airflow/dags/mongo_data_loader.py for tasks to queue
[2023-12-03T04:58:21.067+0000] {logging_mixin.py:151} INFO - [2023-12-03T04:58:21.067+0000] {dagbag.py:539} INFO - Filling up the DagBag from /opt/airflow/dags/mongo_data_loader.py
[2023-12-03T04:58:21.123+0000] {processor.py:839} INFO - DAG(s) dict_keys(['mongo_data_loader']) retrieved from /opt/airflow/dags/mongo_data_loader.py
[2023-12-03T04:58:21.140+0000] {logging_mixin.py:151} INFO - [2023-12-03T04:58:21.140+0000] {dag.py:2915} INFO - Sync 1 DAGs
[2023-12-03T04:58:21.155+0000] {logging_mixin.py:151} INFO - [2023-12-03T04:58:21.155+0000] {dag.py:3696} INFO - Setting next_dagrun for mongo_data_loader to 2023-01-10T16:45:00+00:00, run_after=2023-02-10T16:45:00+00:00
[2023-12-03T04:58:21.166+0000] {processor.py:179} INFO - Processing /opt/airflow/dags/mongo_data_loader.py took 0.105 seconds
[2023-12-03T04:58:51.346+0000] {processor.py:157} INFO - Started process (PID=205) to work on /opt/airflow/dags/mongo_data_loader.py
[2023-12-03T04:58:51.347+0000] {processor.py:829} INFO - Processing file /opt/airflow/dags/mongo_data_loader.py for tasks to queue
[2023-12-03T04:58:51.349+0000] {logging_mixin.py:151} INFO - [2023-12-03T04:58:51.349+0000] {dagbag.py:539} INFO - Filling up the DagBag from /opt/airflow/dags/mongo_data_loader.py
[2023-12-03T04:58:51.406+0000] {processor.py:839} INFO - DAG(s) dict_keys(['mongo_data_loader']) retrieved from /opt/airflow/dags/mongo_data_loader.py
[2023-12-03T04:58:51.422+0000] {logging_mixin.py:151} INFO - [2023-12-03T04:58:51.422+0000] {dag.py:2915} INFO - Sync 1 DAGs
[2023-12-03T04:58:51.439+0000] {logging_mixin.py:151} INFO - [2023-12-03T04:58:51.439+0000] {dag.py:3696} INFO - Setting next_dagrun for mongo_data_loader to 2023-01-10T16:45:00+00:00, run_after=2023-02-10T16:45:00+00:00
[2023-12-03T04:58:51.450+0000] {processor.py:179} INFO - Processing /opt/airflow/dags/mongo_data_loader.py took 0.109 seconds
[2023-12-03T04:59:22.058+0000] {processor.py:157} INFO - Started process (PID=261) to work on /opt/airflow/dags/mongo_data_loader.py
[2023-12-03T04:59:22.060+0000] {processor.py:829} INFO - Processing file /opt/airflow/dags/mongo_data_loader.py for tasks to queue
[2023-12-03T04:59:22.062+0000] {logging_mixin.py:151} INFO - [2023-12-03T04:59:22.062+0000] {dagbag.py:539} INFO - Filling up the DagBag from /opt/airflow/dags/mongo_data_loader.py
[2023-12-03T04:59:22.124+0000] {processor.py:839} INFO - DAG(s) dict_keys(['mongo_data_loader']) retrieved from /opt/airflow/dags/mongo_data_loader.py
[2023-12-03T04:59:22.138+0000] {logging_mixin.py:151} INFO - [2023-12-03T04:59:22.138+0000] {dag.py:2915} INFO - Sync 1 DAGs
[2023-12-03T04:59:22.153+0000] {logging_mixin.py:151} INFO - [2023-12-03T04:59:22.153+0000] {dag.py:3696} INFO - Setting next_dagrun for mongo_data_loader to 2023-01-10T16:45:00+00:00, run_after=2023-02-10T16:45:00+00:00
[2023-12-03T04:59:22.164+0000] {processor.py:179} INFO - Processing /opt/airflow/dags/mongo_data_loader.py took 0.112 seconds
[2023-12-03T04:59:52.321+0000] {processor.py:157} INFO - Started process (PID=317) to work on /opt/airflow/dags/mongo_data_loader.py
[2023-12-03T04:59:52.322+0000] {processor.py:829} INFO - Processing file /opt/airflow/dags/mongo_data_loader.py for tasks to queue
[2023-12-03T04:59:52.325+0000] {logging_mixin.py:151} INFO - [2023-12-03T04:59:52.325+0000] {dagbag.py:539} INFO - Filling up the DagBag from /opt/airflow/dags/mongo_data_loader.py
[2023-12-03T04:59:52.391+0000] {processor.py:839} INFO - DAG(s) dict_keys(['mongo_data_loader']) retrieved from /opt/airflow/dags/mongo_data_loader.py
[2023-12-03T04:59:52.406+0000] {logging_mixin.py:151} INFO - [2023-12-03T04:59:52.406+0000] {dag.py:2915} INFO - Sync 1 DAGs
[2023-12-03T04:59:52.420+0000] {logging_mixin.py:151} INFO - [2023-12-03T04:59:52.420+0000] {dag.py:3696} INFO - Setting next_dagrun for mongo_data_loader to 2023-01-10T16:45:00+00:00, run_after=2023-02-10T16:45:00+00:00
[2023-12-03T04:59:52.432+0000] {processor.py:179} INFO - Processing /opt/airflow/dags/mongo_data_loader.py took 0.116 seconds
[2023-12-03T05:00:22.798+0000] {processor.py:157} INFO - Started process (PID=373) to work on /opt/airflow/dags/mongo_data_loader.py
[2023-12-03T05:00:22.800+0000] {processor.py:829} INFO - Processing file /opt/airflow/dags/mongo_data_loader.py for tasks to queue
[2023-12-03T05:00:22.802+0000] {logging_mixin.py:151} INFO - [2023-12-03T05:00:22.802+0000] {dagbag.py:539} INFO - Filling up the DagBag from /opt/airflow/dags/mongo_data_loader.py
[2023-12-03T05:00:22.865+0000] {processor.py:839} INFO - DAG(s) dict_keys(['mongo_data_loader']) retrieved from /opt/airflow/dags/mongo_data_loader.py
[2023-12-03T05:00:22.880+0000] {logging_mixin.py:151} INFO - [2023-12-03T05:00:22.880+0000] {dag.py:2915} INFO - Sync 1 DAGs
[2023-12-03T05:00:22.896+0000] {logging_mixin.py:151} INFO - [2023-12-03T05:00:22.896+0000] {dag.py:3696} INFO - Setting next_dagrun for mongo_data_loader to 2023-01-10T16:45:00+00:00, run_after=2023-02-10T16:45:00+00:00
[2023-12-03T05:00:22.907+0000] {processor.py:179} INFO - Processing /opt/airflow/dags/mongo_data_loader.py took 0.116 seconds
[2023-12-03T05:08:07.775+0000] {processor.py:157} INFO - Started process (PID=35) to work on /opt/airflow/dags/mongo_data_loader.py
[2023-12-03T05:08:07.777+0000] {processor.py:829} INFO - Processing file /opt/airflow/dags/mongo_data_loader.py for tasks to queue
[2023-12-03T05:08:07.779+0000] {logging_mixin.py:151} INFO - [2023-12-03T05:08:07.779+0000] {dagbag.py:539} INFO - Filling up the DagBag from /opt/airflow/dags/mongo_data_loader.py
[2023-12-03T05:08:07.913+0000] {processor.py:839} INFO - DAG(s) dict_keys(['mongo_data_loader']) retrieved from /opt/airflow/dags/mongo_data_loader.py
[2023-12-03T05:08:08.065+0000] {logging_mixin.py:151} INFO - [2023-12-03T05:08:08.064+0000] {security.py:708} INFO - Not syncing DAG-level permissions for DAG 'DAG:mongo_data_loader' as access control is unset.
[2023-12-03T05:08:08.065+0000] {logging_mixin.py:151} INFO - [2023-12-03T05:08:08.065+0000] {dag.py:2915} INFO - Sync 1 DAGs
[2023-12-03T05:08:08.080+0000] {logging_mixin.py:151} INFO - [2023-12-03T05:08:08.079+0000] {dag.py:3696} INFO - Setting next_dagrun for mongo_data_loader to 2023-01-10T16:45:00+00:00, run_after=2023-02-10T16:45:00+00:00
[2023-12-03T05:08:08.092+0000] {processor.py:179} INFO - Processing /opt/airflow/dags/mongo_data_loader.py took 0.321 seconds
[2023-12-03T05:08:38.193+0000] {processor.py:157} INFO - Started process (PID=95) to work on /opt/airflow/dags/mongo_data_loader.py
[2023-12-03T05:08:38.194+0000] {processor.py:829} INFO - Processing file /opt/airflow/dags/mongo_data_loader.py for tasks to queue
[2023-12-03T05:08:38.196+0000] {logging_mixin.py:151} INFO - [2023-12-03T05:08:38.196+0000] {dagbag.py:539} INFO - Filling up the DagBag from /opt/airflow/dags/mongo_data_loader.py
[2023-12-03T05:08:38.266+0000] {processor.py:839} INFO - DAG(s) dict_keys(['mongo_data_loader']) retrieved from /opt/airflow/dags/mongo_data_loader.py
[2023-12-03T05:08:38.280+0000] {logging_mixin.py:151} INFO - [2023-12-03T05:08:38.280+0000] {dag.py:2915} INFO - Sync 1 DAGs
[2023-12-03T05:08:38.293+0000] {logging_mixin.py:151} INFO - [2023-12-03T05:08:38.293+0000] {dag.py:3696} INFO - Setting next_dagrun for mongo_data_loader to 2023-01-10T16:45:00+00:00, run_after=2023-02-10T16:45:00+00:00
[2023-12-03T05:08:38.303+0000] {processor.py:179} INFO - Processing /opt/airflow/dags/mongo_data_loader.py took 0.113 seconds
[2023-12-03T05:09:08.626+0000] {processor.py:157} INFO - Started process (PID=147) to work on /opt/airflow/dags/mongo_data_loader.py
[2023-12-03T05:09:08.628+0000] {processor.py:829} INFO - Processing file /opt/airflow/dags/mongo_data_loader.py for tasks to queue
[2023-12-03T05:09:08.631+0000] {logging_mixin.py:151} INFO - [2023-12-03T05:09:08.631+0000] {dagbag.py:539} INFO - Filling up the DagBag from /opt/airflow/dags/mongo_data_loader.py
[2023-12-03T05:09:08.686+0000] {processor.py:839} INFO - DAG(s) dict_keys(['mongo_data_loader']) retrieved from /opt/airflow/dags/mongo_data_loader.py
[2023-12-03T05:09:08.701+0000] {logging_mixin.py:151} INFO - [2023-12-03T05:09:08.701+0000] {dag.py:2915} INFO - Sync 1 DAGs
[2023-12-03T05:09:08.715+0000] {logging_mixin.py:151} INFO - [2023-12-03T05:09:08.714+0000] {dag.py:3696} INFO - Setting next_dagrun for mongo_data_loader to 2023-01-10T16:45:00+00:00, run_after=2023-02-10T16:45:00+00:00
[2023-12-03T05:09:08.727+0000] {processor.py:179} INFO - Processing /opt/airflow/dags/mongo_data_loader.py took 0.107 seconds
[2023-12-03T05:11:36.540+0000] {processor.py:157} INFO - Started process (PID=35) to work on /opt/airflow/dags/mongo_data_loader.py
[2023-12-03T05:11:36.543+0000] {processor.py:829} INFO - Processing file /opt/airflow/dags/mongo_data_loader.py for tasks to queue
[2023-12-03T05:11:36.546+0000] {logging_mixin.py:151} INFO - [2023-12-03T05:11:36.546+0000] {dagbag.py:539} INFO - Filling up the DagBag from /opt/airflow/dags/mongo_data_loader.py
[2023-12-03T05:11:36.660+0000] {processor.py:839} INFO - DAG(s) dict_keys(['mongo_data_loader']) retrieved from /opt/airflow/dags/mongo_data_loader.py
[2023-12-03T05:11:36.812+0000] {logging_mixin.py:151} INFO - [2023-12-03T05:11:36.812+0000] {security.py:708} INFO - Not syncing DAG-level permissions for DAG 'DAG:mongo_data_loader' as access control is unset.
[2023-12-03T05:11:36.813+0000] {logging_mixin.py:151} INFO - [2023-12-03T05:11:36.813+0000] {dag.py:2915} INFO - Sync 1 DAGs
[2023-12-03T05:11:36.830+0000] {logging_mixin.py:151} INFO - [2023-12-03T05:11:36.830+0000] {dag.py:3696} INFO - Setting next_dagrun for mongo_data_loader to 2023-01-10T16:45:00+00:00, run_after=2023-02-10T16:45:00+00:00
[2023-12-03T05:11:36.844+0000] {processor.py:179} INFO - Processing /opt/airflow/dags/mongo_data_loader.py took 0.307 seconds
[2023-12-03T05:12:06.912+0000] {processor.py:157} INFO - Started process (PID=94) to work on /opt/airflow/dags/mongo_data_loader.py
[2023-12-03T05:12:06.914+0000] {processor.py:829} INFO - Processing file /opt/airflow/dags/mongo_data_loader.py for tasks to queue
[2023-12-03T05:12:06.915+0000] {logging_mixin.py:151} INFO - [2023-12-03T05:12:06.915+0000] {dagbag.py:539} INFO - Filling up the DagBag from /opt/airflow/dags/mongo_data_loader.py
[2023-12-03T05:12:06.973+0000] {processor.py:839} INFO - DAG(s) dict_keys(['mongo_data_loader']) retrieved from /opt/airflow/dags/mongo_data_loader.py
[2023-12-03T05:12:06.986+0000] {logging_mixin.py:151} INFO - [2023-12-03T05:12:06.986+0000] {dag.py:2915} INFO - Sync 1 DAGs
[2023-12-03T05:12:07.002+0000] {logging_mixin.py:151} INFO - [2023-12-03T05:12:07.001+0000] {dag.py:3696} INFO - Setting next_dagrun for mongo_data_loader to 2023-01-10T16:45:00+00:00, run_after=2023-02-10T16:45:00+00:00
[2023-12-03T05:12:07.013+0000] {processor.py:179} INFO - Processing /opt/airflow/dags/mongo_data_loader.py took 0.104 seconds
[2023-12-03T05:12:37.304+0000] {processor.py:157} INFO - Started process (PID=147) to work on /opt/airflow/dags/mongo_data_loader.py
[2023-12-03T05:12:37.306+0000] {processor.py:829} INFO - Processing file /opt/airflow/dags/mongo_data_loader.py for tasks to queue
[2023-12-03T05:12:37.310+0000] {logging_mixin.py:151} INFO - [2023-12-03T05:12:37.310+0000] {dagbag.py:539} INFO - Filling up the DagBag from /opt/airflow/dags/mongo_data_loader.py
[2023-12-03T05:12:37.373+0000] {processor.py:839} INFO - DAG(s) dict_keys(['mongo_data_loader']) retrieved from /opt/airflow/dags/mongo_data_loader.py
[2023-12-03T05:12:37.391+0000] {logging_mixin.py:151} INFO - [2023-12-03T05:12:37.391+0000] {dag.py:2915} INFO - Sync 1 DAGs
[2023-12-03T05:12:37.407+0000] {logging_mixin.py:151} INFO - [2023-12-03T05:12:37.407+0000] {dag.py:3696} INFO - Setting next_dagrun for mongo_data_loader to 2023-01-10T16:45:00+00:00, run_after=2023-02-10T16:45:00+00:00
[2023-12-03T05:12:37.422+0000] {processor.py:179} INFO - Processing /opt/airflow/dags/mongo_data_loader.py took 0.121 seconds
[2023-12-03T05:13:07.501+0000] {processor.py:157} INFO - Started process (PID=225) to work on /opt/airflow/dags/mongo_data_loader.py
[2023-12-03T05:13:07.503+0000] {processor.py:829} INFO - Processing file /opt/airflow/dags/mongo_data_loader.py for tasks to queue
[2023-12-03T05:13:07.505+0000] {logging_mixin.py:151} INFO - [2023-12-03T05:13:07.504+0000] {dagbag.py:539} INFO - Filling up the DagBag from /opt/airflow/dags/mongo_data_loader.py
[2023-12-03T05:13:07.560+0000] {processor.py:839} INFO - DAG(s) dict_keys(['mongo_data_loader']) retrieved from /opt/airflow/dags/mongo_data_loader.py
[2023-12-03T05:13:07.574+0000] {logging_mixin.py:151} INFO - [2023-12-03T05:13:07.574+0000] {dag.py:2915} INFO - Sync 1 DAGs
[2023-12-03T05:13:07.590+0000] {logging_mixin.py:151} INFO - [2023-12-03T05:13:07.589+0000] {dag.py:3696} INFO - Setting next_dagrun for mongo_data_loader to 2023-11-10T16:45:00+00:00, run_after=2023-12-10T16:45:00+00:00
[2023-12-03T05:13:07.600+0000] {processor.py:179} INFO - Processing /opt/airflow/dags/mongo_data_loader.py took 0.101 seconds
[2023-12-03T05:13:37.702+0000] {processor.py:157} INFO - Started process (PID=279) to work on /opt/airflow/dags/mongo_data_loader.py
[2023-12-03T05:13:37.706+0000] {processor.py:829} INFO - Processing file /opt/airflow/dags/mongo_data_loader.py for tasks to queue
[2023-12-03T05:13:37.709+0000] {logging_mixin.py:151} INFO - [2023-12-03T05:13:37.708+0000] {dagbag.py:539} INFO - Filling up the DagBag from /opt/airflow/dags/mongo_data_loader.py
[2023-12-03T05:13:37.770+0000] {processor.py:839} INFO - DAG(s) dict_keys(['mongo_data_loader']) retrieved from /opt/airflow/dags/mongo_data_loader.py
[2023-12-03T05:13:37.785+0000] {logging_mixin.py:151} INFO - [2023-12-03T05:13:37.785+0000] {dag.py:2915} INFO - Sync 1 DAGs
[2023-12-03T05:13:37.801+0000] {logging_mixin.py:151} INFO - [2023-12-03T05:13:37.801+0000] {dag.py:3696} INFO - Setting next_dagrun for mongo_data_loader to 2023-11-10T16:45:00+00:00, run_after=2023-12-10T16:45:00+00:00
[2023-12-03T05:13:37.818+0000] {processor.py:179} INFO - Processing /opt/airflow/dags/mongo_data_loader.py took 0.119 seconds
[2023-12-03T05:14:08.003+0000] {processor.py:157} INFO - Started process (PID=335) to work on /opt/airflow/dags/mongo_data_loader.py
[2023-12-03T05:14:08.006+0000] {processor.py:829} INFO - Processing file /opt/airflow/dags/mongo_data_loader.py for tasks to queue
[2023-12-03T05:14:08.008+0000] {logging_mixin.py:151} INFO - [2023-12-03T05:14:08.008+0000] {dagbag.py:539} INFO - Filling up the DagBag from /opt/airflow/dags/mongo_data_loader.py
[2023-12-03T05:14:08.064+0000] {processor.py:839} INFO - DAG(s) dict_keys(['mongo_data_loader']) retrieved from /opt/airflow/dags/mongo_data_loader.py
[2023-12-03T05:14:08.078+0000] {logging_mixin.py:151} INFO - [2023-12-03T05:14:08.078+0000] {dag.py:2915} INFO - Sync 1 DAGs
[2023-12-03T05:14:08.093+0000] {logging_mixin.py:151} INFO - [2023-12-03T05:14:08.093+0000] {dag.py:3696} INFO - Setting next_dagrun for mongo_data_loader to 2023-11-10T16:45:00+00:00, run_after=2023-12-10T16:45:00+00:00
[2023-12-03T05:14:08.104+0000] {processor.py:179} INFO - Processing /opt/airflow/dags/mongo_data_loader.py took 0.105 seconds
[2023-12-03T05:14:38.405+0000] {processor.py:157} INFO - Started process (PID=391) to work on /opt/airflow/dags/mongo_data_loader.py
[2023-12-03T05:14:38.406+0000] {processor.py:829} INFO - Processing file /opt/airflow/dags/mongo_data_loader.py for tasks to queue
[2023-12-03T05:14:38.411+0000] {logging_mixin.py:151} INFO - [2023-12-03T05:14:38.411+0000] {dagbag.py:539} INFO - Filling up the DagBag from /opt/airflow/dags/mongo_data_loader.py
[2023-12-03T05:14:38.469+0000] {processor.py:839} INFO - DAG(s) dict_keys(['mongo_data_loader']) retrieved from /opt/airflow/dags/mongo_data_loader.py
[2023-12-03T05:14:38.484+0000] {logging_mixin.py:151} INFO - [2023-12-03T05:14:38.484+0000] {dag.py:2915} INFO - Sync 1 DAGs
[2023-12-03T05:14:38.499+0000] {logging_mixin.py:151} INFO - [2023-12-03T05:14:38.499+0000] {dag.py:3696} INFO - Setting next_dagrun for mongo_data_loader to 2023-11-10T16:45:00+00:00, run_after=2023-12-10T16:45:00+00:00
[2023-12-03T05:14:38.511+0000] {processor.py:179} INFO - Processing /opt/airflow/dags/mongo_data_loader.py took 0.112 seconds
[2023-12-03T05:15:08.629+0000] {processor.py:157} INFO - Started process (PID=447) to work on /opt/airflow/dags/mongo_data_loader.py
[2023-12-03T05:15:08.630+0000] {processor.py:829} INFO - Processing file /opt/airflow/dags/mongo_data_loader.py for tasks to queue
[2023-12-03T05:15:08.633+0000] {logging_mixin.py:151} INFO - [2023-12-03T05:15:08.632+0000] {dagbag.py:539} INFO - Filling up the DagBag from /opt/airflow/dags/mongo_data_loader.py
[2023-12-03T05:15:08.688+0000] {processor.py:839} INFO - DAG(s) dict_keys(['mongo_data_loader']) retrieved from /opt/airflow/dags/mongo_data_loader.py
[2023-12-03T05:15:08.703+0000] {logging_mixin.py:151} INFO - [2023-12-03T05:15:08.703+0000] {dag.py:2915} INFO - Sync 1 DAGs
[2023-12-03T05:15:08.718+0000] {logging_mixin.py:151} INFO - [2023-12-03T05:15:08.718+0000] {dag.py:3696} INFO - Setting next_dagrun for mongo_data_loader to 2023-11-10T16:45:00+00:00, run_after=2023-12-10T16:45:00+00:00
[2023-12-03T05:15:08.730+0000] {processor.py:179} INFO - Processing /opt/airflow/dags/mongo_data_loader.py took 0.105 seconds
[2023-12-03T05:15:38.972+0000] {processor.py:157} INFO - Started process (PID=503) to work on /opt/airflow/dags/mongo_data_loader.py
[2023-12-03T05:15:38.973+0000] {processor.py:829} INFO - Processing file /opt/airflow/dags/mongo_data_loader.py for tasks to queue
[2023-12-03T05:15:38.976+0000] {logging_mixin.py:151} INFO - [2023-12-03T05:15:38.976+0000] {dagbag.py:539} INFO - Filling up the DagBag from /opt/airflow/dags/mongo_data_loader.py
[2023-12-03T05:15:39.038+0000] {processor.py:839} INFO - DAG(s) dict_keys(['mongo_data_loader']) retrieved from /opt/airflow/dags/mongo_data_loader.py
[2023-12-03T05:15:39.053+0000] {logging_mixin.py:151} INFO - [2023-12-03T05:15:39.053+0000] {dag.py:2915} INFO - Sync 1 DAGs
[2023-12-03T05:15:39.068+0000] {logging_mixin.py:151} INFO - [2023-12-03T05:15:39.068+0000] {dag.py:3696} INFO - Setting next_dagrun for mongo_data_loader to 2023-11-10T16:45:00+00:00, run_after=2023-12-10T16:45:00+00:00
[2023-12-03T05:15:39.079+0000] {processor.py:179} INFO - Processing /opt/airflow/dags/mongo_data_loader.py took 0.111 seconds
[2023-12-03T05:16:09.388+0000] {processor.py:157} INFO - Started process (PID=559) to work on /opt/airflow/dags/mongo_data_loader.py
[2023-12-03T05:16:09.391+0000] {processor.py:829} INFO - Processing file /opt/airflow/dags/mongo_data_loader.py for tasks to queue
[2023-12-03T05:16:09.399+0000] {logging_mixin.py:151} INFO - [2023-12-03T05:16:09.398+0000] {dagbag.py:539} INFO - Filling up the DagBag from /opt/airflow/dags/mongo_data_loader.py
[2023-12-03T05:16:09.467+0000] {processor.py:839} INFO - DAG(s) dict_keys(['mongo_data_loader']) retrieved from /opt/airflow/dags/mongo_data_loader.py
[2023-12-03T05:16:09.484+0000] {logging_mixin.py:151} INFO - [2023-12-03T05:16:09.484+0000] {dag.py:2915} INFO - Sync 1 DAGs
[2023-12-03T05:16:09.502+0000] {logging_mixin.py:151} INFO - [2023-12-03T05:16:09.502+0000] {dag.py:3696} INFO - Setting next_dagrun for mongo_data_loader to 2023-11-10T16:45:00+00:00, run_after=2023-12-10T16:45:00+00:00
[2023-12-03T05:16:09.516+0000] {processor.py:179} INFO - Processing /opt/airflow/dags/mongo_data_loader.py took 0.136 seconds
[2023-12-03T05:16:40.018+0000] {processor.py:157} INFO - Started process (PID=615) to work on /opt/airflow/dags/mongo_data_loader.py
[2023-12-03T05:16:40.021+0000] {processor.py:829} INFO - Processing file /opt/airflow/dags/mongo_data_loader.py for tasks to queue
[2023-12-03T05:16:40.024+0000] {logging_mixin.py:151} INFO - [2023-12-03T05:16:40.023+0000] {dagbag.py:539} INFO - Filling up the DagBag from /opt/airflow/dags/mongo_data_loader.py
[2023-12-03T05:16:40.084+0000] {processor.py:839} INFO - DAG(s) dict_keys(['mongo_data_loader']) retrieved from /opt/airflow/dags/mongo_data_loader.py
[2023-12-03T05:16:40.099+0000] {logging_mixin.py:151} INFO - [2023-12-03T05:16:40.098+0000] {dag.py:2915} INFO - Sync 1 DAGs
[2023-12-03T05:16:40.113+0000] {logging_mixin.py:151} INFO - [2023-12-03T05:16:40.113+0000] {dag.py:3696} INFO - Setting next_dagrun for mongo_data_loader to 2023-11-10T16:45:00+00:00, run_after=2023-12-10T16:45:00+00:00
[2023-12-03T05:16:40.124+0000] {processor.py:179} INFO - Processing /opt/airflow/dags/mongo_data_loader.py took 0.112 seconds
[2023-12-03T05:17:10.297+0000] {processor.py:157} INFO - Started process (PID=671) to work on /opt/airflow/dags/mongo_data_loader.py
[2023-12-03T05:17:10.300+0000] {processor.py:829} INFO - Processing file /opt/airflow/dags/mongo_data_loader.py for tasks to queue
[2023-12-03T05:17:10.304+0000] {logging_mixin.py:151} INFO - [2023-12-03T05:17:10.303+0000] {dagbag.py:539} INFO - Filling up the DagBag from /opt/airflow/dags/mongo_data_loader.py
[2023-12-03T05:17:10.356+0000] {processor.py:839} INFO - DAG(s) dict_keys(['mongo_data_loader']) retrieved from /opt/airflow/dags/mongo_data_loader.py
[2023-12-03T05:17:10.369+0000] {logging_mixin.py:151} INFO - [2023-12-03T05:17:10.369+0000] {dag.py:2915} INFO - Sync 1 DAGs
[2023-12-03T05:17:10.384+0000] {logging_mixin.py:151} INFO - [2023-12-03T05:17:10.384+0000] {dag.py:3696} INFO - Setting next_dagrun for mongo_data_loader to 2023-11-10T16:45:00+00:00, run_after=2023-12-10T16:45:00+00:00
[2023-12-03T05:17:10.394+0000] {processor.py:179} INFO - Processing /opt/airflow/dags/mongo_data_loader.py took 0.101 seconds
[2023-12-03T05:17:40.688+0000] {processor.py:157} INFO - Started process (PID=727) to work on /opt/airflow/dags/mongo_data_loader.py
[2023-12-03T05:17:40.690+0000] {processor.py:829} INFO - Processing file /opt/airflow/dags/mongo_data_loader.py for tasks to queue
[2023-12-03T05:17:40.692+0000] {logging_mixin.py:151} INFO - [2023-12-03T05:17:40.691+0000] {dagbag.py:539} INFO - Filling up the DagBag from /opt/airflow/dags/mongo_data_loader.py
[2023-12-03T05:17:40.748+0000] {processor.py:839} INFO - DAG(s) dict_keys(['mongo_data_loader']) retrieved from /opt/airflow/dags/mongo_data_loader.py
[2023-12-03T05:17:40.762+0000] {logging_mixin.py:151} INFO - [2023-12-03T05:17:40.762+0000] {dag.py:2915} INFO - Sync 1 DAGs
[2023-12-03T05:17:40.776+0000] {logging_mixin.py:151} INFO - [2023-12-03T05:17:40.776+0000] {dag.py:3696} INFO - Setting next_dagrun for mongo_data_loader to 2023-11-10T16:45:00+00:00, run_after=2023-12-10T16:45:00+00:00
[2023-12-03T05:17:40.788+0000] {processor.py:179} INFO - Processing /opt/airflow/dags/mongo_data_loader.py took 0.102 seconds
[2023-12-03T05:18:11.000+0000] {processor.py:157} INFO - Started process (PID=783) to work on /opt/airflow/dags/mongo_data_loader.py
[2023-12-03T05:18:11.002+0000] {processor.py:829} INFO - Processing file /opt/airflow/dags/mongo_data_loader.py for tasks to queue
[2023-12-03T05:18:11.006+0000] {logging_mixin.py:151} INFO - [2023-12-03T05:18:11.005+0000] {dagbag.py:539} INFO - Filling up the DagBag from /opt/airflow/dags/mongo_data_loader.py
[2023-12-03T05:18:11.062+0000] {processor.py:839} INFO - DAG(s) dict_keys(['mongo_data_loader']) retrieved from /opt/airflow/dags/mongo_data_loader.py
[2023-12-03T05:18:11.077+0000] {logging_mixin.py:151} INFO - [2023-12-03T05:18:11.076+0000] {dag.py:2915} INFO - Sync 1 DAGs
[2023-12-03T05:18:11.091+0000] {logging_mixin.py:151} INFO - [2023-12-03T05:18:11.091+0000] {dag.py:3696} INFO - Setting next_dagrun for mongo_data_loader to 2023-11-10T16:45:00+00:00, run_after=2023-12-10T16:45:00+00:00
[2023-12-03T05:18:11.101+0000] {processor.py:179} INFO - Processing /opt/airflow/dags/mongo_data_loader.py took 0.108 seconds
[2023-12-03T05:24:00.893+0000] {processor.py:157} INFO - Started process (PID=839) to work on /opt/airflow/dags/mongo_data_loader.py
[2023-12-03T05:24:00.905+0000] {processor.py:829} INFO - Processing file /opt/airflow/dags/mongo_data_loader.py for tasks to queue
[2023-12-03T05:24:00.910+0000] {logging_mixin.py:151} INFO - [2023-12-03T05:24:00.909+0000] {dagbag.py:539} INFO - Filling up the DagBag from /opt/airflow/dags/mongo_data_loader.py
[2023-12-03T05:24:01.045+0000] {processor.py:839} INFO - DAG(s) dict_keys(['mongo_data_loader']) retrieved from /opt/airflow/dags/mongo_data_loader.py
[2023-12-03T05:24:01.101+0000] {logging_mixin.py:151} INFO - [2023-12-03T05:24:01.100+0000] {dag.py:2915} INFO - Sync 1 DAGs
[2023-12-03T05:24:01.139+0000] {logging_mixin.py:151} INFO - [2023-12-03T05:24:01.139+0000] {dag.py:3696} INFO - Setting next_dagrun for mongo_data_loader to 2023-11-10T16:45:00+00:00, run_after=2023-12-10T16:45:00+00:00
[2023-12-03T05:24:01.168+0000] {processor.py:179} INFO - Processing /opt/airflow/dags/mongo_data_loader.py took 0.281 seconds
[2023-12-03T05:24:32.088+0000] {processor.py:157} INFO - Started process (PID=896) to work on /opt/airflow/dags/mongo_data_loader.py
[2023-12-03T05:24:32.090+0000] {processor.py:829} INFO - Processing file /opt/airflow/dags/mongo_data_loader.py for tasks to queue
[2023-12-03T05:24:32.093+0000] {logging_mixin.py:151} INFO - [2023-12-03T05:24:32.092+0000] {dagbag.py:539} INFO - Filling up the DagBag from /opt/airflow/dags/mongo_data_loader.py
[2023-12-03T05:24:32.159+0000] {processor.py:839} INFO - DAG(s) dict_keys(['mongo_data_loader']) retrieved from /opt/airflow/dags/mongo_data_loader.py
[2023-12-03T05:24:32.174+0000] {logging_mixin.py:151} INFO - [2023-12-03T05:24:32.173+0000] {dag.py:2915} INFO - Sync 1 DAGs
[2023-12-03T05:24:32.193+0000] {logging_mixin.py:151} INFO - [2023-12-03T05:24:32.193+0000] {dag.py:3696} INFO - Setting next_dagrun for mongo_data_loader to 2023-11-10T16:45:00+00:00, run_after=2023-12-10T16:45:00+00:00
[2023-12-03T05:24:32.204+0000] {processor.py:179} INFO - Processing /opt/airflow/dags/mongo_data_loader.py took 0.120 seconds
[2023-12-03T05:27:53.551+0000] {processor.py:157} INFO - Started process (PID=34) to work on /opt/airflow/dags/mongo_data_loader.py
[2023-12-03T05:27:53.558+0000] {processor.py:829} INFO - Processing file /opt/airflow/dags/mongo_data_loader.py for tasks to queue
[2023-12-03T05:27:53.562+0000] {logging_mixin.py:151} INFO - [2023-12-03T05:27:53.561+0000] {dagbag.py:539} INFO - Filling up the DagBag from /opt/airflow/dags/mongo_data_loader.py
[2023-12-03T05:27:53.781+0000] {processor.py:839} INFO - DAG(s) dict_keys(['mongo_data_loader']) retrieved from /opt/airflow/dags/mongo_data_loader.py
[2023-12-03T05:27:53.810+0000] {logging_mixin.py:151} INFO - [2023-12-03T05:27:53.809+0000] {dag.py:2915} INFO - Sync 1 DAGs
[2023-12-03T05:27:53.828+0000] {logging_mixin.py:151} INFO - [2023-12-03T05:27:53.827+0000] {dag.py:3696} INFO - Setting next_dagrun for mongo_data_loader to 2023-11-10T16:45:00+00:00, run_after=2023-12-10T16:45:00+00:00
[2023-12-03T05:27:53.840+0000] {processor.py:179} INFO - Processing /opt/airflow/dags/mongo_data_loader.py took 0.293 seconds
[2023-12-03T05:28:22.905+0000] {processor.py:157} INFO - Started process (PID=33) to work on /opt/airflow/dags/mongo_data_loader.py
[2023-12-03T05:28:22.907+0000] {processor.py:829} INFO - Processing file /opt/airflow/dags/mongo_data_loader.py for tasks to queue
[2023-12-03T05:28:22.909+0000] {logging_mixin.py:151} INFO - [2023-12-03T05:28:22.909+0000] {dagbag.py:539} INFO - Filling up the DagBag from /opt/airflow/dags/mongo_data_loader.py
[2023-12-03T05:28:23.088+0000] {processor.py:839} INFO - DAG(s) dict_keys(['mongo_data_loader']) retrieved from /opt/airflow/dags/mongo_data_loader.py
[2023-12-03T05:28:23.166+0000] {logging_mixin.py:151} INFO - [2023-12-03T05:28:23.165+0000] {security.py:708} INFO - Not syncing DAG-level permissions for DAG 'DAG:mongo_data_loader' as access control is unset.
[2023-12-03T05:28:23.167+0000] {logging_mixin.py:151} INFO - [2023-12-03T05:28:23.166+0000] {dag.py:2915} INFO - Sync 1 DAGs
[2023-12-03T05:28:23.181+0000] {logging_mixin.py:151} INFO - [2023-12-03T05:28:23.181+0000] {dag.py:3696} INFO - Setting next_dagrun for mongo_data_loader to 2023-11-10T16:45:00+00:00, run_after=2023-12-10T16:45:00+00:00
[2023-12-03T05:28:23.194+0000] {processor.py:179} INFO - Processing /opt/airflow/dags/mongo_data_loader.py took 0.292 seconds
[2023-12-03T05:28:53.699+0000] {processor.py:157} INFO - Started process (PID=89) to work on /opt/airflow/dags/mongo_data_loader.py
[2023-12-03T05:28:53.703+0000] {processor.py:829} INFO - Processing file /opt/airflow/dags/mongo_data_loader.py for tasks to queue
[2023-12-03T05:28:53.706+0000] {logging_mixin.py:151} INFO - [2023-12-03T05:28:53.706+0000] {dagbag.py:539} INFO - Filling up the DagBag from /opt/airflow/dags/mongo_data_loader.py
[2023-12-03T05:28:53.767+0000] {processor.py:839} INFO - DAG(s) dict_keys(['mongo_data_loader']) retrieved from /opt/airflow/dags/mongo_data_loader.py
[2023-12-03T05:28:53.782+0000] {logging_mixin.py:151} INFO - [2023-12-03T05:28:53.782+0000] {dag.py:2915} INFO - Sync 1 DAGs
[2023-12-03T05:28:53.799+0000] {logging_mixin.py:151} INFO - [2023-12-03T05:28:53.798+0000] {dag.py:3696} INFO - Setting next_dagrun for mongo_data_loader to 2023-11-10T16:45:00+00:00, run_after=2023-12-10T16:45:00+00:00
[2023-12-03T05:28:53.811+0000] {processor.py:179} INFO - Processing /opt/airflow/dags/mongo_data_loader.py took 0.117 seconds
[2023-12-03T05:29:23.940+0000] {processor.py:157} INFO - Started process (PID=145) to work on /opt/airflow/dags/mongo_data_loader.py
[2023-12-03T05:29:23.942+0000] {processor.py:829} INFO - Processing file /opt/airflow/dags/mongo_data_loader.py for tasks to queue
[2023-12-03T05:29:23.948+0000] {logging_mixin.py:151} INFO - [2023-12-03T05:29:23.948+0000] {dagbag.py:539} INFO - Filling up the DagBag from /opt/airflow/dags/mongo_data_loader.py
[2023-12-03T05:29:24.009+0000] {processor.py:839} INFO - DAG(s) dict_keys(['mongo_data_loader']) retrieved from /opt/airflow/dags/mongo_data_loader.py
[2023-12-03T05:29:24.023+0000] {logging_mixin.py:151} INFO - [2023-12-03T05:29:24.023+0000] {dag.py:2915} INFO - Sync 1 DAGs
[2023-12-03T05:29:24.037+0000] {logging_mixin.py:151} INFO - [2023-12-03T05:29:24.037+0000] {dag.py:3696} INFO - Setting next_dagrun for mongo_data_loader to 2023-11-10T16:45:00+00:00, run_after=2023-12-10T16:45:00+00:00
[2023-12-03T05:29:24.048+0000] {processor.py:179} INFO - Processing /opt/airflow/dags/mongo_data_loader.py took 0.116 seconds
[2023-12-03T05:29:54.183+0000] {processor.py:157} INFO - Started process (PID=201) to work on /opt/airflow/dags/mongo_data_loader.py
[2023-12-03T05:29:54.187+0000] {processor.py:829} INFO - Processing file /opt/airflow/dags/mongo_data_loader.py for tasks to queue
[2023-12-03T05:29:54.190+0000] {logging_mixin.py:151} INFO - [2023-12-03T05:29:54.190+0000] {dagbag.py:539} INFO - Filling up the DagBag from /opt/airflow/dags/mongo_data_loader.py
[2023-12-03T05:29:54.245+0000] {processor.py:839} INFO - DAG(s) dict_keys(['mongo_data_loader']) retrieved from /opt/airflow/dags/mongo_data_loader.py
[2023-12-03T05:29:54.259+0000] {logging_mixin.py:151} INFO - [2023-12-03T05:29:54.258+0000] {dag.py:2915} INFO - Sync 1 DAGs
[2023-12-03T05:29:54.272+0000] {logging_mixin.py:151} INFO - [2023-12-03T05:29:54.272+0000] {dag.py:3696} INFO - Setting next_dagrun for mongo_data_loader to 2023-11-10T16:45:00+00:00, run_after=2023-12-10T16:45:00+00:00
[2023-12-03T05:29:54.283+0000] {processor.py:179} INFO - Processing /opt/airflow/dags/mongo_data_loader.py took 0.106 seconds
[2023-12-03T05:30:24.488+0000] {processor.py:157} INFO - Started process (PID=257) to work on /opt/airflow/dags/mongo_data_loader.py
[2023-12-03T05:30:24.492+0000] {processor.py:829} INFO - Processing file /opt/airflow/dags/mongo_data_loader.py for tasks to queue
[2023-12-03T05:30:24.496+0000] {logging_mixin.py:151} INFO - [2023-12-03T05:30:24.496+0000] {dagbag.py:539} INFO - Filling up the DagBag from /opt/airflow/dags/mongo_data_loader.py
[2023-12-03T05:30:24.560+0000] {processor.py:839} INFO - DAG(s) dict_keys(['mongo_data_loader']) retrieved from /opt/airflow/dags/mongo_data_loader.py
[2023-12-03T05:30:24.575+0000] {logging_mixin.py:151} INFO - [2023-12-03T05:30:24.575+0000] {dag.py:2915} INFO - Sync 1 DAGs
[2023-12-03T05:30:24.590+0000] {logging_mixin.py:151} INFO - [2023-12-03T05:30:24.590+0000] {dag.py:3696} INFO - Setting next_dagrun for mongo_data_loader to 2023-11-10T16:45:00+00:00, run_after=2023-12-10T16:45:00+00:00
[2023-12-03T05:30:24.601+0000] {processor.py:179} INFO - Processing /opt/airflow/dags/mongo_data_loader.py took 0.121 seconds
[2023-12-03T05:30:54.675+0000] {processor.py:157} INFO - Started process (PID=315) to work on /opt/airflow/dags/mongo_data_loader.py
[2023-12-03T05:30:54.677+0000] {processor.py:829} INFO - Processing file /opt/airflow/dags/mongo_data_loader.py for tasks to queue
[2023-12-03T05:30:54.679+0000] {logging_mixin.py:151} INFO - [2023-12-03T05:30:54.679+0000] {dagbag.py:539} INFO - Filling up the DagBag from /opt/airflow/dags/mongo_data_loader.py
[2023-12-03T05:30:54.743+0000] {processor.py:839} INFO - DAG(s) dict_keys(['mongo_data_loader']) retrieved from /opt/airflow/dags/mongo_data_loader.py
[2023-12-03T05:30:54.758+0000] {logging_mixin.py:151} INFO - [2023-12-03T05:30:54.757+0000] {dag.py:2915} INFO - Sync 1 DAGs
[2023-12-03T05:30:54.774+0000] {logging_mixin.py:151} INFO - [2023-12-03T05:30:54.773+0000] {dag.py:3696} INFO - Setting next_dagrun for mongo_data_loader to 2023-11-10T16:45:00+00:00, run_after=2023-12-10T16:45:00+00:00
[2023-12-03T05:30:54.787+0000] {processor.py:179} INFO - Processing /opt/airflow/dags/mongo_data_loader.py took 0.115 seconds
[2023-12-03T05:31:25.001+0000] {processor.py:157} INFO - Started process (PID=369) to work on /opt/airflow/dags/mongo_data_loader.py
[2023-12-03T05:31:25.004+0000] {processor.py:829} INFO - Processing file /opt/airflow/dags/mongo_data_loader.py for tasks to queue
[2023-12-03T05:31:25.008+0000] {logging_mixin.py:151} INFO - [2023-12-03T05:31:25.008+0000] {dagbag.py:539} INFO - Filling up the DagBag from /opt/airflow/dags/mongo_data_loader.py
[2023-12-03T05:31:25.078+0000] {processor.py:839} INFO - DAG(s) dict_keys(['mongo_data_loader']) retrieved from /opt/airflow/dags/mongo_data_loader.py
[2023-12-03T05:31:25.096+0000] {logging_mixin.py:151} INFO - [2023-12-03T05:31:25.095+0000] {dag.py:2915} INFO - Sync 1 DAGs
[2023-12-03T05:31:25.112+0000] {logging_mixin.py:151} INFO - [2023-12-03T05:31:25.112+0000] {dag.py:3696} INFO - Setting next_dagrun for mongo_data_loader to 2023-11-10T16:45:00+00:00, run_after=2023-12-10T16:45:00+00:00
[2023-12-03T05:31:25.123+0000] {processor.py:179} INFO - Processing /opt/airflow/dags/mongo_data_loader.py took 0.126 seconds
[2023-12-03T05:31:55.557+0000] {processor.py:157} INFO - Started process (PID=425) to work on /opt/airflow/dags/mongo_data_loader.py
[2023-12-03T05:31:55.559+0000] {processor.py:829} INFO - Processing file /opt/airflow/dags/mongo_data_loader.py for tasks to queue
[2023-12-03T05:31:55.563+0000] {logging_mixin.py:151} INFO - [2023-12-03T05:31:55.563+0000] {dagbag.py:539} INFO - Filling up the DagBag from /opt/airflow/dags/mongo_data_loader.py
[2023-12-03T05:31:55.617+0000] {processor.py:839} INFO - DAG(s) dict_keys(['mongo_data_loader']) retrieved from /opt/airflow/dags/mongo_data_loader.py
[2023-12-03T05:31:55.631+0000] {logging_mixin.py:151} INFO - [2023-12-03T05:31:55.631+0000] {dag.py:2915} INFO - Sync 1 DAGs
[2023-12-03T05:31:55.645+0000] {logging_mixin.py:151} INFO - [2023-12-03T05:31:55.645+0000] {dag.py:3696} INFO - Setting next_dagrun for mongo_data_loader to 2023-11-10T16:45:00+00:00, run_after=2023-12-10T16:45:00+00:00
[2023-12-03T05:31:55.656+0000] {processor.py:179} INFO - Processing /opt/airflow/dags/mongo_data_loader.py took 0.104 seconds
[2023-12-03T05:32:25.952+0000] {processor.py:157} INFO - Started process (PID=481) to work on /opt/airflow/dags/mongo_data_loader.py
[2023-12-03T05:32:25.957+0000] {processor.py:829} INFO - Processing file /opt/airflow/dags/mongo_data_loader.py for tasks to queue
[2023-12-03T05:32:25.961+0000] {logging_mixin.py:151} INFO - [2023-12-03T05:32:25.960+0000] {dagbag.py:539} INFO - Filling up the DagBag from /opt/airflow/dags/mongo_data_loader.py
[2023-12-03T05:32:26.018+0000] {processor.py:839} INFO - DAG(s) dict_keys(['mongo_data_loader']) retrieved from /opt/airflow/dags/mongo_data_loader.py
[2023-12-03T05:32:26.032+0000] {logging_mixin.py:151} INFO - [2023-12-03T05:32:26.032+0000] {dag.py:2915} INFO - Sync 1 DAGs
[2023-12-03T05:32:26.047+0000] {logging_mixin.py:151} INFO - [2023-12-03T05:32:26.047+0000] {dag.py:3696} INFO - Setting next_dagrun for mongo_data_loader to 2023-11-10T16:45:00+00:00, run_after=2023-12-10T16:45:00+00:00
[2023-12-03T05:32:26.058+0000] {processor.py:179} INFO - Processing /opt/airflow/dags/mongo_data_loader.py took 0.112 seconds
[2023-12-03T05:32:56.235+0000] {processor.py:157} INFO - Started process (PID=537) to work on /opt/airflow/dags/mongo_data_loader.py
[2023-12-03T05:32:56.238+0000] {processor.py:829} INFO - Processing file /opt/airflow/dags/mongo_data_loader.py for tasks to queue
[2023-12-03T05:32:56.243+0000] {logging_mixin.py:151} INFO - [2023-12-03T05:32:56.242+0000] {dagbag.py:539} INFO - Filling up the DagBag from /opt/airflow/dags/mongo_data_loader.py
[2023-12-03T05:32:56.298+0000] {processor.py:839} INFO - DAG(s) dict_keys(['mongo_data_loader']) retrieved from /opt/airflow/dags/mongo_data_loader.py
[2023-12-03T05:32:56.314+0000] {logging_mixin.py:151} INFO - [2023-12-03T05:32:56.313+0000] {dag.py:2915} INFO - Sync 1 DAGs
[2023-12-03T05:32:56.328+0000] {logging_mixin.py:151} INFO - [2023-12-03T05:32:56.328+0000] {dag.py:3696} INFO - Setting next_dagrun for mongo_data_loader to 2023-11-10T16:45:00+00:00, run_after=2023-12-10T16:45:00+00:00
[2023-12-03T05:32:56.339+0000] {processor.py:179} INFO - Processing /opt/airflow/dags/mongo_data_loader.py took 0.111 seconds
[2023-12-03T05:33:26.457+0000] {processor.py:157} INFO - Started process (PID=593) to work on /opt/airflow/dags/mongo_data_loader.py
[2023-12-03T05:33:26.460+0000] {processor.py:829} INFO - Processing file /opt/airflow/dags/mongo_data_loader.py for tasks to queue
[2023-12-03T05:33:26.464+0000] {logging_mixin.py:151} INFO - [2023-12-03T05:33:26.463+0000] {dagbag.py:539} INFO - Filling up the DagBag from /opt/airflow/dags/mongo_data_loader.py
[2023-12-03T05:33:26.527+0000] {processor.py:839} INFO - DAG(s) dict_keys(['mongo_data_loader']) retrieved from /opt/airflow/dags/mongo_data_loader.py
[2023-12-03T05:33:26.543+0000] {logging_mixin.py:151} INFO - [2023-12-03T05:33:26.542+0000] {dag.py:2915} INFO - Sync 1 DAGs
[2023-12-03T05:33:26.558+0000] {logging_mixin.py:151} INFO - [2023-12-03T05:33:26.558+0000] {dag.py:3696} INFO - Setting next_dagrun for mongo_data_loader to 2023-11-10T16:45:00+00:00, run_after=2023-12-10T16:45:00+00:00
[2023-12-03T05:33:26.569+0000] {processor.py:179} INFO - Processing /opt/airflow/dags/mongo_data_loader.py took 0.118 seconds
[2023-12-03T05:33:56.680+0000] {processor.py:157} INFO - Started process (PID=649) to work on /opt/airflow/dags/mongo_data_loader.py
[2023-12-03T05:33:56.684+0000] {processor.py:829} INFO - Processing file /opt/airflow/dags/mongo_data_loader.py for tasks to queue
[2023-12-03T05:33:56.688+0000] {logging_mixin.py:151} INFO - [2023-12-03T05:33:56.687+0000] {dagbag.py:539} INFO - Filling up the DagBag from /opt/airflow/dags/mongo_data_loader.py
[2023-12-03T05:33:56.751+0000] {processor.py:839} INFO - DAG(s) dict_keys(['mongo_data_loader']) retrieved from /opt/airflow/dags/mongo_data_loader.py
[2023-12-03T05:33:56.765+0000] {logging_mixin.py:151} INFO - [2023-12-03T05:33:56.765+0000] {dag.py:2915} INFO - Sync 1 DAGs
[2023-12-03T05:33:56.780+0000] {logging_mixin.py:151} INFO - [2023-12-03T05:33:56.779+0000] {dag.py:3696} INFO - Setting next_dagrun for mongo_data_loader to 2023-11-10T16:45:00+00:00, run_after=2023-12-10T16:45:00+00:00
[2023-12-03T05:33:56.790+0000] {processor.py:179} INFO - Processing /opt/airflow/dags/mongo_data_loader.py took 0.116 seconds
[2023-12-03T05:34:26.971+0000] {processor.py:157} INFO - Started process (PID=706) to work on /opt/airflow/dags/mongo_data_loader.py
[2023-12-03T05:34:26.974+0000] {processor.py:829} INFO - Processing file /opt/airflow/dags/mongo_data_loader.py for tasks to queue
[2023-12-03T05:34:26.977+0000] {logging_mixin.py:151} INFO - [2023-12-03T05:34:26.977+0000] {dagbag.py:539} INFO - Filling up the DagBag from /opt/airflow/dags/mongo_data_loader.py
[2023-12-03T05:34:27.031+0000] {processor.py:839} INFO - DAG(s) dict_keys(['mongo_data_loader']) retrieved from /opt/airflow/dags/mongo_data_loader.py
[2023-12-03T05:34:27.045+0000] {logging_mixin.py:151} INFO - [2023-12-03T05:34:27.044+0000] {dag.py:2915} INFO - Sync 1 DAGs
[2023-12-03T05:34:27.059+0000] {logging_mixin.py:151} INFO - [2023-12-03T05:34:27.059+0000] {dag.py:3696} INFO - Setting next_dagrun for mongo_data_loader to 2023-11-10T16:45:00+00:00, run_after=2023-12-10T16:45:00+00:00
[2023-12-03T05:34:27.070+0000] {processor.py:179} INFO - Processing /opt/airflow/dags/mongo_data_loader.py took 0.105 seconds
[2023-12-03T05:34:57.138+0000] {processor.py:157} INFO - Started process (PID=762) to work on /opt/airflow/dags/mongo_data_loader.py
[2023-12-03T05:34:57.142+0000] {processor.py:829} INFO - Processing file /opt/airflow/dags/mongo_data_loader.py for tasks to queue
[2023-12-03T05:34:57.146+0000] {logging_mixin.py:151} INFO - [2023-12-03T05:34:57.146+0000] {dagbag.py:539} INFO - Filling up the DagBag from /opt/airflow/dags/mongo_data_loader.py
[2023-12-03T05:34:57.216+0000] {processor.py:839} INFO - DAG(s) dict_keys(['mongo_data_loader']) retrieved from /opt/airflow/dags/mongo_data_loader.py
[2023-12-03T05:34:57.233+0000] {logging_mixin.py:151} INFO - [2023-12-03T05:34:57.233+0000] {dag.py:2915} INFO - Sync 1 DAGs
[2023-12-03T05:34:57.249+0000] {logging_mixin.py:151} INFO - [2023-12-03T05:34:57.249+0000] {dag.py:3696} INFO - Setting next_dagrun for mongo_data_loader to 2023-11-10T16:45:00+00:00, run_after=2023-12-10T16:45:00+00:00
[2023-12-03T05:34:57.262+0000] {processor.py:179} INFO - Processing /opt/airflow/dags/mongo_data_loader.py took 0.130 seconds
[2023-12-03T05:35:27.293+0000] {processor.py:157} INFO - Started process (PID=819) to work on /opt/airflow/dags/mongo_data_loader.py
[2023-12-03T05:35:27.294+0000] {processor.py:829} INFO - Processing file /opt/airflow/dags/mongo_data_loader.py for tasks to queue
[2023-12-03T05:35:27.296+0000] {logging_mixin.py:151} INFO - [2023-12-03T05:35:27.296+0000] {dagbag.py:539} INFO - Filling up the DagBag from /opt/airflow/dags/mongo_data_loader.py
[2023-12-03T05:35:27.355+0000] {processor.py:839} INFO - DAG(s) dict_keys(['mongo_data_loader']) retrieved from /opt/airflow/dags/mongo_data_loader.py
[2023-12-03T05:35:27.370+0000] {logging_mixin.py:151} INFO - [2023-12-03T05:35:27.369+0000] {dag.py:2915} INFO - Sync 1 DAGs
[2023-12-03T05:35:27.385+0000] {logging_mixin.py:151} INFO - [2023-12-03T05:35:27.385+0000] {dag.py:3696} INFO - Setting next_dagrun for mongo_data_loader to 2023-11-10T16:45:00+00:00, run_after=2023-12-10T16:45:00+00:00
[2023-12-03T05:35:27.397+0000] {processor.py:179} INFO - Processing /opt/airflow/dags/mongo_data_loader.py took 0.107 seconds
[2023-12-03T05:35:57.534+0000] {processor.py:157} INFO - Started process (PID=874) to work on /opt/airflow/dags/mongo_data_loader.py
[2023-12-03T05:35:57.535+0000] {processor.py:829} INFO - Processing file /opt/airflow/dags/mongo_data_loader.py for tasks to queue
[2023-12-03T05:35:57.539+0000] {logging_mixin.py:151} INFO - [2023-12-03T05:35:57.539+0000] {dagbag.py:539} INFO - Filling up the DagBag from /opt/airflow/dags/mongo_data_loader.py
[2023-12-03T05:35:57.609+0000] {processor.py:839} INFO - DAG(s) dict_keys(['mongo_data_loader']) retrieved from /opt/airflow/dags/mongo_data_loader.py
[2023-12-03T05:35:57.625+0000] {logging_mixin.py:151} INFO - [2023-12-03T05:35:57.625+0000] {dag.py:2915} INFO - Sync 1 DAGs
[2023-12-03T05:35:57.642+0000] {logging_mixin.py:151} INFO - [2023-12-03T05:35:57.642+0000] {dag.py:3696} INFO - Setting next_dagrun for mongo_data_loader to 2023-11-10T16:45:00+00:00, run_after=2023-12-10T16:45:00+00:00
[2023-12-03T05:35:57.654+0000] {processor.py:179} INFO - Processing /opt/airflow/dags/mongo_data_loader.py took 0.126 seconds
[2023-12-03T05:36:27.877+0000] {processor.py:157} INFO - Started process (PID=930) to work on /opt/airflow/dags/mongo_data_loader.py
[2023-12-03T05:36:27.880+0000] {processor.py:829} INFO - Processing file /opt/airflow/dags/mongo_data_loader.py for tasks to queue
[2023-12-03T05:36:27.884+0000] {logging_mixin.py:151} INFO - [2023-12-03T05:36:27.883+0000] {dagbag.py:539} INFO - Filling up the DagBag from /opt/airflow/dags/mongo_data_loader.py
[2023-12-03T05:36:27.937+0000] {processor.py:839} INFO - DAG(s) dict_keys(['mongo_data_loader']) retrieved from /opt/airflow/dags/mongo_data_loader.py
[2023-12-03T05:36:27.951+0000] {logging_mixin.py:151} INFO - [2023-12-03T05:36:27.950+0000] {dag.py:2915} INFO - Sync 1 DAGs
[2023-12-03T05:36:27.964+0000] {logging_mixin.py:151} INFO - [2023-12-03T05:36:27.964+0000] {dag.py:3696} INFO - Setting next_dagrun for mongo_data_loader to 2023-11-10T16:45:00+00:00, run_after=2023-12-10T16:45:00+00:00
[2023-12-03T05:36:27.977+0000] {processor.py:179} INFO - Processing /opt/airflow/dags/mongo_data_loader.py took 0.105 seconds
[2023-12-03T05:36:58.306+0000] {processor.py:157} INFO - Started process (PID=986) to work on /opt/airflow/dags/mongo_data_loader.py
[2023-12-03T05:36:58.313+0000] {processor.py:829} INFO - Processing file /opt/airflow/dags/mongo_data_loader.py for tasks to queue
[2023-12-03T05:36:58.317+0000] {logging_mixin.py:151} INFO - [2023-12-03T05:36:58.316+0000] {dagbag.py:539} INFO - Filling up the DagBag from /opt/airflow/dags/mongo_data_loader.py
[2023-12-03T05:36:58.381+0000] {processor.py:839} INFO - DAG(s) dict_keys(['mongo_data_loader']) retrieved from /opt/airflow/dags/mongo_data_loader.py
[2023-12-03T05:36:58.395+0000] {logging_mixin.py:151} INFO - [2023-12-03T05:36:58.395+0000] {dag.py:2915} INFO - Sync 1 DAGs
[2023-12-03T05:36:58.411+0000] {logging_mixin.py:151} INFO - [2023-12-03T05:36:58.410+0000] {dag.py:3696} INFO - Setting next_dagrun for mongo_data_loader to 2023-11-10T16:45:00+00:00, run_after=2023-12-10T16:45:00+00:00
[2023-12-03T05:36:58.422+0000] {processor.py:179} INFO - Processing /opt/airflow/dags/mongo_data_loader.py took 0.125 seconds
[2023-12-03T05:37:28.470+0000] {processor.py:157} INFO - Started process (PID=1042) to work on /opt/airflow/dags/mongo_data_loader.py
[2023-12-03T05:37:28.472+0000] {processor.py:829} INFO - Processing file /opt/airflow/dags/mongo_data_loader.py for tasks to queue
[2023-12-03T05:37:28.476+0000] {logging_mixin.py:151} INFO - [2023-12-03T05:37:28.476+0000] {dagbag.py:539} INFO - Filling up the DagBag from /opt/airflow/dags/mongo_data_loader.py
[2023-12-03T05:37:28.537+0000] {processor.py:839} INFO - DAG(s) dict_keys(['mongo_data_loader']) retrieved from /opt/airflow/dags/mongo_data_loader.py
[2023-12-03T05:37:28.552+0000] {logging_mixin.py:151} INFO - [2023-12-03T05:37:28.552+0000] {dag.py:2915} INFO - Sync 1 DAGs
[2023-12-03T05:37:28.567+0000] {logging_mixin.py:151} INFO - [2023-12-03T05:37:28.567+0000] {dag.py:3696} INFO - Setting next_dagrun for mongo_data_loader to 2023-11-10T16:45:00+00:00, run_after=2023-12-10T16:45:00+00:00
[2023-12-03T05:37:28.578+0000] {processor.py:179} INFO - Processing /opt/airflow/dags/mongo_data_loader.py took 0.114 seconds
[2023-12-03T05:37:58.815+0000] {processor.py:157} INFO - Started process (PID=1098) to work on /opt/airflow/dags/mongo_data_loader.py
[2023-12-03T05:37:58.817+0000] {processor.py:829} INFO - Processing file /opt/airflow/dags/mongo_data_loader.py for tasks to queue
[2023-12-03T05:37:58.820+0000] {logging_mixin.py:151} INFO - [2023-12-03T05:37:58.820+0000] {dagbag.py:539} INFO - Filling up the DagBag from /opt/airflow/dags/mongo_data_loader.py
[2023-12-03T05:37:58.879+0000] {processor.py:839} INFO - DAG(s) dict_keys(['mongo_data_loader']) retrieved from /opt/airflow/dags/mongo_data_loader.py
[2023-12-03T05:37:58.893+0000] {logging_mixin.py:151} INFO - [2023-12-03T05:37:58.893+0000] {dag.py:2915} INFO - Sync 1 DAGs
[2023-12-03T05:37:58.908+0000] {logging_mixin.py:151} INFO - [2023-12-03T05:37:58.908+0000] {dag.py:3696} INFO - Setting next_dagrun for mongo_data_loader to 2023-11-10T16:45:00+00:00, run_after=2023-12-10T16:45:00+00:00
[2023-12-03T05:37:58.919+0000] {processor.py:179} INFO - Processing /opt/airflow/dags/mongo_data_loader.py took 0.110 seconds
[2023-12-03T05:38:29.102+0000] {processor.py:157} INFO - Started process (PID=1154) to work on /opt/airflow/dags/mongo_data_loader.py
[2023-12-03T05:38:29.107+0000] {processor.py:829} INFO - Processing file /opt/airflow/dags/mongo_data_loader.py for tasks to queue
[2023-12-03T05:38:29.111+0000] {logging_mixin.py:151} INFO - [2023-12-03T05:38:29.111+0000] {dagbag.py:539} INFO - Filling up the DagBag from /opt/airflow/dags/mongo_data_loader.py
[2023-12-03T05:38:29.195+0000] {processor.py:839} INFO - DAG(s) dict_keys(['mongo_data_loader']) retrieved from /opt/airflow/dags/mongo_data_loader.py
[2023-12-03T05:38:29.215+0000] {logging_mixin.py:151} INFO - [2023-12-03T05:38:29.215+0000] {dag.py:2915} INFO - Sync 1 DAGs
[2023-12-03T05:38:29.234+0000] {logging_mixin.py:151} INFO - [2023-12-03T05:38:29.234+0000] {dag.py:3696} INFO - Setting next_dagrun for mongo_data_loader to 2023-11-10T16:45:00+00:00, run_after=2023-12-10T16:45:00+00:00
[2023-12-03T05:38:29.248+0000] {processor.py:179} INFO - Processing /opt/airflow/dags/mongo_data_loader.py took 0.155 seconds
[2023-12-03T05:38:59.648+0000] {processor.py:157} INFO - Started process (PID=1210) to work on /opt/airflow/dags/mongo_data_loader.py
[2023-12-03T05:38:59.652+0000] {processor.py:829} INFO - Processing file /opt/airflow/dags/mongo_data_loader.py for tasks to queue
[2023-12-03T05:38:59.656+0000] {logging_mixin.py:151} INFO - [2023-12-03T05:38:59.655+0000] {dagbag.py:539} INFO - Filling up the DagBag from /opt/airflow/dags/mongo_data_loader.py
[2023-12-03T05:38:59.731+0000] {processor.py:839} INFO - DAG(s) dict_keys(['mongo_data_loader']) retrieved from /opt/airflow/dags/mongo_data_loader.py
[2023-12-03T05:38:59.748+0000] {logging_mixin.py:151} INFO - [2023-12-03T05:38:59.748+0000] {dag.py:2915} INFO - Sync 1 DAGs
[2023-12-03T05:38:59.766+0000] {logging_mixin.py:151} INFO - [2023-12-03T05:38:59.766+0000] {dag.py:3696} INFO - Setting next_dagrun for mongo_data_loader to 2023-11-10T16:45:00+00:00, run_after=2023-12-10T16:45:00+00:00
[2023-12-03T05:38:59.778+0000] {processor.py:179} INFO - Processing /opt/airflow/dags/mongo_data_loader.py took 0.140 seconds
[2023-12-03T05:39:29.958+0000] {processor.py:157} INFO - Started process (PID=1266) to work on /opt/airflow/dags/mongo_data_loader.py
[2023-12-03T05:39:29.962+0000] {processor.py:829} INFO - Processing file /opt/airflow/dags/mongo_data_loader.py for tasks to queue
[2023-12-03T05:39:29.965+0000] {logging_mixin.py:151} INFO - [2023-12-03T05:39:29.965+0000] {dagbag.py:539} INFO - Filling up the DagBag from /opt/airflow/dags/mongo_data_loader.py
[2023-12-03T05:39:30.026+0000] {processor.py:839} INFO - DAG(s) dict_keys(['mongo_data_loader']) retrieved from /opt/airflow/dags/mongo_data_loader.py
[2023-12-03T05:39:30.041+0000] {logging_mixin.py:151} INFO - [2023-12-03T05:39:30.041+0000] {dag.py:2915} INFO - Sync 1 DAGs
[2023-12-03T05:39:30.056+0000] {logging_mixin.py:151} INFO - [2023-12-03T05:39:30.056+0000] {dag.py:3696} INFO - Setting next_dagrun for mongo_data_loader to 2023-11-10T16:45:00+00:00, run_after=2023-12-10T16:45:00+00:00
[2023-12-03T05:39:30.066+0000] {processor.py:179} INFO - Processing /opt/airflow/dags/mongo_data_loader.py took 0.115 seconds
[2023-12-03T05:40:00.452+0000] {processor.py:157} INFO - Started process (PID=1322) to work on /opt/airflow/dags/mongo_data_loader.py
[2023-12-03T05:40:00.456+0000] {processor.py:829} INFO - Processing file /opt/airflow/dags/mongo_data_loader.py for tasks to queue
[2023-12-03T05:40:00.458+0000] {logging_mixin.py:151} INFO - [2023-12-03T05:40:00.458+0000] {dagbag.py:539} INFO - Filling up the DagBag from /opt/airflow/dags/mongo_data_loader.py
[2023-12-03T05:40:00.514+0000] {processor.py:839} INFO - DAG(s) dict_keys(['mongo_data_loader']) retrieved from /opt/airflow/dags/mongo_data_loader.py
[2023-12-03T05:40:00.527+0000] {logging_mixin.py:151} INFO - [2023-12-03T05:40:00.527+0000] {dag.py:2915} INFO - Sync 1 DAGs
[2023-12-03T05:40:00.542+0000] {logging_mixin.py:151} INFO - [2023-12-03T05:40:00.542+0000] {dag.py:3696} INFO - Setting next_dagrun for mongo_data_loader to 2023-11-10T16:45:00+00:00, run_after=2023-12-10T16:45:00+00:00
[2023-12-03T05:40:00.553+0000] {processor.py:179} INFO - Processing /opt/airflow/dags/mongo_data_loader.py took 0.106 seconds
[2023-12-03T05:40:30.668+0000] {processor.py:157} INFO - Started process (PID=1378) to work on /opt/airflow/dags/mongo_data_loader.py
[2023-12-03T05:40:30.672+0000] {processor.py:829} INFO - Processing file /opt/airflow/dags/mongo_data_loader.py for tasks to queue
[2023-12-03T05:40:30.675+0000] {logging_mixin.py:151} INFO - [2023-12-03T05:40:30.675+0000] {dagbag.py:539} INFO - Filling up the DagBag from /opt/airflow/dags/mongo_data_loader.py
[2023-12-03T05:40:30.738+0000] {processor.py:839} INFO - DAG(s) dict_keys(['mongo_data_loader']) retrieved from /opt/airflow/dags/mongo_data_loader.py
[2023-12-03T05:40:30.753+0000] {logging_mixin.py:151} INFO - [2023-12-03T05:40:30.753+0000] {dag.py:2915} INFO - Sync 1 DAGs
[2023-12-03T05:40:30.768+0000] {logging_mixin.py:151} INFO - [2023-12-03T05:40:30.768+0000] {dag.py:3696} INFO - Setting next_dagrun for mongo_data_loader to 2023-11-10T16:45:00+00:00, run_after=2023-12-10T16:45:00+00:00
[2023-12-03T05:40:30.780+0000] {processor.py:179} INFO - Processing /opt/airflow/dags/mongo_data_loader.py took 0.117 seconds
[2023-12-03T05:41:01.219+0000] {processor.py:157} INFO - Started process (PID=1434) to work on /opt/airflow/dags/mongo_data_loader.py
[2023-12-03T05:41:01.223+0000] {processor.py:829} INFO - Processing file /opt/airflow/dags/mongo_data_loader.py for tasks to queue
[2023-12-03T05:41:01.227+0000] {logging_mixin.py:151} INFO - [2023-12-03T05:41:01.226+0000] {dagbag.py:539} INFO - Filling up the DagBag from /opt/airflow/dags/mongo_data_loader.py
[2023-12-03T05:41:01.286+0000] {processor.py:839} INFO - DAG(s) dict_keys(['mongo_data_loader']) retrieved from /opt/airflow/dags/mongo_data_loader.py
[2023-12-03T05:41:01.301+0000] {logging_mixin.py:151} INFO - [2023-12-03T05:41:01.301+0000] {dag.py:2915} INFO - Sync 1 DAGs
[2023-12-03T05:41:01.317+0000] {logging_mixin.py:151} INFO - [2023-12-03T05:41:01.317+0000] {dag.py:3696} INFO - Setting next_dagrun for mongo_data_loader to 2023-11-10T16:45:00+00:00, run_after=2023-12-10T16:45:00+00:00
[2023-12-03T05:41:01.328+0000] {processor.py:179} INFO - Processing /opt/airflow/dags/mongo_data_loader.py took 0.117 seconds
[2023-12-03T05:41:31.816+0000] {processor.py:157} INFO - Started process (PID=1490) to work on /opt/airflow/dags/mongo_data_loader.py
[2023-12-03T05:41:31.819+0000] {processor.py:829} INFO - Processing file /opt/airflow/dags/mongo_data_loader.py for tasks to queue
[2023-12-03T05:41:31.823+0000] {logging_mixin.py:151} INFO - [2023-12-03T05:41:31.822+0000] {dagbag.py:539} INFO - Filling up the DagBag from /opt/airflow/dags/mongo_data_loader.py
[2023-12-03T05:41:31.887+0000] {processor.py:839} INFO - DAG(s) dict_keys(['mongo_data_loader']) retrieved from /opt/airflow/dags/mongo_data_loader.py
[2023-12-03T05:41:31.901+0000] {logging_mixin.py:151} INFO - [2023-12-03T05:41:31.901+0000] {dag.py:2915} INFO - Sync 1 DAGs
[2023-12-03T05:41:31.916+0000] {logging_mixin.py:151} INFO - [2023-12-03T05:41:31.916+0000] {dag.py:3696} INFO - Setting next_dagrun for mongo_data_loader to 2023-11-10T16:45:00+00:00, run_after=2023-12-10T16:45:00+00:00
[2023-12-03T05:41:31.926+0000] {processor.py:179} INFO - Processing /opt/airflow/dags/mongo_data_loader.py took 0.117 seconds
[2023-12-03T05:42:02.275+0000] {processor.py:157} INFO - Started process (PID=1546) to work on /opt/airflow/dags/mongo_data_loader.py
[2023-12-03T05:42:02.302+0000] {processor.py:829} INFO - Processing file /opt/airflow/dags/mongo_data_loader.py for tasks to queue
[2023-12-03T05:42:02.307+0000] {logging_mixin.py:151} INFO - [2023-12-03T05:42:02.306+0000] {dagbag.py:539} INFO - Filling up the DagBag from /opt/airflow/dags/mongo_data_loader.py
[2023-12-03T05:42:02.390+0000] {processor.py:839} INFO - DAG(s) dict_keys(['mongo_data_loader']) retrieved from /opt/airflow/dags/mongo_data_loader.py
[2023-12-03T05:42:02.405+0000] {logging_mixin.py:151} INFO - [2023-12-03T05:42:02.404+0000] {dag.py:2915} INFO - Sync 1 DAGs
[2023-12-03T05:42:02.422+0000] {logging_mixin.py:151} INFO - [2023-12-03T05:42:02.422+0000] {dag.py:3696} INFO - Setting next_dagrun for mongo_data_loader to 2023-11-10T16:45:00+00:00, run_after=2023-12-10T16:45:00+00:00
[2023-12-03T05:42:02.434+0000] {processor.py:179} INFO - Processing /opt/airflow/dags/mongo_data_loader.py took 0.165 seconds
[2023-12-03T05:42:32.581+0000] {processor.py:157} INFO - Started process (PID=1602) to work on /opt/airflow/dags/mongo_data_loader.py
[2023-12-03T05:42:32.583+0000] {processor.py:829} INFO - Processing file /opt/airflow/dags/mongo_data_loader.py for tasks to queue
[2023-12-03T05:42:32.584+0000] {logging_mixin.py:151} INFO - [2023-12-03T05:42:32.584+0000] {dagbag.py:539} INFO - Filling up the DagBag from /opt/airflow/dags/mongo_data_loader.py
[2023-12-03T05:42:32.639+0000] {processor.py:839} INFO - DAG(s) dict_keys(['mongo_data_loader']) retrieved from /opt/airflow/dags/mongo_data_loader.py
[2023-12-03T05:42:32.658+0000] {logging_mixin.py:151} INFO - [2023-12-03T05:42:32.657+0000] {dag.py:2915} INFO - Sync 1 DAGs
[2023-12-03T05:42:32.675+0000] {logging_mixin.py:151} INFO - [2023-12-03T05:42:32.675+0000] {dag.py:3696} INFO - Setting next_dagrun for mongo_data_loader to 2023-11-10T16:45:00+00:00, run_after=2023-12-10T16:45:00+00:00
[2023-12-03T05:42:32.695+0000] {processor.py:179} INFO - Processing /opt/airflow/dags/mongo_data_loader.py took 0.118 seconds
[2023-12-03T05:43:02.888+0000] {processor.py:157} INFO - Started process (PID=1658) to work on /opt/airflow/dags/mongo_data_loader.py
[2023-12-03T05:43:02.890+0000] {processor.py:829} INFO - Processing file /opt/airflow/dags/mongo_data_loader.py for tasks to queue
[2023-12-03T05:43:02.892+0000] {logging_mixin.py:151} INFO - [2023-12-03T05:43:02.891+0000] {dagbag.py:539} INFO - Filling up the DagBag from /opt/airflow/dags/mongo_data_loader.py
[2023-12-03T05:43:02.946+0000] {processor.py:839} INFO - DAG(s) dict_keys(['mongo_data_loader']) retrieved from /opt/airflow/dags/mongo_data_loader.py
[2023-12-03T05:43:02.961+0000] {logging_mixin.py:151} INFO - [2023-12-03T05:43:02.961+0000] {dag.py:2915} INFO - Sync 1 DAGs
[2023-12-03T05:43:02.976+0000] {logging_mixin.py:151} INFO - [2023-12-03T05:43:02.976+0000] {dag.py:3696} INFO - Setting next_dagrun for mongo_data_loader to 2023-11-10T16:45:00+00:00, run_after=2023-12-10T16:45:00+00:00
[2023-12-03T05:43:02.988+0000] {processor.py:179} INFO - Processing /opt/airflow/dags/mongo_data_loader.py took 0.104 seconds
[2023-12-03T05:43:33.174+0000] {processor.py:157} INFO - Started process (PID=1714) to work on /opt/airflow/dags/mongo_data_loader.py
[2023-12-03T05:43:33.178+0000] {processor.py:829} INFO - Processing file /opt/airflow/dags/mongo_data_loader.py for tasks to queue
[2023-12-03T05:43:33.181+0000] {logging_mixin.py:151} INFO - [2023-12-03T05:43:33.181+0000] {dagbag.py:539} INFO - Filling up the DagBag from /opt/airflow/dags/mongo_data_loader.py
[2023-12-03T05:43:33.241+0000] {processor.py:839} INFO - DAG(s) dict_keys(['mongo_data_loader']) retrieved from /opt/airflow/dags/mongo_data_loader.py
[2023-12-03T05:43:33.257+0000] {logging_mixin.py:151} INFO - [2023-12-03T05:43:33.257+0000] {dag.py:2915} INFO - Sync 1 DAGs
[2023-12-03T05:43:33.272+0000] {logging_mixin.py:151} INFO - [2023-12-03T05:43:33.272+0000] {dag.py:3696} INFO - Setting next_dagrun for mongo_data_loader to 2023-11-10T16:45:00+00:00, run_after=2023-12-10T16:45:00+00:00
[2023-12-03T05:43:33.283+0000] {processor.py:179} INFO - Processing /opt/airflow/dags/mongo_data_loader.py took 0.115 seconds
[2023-12-03T05:44:03.475+0000] {processor.py:157} INFO - Started process (PID=1770) to work on /opt/airflow/dags/mongo_data_loader.py
[2023-12-03T05:44:03.478+0000] {processor.py:829} INFO - Processing file /opt/airflow/dags/mongo_data_loader.py for tasks to queue
[2023-12-03T05:44:03.480+0000] {logging_mixin.py:151} INFO - [2023-12-03T05:44:03.480+0000] {dagbag.py:539} INFO - Filling up the DagBag from /opt/airflow/dags/mongo_data_loader.py
[2023-12-03T05:44:03.535+0000] {processor.py:839} INFO - DAG(s) dict_keys(['mongo_data_loader']) retrieved from /opt/airflow/dags/mongo_data_loader.py
[2023-12-03T05:44:03.549+0000] {logging_mixin.py:151} INFO - [2023-12-03T05:44:03.549+0000] {dag.py:2915} INFO - Sync 1 DAGs
[2023-12-03T05:44:03.564+0000] {logging_mixin.py:151} INFO - [2023-12-03T05:44:03.564+0000] {dag.py:3696} INFO - Setting next_dagrun for mongo_data_loader to 2023-11-10T16:45:00+00:00, run_after=2023-12-10T16:45:00+00:00
[2023-12-03T05:44:03.576+0000] {processor.py:179} INFO - Processing /opt/airflow/dags/mongo_data_loader.py took 0.107 seconds
[2023-12-03T05:44:33.841+0000] {processor.py:157} INFO - Started process (PID=1826) to work on /opt/airflow/dags/mongo_data_loader.py
[2023-12-03T05:44:33.845+0000] {processor.py:829} INFO - Processing file /opt/airflow/dags/mongo_data_loader.py for tasks to queue
[2023-12-03T05:44:33.848+0000] {logging_mixin.py:151} INFO - [2023-12-03T05:44:33.848+0000] {dagbag.py:539} INFO - Filling up the DagBag from /opt/airflow/dags/mongo_data_loader.py
[2023-12-03T05:44:33.904+0000] {processor.py:839} INFO - DAG(s) dict_keys(['mongo_data_loader']) retrieved from /opt/airflow/dags/mongo_data_loader.py
[2023-12-03T05:44:33.918+0000] {logging_mixin.py:151} INFO - [2023-12-03T05:44:33.917+0000] {dag.py:2915} INFO - Sync 1 DAGs
[2023-12-03T05:44:33.931+0000] {logging_mixin.py:151} INFO - [2023-12-03T05:44:33.931+0000] {dag.py:3696} INFO - Setting next_dagrun for mongo_data_loader to 2023-11-10T16:45:00+00:00, run_after=2023-12-10T16:45:00+00:00
[2023-12-03T05:44:33.944+0000] {processor.py:179} INFO - Processing /opt/airflow/dags/mongo_data_loader.py took 0.109 seconds
[2023-12-03T05:45:04.157+0000] {processor.py:157} INFO - Started process (PID=1882) to work on /opt/airflow/dags/mongo_data_loader.py
[2023-12-03T05:45:04.160+0000] {processor.py:829} INFO - Processing file /opt/airflow/dags/mongo_data_loader.py for tasks to queue
[2023-12-03T05:45:04.163+0000] {logging_mixin.py:151} INFO - [2023-12-03T05:45:04.163+0000] {dagbag.py:539} INFO - Filling up the DagBag from /opt/airflow/dags/mongo_data_loader.py
[2023-12-03T05:45:04.228+0000] {processor.py:839} INFO - DAG(s) dict_keys(['mongo_data_loader']) retrieved from /opt/airflow/dags/mongo_data_loader.py
[2023-12-03T05:45:04.247+0000] {logging_mixin.py:151} INFO - [2023-12-03T05:45:04.247+0000] {dag.py:2915} INFO - Sync 1 DAGs
[2023-12-03T05:45:04.262+0000] {logging_mixin.py:151} INFO - [2023-12-03T05:45:04.262+0000] {dag.py:3696} INFO - Setting next_dagrun for mongo_data_loader to 2023-11-10T16:45:00+00:00, run_after=2023-12-10T16:45:00+00:00
[2023-12-03T05:45:04.273+0000] {processor.py:179} INFO - Processing /opt/airflow/dags/mongo_data_loader.py took 0.120 seconds
[2023-12-03T05:45:34.407+0000] {processor.py:157} INFO - Started process (PID=1938) to work on /opt/airflow/dags/mongo_data_loader.py
[2023-12-03T05:45:34.412+0000] {processor.py:829} INFO - Processing file /opt/airflow/dags/mongo_data_loader.py for tasks to queue
[2023-12-03T05:45:34.414+0000] {logging_mixin.py:151} INFO - [2023-12-03T05:45:34.414+0000] {dagbag.py:539} INFO - Filling up the DagBag from /opt/airflow/dags/mongo_data_loader.py
[2023-12-03T05:45:34.466+0000] {processor.py:839} INFO - DAG(s) dict_keys(['mongo_data_loader']) retrieved from /opt/airflow/dags/mongo_data_loader.py
[2023-12-03T05:45:34.481+0000] {logging_mixin.py:151} INFO - [2023-12-03T05:45:34.481+0000] {dag.py:2915} INFO - Sync 1 DAGs
[2023-12-03T05:45:34.495+0000] {logging_mixin.py:151} INFO - [2023-12-03T05:45:34.495+0000] {dag.py:3696} INFO - Setting next_dagrun for mongo_data_loader to 2023-11-10T16:45:00+00:00, run_after=2023-12-10T16:45:00+00:00
[2023-12-03T05:45:34.506+0000] {processor.py:179} INFO - Processing /opt/airflow/dags/mongo_data_loader.py took 0.106 seconds
[2023-12-03T05:46:04.935+0000] {processor.py:157} INFO - Started process (PID=1994) to work on /opt/airflow/dags/mongo_data_loader.py
[2023-12-03T05:46:04.939+0000] {processor.py:829} INFO - Processing file /opt/airflow/dags/mongo_data_loader.py for tasks to queue
[2023-12-03T05:46:04.943+0000] {logging_mixin.py:151} INFO - [2023-12-03T05:46:04.942+0000] {dagbag.py:539} INFO - Filling up the DagBag from /opt/airflow/dags/mongo_data_loader.py
[2023-12-03T05:46:05.003+0000] {processor.py:839} INFO - DAG(s) dict_keys(['mongo_data_loader']) retrieved from /opt/airflow/dags/mongo_data_loader.py
[2023-12-03T05:46:05.017+0000] {logging_mixin.py:151} INFO - [2023-12-03T05:46:05.016+0000] {dag.py:2915} INFO - Sync 1 DAGs
[2023-12-03T05:46:05.031+0000] {logging_mixin.py:151} INFO - [2023-12-03T05:46:05.031+0000] {dag.py:3696} INFO - Setting next_dagrun for mongo_data_loader to 2023-11-10T16:45:00+00:00, run_after=2023-12-10T16:45:00+00:00
[2023-12-03T05:46:05.042+0000] {processor.py:179} INFO - Processing /opt/airflow/dags/mongo_data_loader.py took 0.114 seconds
[2023-12-03T05:46:35.175+0000] {processor.py:157} INFO - Started process (PID=2050) to work on /opt/airflow/dags/mongo_data_loader.py
[2023-12-03T05:46:35.181+0000] {processor.py:829} INFO - Processing file /opt/airflow/dags/mongo_data_loader.py for tasks to queue
[2023-12-03T05:46:35.183+0000] {logging_mixin.py:151} INFO - [2023-12-03T05:46:35.183+0000] {dagbag.py:539} INFO - Filling up the DagBag from /opt/airflow/dags/mongo_data_loader.py
[2023-12-03T05:46:35.238+0000] {processor.py:839} INFO - DAG(s) dict_keys(['mongo_data_loader']) retrieved from /opt/airflow/dags/mongo_data_loader.py
[2023-12-03T05:46:35.252+0000] {logging_mixin.py:151} INFO - [2023-12-03T05:46:35.251+0000] {dag.py:2915} INFO - Sync 1 DAGs
[2023-12-03T05:46:35.266+0000] {logging_mixin.py:151} INFO - [2023-12-03T05:46:35.266+0000] {dag.py:3696} INFO - Setting next_dagrun for mongo_data_loader to 2023-11-10T16:45:00+00:00, run_after=2023-12-10T16:45:00+00:00
[2023-12-03T05:46:35.276+0000] {processor.py:179} INFO - Processing /opt/airflow/dags/mongo_data_loader.py took 0.107 seconds
[2023-12-03T05:47:05.503+0000] {processor.py:157} INFO - Started process (PID=2106) to work on /opt/airflow/dags/mongo_data_loader.py
[2023-12-03T05:47:05.508+0000] {processor.py:829} INFO - Processing file /opt/airflow/dags/mongo_data_loader.py for tasks to queue
[2023-12-03T05:47:05.511+0000] {logging_mixin.py:151} INFO - [2023-12-03T05:47:05.510+0000] {dagbag.py:539} INFO - Filling up the DagBag from /opt/airflow/dags/mongo_data_loader.py
[2023-12-03T05:47:05.570+0000] {processor.py:839} INFO - DAG(s) dict_keys(['mongo_data_loader']) retrieved from /opt/airflow/dags/mongo_data_loader.py
[2023-12-03T05:47:05.585+0000] {logging_mixin.py:151} INFO - [2023-12-03T05:47:05.585+0000] {dag.py:2915} INFO - Sync 1 DAGs
[2023-12-03T05:47:05.600+0000] {logging_mixin.py:151} INFO - [2023-12-03T05:47:05.600+0000] {dag.py:3696} INFO - Setting next_dagrun for mongo_data_loader to 2023-11-10T16:45:00+00:00, run_after=2023-12-10T16:45:00+00:00
[2023-12-03T05:47:05.610+0000] {processor.py:179} INFO - Processing /opt/airflow/dags/mongo_data_loader.py took 0.114 seconds
[2023-12-03T05:47:35.816+0000] {processor.py:157} INFO - Started process (PID=2162) to work on /opt/airflow/dags/mongo_data_loader.py
[2023-12-03T05:47:35.819+0000] {processor.py:829} INFO - Processing file /opt/airflow/dags/mongo_data_loader.py for tasks to queue
[2023-12-03T05:47:35.823+0000] {logging_mixin.py:151} INFO - [2023-12-03T05:47:35.822+0000] {dagbag.py:539} INFO - Filling up the DagBag from /opt/airflow/dags/mongo_data_loader.py
[2023-12-03T05:47:35.907+0000] {processor.py:839} INFO - DAG(s) dict_keys(['mongo_data_loader']) retrieved from /opt/airflow/dags/mongo_data_loader.py
[2023-12-03T05:47:35.928+0000] {logging_mixin.py:151} INFO - [2023-12-03T05:47:35.928+0000] {dag.py:2915} INFO - Sync 1 DAGs
[2023-12-03T05:47:35.945+0000] {logging_mixin.py:151} INFO - [2023-12-03T05:47:35.945+0000] {dag.py:3696} INFO - Setting next_dagrun for mongo_data_loader to 2023-11-10T16:45:00+00:00, run_after=2023-12-10T16:45:00+00:00
[2023-12-03T05:47:35.956+0000] {processor.py:179} INFO - Processing /opt/airflow/dags/mongo_data_loader.py took 0.145 seconds
