[2023-10-18T23:55:04.582+0000] {processor.py:157} INFO - Started process (PID=37) to work on /home/airflow/.local/lib/python3.8/site-packages/airflow/example_dags/example_task_group_decorator.py
[2023-10-18T23:55:04.585+0000] {processor.py:829} INFO - Processing file /home/airflow/.local/lib/python3.8/site-packages/airflow/example_dags/example_task_group_decorator.py for tasks to queue
[2023-10-18T23:55:04.586+0000] {logging_mixin.py:151} INFO - [2023-10-18T23:55:04.586+0000] {dagbag.py:539} INFO - Filling up the DagBag from /home/airflow/.local/lib/python3.8/site-packages/airflow/example_dags/example_task_group_decorator.py
[2023-10-18T23:55:04.598+0000] {processor.py:839} INFO - DAG(s) dict_keys(['example_task_group_decorator']) retrieved from /home/airflow/.local/lib/python3.8/site-packages/airflow/example_dags/example_task_group_decorator.py
[2023-10-18T23:55:04.622+0000] {logging_mixin.py:151} INFO - [2023-10-18T23:55:04.622+0000] {dag.py:2915} INFO - Sync 1 DAGs
[2023-10-18T23:55:04.638+0000] {logging_mixin.py:151} INFO - [2023-10-18T23:55:04.638+0000] {dag.py:3696} INFO - Setting next_dagrun for example_task_group_decorator to 2023-10-17T23:55:04.638185+00:00, run_after=2023-10-18T23:55:04.638185+00:00
[2023-10-18T23:55:04.650+0000] {processor.py:179} INFO - Processing /home/airflow/.local/lib/python3.8/site-packages/airflow/example_dags/example_task_group_decorator.py took 0.071 seconds
[2023-10-18T23:55:35.614+0000] {processor.py:157} INFO - Started process (PID=93) to work on /home/airflow/.local/lib/python3.8/site-packages/airflow/example_dags/example_task_group_decorator.py
[2023-10-18T23:55:35.615+0000] {processor.py:829} INFO - Processing file /home/airflow/.local/lib/python3.8/site-packages/airflow/example_dags/example_task_group_decorator.py for tasks to queue
[2023-10-18T23:55:35.617+0000] {logging_mixin.py:151} INFO - [2023-10-18T23:55:35.617+0000] {dagbag.py:539} INFO - Filling up the DagBag from /home/airflow/.local/lib/python3.8/site-packages/airflow/example_dags/example_task_group_decorator.py
[2023-10-18T23:55:35.628+0000] {processor.py:839} INFO - DAG(s) dict_keys(['example_task_group_decorator']) retrieved from /home/airflow/.local/lib/python3.8/site-packages/airflow/example_dags/example_task_group_decorator.py
[2023-10-18T23:55:35.647+0000] {logging_mixin.py:151} INFO - [2023-10-18T23:55:35.647+0000] {dag.py:2915} INFO - Sync 1 DAGs
[2023-10-18T23:55:35.664+0000] {logging_mixin.py:151} INFO - [2023-10-18T23:55:35.664+0000] {dag.py:3696} INFO - Setting next_dagrun for example_task_group_decorator to 2023-10-17T23:55:35.663954+00:00, run_after=2023-10-18T23:55:35.663954+00:00
[2023-10-18T23:55:35.676+0000] {processor.py:179} INFO - Processing /home/airflow/.local/lib/python3.8/site-packages/airflow/example_dags/example_task_group_decorator.py took 0.065 seconds
[2023-10-18T23:56:06.082+0000] {processor.py:157} INFO - Started process (PID=149) to work on /home/airflow/.local/lib/python3.8/site-packages/airflow/example_dags/example_task_group_decorator.py
[2023-10-18T23:56:06.084+0000] {processor.py:829} INFO - Processing file /home/airflow/.local/lib/python3.8/site-packages/airflow/example_dags/example_task_group_decorator.py for tasks to queue
[2023-10-18T23:56:06.086+0000] {logging_mixin.py:151} INFO - [2023-10-18T23:56:06.086+0000] {dagbag.py:539} INFO - Filling up the DagBag from /home/airflow/.local/lib/python3.8/site-packages/airflow/example_dags/example_task_group_decorator.py
[2023-10-18T23:56:06.095+0000] {processor.py:839} INFO - DAG(s) dict_keys(['example_task_group_decorator']) retrieved from /home/airflow/.local/lib/python3.8/site-packages/airflow/example_dags/example_task_group_decorator.py
[2023-10-18T23:56:06.115+0000] {logging_mixin.py:151} INFO - [2023-10-18T23:56:06.115+0000] {dag.py:2915} INFO - Sync 1 DAGs
[2023-10-18T23:56:06.129+0000] {logging_mixin.py:151} INFO - [2023-10-18T23:56:06.129+0000] {dag.py:3696} INFO - Setting next_dagrun for example_task_group_decorator to 2023-10-17T23:56:06.129183+00:00, run_after=2023-10-18T23:56:06.129183+00:00
[2023-10-18T23:56:06.142+0000] {processor.py:179} INFO - Processing /home/airflow/.local/lib/python3.8/site-packages/airflow/example_dags/example_task_group_decorator.py took 0.063 seconds
[2023-10-18T23:56:36.578+0000] {processor.py:157} INFO - Started process (PID=205) to work on /home/airflow/.local/lib/python3.8/site-packages/airflow/example_dags/example_task_group_decorator.py
[2023-10-18T23:56:36.579+0000] {processor.py:829} INFO - Processing file /home/airflow/.local/lib/python3.8/site-packages/airflow/example_dags/example_task_group_decorator.py for tasks to queue
[2023-10-18T23:56:36.580+0000] {logging_mixin.py:151} INFO - [2023-10-18T23:56:36.580+0000] {dagbag.py:539} INFO - Filling up the DagBag from /home/airflow/.local/lib/python3.8/site-packages/airflow/example_dags/example_task_group_decorator.py
[2023-10-18T23:56:36.590+0000] {processor.py:839} INFO - DAG(s) dict_keys(['example_task_group_decorator']) retrieved from /home/airflow/.local/lib/python3.8/site-packages/airflow/example_dags/example_task_group_decorator.py
[2023-10-18T23:56:36.606+0000] {logging_mixin.py:151} INFO - [2023-10-18T23:56:36.606+0000] {dag.py:2915} INFO - Sync 1 DAGs
[2023-10-18T23:56:36.621+0000] {logging_mixin.py:151} INFO - [2023-10-18T23:56:36.620+0000] {dag.py:3696} INFO - Setting next_dagrun for example_task_group_decorator to 2023-10-17T23:56:36.620330+00:00, run_after=2023-10-18T23:56:36.620330+00:00
[2023-10-18T23:56:36.642+0000] {processor.py:179} INFO - Processing /home/airflow/.local/lib/python3.8/site-packages/airflow/example_dags/example_task_group_decorator.py took 0.067 seconds
[2023-10-18T23:57:07.031+0000] {processor.py:157} INFO - Started process (PID=261) to work on /home/airflow/.local/lib/python3.8/site-packages/airflow/example_dags/example_task_group_decorator.py
[2023-10-18T23:57:07.032+0000] {processor.py:829} INFO - Processing file /home/airflow/.local/lib/python3.8/site-packages/airflow/example_dags/example_task_group_decorator.py for tasks to queue
[2023-10-18T23:57:07.034+0000] {logging_mixin.py:151} INFO - [2023-10-18T23:57:07.034+0000] {dagbag.py:539} INFO - Filling up the DagBag from /home/airflow/.local/lib/python3.8/site-packages/airflow/example_dags/example_task_group_decorator.py
[2023-10-18T23:57:07.044+0000] {processor.py:839} INFO - DAG(s) dict_keys(['example_task_group_decorator']) retrieved from /home/airflow/.local/lib/python3.8/site-packages/airflow/example_dags/example_task_group_decorator.py
[2023-10-18T23:57:07.062+0000] {logging_mixin.py:151} INFO - [2023-10-18T23:57:07.062+0000] {dag.py:2915} INFO - Sync 1 DAGs
[2023-10-18T23:57:07.077+0000] {logging_mixin.py:151} INFO - [2023-10-18T23:57:07.077+0000] {dag.py:3696} INFO - Setting next_dagrun for example_task_group_decorator to 2023-10-17T23:57:07.077603+00:00, run_after=2023-10-18T23:57:07.077603+00:00
[2023-10-18T23:57:07.090+0000] {processor.py:179} INFO - Processing /home/airflow/.local/lib/python3.8/site-packages/airflow/example_dags/example_task_group_decorator.py took 0.063 seconds
[2023-10-18T23:57:37.329+0000] {processor.py:157} INFO - Started process (PID=317) to work on /home/airflow/.local/lib/python3.8/site-packages/airflow/example_dags/example_task_group_decorator.py
[2023-10-18T23:57:37.330+0000] {processor.py:829} INFO - Processing file /home/airflow/.local/lib/python3.8/site-packages/airflow/example_dags/example_task_group_decorator.py for tasks to queue
[2023-10-18T23:57:37.332+0000] {logging_mixin.py:151} INFO - [2023-10-18T23:57:37.332+0000] {dagbag.py:539} INFO - Filling up the DagBag from /home/airflow/.local/lib/python3.8/site-packages/airflow/example_dags/example_task_group_decorator.py
[2023-10-18T23:57:37.342+0000] {processor.py:839} INFO - DAG(s) dict_keys(['example_task_group_decorator']) retrieved from /home/airflow/.local/lib/python3.8/site-packages/airflow/example_dags/example_task_group_decorator.py
[2023-10-18T23:57:37.359+0000] {logging_mixin.py:151} INFO - [2023-10-18T23:57:37.359+0000] {dag.py:2915} INFO - Sync 1 DAGs
[2023-10-18T23:57:37.374+0000] {logging_mixin.py:151} INFO - [2023-10-18T23:57:37.374+0000] {dag.py:3696} INFO - Setting next_dagrun for example_task_group_decorator to 2023-10-17T23:57:37.373942+00:00, run_after=2023-10-18T23:57:37.373942+00:00
[2023-10-18T23:57:37.399+0000] {processor.py:179} INFO - Processing /home/airflow/.local/lib/python3.8/site-packages/airflow/example_dags/example_task_group_decorator.py took 0.073 seconds
[2023-10-18T23:58:07.862+0000] {processor.py:157} INFO - Started process (PID=373) to work on /home/airflow/.local/lib/python3.8/site-packages/airflow/example_dags/example_task_group_decorator.py
[2023-10-18T23:58:07.863+0000] {processor.py:829} INFO - Processing file /home/airflow/.local/lib/python3.8/site-packages/airflow/example_dags/example_task_group_decorator.py for tasks to queue
[2023-10-18T23:58:07.865+0000] {logging_mixin.py:151} INFO - [2023-10-18T23:58:07.865+0000] {dagbag.py:539} INFO - Filling up the DagBag from /home/airflow/.local/lib/python3.8/site-packages/airflow/example_dags/example_task_group_decorator.py
[2023-10-18T23:58:07.874+0000] {processor.py:839} INFO - DAG(s) dict_keys(['example_task_group_decorator']) retrieved from /home/airflow/.local/lib/python3.8/site-packages/airflow/example_dags/example_task_group_decorator.py
[2023-10-18T23:58:07.891+0000] {logging_mixin.py:151} INFO - [2023-10-18T23:58:07.890+0000] {dag.py:2915} INFO - Sync 1 DAGs
[2023-10-18T23:58:07.904+0000] {logging_mixin.py:151} INFO - [2023-10-18T23:58:07.904+0000] {dag.py:3696} INFO - Setting next_dagrun for example_task_group_decorator to 2023-10-17T23:58:07.904120+00:00, run_after=2023-10-18T23:58:07.904120+00:00
[2023-10-18T23:58:07.916+0000] {processor.py:179} INFO - Processing /home/airflow/.local/lib/python3.8/site-packages/airflow/example_dags/example_task_group_decorator.py took 0.056 seconds
[2023-10-18T23:58:38.153+0000] {processor.py:157} INFO - Started process (PID=429) to work on /home/airflow/.local/lib/python3.8/site-packages/airflow/example_dags/example_task_group_decorator.py
[2023-10-18T23:58:38.154+0000] {processor.py:829} INFO - Processing file /home/airflow/.local/lib/python3.8/site-packages/airflow/example_dags/example_task_group_decorator.py for tasks to queue
[2023-10-18T23:58:38.156+0000] {logging_mixin.py:151} INFO - [2023-10-18T23:58:38.155+0000] {dagbag.py:539} INFO - Filling up the DagBag from /home/airflow/.local/lib/python3.8/site-packages/airflow/example_dags/example_task_group_decorator.py
[2023-10-18T23:58:38.165+0000] {processor.py:839} INFO - DAG(s) dict_keys(['example_task_group_decorator']) retrieved from /home/airflow/.local/lib/python3.8/site-packages/airflow/example_dags/example_task_group_decorator.py
[2023-10-18T23:58:38.182+0000] {logging_mixin.py:151} INFO - [2023-10-18T23:58:38.181+0000] {dag.py:2915} INFO - Sync 1 DAGs
[2023-10-18T23:58:38.196+0000] {logging_mixin.py:151} INFO - [2023-10-18T23:58:38.196+0000] {dag.py:3696} INFO - Setting next_dagrun for example_task_group_decorator to 2023-10-17T23:58:38.195917+00:00, run_after=2023-10-18T23:58:38.195917+00:00
[2023-10-18T23:58:38.207+0000] {processor.py:179} INFO - Processing /home/airflow/.local/lib/python3.8/site-packages/airflow/example_dags/example_task_group_decorator.py took 0.057 seconds
[2023-10-18T23:59:08.458+0000] {processor.py:157} INFO - Started process (PID=485) to work on /home/airflow/.local/lib/python3.8/site-packages/airflow/example_dags/example_task_group_decorator.py
[2023-10-18T23:59:08.460+0000] {processor.py:829} INFO - Processing file /home/airflow/.local/lib/python3.8/site-packages/airflow/example_dags/example_task_group_decorator.py for tasks to queue
[2023-10-18T23:59:08.462+0000] {logging_mixin.py:151} INFO - [2023-10-18T23:59:08.461+0000] {dagbag.py:539} INFO - Filling up the DagBag from /home/airflow/.local/lib/python3.8/site-packages/airflow/example_dags/example_task_group_decorator.py
[2023-10-18T23:59:08.471+0000] {processor.py:839} INFO - DAG(s) dict_keys(['example_task_group_decorator']) retrieved from /home/airflow/.local/lib/python3.8/site-packages/airflow/example_dags/example_task_group_decorator.py
[2023-10-18T23:59:08.488+0000] {logging_mixin.py:151} INFO - [2023-10-18T23:59:08.488+0000] {dag.py:2915} INFO - Sync 1 DAGs
[2023-10-18T23:59:08.504+0000] {logging_mixin.py:151} INFO - [2023-10-18T23:59:08.504+0000] {dag.py:3696} INFO - Setting next_dagrun for example_task_group_decorator to 2023-10-17T23:59:08.503931+00:00, run_after=2023-10-18T23:59:08.503931+00:00
[2023-10-18T23:59:08.516+0000] {processor.py:179} INFO - Processing /home/airflow/.local/lib/python3.8/site-packages/airflow/example_dags/example_task_group_decorator.py took 0.061 seconds
[2023-10-18T23:59:38.745+0000] {processor.py:157} INFO - Started process (PID=541) to work on /home/airflow/.local/lib/python3.8/site-packages/airflow/example_dags/example_task_group_decorator.py
[2023-10-18T23:59:38.747+0000] {processor.py:829} INFO - Processing file /home/airflow/.local/lib/python3.8/site-packages/airflow/example_dags/example_task_group_decorator.py for tasks to queue
[2023-10-18T23:59:38.749+0000] {logging_mixin.py:151} INFO - [2023-10-18T23:59:38.749+0000] {dagbag.py:539} INFO - Filling up the DagBag from /home/airflow/.local/lib/python3.8/site-packages/airflow/example_dags/example_task_group_decorator.py
[2023-10-18T23:59:38.759+0000] {processor.py:839} INFO - DAG(s) dict_keys(['example_task_group_decorator']) retrieved from /home/airflow/.local/lib/python3.8/site-packages/airflow/example_dags/example_task_group_decorator.py
[2023-10-18T23:59:38.781+0000] {logging_mixin.py:151} INFO - [2023-10-18T23:59:38.781+0000] {dag.py:2915} INFO - Sync 1 DAGs
[2023-10-18T23:59:38.796+0000] {logging_mixin.py:151} INFO - [2023-10-18T23:59:38.796+0000] {dag.py:3696} INFO - Setting next_dagrun for example_task_group_decorator to 2023-10-17T23:59:38.795998+00:00, run_after=2023-10-18T23:59:38.795998+00:00
[2023-10-18T23:59:38.807+0000] {processor.py:179} INFO - Processing /home/airflow/.local/lib/python3.8/site-packages/airflow/example_dags/example_task_group_decorator.py took 0.065 seconds
