[2023-10-18T23:55:05.771+0000] {processor.py:157} INFO - Started process (PID=52) to work on /home/airflow/.local/lib/python3.8/site-packages/airflow/example_dags/example_dynamic_task_mapping_with_no_taskflow_operators.py
[2023-10-18T23:55:05.773+0000] {processor.py:829} INFO - Processing file /home/airflow/.local/lib/python3.8/site-packages/airflow/example_dags/example_dynamic_task_mapping_with_no_taskflow_operators.py for tasks to queue
[2023-10-18T23:55:05.777+0000] {logging_mixin.py:151} INFO - [2023-10-18T23:55:05.776+0000] {dagbag.py:539} INFO - Filling up the DagBag from /home/airflow/.local/lib/python3.8/site-packages/airflow/example_dags/example_dynamic_task_mapping_with_no_taskflow_operators.py
[2023-10-18T23:55:05.790+0000] {processor.py:839} INFO - DAG(s) dict_keys(['example_dynamic_task_mapping_with_no_taskflow_operators']) retrieved from /home/airflow/.local/lib/python3.8/site-packages/airflow/example_dags/example_dynamic_task_mapping_with_no_taskflow_operators.py
[2023-10-18T23:55:05.821+0000] {logging_mixin.py:151} INFO - [2023-10-18T23:55:05.821+0000] {dag.py:2915} INFO - Sync 1 DAGs
[2023-10-18T23:55:05.839+0000] {logging_mixin.py:151} INFO - [2023-10-18T23:55:05.838+0000] {dag.py:3696} INFO - Setting next_dagrun for example_dynamic_task_mapping_with_no_taskflow_operators to 2023-10-17T23:55:05.838692+00:00, run_after=2023-10-18T23:55:05.838692+00:00
[2023-10-18T23:55:05.853+0000] {processor.py:179} INFO - Processing /home/airflow/.local/lib/python3.8/site-packages/airflow/example_dags/example_dynamic_task_mapping_with_no_taskflow_operators.py took 0.087 seconds
[2023-10-18T23:55:36.227+0000] {processor.py:157} INFO - Started process (PID=108) to work on /home/airflow/.local/lib/python3.8/site-packages/airflow/example_dags/example_dynamic_task_mapping_with_no_taskflow_operators.py
[2023-10-18T23:55:36.228+0000] {processor.py:829} INFO - Processing file /home/airflow/.local/lib/python3.8/site-packages/airflow/example_dags/example_dynamic_task_mapping_with_no_taskflow_operators.py for tasks to queue
[2023-10-18T23:55:36.229+0000] {logging_mixin.py:151} INFO - [2023-10-18T23:55:36.229+0000] {dagbag.py:539} INFO - Filling up the DagBag from /home/airflow/.local/lib/python3.8/site-packages/airflow/example_dags/example_dynamic_task_mapping_with_no_taskflow_operators.py
[2023-10-18T23:55:36.234+0000] {processor.py:839} INFO - DAG(s) dict_keys(['example_dynamic_task_mapping_with_no_taskflow_operators']) retrieved from /home/airflow/.local/lib/python3.8/site-packages/airflow/example_dags/example_dynamic_task_mapping_with_no_taskflow_operators.py
[2023-10-18T23:55:36.248+0000] {logging_mixin.py:151} INFO - [2023-10-18T23:55:36.248+0000] {dag.py:2915} INFO - Sync 1 DAGs
[2023-10-18T23:55:36.263+0000] {logging_mixin.py:151} INFO - [2023-10-18T23:55:36.263+0000] {dag.py:3696} INFO - Setting next_dagrun for example_dynamic_task_mapping_with_no_taskflow_operators to 2023-10-17T23:55:36.262879+00:00, run_after=2023-10-18T23:55:36.262879+00:00
[2023-10-18T23:55:36.274+0000] {processor.py:179} INFO - Processing /home/airflow/.local/lib/python3.8/site-packages/airflow/example_dags/example_dynamic_task_mapping_with_no_taskflow_operators.py took 0.050 seconds
[2023-10-18T23:56:06.734+0000] {processor.py:157} INFO - Started process (PID=164) to work on /home/airflow/.local/lib/python3.8/site-packages/airflow/example_dags/example_dynamic_task_mapping_with_no_taskflow_operators.py
[2023-10-18T23:56:06.735+0000] {processor.py:829} INFO - Processing file /home/airflow/.local/lib/python3.8/site-packages/airflow/example_dags/example_dynamic_task_mapping_with_no_taskflow_operators.py for tasks to queue
[2023-10-18T23:56:06.737+0000] {logging_mixin.py:151} INFO - [2023-10-18T23:56:06.737+0000] {dagbag.py:539} INFO - Filling up the DagBag from /home/airflow/.local/lib/python3.8/site-packages/airflow/example_dags/example_dynamic_task_mapping_with_no_taskflow_operators.py
[2023-10-18T23:56:06.742+0000] {processor.py:839} INFO - DAG(s) dict_keys(['example_dynamic_task_mapping_with_no_taskflow_operators']) retrieved from /home/airflow/.local/lib/python3.8/site-packages/airflow/example_dags/example_dynamic_task_mapping_with_no_taskflow_operators.py
[2023-10-18T23:56:06.756+0000] {logging_mixin.py:151} INFO - [2023-10-18T23:56:06.756+0000] {dag.py:2915} INFO - Sync 1 DAGs
[2023-10-18T23:56:06.769+0000] {logging_mixin.py:151} INFO - [2023-10-18T23:56:06.769+0000] {dag.py:3696} INFO - Setting next_dagrun for example_dynamic_task_mapping_with_no_taskflow_operators to 2023-10-17T23:56:06.769637+00:00, run_after=2023-10-18T23:56:06.769637+00:00
[2023-10-18T23:56:06.780+0000] {processor.py:179} INFO - Processing /home/airflow/.local/lib/python3.8/site-packages/airflow/example_dags/example_dynamic_task_mapping_with_no_taskflow_operators.py took 0.049 seconds
[2023-10-18T23:56:37.213+0000] {processor.py:157} INFO - Started process (PID=220) to work on /home/airflow/.local/lib/python3.8/site-packages/airflow/example_dags/example_dynamic_task_mapping_with_no_taskflow_operators.py
[2023-10-18T23:56:37.214+0000] {processor.py:829} INFO - Processing file /home/airflow/.local/lib/python3.8/site-packages/airflow/example_dags/example_dynamic_task_mapping_with_no_taskflow_operators.py for tasks to queue
[2023-10-18T23:56:37.216+0000] {logging_mixin.py:151} INFO - [2023-10-18T23:56:37.216+0000] {dagbag.py:539} INFO - Filling up the DagBag from /home/airflow/.local/lib/python3.8/site-packages/airflow/example_dags/example_dynamic_task_mapping_with_no_taskflow_operators.py
[2023-10-18T23:56:37.221+0000] {processor.py:839} INFO - DAG(s) dict_keys(['example_dynamic_task_mapping_with_no_taskflow_operators']) retrieved from /home/airflow/.local/lib/python3.8/site-packages/airflow/example_dags/example_dynamic_task_mapping_with_no_taskflow_operators.py
[2023-10-18T23:56:37.237+0000] {logging_mixin.py:151} INFO - [2023-10-18T23:56:37.236+0000] {dag.py:2915} INFO - Sync 1 DAGs
[2023-10-18T23:56:37.250+0000] {logging_mixin.py:151} INFO - [2023-10-18T23:56:37.250+0000] {dag.py:3696} INFO - Setting next_dagrun for example_dynamic_task_mapping_with_no_taskflow_operators to 2023-10-17T23:56:37.250159+00:00, run_after=2023-10-18T23:56:37.250159+00:00
[2023-10-18T23:56:37.261+0000] {processor.py:179} INFO - Processing /home/airflow/.local/lib/python3.8/site-packages/airflow/example_dags/example_dynamic_task_mapping_with_no_taskflow_operators.py took 0.050 seconds
[2023-10-18T23:57:07.838+0000] {processor.py:157} INFO - Started process (PID=276) to work on /home/airflow/.local/lib/python3.8/site-packages/airflow/example_dags/example_dynamic_task_mapping_with_no_taskflow_operators.py
[2023-10-18T23:57:07.840+0000] {processor.py:829} INFO - Processing file /home/airflow/.local/lib/python3.8/site-packages/airflow/example_dags/example_dynamic_task_mapping_with_no_taskflow_operators.py for tasks to queue
[2023-10-18T23:57:07.841+0000] {logging_mixin.py:151} INFO - [2023-10-18T23:57:07.841+0000] {dagbag.py:539} INFO - Filling up the DagBag from /home/airflow/.local/lib/python3.8/site-packages/airflow/example_dags/example_dynamic_task_mapping_with_no_taskflow_operators.py
[2023-10-18T23:57:07.847+0000] {processor.py:839} INFO - DAG(s) dict_keys(['example_dynamic_task_mapping_with_no_taskflow_operators']) retrieved from /home/airflow/.local/lib/python3.8/site-packages/airflow/example_dags/example_dynamic_task_mapping_with_no_taskflow_operators.py
[2023-10-18T23:57:07.864+0000] {logging_mixin.py:151} INFO - [2023-10-18T23:57:07.864+0000] {dag.py:2915} INFO - Sync 1 DAGs
[2023-10-18T23:57:07.879+0000] {logging_mixin.py:151} INFO - [2023-10-18T23:57:07.879+0000] {dag.py:3696} INFO - Setting next_dagrun for example_dynamic_task_mapping_with_no_taskflow_operators to 2023-10-17T23:57:07.879093+00:00, run_after=2023-10-18T23:57:07.879093+00:00
[2023-10-18T23:57:07.890+0000] {processor.py:179} INFO - Processing /home/airflow/.local/lib/python3.8/site-packages/airflow/example_dags/example_dynamic_task_mapping_with_no_taskflow_operators.py took 0.055 seconds
[2023-10-18T23:57:38.005+0000] {processor.py:157} INFO - Started process (PID=332) to work on /home/airflow/.local/lib/python3.8/site-packages/airflow/example_dags/example_dynamic_task_mapping_with_no_taskflow_operators.py
[2023-10-18T23:57:38.007+0000] {processor.py:829} INFO - Processing file /home/airflow/.local/lib/python3.8/site-packages/airflow/example_dags/example_dynamic_task_mapping_with_no_taskflow_operators.py for tasks to queue
[2023-10-18T23:57:38.009+0000] {logging_mixin.py:151} INFO - [2023-10-18T23:57:38.009+0000] {dagbag.py:539} INFO - Filling up the DagBag from /home/airflow/.local/lib/python3.8/site-packages/airflow/example_dags/example_dynamic_task_mapping_with_no_taskflow_operators.py
[2023-10-18T23:57:38.014+0000] {processor.py:839} INFO - DAG(s) dict_keys(['example_dynamic_task_mapping_with_no_taskflow_operators']) retrieved from /home/airflow/.local/lib/python3.8/site-packages/airflow/example_dags/example_dynamic_task_mapping_with_no_taskflow_operators.py
[2023-10-18T23:57:38.032+0000] {logging_mixin.py:151} INFO - [2023-10-18T23:57:38.032+0000] {dag.py:2915} INFO - Sync 1 DAGs
[2023-10-18T23:57:38.048+0000] {logging_mixin.py:151} INFO - [2023-10-18T23:57:38.048+0000] {dag.py:3696} INFO - Setting next_dagrun for example_dynamic_task_mapping_with_no_taskflow_operators to 2023-10-17T23:57:38.048215+00:00, run_after=2023-10-18T23:57:38.048215+00:00
[2023-10-18T23:57:38.061+0000] {processor.py:179} INFO - Processing /home/airflow/.local/lib/python3.8/site-packages/airflow/example_dags/example_dynamic_task_mapping_with_no_taskflow_operators.py took 0.059 seconds
[2023-10-18T23:58:08.413+0000] {processor.py:157} INFO - Started process (PID=388) to work on /home/airflow/.local/lib/python3.8/site-packages/airflow/example_dags/example_dynamic_task_mapping_with_no_taskflow_operators.py
[2023-10-18T23:58:08.414+0000] {processor.py:829} INFO - Processing file /home/airflow/.local/lib/python3.8/site-packages/airflow/example_dags/example_dynamic_task_mapping_with_no_taskflow_operators.py for tasks to queue
[2023-10-18T23:58:08.415+0000] {logging_mixin.py:151} INFO - [2023-10-18T23:58:08.415+0000] {dagbag.py:539} INFO - Filling up the DagBag from /home/airflow/.local/lib/python3.8/site-packages/airflow/example_dags/example_dynamic_task_mapping_with_no_taskflow_operators.py
[2023-10-18T23:58:08.420+0000] {processor.py:839} INFO - DAG(s) dict_keys(['example_dynamic_task_mapping_with_no_taskflow_operators']) retrieved from /home/airflow/.local/lib/python3.8/site-packages/airflow/example_dags/example_dynamic_task_mapping_with_no_taskflow_operators.py
[2023-10-18T23:58:08.434+0000] {logging_mixin.py:151} INFO - [2023-10-18T23:58:08.434+0000] {dag.py:2915} INFO - Sync 1 DAGs
[2023-10-18T23:58:08.446+0000] {logging_mixin.py:151} INFO - [2023-10-18T23:58:08.446+0000] {dag.py:3696} INFO - Setting next_dagrun for example_dynamic_task_mapping_with_no_taskflow_operators to 2023-10-17T23:58:08.446638+00:00, run_after=2023-10-18T23:58:08.446638+00:00
[2023-10-18T23:58:08.456+0000] {processor.py:179} INFO - Processing /home/airflow/.local/lib/python3.8/site-packages/airflow/example_dags/example_dynamic_task_mapping_with_no_taskflow_operators.py took 0.046 seconds
[2023-10-18T23:58:38.748+0000] {processor.py:157} INFO - Started process (PID=444) to work on /home/airflow/.local/lib/python3.8/site-packages/airflow/example_dags/example_dynamic_task_mapping_with_no_taskflow_operators.py
[2023-10-18T23:58:38.749+0000] {processor.py:829} INFO - Processing file /home/airflow/.local/lib/python3.8/site-packages/airflow/example_dags/example_dynamic_task_mapping_with_no_taskflow_operators.py for tasks to queue
[2023-10-18T23:58:38.751+0000] {logging_mixin.py:151} INFO - [2023-10-18T23:58:38.751+0000] {dagbag.py:539} INFO - Filling up the DagBag from /home/airflow/.local/lib/python3.8/site-packages/airflow/example_dags/example_dynamic_task_mapping_with_no_taskflow_operators.py
[2023-10-18T23:58:38.756+0000] {processor.py:839} INFO - DAG(s) dict_keys(['example_dynamic_task_mapping_with_no_taskflow_operators']) retrieved from /home/airflow/.local/lib/python3.8/site-packages/airflow/example_dags/example_dynamic_task_mapping_with_no_taskflow_operators.py
[2023-10-18T23:58:38.770+0000] {logging_mixin.py:151} INFO - [2023-10-18T23:58:38.770+0000] {dag.py:2915} INFO - Sync 1 DAGs
[2023-10-18T23:58:38.784+0000] {logging_mixin.py:151} INFO - [2023-10-18T23:58:38.784+0000] {dag.py:3696} INFO - Setting next_dagrun for example_dynamic_task_mapping_with_no_taskflow_operators to 2023-10-17T23:58:38.784250+00:00, run_after=2023-10-18T23:58:38.784250+00:00
[2023-10-18T23:58:38.795+0000] {processor.py:179} INFO - Processing /home/airflow/.local/lib/python3.8/site-packages/airflow/example_dags/example_dynamic_task_mapping_with_no_taskflow_operators.py took 0.050 seconds
[2023-10-18T23:59:09.033+0000] {processor.py:157} INFO - Started process (PID=500) to work on /home/airflow/.local/lib/python3.8/site-packages/airflow/example_dags/example_dynamic_task_mapping_with_no_taskflow_operators.py
[2023-10-18T23:59:09.034+0000] {processor.py:829} INFO - Processing file /home/airflow/.local/lib/python3.8/site-packages/airflow/example_dags/example_dynamic_task_mapping_with_no_taskflow_operators.py for tasks to queue
[2023-10-18T23:59:09.036+0000] {logging_mixin.py:151} INFO - [2023-10-18T23:59:09.035+0000] {dagbag.py:539} INFO - Filling up the DagBag from /home/airflow/.local/lib/python3.8/site-packages/airflow/example_dags/example_dynamic_task_mapping_with_no_taskflow_operators.py
[2023-10-18T23:59:09.040+0000] {processor.py:839} INFO - DAG(s) dict_keys(['example_dynamic_task_mapping_with_no_taskflow_operators']) retrieved from /home/airflow/.local/lib/python3.8/site-packages/airflow/example_dags/example_dynamic_task_mapping_with_no_taskflow_operators.py
[2023-10-18T23:59:09.054+0000] {logging_mixin.py:151} INFO - [2023-10-18T23:59:09.054+0000] {dag.py:2915} INFO - Sync 1 DAGs
[2023-10-18T23:59:09.068+0000] {logging_mixin.py:151} INFO - [2023-10-18T23:59:09.068+0000] {dag.py:3696} INFO - Setting next_dagrun for example_dynamic_task_mapping_with_no_taskflow_operators to 2023-10-17T23:59:09.068023+00:00, run_after=2023-10-18T23:59:09.068023+00:00
[2023-10-18T23:59:09.078+0000] {processor.py:179} INFO - Processing /home/airflow/.local/lib/python3.8/site-packages/airflow/example_dags/example_dynamic_task_mapping_with_no_taskflow_operators.py took 0.048 seconds
[2023-10-18T23:59:39.445+0000] {processor.py:157} INFO - Started process (PID=556) to work on /home/airflow/.local/lib/python3.8/site-packages/airflow/example_dags/example_dynamic_task_mapping_with_no_taskflow_operators.py
[2023-10-18T23:59:39.446+0000] {processor.py:829} INFO - Processing file /home/airflow/.local/lib/python3.8/site-packages/airflow/example_dags/example_dynamic_task_mapping_with_no_taskflow_operators.py for tasks to queue
[2023-10-18T23:59:39.448+0000] {logging_mixin.py:151} INFO - [2023-10-18T23:59:39.448+0000] {dagbag.py:539} INFO - Filling up the DagBag from /home/airflow/.local/lib/python3.8/site-packages/airflow/example_dags/example_dynamic_task_mapping_with_no_taskflow_operators.py
[2023-10-18T23:59:39.454+0000] {processor.py:839} INFO - DAG(s) dict_keys(['example_dynamic_task_mapping_with_no_taskflow_operators']) retrieved from /home/airflow/.local/lib/python3.8/site-packages/airflow/example_dags/example_dynamic_task_mapping_with_no_taskflow_operators.py
[2023-10-18T23:59:39.469+0000] {logging_mixin.py:151} INFO - [2023-10-18T23:59:39.469+0000] {dag.py:2915} INFO - Sync 1 DAGs
[2023-10-18T23:59:39.483+0000] {logging_mixin.py:151} INFO - [2023-10-18T23:59:39.483+0000] {dag.py:3696} INFO - Setting next_dagrun for example_dynamic_task_mapping_with_no_taskflow_operators to 2023-10-17T23:59:39.483297+00:00, run_after=2023-10-18T23:59:39.483297+00:00
[2023-10-18T23:59:39.494+0000] {processor.py:179} INFO - Processing /home/airflow/.local/lib/python3.8/site-packages/airflow/example_dags/example_dynamic_task_mapping_with_no_taskflow_operators.py took 0.052 seconds
