[2023-10-18T23:55:07.324+0000] {processor.py:157} INFO - Started process (PID=68) to work on /home/airflow/.local/lib/python3.8/site-packages/airflow/example_dags/example_branch_operator.py
[2023-10-18T23:55:07.326+0000] {processor.py:829} INFO - Processing file /home/airflow/.local/lib/python3.8/site-packages/airflow/example_dags/example_branch_operator.py for tasks to queue
[2023-10-18T23:55:07.331+0000] {logging_mixin.py:151} INFO - [2023-10-18T23:55:07.331+0000] {dagbag.py:539} INFO - Filling up the DagBag from /home/airflow/.local/lib/python3.8/site-packages/airflow/example_dags/example_branch_operator.py
[2023-10-18T23:55:07.346+0000] {processor.py:839} INFO - DAG(s) dict_keys(['example_branch_operator']) retrieved from /home/airflow/.local/lib/python3.8/site-packages/airflow/example_dags/example_branch_operator.py
[2023-10-18T23:55:07.371+0000] {logging_mixin.py:151} INFO - [2023-10-18T23:55:07.371+0000] {dag.py:2915} INFO - Sync 1 DAGs
[2023-10-18T23:55:07.409+0000] {logging_mixin.py:151} INFO - [2023-10-18T23:55:07.409+0000] {dag.py:3696} INFO - Setting next_dagrun for example_branch_operator to 2023-10-17T00:00:00+00:00, run_after=2023-10-18T00:00:00+00:00
[2023-10-18T23:55:07.516+0000] {processor.py:179} INFO - Processing /home/airflow/.local/lib/python3.8/site-packages/airflow/example_dags/example_branch_operator.py took 0.197 seconds
[2023-10-18T23:55:38.122+0000] {processor.py:157} INFO - Started process (PID=124) to work on /home/airflow/.local/lib/python3.8/site-packages/airflow/example_dags/example_branch_operator.py
[2023-10-18T23:55:38.124+0000] {processor.py:829} INFO - Processing file /home/airflow/.local/lib/python3.8/site-packages/airflow/example_dags/example_branch_operator.py for tasks to queue
[2023-10-18T23:55:38.126+0000] {logging_mixin.py:151} INFO - [2023-10-18T23:55:38.126+0000] {dagbag.py:539} INFO - Filling up the DagBag from /home/airflow/.local/lib/python3.8/site-packages/airflow/example_dags/example_branch_operator.py
[2023-10-18T23:55:38.132+0000] {processor.py:839} INFO - DAG(s) dict_keys(['example_branch_operator']) retrieved from /home/airflow/.local/lib/python3.8/site-packages/airflow/example_dags/example_branch_operator.py
[2023-10-18T23:55:38.150+0000] {logging_mixin.py:151} INFO - [2023-10-18T23:55:38.149+0000] {dag.py:2915} INFO - Sync 1 DAGs
[2023-10-18T23:55:38.165+0000] {logging_mixin.py:151} INFO - [2023-10-18T23:55:38.164+0000] {dag.py:3696} INFO - Setting next_dagrun for example_branch_operator to 2023-10-17T00:00:00+00:00, run_after=2023-10-18T00:00:00+00:00
[2023-10-18T23:55:38.176+0000] {processor.py:179} INFO - Processing /home/airflow/.local/lib/python3.8/site-packages/airflow/example_dags/example_branch_operator.py took 0.057 seconds
[2023-10-18T23:56:08.582+0000] {processor.py:157} INFO - Started process (PID=180) to work on /home/airflow/.local/lib/python3.8/site-packages/airflow/example_dags/example_branch_operator.py
[2023-10-18T23:56:08.583+0000] {processor.py:829} INFO - Processing file /home/airflow/.local/lib/python3.8/site-packages/airflow/example_dags/example_branch_operator.py for tasks to queue
[2023-10-18T23:56:08.585+0000] {logging_mixin.py:151} INFO - [2023-10-18T23:56:08.585+0000] {dagbag.py:539} INFO - Filling up the DagBag from /home/airflow/.local/lib/python3.8/site-packages/airflow/example_dags/example_branch_operator.py
[2023-10-18T23:56:08.591+0000] {processor.py:839} INFO - DAG(s) dict_keys(['example_branch_operator']) retrieved from /home/airflow/.local/lib/python3.8/site-packages/airflow/example_dags/example_branch_operator.py
[2023-10-18T23:56:08.605+0000] {logging_mixin.py:151} INFO - [2023-10-18T23:56:08.605+0000] {dag.py:2915} INFO - Sync 1 DAGs
[2023-10-18T23:56:08.619+0000] {logging_mixin.py:151} INFO - [2023-10-18T23:56:08.619+0000] {dag.py:3696} INFO - Setting next_dagrun for example_branch_operator to 2023-10-17T00:00:00+00:00, run_after=2023-10-18T00:00:00+00:00
[2023-10-18T23:56:08.631+0000] {processor.py:179} INFO - Processing /home/airflow/.local/lib/python3.8/site-packages/airflow/example_dags/example_branch_operator.py took 0.051 seconds
[2023-10-18T23:56:39.062+0000] {processor.py:157} INFO - Started process (PID=236) to work on /home/airflow/.local/lib/python3.8/site-packages/airflow/example_dags/example_branch_operator.py
[2023-10-18T23:56:39.063+0000] {processor.py:829} INFO - Processing file /home/airflow/.local/lib/python3.8/site-packages/airflow/example_dags/example_branch_operator.py for tasks to queue
[2023-10-18T23:56:39.065+0000] {logging_mixin.py:151} INFO - [2023-10-18T23:56:39.065+0000] {dagbag.py:539} INFO - Filling up the DagBag from /home/airflow/.local/lib/python3.8/site-packages/airflow/example_dags/example_branch_operator.py
[2023-10-18T23:56:39.071+0000] {processor.py:839} INFO - DAG(s) dict_keys(['example_branch_operator']) retrieved from /home/airflow/.local/lib/python3.8/site-packages/airflow/example_dags/example_branch_operator.py
[2023-10-18T23:56:39.087+0000] {logging_mixin.py:151} INFO - [2023-10-18T23:56:39.086+0000] {dag.py:2915} INFO - Sync 1 DAGs
[2023-10-18T23:56:39.100+0000] {logging_mixin.py:151} INFO - [2023-10-18T23:56:39.100+0000] {dag.py:3696} INFO - Setting next_dagrun for example_branch_operator to 2023-10-17T00:00:00+00:00, run_after=2023-10-18T00:00:00+00:00
[2023-10-18T23:56:39.110+0000] {processor.py:179} INFO - Processing /home/airflow/.local/lib/python3.8/site-packages/airflow/example_dags/example_branch_operator.py took 0.050 seconds
[2023-10-18T23:57:09.965+0000] {processor.py:157} INFO - Started process (PID=292) to work on /home/airflow/.local/lib/python3.8/site-packages/airflow/example_dags/example_branch_operator.py
[2023-10-18T23:57:09.966+0000] {processor.py:829} INFO - Processing file /home/airflow/.local/lib/python3.8/site-packages/airflow/example_dags/example_branch_operator.py for tasks to queue
[2023-10-18T23:57:09.968+0000] {logging_mixin.py:151} INFO - [2023-10-18T23:57:09.968+0000] {dagbag.py:539} INFO - Filling up the DagBag from /home/airflow/.local/lib/python3.8/site-packages/airflow/example_dags/example_branch_operator.py
[2023-10-18T23:57:09.975+0000] {processor.py:839} INFO - DAG(s) dict_keys(['example_branch_operator']) retrieved from /home/airflow/.local/lib/python3.8/site-packages/airflow/example_dags/example_branch_operator.py
[2023-10-18T23:57:09.992+0000] {logging_mixin.py:151} INFO - [2023-10-18T23:57:09.992+0000] {dag.py:2915} INFO - Sync 1 DAGs
[2023-10-18T23:57:10.007+0000] {logging_mixin.py:151} INFO - [2023-10-18T23:57:10.007+0000] {dag.py:3696} INFO - Setting next_dagrun for example_branch_operator to 2023-10-17T00:00:00+00:00, run_after=2023-10-18T00:00:00+00:00
[2023-10-18T23:57:10.019+0000] {processor.py:179} INFO - Processing /home/airflow/.local/lib/python3.8/site-packages/airflow/example_dags/example_branch_operator.py took 0.057 seconds
[2023-10-18T23:57:40.857+0000] {processor.py:157} INFO - Started process (PID=348) to work on /home/airflow/.local/lib/python3.8/site-packages/airflow/example_dags/example_branch_operator.py
[2023-10-18T23:57:40.858+0000] {processor.py:829} INFO - Processing file /home/airflow/.local/lib/python3.8/site-packages/airflow/example_dags/example_branch_operator.py for tasks to queue
[2023-10-18T23:57:40.860+0000] {logging_mixin.py:151} INFO - [2023-10-18T23:57:40.860+0000] {dagbag.py:539} INFO - Filling up the DagBag from /home/airflow/.local/lib/python3.8/site-packages/airflow/example_dags/example_branch_operator.py
[2023-10-18T23:57:40.867+0000] {processor.py:839} INFO - DAG(s) dict_keys(['example_branch_operator']) retrieved from /home/airflow/.local/lib/python3.8/site-packages/airflow/example_dags/example_branch_operator.py
[2023-10-18T23:57:40.883+0000] {logging_mixin.py:151} INFO - [2023-10-18T23:57:40.883+0000] {dag.py:2915} INFO - Sync 1 DAGs
[2023-10-18T23:57:40.897+0000] {logging_mixin.py:151} INFO - [2023-10-18T23:57:40.897+0000] {dag.py:3696} INFO - Setting next_dagrun for example_branch_operator to 2023-10-17T00:00:00+00:00, run_after=2023-10-18T00:00:00+00:00
[2023-10-18T23:57:40.908+0000] {processor.py:179} INFO - Processing /home/airflow/.local/lib/python3.8/site-packages/airflow/example_dags/example_branch_operator.py took 0.053 seconds
[2023-10-18T23:58:11.130+0000] {processor.py:157} INFO - Started process (PID=404) to work on /home/airflow/.local/lib/python3.8/site-packages/airflow/example_dags/example_branch_operator.py
[2023-10-18T23:58:11.131+0000] {processor.py:829} INFO - Processing file /home/airflow/.local/lib/python3.8/site-packages/airflow/example_dags/example_branch_operator.py for tasks to queue
[2023-10-18T23:58:11.134+0000] {logging_mixin.py:151} INFO - [2023-10-18T23:58:11.133+0000] {dagbag.py:539} INFO - Filling up the DagBag from /home/airflow/.local/lib/python3.8/site-packages/airflow/example_dags/example_branch_operator.py
[2023-10-18T23:58:11.140+0000] {processor.py:839} INFO - DAG(s) dict_keys(['example_branch_operator']) retrieved from /home/airflow/.local/lib/python3.8/site-packages/airflow/example_dags/example_branch_operator.py
[2023-10-18T23:58:11.155+0000] {logging_mixin.py:151} INFO - [2023-10-18T23:58:11.155+0000] {dag.py:2915} INFO - Sync 1 DAGs
[2023-10-18T23:58:11.170+0000] {logging_mixin.py:151} INFO - [2023-10-18T23:58:11.169+0000] {dag.py:3696} INFO - Setting next_dagrun for example_branch_operator to 2023-10-17T00:00:00+00:00, run_after=2023-10-18T00:00:00+00:00
[2023-10-18T23:58:11.204+0000] {processor.py:179} INFO - Processing /home/airflow/.local/lib/python3.8/site-packages/airflow/example_dags/example_branch_operator.py took 0.076 seconds
[2023-10-18T23:58:41.454+0000] {processor.py:157} INFO - Started process (PID=460) to work on /home/airflow/.local/lib/python3.8/site-packages/airflow/example_dags/example_branch_operator.py
[2023-10-18T23:58:41.456+0000] {processor.py:829} INFO - Processing file /home/airflow/.local/lib/python3.8/site-packages/airflow/example_dags/example_branch_operator.py for tasks to queue
[2023-10-18T23:58:41.458+0000] {logging_mixin.py:151} INFO - [2023-10-18T23:58:41.457+0000] {dagbag.py:539} INFO - Filling up the DagBag from /home/airflow/.local/lib/python3.8/site-packages/airflow/example_dags/example_branch_operator.py
[2023-10-18T23:58:41.464+0000] {processor.py:839} INFO - DAG(s) dict_keys(['example_branch_operator']) retrieved from /home/airflow/.local/lib/python3.8/site-packages/airflow/example_dags/example_branch_operator.py
[2023-10-18T23:58:41.480+0000] {logging_mixin.py:151} INFO - [2023-10-18T23:58:41.480+0000] {dag.py:2915} INFO - Sync 1 DAGs
[2023-10-18T23:58:41.493+0000] {logging_mixin.py:151} INFO - [2023-10-18T23:58:41.493+0000] {dag.py:3696} INFO - Setting next_dagrun for example_branch_operator to 2023-10-17T00:00:00+00:00, run_after=2023-10-18T00:00:00+00:00
[2023-10-18T23:58:41.505+0000] {processor.py:179} INFO - Processing /home/airflow/.local/lib/python3.8/site-packages/airflow/example_dags/example_branch_operator.py took 0.053 seconds
[2023-10-18T23:59:11.738+0000] {processor.py:157} INFO - Started process (PID=516) to work on /home/airflow/.local/lib/python3.8/site-packages/airflow/example_dags/example_branch_operator.py
[2023-10-18T23:59:11.739+0000] {processor.py:829} INFO - Processing file /home/airflow/.local/lib/python3.8/site-packages/airflow/example_dags/example_branch_operator.py for tasks to queue
[2023-10-18T23:59:11.741+0000] {logging_mixin.py:151} INFO - [2023-10-18T23:59:11.741+0000] {dagbag.py:539} INFO - Filling up the DagBag from /home/airflow/.local/lib/python3.8/site-packages/airflow/example_dags/example_branch_operator.py
[2023-10-18T23:59:11.747+0000] {processor.py:839} INFO - DAG(s) dict_keys(['example_branch_operator']) retrieved from /home/airflow/.local/lib/python3.8/site-packages/airflow/example_dags/example_branch_operator.py
[2023-10-18T23:59:11.763+0000] {logging_mixin.py:151} INFO - [2023-10-18T23:59:11.763+0000] {dag.py:2915} INFO - Sync 1 DAGs
[2023-10-18T23:59:11.777+0000] {logging_mixin.py:151} INFO - [2023-10-18T23:59:11.777+0000] {dag.py:3696} INFO - Setting next_dagrun for example_branch_operator to 2023-10-17T00:00:00+00:00, run_after=2023-10-18T00:00:00+00:00
[2023-10-18T23:59:11.788+0000] {processor.py:179} INFO - Processing /home/airflow/.local/lib/python3.8/site-packages/airflow/example_dags/example_branch_operator.py took 0.052 seconds
[2023-10-18T23:59:42.119+0000] {processor.py:157} INFO - Started process (PID=572) to work on /home/airflow/.local/lib/python3.8/site-packages/airflow/example_dags/example_branch_operator.py
[2023-10-18T23:59:42.121+0000] {processor.py:829} INFO - Processing file /home/airflow/.local/lib/python3.8/site-packages/airflow/example_dags/example_branch_operator.py for tasks to queue
[2023-10-18T23:59:42.124+0000] {logging_mixin.py:151} INFO - [2023-10-18T23:59:42.123+0000] {dagbag.py:539} INFO - Filling up the DagBag from /home/airflow/.local/lib/python3.8/site-packages/airflow/example_dags/example_branch_operator.py
[2023-10-18T23:59:42.130+0000] {processor.py:839} INFO - DAG(s) dict_keys(['example_branch_operator']) retrieved from /home/airflow/.local/lib/python3.8/site-packages/airflow/example_dags/example_branch_operator.py
[2023-10-18T23:59:42.146+0000] {logging_mixin.py:151} INFO - [2023-10-18T23:59:42.145+0000] {dag.py:2915} INFO - Sync 1 DAGs
[2023-10-18T23:59:42.163+0000] {logging_mixin.py:151} INFO - [2023-10-18T23:59:42.163+0000] {dag.py:3696} INFO - Setting next_dagrun for example_branch_operator to 2023-10-17T00:00:00+00:00, run_after=2023-10-18T00:00:00+00:00
[2023-10-18T23:59:42.176+0000] {processor.py:179} INFO - Processing /home/airflow/.local/lib/python3.8/site-packages/airflow/example_dags/example_branch_operator.py took 0.060 seconds
