[2023-10-18T23:55:05.313+0000] {processor.py:157} INFO - Started process (PID=45) to work on /home/airflow/.local/lib/python3.8/site-packages/airflow/example_dags/example_task_group.py
[2023-10-18T23:55:05.314+0000] {processor.py:829} INFO - Processing file /home/airflow/.local/lib/python3.8/site-packages/airflow/example_dags/example_task_group.py for tasks to queue
[2023-10-18T23:55:05.317+0000] {logging_mixin.py:151} INFO - [2023-10-18T23:55:05.317+0000] {dagbag.py:539} INFO - Filling up the DagBag from /home/airflow/.local/lib/python3.8/site-packages/airflow/example_dags/example_task_group.py
[2023-10-18T23:55:05.325+0000] {processor.py:839} INFO - DAG(s) dict_keys(['example_task_group']) retrieved from /home/airflow/.local/lib/python3.8/site-packages/airflow/example_dags/example_task_group.py
[2023-10-18T23:55:05.346+0000] {logging_mixin.py:151} INFO - [2023-10-18T23:55:05.346+0000] {dag.py:2915} INFO - Sync 1 DAGs
[2023-10-18T23:55:05.368+0000] {logging_mixin.py:151} INFO - [2023-10-18T23:55:05.367+0000] {dag.py:3696} INFO - Setting next_dagrun for example_task_group to 2023-10-17T23:55:05.367754+00:00, run_after=2023-10-18T23:55:05.367754+00:00
[2023-10-18T23:55:05.421+0000] {processor.py:179} INFO - Processing /home/airflow/.local/lib/python3.8/site-packages/airflow/example_dags/example_task_group.py took 0.111 seconds
[2023-10-18T23:55:36.019+0000] {processor.py:157} INFO - Started process (PID=101) to work on /home/airflow/.local/lib/python3.8/site-packages/airflow/example_dags/example_task_group.py
[2023-10-18T23:55:36.020+0000] {processor.py:829} INFO - Processing file /home/airflow/.local/lib/python3.8/site-packages/airflow/example_dags/example_task_group.py for tasks to queue
[2023-10-18T23:55:36.022+0000] {logging_mixin.py:151} INFO - [2023-10-18T23:55:36.022+0000] {dagbag.py:539} INFO - Filling up the DagBag from /home/airflow/.local/lib/python3.8/site-packages/airflow/example_dags/example_task_group.py
[2023-10-18T23:55:36.027+0000] {processor.py:839} INFO - DAG(s) dict_keys(['example_task_group']) retrieved from /home/airflow/.local/lib/python3.8/site-packages/airflow/example_dags/example_task_group.py
[2023-10-18T23:55:36.041+0000] {logging_mixin.py:151} INFO - [2023-10-18T23:55:36.041+0000] {dag.py:2915} INFO - Sync 1 DAGs
[2023-10-18T23:55:36.055+0000] {logging_mixin.py:151} INFO - [2023-10-18T23:55:36.055+0000] {dag.py:3696} INFO - Setting next_dagrun for example_task_group to 2023-10-17T23:55:36.055324+00:00, run_after=2023-10-18T23:55:36.055324+00:00
[2023-10-18T23:55:36.067+0000] {processor.py:179} INFO - Processing /home/airflow/.local/lib/python3.8/site-packages/airflow/example_dags/example_task_group.py took 0.050 seconds
[2023-10-18T23:56:06.442+0000] {processor.py:157} INFO - Started process (PID=157) to work on /home/airflow/.local/lib/python3.8/site-packages/airflow/example_dags/example_task_group.py
[2023-10-18T23:56:06.443+0000] {processor.py:829} INFO - Processing file /home/airflow/.local/lib/python3.8/site-packages/airflow/example_dags/example_task_group.py for tasks to queue
[2023-10-18T23:56:06.445+0000] {logging_mixin.py:151} INFO - [2023-10-18T23:56:06.445+0000] {dagbag.py:539} INFO - Filling up the DagBag from /home/airflow/.local/lib/python3.8/site-packages/airflow/example_dags/example_task_group.py
[2023-10-18T23:56:06.450+0000] {processor.py:839} INFO - DAG(s) dict_keys(['example_task_group']) retrieved from /home/airflow/.local/lib/python3.8/site-packages/airflow/example_dags/example_task_group.py
[2023-10-18T23:56:06.466+0000] {logging_mixin.py:151} INFO - [2023-10-18T23:56:06.466+0000] {dag.py:2915} INFO - Sync 1 DAGs
[2023-10-18T23:56:06.488+0000] {logging_mixin.py:151} INFO - [2023-10-18T23:56:06.488+0000] {dag.py:3696} INFO - Setting next_dagrun for example_task_group to 2023-10-17T23:56:06.488411+00:00, run_after=2023-10-18T23:56:06.488411+00:00
[2023-10-18T23:56:06.506+0000] {processor.py:179} INFO - Processing /home/airflow/.local/lib/python3.8/site-packages/airflow/example_dags/example_task_group.py took 0.067 seconds
[2023-10-18T23:56:36.873+0000] {processor.py:157} INFO - Started process (PID=213) to work on /home/airflow/.local/lib/python3.8/site-packages/airflow/example_dags/example_task_group.py
[2023-10-18T23:56:36.875+0000] {processor.py:829} INFO - Processing file /home/airflow/.local/lib/python3.8/site-packages/airflow/example_dags/example_task_group.py for tasks to queue
[2023-10-18T23:56:36.877+0000] {logging_mixin.py:151} INFO - [2023-10-18T23:56:36.876+0000] {dagbag.py:539} INFO - Filling up the DagBag from /home/airflow/.local/lib/python3.8/site-packages/airflow/example_dags/example_task_group.py
[2023-10-18T23:56:36.882+0000] {processor.py:839} INFO - DAG(s) dict_keys(['example_task_group']) retrieved from /home/airflow/.local/lib/python3.8/site-packages/airflow/example_dags/example_task_group.py
[2023-10-18T23:56:36.899+0000] {logging_mixin.py:151} INFO - [2023-10-18T23:56:36.898+0000] {dag.py:2915} INFO - Sync 1 DAGs
[2023-10-18T23:56:36.913+0000] {logging_mixin.py:151} INFO - [2023-10-18T23:56:36.913+0000] {dag.py:3696} INFO - Setting next_dagrun for example_task_group to 2023-10-17T23:56:36.913288+00:00, run_after=2023-10-18T23:56:36.913288+00:00
[2023-10-18T23:56:36.925+0000] {processor.py:179} INFO - Processing /home/airflow/.local/lib/python3.8/site-packages/airflow/example_dags/example_task_group.py took 0.055 seconds
[2023-10-18T23:57:07.583+0000] {processor.py:157} INFO - Started process (PID=269) to work on /home/airflow/.local/lib/python3.8/site-packages/airflow/example_dags/example_task_group.py
[2023-10-18T23:57:07.584+0000] {processor.py:829} INFO - Processing file /home/airflow/.local/lib/python3.8/site-packages/airflow/example_dags/example_task_group.py for tasks to queue
[2023-10-18T23:57:07.587+0000] {logging_mixin.py:151} INFO - [2023-10-18T23:57:07.586+0000] {dagbag.py:539} INFO - Filling up the DagBag from /home/airflow/.local/lib/python3.8/site-packages/airflow/example_dags/example_task_group.py
[2023-10-18T23:57:07.592+0000] {processor.py:839} INFO - DAG(s) dict_keys(['example_task_group']) retrieved from /home/airflow/.local/lib/python3.8/site-packages/airflow/example_dags/example_task_group.py
[2023-10-18T23:57:07.608+0000] {logging_mixin.py:151} INFO - [2023-10-18T23:57:07.608+0000] {dag.py:2915} INFO - Sync 1 DAGs
[2023-10-18T23:57:07.623+0000] {logging_mixin.py:151} INFO - [2023-10-18T23:57:07.623+0000] {dag.py:3696} INFO - Setting next_dagrun for example_task_group to 2023-10-17T23:57:07.623434+00:00, run_after=2023-10-18T23:57:07.623434+00:00
[2023-10-18T23:57:07.643+0000] {processor.py:179} INFO - Processing /home/airflow/.local/lib/python3.8/site-packages/airflow/example_dags/example_task_group.py took 0.063 seconds
[2023-10-18T23:57:37.684+0000] {processor.py:157} INFO - Started process (PID=325) to work on /home/airflow/.local/lib/python3.8/site-packages/airflow/example_dags/example_task_group.py
[2023-10-18T23:57:37.685+0000] {processor.py:829} INFO - Processing file /home/airflow/.local/lib/python3.8/site-packages/airflow/example_dags/example_task_group.py for tasks to queue
[2023-10-18T23:57:37.686+0000] {logging_mixin.py:151} INFO - [2023-10-18T23:57:37.686+0000] {dagbag.py:539} INFO - Filling up the DagBag from /home/airflow/.local/lib/python3.8/site-packages/airflow/example_dags/example_task_group.py
[2023-10-18T23:57:37.692+0000] {processor.py:839} INFO - DAG(s) dict_keys(['example_task_group']) retrieved from /home/airflow/.local/lib/python3.8/site-packages/airflow/example_dags/example_task_group.py
[2023-10-18T23:57:37.709+0000] {logging_mixin.py:151} INFO - [2023-10-18T23:57:37.709+0000] {dag.py:2915} INFO - Sync 1 DAGs
[2023-10-18T23:57:37.724+0000] {logging_mixin.py:151} INFO - [2023-10-18T23:57:37.724+0000] {dag.py:3696} INFO - Setting next_dagrun for example_task_group to 2023-10-17T23:57:37.724466+00:00, run_after=2023-10-18T23:57:37.724466+00:00
[2023-10-18T23:57:37.739+0000] {processor.py:179} INFO - Processing /home/airflow/.local/lib/python3.8/site-packages/airflow/example_dags/example_task_group.py took 0.058 seconds
[2023-10-18T23:58:08.100+0000] {processor.py:157} INFO - Started process (PID=380) to work on /home/airflow/.local/lib/python3.8/site-packages/airflow/example_dags/example_task_group.py
[2023-10-18T23:58:08.101+0000] {processor.py:829} INFO - Processing file /home/airflow/.local/lib/python3.8/site-packages/airflow/example_dags/example_task_group.py for tasks to queue
[2023-10-18T23:58:08.102+0000] {logging_mixin.py:151} INFO - [2023-10-18T23:58:08.102+0000] {dagbag.py:539} INFO - Filling up the DagBag from /home/airflow/.local/lib/python3.8/site-packages/airflow/example_dags/example_task_group.py
[2023-10-18T23:58:08.107+0000] {processor.py:839} INFO - DAG(s) dict_keys(['example_task_group']) retrieved from /home/airflow/.local/lib/python3.8/site-packages/airflow/example_dags/example_task_group.py
[2023-10-18T23:58:08.123+0000] {logging_mixin.py:151} INFO - [2023-10-18T23:58:08.123+0000] {dag.py:2915} INFO - Sync 1 DAGs
[2023-10-18T23:58:08.137+0000] {logging_mixin.py:151} INFO - [2023-10-18T23:58:08.137+0000] {dag.py:3696} INFO - Setting next_dagrun for example_task_group to 2023-10-17T23:58:08.136920+00:00, run_after=2023-10-18T23:58:08.136920+00:00
[2023-10-18T23:58:08.149+0000] {processor.py:179} INFO - Processing /home/airflow/.local/lib/python3.8/site-packages/airflow/example_dags/example_task_group.py took 0.052 seconds
[2023-10-18T23:58:38.395+0000] {processor.py:157} INFO - Started process (PID=436) to work on /home/airflow/.local/lib/python3.8/site-packages/airflow/example_dags/example_task_group.py
[2023-10-18T23:58:38.398+0000] {processor.py:829} INFO - Processing file /home/airflow/.local/lib/python3.8/site-packages/airflow/example_dags/example_task_group.py for tasks to queue
[2023-10-18T23:58:38.400+0000] {logging_mixin.py:151} INFO - [2023-10-18T23:58:38.400+0000] {dagbag.py:539} INFO - Filling up the DagBag from /home/airflow/.local/lib/python3.8/site-packages/airflow/example_dags/example_task_group.py
[2023-10-18T23:58:38.405+0000] {processor.py:839} INFO - DAG(s) dict_keys(['example_task_group']) retrieved from /home/airflow/.local/lib/python3.8/site-packages/airflow/example_dags/example_task_group.py
[2023-10-18T23:58:38.420+0000] {logging_mixin.py:151} INFO - [2023-10-18T23:58:38.420+0000] {dag.py:2915} INFO - Sync 1 DAGs
[2023-10-18T23:58:38.434+0000] {logging_mixin.py:151} INFO - [2023-10-18T23:58:38.434+0000] {dag.py:3696} INFO - Setting next_dagrun for example_task_group to 2023-10-17T23:58:38.434530+00:00, run_after=2023-10-18T23:58:38.434530+00:00
[2023-10-18T23:58:38.445+0000] {processor.py:179} INFO - Processing /home/airflow/.local/lib/python3.8/site-packages/airflow/example_dags/example_task_group.py took 0.053 seconds
[2023-10-18T23:59:08.702+0000] {processor.py:157} INFO - Started process (PID=492) to work on /home/airflow/.local/lib/python3.8/site-packages/airflow/example_dags/example_task_group.py
[2023-10-18T23:59:08.703+0000] {processor.py:829} INFO - Processing file /home/airflow/.local/lib/python3.8/site-packages/airflow/example_dags/example_task_group.py for tasks to queue
[2023-10-18T23:59:08.704+0000] {logging_mixin.py:151} INFO - [2023-10-18T23:59:08.704+0000] {dagbag.py:539} INFO - Filling up the DagBag from /home/airflow/.local/lib/python3.8/site-packages/airflow/example_dags/example_task_group.py
[2023-10-18T23:59:08.710+0000] {processor.py:839} INFO - DAG(s) dict_keys(['example_task_group']) retrieved from /home/airflow/.local/lib/python3.8/site-packages/airflow/example_dags/example_task_group.py
[2023-10-18T23:59:08.725+0000] {logging_mixin.py:151} INFO - [2023-10-18T23:59:08.725+0000] {dag.py:2915} INFO - Sync 1 DAGs
[2023-10-18T23:59:08.739+0000] {logging_mixin.py:151} INFO - [2023-10-18T23:59:08.738+0000] {dag.py:3696} INFO - Setting next_dagrun for example_task_group to 2023-10-17T23:59:08.738698+00:00, run_after=2023-10-18T23:59:08.738698+00:00
[2023-10-18T23:59:08.749+0000] {processor.py:179} INFO - Processing /home/airflow/.local/lib/python3.8/site-packages/airflow/example_dags/example_task_group.py took 0.050 seconds
[2023-10-18T23:59:39.008+0000] {processor.py:157} INFO - Started process (PID=548) to work on /home/airflow/.local/lib/python3.8/site-packages/airflow/example_dags/example_task_group.py
[2023-10-18T23:59:39.011+0000] {processor.py:829} INFO - Processing file /home/airflow/.local/lib/python3.8/site-packages/airflow/example_dags/example_task_group.py for tasks to queue
[2023-10-18T23:59:39.013+0000] {logging_mixin.py:151} INFO - [2023-10-18T23:59:39.013+0000] {dagbag.py:539} INFO - Filling up the DagBag from /home/airflow/.local/lib/python3.8/site-packages/airflow/example_dags/example_task_group.py
[2023-10-18T23:59:39.019+0000] {processor.py:839} INFO - DAG(s) dict_keys(['example_task_group']) retrieved from /home/airflow/.local/lib/python3.8/site-packages/airflow/example_dags/example_task_group.py
[2023-10-18T23:59:39.038+0000] {logging_mixin.py:151} INFO - [2023-10-18T23:59:39.038+0000] {dag.py:2915} INFO - Sync 1 DAGs
[2023-10-18T23:59:39.053+0000] {logging_mixin.py:151} INFO - [2023-10-18T23:59:39.053+0000] {dag.py:3696} INFO - Setting next_dagrun for example_task_group to 2023-10-17T23:59:39.053456+00:00, run_after=2023-10-18T23:59:39.053456+00:00
[2023-10-18T23:59:39.066+0000] {processor.py:179} INFO - Processing /home/airflow/.local/lib/python3.8/site-packages/airflow/example_dags/example_task_group.py took 0.061 seconds
