[2023-10-18T23:55:05.500+0000] {processor.py:157} INFO - Started process (PID=48) to work on /home/airflow/.local/lib/python3.8/site-packages/airflow/example_dags/example_short_circuit_operator.py
[2023-10-18T23:55:05.501+0000] {processor.py:829} INFO - Processing file /home/airflow/.local/lib/python3.8/site-packages/airflow/example_dags/example_short_circuit_operator.py for tasks to queue
[2023-10-18T23:55:05.503+0000] {logging_mixin.py:151} INFO - [2023-10-18T23:55:05.503+0000] {dagbag.py:539} INFO - Filling up the DagBag from /home/airflow/.local/lib/python3.8/site-packages/airflow/example_dags/example_short_circuit_operator.py
[2023-10-18T23:55:05.514+0000] {processor.py:839} INFO - DAG(s) dict_keys(['example_short_circuit_operator']) retrieved from /home/airflow/.local/lib/python3.8/site-packages/airflow/example_dags/example_short_circuit_operator.py
[2023-10-18T23:55:05.544+0000] {logging_mixin.py:151} INFO - [2023-10-18T23:55:05.543+0000] {dag.py:2915} INFO - Sync 1 DAGs
[2023-10-18T23:55:05.567+0000] {logging_mixin.py:151} INFO - [2023-10-18T23:55:05.567+0000] {dag.py:3696} INFO - Setting next_dagrun for example_short_circuit_operator to 2023-10-17T23:55:05.566936+00:00, run_after=2023-10-18T23:55:05.566936+00:00
[2023-10-18T23:55:05.596+0000] {processor.py:179} INFO - Processing /home/airflow/.local/lib/python3.8/site-packages/airflow/example_dags/example_short_circuit_operator.py took 0.099 seconds
[2023-10-18T23:55:36.095+0000] {processor.py:157} INFO - Started process (PID=104) to work on /home/airflow/.local/lib/python3.8/site-packages/airflow/example_dags/example_short_circuit_operator.py
[2023-10-18T23:55:36.097+0000] {processor.py:829} INFO - Processing file /home/airflow/.local/lib/python3.8/site-packages/airflow/example_dags/example_short_circuit_operator.py for tasks to queue
[2023-10-18T23:55:36.100+0000] {logging_mixin.py:151} INFO - [2023-10-18T23:55:36.100+0000] {dagbag.py:539} INFO - Filling up the DagBag from /home/airflow/.local/lib/python3.8/site-packages/airflow/example_dags/example_short_circuit_operator.py
[2023-10-18T23:55:36.107+0000] {processor.py:839} INFO - DAG(s) dict_keys(['example_short_circuit_operator']) retrieved from /home/airflow/.local/lib/python3.8/site-packages/airflow/example_dags/example_short_circuit_operator.py
[2023-10-18T23:55:36.127+0000] {logging_mixin.py:151} INFO - [2023-10-18T23:55:36.127+0000] {dag.py:2915} INFO - Sync 1 DAGs
[2023-10-18T23:55:36.141+0000] {logging_mixin.py:151} INFO - [2023-10-18T23:55:36.141+0000] {dag.py:3696} INFO - Setting next_dagrun for example_short_circuit_operator to 2023-10-17T23:55:36.140839+00:00, run_after=2023-10-18T23:55:36.140839+00:00
[2023-10-18T23:55:36.152+0000] {processor.py:179} INFO - Processing /home/airflow/.local/lib/python3.8/site-packages/airflow/example_dags/example_short_circuit_operator.py took 0.060 seconds
[2023-10-18T23:56:06.603+0000] {processor.py:157} INFO - Started process (PID=160) to work on /home/airflow/.local/lib/python3.8/site-packages/airflow/example_dags/example_short_circuit_operator.py
[2023-10-18T23:56:06.604+0000] {processor.py:829} INFO - Processing file /home/airflow/.local/lib/python3.8/site-packages/airflow/example_dags/example_short_circuit_operator.py for tasks to queue
[2023-10-18T23:56:06.607+0000] {logging_mixin.py:151} INFO - [2023-10-18T23:56:06.606+0000] {dagbag.py:539} INFO - Filling up the DagBag from /home/airflow/.local/lib/python3.8/site-packages/airflow/example_dags/example_short_circuit_operator.py
[2023-10-18T23:56:06.613+0000] {processor.py:839} INFO - DAG(s) dict_keys(['example_short_circuit_operator']) retrieved from /home/airflow/.local/lib/python3.8/site-packages/airflow/example_dags/example_short_circuit_operator.py
[2023-10-18T23:56:06.632+0000] {logging_mixin.py:151} INFO - [2023-10-18T23:56:06.632+0000] {dag.py:2915} INFO - Sync 1 DAGs
[2023-10-18T23:56:06.646+0000] {logging_mixin.py:151} INFO - [2023-10-18T23:56:06.646+0000] {dag.py:3696} INFO - Setting next_dagrun for example_short_circuit_operator to 2023-10-17T23:56:06.646628+00:00, run_after=2023-10-18T23:56:06.646628+00:00
[2023-10-18T23:56:06.658+0000] {processor.py:179} INFO - Processing /home/airflow/.local/lib/python3.8/site-packages/airflow/example_dags/example_short_circuit_operator.py took 0.059 seconds
[2023-10-18T23:56:37.087+0000] {processor.py:157} INFO - Started process (PID=216) to work on /home/airflow/.local/lib/python3.8/site-packages/airflow/example_dags/example_short_circuit_operator.py
[2023-10-18T23:56:37.088+0000] {processor.py:829} INFO - Processing file /home/airflow/.local/lib/python3.8/site-packages/airflow/example_dags/example_short_circuit_operator.py for tasks to queue
[2023-10-18T23:56:37.090+0000] {logging_mixin.py:151} INFO - [2023-10-18T23:56:37.090+0000] {dagbag.py:539} INFO - Filling up the DagBag from /home/airflow/.local/lib/python3.8/site-packages/airflow/example_dags/example_short_circuit_operator.py
[2023-10-18T23:56:37.096+0000] {processor.py:839} INFO - DAG(s) dict_keys(['example_short_circuit_operator']) retrieved from /home/airflow/.local/lib/python3.8/site-packages/airflow/example_dags/example_short_circuit_operator.py
[2023-10-18T23:56:37.113+0000] {logging_mixin.py:151} INFO - [2023-10-18T23:56:37.112+0000] {dag.py:2915} INFO - Sync 1 DAGs
[2023-10-18T23:56:37.126+0000] {logging_mixin.py:151} INFO - [2023-10-18T23:56:37.126+0000] {dag.py:3696} INFO - Setting next_dagrun for example_short_circuit_operator to 2023-10-17T23:56:37.126253+00:00, run_after=2023-10-18T23:56:37.126253+00:00
[2023-10-18T23:56:37.137+0000] {processor.py:179} INFO - Processing /home/airflow/.local/lib/python3.8/site-packages/airflow/example_dags/example_short_circuit_operator.py took 0.053 seconds
[2023-10-18T23:57:07.684+0000] {processor.py:157} INFO - Started process (PID=272) to work on /home/airflow/.local/lib/python3.8/site-packages/airflow/example_dags/example_short_circuit_operator.py
[2023-10-18T23:57:07.685+0000] {processor.py:829} INFO - Processing file /home/airflow/.local/lib/python3.8/site-packages/airflow/example_dags/example_short_circuit_operator.py for tasks to queue
[2023-10-18T23:57:07.687+0000] {logging_mixin.py:151} INFO - [2023-10-18T23:57:07.687+0000] {dagbag.py:539} INFO - Filling up the DagBag from /home/airflow/.local/lib/python3.8/site-packages/airflow/example_dags/example_short_circuit_operator.py
[2023-10-18T23:57:07.693+0000] {processor.py:839} INFO - DAG(s) dict_keys(['example_short_circuit_operator']) retrieved from /home/airflow/.local/lib/python3.8/site-packages/airflow/example_dags/example_short_circuit_operator.py
[2023-10-18T23:57:07.719+0000] {logging_mixin.py:151} INFO - [2023-10-18T23:57:07.718+0000] {dag.py:2915} INFO - Sync 1 DAGs
[2023-10-18T23:57:07.739+0000] {logging_mixin.py:151} INFO - [2023-10-18T23:57:07.739+0000] {dag.py:3696} INFO - Setting next_dagrun for example_short_circuit_operator to 2023-10-17T23:57:07.739185+00:00, run_after=2023-10-18T23:57:07.739185+00:00
[2023-10-18T23:57:07.753+0000] {processor.py:179} INFO - Processing /home/airflow/.local/lib/python3.8/site-packages/airflow/example_dags/example_short_circuit_operator.py took 0.072 seconds
[2023-10-18T23:57:37.878+0000] {processor.py:157} INFO - Started process (PID=328) to work on /home/airflow/.local/lib/python3.8/site-packages/airflow/example_dags/example_short_circuit_operator.py
[2023-10-18T23:57:37.879+0000] {processor.py:829} INFO - Processing file /home/airflow/.local/lib/python3.8/site-packages/airflow/example_dags/example_short_circuit_operator.py for tasks to queue
[2023-10-18T23:57:37.881+0000] {logging_mixin.py:151} INFO - [2023-10-18T23:57:37.880+0000] {dagbag.py:539} INFO - Filling up the DagBag from /home/airflow/.local/lib/python3.8/site-packages/airflow/example_dags/example_short_circuit_operator.py
[2023-10-18T23:57:37.886+0000] {processor.py:839} INFO - DAG(s) dict_keys(['example_short_circuit_operator']) retrieved from /home/airflow/.local/lib/python3.8/site-packages/airflow/example_dags/example_short_circuit_operator.py
[2023-10-18T23:57:37.902+0000] {logging_mixin.py:151} INFO - [2023-10-18T23:57:37.902+0000] {dag.py:2915} INFO - Sync 1 DAGs
[2023-10-18T23:57:37.917+0000] {logging_mixin.py:151} INFO - [2023-10-18T23:57:37.917+0000] {dag.py:3696} INFO - Setting next_dagrun for example_short_circuit_operator to 2023-10-17T23:57:37.916902+00:00, run_after=2023-10-18T23:57:37.916902+00:00
[2023-10-18T23:57:37.929+0000] {processor.py:179} INFO - Processing /home/airflow/.local/lib/python3.8/site-packages/airflow/example_dags/example_short_circuit_operator.py took 0.054 seconds
[2023-10-18T23:58:08.294+0000] {processor.py:157} INFO - Started process (PID=384) to work on /home/airflow/.local/lib/python3.8/site-packages/airflow/example_dags/example_short_circuit_operator.py
[2023-10-18T23:58:08.295+0000] {processor.py:829} INFO - Processing file /home/airflow/.local/lib/python3.8/site-packages/airflow/example_dags/example_short_circuit_operator.py for tasks to queue
[2023-10-18T23:58:08.297+0000] {logging_mixin.py:151} INFO - [2023-10-18T23:58:08.297+0000] {dagbag.py:539} INFO - Filling up the DagBag from /home/airflow/.local/lib/python3.8/site-packages/airflow/example_dags/example_short_circuit_operator.py
[2023-10-18T23:58:08.303+0000] {processor.py:839} INFO - DAG(s) dict_keys(['example_short_circuit_operator']) retrieved from /home/airflow/.local/lib/python3.8/site-packages/airflow/example_dags/example_short_circuit_operator.py
[2023-10-18T23:58:08.319+0000] {logging_mixin.py:151} INFO - [2023-10-18T23:58:08.319+0000] {dag.py:2915} INFO - Sync 1 DAGs
[2023-10-18T23:58:08.331+0000] {logging_mixin.py:151} INFO - [2023-10-18T23:58:08.331+0000] {dag.py:3696} INFO - Setting next_dagrun for example_short_circuit_operator to 2023-10-17T23:58:08.331524+00:00, run_after=2023-10-18T23:58:08.331524+00:00
[2023-10-18T23:58:08.342+0000] {processor.py:179} INFO - Processing /home/airflow/.local/lib/python3.8/site-packages/airflow/example_dags/example_short_circuit_operator.py took 0.050 seconds
[2023-10-18T23:58:38.532+0000] {processor.py:157} INFO - Started process (PID=440) to work on /home/airflow/.local/lib/python3.8/site-packages/airflow/example_dags/example_short_circuit_operator.py
[2023-10-18T23:58:38.533+0000] {processor.py:829} INFO - Processing file /home/airflow/.local/lib/python3.8/site-packages/airflow/example_dags/example_short_circuit_operator.py for tasks to queue
[2023-10-18T23:58:38.534+0000] {logging_mixin.py:151} INFO - [2023-10-18T23:58:38.534+0000] {dagbag.py:539} INFO - Filling up the DagBag from /home/airflow/.local/lib/python3.8/site-packages/airflow/example_dags/example_short_circuit_operator.py
[2023-10-18T23:58:38.540+0000] {processor.py:839} INFO - DAG(s) dict_keys(['example_short_circuit_operator']) retrieved from /home/airflow/.local/lib/python3.8/site-packages/airflow/example_dags/example_short_circuit_operator.py
[2023-10-18T23:58:38.558+0000] {logging_mixin.py:151} INFO - [2023-10-18T23:58:38.558+0000] {dag.py:2915} INFO - Sync 1 DAGs
[2023-10-18T23:58:38.575+0000] {logging_mixin.py:151} INFO - [2023-10-18T23:58:38.574+0000] {dag.py:3696} INFO - Setting next_dagrun for example_short_circuit_operator to 2023-10-17T23:58:38.574748+00:00, run_after=2023-10-18T23:58:38.574748+00:00
[2023-10-18T23:58:38.587+0000] {processor.py:179} INFO - Processing /home/airflow/.local/lib/python3.8/site-packages/airflow/example_dags/example_short_circuit_operator.py took 0.059 seconds
[2023-10-18T23:59:08.792+0000] {processor.py:157} INFO - Started process (PID=495) to work on /home/airflow/.local/lib/python3.8/site-packages/airflow/example_dags/example_short_circuit_operator.py
[2023-10-18T23:59:08.793+0000] {processor.py:829} INFO - Processing file /home/airflow/.local/lib/python3.8/site-packages/airflow/example_dags/example_short_circuit_operator.py for tasks to queue
[2023-10-18T23:59:08.795+0000] {logging_mixin.py:151} INFO - [2023-10-18T23:59:08.795+0000] {dagbag.py:539} INFO - Filling up the DagBag from /home/airflow/.local/lib/python3.8/site-packages/airflow/example_dags/example_short_circuit_operator.py
[2023-10-18T23:59:08.800+0000] {processor.py:839} INFO - DAG(s) dict_keys(['example_short_circuit_operator']) retrieved from /home/airflow/.local/lib/python3.8/site-packages/airflow/example_dags/example_short_circuit_operator.py
[2023-10-18T23:59:08.816+0000] {logging_mixin.py:151} INFO - [2023-10-18T23:59:08.816+0000] {dag.py:2915} INFO - Sync 1 DAGs
[2023-10-18T23:59:08.830+0000] {logging_mixin.py:151} INFO - [2023-10-18T23:59:08.830+0000] {dag.py:3696} INFO - Setting next_dagrun for example_short_circuit_operator to 2023-10-17T23:59:08.830373+00:00, run_after=2023-10-18T23:59:08.830373+00:00
[2023-10-18T23:59:08.840+0000] {processor.py:179} INFO - Processing /home/airflow/.local/lib/python3.8/site-packages/airflow/example_dags/example_short_circuit_operator.py took 0.051 seconds
[2023-10-18T23:59:39.119+0000] {processor.py:157} INFO - Started process (PID=551) to work on /home/airflow/.local/lib/python3.8/site-packages/airflow/example_dags/example_short_circuit_operator.py
[2023-10-18T23:59:39.120+0000] {processor.py:829} INFO - Processing file /home/airflow/.local/lib/python3.8/site-packages/airflow/example_dags/example_short_circuit_operator.py for tasks to queue
[2023-10-18T23:59:39.122+0000] {logging_mixin.py:151} INFO - [2023-10-18T23:59:39.122+0000] {dagbag.py:539} INFO - Filling up the DagBag from /home/airflow/.local/lib/python3.8/site-packages/airflow/example_dags/example_short_circuit_operator.py
[2023-10-18T23:59:39.130+0000] {processor.py:839} INFO - DAG(s) dict_keys(['example_short_circuit_operator']) retrieved from /home/airflow/.local/lib/python3.8/site-packages/airflow/example_dags/example_short_circuit_operator.py
[2023-10-18T23:59:39.151+0000] {logging_mixin.py:151} INFO - [2023-10-18T23:59:39.151+0000] {dag.py:2915} INFO - Sync 1 DAGs
[2023-10-18T23:59:39.167+0000] {logging_mixin.py:151} INFO - [2023-10-18T23:59:39.167+0000] {dag.py:3696} INFO - Setting next_dagrun for example_short_circuit_operator to 2023-10-17T23:59:39.167233+00:00, run_after=2023-10-18T23:59:39.167233+00:00
[2023-10-18T23:59:39.181+0000] {processor.py:179} INFO - Processing /home/airflow/.local/lib/python3.8/site-packages/airflow/example_dags/example_short_circuit_operator.py took 0.065 seconds
