[2023-10-18T23:55:04.580+0000] {processor.py:157} INFO - Started process (PID=36) to work on /home/airflow/.local/lib/python3.8/site-packages/airflow/example_dags/example_python_operator.py
[2023-10-18T23:55:04.581+0000] {processor.py:829} INFO - Processing file /home/airflow/.local/lib/python3.8/site-packages/airflow/example_dags/example_python_operator.py for tasks to queue
[2023-10-18T23:55:04.582+0000] {logging_mixin.py:151} INFO - [2023-10-18T23:55:04.582+0000] {dagbag.py:539} INFO - Filling up the DagBag from /home/airflow/.local/lib/python3.8/site-packages/airflow/example_dags/example_python_operator.py
[2023-10-18T23:55:04.592+0000] {processor.py:839} INFO - DAG(s) dict_keys(['example_python_operator']) retrieved from /home/airflow/.local/lib/python3.8/site-packages/airflow/example_dags/example_python_operator.py
[2023-10-18T23:55:04.689+0000] {logging_mixin.py:151} INFO - [2023-10-18T23:55:04.688+0000] {security.py:708} INFO - Not syncing DAG-level permissions for DAG 'DAG:example_python_operator' as access control is unset.
[2023-10-18T23:55:04.689+0000] {logging_mixin.py:151} INFO - [2023-10-18T23:55:04.689+0000] {dag.py:2915} INFO - Sync 1 DAGs
[2023-10-18T23:55:04.697+0000] {logging_mixin.py:151} INFO - [2023-10-18T23:55:04.697+0000] {dag.py:3696} INFO - Setting next_dagrun for example_python_operator to None, run_after=None
[2023-10-18T23:55:04.710+0000] {processor.py:179} INFO - Processing /home/airflow/.local/lib/python3.8/site-packages/airflow/example_dags/example_python_operator.py took 0.134 seconds
[2023-10-18T23:55:35.525+0000] {processor.py:157} INFO - Started process (PID=92) to work on /home/airflow/.local/lib/python3.8/site-packages/airflow/example_dags/example_python_operator.py
[2023-10-18T23:55:35.527+0000] {processor.py:829} INFO - Processing file /home/airflow/.local/lib/python3.8/site-packages/airflow/example_dags/example_python_operator.py for tasks to queue
[2023-10-18T23:55:35.529+0000] {logging_mixin.py:151} INFO - [2023-10-18T23:55:35.528+0000] {dagbag.py:539} INFO - Filling up the DagBag from /home/airflow/.local/lib/python3.8/site-packages/airflow/example_dags/example_python_operator.py
[2023-10-18T23:55:35.541+0000] {processor.py:839} INFO - DAG(s) dict_keys(['example_python_operator']) retrieved from /home/airflow/.local/lib/python3.8/site-packages/airflow/example_dags/example_python_operator.py
[2023-10-18T23:55:35.564+0000] {logging_mixin.py:151} INFO - [2023-10-18T23:55:35.563+0000] {dag.py:2915} INFO - Sync 1 DAGs
[2023-10-18T23:55:35.576+0000] {logging_mixin.py:151} INFO - [2023-10-18T23:55:35.575+0000] {dag.py:3696} INFO - Setting next_dagrun for example_python_operator to None, run_after=None
[2023-10-18T23:55:35.596+0000] {processor.py:179} INFO - Processing /home/airflow/.local/lib/python3.8/site-packages/airflow/example_dags/example_python_operator.py took 0.075 seconds
[2023-10-18T23:56:05.998+0000] {processor.py:157} INFO - Started process (PID=148) to work on /home/airflow/.local/lib/python3.8/site-packages/airflow/example_dags/example_python_operator.py
[2023-10-18T23:56:06.000+0000] {processor.py:829} INFO - Processing file /home/airflow/.local/lib/python3.8/site-packages/airflow/example_dags/example_python_operator.py for tasks to queue
[2023-10-18T23:56:06.002+0000] {logging_mixin.py:151} INFO - [2023-10-18T23:56:06.002+0000] {dagbag.py:539} INFO - Filling up the DagBag from /home/airflow/.local/lib/python3.8/site-packages/airflow/example_dags/example_python_operator.py
[2023-10-18T23:56:06.020+0000] {processor.py:839} INFO - DAG(s) dict_keys(['example_python_operator']) retrieved from /home/airflow/.local/lib/python3.8/site-packages/airflow/example_dags/example_python_operator.py
[2023-10-18T23:56:06.043+0000] {logging_mixin.py:151} INFO - [2023-10-18T23:56:06.043+0000] {dag.py:2915} INFO - Sync 1 DAGs
[2023-10-18T23:56:06.053+0000] {logging_mixin.py:151} INFO - [2023-10-18T23:56:06.053+0000] {dag.py:3696} INFO - Setting next_dagrun for example_python_operator to None, run_after=None
[2023-10-18T23:56:06.066+0000] {processor.py:179} INFO - Processing /home/airflow/.local/lib/python3.8/site-packages/airflow/example_dags/example_python_operator.py took 0.072 seconds
[2023-10-18T23:56:36.506+0000] {processor.py:157} INFO - Started process (PID=204) to work on /home/airflow/.local/lib/python3.8/site-packages/airflow/example_dags/example_python_operator.py
[2023-10-18T23:56:36.507+0000] {processor.py:829} INFO - Processing file /home/airflow/.local/lib/python3.8/site-packages/airflow/example_dags/example_python_operator.py for tasks to queue
[2023-10-18T23:56:36.509+0000] {logging_mixin.py:151} INFO - [2023-10-18T23:56:36.508+0000] {dagbag.py:539} INFO - Filling up the DagBag from /home/airflow/.local/lib/python3.8/site-packages/airflow/example_dags/example_python_operator.py
[2023-10-18T23:56:36.519+0000] {processor.py:839} INFO - DAG(s) dict_keys(['example_python_operator']) retrieved from /home/airflow/.local/lib/python3.8/site-packages/airflow/example_dags/example_python_operator.py
[2023-10-18T23:56:36.540+0000] {logging_mixin.py:151} INFO - [2023-10-18T23:56:36.539+0000] {dag.py:2915} INFO - Sync 1 DAGs
[2023-10-18T23:56:36.550+0000] {logging_mixin.py:151} INFO - [2023-10-18T23:56:36.550+0000] {dag.py:3696} INFO - Setting next_dagrun for example_python_operator to None, run_after=None
[2023-10-18T23:56:36.563+0000] {processor.py:179} INFO - Processing /home/airflow/.local/lib/python3.8/site-packages/airflow/example_dags/example_python_operator.py took 0.060 seconds
[2023-10-18T23:57:06.825+0000] {processor.py:157} INFO - Started process (PID=260) to work on /home/airflow/.local/lib/python3.8/site-packages/airflow/example_dags/example_python_operator.py
[2023-10-18T23:57:06.828+0000] {processor.py:829} INFO - Processing file /home/airflow/.local/lib/python3.8/site-packages/airflow/example_dags/example_python_operator.py for tasks to queue
[2023-10-18T23:57:06.833+0000] {logging_mixin.py:151} INFO - [2023-10-18T23:57:06.832+0000] {dagbag.py:539} INFO - Filling up the DagBag from /home/airflow/.local/lib/python3.8/site-packages/airflow/example_dags/example_python_operator.py
[2023-10-18T23:57:06.855+0000] {processor.py:839} INFO - DAG(s) dict_keys(['example_python_operator']) retrieved from /home/airflow/.local/lib/python3.8/site-packages/airflow/example_dags/example_python_operator.py
[2023-10-18T23:57:06.898+0000] {logging_mixin.py:151} INFO - [2023-10-18T23:57:06.898+0000] {dag.py:2915} INFO - Sync 1 DAGs
[2023-10-18T23:57:06.912+0000] {logging_mixin.py:151} INFO - [2023-10-18T23:57:06.912+0000] {dag.py:3696} INFO - Setting next_dagrun for example_python_operator to None, run_after=None
[2023-10-18T23:57:06.929+0000] {processor.py:179} INFO - Processing /home/airflow/.local/lib/python3.8/site-packages/airflow/example_dags/example_python_operator.py took 0.114 seconds
[2023-10-18T23:57:37.251+0000] {processor.py:157} INFO - Started process (PID=316) to work on /home/airflow/.local/lib/python3.8/site-packages/airflow/example_dags/example_python_operator.py
[2023-10-18T23:57:37.252+0000] {processor.py:829} INFO - Processing file /home/airflow/.local/lib/python3.8/site-packages/airflow/example_dags/example_python_operator.py for tasks to queue
[2023-10-18T23:57:37.254+0000] {logging_mixin.py:151} INFO - [2023-10-18T23:57:37.254+0000] {dagbag.py:539} INFO - Filling up the DagBag from /home/airflow/.local/lib/python3.8/site-packages/airflow/example_dags/example_python_operator.py
[2023-10-18T23:57:37.268+0000] {processor.py:839} INFO - DAG(s) dict_keys(['example_python_operator']) retrieved from /home/airflow/.local/lib/python3.8/site-packages/airflow/example_dags/example_python_operator.py
[2023-10-18T23:57:37.289+0000] {logging_mixin.py:151} INFO - [2023-10-18T23:57:37.288+0000] {dag.py:2915} INFO - Sync 1 DAGs
[2023-10-18T23:57:37.299+0000] {logging_mixin.py:151} INFO - [2023-10-18T23:57:37.299+0000] {dag.py:3696} INFO - Setting next_dagrun for example_python_operator to None, run_after=None
[2023-10-18T23:57:37.313+0000] {processor.py:179} INFO - Processing /home/airflow/.local/lib/python3.8/site-packages/airflow/example_dags/example_python_operator.py took 0.066 seconds
[2023-10-18T23:58:07.801+0000] {processor.py:157} INFO - Started process (PID=372) to work on /home/airflow/.local/lib/python3.8/site-packages/airflow/example_dags/example_python_operator.py
[2023-10-18T23:58:07.802+0000] {processor.py:829} INFO - Processing file /home/airflow/.local/lib/python3.8/site-packages/airflow/example_dags/example_python_operator.py for tasks to queue
[2023-10-18T23:58:07.804+0000] {logging_mixin.py:151} INFO - [2023-10-18T23:58:07.804+0000] {dagbag.py:539} INFO - Filling up the DagBag from /home/airflow/.local/lib/python3.8/site-packages/airflow/example_dags/example_python_operator.py
[2023-10-18T23:58:07.813+0000] {processor.py:839} INFO - DAG(s) dict_keys(['example_python_operator']) retrieved from /home/airflow/.local/lib/python3.8/site-packages/airflow/example_dags/example_python_operator.py
[2023-10-18T23:58:07.830+0000] {logging_mixin.py:151} INFO - [2023-10-18T23:58:07.830+0000] {dag.py:2915} INFO - Sync 1 DAGs
[2023-10-18T23:58:07.838+0000] {logging_mixin.py:151} INFO - [2023-10-18T23:58:07.837+0000] {dag.py:3696} INFO - Setting next_dagrun for example_python_operator to None, run_after=None
[2023-10-18T23:58:07.848+0000] {processor.py:179} INFO - Processing /home/airflow/.local/lib/python3.8/site-packages/airflow/example_dags/example_python_operator.py took 0.051 seconds
[2023-10-18T23:58:38.072+0000] {processor.py:157} INFO - Started process (PID=428) to work on /home/airflow/.local/lib/python3.8/site-packages/airflow/example_dags/example_python_operator.py
[2023-10-18T23:58:38.074+0000] {processor.py:829} INFO - Processing file /home/airflow/.local/lib/python3.8/site-packages/airflow/example_dags/example_python_operator.py for tasks to queue
[2023-10-18T23:58:38.076+0000] {logging_mixin.py:151} INFO - [2023-10-18T23:58:38.076+0000] {dagbag.py:539} INFO - Filling up the DagBag from /home/airflow/.local/lib/python3.8/site-packages/airflow/example_dags/example_python_operator.py
[2023-10-18T23:58:38.089+0000] {processor.py:839} INFO - DAG(s) dict_keys(['example_python_operator']) retrieved from /home/airflow/.local/lib/python3.8/site-packages/airflow/example_dags/example_python_operator.py
[2023-10-18T23:58:38.112+0000] {logging_mixin.py:151} INFO - [2023-10-18T23:58:38.112+0000] {dag.py:2915} INFO - Sync 1 DAGs
[2023-10-18T23:58:38.123+0000] {logging_mixin.py:151} INFO - [2023-10-18T23:58:38.123+0000] {dag.py:3696} INFO - Setting next_dagrun for example_python_operator to None, run_after=None
[2023-10-18T23:58:38.136+0000] {processor.py:179} INFO - Processing /home/airflow/.local/lib/python3.8/site-packages/airflow/example_dags/example_python_operator.py took 0.068 seconds
[2023-10-18T23:59:08.392+0000] {processor.py:157} INFO - Started process (PID=484) to work on /home/airflow/.local/lib/python3.8/site-packages/airflow/example_dags/example_python_operator.py
[2023-10-18T23:59:08.394+0000] {processor.py:829} INFO - Processing file /home/airflow/.local/lib/python3.8/site-packages/airflow/example_dags/example_python_operator.py for tasks to queue
[2023-10-18T23:59:08.396+0000] {logging_mixin.py:151} INFO - [2023-10-18T23:59:08.395+0000] {dagbag.py:539} INFO - Filling up the DagBag from /home/airflow/.local/lib/python3.8/site-packages/airflow/example_dags/example_python_operator.py
[2023-10-18T23:59:08.404+0000] {processor.py:839} INFO - DAG(s) dict_keys(['example_python_operator']) retrieved from /home/airflow/.local/lib/python3.8/site-packages/airflow/example_dags/example_python_operator.py
[2023-10-18T23:59:08.422+0000] {logging_mixin.py:151} INFO - [2023-10-18T23:59:08.422+0000] {dag.py:2915} INFO - Sync 1 DAGs
[2023-10-18T23:59:08.431+0000] {logging_mixin.py:151} INFO - [2023-10-18T23:59:08.431+0000] {dag.py:3696} INFO - Setting next_dagrun for example_python_operator to None, run_after=None
[2023-10-18T23:59:08.442+0000] {processor.py:179} INFO - Processing /home/airflow/.local/lib/python3.8/site-packages/airflow/example_dags/example_python_operator.py took 0.053 seconds
[2023-10-18T23:59:38.640+0000] {processor.py:157} INFO - Started process (PID=540) to work on /home/airflow/.local/lib/python3.8/site-packages/airflow/example_dags/example_python_operator.py
[2023-10-18T23:59:38.641+0000] {processor.py:829} INFO - Processing file /home/airflow/.local/lib/python3.8/site-packages/airflow/example_dags/example_python_operator.py for tasks to queue
[2023-10-18T23:59:38.643+0000] {logging_mixin.py:151} INFO - [2023-10-18T23:59:38.643+0000] {dagbag.py:539} INFO - Filling up the DagBag from /home/airflow/.local/lib/python3.8/site-packages/airflow/example_dags/example_python_operator.py
[2023-10-18T23:59:38.657+0000] {processor.py:839} INFO - DAG(s) dict_keys(['example_python_operator']) retrieved from /home/airflow/.local/lib/python3.8/site-packages/airflow/example_dags/example_python_operator.py
[2023-10-18T23:59:38.682+0000] {logging_mixin.py:151} INFO - [2023-10-18T23:59:38.682+0000] {dag.py:2915} INFO - Sync 1 DAGs
[2023-10-18T23:59:38.693+0000] {logging_mixin.py:151} INFO - [2023-10-18T23:59:38.693+0000] {dag.py:3696} INFO - Setting next_dagrun for example_python_operator to None, run_after=None
[2023-10-18T23:59:38.726+0000] {processor.py:179} INFO - Processing /home/airflow/.local/lib/python3.8/site-packages/airflow/example_dags/example_python_operator.py took 0.089 seconds
