[2023-10-18T23:55:07.805+0000] {processor.py:157} INFO - Started process (PID=72) to work on /home/airflow/.local/lib/python3.8/site-packages/airflow/example_dags/example_branch_datetime_operator.py
[2023-10-18T23:55:07.807+0000] {processor.py:829} INFO - Processing file /home/airflow/.local/lib/python3.8/site-packages/airflow/example_dags/example_branch_datetime_operator.py for tasks to queue
[2023-10-18T23:55:07.811+0000] {logging_mixin.py:151} INFO - [2023-10-18T23:55:07.810+0000] {dagbag.py:539} INFO - Filling up the DagBag from /home/airflow/.local/lib/python3.8/site-packages/airflow/example_dags/example_branch_datetime_operator.py
[2023-10-18T23:55:07.822+0000] {processor.py:839} INFO - DAG(s) dict_keys(['example_branch_datetime_operator', 'example_branch_datetime_operator_2', 'example_branch_datetime_operator_3']) retrieved from /home/airflow/.local/lib/python3.8/site-packages/airflow/example_dags/example_branch_datetime_operator.py
[2023-10-18T23:55:07.851+0000] {logging_mixin.py:151} INFO - [2023-10-18T23:55:07.851+0000] {dag.py:2915} INFO - Sync 3 DAGs
[2023-10-18T23:55:07.881+0000] {logging_mixin.py:151} INFO - [2023-10-18T23:55:07.881+0000] {dag.py:3696} INFO - Setting next_dagrun for example_branch_datetime_operator to 2023-10-17T00:00:00+00:00, run_after=2023-10-18T00:00:00+00:00
[2023-10-18T23:55:07.885+0000] {logging_mixin.py:151} INFO - [2023-10-18T23:55:07.884+0000] {dag.py:3696} INFO - Setting next_dagrun for example_branch_datetime_operator_2 to 2023-10-17T00:00:00+00:00, run_after=2023-10-18T00:00:00+00:00
[2023-10-18T23:55:07.887+0000] {logging_mixin.py:151} INFO - [2023-10-18T23:55:07.887+0000] {dag.py:3696} INFO - Setting next_dagrun for example_branch_datetime_operator_3 to 2023-10-17T00:00:00+00:00, run_after=2023-10-18T00:00:00+00:00
[2023-10-18T23:55:07.908+0000] {processor.py:179} INFO - Processing /home/airflow/.local/lib/python3.8/site-packages/airflow/example_dags/example_branch_datetime_operator.py took 0.108 seconds
[2023-10-18T23:55:38.273+0000] {processor.py:157} INFO - Started process (PID=128) to work on /home/airflow/.local/lib/python3.8/site-packages/airflow/example_dags/example_branch_datetime_operator.py
[2023-10-18T23:55:38.274+0000] {processor.py:829} INFO - Processing file /home/airflow/.local/lib/python3.8/site-packages/airflow/example_dags/example_branch_datetime_operator.py for tasks to queue
[2023-10-18T23:55:38.276+0000] {logging_mixin.py:151} INFO - [2023-10-18T23:55:38.275+0000] {dagbag.py:539} INFO - Filling up the DagBag from /home/airflow/.local/lib/python3.8/site-packages/airflow/example_dags/example_branch_datetime_operator.py
[2023-10-18T23:55:38.282+0000] {processor.py:839} INFO - DAG(s) dict_keys(['example_branch_datetime_operator_2', 'example_branch_datetime_operator_3', 'example_branch_datetime_operator']) retrieved from /home/airflow/.local/lib/python3.8/site-packages/airflow/example_dags/example_branch_datetime_operator.py
[2023-10-18T23:55:38.301+0000] {logging_mixin.py:151} INFO - [2023-10-18T23:55:38.301+0000] {dag.py:2915} INFO - Sync 3 DAGs
[2023-10-18T23:55:38.316+0000] {logging_mixin.py:151} INFO - [2023-10-18T23:55:38.316+0000] {dag.py:3696} INFO - Setting next_dagrun for example_branch_datetime_operator to 2023-10-17T00:00:00+00:00, run_after=2023-10-18T00:00:00+00:00
[2023-10-18T23:55:38.319+0000] {logging_mixin.py:151} INFO - [2023-10-18T23:55:38.319+0000] {dag.py:3696} INFO - Setting next_dagrun for example_branch_datetime_operator_2 to 2023-10-17T00:00:00+00:00, run_after=2023-10-18T00:00:00+00:00
[2023-10-18T23:55:38.321+0000] {logging_mixin.py:151} INFO - [2023-10-18T23:55:38.321+0000] {dag.py:3696} INFO - Setting next_dagrun for example_branch_datetime_operator_3 to 2023-10-17T00:00:00+00:00, run_after=2023-10-18T00:00:00+00:00
[2023-10-18T23:55:38.331+0000] {processor.py:179} INFO - Processing /home/airflow/.local/lib/python3.8/site-packages/airflow/example_dags/example_branch_datetime_operator.py took 0.061 seconds
[2023-10-18T23:56:08.790+0000] {processor.py:157} INFO - Started process (PID=184) to work on /home/airflow/.local/lib/python3.8/site-packages/airflow/example_dags/example_branch_datetime_operator.py
[2023-10-18T23:56:08.791+0000] {processor.py:829} INFO - Processing file /home/airflow/.local/lib/python3.8/site-packages/airflow/example_dags/example_branch_datetime_operator.py for tasks to queue
[2023-10-18T23:56:08.793+0000] {logging_mixin.py:151} INFO - [2023-10-18T23:56:08.793+0000] {dagbag.py:539} INFO - Filling up the DagBag from /home/airflow/.local/lib/python3.8/site-packages/airflow/example_dags/example_branch_datetime_operator.py
[2023-10-18T23:56:08.800+0000] {processor.py:839} INFO - DAG(s) dict_keys(['example_branch_datetime_operator_3', 'example_branch_datetime_operator_2', 'example_branch_datetime_operator']) retrieved from /home/airflow/.local/lib/python3.8/site-packages/airflow/example_dags/example_branch_datetime_operator.py
[2023-10-18T23:56:08.819+0000] {logging_mixin.py:151} INFO - [2023-10-18T23:56:08.818+0000] {dag.py:2915} INFO - Sync 3 DAGs
[2023-10-18T23:56:08.834+0000] {logging_mixin.py:151} INFO - [2023-10-18T23:56:08.833+0000] {dag.py:3696} INFO - Setting next_dagrun for example_branch_datetime_operator to 2023-10-17T00:00:00+00:00, run_after=2023-10-18T00:00:00+00:00
[2023-10-18T23:56:08.836+0000] {logging_mixin.py:151} INFO - [2023-10-18T23:56:08.836+0000] {dag.py:3696} INFO - Setting next_dagrun for example_branch_datetime_operator_2 to 2023-10-17T00:00:00+00:00, run_after=2023-10-18T00:00:00+00:00
[2023-10-18T23:56:08.838+0000] {logging_mixin.py:151} INFO - [2023-10-18T23:56:08.838+0000] {dag.py:3696} INFO - Setting next_dagrun for example_branch_datetime_operator_3 to 2023-10-17T00:00:00+00:00, run_after=2023-10-18T00:00:00+00:00
[2023-10-18T23:56:08.848+0000] {processor.py:179} INFO - Processing /home/airflow/.local/lib/python3.8/site-packages/airflow/example_dags/example_branch_datetime_operator.py took 0.060 seconds
[2023-10-18T23:56:39.259+0000] {processor.py:157} INFO - Started process (PID=240) to work on /home/airflow/.local/lib/python3.8/site-packages/airflow/example_dags/example_branch_datetime_operator.py
[2023-10-18T23:56:39.260+0000] {processor.py:829} INFO - Processing file /home/airflow/.local/lib/python3.8/site-packages/airflow/example_dags/example_branch_datetime_operator.py for tasks to queue
[2023-10-18T23:56:39.262+0000] {logging_mixin.py:151} INFO - [2023-10-18T23:56:39.261+0000] {dagbag.py:539} INFO - Filling up the DagBag from /home/airflow/.local/lib/python3.8/site-packages/airflow/example_dags/example_branch_datetime_operator.py
[2023-10-18T23:56:39.270+0000] {processor.py:839} INFO - DAG(s) dict_keys(['example_branch_datetime_operator_2', 'example_branch_datetime_operator_3', 'example_branch_datetime_operator']) retrieved from /home/airflow/.local/lib/python3.8/site-packages/airflow/example_dags/example_branch_datetime_operator.py
[2023-10-18T23:56:39.289+0000] {logging_mixin.py:151} INFO - [2023-10-18T23:56:39.289+0000] {dag.py:2915} INFO - Sync 3 DAGs
[2023-10-18T23:56:39.303+0000] {logging_mixin.py:151} INFO - [2023-10-18T23:56:39.303+0000] {dag.py:3696} INFO - Setting next_dagrun for example_branch_datetime_operator to 2023-10-17T00:00:00+00:00, run_after=2023-10-18T00:00:00+00:00
[2023-10-18T23:56:39.306+0000] {logging_mixin.py:151} INFO - [2023-10-18T23:56:39.306+0000] {dag.py:3696} INFO - Setting next_dagrun for example_branch_datetime_operator_2 to 2023-10-17T00:00:00+00:00, run_after=2023-10-18T00:00:00+00:00
[2023-10-18T23:56:39.308+0000] {logging_mixin.py:151} INFO - [2023-10-18T23:56:39.308+0000] {dag.py:3696} INFO - Setting next_dagrun for example_branch_datetime_operator_3 to 2023-10-17T00:00:00+00:00, run_after=2023-10-18T00:00:00+00:00
[2023-10-18T23:56:39.317+0000] {processor.py:179} INFO - Processing /home/airflow/.local/lib/python3.8/site-packages/airflow/example_dags/example_branch_datetime_operator.py took 0.061 seconds
[2023-10-18T23:57:10.195+0000] {processor.py:157} INFO - Started process (PID=296) to work on /home/airflow/.local/lib/python3.8/site-packages/airflow/example_dags/example_branch_datetime_operator.py
[2023-10-18T23:57:10.196+0000] {processor.py:829} INFO - Processing file /home/airflow/.local/lib/python3.8/site-packages/airflow/example_dags/example_branch_datetime_operator.py for tasks to queue
[2023-10-18T23:57:10.198+0000] {logging_mixin.py:151} INFO - [2023-10-18T23:57:10.198+0000] {dagbag.py:539} INFO - Filling up the DagBag from /home/airflow/.local/lib/python3.8/site-packages/airflow/example_dags/example_branch_datetime_operator.py
[2023-10-18T23:57:10.206+0000] {processor.py:839} INFO - DAG(s) dict_keys(['example_branch_datetime_operator', 'example_branch_datetime_operator_3', 'example_branch_datetime_operator_2']) retrieved from /home/airflow/.local/lib/python3.8/site-packages/airflow/example_dags/example_branch_datetime_operator.py
[2023-10-18T23:57:10.228+0000] {logging_mixin.py:151} INFO - [2023-10-18T23:57:10.227+0000] {dag.py:2915} INFO - Sync 3 DAGs
[2023-10-18T23:57:10.245+0000] {logging_mixin.py:151} INFO - [2023-10-18T23:57:10.245+0000] {dag.py:3696} INFO - Setting next_dagrun for example_branch_datetime_operator to 2023-10-17T00:00:00+00:00, run_after=2023-10-18T00:00:00+00:00
[2023-10-18T23:57:10.249+0000] {logging_mixin.py:151} INFO - [2023-10-18T23:57:10.249+0000] {dag.py:3696} INFO - Setting next_dagrun for example_branch_datetime_operator_2 to 2023-10-17T00:00:00+00:00, run_after=2023-10-18T00:00:00+00:00
[2023-10-18T23:57:10.251+0000] {logging_mixin.py:151} INFO - [2023-10-18T23:57:10.251+0000] {dag.py:3696} INFO - Setting next_dagrun for example_branch_datetime_operator_3 to 2023-10-17T00:00:00+00:00, run_after=2023-10-18T00:00:00+00:00
[2023-10-18T23:57:10.262+0000] {processor.py:179} INFO - Processing /home/airflow/.local/lib/python3.8/site-packages/airflow/example_dags/example_branch_datetime_operator.py took 0.070 seconds
[2023-10-18T23:57:41.006+0000] {processor.py:157} INFO - Started process (PID=352) to work on /home/airflow/.local/lib/python3.8/site-packages/airflow/example_dags/example_branch_datetime_operator.py
[2023-10-18T23:57:41.007+0000] {processor.py:829} INFO - Processing file /home/airflow/.local/lib/python3.8/site-packages/airflow/example_dags/example_branch_datetime_operator.py for tasks to queue
[2023-10-18T23:57:41.008+0000] {logging_mixin.py:151} INFO - [2023-10-18T23:57:41.008+0000] {dagbag.py:539} INFO - Filling up the DagBag from /home/airflow/.local/lib/python3.8/site-packages/airflow/example_dags/example_branch_datetime_operator.py
[2023-10-18T23:57:41.015+0000] {processor.py:839} INFO - DAG(s) dict_keys(['example_branch_datetime_operator_3', 'example_branch_datetime_operator', 'example_branch_datetime_operator_2']) retrieved from /home/airflow/.local/lib/python3.8/site-packages/airflow/example_dags/example_branch_datetime_operator.py
[2023-10-18T23:57:41.034+0000] {logging_mixin.py:151} INFO - [2023-10-18T23:57:41.034+0000] {dag.py:2915} INFO - Sync 3 DAGs
[2023-10-18T23:57:41.049+0000] {logging_mixin.py:151} INFO - [2023-10-18T23:57:41.049+0000] {dag.py:3696} INFO - Setting next_dagrun for example_branch_datetime_operator to 2023-10-17T00:00:00+00:00, run_after=2023-10-18T00:00:00+00:00
[2023-10-18T23:57:41.052+0000] {logging_mixin.py:151} INFO - [2023-10-18T23:57:41.052+0000] {dag.py:3696} INFO - Setting next_dagrun for example_branch_datetime_operator_2 to 2023-10-17T00:00:00+00:00, run_after=2023-10-18T00:00:00+00:00
[2023-10-18T23:57:41.054+0000] {logging_mixin.py:151} INFO - [2023-10-18T23:57:41.054+0000] {dag.py:3696} INFO - Setting next_dagrun for example_branch_datetime_operator_3 to 2023-10-17T00:00:00+00:00, run_after=2023-10-18T00:00:00+00:00
[2023-10-18T23:57:41.063+0000] {processor.py:179} INFO - Processing /home/airflow/.local/lib/python3.8/site-packages/airflow/example_dags/example_branch_datetime_operator.py took 0.060 seconds
[2023-10-18T23:58:11.306+0000] {processor.py:157} INFO - Started process (PID=408) to work on /home/airflow/.local/lib/python3.8/site-packages/airflow/example_dags/example_branch_datetime_operator.py
[2023-10-18T23:58:11.307+0000] {processor.py:829} INFO - Processing file /home/airflow/.local/lib/python3.8/site-packages/airflow/example_dags/example_branch_datetime_operator.py for tasks to queue
[2023-10-18T23:58:11.308+0000] {logging_mixin.py:151} INFO - [2023-10-18T23:58:11.308+0000] {dagbag.py:539} INFO - Filling up the DagBag from /home/airflow/.local/lib/python3.8/site-packages/airflow/example_dags/example_branch_datetime_operator.py
[2023-10-18T23:58:11.315+0000] {processor.py:839} INFO - DAG(s) dict_keys(['example_branch_datetime_operator_2', 'example_branch_datetime_operator', 'example_branch_datetime_operator_3']) retrieved from /home/airflow/.local/lib/python3.8/site-packages/airflow/example_dags/example_branch_datetime_operator.py
[2023-10-18T23:58:11.334+0000] {logging_mixin.py:151} INFO - [2023-10-18T23:58:11.334+0000] {dag.py:2915} INFO - Sync 3 DAGs
[2023-10-18T23:58:11.349+0000] {logging_mixin.py:151} INFO - [2023-10-18T23:58:11.349+0000] {dag.py:3696} INFO - Setting next_dagrun for example_branch_datetime_operator to 2023-10-17T00:00:00+00:00, run_after=2023-10-18T00:00:00+00:00
[2023-10-18T23:58:11.353+0000] {logging_mixin.py:151} INFO - [2023-10-18T23:58:11.353+0000] {dag.py:3696} INFO - Setting next_dagrun for example_branch_datetime_operator_2 to 2023-10-17T00:00:00+00:00, run_after=2023-10-18T00:00:00+00:00
[2023-10-18T23:58:11.355+0000] {logging_mixin.py:151} INFO - [2023-10-18T23:58:11.354+0000] {dag.py:3696} INFO - Setting next_dagrun for example_branch_datetime_operator_3 to 2023-10-17T00:00:00+00:00, run_after=2023-10-18T00:00:00+00:00
[2023-10-18T23:58:11.364+0000] {processor.py:179} INFO - Processing /home/airflow/.local/lib/python3.8/site-packages/airflow/example_dags/example_branch_datetime_operator.py took 0.061 seconds
[2023-10-18T23:58:41.604+0000] {processor.py:157} INFO - Started process (PID=464) to work on /home/airflow/.local/lib/python3.8/site-packages/airflow/example_dags/example_branch_datetime_operator.py
[2023-10-18T23:58:41.605+0000] {processor.py:829} INFO - Processing file /home/airflow/.local/lib/python3.8/site-packages/airflow/example_dags/example_branch_datetime_operator.py for tasks to queue
[2023-10-18T23:58:41.607+0000] {logging_mixin.py:151} INFO - [2023-10-18T23:58:41.607+0000] {dagbag.py:539} INFO - Filling up the DagBag from /home/airflow/.local/lib/python3.8/site-packages/airflow/example_dags/example_branch_datetime_operator.py
[2023-10-18T23:58:41.614+0000] {processor.py:839} INFO - DAG(s) dict_keys(['example_branch_datetime_operator', 'example_branch_datetime_operator_2', 'example_branch_datetime_operator_3']) retrieved from /home/airflow/.local/lib/python3.8/site-packages/airflow/example_dags/example_branch_datetime_operator.py
[2023-10-18T23:58:41.633+0000] {logging_mixin.py:151} INFO - [2023-10-18T23:58:41.633+0000] {dag.py:2915} INFO - Sync 3 DAGs
[2023-10-18T23:58:41.648+0000] {logging_mixin.py:151} INFO - [2023-10-18T23:58:41.647+0000] {dag.py:3696} INFO - Setting next_dagrun for example_branch_datetime_operator to 2023-10-17T00:00:00+00:00, run_after=2023-10-18T00:00:00+00:00
[2023-10-18T23:58:41.651+0000] {logging_mixin.py:151} INFO - [2023-10-18T23:58:41.651+0000] {dag.py:3696} INFO - Setting next_dagrun for example_branch_datetime_operator_2 to 2023-10-17T00:00:00+00:00, run_after=2023-10-18T00:00:00+00:00
[2023-10-18T23:58:41.653+0000] {logging_mixin.py:151} INFO - [2023-10-18T23:58:41.653+0000] {dag.py:3696} INFO - Setting next_dagrun for example_branch_datetime_operator_3 to 2023-10-17T00:00:00+00:00, run_after=2023-10-18T00:00:00+00:00
[2023-10-18T23:58:41.663+0000] {processor.py:179} INFO - Processing /home/airflow/.local/lib/python3.8/site-packages/airflow/example_dags/example_branch_datetime_operator.py took 0.061 seconds
[2023-10-18T23:59:11.884+0000] {processor.py:157} INFO - Started process (PID=520) to work on /home/airflow/.local/lib/python3.8/site-packages/airflow/example_dags/example_branch_datetime_operator.py
[2023-10-18T23:59:11.885+0000] {processor.py:829} INFO - Processing file /home/airflow/.local/lib/python3.8/site-packages/airflow/example_dags/example_branch_datetime_operator.py for tasks to queue
[2023-10-18T23:59:11.886+0000] {logging_mixin.py:151} INFO - [2023-10-18T23:59:11.886+0000] {dagbag.py:539} INFO - Filling up the DagBag from /home/airflow/.local/lib/python3.8/site-packages/airflow/example_dags/example_branch_datetime_operator.py
[2023-10-18T23:59:11.893+0000] {processor.py:839} INFO - DAG(s) dict_keys(['example_branch_datetime_operator_3', 'example_branch_datetime_operator_2', 'example_branch_datetime_operator']) retrieved from /home/airflow/.local/lib/python3.8/site-packages/airflow/example_dags/example_branch_datetime_operator.py
[2023-10-18T23:59:11.911+0000] {logging_mixin.py:151} INFO - [2023-10-18T23:59:11.911+0000] {dag.py:2915} INFO - Sync 3 DAGs
[2023-10-18T23:59:11.926+0000] {logging_mixin.py:151} INFO - [2023-10-18T23:59:11.926+0000] {dag.py:3696} INFO - Setting next_dagrun for example_branch_datetime_operator to 2023-10-17T00:00:00+00:00, run_after=2023-10-18T00:00:00+00:00
[2023-10-18T23:59:11.929+0000] {logging_mixin.py:151} INFO - [2023-10-18T23:59:11.929+0000] {dag.py:3696} INFO - Setting next_dagrun for example_branch_datetime_operator_2 to 2023-10-17T00:00:00+00:00, run_after=2023-10-18T00:00:00+00:00
[2023-10-18T23:59:11.931+0000] {logging_mixin.py:151} INFO - [2023-10-18T23:59:11.931+0000] {dag.py:3696} INFO - Setting next_dagrun for example_branch_datetime_operator_3 to 2023-10-17T00:00:00+00:00, run_after=2023-10-18T00:00:00+00:00
[2023-10-18T23:59:11.940+0000] {processor.py:179} INFO - Processing /home/airflow/.local/lib/python3.8/site-packages/airflow/example_dags/example_branch_datetime_operator.py took 0.059 seconds
[2023-10-18T23:59:42.273+0000] {processor.py:157} INFO - Started process (PID=576) to work on /home/airflow/.local/lib/python3.8/site-packages/airflow/example_dags/example_branch_datetime_operator.py
[2023-10-18T23:59:42.274+0000] {processor.py:829} INFO - Processing file /home/airflow/.local/lib/python3.8/site-packages/airflow/example_dags/example_branch_datetime_operator.py for tasks to queue
[2023-10-18T23:59:42.276+0000] {logging_mixin.py:151} INFO - [2023-10-18T23:59:42.276+0000] {dagbag.py:539} INFO - Filling up the DagBag from /home/airflow/.local/lib/python3.8/site-packages/airflow/example_dags/example_branch_datetime_operator.py
[2023-10-18T23:59:42.282+0000] {processor.py:839} INFO - DAG(s) dict_keys(['example_branch_datetime_operator_2', 'example_branch_datetime_operator', 'example_branch_datetime_operator_3']) retrieved from /home/airflow/.local/lib/python3.8/site-packages/airflow/example_dags/example_branch_datetime_operator.py
[2023-10-18T23:59:42.301+0000] {logging_mixin.py:151} INFO - [2023-10-18T23:59:42.301+0000] {dag.py:2915} INFO - Sync 3 DAGs
[2023-10-18T23:59:42.316+0000] {logging_mixin.py:151} INFO - [2023-10-18T23:59:42.316+0000] {dag.py:3696} INFO - Setting next_dagrun for example_branch_datetime_operator to 2023-10-17T00:00:00+00:00, run_after=2023-10-18T00:00:00+00:00
[2023-10-18T23:59:42.320+0000] {logging_mixin.py:151} INFO - [2023-10-18T23:59:42.320+0000] {dag.py:3696} INFO - Setting next_dagrun for example_branch_datetime_operator_2 to 2023-10-17T00:00:00+00:00, run_after=2023-10-18T00:00:00+00:00
[2023-10-18T23:59:42.322+0000] {logging_mixin.py:151} INFO - [2023-10-18T23:59:42.322+0000] {dag.py:3696} INFO - Setting next_dagrun for example_branch_datetime_operator_3 to 2023-10-17T00:00:00+00:00, run_after=2023-10-18T00:00:00+00:00
[2023-10-18T23:59:42.333+0000] {processor.py:179} INFO - Processing /home/airflow/.local/lib/python3.8/site-packages/airflow/example_dags/example_branch_datetime_operator.py took 0.062 seconds
