[2023-10-18T23:55:07.190+0000] {processor.py:157} INFO - Started process (PID=66) to work on /home/airflow/.local/lib/python3.8/site-packages/airflow/example_dags/example_subdag_operator.py
[2023-10-18T23:55:07.191+0000] {processor.py:829} INFO - Processing file /home/airflow/.local/lib/python3.8/site-packages/airflow/example_dags/example_subdag_operator.py for tasks to queue
[2023-10-18T23:55:07.193+0000] {logging_mixin.py:151} INFO - [2023-10-18T23:55:07.193+0000] {dagbag.py:539} INFO - Filling up the DagBag from /home/airflow/.local/lib/python3.8/site-packages/airflow/example_dags/example_subdag_operator.py
[2023-10-18T23:55:07.228+0000] {processor.py:839} INFO - DAG(s) dict_keys(['example_subdag_operator.section-1', 'example_subdag_operator.section-2', 'example_subdag_operator']) retrieved from /home/airflow/.local/lib/python3.8/site-packages/airflow/example_dags/example_subdag_operator.py
[2023-10-18T23:55:07.243+0000] {logging_mixin.py:151} INFO - [2023-10-18T23:55:07.243+0000] {dag.py:2915} INFO - Sync 3 DAGs
[2023-10-18T23:55:07.271+0000] {logging_mixin.py:151} INFO - [2023-10-18T23:55:07.271+0000] {dag.py:3696} INFO - Setting next_dagrun for example_subdag_operator to 2022-01-01T00:00:00+00:00, run_after=2022-01-01T00:00:00+00:00
[2023-10-18T23:55:07.274+0000] {logging_mixin.py:151} INFO - [2023-10-18T23:55:07.274+0000] {dag.py:3696} INFO - Setting next_dagrun for example_subdag_operator.section-1 to None, run_after=None
[2023-10-18T23:55:07.276+0000] {logging_mixin.py:151} INFO - [2023-10-18T23:55:07.275+0000] {dag.py:3696} INFO - Setting next_dagrun for example_subdag_operator.section-2 to None, run_after=None
[2023-10-18T23:55:07.285+0000] {logging_mixin.py:151} INFO - [2023-10-18T23:55:07.285+0000] {dag.py:2915} INFO - Sync 2 DAGs
[2023-10-18T23:55:07.292+0000] {logging_mixin.py:151} INFO - [2023-10-18T23:55:07.291+0000] {dag.py:3696} INFO - Setting next_dagrun for example_subdag_operator.section-1 to None, run_after=None
[2023-10-18T23:55:07.292+0000] {logging_mixin.py:151} INFO - [2023-10-18T23:55:07.292+0000] {dag.py:3696} INFO - Setting next_dagrun for example_subdag_operator.section-2 to None, run_after=None
[2023-10-18T23:55:07.301+0000] {processor.py:179} INFO - Processing /home/airflow/.local/lib/python3.8/site-packages/airflow/example_dags/example_subdag_operator.py took 0.117 seconds
[2023-10-18T23:55:37.982+0000] {processor.py:157} INFO - Started process (PID=122) to work on /home/airflow/.local/lib/python3.8/site-packages/airflow/example_dags/example_subdag_operator.py
[2023-10-18T23:55:37.983+0000] {processor.py:829} INFO - Processing file /home/airflow/.local/lib/python3.8/site-packages/airflow/example_dags/example_subdag_operator.py for tasks to queue
[2023-10-18T23:55:37.985+0000] {logging_mixin.py:151} INFO - [2023-10-18T23:55:37.985+0000] {dagbag.py:539} INFO - Filling up the DagBag from /home/airflow/.local/lib/python3.8/site-packages/airflow/example_dags/example_subdag_operator.py
[2023-10-18T23:55:38.002+0000] {processor.py:839} INFO - DAG(s) dict_keys(['example_subdag_operator.section-1', 'example_subdag_operator.section-2', 'example_subdag_operator']) retrieved from /home/airflow/.local/lib/python3.8/site-packages/airflow/example_dags/example_subdag_operator.py
[2023-10-18T23:55:38.012+0000] {logging_mixin.py:151} INFO - [2023-10-18T23:55:38.012+0000] {dag.py:2915} INFO - Sync 3 DAGs
[2023-10-18T23:55:38.025+0000] {logging_mixin.py:151} INFO - [2023-10-18T23:55:38.025+0000] {dag.py:3696} INFO - Setting next_dagrun for example_subdag_operator to 2022-01-01T00:00:00+00:00, run_after=2022-01-01T00:00:00+00:00
[2023-10-18T23:55:38.028+0000] {logging_mixin.py:151} INFO - [2023-10-18T23:55:38.028+0000] {dag.py:3696} INFO - Setting next_dagrun for example_subdag_operator.section-1 to None, run_after=None
[2023-10-18T23:55:38.029+0000] {logging_mixin.py:151} INFO - [2023-10-18T23:55:38.028+0000] {dag.py:3696} INFO - Setting next_dagrun for example_subdag_operator.section-2 to None, run_after=None
[2023-10-18T23:55:38.033+0000] {logging_mixin.py:151} INFO - [2023-10-18T23:55:38.033+0000] {dag.py:2915} INFO - Sync 2 DAGs
[2023-10-18T23:55:38.036+0000] {logging_mixin.py:151} INFO - [2023-10-18T23:55:38.036+0000] {dag.py:3696} INFO - Setting next_dagrun for example_subdag_operator.section-1 to None, run_after=None
[2023-10-18T23:55:38.036+0000] {logging_mixin.py:151} INFO - [2023-10-18T23:55:38.036+0000] {dag.py:3696} INFO - Setting next_dagrun for example_subdag_operator.section-2 to None, run_after=None
[2023-10-18T23:55:38.043+0000] {processor.py:179} INFO - Processing /home/airflow/.local/lib/python3.8/site-packages/airflow/example_dags/example_subdag_operator.py took 0.063 seconds
[2023-10-18T23:56:08.505+0000] {processor.py:157} INFO - Started process (PID=178) to work on /home/airflow/.local/lib/python3.8/site-packages/airflow/example_dags/example_subdag_operator.py
[2023-10-18T23:56:08.506+0000] {processor.py:829} INFO - Processing file /home/airflow/.local/lib/python3.8/site-packages/airflow/example_dags/example_subdag_operator.py for tasks to queue
[2023-10-18T23:56:08.508+0000] {logging_mixin.py:151} INFO - [2023-10-18T23:56:08.508+0000] {dagbag.py:539} INFO - Filling up the DagBag from /home/airflow/.local/lib/python3.8/site-packages/airflow/example_dags/example_subdag_operator.py
[2023-10-18T23:56:08.525+0000] {processor.py:839} INFO - DAG(s) dict_keys(['example_subdag_operator.section-1', 'example_subdag_operator.section-2', 'example_subdag_operator']) retrieved from /home/airflow/.local/lib/python3.8/site-packages/airflow/example_dags/example_subdag_operator.py
[2023-10-18T23:56:08.534+0000] {logging_mixin.py:151} INFO - [2023-10-18T23:56:08.534+0000] {dag.py:2915} INFO - Sync 3 DAGs
[2023-10-18T23:56:08.547+0000] {logging_mixin.py:151} INFO - [2023-10-18T23:56:08.547+0000] {dag.py:3696} INFO - Setting next_dagrun for example_subdag_operator to 2022-01-01T00:00:00+00:00, run_after=2022-01-01T00:00:00+00:00
[2023-10-18T23:56:08.549+0000] {logging_mixin.py:151} INFO - [2023-10-18T23:56:08.549+0000] {dag.py:3696} INFO - Setting next_dagrun for example_subdag_operator.section-1 to None, run_after=None
[2023-10-18T23:56:08.550+0000] {logging_mixin.py:151} INFO - [2023-10-18T23:56:08.550+0000] {dag.py:3696} INFO - Setting next_dagrun for example_subdag_operator.section-2 to None, run_after=None
[2023-10-18T23:56:08.554+0000] {logging_mixin.py:151} INFO - [2023-10-18T23:56:08.554+0000] {dag.py:2915} INFO - Sync 2 DAGs
[2023-10-18T23:56:08.557+0000] {logging_mixin.py:151} INFO - [2023-10-18T23:56:08.557+0000] {dag.py:3696} INFO - Setting next_dagrun for example_subdag_operator.section-1 to None, run_after=None
[2023-10-18T23:56:08.557+0000] {logging_mixin.py:151} INFO - [2023-10-18T23:56:08.557+0000] {dag.py:3696} INFO - Setting next_dagrun for example_subdag_operator.section-2 to None, run_after=None
[2023-10-18T23:56:08.563+0000] {processor.py:179} INFO - Processing /home/airflow/.local/lib/python3.8/site-packages/airflow/example_dags/example_subdag_operator.py took 0.061 seconds
[2023-10-18T23:56:38.978+0000] {processor.py:157} INFO - Started process (PID=234) to work on /home/airflow/.local/lib/python3.8/site-packages/airflow/example_dags/example_subdag_operator.py
[2023-10-18T23:56:38.982+0000] {processor.py:829} INFO - Processing file /home/airflow/.local/lib/python3.8/site-packages/airflow/example_dags/example_subdag_operator.py for tasks to queue
[2023-10-18T23:56:38.984+0000] {logging_mixin.py:151} INFO - [2023-10-18T23:56:38.983+0000] {dagbag.py:539} INFO - Filling up the DagBag from /home/airflow/.local/lib/python3.8/site-packages/airflow/example_dags/example_subdag_operator.py
[2023-10-18T23:56:39.002+0000] {processor.py:839} INFO - DAG(s) dict_keys(['example_subdag_operator.section-1', 'example_subdag_operator.section-2', 'example_subdag_operator']) retrieved from /home/airflow/.local/lib/python3.8/site-packages/airflow/example_dags/example_subdag_operator.py
[2023-10-18T23:56:39.013+0000] {logging_mixin.py:151} INFO - [2023-10-18T23:56:39.013+0000] {dag.py:2915} INFO - Sync 3 DAGs
[2023-10-18T23:56:39.027+0000] {logging_mixin.py:151} INFO - [2023-10-18T23:56:39.027+0000] {dag.py:3696} INFO - Setting next_dagrun for example_subdag_operator to 2022-01-01T00:00:00+00:00, run_after=2022-01-01T00:00:00+00:00
[2023-10-18T23:56:39.029+0000] {logging_mixin.py:151} INFO - [2023-10-18T23:56:39.029+0000] {dag.py:3696} INFO - Setting next_dagrun for example_subdag_operator.section-1 to None, run_after=None
[2023-10-18T23:56:39.030+0000] {logging_mixin.py:151} INFO - [2023-10-18T23:56:39.030+0000] {dag.py:3696} INFO - Setting next_dagrun for example_subdag_operator.section-2 to None, run_after=None
[2023-10-18T23:56:39.034+0000] {logging_mixin.py:151} INFO - [2023-10-18T23:56:39.034+0000] {dag.py:2915} INFO - Sync 2 DAGs
[2023-10-18T23:56:39.037+0000] {logging_mixin.py:151} INFO - [2023-10-18T23:56:39.037+0000] {dag.py:3696} INFO - Setting next_dagrun for example_subdag_operator.section-1 to None, run_after=None
[2023-10-18T23:56:39.037+0000] {logging_mixin.py:151} INFO - [2023-10-18T23:56:39.037+0000] {dag.py:3696} INFO - Setting next_dagrun for example_subdag_operator.section-2 to None, run_after=None
[2023-10-18T23:56:39.043+0000] {processor.py:179} INFO - Processing /home/airflow/.local/lib/python3.8/site-packages/airflow/example_dags/example_subdag_operator.py took 0.068 seconds
[2023-10-18T23:57:09.871+0000] {processor.py:157} INFO - Started process (PID=290) to work on /home/airflow/.local/lib/python3.8/site-packages/airflow/example_dags/example_subdag_operator.py
[2023-10-18T23:57:09.872+0000] {processor.py:829} INFO - Processing file /home/airflow/.local/lib/python3.8/site-packages/airflow/example_dags/example_subdag_operator.py for tasks to queue
[2023-10-18T23:57:09.874+0000] {logging_mixin.py:151} INFO - [2023-10-18T23:57:09.874+0000] {dagbag.py:539} INFO - Filling up the DagBag from /home/airflow/.local/lib/python3.8/site-packages/airflow/example_dags/example_subdag_operator.py
[2023-10-18T23:57:09.895+0000] {processor.py:839} INFO - DAG(s) dict_keys(['example_subdag_operator.section-1', 'example_subdag_operator.section-2', 'example_subdag_operator']) retrieved from /home/airflow/.local/lib/python3.8/site-packages/airflow/example_dags/example_subdag_operator.py
[2023-10-18T23:57:09.908+0000] {logging_mixin.py:151} INFO - [2023-10-18T23:57:09.908+0000] {dag.py:2915} INFO - Sync 3 DAGs
[2023-10-18T23:57:09.922+0000] {logging_mixin.py:151} INFO - [2023-10-18T23:57:09.922+0000] {dag.py:3696} INFO - Setting next_dagrun for example_subdag_operator to 2022-01-01T00:00:00+00:00, run_after=2022-01-01T00:00:00+00:00
[2023-10-18T23:57:09.925+0000] {logging_mixin.py:151} INFO - [2023-10-18T23:57:09.924+0000] {dag.py:3696} INFO - Setting next_dagrun for example_subdag_operator.section-1 to None, run_after=None
[2023-10-18T23:57:09.926+0000] {logging_mixin.py:151} INFO - [2023-10-18T23:57:09.926+0000] {dag.py:3696} INFO - Setting next_dagrun for example_subdag_operator.section-2 to None, run_after=None
[2023-10-18T23:57:09.931+0000] {logging_mixin.py:151} INFO - [2023-10-18T23:57:09.931+0000] {dag.py:2915} INFO - Sync 2 DAGs
[2023-10-18T23:57:09.935+0000] {logging_mixin.py:151} INFO - [2023-10-18T23:57:09.935+0000] {dag.py:3696} INFO - Setting next_dagrun for example_subdag_operator.section-1 to None, run_after=None
[2023-10-18T23:57:09.936+0000] {logging_mixin.py:151} INFO - [2023-10-18T23:57:09.936+0000] {dag.py:3696} INFO - Setting next_dagrun for example_subdag_operator.section-2 to None, run_after=None
[2023-10-18T23:57:09.943+0000] {processor.py:179} INFO - Processing /home/airflow/.local/lib/python3.8/site-packages/airflow/example_dags/example_subdag_operator.py took 0.076 seconds
[2023-10-18T23:57:40.761+0000] {processor.py:157} INFO - Started process (PID=346) to work on /home/airflow/.local/lib/python3.8/site-packages/airflow/example_dags/example_subdag_operator.py
[2023-10-18T23:57:40.763+0000] {processor.py:829} INFO - Processing file /home/airflow/.local/lib/python3.8/site-packages/airflow/example_dags/example_subdag_operator.py for tasks to queue
[2023-10-18T23:57:40.765+0000] {logging_mixin.py:151} INFO - [2023-10-18T23:57:40.765+0000] {dagbag.py:539} INFO - Filling up the DagBag from /home/airflow/.local/lib/python3.8/site-packages/airflow/example_dags/example_subdag_operator.py
[2023-10-18T23:57:40.783+0000] {processor.py:839} INFO - DAG(s) dict_keys(['example_subdag_operator.section-1', 'example_subdag_operator.section-2', 'example_subdag_operator']) retrieved from /home/airflow/.local/lib/python3.8/site-packages/airflow/example_dags/example_subdag_operator.py
[2023-10-18T23:57:40.794+0000] {logging_mixin.py:151} INFO - [2023-10-18T23:57:40.794+0000] {dag.py:2915} INFO - Sync 3 DAGs
[2023-10-18T23:57:40.809+0000] {logging_mixin.py:151} INFO - [2023-10-18T23:57:40.809+0000] {dag.py:3696} INFO - Setting next_dagrun for example_subdag_operator to 2022-01-01T00:00:00+00:00, run_after=2022-01-01T00:00:00+00:00
[2023-10-18T23:57:40.811+0000] {logging_mixin.py:151} INFO - [2023-10-18T23:57:40.811+0000] {dag.py:3696} INFO - Setting next_dagrun for example_subdag_operator.section-1 to None, run_after=None
[2023-10-18T23:57:40.812+0000] {logging_mixin.py:151} INFO - [2023-10-18T23:57:40.812+0000] {dag.py:3696} INFO - Setting next_dagrun for example_subdag_operator.section-2 to None, run_after=None
[2023-10-18T23:57:40.817+0000] {logging_mixin.py:151} INFO - [2023-10-18T23:57:40.817+0000] {dag.py:2915} INFO - Sync 2 DAGs
[2023-10-18T23:57:40.820+0000] {logging_mixin.py:151} INFO - [2023-10-18T23:57:40.820+0000] {dag.py:3696} INFO - Setting next_dagrun for example_subdag_operator.section-1 to None, run_after=None
[2023-10-18T23:57:40.821+0000] {logging_mixin.py:151} INFO - [2023-10-18T23:57:40.821+0000] {dag.py:3696} INFO - Setting next_dagrun for example_subdag_operator.section-2 to None, run_after=None
[2023-10-18T23:57:40.829+0000] {processor.py:179} INFO - Processing /home/airflow/.local/lib/python3.8/site-packages/airflow/example_dags/example_subdag_operator.py took 0.070 seconds
[2023-10-18T23:58:11.036+0000] {processor.py:157} INFO - Started process (PID=402) to work on /home/airflow/.local/lib/python3.8/site-packages/airflow/example_dags/example_subdag_operator.py
[2023-10-18T23:58:11.037+0000] {processor.py:829} INFO - Processing file /home/airflow/.local/lib/python3.8/site-packages/airflow/example_dags/example_subdag_operator.py for tasks to queue
[2023-10-18T23:58:11.039+0000] {logging_mixin.py:151} INFO - [2023-10-18T23:58:11.039+0000] {dagbag.py:539} INFO - Filling up the DagBag from /home/airflow/.local/lib/python3.8/site-packages/airflow/example_dags/example_subdag_operator.py
[2023-10-18T23:58:11.055+0000] {processor.py:839} INFO - DAG(s) dict_keys(['example_subdag_operator.section-1', 'example_subdag_operator.section-2', 'example_subdag_operator']) retrieved from /home/airflow/.local/lib/python3.8/site-packages/airflow/example_dags/example_subdag_operator.py
[2023-10-18T23:58:11.064+0000] {logging_mixin.py:151} INFO - [2023-10-18T23:58:11.064+0000] {dag.py:2915} INFO - Sync 3 DAGs
[2023-10-18T23:58:11.078+0000] {logging_mixin.py:151} INFO - [2023-10-18T23:58:11.078+0000] {dag.py:3696} INFO - Setting next_dagrun for example_subdag_operator to 2022-01-01T00:00:00+00:00, run_after=2022-01-01T00:00:00+00:00
[2023-10-18T23:58:11.080+0000] {logging_mixin.py:151} INFO - [2023-10-18T23:58:11.080+0000] {dag.py:3696} INFO - Setting next_dagrun for example_subdag_operator.section-1 to None, run_after=None
[2023-10-18T23:58:11.081+0000] {logging_mixin.py:151} INFO - [2023-10-18T23:58:11.081+0000] {dag.py:3696} INFO - Setting next_dagrun for example_subdag_operator.section-2 to None, run_after=None
[2023-10-18T23:58:11.086+0000] {logging_mixin.py:151} INFO - [2023-10-18T23:58:11.086+0000] {dag.py:2915} INFO - Sync 2 DAGs
[2023-10-18T23:58:11.089+0000] {logging_mixin.py:151} INFO - [2023-10-18T23:58:11.089+0000] {dag.py:3696} INFO - Setting next_dagrun for example_subdag_operator.section-1 to None, run_after=None
[2023-10-18T23:58:11.090+0000] {logging_mixin.py:151} INFO - [2023-10-18T23:58:11.090+0000] {dag.py:3696} INFO - Setting next_dagrun for example_subdag_operator.section-2 to None, run_after=None
[2023-10-18T23:58:11.096+0000] {processor.py:179} INFO - Processing /home/airflow/.local/lib/python3.8/site-packages/airflow/example_dags/example_subdag_operator.py took 0.063 seconds
[2023-10-18T23:58:41.373+0000] {processor.py:157} INFO - Started process (PID=458) to work on /home/airflow/.local/lib/python3.8/site-packages/airflow/example_dags/example_subdag_operator.py
[2023-10-18T23:58:41.375+0000] {processor.py:829} INFO - Processing file /home/airflow/.local/lib/python3.8/site-packages/airflow/example_dags/example_subdag_operator.py for tasks to queue
[2023-10-18T23:58:41.377+0000] {logging_mixin.py:151} INFO - [2023-10-18T23:58:41.377+0000] {dagbag.py:539} INFO - Filling up the DagBag from /home/airflow/.local/lib/python3.8/site-packages/airflow/example_dags/example_subdag_operator.py
[2023-10-18T23:58:41.399+0000] {processor.py:839} INFO - DAG(s) dict_keys(['example_subdag_operator.section-1', 'example_subdag_operator.section-2', 'example_subdag_operator']) retrieved from /home/airflow/.local/lib/python3.8/site-packages/airflow/example_dags/example_subdag_operator.py
[2023-10-18T23:58:41.408+0000] {logging_mixin.py:151} INFO - [2023-10-18T23:58:41.408+0000] {dag.py:2915} INFO - Sync 3 DAGs
[2023-10-18T23:58:41.421+0000] {logging_mixin.py:151} INFO - [2023-10-18T23:58:41.420+0000] {dag.py:3696} INFO - Setting next_dagrun for example_subdag_operator to 2022-01-01T00:00:00+00:00, run_after=2022-01-01T00:00:00+00:00
[2023-10-18T23:58:41.423+0000] {logging_mixin.py:151} INFO - [2023-10-18T23:58:41.423+0000] {dag.py:3696} INFO - Setting next_dagrun for example_subdag_operator.section-1 to None, run_after=None
[2023-10-18T23:58:41.424+0000] {logging_mixin.py:151} INFO - [2023-10-18T23:58:41.423+0000] {dag.py:3696} INFO - Setting next_dagrun for example_subdag_operator.section-2 to None, run_after=None
[2023-10-18T23:58:41.428+0000] {logging_mixin.py:151} INFO - [2023-10-18T23:58:41.427+0000] {dag.py:2915} INFO - Sync 2 DAGs
[2023-10-18T23:58:41.431+0000] {logging_mixin.py:151} INFO - [2023-10-18T23:58:41.431+0000] {dag.py:3696} INFO - Setting next_dagrun for example_subdag_operator.section-1 to None, run_after=None
[2023-10-18T23:58:41.431+0000] {logging_mixin.py:151} INFO - [2023-10-18T23:58:41.431+0000] {dag.py:3696} INFO - Setting next_dagrun for example_subdag_operator.section-2 to None, run_after=None
[2023-10-18T23:58:41.438+0000] {processor.py:179} INFO - Processing /home/airflow/.local/lib/python3.8/site-packages/airflow/example_dags/example_subdag_operator.py took 0.067 seconds
[2023-10-18T23:59:11.635+0000] {processor.py:157} INFO - Started process (PID=514) to work on /home/airflow/.local/lib/python3.8/site-packages/airflow/example_dags/example_subdag_operator.py
[2023-10-18T23:59:11.637+0000] {processor.py:829} INFO - Processing file /home/airflow/.local/lib/python3.8/site-packages/airflow/example_dags/example_subdag_operator.py for tasks to queue
[2023-10-18T23:59:11.639+0000] {logging_mixin.py:151} INFO - [2023-10-18T23:59:11.639+0000] {dagbag.py:539} INFO - Filling up the DagBag from /home/airflow/.local/lib/python3.8/site-packages/airflow/example_dags/example_subdag_operator.py
[2023-10-18T23:59:11.659+0000] {processor.py:839} INFO - DAG(s) dict_keys(['example_subdag_operator.section-1', 'example_subdag_operator.section-2', 'example_subdag_operator']) retrieved from /home/airflow/.local/lib/python3.8/site-packages/airflow/example_dags/example_subdag_operator.py
[2023-10-18T23:59:11.670+0000] {logging_mixin.py:151} INFO - [2023-10-18T23:59:11.670+0000] {dag.py:2915} INFO - Sync 3 DAGs
[2023-10-18T23:59:11.687+0000] {logging_mixin.py:151} INFO - [2023-10-18T23:59:11.687+0000] {dag.py:3696} INFO - Setting next_dagrun for example_subdag_operator to 2022-01-01T00:00:00+00:00, run_after=2022-01-01T00:00:00+00:00
[2023-10-18T23:59:11.690+0000] {logging_mixin.py:151} INFO - [2023-10-18T23:59:11.690+0000] {dag.py:3696} INFO - Setting next_dagrun for example_subdag_operator.section-1 to None, run_after=None
[2023-10-18T23:59:11.691+0000] {logging_mixin.py:151} INFO - [2023-10-18T23:59:11.691+0000] {dag.py:3696} INFO - Setting next_dagrun for example_subdag_operator.section-2 to None, run_after=None
[2023-10-18T23:59:11.695+0000] {logging_mixin.py:151} INFO - [2023-10-18T23:59:11.695+0000] {dag.py:2915} INFO - Sync 2 DAGs
[2023-10-18T23:59:11.699+0000] {logging_mixin.py:151} INFO - [2023-10-18T23:59:11.698+0000] {dag.py:3696} INFO - Setting next_dagrun for example_subdag_operator.section-1 to None, run_after=None
[2023-10-18T23:59:11.699+0000] {logging_mixin.py:151} INFO - [2023-10-18T23:59:11.699+0000] {dag.py:3696} INFO - Setting next_dagrun for example_subdag_operator.section-2 to None, run_after=None
[2023-10-18T23:59:11.707+0000] {processor.py:179} INFO - Processing /home/airflow/.local/lib/python3.8/site-packages/airflow/example_dags/example_subdag_operator.py took 0.075 seconds
[2023-10-18T23:59:42.022+0000] {processor.py:157} INFO - Started process (PID=570) to work on /home/airflow/.local/lib/python3.8/site-packages/airflow/example_dags/example_subdag_operator.py
[2023-10-18T23:59:42.023+0000] {processor.py:829} INFO - Processing file /home/airflow/.local/lib/python3.8/site-packages/airflow/example_dags/example_subdag_operator.py for tasks to queue
[2023-10-18T23:59:42.025+0000] {logging_mixin.py:151} INFO - [2023-10-18T23:59:42.025+0000] {dagbag.py:539} INFO - Filling up the DagBag from /home/airflow/.local/lib/python3.8/site-packages/airflow/example_dags/example_subdag_operator.py
[2023-10-18T23:59:42.042+0000] {processor.py:839} INFO - DAG(s) dict_keys(['example_subdag_operator.section-1', 'example_subdag_operator.section-2', 'example_subdag_operator']) retrieved from /home/airflow/.local/lib/python3.8/site-packages/airflow/example_dags/example_subdag_operator.py
[2023-10-18T23:59:42.052+0000] {logging_mixin.py:151} INFO - [2023-10-18T23:59:42.052+0000] {dag.py:2915} INFO - Sync 3 DAGs
[2023-10-18T23:59:42.066+0000] {logging_mixin.py:151} INFO - [2023-10-18T23:59:42.066+0000] {dag.py:3696} INFO - Setting next_dagrun for example_subdag_operator to 2022-01-01T00:00:00+00:00, run_after=2022-01-01T00:00:00+00:00
[2023-10-18T23:59:42.069+0000] {logging_mixin.py:151} INFO - [2023-10-18T23:59:42.069+0000] {dag.py:3696} INFO - Setting next_dagrun for example_subdag_operator.section-1 to None, run_after=None
[2023-10-18T23:59:42.070+0000] {logging_mixin.py:151} INFO - [2023-10-18T23:59:42.070+0000] {dag.py:3696} INFO - Setting next_dagrun for example_subdag_operator.section-2 to None, run_after=None
[2023-10-18T23:59:42.074+0000] {logging_mixin.py:151} INFO - [2023-10-18T23:59:42.074+0000] {dag.py:2915} INFO - Sync 2 DAGs
[2023-10-18T23:59:42.078+0000] {logging_mixin.py:151} INFO - [2023-10-18T23:59:42.078+0000] {dag.py:3696} INFO - Setting next_dagrun for example_subdag_operator.section-1 to None, run_after=None
[2023-10-18T23:59:42.078+0000] {logging_mixin.py:151} INFO - [2023-10-18T23:59:42.078+0000] {dag.py:3696} INFO - Setting next_dagrun for example_subdag_operator.section-2 to None, run_after=None
[2023-10-18T23:59:42.086+0000] {processor.py:179} INFO - Processing /home/airflow/.local/lib/python3.8/site-packages/airflow/example_dags/example_subdag_operator.py took 0.066 seconds
