[2023-10-18T23:55:06.601+0000] {processor.py:157} INFO - Started process (PID=60) to work on /home/airflow/.local/lib/python3.8/site-packages/airflow/example_dags/example_branch_labels.py
[2023-10-18T23:55:06.603+0000] {processor.py:829} INFO - Processing file /home/airflow/.local/lib/python3.8/site-packages/airflow/example_dags/example_branch_labels.py for tasks to queue
[2023-10-18T23:55:06.605+0000] {logging_mixin.py:151} INFO - [2023-10-18T23:55:06.604+0000] {dagbag.py:539} INFO - Filling up the DagBag from /home/airflow/.local/lib/python3.8/site-packages/airflow/example_dags/example_branch_labels.py
[2023-10-18T23:55:06.615+0000] {processor.py:839} INFO - DAG(s) dict_keys(['example_branch_labels']) retrieved from /home/airflow/.local/lib/python3.8/site-packages/airflow/example_dags/example_branch_labels.py
[2023-10-18T23:55:06.642+0000] {logging_mixin.py:151} INFO - [2023-10-18T23:55:06.641+0000] {dag.py:2915} INFO - Sync 1 DAGs
[2023-10-18T23:55:06.670+0000] {logging_mixin.py:151} INFO - [2023-10-18T23:55:06.670+0000] {dag.py:3696} INFO - Setting next_dagrun for example_branch_labels to 2023-10-17T00:00:00+00:00, run_after=2023-10-18T00:00:00+00:00
[2023-10-18T23:55:06.697+0000] {processor.py:179} INFO - Processing /home/airflow/.local/lib/python3.8/site-packages/airflow/example_dags/example_branch_labels.py took 0.099 seconds
[2023-10-18T23:55:37.559+0000] {processor.py:157} INFO - Started process (PID=116) to work on /home/airflow/.local/lib/python3.8/site-packages/airflow/example_dags/example_branch_labels.py
[2023-10-18T23:55:37.560+0000] {processor.py:829} INFO - Processing file /home/airflow/.local/lib/python3.8/site-packages/airflow/example_dags/example_branch_labels.py for tasks to queue
[2023-10-18T23:55:37.561+0000] {logging_mixin.py:151} INFO - [2023-10-18T23:55:37.561+0000] {dagbag.py:539} INFO - Filling up the DagBag from /home/airflow/.local/lib/python3.8/site-packages/airflow/example_dags/example_branch_labels.py
[2023-10-18T23:55:37.567+0000] {processor.py:839} INFO - DAG(s) dict_keys(['example_branch_labels']) retrieved from /home/airflow/.local/lib/python3.8/site-packages/airflow/example_dags/example_branch_labels.py
[2023-10-18T23:55:37.585+0000] {logging_mixin.py:151} INFO - [2023-10-18T23:55:37.585+0000] {dag.py:2915} INFO - Sync 1 DAGs
[2023-10-18T23:55:37.604+0000] {logging_mixin.py:151} INFO - [2023-10-18T23:55:37.604+0000] {dag.py:3696} INFO - Setting next_dagrun for example_branch_labels to 2023-10-17T00:00:00+00:00, run_after=2023-10-18T00:00:00+00:00
[2023-10-18T23:55:37.618+0000] {processor.py:179} INFO - Processing /home/airflow/.local/lib/python3.8/site-packages/airflow/example_dags/example_branch_labels.py took 0.062 seconds
[2023-10-18T23:56:08.095+0000] {processor.py:157} INFO - Started process (PID=172) to work on /home/airflow/.local/lib/python3.8/site-packages/airflow/example_dags/example_branch_labels.py
[2023-10-18T23:56:08.096+0000] {processor.py:829} INFO - Processing file /home/airflow/.local/lib/python3.8/site-packages/airflow/example_dags/example_branch_labels.py for tasks to queue
[2023-10-18T23:56:08.098+0000] {logging_mixin.py:151} INFO - [2023-10-18T23:56:08.098+0000] {dagbag.py:539} INFO - Filling up the DagBag from /home/airflow/.local/lib/python3.8/site-packages/airflow/example_dags/example_branch_labels.py
[2023-10-18T23:56:08.104+0000] {processor.py:839} INFO - DAG(s) dict_keys(['example_branch_labels']) retrieved from /home/airflow/.local/lib/python3.8/site-packages/airflow/example_dags/example_branch_labels.py
[2023-10-18T23:56:08.119+0000] {logging_mixin.py:151} INFO - [2023-10-18T23:56:08.119+0000] {dag.py:2915} INFO - Sync 1 DAGs
[2023-10-18T23:56:08.136+0000] {logging_mixin.py:151} INFO - [2023-10-18T23:56:08.136+0000] {dag.py:3696} INFO - Setting next_dagrun for example_branch_labels to 2023-10-17T00:00:00+00:00, run_after=2023-10-18T00:00:00+00:00
[2023-10-18T23:56:08.147+0000] {processor.py:179} INFO - Processing /home/airflow/.local/lib/python3.8/site-packages/airflow/example_dags/example_branch_labels.py took 0.055 seconds
[2023-10-18T23:56:38.560+0000] {processor.py:157} INFO - Started process (PID=228) to work on /home/airflow/.local/lib/python3.8/site-packages/airflow/example_dags/example_branch_labels.py
[2023-10-18T23:56:38.562+0000] {processor.py:829} INFO - Processing file /home/airflow/.local/lib/python3.8/site-packages/airflow/example_dags/example_branch_labels.py for tasks to queue
[2023-10-18T23:56:38.563+0000] {logging_mixin.py:151} INFO - [2023-10-18T23:56:38.563+0000] {dagbag.py:539} INFO - Filling up the DagBag from /home/airflow/.local/lib/python3.8/site-packages/airflow/example_dags/example_branch_labels.py
[2023-10-18T23:56:38.569+0000] {processor.py:839} INFO - DAG(s) dict_keys(['example_branch_labels']) retrieved from /home/airflow/.local/lib/python3.8/site-packages/airflow/example_dags/example_branch_labels.py
[2023-10-18T23:56:38.584+0000] {logging_mixin.py:151} INFO - [2023-10-18T23:56:38.584+0000] {dag.py:2915} INFO - Sync 1 DAGs
[2023-10-18T23:56:38.597+0000] {logging_mixin.py:151} INFO - [2023-10-18T23:56:38.597+0000] {dag.py:3696} INFO - Setting next_dagrun for example_branch_labels to 2023-10-17T00:00:00+00:00, run_after=2023-10-18T00:00:00+00:00
[2023-10-18T23:56:38.608+0000] {processor.py:179} INFO - Processing /home/airflow/.local/lib/python3.8/site-packages/airflow/example_dags/example_branch_labels.py took 0.050 seconds
[2023-10-18T23:57:09.395+0000] {processor.py:157} INFO - Started process (PID=284) to work on /home/airflow/.local/lib/python3.8/site-packages/airflow/example_dags/example_branch_labels.py
[2023-10-18T23:57:09.397+0000] {processor.py:829} INFO - Processing file /home/airflow/.local/lib/python3.8/site-packages/airflow/example_dags/example_branch_labels.py for tasks to queue
[2023-10-18T23:57:09.402+0000] {logging_mixin.py:151} INFO - [2023-10-18T23:57:09.401+0000] {dagbag.py:539} INFO - Filling up the DagBag from /home/airflow/.local/lib/python3.8/site-packages/airflow/example_dags/example_branch_labels.py
[2023-10-18T23:57:09.409+0000] {processor.py:839} INFO - DAG(s) dict_keys(['example_branch_labels']) retrieved from /home/airflow/.local/lib/python3.8/site-packages/airflow/example_dags/example_branch_labels.py
[2023-10-18T23:57:09.427+0000] {logging_mixin.py:151} INFO - [2023-10-18T23:57:09.427+0000] {dag.py:2915} INFO - Sync 1 DAGs
[2023-10-18T23:57:09.444+0000] {logging_mixin.py:151} INFO - [2023-10-18T23:57:09.443+0000] {dag.py:3696} INFO - Setting next_dagrun for example_branch_labels to 2023-10-17T00:00:00+00:00, run_after=2023-10-18T00:00:00+00:00
[2023-10-18T23:57:09.456+0000] {processor.py:179} INFO - Processing /home/airflow/.local/lib/python3.8/site-packages/airflow/example_dags/example_branch_labels.py took 0.064 seconds
[2023-10-18T23:57:39.499+0000] {processor.py:157} INFO - Started process (PID=340) to work on /home/airflow/.local/lib/python3.8/site-packages/airflow/example_dags/example_branch_labels.py
[2023-10-18T23:57:39.500+0000] {processor.py:829} INFO - Processing file /home/airflow/.local/lib/python3.8/site-packages/airflow/example_dags/example_branch_labels.py for tasks to queue
[2023-10-18T23:57:39.503+0000] {logging_mixin.py:151} INFO - [2023-10-18T23:57:39.502+0000] {dagbag.py:539} INFO - Filling up the DagBag from /home/airflow/.local/lib/python3.8/site-packages/airflow/example_dags/example_branch_labels.py
[2023-10-18T23:57:39.508+0000] {processor.py:839} INFO - DAG(s) dict_keys(['example_branch_labels']) retrieved from /home/airflow/.local/lib/python3.8/site-packages/airflow/example_dags/example_branch_labels.py
[2023-10-18T23:57:39.524+0000] {logging_mixin.py:151} INFO - [2023-10-18T23:57:39.523+0000] {dag.py:2915} INFO - Sync 1 DAGs
[2023-10-18T23:57:39.539+0000] {logging_mixin.py:151} INFO - [2023-10-18T23:57:39.539+0000] {dag.py:3696} INFO - Setting next_dagrun for example_branch_labels to 2023-10-17T00:00:00+00:00, run_after=2023-10-18T00:00:00+00:00
[2023-10-18T23:57:39.551+0000] {processor.py:179} INFO - Processing /home/airflow/.local/lib/python3.8/site-packages/airflow/example_dags/example_branch_labels.py took 0.054 seconds
[2023-10-18T23:58:09.800+0000] {processor.py:157} INFO - Started process (PID=396) to work on /home/airflow/.local/lib/python3.8/site-packages/airflow/example_dags/example_branch_labels.py
[2023-10-18T23:58:09.801+0000] {processor.py:829} INFO - Processing file /home/airflow/.local/lib/python3.8/site-packages/airflow/example_dags/example_branch_labels.py for tasks to queue
[2023-10-18T23:58:09.802+0000] {logging_mixin.py:151} INFO - [2023-10-18T23:58:09.802+0000] {dagbag.py:539} INFO - Filling up the DagBag from /home/airflow/.local/lib/python3.8/site-packages/airflow/example_dags/example_branch_labels.py
[2023-10-18T23:58:09.808+0000] {processor.py:839} INFO - DAG(s) dict_keys(['example_branch_labels']) retrieved from /home/airflow/.local/lib/python3.8/site-packages/airflow/example_dags/example_branch_labels.py
[2023-10-18T23:58:09.823+0000] {logging_mixin.py:151} INFO - [2023-10-18T23:58:09.823+0000] {dag.py:2915} INFO - Sync 1 DAGs
[2023-10-18T23:58:09.838+0000] {logging_mixin.py:151} INFO - [2023-10-18T23:58:09.838+0000] {dag.py:3696} INFO - Setting next_dagrun for example_branch_labels to 2023-10-17T00:00:00+00:00, run_after=2023-10-18T00:00:00+00:00
[2023-10-18T23:58:09.849+0000] {processor.py:179} INFO - Processing /home/airflow/.local/lib/python3.8/site-packages/airflow/example_dags/example_branch_labels.py took 0.052 seconds
[2023-10-18T23:58:40.118+0000] {processor.py:157} INFO - Started process (PID=452) to work on /home/airflow/.local/lib/python3.8/site-packages/airflow/example_dags/example_branch_labels.py
[2023-10-18T23:58:40.119+0000] {processor.py:829} INFO - Processing file /home/airflow/.local/lib/python3.8/site-packages/airflow/example_dags/example_branch_labels.py for tasks to queue
[2023-10-18T23:58:40.120+0000] {logging_mixin.py:151} INFO - [2023-10-18T23:58:40.120+0000] {dagbag.py:539} INFO - Filling up the DagBag from /home/airflow/.local/lib/python3.8/site-packages/airflow/example_dags/example_branch_labels.py
[2023-10-18T23:58:40.126+0000] {processor.py:839} INFO - DAG(s) dict_keys(['example_branch_labels']) retrieved from /home/airflow/.local/lib/python3.8/site-packages/airflow/example_dags/example_branch_labels.py
[2023-10-18T23:58:40.141+0000] {logging_mixin.py:151} INFO - [2023-10-18T23:58:40.141+0000] {dag.py:2915} INFO - Sync 1 DAGs
[2023-10-18T23:58:40.155+0000] {logging_mixin.py:151} INFO - [2023-10-18T23:58:40.155+0000] {dag.py:3696} INFO - Setting next_dagrun for example_branch_labels to 2023-10-17T00:00:00+00:00, run_after=2023-10-18T00:00:00+00:00
[2023-10-18T23:58:40.165+0000] {processor.py:179} INFO - Processing /home/airflow/.local/lib/python3.8/site-packages/airflow/example_dags/example_branch_labels.py took 0.049 seconds
[2023-10-18T23:59:10.392+0000] {processor.py:157} INFO - Started process (PID=508) to work on /home/airflow/.local/lib/python3.8/site-packages/airflow/example_dags/example_branch_labels.py
[2023-10-18T23:59:10.393+0000] {processor.py:829} INFO - Processing file /home/airflow/.local/lib/python3.8/site-packages/airflow/example_dags/example_branch_labels.py for tasks to queue
[2023-10-18T23:59:10.394+0000] {logging_mixin.py:151} INFO - [2023-10-18T23:59:10.394+0000] {dagbag.py:539} INFO - Filling up the DagBag from /home/airflow/.local/lib/python3.8/site-packages/airflow/example_dags/example_branch_labels.py
[2023-10-18T23:59:10.400+0000] {processor.py:839} INFO - DAG(s) dict_keys(['example_branch_labels']) retrieved from /home/airflow/.local/lib/python3.8/site-packages/airflow/example_dags/example_branch_labels.py
[2023-10-18T23:59:10.415+0000] {logging_mixin.py:151} INFO - [2023-10-18T23:59:10.415+0000] {dag.py:2915} INFO - Sync 1 DAGs
[2023-10-18T23:59:10.428+0000] {logging_mixin.py:151} INFO - [2023-10-18T23:59:10.428+0000] {dag.py:3696} INFO - Setting next_dagrun for example_branch_labels to 2023-10-17T00:00:00+00:00, run_after=2023-10-18T00:00:00+00:00
[2023-10-18T23:59:10.439+0000] {processor.py:179} INFO - Processing /home/airflow/.local/lib/python3.8/site-packages/airflow/example_dags/example_branch_labels.py took 0.050 seconds
[2023-10-18T23:59:40.798+0000] {processor.py:157} INFO - Started process (PID=564) to work on /home/airflow/.local/lib/python3.8/site-packages/airflow/example_dags/example_branch_labels.py
[2023-10-18T23:59:40.799+0000] {processor.py:829} INFO - Processing file /home/airflow/.local/lib/python3.8/site-packages/airflow/example_dags/example_branch_labels.py for tasks to queue
[2023-10-18T23:59:40.801+0000] {logging_mixin.py:151} INFO - [2023-10-18T23:59:40.801+0000] {dagbag.py:539} INFO - Filling up the DagBag from /home/airflow/.local/lib/python3.8/site-packages/airflow/example_dags/example_branch_labels.py
[2023-10-18T23:59:40.806+0000] {processor.py:839} INFO - DAG(s) dict_keys(['example_branch_labels']) retrieved from /home/airflow/.local/lib/python3.8/site-packages/airflow/example_dags/example_branch_labels.py
[2023-10-18T23:59:40.821+0000] {logging_mixin.py:151} INFO - [2023-10-18T23:59:40.821+0000] {dag.py:2915} INFO - Sync 1 DAGs
[2023-10-18T23:59:40.834+0000] {logging_mixin.py:151} INFO - [2023-10-18T23:59:40.834+0000] {dag.py:3696} INFO - Setting next_dagrun for example_branch_labels to 2023-10-17T00:00:00+00:00, run_after=2023-10-18T00:00:00+00:00
[2023-10-18T23:59:40.844+0000] {processor.py:179} INFO - Processing /home/airflow/.local/lib/python3.8/site-packages/airflow/example_dags/example_branch_labels.py took 0.048 seconds
