[2023-10-18T23:55:04.757+0000] {processor.py:157} INFO - Started process (PID=40) to work on /home/airflow/.local/lib/python3.8/site-packages/airflow/example_dags/example_nested_branch_dag.py
[2023-10-18T23:55:04.759+0000] {processor.py:829} INFO - Processing file /home/airflow/.local/lib/python3.8/site-packages/airflow/example_dags/example_nested_branch_dag.py for tasks to queue
[2023-10-18T23:55:04.762+0000] {logging_mixin.py:151} INFO - [2023-10-18T23:55:04.761+0000] {dagbag.py:539} INFO - Filling up the DagBag from /home/airflow/.local/lib/python3.8/site-packages/airflow/example_dags/example_nested_branch_dag.py
[2023-10-18T23:55:04.783+0000] {processor.py:839} INFO - DAG(s) dict_keys(['example_nested_branch_dag']) retrieved from /home/airflow/.local/lib/python3.8/site-packages/airflow/example_dags/example_nested_branch_dag.py
[2023-10-18T23:55:04.819+0000] {logging_mixin.py:151} INFO - [2023-10-18T23:55:04.819+0000] {dag.py:2915} INFO - Sync 1 DAGs
[2023-10-18T23:55:04.848+0000] {logging_mixin.py:151} INFO - [2023-10-18T23:55:04.848+0000] {dag.py:3696} INFO - Setting next_dagrun for example_nested_branch_dag to 2023-10-17T00:00:00+00:00, run_after=2023-10-18T00:00:00+00:00
[2023-10-18T23:55:04.863+0000] {processor.py:179} INFO - Processing /home/airflow/.local/lib/python3.8/site-packages/airflow/example_dags/example_nested_branch_dag.py took 0.109 seconds
[2023-10-18T23:55:35.743+0000] {processor.py:157} INFO - Started process (PID=96) to work on /home/airflow/.local/lib/python3.8/site-packages/airflow/example_dags/example_nested_branch_dag.py
[2023-10-18T23:55:35.744+0000] {processor.py:829} INFO - Processing file /home/airflow/.local/lib/python3.8/site-packages/airflow/example_dags/example_nested_branch_dag.py for tasks to queue
[2023-10-18T23:55:35.746+0000] {logging_mixin.py:151} INFO - [2023-10-18T23:55:35.745+0000] {dagbag.py:539} INFO - Filling up the DagBag from /home/airflow/.local/lib/python3.8/site-packages/airflow/example_dags/example_nested_branch_dag.py
[2023-10-18T23:55:35.753+0000] {processor.py:839} INFO - DAG(s) dict_keys(['example_nested_branch_dag']) retrieved from /home/airflow/.local/lib/python3.8/site-packages/airflow/example_dags/example_nested_branch_dag.py
[2023-10-18T23:55:35.770+0000] {logging_mixin.py:151} INFO - [2023-10-18T23:55:35.770+0000] {dag.py:2915} INFO - Sync 1 DAGs
[2023-10-18T23:55:35.786+0000] {logging_mixin.py:151} INFO - [2023-10-18T23:55:35.786+0000] {dag.py:3696} INFO - Setting next_dagrun for example_nested_branch_dag to 2023-10-17T00:00:00+00:00, run_after=2023-10-18T00:00:00+00:00
[2023-10-18T23:55:35.801+0000] {processor.py:179} INFO - Processing /home/airflow/.local/lib/python3.8/site-packages/airflow/example_dags/example_nested_branch_dag.py took 0.061 seconds
[2023-10-18T23:56:06.159+0000] {processor.py:157} INFO - Started process (PID=151) to work on /home/airflow/.local/lib/python3.8/site-packages/airflow/example_dags/example_nested_branch_dag.py
[2023-10-18T23:56:06.160+0000] {processor.py:829} INFO - Processing file /home/airflow/.local/lib/python3.8/site-packages/airflow/example_dags/example_nested_branch_dag.py for tasks to queue
[2023-10-18T23:56:06.161+0000] {logging_mixin.py:151} INFO - [2023-10-18T23:56:06.161+0000] {dagbag.py:539} INFO - Filling up the DagBag from /home/airflow/.local/lib/python3.8/site-packages/airflow/example_dags/example_nested_branch_dag.py
[2023-10-18T23:56:06.168+0000] {processor.py:839} INFO - DAG(s) dict_keys(['example_nested_branch_dag']) retrieved from /home/airflow/.local/lib/python3.8/site-packages/airflow/example_dags/example_nested_branch_dag.py
[2023-10-18T23:56:06.183+0000] {logging_mixin.py:151} INFO - [2023-10-18T23:56:06.183+0000] {dag.py:2915} INFO - Sync 1 DAGs
[2023-10-18T23:56:06.197+0000] {logging_mixin.py:151} INFO - [2023-10-18T23:56:06.197+0000] {dag.py:3696} INFO - Setting next_dagrun for example_nested_branch_dag to 2023-10-17T00:00:00+00:00, run_after=2023-10-18T00:00:00+00:00
[2023-10-18T23:56:06.210+0000] {processor.py:179} INFO - Processing /home/airflow/.local/lib/python3.8/site-packages/airflow/example_dags/example_nested_branch_dag.py took 0.054 seconds
[2023-10-18T23:56:36.658+0000] {processor.py:157} INFO - Started process (PID=207) to work on /home/airflow/.local/lib/python3.8/site-packages/airflow/example_dags/example_nested_branch_dag.py
[2023-10-18T23:56:36.659+0000] {processor.py:829} INFO - Processing file /home/airflow/.local/lib/python3.8/site-packages/airflow/example_dags/example_nested_branch_dag.py for tasks to queue
[2023-10-18T23:56:36.664+0000] {logging_mixin.py:151} INFO - [2023-10-18T23:56:36.663+0000] {dagbag.py:539} INFO - Filling up the DagBag from /home/airflow/.local/lib/python3.8/site-packages/airflow/example_dags/example_nested_branch_dag.py
[2023-10-18T23:56:36.670+0000] {processor.py:839} INFO - DAG(s) dict_keys(['example_nested_branch_dag']) retrieved from /home/airflow/.local/lib/python3.8/site-packages/airflow/example_dags/example_nested_branch_dag.py
[2023-10-18T23:56:36.687+0000] {logging_mixin.py:151} INFO - [2023-10-18T23:56:36.687+0000] {dag.py:2915} INFO - Sync 1 DAGs
[2023-10-18T23:56:36.703+0000] {logging_mixin.py:151} INFO - [2023-10-18T23:56:36.702+0000] {dag.py:3696} INFO - Setting next_dagrun for example_nested_branch_dag to 2023-10-17T00:00:00+00:00, run_after=2023-10-18T00:00:00+00:00
[2023-10-18T23:56:36.714+0000] {processor.py:179} INFO - Processing /home/airflow/.local/lib/python3.8/site-packages/airflow/example_dags/example_nested_branch_dag.py took 0.058 seconds
[2023-10-18T23:57:07.111+0000] {processor.py:157} INFO - Started process (PID=263) to work on /home/airflow/.local/lib/python3.8/site-packages/airflow/example_dags/example_nested_branch_dag.py
[2023-10-18T23:57:07.113+0000] {processor.py:829} INFO - Processing file /home/airflow/.local/lib/python3.8/site-packages/airflow/example_dags/example_nested_branch_dag.py for tasks to queue
[2023-10-18T23:57:07.115+0000] {logging_mixin.py:151} INFO - [2023-10-18T23:57:07.115+0000] {dagbag.py:539} INFO - Filling up the DagBag from /home/airflow/.local/lib/python3.8/site-packages/airflow/example_dags/example_nested_branch_dag.py
[2023-10-18T23:57:07.122+0000] {processor.py:839} INFO - DAG(s) dict_keys(['example_nested_branch_dag']) retrieved from /home/airflow/.local/lib/python3.8/site-packages/airflow/example_dags/example_nested_branch_dag.py
[2023-10-18T23:57:07.140+0000] {logging_mixin.py:151} INFO - [2023-10-18T23:57:07.140+0000] {dag.py:2915} INFO - Sync 1 DAGs
[2023-10-18T23:57:07.156+0000] {logging_mixin.py:151} INFO - [2023-10-18T23:57:07.156+0000] {dag.py:3696} INFO - Setting next_dagrun for example_nested_branch_dag to 2023-10-17T00:00:00+00:00, run_after=2023-10-18T00:00:00+00:00
[2023-10-18T23:57:07.170+0000] {processor.py:179} INFO - Processing /home/airflow/.local/lib/python3.8/site-packages/airflow/example_dags/example_nested_branch_dag.py took 0.062 seconds
[2023-10-18T23:57:37.417+0000] {processor.py:157} INFO - Started process (PID=319) to work on /home/airflow/.local/lib/python3.8/site-packages/airflow/example_dags/example_nested_branch_dag.py
[2023-10-18T23:57:37.418+0000] {processor.py:829} INFO - Processing file /home/airflow/.local/lib/python3.8/site-packages/airflow/example_dags/example_nested_branch_dag.py for tasks to queue
[2023-10-18T23:57:37.420+0000] {logging_mixin.py:151} INFO - [2023-10-18T23:57:37.420+0000] {dagbag.py:539} INFO - Filling up the DagBag from /home/airflow/.local/lib/python3.8/site-packages/airflow/example_dags/example_nested_branch_dag.py
[2023-10-18T23:57:37.428+0000] {processor.py:839} INFO - DAG(s) dict_keys(['example_nested_branch_dag']) retrieved from /home/airflow/.local/lib/python3.8/site-packages/airflow/example_dags/example_nested_branch_dag.py
[2023-10-18T23:57:37.443+0000] {logging_mixin.py:151} INFO - [2023-10-18T23:57:37.443+0000] {dag.py:2915} INFO - Sync 1 DAGs
[2023-10-18T23:57:37.458+0000] {logging_mixin.py:151} INFO - [2023-10-18T23:57:37.458+0000] {dag.py:3696} INFO - Setting next_dagrun for example_nested_branch_dag to 2023-10-17T00:00:00+00:00, run_after=2023-10-18T00:00:00+00:00
[2023-10-18T23:57:37.470+0000] {processor.py:179} INFO - Processing /home/airflow/.local/lib/python3.8/site-packages/airflow/example_dags/example_nested_branch_dag.py took 0.056 seconds
[2023-10-18T23:58:07.932+0000] {processor.py:157} INFO - Started process (PID=375) to work on /home/airflow/.local/lib/python3.8/site-packages/airflow/example_dags/example_nested_branch_dag.py
[2023-10-18T23:58:07.933+0000] {processor.py:829} INFO - Processing file /home/airflow/.local/lib/python3.8/site-packages/airflow/example_dags/example_nested_branch_dag.py for tasks to queue
[2023-10-18T23:58:07.934+0000] {logging_mixin.py:151} INFO - [2023-10-18T23:58:07.934+0000] {dagbag.py:539} INFO - Filling up the DagBag from /home/airflow/.local/lib/python3.8/site-packages/airflow/example_dags/example_nested_branch_dag.py
[2023-10-18T23:58:07.941+0000] {processor.py:839} INFO - DAG(s) dict_keys(['example_nested_branch_dag']) retrieved from /home/airflow/.local/lib/python3.8/site-packages/airflow/example_dags/example_nested_branch_dag.py
[2023-10-18T23:58:07.956+0000] {logging_mixin.py:151} INFO - [2023-10-18T23:58:07.955+0000] {dag.py:2915} INFO - Sync 1 DAGs
[2023-10-18T23:58:07.971+0000] {logging_mixin.py:151} INFO - [2023-10-18T23:58:07.971+0000] {dag.py:3696} INFO - Setting next_dagrun for example_nested_branch_dag to 2023-10-17T00:00:00+00:00, run_after=2023-10-18T00:00:00+00:00
[2023-10-18T23:58:07.981+0000] {processor.py:179} INFO - Processing /home/airflow/.local/lib/python3.8/site-packages/airflow/example_dags/example_nested_branch_dag.py took 0.052 seconds
[2023-10-18T23:58:38.225+0000] {processor.py:157} INFO - Started process (PID=431) to work on /home/airflow/.local/lib/python3.8/site-packages/airflow/example_dags/example_nested_branch_dag.py
[2023-10-18T23:58:38.226+0000] {processor.py:829} INFO - Processing file /home/airflow/.local/lib/python3.8/site-packages/airflow/example_dags/example_nested_branch_dag.py for tasks to queue
[2023-10-18T23:58:38.227+0000] {logging_mixin.py:151} INFO - [2023-10-18T23:58:38.227+0000] {dagbag.py:539} INFO - Filling up the DagBag from /home/airflow/.local/lib/python3.8/site-packages/airflow/example_dags/example_nested_branch_dag.py
[2023-10-18T23:58:38.234+0000] {processor.py:839} INFO - DAG(s) dict_keys(['example_nested_branch_dag']) retrieved from /home/airflow/.local/lib/python3.8/site-packages/airflow/example_dags/example_nested_branch_dag.py
[2023-10-18T23:58:38.249+0000] {logging_mixin.py:151} INFO - [2023-10-18T23:58:38.249+0000] {dag.py:2915} INFO - Sync 1 DAGs
[2023-10-18T23:58:38.265+0000] {logging_mixin.py:151} INFO - [2023-10-18T23:58:38.264+0000] {dag.py:3696} INFO - Setting next_dagrun for example_nested_branch_dag to 2023-10-17T00:00:00+00:00, run_after=2023-10-18T00:00:00+00:00
[2023-10-18T23:58:38.275+0000] {processor.py:179} INFO - Processing /home/airflow/.local/lib/python3.8/site-packages/airflow/example_dags/example_nested_branch_dag.py took 0.053 seconds
[2023-10-18T23:59:08.532+0000] {processor.py:157} INFO - Started process (PID=487) to work on /home/airflow/.local/lib/python3.8/site-packages/airflow/example_dags/example_nested_branch_dag.py
[2023-10-18T23:59:08.533+0000] {processor.py:829} INFO - Processing file /home/airflow/.local/lib/python3.8/site-packages/airflow/example_dags/example_nested_branch_dag.py for tasks to queue
[2023-10-18T23:59:08.534+0000] {logging_mixin.py:151} INFO - [2023-10-18T23:59:08.534+0000] {dagbag.py:539} INFO - Filling up the DagBag from /home/airflow/.local/lib/python3.8/site-packages/airflow/example_dags/example_nested_branch_dag.py
[2023-10-18T23:59:08.541+0000] {processor.py:839} INFO - DAG(s) dict_keys(['example_nested_branch_dag']) retrieved from /home/airflow/.local/lib/python3.8/site-packages/airflow/example_dags/example_nested_branch_dag.py
[2023-10-18T23:59:08.556+0000] {logging_mixin.py:151} INFO - [2023-10-18T23:59:08.556+0000] {dag.py:2915} INFO - Sync 1 DAGs
[2023-10-18T23:59:08.570+0000] {logging_mixin.py:151} INFO - [2023-10-18T23:59:08.570+0000] {dag.py:3696} INFO - Setting next_dagrun for example_nested_branch_dag to 2023-10-17T00:00:00+00:00, run_after=2023-10-18T00:00:00+00:00
[2023-10-18T23:59:08.581+0000] {processor.py:179} INFO - Processing /home/airflow/.local/lib/python3.8/site-packages/airflow/example_dags/example_nested_branch_dag.py took 0.052 seconds
[2023-10-18T23:59:38.823+0000] {processor.py:157} INFO - Started process (PID=543) to work on /home/airflow/.local/lib/python3.8/site-packages/airflow/example_dags/example_nested_branch_dag.py
[2023-10-18T23:59:38.825+0000] {processor.py:829} INFO - Processing file /home/airflow/.local/lib/python3.8/site-packages/airflow/example_dags/example_nested_branch_dag.py for tasks to queue
[2023-10-18T23:59:38.826+0000] {logging_mixin.py:151} INFO - [2023-10-18T23:59:38.826+0000] {dagbag.py:539} INFO - Filling up the DagBag from /home/airflow/.local/lib/python3.8/site-packages/airflow/example_dags/example_nested_branch_dag.py
[2023-10-18T23:59:38.833+0000] {processor.py:839} INFO - DAG(s) dict_keys(['example_nested_branch_dag']) retrieved from /home/airflow/.local/lib/python3.8/site-packages/airflow/example_dags/example_nested_branch_dag.py
[2023-10-18T23:59:38.849+0000] {logging_mixin.py:151} INFO - [2023-10-18T23:59:38.849+0000] {dag.py:2915} INFO - Sync 1 DAGs
[2023-10-18T23:59:38.864+0000] {logging_mixin.py:151} INFO - [2023-10-18T23:59:38.864+0000] {dag.py:3696} INFO - Setting next_dagrun for example_nested_branch_dag to 2023-10-17T00:00:00+00:00, run_after=2023-10-18T00:00:00+00:00
[2023-10-18T23:59:38.877+0000] {processor.py:179} INFO - Processing /home/airflow/.local/lib/python3.8/site-packages/airflow/example_dags/example_nested_branch_dag.py took 0.057 seconds
