[2023-10-18T23:55:05.357+0000] {processor.py:157} INFO - Started process (PID=46) to work on /home/airflow/.local/lib/python3.8/site-packages/airflow/example_dags/example_complex.py
[2023-10-18T23:55:05.359+0000] {processor.py:829} INFO - Processing file /home/airflow/.local/lib/python3.8/site-packages/airflow/example_dags/example_complex.py for tasks to queue
[2023-10-18T23:55:05.361+0000] {logging_mixin.py:151} INFO - [2023-10-18T23:55:05.361+0000] {dagbag.py:539} INFO - Filling up the DagBag from /home/airflow/.local/lib/python3.8/site-packages/airflow/example_dags/example_complex.py
[2023-10-18T23:55:05.373+0000] {processor.py:839} INFO - DAG(s) dict_keys(['example_complex']) retrieved from /home/airflow/.local/lib/python3.8/site-packages/airflow/example_dags/example_complex.py
[2023-10-18T23:55:05.442+0000] {logging_mixin.py:151} INFO - [2023-10-18T23:55:05.442+0000] {dag.py:2915} INFO - Sync 1 DAGs
[2023-10-18T23:55:05.462+0000] {logging_mixin.py:151} INFO - [2023-10-18T23:55:05.461+0000] {dag.py:3696} INFO - Setting next_dagrun for example_complex to None, run_after=None
[2023-10-18T23:55:05.479+0000] {processor.py:179} INFO - Processing /home/airflow/.local/lib/python3.8/site-packages/airflow/example_dags/example_complex.py took 0.125 seconds
[2023-10-18T23:55:36.027+0000] {processor.py:157} INFO - Started process (PID=102) to work on /home/airflow/.local/lib/python3.8/site-packages/airflow/example_dags/example_complex.py
[2023-10-18T23:55:36.028+0000] {processor.py:829} INFO - Processing file /home/airflow/.local/lib/python3.8/site-packages/airflow/example_dags/example_complex.py for tasks to queue
[2023-10-18T23:55:36.030+0000] {logging_mixin.py:151} INFO - [2023-10-18T23:55:36.030+0000] {dagbag.py:539} INFO - Filling up the DagBag from /home/airflow/.local/lib/python3.8/site-packages/airflow/example_dags/example_complex.py
[2023-10-18T23:55:36.037+0000] {processor.py:839} INFO - DAG(s) dict_keys(['example_complex']) retrieved from /home/airflow/.local/lib/python3.8/site-packages/airflow/example_dags/example_complex.py
[2023-10-18T23:55:36.057+0000] {logging_mixin.py:151} INFO - [2023-10-18T23:55:36.057+0000] {dag.py:2915} INFO - Sync 1 DAGs
[2023-10-18T23:55:36.065+0000] {logging_mixin.py:151} INFO - [2023-10-18T23:55:36.065+0000] {dag.py:3696} INFO - Setting next_dagrun for example_complex to None, run_after=None
[2023-10-18T23:55:36.077+0000] {processor.py:179} INFO - Processing /home/airflow/.local/lib/python3.8/site-packages/airflow/example_dags/example_complex.py took 0.052 seconds
[2023-10-18T23:56:06.525+0000] {processor.py:157} INFO - Started process (PID=158) to work on /home/airflow/.local/lib/python3.8/site-packages/airflow/example_dags/example_complex.py
[2023-10-18T23:56:06.526+0000] {processor.py:829} INFO - Processing file /home/airflow/.local/lib/python3.8/site-packages/airflow/example_dags/example_complex.py for tasks to queue
[2023-10-18T23:56:06.528+0000] {logging_mixin.py:151} INFO - [2023-10-18T23:56:06.528+0000] {dagbag.py:539} INFO - Filling up the DagBag from /home/airflow/.local/lib/python3.8/site-packages/airflow/example_dags/example_complex.py
[2023-10-18T23:56:06.535+0000] {processor.py:839} INFO - DAG(s) dict_keys(['example_complex']) retrieved from /home/airflow/.local/lib/python3.8/site-packages/airflow/example_dags/example_complex.py
[2023-10-18T23:56:06.557+0000] {logging_mixin.py:151} INFO - [2023-10-18T23:56:06.557+0000] {dag.py:2915} INFO - Sync 1 DAGs
[2023-10-18T23:56:06.565+0000] {logging_mixin.py:151} INFO - [2023-10-18T23:56:06.565+0000] {dag.py:3696} INFO - Setting next_dagrun for example_complex to None, run_after=None
[2023-10-18T23:56:06.577+0000] {processor.py:179} INFO - Processing /home/airflow/.local/lib/python3.8/site-packages/airflow/example_dags/example_complex.py took 0.055 seconds
[2023-10-18T23:56:36.943+0000] {processor.py:157} INFO - Started process (PID=214) to work on /home/airflow/.local/lib/python3.8/site-packages/airflow/example_dags/example_complex.py
[2023-10-18T23:56:36.944+0000] {processor.py:829} INFO - Processing file /home/airflow/.local/lib/python3.8/site-packages/airflow/example_dags/example_complex.py for tasks to queue
[2023-10-18T23:56:36.946+0000] {logging_mixin.py:151} INFO - [2023-10-18T23:56:36.946+0000] {dagbag.py:539} INFO - Filling up the DagBag from /home/airflow/.local/lib/python3.8/site-packages/airflow/example_dags/example_complex.py
[2023-10-18T23:56:36.953+0000] {processor.py:839} INFO - DAG(s) dict_keys(['example_complex']) retrieved from /home/airflow/.local/lib/python3.8/site-packages/airflow/example_dags/example_complex.py
[2023-10-18T23:56:36.975+0000] {logging_mixin.py:151} INFO - [2023-10-18T23:56:36.975+0000] {dag.py:2915} INFO - Sync 1 DAGs
[2023-10-18T23:56:36.985+0000] {logging_mixin.py:151} INFO - [2023-10-18T23:56:36.985+0000] {dag.py:3696} INFO - Setting next_dagrun for example_complex to None, run_after=None
[2023-10-18T23:56:37.000+0000] {processor.py:179} INFO - Processing /home/airflow/.local/lib/python3.8/site-packages/airflow/example_dags/example_complex.py took 0.060 seconds
[2023-10-18T23:57:07.606+0000] {processor.py:157} INFO - Started process (PID=270) to work on /home/airflow/.local/lib/python3.8/site-packages/airflow/example_dags/example_complex.py
[2023-10-18T23:57:07.607+0000] {processor.py:829} INFO - Processing file /home/airflow/.local/lib/python3.8/site-packages/airflow/example_dags/example_complex.py for tasks to queue
[2023-10-18T23:57:07.609+0000] {logging_mixin.py:151} INFO - [2023-10-18T23:57:07.609+0000] {dagbag.py:539} INFO - Filling up the DagBag from /home/airflow/.local/lib/python3.8/site-packages/airflow/example_dags/example_complex.py
[2023-10-18T23:57:07.616+0000] {processor.py:839} INFO - DAG(s) dict_keys(['example_complex']) retrieved from /home/airflow/.local/lib/python3.8/site-packages/airflow/example_dags/example_complex.py
[2023-10-18T23:57:07.641+0000] {logging_mixin.py:151} INFO - [2023-10-18T23:57:07.640+0000] {dag.py:2915} INFO - Sync 1 DAGs
[2023-10-18T23:57:07.651+0000] {logging_mixin.py:151} INFO - [2023-10-18T23:57:07.651+0000] {dag.py:3696} INFO - Setting next_dagrun for example_complex to None, run_after=None
[2023-10-18T23:57:07.665+0000] {processor.py:179} INFO - Processing /home/airflow/.local/lib/python3.8/site-packages/airflow/example_dags/example_complex.py took 0.062 seconds
[2023-10-18T23:57:37.759+0000] {processor.py:157} INFO - Started process (PID=326) to work on /home/airflow/.local/lib/python3.8/site-packages/airflow/example_dags/example_complex.py
[2023-10-18T23:57:37.760+0000] {processor.py:829} INFO - Processing file /home/airflow/.local/lib/python3.8/site-packages/airflow/example_dags/example_complex.py for tasks to queue
[2023-10-18T23:57:37.763+0000] {logging_mixin.py:151} INFO - [2023-10-18T23:57:37.763+0000] {dagbag.py:539} INFO - Filling up the DagBag from /home/airflow/.local/lib/python3.8/site-packages/airflow/example_dags/example_complex.py
[2023-10-18T23:57:37.770+0000] {processor.py:839} INFO - DAG(s) dict_keys(['example_complex']) retrieved from /home/airflow/.local/lib/python3.8/site-packages/airflow/example_dags/example_complex.py
[2023-10-18T23:57:37.793+0000] {logging_mixin.py:151} INFO - [2023-10-18T23:57:37.793+0000] {dag.py:2915} INFO - Sync 1 DAGs
[2023-10-18T23:57:37.802+0000] {logging_mixin.py:151} INFO - [2023-10-18T23:57:37.802+0000] {dag.py:3696} INFO - Setting next_dagrun for example_complex to None, run_after=None
[2023-10-18T23:57:37.815+0000] {processor.py:179} INFO - Processing /home/airflow/.local/lib/python3.8/site-packages/airflow/example_dags/example_complex.py took 0.059 seconds
[2023-10-18T23:58:08.166+0000] {processor.py:157} INFO - Started process (PID=382) to work on /home/airflow/.local/lib/python3.8/site-packages/airflow/example_dags/example_complex.py
[2023-10-18T23:58:08.167+0000] {processor.py:829} INFO - Processing file /home/airflow/.local/lib/python3.8/site-packages/airflow/example_dags/example_complex.py for tasks to queue
[2023-10-18T23:58:08.169+0000] {logging_mixin.py:151} INFO - [2023-10-18T23:58:08.168+0000] {dagbag.py:539} INFO - Filling up the DagBag from /home/airflow/.local/lib/python3.8/site-packages/airflow/example_dags/example_complex.py
[2023-10-18T23:58:08.176+0000] {processor.py:839} INFO - DAG(s) dict_keys(['example_complex']) retrieved from /home/airflow/.local/lib/python3.8/site-packages/airflow/example_dags/example_complex.py
[2023-10-18T23:58:08.196+0000] {logging_mixin.py:151} INFO - [2023-10-18T23:58:08.196+0000] {dag.py:2915} INFO - Sync 1 DAGs
[2023-10-18T23:58:08.205+0000] {logging_mixin.py:151} INFO - [2023-10-18T23:58:08.204+0000] {dag.py:3696} INFO - Setting next_dagrun for example_complex to None, run_after=None
[2023-10-18T23:58:08.216+0000] {processor.py:179} INFO - Processing /home/airflow/.local/lib/python3.8/site-packages/airflow/example_dags/example_complex.py took 0.053 seconds
[2023-10-18T23:58:38.427+0000] {processor.py:157} INFO - Started process (PID=437) to work on /home/airflow/.local/lib/python3.8/site-packages/airflow/example_dags/example_complex.py
[2023-10-18T23:58:38.428+0000] {processor.py:829} INFO - Processing file /home/airflow/.local/lib/python3.8/site-packages/airflow/example_dags/example_complex.py for tasks to queue
[2023-10-18T23:58:38.429+0000] {logging_mixin.py:151} INFO - [2023-10-18T23:58:38.429+0000] {dagbag.py:539} INFO - Filling up the DagBag from /home/airflow/.local/lib/python3.8/site-packages/airflow/example_dags/example_complex.py
[2023-10-18T23:58:38.437+0000] {processor.py:839} INFO - DAG(s) dict_keys(['example_complex']) retrieved from /home/airflow/.local/lib/python3.8/site-packages/airflow/example_dags/example_complex.py
[2023-10-18T23:58:38.456+0000] {logging_mixin.py:151} INFO - [2023-10-18T23:58:38.456+0000] {dag.py:2915} INFO - Sync 1 DAGs
[2023-10-18T23:58:38.465+0000] {logging_mixin.py:151} INFO - [2023-10-18T23:58:38.465+0000] {dag.py:3696} INFO - Setting next_dagrun for example_complex to None, run_after=None
[2023-10-18T23:58:38.476+0000] {processor.py:179} INFO - Processing /home/airflow/.local/lib/python3.8/site-packages/airflow/example_dags/example_complex.py took 0.052 seconds
[2023-10-18T23:59:08.727+0000] {processor.py:157} INFO - Started process (PID=493) to work on /home/airflow/.local/lib/python3.8/site-packages/airflow/example_dags/example_complex.py
[2023-10-18T23:59:08.728+0000] {processor.py:829} INFO - Processing file /home/airflow/.local/lib/python3.8/site-packages/airflow/example_dags/example_complex.py for tasks to queue
[2023-10-18T23:59:08.730+0000] {logging_mixin.py:151} INFO - [2023-10-18T23:59:08.730+0000] {dagbag.py:539} INFO - Filling up the DagBag from /home/airflow/.local/lib/python3.8/site-packages/airflow/example_dags/example_complex.py
[2023-10-18T23:59:08.737+0000] {processor.py:839} INFO - DAG(s) dict_keys(['example_complex']) retrieved from /home/airflow/.local/lib/python3.8/site-packages/airflow/example_dags/example_complex.py
[2023-10-18T23:59:08.757+0000] {logging_mixin.py:151} INFO - [2023-10-18T23:59:08.757+0000] {dag.py:2915} INFO - Sync 1 DAGs
[2023-10-18T23:59:08.765+0000] {logging_mixin.py:151} INFO - [2023-10-18T23:59:08.765+0000] {dag.py:3696} INFO - Setting next_dagrun for example_complex to None, run_after=None
[2023-10-18T23:59:08.776+0000] {processor.py:179} INFO - Processing /home/airflow/.local/lib/python3.8/site-packages/airflow/example_dags/example_complex.py took 0.052 seconds
[2023-10-18T23:59:39.042+0000] {processor.py:157} INFO - Started process (PID=549) to work on /home/airflow/.local/lib/python3.8/site-packages/airflow/example_dags/example_complex.py
[2023-10-18T23:59:39.043+0000] {processor.py:829} INFO - Processing file /home/airflow/.local/lib/python3.8/site-packages/airflow/example_dags/example_complex.py for tasks to queue
[2023-10-18T23:59:39.045+0000] {logging_mixin.py:151} INFO - [2023-10-18T23:59:39.045+0000] {dagbag.py:539} INFO - Filling up the DagBag from /home/airflow/.local/lib/python3.8/site-packages/airflow/example_dags/example_complex.py
[2023-10-18T23:59:39.052+0000] {processor.py:839} INFO - DAG(s) dict_keys(['example_complex']) retrieved from /home/airflow/.local/lib/python3.8/site-packages/airflow/example_dags/example_complex.py
[2023-10-18T23:59:39.077+0000] {logging_mixin.py:151} INFO - [2023-10-18T23:59:39.076+0000] {dag.py:2915} INFO - Sync 1 DAGs
[2023-10-18T23:59:39.086+0000] {logging_mixin.py:151} INFO - [2023-10-18T23:59:39.085+0000] {dag.py:3696} INFO - Setting next_dagrun for example_complex to None, run_after=None
[2023-10-18T23:59:39.098+0000] {processor.py:179} INFO - Processing /home/airflow/.local/lib/python3.8/site-packages/airflow/example_dags/example_complex.py took 0.059 seconds
