[2023-10-18T23:55:05.445+0000] {processor.py:157} INFO - Started process (PID=47) to work on /home/airflow/.local/lib/python3.8/site-packages/airflow/example_dags/example_xcomargs.py
[2023-10-18T23:55:05.446+0000] {processor.py:829} INFO - Processing file /home/airflow/.local/lib/python3.8/site-packages/airflow/example_dags/example_xcomargs.py for tasks to queue
[2023-10-18T23:55:05.455+0000] {logging_mixin.py:151} INFO - [2023-10-18T23:55:05.454+0000] {dagbag.py:539} INFO - Filling up the DagBag from /home/airflow/.local/lib/python3.8/site-packages/airflow/example_dags/example_xcomargs.py
[2023-10-18T23:55:05.470+0000] {processor.py:839} INFO - DAG(s) dict_keys(['example_xcom_args', 'example_xcom_args_with_operators']) retrieved from /home/airflow/.local/lib/python3.8/site-packages/airflow/example_dags/example_xcomargs.py
[2023-10-18T23:55:05.497+0000] {logging_mixin.py:151} INFO - [2023-10-18T23:55:05.496+0000] {dag.py:2915} INFO - Sync 2 DAGs
[2023-10-18T23:55:05.506+0000] {logging_mixin.py:151} INFO - [2023-10-18T23:55:05.506+0000] {dag.py:3696} INFO - Setting next_dagrun for example_xcom_args to None, run_after=None
[2023-10-18T23:55:05.510+0000] {logging_mixin.py:151} INFO - [2023-10-18T23:55:05.510+0000] {dag.py:3696} INFO - Setting next_dagrun for example_xcom_args_with_operators to None, run_after=None
[2023-10-18T23:55:05.523+0000] {processor.py:179} INFO - Processing /home/airflow/.local/lib/python3.8/site-packages/airflow/example_dags/example_xcomargs.py took 0.083 seconds
[2023-10-18T23:55:36.083+0000] {processor.py:157} INFO - Started process (PID=103) to work on /home/airflow/.local/lib/python3.8/site-packages/airflow/example_dags/example_xcomargs.py
[2023-10-18T23:55:36.084+0000] {processor.py:829} INFO - Processing file /home/airflow/.local/lib/python3.8/site-packages/airflow/example_dags/example_xcomargs.py for tasks to queue
[2023-10-18T23:55:36.086+0000] {logging_mixin.py:151} INFO - [2023-10-18T23:55:36.086+0000] {dagbag.py:539} INFO - Filling up the DagBag from /home/airflow/.local/lib/python3.8/site-packages/airflow/example_dags/example_xcomargs.py
[2023-10-18T23:55:36.091+0000] {processor.py:839} INFO - DAG(s) dict_keys(['example_xcom_args_with_operators', 'example_xcom_args']) retrieved from /home/airflow/.local/lib/python3.8/site-packages/airflow/example_dags/example_xcomargs.py
[2023-10-18T23:55:36.116+0000] {logging_mixin.py:151} INFO - [2023-10-18T23:55:36.116+0000] {dag.py:2915} INFO - Sync 2 DAGs
[2023-10-18T23:55:36.124+0000] {logging_mixin.py:151} INFO - [2023-10-18T23:55:36.124+0000] {dag.py:3696} INFO - Setting next_dagrun for example_xcom_args to None, run_after=None
[2023-10-18T23:55:36.127+0000] {logging_mixin.py:151} INFO - [2023-10-18T23:55:36.127+0000] {dag.py:3696} INFO - Setting next_dagrun for example_xcom_args_with_operators to None, run_after=None
[2023-10-18T23:55:36.137+0000] {processor.py:179} INFO - Processing /home/airflow/.local/lib/python3.8/site-packages/airflow/example_dags/example_xcomargs.py took 0.056 seconds
[2023-10-18T23:56:06.550+0000] {processor.py:157} INFO - Started process (PID=159) to work on /home/airflow/.local/lib/python3.8/site-packages/airflow/example_dags/example_xcomargs.py
[2023-10-18T23:56:06.551+0000] {processor.py:829} INFO - Processing file /home/airflow/.local/lib/python3.8/site-packages/airflow/example_dags/example_xcomargs.py for tasks to queue
[2023-10-18T23:56:06.552+0000] {logging_mixin.py:151} INFO - [2023-10-18T23:56:06.552+0000] {dagbag.py:539} INFO - Filling up the DagBag from /home/airflow/.local/lib/python3.8/site-packages/airflow/example_dags/example_xcomargs.py
[2023-10-18T23:56:06.558+0000] {processor.py:839} INFO - DAG(s) dict_keys(['example_xcom_args_with_operators', 'example_xcom_args']) retrieved from /home/airflow/.local/lib/python3.8/site-packages/airflow/example_dags/example_xcomargs.py
[2023-10-18T23:56:06.575+0000] {logging_mixin.py:151} INFO - [2023-10-18T23:56:06.575+0000] {dag.py:2915} INFO - Sync 2 DAGs
[2023-10-18T23:56:06.584+0000] {logging_mixin.py:151} INFO - [2023-10-18T23:56:06.584+0000] {dag.py:3696} INFO - Setting next_dagrun for example_xcom_args to None, run_after=None
[2023-10-18T23:56:06.588+0000] {logging_mixin.py:151} INFO - [2023-10-18T23:56:06.588+0000] {dag.py:3696} INFO - Setting next_dagrun for example_xcom_args_with_operators to None, run_after=None
[2023-10-18T23:56:06.607+0000] {processor.py:179} INFO - Processing /home/airflow/.local/lib/python3.8/site-packages/airflow/example_dags/example_xcomargs.py took 0.060 seconds
[2023-10-18T23:56:37.018+0000] {processor.py:157} INFO - Started process (PID=215) to work on /home/airflow/.local/lib/python3.8/site-packages/airflow/example_dags/example_xcomargs.py
[2023-10-18T23:56:37.020+0000] {processor.py:829} INFO - Processing file /home/airflow/.local/lib/python3.8/site-packages/airflow/example_dags/example_xcomargs.py for tasks to queue
[2023-10-18T23:56:37.021+0000] {logging_mixin.py:151} INFO - [2023-10-18T23:56:37.021+0000] {dagbag.py:539} INFO - Filling up the DagBag from /home/airflow/.local/lib/python3.8/site-packages/airflow/example_dags/example_xcomargs.py
[2023-10-18T23:56:37.027+0000] {processor.py:839} INFO - DAG(s) dict_keys(['example_xcom_args', 'example_xcom_args_with_operators']) retrieved from /home/airflow/.local/lib/python3.8/site-packages/airflow/example_dags/example_xcomargs.py
[2023-10-18T23:56:37.046+0000] {logging_mixin.py:151} INFO - [2023-10-18T23:56:37.045+0000] {dag.py:2915} INFO - Sync 2 DAGs
[2023-10-18T23:56:37.054+0000] {logging_mixin.py:151} INFO - [2023-10-18T23:56:37.054+0000] {dag.py:3696} INFO - Setting next_dagrun for example_xcom_args to None, run_after=None
[2023-10-18T23:56:37.057+0000] {logging_mixin.py:151} INFO - [2023-10-18T23:56:37.057+0000] {dag.py:3696} INFO - Setting next_dagrun for example_xcom_args_with_operators to None, run_after=None
[2023-10-18T23:56:37.067+0000] {processor.py:179} INFO - Processing /home/airflow/.local/lib/python3.8/site-packages/airflow/example_dags/example_xcomargs.py took 0.051 seconds
[2023-10-18T23:57:07.662+0000] {processor.py:157} INFO - Started process (PID=271) to work on /home/airflow/.local/lib/python3.8/site-packages/airflow/example_dags/example_xcomargs.py
[2023-10-18T23:57:07.663+0000] {processor.py:829} INFO - Processing file /home/airflow/.local/lib/python3.8/site-packages/airflow/example_dags/example_xcomargs.py for tasks to queue
[2023-10-18T23:57:07.664+0000] {logging_mixin.py:151} INFO - [2023-10-18T23:57:07.664+0000] {dagbag.py:539} INFO - Filling up the DagBag from /home/airflow/.local/lib/python3.8/site-packages/airflow/example_dags/example_xcomargs.py
[2023-10-18T23:57:07.671+0000] {processor.py:839} INFO - DAG(s) dict_keys(['example_xcom_args', 'example_xcom_args_with_operators']) retrieved from /home/airflow/.local/lib/python3.8/site-packages/airflow/example_dags/example_xcomargs.py
[2023-10-18T23:57:07.690+0000] {logging_mixin.py:151} INFO - [2023-10-18T23:57:07.690+0000] {dag.py:2915} INFO - Sync 2 DAGs
[2023-10-18T23:57:07.699+0000] {logging_mixin.py:151} INFO - [2023-10-18T23:57:07.699+0000] {dag.py:3696} INFO - Setting next_dagrun for example_xcom_args to None, run_after=None
[2023-10-18T23:57:07.701+0000] {logging_mixin.py:151} INFO - [2023-10-18T23:57:07.701+0000] {dag.py:3696} INFO - Setting next_dagrun for example_xcom_args_with_operators to None, run_after=None
[2023-10-18T23:57:07.723+0000] {processor.py:179} INFO - Processing /home/airflow/.local/lib/python3.8/site-packages/airflow/example_dags/example_xcomargs.py took 0.065 seconds
[2023-10-18T23:57:37.832+0000] {processor.py:157} INFO - Started process (PID=327) to work on /home/airflow/.local/lib/python3.8/site-packages/airflow/example_dags/example_xcomargs.py
[2023-10-18T23:57:37.833+0000] {processor.py:829} INFO - Processing file /home/airflow/.local/lib/python3.8/site-packages/airflow/example_dags/example_xcomargs.py for tasks to queue
[2023-10-18T23:57:37.835+0000] {logging_mixin.py:151} INFO - [2023-10-18T23:57:37.834+0000] {dagbag.py:539} INFO - Filling up the DagBag from /home/airflow/.local/lib/python3.8/site-packages/airflow/example_dags/example_xcomargs.py
[2023-10-18T23:57:37.841+0000] {processor.py:839} INFO - DAG(s) dict_keys(['example_xcom_args', 'example_xcom_args_with_operators']) retrieved from /home/airflow/.local/lib/python3.8/site-packages/airflow/example_dags/example_xcomargs.py
[2023-10-18T23:57:37.858+0000] {logging_mixin.py:151} INFO - [2023-10-18T23:57:37.858+0000] {dag.py:2915} INFO - Sync 2 DAGs
[2023-10-18T23:57:37.867+0000] {logging_mixin.py:151} INFO - [2023-10-18T23:57:37.867+0000] {dag.py:3696} INFO - Setting next_dagrun for example_xcom_args to None, run_after=None
[2023-10-18T23:57:37.869+0000] {logging_mixin.py:151} INFO - [2023-10-18T23:57:37.869+0000] {dag.py:3696} INFO - Setting next_dagrun for example_xcom_args_with_operators to None, run_after=None
[2023-10-18T23:57:37.881+0000] {processor.py:179} INFO - Processing /home/airflow/.local/lib/python3.8/site-packages/airflow/example_dags/example_xcomargs.py took 0.052 seconds
[2023-10-18T23:58:08.232+0000] {processor.py:157} INFO - Started process (PID=383) to work on /home/airflow/.local/lib/python3.8/site-packages/airflow/example_dags/example_xcomargs.py
[2023-10-18T23:58:08.233+0000] {processor.py:829} INFO - Processing file /home/airflow/.local/lib/python3.8/site-packages/airflow/example_dags/example_xcomargs.py for tasks to queue
[2023-10-18T23:58:08.235+0000] {logging_mixin.py:151} INFO - [2023-10-18T23:58:08.234+0000] {dagbag.py:539} INFO - Filling up the DagBag from /home/airflow/.local/lib/python3.8/site-packages/airflow/example_dags/example_xcomargs.py
[2023-10-18T23:58:08.240+0000] {processor.py:839} INFO - DAG(s) dict_keys(['example_xcom_args', 'example_xcom_args_with_operators']) retrieved from /home/airflow/.local/lib/python3.8/site-packages/airflow/example_dags/example_xcomargs.py
[2023-10-18T23:58:08.257+0000] {logging_mixin.py:151} INFO - [2023-10-18T23:58:08.257+0000] {dag.py:2915} INFO - Sync 2 DAGs
[2023-10-18T23:58:08.265+0000] {logging_mixin.py:151} INFO - [2023-10-18T23:58:08.265+0000] {dag.py:3696} INFO - Setting next_dagrun for example_xcom_args to None, run_after=None
[2023-10-18T23:58:08.267+0000] {logging_mixin.py:151} INFO - [2023-10-18T23:58:08.267+0000] {dag.py:3696} INFO - Setting next_dagrun for example_xcom_args_with_operators to None, run_after=None
[2023-10-18T23:58:08.278+0000] {processor.py:179} INFO - Processing /home/airflow/.local/lib/python3.8/site-packages/airflow/example_dags/example_xcomargs.py took 0.049 seconds
[2023-10-18T23:58:38.461+0000] {processor.py:157} INFO - Started process (PID=438) to work on /home/airflow/.local/lib/python3.8/site-packages/airflow/example_dags/example_xcomargs.py
[2023-10-18T23:58:38.462+0000] {processor.py:829} INFO - Processing file /home/airflow/.local/lib/python3.8/site-packages/airflow/example_dags/example_xcomargs.py for tasks to queue
[2023-10-18T23:58:38.464+0000] {logging_mixin.py:151} INFO - [2023-10-18T23:58:38.464+0000] {dagbag.py:539} INFO - Filling up the DagBag from /home/airflow/.local/lib/python3.8/site-packages/airflow/example_dags/example_xcomargs.py
[2023-10-18T23:58:38.471+0000] {processor.py:839} INFO - DAG(s) dict_keys(['example_xcom_args_with_operators', 'example_xcom_args']) retrieved from /home/airflow/.local/lib/python3.8/site-packages/airflow/example_dags/example_xcomargs.py
[2023-10-18T23:58:38.487+0000] {logging_mixin.py:151} INFO - [2023-10-18T23:58:38.487+0000] {dag.py:2915} INFO - Sync 2 DAGs
[2023-10-18T23:58:38.496+0000] {logging_mixin.py:151} INFO - [2023-10-18T23:58:38.496+0000] {dag.py:3696} INFO - Setting next_dagrun for example_xcom_args to None, run_after=None
[2023-10-18T23:58:38.499+0000] {logging_mixin.py:151} INFO - [2023-10-18T23:58:38.499+0000] {dag.py:3696} INFO - Setting next_dagrun for example_xcom_args_with_operators to None, run_after=None
[2023-10-18T23:58:38.514+0000] {processor.py:179} INFO - Processing /home/airflow/.local/lib/python3.8/site-packages/airflow/example_dags/example_xcomargs.py took 0.055 seconds
[2023-10-18T23:59:08.765+0000] {processor.py:157} INFO - Started process (PID=494) to work on /home/airflow/.local/lib/python3.8/site-packages/airflow/example_dags/example_xcomargs.py
[2023-10-18T23:59:08.766+0000] {processor.py:829} INFO - Processing file /home/airflow/.local/lib/python3.8/site-packages/airflow/example_dags/example_xcomargs.py for tasks to queue
[2023-10-18T23:59:08.768+0000] {logging_mixin.py:151} INFO - [2023-10-18T23:59:08.768+0000] {dagbag.py:539} INFO - Filling up the DagBag from /home/airflow/.local/lib/python3.8/site-packages/airflow/example_dags/example_xcomargs.py
[2023-10-18T23:59:08.774+0000] {processor.py:839} INFO - DAG(s) dict_keys(['example_xcom_args_with_operators', 'example_xcom_args']) retrieved from /home/airflow/.local/lib/python3.8/site-packages/airflow/example_dags/example_xcomargs.py
[2023-10-18T23:59:08.789+0000] {logging_mixin.py:151} INFO - [2023-10-18T23:59:08.789+0000] {dag.py:2915} INFO - Sync 2 DAGs
[2023-10-18T23:59:08.798+0000] {logging_mixin.py:151} INFO - [2023-10-18T23:59:08.798+0000] {dag.py:3696} INFO - Setting next_dagrun for example_xcom_args to None, run_after=None
[2023-10-18T23:59:08.800+0000] {logging_mixin.py:151} INFO - [2023-10-18T23:59:08.800+0000] {dag.py:3696} INFO - Setting next_dagrun for example_xcom_args_with_operators to None, run_after=None
[2023-10-18T23:59:08.810+0000] {processor.py:179} INFO - Processing /home/airflow/.local/lib/python3.8/site-packages/airflow/example_dags/example_xcomargs.py took 0.048 seconds
[2023-10-18T23:59:39.084+0000] {processor.py:157} INFO - Started process (PID=550) to work on /home/airflow/.local/lib/python3.8/site-packages/airflow/example_dags/example_xcomargs.py
[2023-10-18T23:59:39.085+0000] {processor.py:829} INFO - Processing file /home/airflow/.local/lib/python3.8/site-packages/airflow/example_dags/example_xcomargs.py for tasks to queue
[2023-10-18T23:59:39.087+0000] {logging_mixin.py:151} INFO - [2023-10-18T23:59:39.086+0000] {dagbag.py:539} INFO - Filling up the DagBag from /home/airflow/.local/lib/python3.8/site-packages/airflow/example_dags/example_xcomargs.py
[2023-10-18T23:59:39.093+0000] {processor.py:839} INFO - DAG(s) dict_keys(['example_xcom_args', 'example_xcom_args_with_operators']) retrieved from /home/airflow/.local/lib/python3.8/site-packages/airflow/example_dags/example_xcomargs.py
[2023-10-18T23:59:39.113+0000] {logging_mixin.py:151} INFO - [2023-10-18T23:59:39.113+0000] {dag.py:2915} INFO - Sync 2 DAGs
[2023-10-18T23:59:39.124+0000] {logging_mixin.py:151} INFO - [2023-10-18T23:59:39.124+0000] {dag.py:3696} INFO - Setting next_dagrun for example_xcom_args to None, run_after=None
[2023-10-18T23:59:39.127+0000] {logging_mixin.py:151} INFO - [2023-10-18T23:59:39.127+0000] {dag.py:3696} INFO - Setting next_dagrun for example_xcom_args_with_operators to None, run_after=None
[2023-10-18T23:59:39.141+0000] {processor.py:179} INFO - Processing /home/airflow/.local/lib/python3.8/site-packages/airflow/example_dags/example_xcomargs.py took 0.060 seconds
