[2023-10-18T23:55:08.058+0000] {processor.py:157} INFO - Started process (PID=76) to work on /home/airflow/.local/lib/python3.8/site-packages/airflow/example_dags/example_sensors.py
[2023-10-18T23:55:08.059+0000] {processor.py:829} INFO - Processing file /home/airflow/.local/lib/python3.8/site-packages/airflow/example_dags/example_sensors.py for tasks to queue
[2023-10-18T23:55:08.061+0000] {logging_mixin.py:151} INFO - [2023-10-18T23:55:08.061+0000] {dagbag.py:539} INFO - Filling up the DagBag from /home/airflow/.local/lib/python3.8/site-packages/airflow/example_dags/example_sensors.py
[2023-10-18T23:55:08.068+0000] {processor.py:839} INFO - DAG(s) dict_keys(['example_sensors']) retrieved from /home/airflow/.local/lib/python3.8/site-packages/airflow/example_dags/example_sensors.py
[2023-10-18T23:55:08.088+0000] {logging_mixin.py:151} INFO - [2023-10-18T23:55:08.088+0000] {dag.py:2915} INFO - Sync 1 DAGs
[2023-10-18T23:55:08.108+0000] {logging_mixin.py:151} INFO - [2023-10-18T23:55:08.108+0000] {dag.py:3696} INFO - Setting next_dagrun for example_sensors to None, run_after=None
[2023-10-18T23:55:08.123+0000] {processor.py:179} INFO - Processing /home/airflow/.local/lib/python3.8/site-packages/airflow/example_dags/example_sensors.py took 0.068 seconds
[2023-10-18T23:55:38.439+0000] {processor.py:157} INFO - Started process (PID=132) to work on /home/airflow/.local/lib/python3.8/site-packages/airflow/example_dags/example_sensors.py
[2023-10-18T23:55:38.440+0000] {processor.py:829} INFO - Processing file /home/airflow/.local/lib/python3.8/site-packages/airflow/example_dags/example_sensors.py for tasks to queue
[2023-10-18T23:55:38.442+0000] {logging_mixin.py:151} INFO - [2023-10-18T23:55:38.441+0000] {dagbag.py:539} INFO - Filling up the DagBag from /home/airflow/.local/lib/python3.8/site-packages/airflow/example_dags/example_sensors.py
[2023-10-18T23:55:38.448+0000] {processor.py:839} INFO - DAG(s) dict_keys(['example_sensors']) retrieved from /home/airflow/.local/lib/python3.8/site-packages/airflow/example_dags/example_sensors.py
[2023-10-18T23:55:38.465+0000] {logging_mixin.py:151} INFO - [2023-10-18T23:55:38.465+0000] {dag.py:2915} INFO - Sync 1 DAGs
[2023-10-18T23:55:38.475+0000] {logging_mixin.py:151} INFO - [2023-10-18T23:55:38.475+0000] {dag.py:3696} INFO - Setting next_dagrun for example_sensors to None, run_after=None
[2023-10-18T23:55:38.489+0000] {processor.py:179} INFO - Processing /home/airflow/.local/lib/python3.8/site-packages/airflow/example_dags/example_sensors.py took 0.053 seconds
[2023-10-18T23:56:08.955+0000] {processor.py:157} INFO - Started process (PID=188) to work on /home/airflow/.local/lib/python3.8/site-packages/airflow/example_dags/example_sensors.py
[2023-10-18T23:56:08.956+0000] {processor.py:829} INFO - Processing file /home/airflow/.local/lib/python3.8/site-packages/airflow/example_dags/example_sensors.py for tasks to queue
[2023-10-18T23:56:08.958+0000] {logging_mixin.py:151} INFO - [2023-10-18T23:56:08.957+0000] {dagbag.py:539} INFO - Filling up the DagBag from /home/airflow/.local/lib/python3.8/site-packages/airflow/example_dags/example_sensors.py
[2023-10-18T23:56:08.964+0000] {processor.py:839} INFO - DAG(s) dict_keys(['example_sensors']) retrieved from /home/airflow/.local/lib/python3.8/site-packages/airflow/example_dags/example_sensors.py
[2023-10-18T23:56:08.985+0000] {logging_mixin.py:151} INFO - [2023-10-18T23:56:08.984+0000] {dag.py:2915} INFO - Sync 1 DAGs
[2023-10-18T23:56:08.993+0000] {logging_mixin.py:151} INFO - [2023-10-18T23:56:08.993+0000] {dag.py:3696} INFO - Setting next_dagrun for example_sensors to None, run_after=None
[2023-10-18T23:56:09.005+0000] {processor.py:179} INFO - Processing /home/airflow/.local/lib/python3.8/site-packages/airflow/example_dags/example_sensors.py took 0.052 seconds
[2023-10-18T23:56:39.446+0000] {processor.py:157} INFO - Started process (PID=244) to work on /home/airflow/.local/lib/python3.8/site-packages/airflow/example_dags/example_sensors.py
[2023-10-18T23:56:39.448+0000] {processor.py:829} INFO - Processing file /home/airflow/.local/lib/python3.8/site-packages/airflow/example_dags/example_sensors.py for tasks to queue
[2023-10-18T23:56:39.450+0000] {logging_mixin.py:151} INFO - [2023-10-18T23:56:39.450+0000] {dagbag.py:539} INFO - Filling up the DagBag from /home/airflow/.local/lib/python3.8/site-packages/airflow/example_dags/example_sensors.py
[2023-10-18T23:56:39.457+0000] {processor.py:839} INFO - DAG(s) dict_keys(['example_sensors']) retrieved from /home/airflow/.local/lib/python3.8/site-packages/airflow/example_dags/example_sensors.py
[2023-10-18T23:56:39.475+0000] {logging_mixin.py:151} INFO - [2023-10-18T23:56:39.475+0000] {dag.py:2915} INFO - Sync 1 DAGs
[2023-10-18T23:56:39.483+0000] {logging_mixin.py:151} INFO - [2023-10-18T23:56:39.483+0000] {dag.py:3696} INFO - Setting next_dagrun for example_sensors to None, run_after=None
[2023-10-18T23:56:39.495+0000] {processor.py:179} INFO - Processing /home/airflow/.local/lib/python3.8/site-packages/airflow/example_dags/example_sensors.py took 0.051 seconds
[2023-10-18T23:57:10.347+0000] {processor.py:157} INFO - Started process (PID=300) to work on /home/airflow/.local/lib/python3.8/site-packages/airflow/example_dags/example_sensors.py
[2023-10-18T23:57:10.348+0000] {processor.py:829} INFO - Processing file /home/airflow/.local/lib/python3.8/site-packages/airflow/example_dags/example_sensors.py for tasks to queue
[2023-10-18T23:57:10.350+0000] {logging_mixin.py:151} INFO - [2023-10-18T23:57:10.349+0000] {dagbag.py:539} INFO - Filling up the DagBag from /home/airflow/.local/lib/python3.8/site-packages/airflow/example_dags/example_sensors.py
[2023-10-18T23:57:10.356+0000] {processor.py:839} INFO - DAG(s) dict_keys(['example_sensors']) retrieved from /home/airflow/.local/lib/python3.8/site-packages/airflow/example_dags/example_sensors.py
[2023-10-18T23:57:10.374+0000] {logging_mixin.py:151} INFO - [2023-10-18T23:57:10.374+0000] {dag.py:2915} INFO - Sync 1 DAGs
[2023-10-18T23:57:10.383+0000] {logging_mixin.py:151} INFO - [2023-10-18T23:57:10.382+0000] {dag.py:3696} INFO - Setting next_dagrun for example_sensors to None, run_after=None
[2023-10-18T23:57:10.396+0000] {processor.py:179} INFO - Processing /home/airflow/.local/lib/python3.8/site-packages/airflow/example_dags/example_sensors.py took 0.052 seconds
[2023-10-18T23:57:41.166+0000] {processor.py:157} INFO - Started process (PID=356) to work on /home/airflow/.local/lib/python3.8/site-packages/airflow/example_dags/example_sensors.py
[2023-10-18T23:57:41.168+0000] {processor.py:829} INFO - Processing file /home/airflow/.local/lib/python3.8/site-packages/airflow/example_dags/example_sensors.py for tasks to queue
[2023-10-18T23:57:41.170+0000] {logging_mixin.py:151} INFO - [2023-10-18T23:57:41.170+0000] {dagbag.py:539} INFO - Filling up the DagBag from /home/airflow/.local/lib/python3.8/site-packages/airflow/example_dags/example_sensors.py
[2023-10-18T23:57:41.176+0000] {processor.py:839} INFO - DAG(s) dict_keys(['example_sensors']) retrieved from /home/airflow/.local/lib/python3.8/site-packages/airflow/example_dags/example_sensors.py
[2023-10-18T23:57:41.193+0000] {logging_mixin.py:151} INFO - [2023-10-18T23:57:41.193+0000] {dag.py:2915} INFO - Sync 1 DAGs
[2023-10-18T23:57:41.201+0000] {logging_mixin.py:151} INFO - [2023-10-18T23:57:41.201+0000] {dag.py:3696} INFO - Setting next_dagrun for example_sensors to None, run_after=None
[2023-10-18T23:57:41.212+0000] {processor.py:179} INFO - Processing /home/airflow/.local/lib/python3.8/site-packages/airflow/example_dags/example_sensors.py took 0.048 seconds
[2023-10-18T23:58:11.467+0000] {processor.py:157} INFO - Started process (PID=412) to work on /home/airflow/.local/lib/python3.8/site-packages/airflow/example_dags/example_sensors.py
[2023-10-18T23:58:11.468+0000] {processor.py:829} INFO - Processing file /home/airflow/.local/lib/python3.8/site-packages/airflow/example_dags/example_sensors.py for tasks to queue
[2023-10-18T23:58:11.469+0000] {logging_mixin.py:151} INFO - [2023-10-18T23:58:11.469+0000] {dagbag.py:539} INFO - Filling up the DagBag from /home/airflow/.local/lib/python3.8/site-packages/airflow/example_dags/example_sensors.py
[2023-10-18T23:58:11.475+0000] {processor.py:839} INFO - DAG(s) dict_keys(['example_sensors']) retrieved from /home/airflow/.local/lib/python3.8/site-packages/airflow/example_dags/example_sensors.py
[2023-10-18T23:58:11.492+0000] {logging_mixin.py:151} INFO - [2023-10-18T23:58:11.492+0000] {dag.py:2915} INFO - Sync 1 DAGs
[2023-10-18T23:58:11.499+0000] {logging_mixin.py:151} INFO - [2023-10-18T23:58:11.499+0000] {dag.py:3696} INFO - Setting next_dagrun for example_sensors to None, run_after=None
[2023-10-18T23:58:11.509+0000] {processor.py:179} INFO - Processing /home/airflow/.local/lib/python3.8/site-packages/airflow/example_dags/example_sensors.py took 0.045 seconds
[2023-10-18T23:58:41.768+0000] {processor.py:157} INFO - Started process (PID=468) to work on /home/airflow/.local/lib/python3.8/site-packages/airflow/example_dags/example_sensors.py
[2023-10-18T23:58:41.769+0000] {processor.py:829} INFO - Processing file /home/airflow/.local/lib/python3.8/site-packages/airflow/example_dags/example_sensors.py for tasks to queue
[2023-10-18T23:58:41.771+0000] {logging_mixin.py:151} INFO - [2023-10-18T23:58:41.771+0000] {dagbag.py:539} INFO - Filling up the DagBag from /home/airflow/.local/lib/python3.8/site-packages/airflow/example_dags/example_sensors.py
[2023-10-18T23:58:41.778+0000] {processor.py:839} INFO - DAG(s) dict_keys(['example_sensors']) retrieved from /home/airflow/.local/lib/python3.8/site-packages/airflow/example_dags/example_sensors.py
[2023-10-18T23:58:41.794+0000] {logging_mixin.py:151} INFO - [2023-10-18T23:58:41.794+0000] {dag.py:2915} INFO - Sync 1 DAGs
[2023-10-18T23:58:41.802+0000] {logging_mixin.py:151} INFO - [2023-10-18T23:58:41.802+0000] {dag.py:3696} INFO - Setting next_dagrun for example_sensors to None, run_after=None
[2023-10-18T23:58:41.815+0000] {processor.py:179} INFO - Processing /home/airflow/.local/lib/python3.8/site-packages/airflow/example_dags/example_sensors.py took 0.049 seconds
[2023-10-18T23:59:12.046+0000] {processor.py:157} INFO - Started process (PID=524) to work on /home/airflow/.local/lib/python3.8/site-packages/airflow/example_dags/example_sensors.py
[2023-10-18T23:59:12.047+0000] {processor.py:829} INFO - Processing file /home/airflow/.local/lib/python3.8/site-packages/airflow/example_dags/example_sensors.py for tasks to queue
[2023-10-18T23:59:12.049+0000] {logging_mixin.py:151} INFO - [2023-10-18T23:59:12.048+0000] {dagbag.py:539} INFO - Filling up the DagBag from /home/airflow/.local/lib/python3.8/site-packages/airflow/example_dags/example_sensors.py
[2023-10-18T23:59:12.055+0000] {processor.py:839} INFO - DAG(s) dict_keys(['example_sensors']) retrieved from /home/airflow/.local/lib/python3.8/site-packages/airflow/example_dags/example_sensors.py
[2023-10-18T23:59:12.072+0000] {logging_mixin.py:151} INFO - [2023-10-18T23:59:12.071+0000] {dag.py:2915} INFO - Sync 1 DAGs
[2023-10-18T23:59:12.080+0000] {logging_mixin.py:151} INFO - [2023-10-18T23:59:12.079+0000] {dag.py:3696} INFO - Setting next_dagrun for example_sensors to None, run_after=None
[2023-10-18T23:59:12.090+0000] {processor.py:179} INFO - Processing /home/airflow/.local/lib/python3.8/site-packages/airflow/example_dags/example_sensors.py took 0.046 seconds
[2023-10-18T23:59:42.429+0000] {processor.py:157} INFO - Started process (PID=580) to work on /home/airflow/.local/lib/python3.8/site-packages/airflow/example_dags/example_sensors.py
[2023-10-18T23:59:42.431+0000] {processor.py:829} INFO - Processing file /home/airflow/.local/lib/python3.8/site-packages/airflow/example_dags/example_sensors.py for tasks to queue
[2023-10-18T23:59:42.432+0000] {logging_mixin.py:151} INFO - [2023-10-18T23:59:42.432+0000] {dagbag.py:539} INFO - Filling up the DagBag from /home/airflow/.local/lib/python3.8/site-packages/airflow/example_dags/example_sensors.py
[2023-10-18T23:59:42.438+0000] {processor.py:839} INFO - DAG(s) dict_keys(['example_sensors']) retrieved from /home/airflow/.local/lib/python3.8/site-packages/airflow/example_dags/example_sensors.py
[2023-10-18T23:59:42.455+0000] {logging_mixin.py:151} INFO - [2023-10-18T23:59:42.455+0000] {dag.py:2915} INFO - Sync 1 DAGs
[2023-10-18T23:59:42.463+0000] {logging_mixin.py:151} INFO - [2023-10-18T23:59:42.463+0000] {dag.py:3696} INFO - Setting next_dagrun for example_sensors to None, run_after=None
[2023-10-18T23:59:42.475+0000] {processor.py:179} INFO - Processing /home/airflow/.local/lib/python3.8/site-packages/airflow/example_dags/example_sensors.py took 0.049 seconds
