[2023-10-18T23:55:06.885+0000] {processor.py:157} INFO - Started process (PID=64) to work on /home/airflow/.local/lib/python3.8/site-packages/airflow/example_dags/example_setup_teardown_taskflow.py
[2023-10-18T23:55:06.886+0000] {processor.py:829} INFO - Processing file /home/airflow/.local/lib/python3.8/site-packages/airflow/example_dags/example_setup_teardown_taskflow.py for tasks to queue
[2023-10-18T23:55:06.890+0000] {logging_mixin.py:151} INFO - [2023-10-18T23:55:06.889+0000] {dagbag.py:539} INFO - Filling up the DagBag from /home/airflow/.local/lib/python3.8/site-packages/airflow/example_dags/example_setup_teardown_taskflow.py
[2023-10-18T23:55:06.915+0000] {processor.py:839} INFO - DAG(s) dict_keys(['example_setup_teardown_taskflow']) retrieved from /home/airflow/.local/lib/python3.8/site-packages/airflow/example_dags/example_setup_teardown_taskflow.py
[2023-10-18T23:55:06.944+0000] {logging_mixin.py:151} INFO - [2023-10-18T23:55:06.944+0000] {dag.py:2915} INFO - Sync 1 DAGs
[2023-10-18T23:55:06.976+0000] {logging_mixin.py:151} INFO - [2023-10-18T23:55:06.976+0000] {dag.py:3696} INFO - Setting next_dagrun for example_setup_teardown_taskflow to 2023-10-17T23:55:06.975823+00:00, run_after=2023-10-18T23:55:06.975823+00:00
[2023-10-18T23:55:07.001+0000] {processor.py:179} INFO - Processing /home/airflow/.local/lib/python3.8/site-packages/airflow/example_dags/example_setup_teardown_taskflow.py took 0.121 seconds
[2023-10-18T23:55:37.923+0000] {processor.py:157} INFO - Started process (PID=120) to work on /home/airflow/.local/lib/python3.8/site-packages/airflow/example_dags/example_setup_teardown_taskflow.py
[2023-10-18T23:55:37.924+0000] {processor.py:829} INFO - Processing file /home/airflow/.local/lib/python3.8/site-packages/airflow/example_dags/example_setup_teardown_taskflow.py for tasks to queue
[2023-10-18T23:55:37.926+0000] {logging_mixin.py:151} INFO - [2023-10-18T23:55:37.926+0000] {dagbag.py:539} INFO - Filling up the DagBag from /home/airflow/.local/lib/python3.8/site-packages/airflow/example_dags/example_setup_teardown_taskflow.py
[2023-10-18T23:55:37.932+0000] {processor.py:839} INFO - DAG(s) dict_keys(['example_setup_teardown_taskflow']) retrieved from /home/airflow/.local/lib/python3.8/site-packages/airflow/example_dags/example_setup_teardown_taskflow.py
[2023-10-18T23:55:37.947+0000] {logging_mixin.py:151} INFO - [2023-10-18T23:55:37.947+0000] {dag.py:2915} INFO - Sync 1 DAGs
[2023-10-18T23:55:37.960+0000] {logging_mixin.py:151} INFO - [2023-10-18T23:55:37.960+0000] {dag.py:3696} INFO - Setting next_dagrun for example_setup_teardown_taskflow to 2023-10-17T23:55:37.960504+00:00, run_after=2023-10-18T23:55:37.960504+00:00
[2023-10-18T23:55:37.971+0000] {processor.py:179} INFO - Processing /home/airflow/.local/lib/python3.8/site-packages/airflow/example_dags/example_setup_teardown_taskflow.py took 0.051 seconds
[2023-10-18T23:56:08.445+0000] {processor.py:157} INFO - Started process (PID=176) to work on /home/airflow/.local/lib/python3.8/site-packages/airflow/example_dags/example_setup_teardown_taskflow.py
[2023-10-18T23:56:08.446+0000] {processor.py:829} INFO - Processing file /home/airflow/.local/lib/python3.8/site-packages/airflow/example_dags/example_setup_teardown_taskflow.py for tasks to queue
[2023-10-18T23:56:08.448+0000] {logging_mixin.py:151} INFO - [2023-10-18T23:56:08.448+0000] {dagbag.py:539} INFO - Filling up the DagBag from /home/airflow/.local/lib/python3.8/site-packages/airflow/example_dags/example_setup_teardown_taskflow.py
[2023-10-18T23:56:08.454+0000] {processor.py:839} INFO - DAG(s) dict_keys(['example_setup_teardown_taskflow']) retrieved from /home/airflow/.local/lib/python3.8/site-packages/airflow/example_dags/example_setup_teardown_taskflow.py
[2023-10-18T23:56:08.470+0000] {logging_mixin.py:151} INFO - [2023-10-18T23:56:08.470+0000] {dag.py:2915} INFO - Sync 1 DAGs
[2023-10-18T23:56:08.483+0000] {logging_mixin.py:151} INFO - [2023-10-18T23:56:08.483+0000] {dag.py:3696} INFO - Setting next_dagrun for example_setup_teardown_taskflow to 2023-10-17T23:56:08.483480+00:00, run_after=2023-10-18T23:56:08.483480+00:00
[2023-10-18T23:56:08.494+0000] {processor.py:179} INFO - Processing /home/airflow/.local/lib/python3.8/site-packages/airflow/example_dags/example_setup_teardown_taskflow.py took 0.052 seconds
[2023-10-18T23:56:38.919+0000] {processor.py:157} INFO - Started process (PID=232) to work on /home/airflow/.local/lib/python3.8/site-packages/airflow/example_dags/example_setup_teardown_taskflow.py
[2023-10-18T23:56:38.920+0000] {processor.py:829} INFO - Processing file /home/airflow/.local/lib/python3.8/site-packages/airflow/example_dags/example_setup_teardown_taskflow.py for tasks to queue
[2023-10-18T23:56:38.922+0000] {logging_mixin.py:151} INFO - [2023-10-18T23:56:38.921+0000] {dagbag.py:539} INFO - Filling up the DagBag from /home/airflow/.local/lib/python3.8/site-packages/airflow/example_dags/example_setup_teardown_taskflow.py
[2023-10-18T23:56:38.928+0000] {processor.py:839} INFO - DAG(s) dict_keys(['example_setup_teardown_taskflow']) retrieved from /home/airflow/.local/lib/python3.8/site-packages/airflow/example_dags/example_setup_teardown_taskflow.py
[2023-10-18T23:56:38.942+0000] {logging_mixin.py:151} INFO - [2023-10-18T23:56:38.942+0000] {dag.py:2915} INFO - Sync 1 DAGs
[2023-10-18T23:56:38.956+0000] {logging_mixin.py:151} INFO - [2023-10-18T23:56:38.956+0000] {dag.py:3696} INFO - Setting next_dagrun for example_setup_teardown_taskflow to 2023-10-17T23:56:38.956673+00:00, run_after=2023-10-18T23:56:38.956673+00:00
[2023-10-18T23:56:38.967+0000] {processor.py:179} INFO - Processing /home/airflow/.local/lib/python3.8/site-packages/airflow/example_dags/example_setup_teardown_taskflow.py took 0.051 seconds
[2023-10-18T23:57:09.780+0000] {processor.py:157} INFO - Started process (PID=288) to work on /home/airflow/.local/lib/python3.8/site-packages/airflow/example_dags/example_setup_teardown_taskflow.py
[2023-10-18T23:57:09.781+0000] {processor.py:829} INFO - Processing file /home/airflow/.local/lib/python3.8/site-packages/airflow/example_dags/example_setup_teardown_taskflow.py for tasks to queue
[2023-10-18T23:57:09.783+0000] {logging_mixin.py:151} INFO - [2023-10-18T23:57:09.783+0000] {dagbag.py:539} INFO - Filling up the DagBag from /home/airflow/.local/lib/python3.8/site-packages/airflow/example_dags/example_setup_teardown_taskflow.py
[2023-10-18T23:57:09.792+0000] {processor.py:839} INFO - DAG(s) dict_keys(['example_setup_teardown_taskflow']) retrieved from /home/airflow/.local/lib/python3.8/site-packages/airflow/example_dags/example_setup_teardown_taskflow.py
[2023-10-18T23:57:09.823+0000] {logging_mixin.py:151} INFO - [2023-10-18T23:57:09.822+0000] {dag.py:2915} INFO - Sync 1 DAGs
[2023-10-18T23:57:09.845+0000] {logging_mixin.py:151} INFO - [2023-10-18T23:57:09.845+0000] {dag.py:3696} INFO - Setting next_dagrun for example_setup_teardown_taskflow to 2023-10-17T23:57:09.845017+00:00, run_after=2023-10-18T23:57:09.845017+00:00
[2023-10-18T23:57:09.859+0000] {processor.py:179} INFO - Processing /home/airflow/.local/lib/python3.8/site-packages/airflow/example_dags/example_setup_teardown_taskflow.py took 0.082 seconds
[2023-10-18T23:57:40.626+0000] {processor.py:157} INFO - Started process (PID=344) to work on /home/airflow/.local/lib/python3.8/site-packages/airflow/example_dags/example_setup_teardown_taskflow.py
[2023-10-18T23:57:40.628+0000] {processor.py:829} INFO - Processing file /home/airflow/.local/lib/python3.8/site-packages/airflow/example_dags/example_setup_teardown_taskflow.py for tasks to queue
[2023-10-18T23:57:40.631+0000] {logging_mixin.py:151} INFO - [2023-10-18T23:57:40.631+0000] {dagbag.py:539} INFO - Filling up the DagBag from /home/airflow/.local/lib/python3.8/site-packages/airflow/example_dags/example_setup_teardown_taskflow.py
[2023-10-18T23:57:40.641+0000] {processor.py:839} INFO - DAG(s) dict_keys(['example_setup_teardown_taskflow']) retrieved from /home/airflow/.local/lib/python3.8/site-packages/airflow/example_dags/example_setup_teardown_taskflow.py
[2023-10-18T23:57:40.656+0000] {logging_mixin.py:151} INFO - [2023-10-18T23:57:40.656+0000] {dag.py:2915} INFO - Sync 1 DAGs
[2023-10-18T23:57:40.671+0000] {logging_mixin.py:151} INFO - [2023-10-18T23:57:40.671+0000] {dag.py:3696} INFO - Setting next_dagrun for example_setup_teardown_taskflow to 2023-10-17T23:57:40.670969+00:00, run_after=2023-10-18T23:57:40.670969+00:00
[2023-10-18T23:57:40.682+0000] {processor.py:179} INFO - Processing /home/airflow/.local/lib/python3.8/site-packages/airflow/example_dags/example_setup_teardown_taskflow.py took 0.062 seconds
[2023-10-18T23:58:10.909+0000] {processor.py:157} INFO - Started process (PID=400) to work on /home/airflow/.local/lib/python3.8/site-packages/airflow/example_dags/example_setup_teardown_taskflow.py
[2023-10-18T23:58:10.911+0000] {processor.py:829} INFO - Processing file /home/airflow/.local/lib/python3.8/site-packages/airflow/example_dags/example_setup_teardown_taskflow.py for tasks to queue
[2023-10-18T23:58:10.915+0000] {logging_mixin.py:151} INFO - [2023-10-18T23:58:10.914+0000] {dagbag.py:539} INFO - Filling up the DagBag from /home/airflow/.local/lib/python3.8/site-packages/airflow/example_dags/example_setup_teardown_taskflow.py
[2023-10-18T23:58:10.922+0000] {processor.py:839} INFO - DAG(s) dict_keys(['example_setup_teardown_taskflow']) retrieved from /home/airflow/.local/lib/python3.8/site-packages/airflow/example_dags/example_setup_teardown_taskflow.py
[2023-10-18T23:58:10.938+0000] {logging_mixin.py:151} INFO - [2023-10-18T23:58:10.938+0000] {dag.py:2915} INFO - Sync 1 DAGs
[2023-10-18T23:58:10.952+0000] {logging_mixin.py:151} INFO - [2023-10-18T23:58:10.952+0000] {dag.py:3696} INFO - Setting next_dagrun for example_setup_teardown_taskflow to 2023-10-17T23:58:10.951946+00:00, run_after=2023-10-18T23:58:10.951946+00:00
[2023-10-18T23:58:10.964+0000] {processor.py:179} INFO - Processing /home/airflow/.local/lib/python3.8/site-packages/airflow/example_dags/example_setup_teardown_taskflow.py took 0.059 seconds
[2023-10-18T23:58:41.220+0000] {processor.py:157} INFO - Started process (PID=456) to work on /home/airflow/.local/lib/python3.8/site-packages/airflow/example_dags/example_setup_teardown_taskflow.py
[2023-10-18T23:58:41.222+0000] {processor.py:829} INFO - Processing file /home/airflow/.local/lib/python3.8/site-packages/airflow/example_dags/example_setup_teardown_taskflow.py for tasks to queue
[2023-10-18T23:58:41.227+0000] {logging_mixin.py:151} INFO - [2023-10-18T23:58:41.226+0000] {dagbag.py:539} INFO - Filling up the DagBag from /home/airflow/.local/lib/python3.8/site-packages/airflow/example_dags/example_setup_teardown_taskflow.py
[2023-10-18T23:58:41.234+0000] {processor.py:839} INFO - DAG(s) dict_keys(['example_setup_teardown_taskflow']) retrieved from /home/airflow/.local/lib/python3.8/site-packages/airflow/example_dags/example_setup_teardown_taskflow.py
[2023-10-18T23:58:41.256+0000] {logging_mixin.py:151} INFO - [2023-10-18T23:58:41.256+0000] {dag.py:2915} INFO - Sync 1 DAGs
[2023-10-18T23:58:41.273+0000] {logging_mixin.py:151} INFO - [2023-10-18T23:58:41.273+0000] {dag.py:3696} INFO - Setting next_dagrun for example_setup_teardown_taskflow to 2023-10-17T23:58:41.273434+00:00, run_after=2023-10-18T23:58:41.273434+00:00
[2023-10-18T23:58:41.301+0000] {processor.py:179} INFO - Processing /home/airflow/.local/lib/python3.8/site-packages/airflow/example_dags/example_setup_teardown_taskflow.py took 0.084 seconds
[2023-10-18T23:59:11.502+0000] {processor.py:157} INFO - Started process (PID=512) to work on /home/airflow/.local/lib/python3.8/site-packages/airflow/example_dags/example_setup_teardown_taskflow.py
[2023-10-18T23:59:11.504+0000] {processor.py:829} INFO - Processing file /home/airflow/.local/lib/python3.8/site-packages/airflow/example_dags/example_setup_teardown_taskflow.py for tasks to queue
[2023-10-18T23:59:11.507+0000] {logging_mixin.py:151} INFO - [2023-10-18T23:59:11.507+0000] {dagbag.py:539} INFO - Filling up the DagBag from /home/airflow/.local/lib/python3.8/site-packages/airflow/example_dags/example_setup_teardown_taskflow.py
[2023-10-18T23:59:11.516+0000] {processor.py:839} INFO - DAG(s) dict_keys(['example_setup_teardown_taskflow']) retrieved from /home/airflow/.local/lib/python3.8/site-packages/airflow/example_dags/example_setup_teardown_taskflow.py
[2023-10-18T23:59:11.534+0000] {logging_mixin.py:151} INFO - [2023-10-18T23:59:11.534+0000] {dag.py:2915} INFO - Sync 1 DAGs
[2023-10-18T23:59:11.548+0000] {logging_mixin.py:151} INFO - [2023-10-18T23:59:11.547+0000] {dag.py:3696} INFO - Setting next_dagrun for example_setup_teardown_taskflow to 2023-10-17T23:59:11.547779+00:00, run_after=2023-10-18T23:59:11.547779+00:00
[2023-10-18T23:59:11.559+0000] {processor.py:179} INFO - Processing /home/airflow/.local/lib/python3.8/site-packages/airflow/example_dags/example_setup_teardown_taskflow.py took 0.062 seconds
[2023-10-18T23:59:41.896+0000] {processor.py:157} INFO - Started process (PID=568) to work on /home/airflow/.local/lib/python3.8/site-packages/airflow/example_dags/example_setup_teardown_taskflow.py
[2023-10-18T23:59:41.899+0000] {processor.py:829} INFO - Processing file /home/airflow/.local/lib/python3.8/site-packages/airflow/example_dags/example_setup_teardown_taskflow.py for tasks to queue
[2023-10-18T23:59:41.902+0000] {logging_mixin.py:151} INFO - [2023-10-18T23:59:41.902+0000] {dagbag.py:539} INFO - Filling up the DagBag from /home/airflow/.local/lib/python3.8/site-packages/airflow/example_dags/example_setup_teardown_taskflow.py
[2023-10-18T23:59:41.911+0000] {processor.py:839} INFO - DAG(s) dict_keys(['example_setup_teardown_taskflow']) retrieved from /home/airflow/.local/lib/python3.8/site-packages/airflow/example_dags/example_setup_teardown_taskflow.py
[2023-10-18T23:59:41.927+0000] {logging_mixin.py:151} INFO - [2023-10-18T23:59:41.927+0000] {dag.py:2915} INFO - Sync 1 DAGs
[2023-10-18T23:59:41.941+0000] {logging_mixin.py:151} INFO - [2023-10-18T23:59:41.940+0000] {dag.py:3696} INFO - Setting next_dagrun for example_setup_teardown_taskflow to 2023-10-17T23:59:41.940800+00:00, run_after=2023-10-18T23:59:41.940800+00:00
[2023-10-18T23:59:41.951+0000] {processor.py:179} INFO - Processing /home/airflow/.local/lib/python3.8/site-packages/airflow/example_dags/example_setup_teardown_taskflow.py took 0.059 seconds
