[2023-10-18T23:55:07.221+0000] {processor.py:157} INFO - Started process (PID=67) to work on /home/airflow/.local/lib/python3.8/site-packages/airflow/example_dags/example_skip_dag.py
[2023-10-18T23:55:07.223+0000] {processor.py:829} INFO - Processing file /home/airflow/.local/lib/python3.8/site-packages/airflow/example_dags/example_skip_dag.py for tasks to queue
[2023-10-18T23:55:07.226+0000] {logging_mixin.py:151} INFO - [2023-10-18T23:55:07.226+0000] {dagbag.py:539} INFO - Filling up the DagBag from /home/airflow/.local/lib/python3.8/site-packages/airflow/example_dags/example_skip_dag.py
[2023-10-18T23:55:07.237+0000] {processor.py:839} INFO - DAG(s) dict_keys(['example_skip_dag']) retrieved from /home/airflow/.local/lib/python3.8/site-packages/airflow/example_dags/example_skip_dag.py
[2023-10-18T23:55:07.268+0000] {logging_mixin.py:151} INFO - [2023-10-18T23:55:07.267+0000] {dag.py:2915} INFO - Sync 1 DAGs
[2023-10-18T23:55:07.294+0000] {logging_mixin.py:151} INFO - [2023-10-18T23:55:07.294+0000] {dag.py:3696} INFO - Setting next_dagrun for example_skip_dag to 2023-10-17T23:55:07.293740+00:00, run_after=2023-10-18T23:55:07.293740+00:00
[2023-10-18T23:55:07.308+0000] {processor.py:179} INFO - Processing /home/airflow/.local/lib/python3.8/site-packages/airflow/example_dags/example_skip_dag.py took 0.090 seconds
[2023-10-18T23:55:38.058+0000] {processor.py:157} INFO - Started process (PID=123) to work on /home/airflow/.local/lib/python3.8/site-packages/airflow/example_dags/example_skip_dag.py
[2023-10-18T23:55:38.059+0000] {processor.py:829} INFO - Processing file /home/airflow/.local/lib/python3.8/site-packages/airflow/example_dags/example_skip_dag.py for tasks to queue
[2023-10-18T23:55:38.061+0000] {logging_mixin.py:151} INFO - [2023-10-18T23:55:38.061+0000] {dagbag.py:539} INFO - Filling up the DagBag from /home/airflow/.local/lib/python3.8/site-packages/airflow/example_dags/example_skip_dag.py
[2023-10-18T23:55:38.066+0000] {processor.py:839} INFO - DAG(s) dict_keys(['example_skip_dag']) retrieved from /home/airflow/.local/lib/python3.8/site-packages/airflow/example_dags/example_skip_dag.py
[2023-10-18T23:55:38.081+0000] {logging_mixin.py:151} INFO - [2023-10-18T23:55:38.081+0000] {dag.py:2915} INFO - Sync 1 DAGs
[2023-10-18T23:55:38.094+0000] {logging_mixin.py:151} INFO - [2023-10-18T23:55:38.094+0000] {dag.py:3696} INFO - Setting next_dagrun for example_skip_dag to 2023-10-17T23:55:38.094609+00:00, run_after=2023-10-18T23:55:38.094609+00:00
[2023-10-18T23:55:38.105+0000] {processor.py:179} INFO - Processing /home/airflow/.local/lib/python3.8/site-packages/airflow/example_dags/example_skip_dag.py took 0.049 seconds
[2023-10-18T23:56:08.579+0000] {processor.py:157} INFO - Started process (PID=179) to work on /home/airflow/.local/lib/python3.8/site-packages/airflow/example_dags/example_skip_dag.py
[2023-10-18T23:56:08.580+0000] {processor.py:829} INFO - Processing file /home/airflow/.local/lib/python3.8/site-packages/airflow/example_dags/example_skip_dag.py for tasks to queue
[2023-10-18T23:56:08.582+0000] {logging_mixin.py:151} INFO - [2023-10-18T23:56:08.582+0000] {dagbag.py:539} INFO - Filling up the DagBag from /home/airflow/.local/lib/python3.8/site-packages/airflow/example_dags/example_skip_dag.py
[2023-10-18T23:56:08.587+0000] {processor.py:839} INFO - DAG(s) dict_keys(['example_skip_dag']) retrieved from /home/airflow/.local/lib/python3.8/site-packages/airflow/example_dags/example_skip_dag.py
[2023-10-18T23:56:08.601+0000] {logging_mixin.py:151} INFO - [2023-10-18T23:56:08.601+0000] {dag.py:2915} INFO - Sync 1 DAGs
[2023-10-18T23:56:08.615+0000] {logging_mixin.py:151} INFO - [2023-10-18T23:56:08.615+0000] {dag.py:3696} INFO - Setting next_dagrun for example_skip_dag to 2023-10-17T23:56:08.615225+00:00, run_after=2023-10-18T23:56:08.615225+00:00
[2023-10-18T23:56:08.627+0000] {processor.py:179} INFO - Processing /home/airflow/.local/lib/python3.8/site-packages/airflow/example_dags/example_skip_dag.py took 0.051 seconds
[2023-10-18T23:56:39.059+0000] {processor.py:157} INFO - Started process (PID=235) to work on /home/airflow/.local/lib/python3.8/site-packages/airflow/example_dags/example_skip_dag.py
[2023-10-18T23:56:39.060+0000] {processor.py:829} INFO - Processing file /home/airflow/.local/lib/python3.8/site-packages/airflow/example_dags/example_skip_dag.py for tasks to queue
[2023-10-18T23:56:39.062+0000] {logging_mixin.py:151} INFO - [2023-10-18T23:56:39.062+0000] {dagbag.py:539} INFO - Filling up the DagBag from /home/airflow/.local/lib/python3.8/site-packages/airflow/example_dags/example_skip_dag.py
[2023-10-18T23:56:39.066+0000] {processor.py:839} INFO - DAG(s) dict_keys(['example_skip_dag']) retrieved from /home/airflow/.local/lib/python3.8/site-packages/airflow/example_dags/example_skip_dag.py
[2023-10-18T23:56:39.081+0000] {logging_mixin.py:151} INFO - [2023-10-18T23:56:39.081+0000] {dag.py:2915} INFO - Sync 1 DAGs
[2023-10-18T23:56:39.094+0000] {logging_mixin.py:151} INFO - [2023-10-18T23:56:39.094+0000] {dag.py:3696} INFO - Setting next_dagrun for example_skip_dag to 2023-10-17T23:56:39.094569+00:00, run_after=2023-10-18T23:56:39.094569+00:00
[2023-10-18T23:56:39.105+0000] {processor.py:179} INFO - Processing /home/airflow/.local/lib/python3.8/site-packages/airflow/example_dags/example_skip_dag.py took 0.049 seconds
[2023-10-18T23:57:09.961+0000] {processor.py:157} INFO - Started process (PID=291) to work on /home/airflow/.local/lib/python3.8/site-packages/airflow/example_dags/example_skip_dag.py
[2023-10-18T23:57:09.962+0000] {processor.py:829} INFO - Processing file /home/airflow/.local/lib/python3.8/site-packages/airflow/example_dags/example_skip_dag.py for tasks to queue
[2023-10-18T23:57:09.964+0000] {logging_mixin.py:151} INFO - [2023-10-18T23:57:09.964+0000] {dagbag.py:539} INFO - Filling up the DagBag from /home/airflow/.local/lib/python3.8/site-packages/airflow/example_dags/example_skip_dag.py
[2023-10-18T23:57:09.969+0000] {processor.py:839} INFO - DAG(s) dict_keys(['example_skip_dag']) retrieved from /home/airflow/.local/lib/python3.8/site-packages/airflow/example_dags/example_skip_dag.py
[2023-10-18T23:57:09.986+0000] {logging_mixin.py:151} INFO - [2023-10-18T23:57:09.986+0000] {dag.py:2915} INFO - Sync 1 DAGs
[2023-10-18T23:57:10.000+0000] {logging_mixin.py:151} INFO - [2023-10-18T23:57:10.000+0000] {dag.py:3696} INFO - Setting next_dagrun for example_skip_dag to 2023-10-17T23:57:10.000563+00:00, run_after=2023-10-18T23:57:10.000563+00:00
[2023-10-18T23:57:10.013+0000] {processor.py:179} INFO - Processing /home/airflow/.local/lib/python3.8/site-packages/airflow/example_dags/example_skip_dag.py took 0.056 seconds
[2023-10-18T23:57:40.848+0000] {processor.py:157} INFO - Started process (PID=347) to work on /home/airflow/.local/lib/python3.8/site-packages/airflow/example_dags/example_skip_dag.py
[2023-10-18T23:57:40.849+0000] {processor.py:829} INFO - Processing file /home/airflow/.local/lib/python3.8/site-packages/airflow/example_dags/example_skip_dag.py for tasks to queue
[2023-10-18T23:57:40.852+0000] {logging_mixin.py:151} INFO - [2023-10-18T23:57:40.852+0000] {dagbag.py:539} INFO - Filling up the DagBag from /home/airflow/.local/lib/python3.8/site-packages/airflow/example_dags/example_skip_dag.py
[2023-10-18T23:57:40.856+0000] {processor.py:839} INFO - DAG(s) dict_keys(['example_skip_dag']) retrieved from /home/airflow/.local/lib/python3.8/site-packages/airflow/example_dags/example_skip_dag.py
[2023-10-18T23:57:40.872+0000] {logging_mixin.py:151} INFO - [2023-10-18T23:57:40.872+0000] {dag.py:2915} INFO - Sync 1 DAGs
[2023-10-18T23:57:40.886+0000] {logging_mixin.py:151} INFO - [2023-10-18T23:57:40.885+0000] {dag.py:3696} INFO - Setting next_dagrun for example_skip_dag to 2023-10-17T23:57:40.885828+00:00, run_after=2023-10-18T23:57:40.885828+00:00
[2023-10-18T23:57:40.897+0000] {processor.py:179} INFO - Processing /home/airflow/.local/lib/python3.8/site-packages/airflow/example_dags/example_skip_dag.py took 0.051 seconds
[2023-10-18T23:58:11.112+0000] {processor.py:157} INFO - Started process (PID=403) to work on /home/airflow/.local/lib/python3.8/site-packages/airflow/example_dags/example_skip_dag.py
[2023-10-18T23:58:11.113+0000] {processor.py:829} INFO - Processing file /home/airflow/.local/lib/python3.8/site-packages/airflow/example_dags/example_skip_dag.py for tasks to queue
[2023-10-18T23:58:11.115+0000] {logging_mixin.py:151} INFO - [2023-10-18T23:58:11.115+0000] {dagbag.py:539} INFO - Filling up the DagBag from /home/airflow/.local/lib/python3.8/site-packages/airflow/example_dags/example_skip_dag.py
[2023-10-18T23:58:11.120+0000] {processor.py:839} INFO - DAG(s) dict_keys(['example_skip_dag']) retrieved from /home/airflow/.local/lib/python3.8/site-packages/airflow/example_dags/example_skip_dag.py
[2023-10-18T23:58:11.135+0000] {logging_mixin.py:151} INFO - [2023-10-18T23:58:11.135+0000] {dag.py:2915} INFO - Sync 1 DAGs
[2023-10-18T23:58:11.149+0000] {logging_mixin.py:151} INFO - [2023-10-18T23:58:11.149+0000] {dag.py:3696} INFO - Setting next_dagrun for example_skip_dag to 2023-10-17T23:58:11.149074+00:00, run_after=2023-10-18T23:58:11.149074+00:00
[2023-10-18T23:58:11.161+0000] {processor.py:179} INFO - Processing /home/airflow/.local/lib/python3.8/site-packages/airflow/example_dags/example_skip_dag.py took 0.051 seconds
[2023-10-18T23:58:41.444+0000] {processor.py:157} INFO - Started process (PID=459) to work on /home/airflow/.local/lib/python3.8/site-packages/airflow/example_dags/example_skip_dag.py
[2023-10-18T23:58:41.445+0000] {processor.py:829} INFO - Processing file /home/airflow/.local/lib/python3.8/site-packages/airflow/example_dags/example_skip_dag.py for tasks to queue
[2023-10-18T23:58:41.447+0000] {logging_mixin.py:151} INFO - [2023-10-18T23:58:41.447+0000] {dagbag.py:539} INFO - Filling up the DagBag from /home/airflow/.local/lib/python3.8/site-packages/airflow/example_dags/example_skip_dag.py
[2023-10-18T23:58:41.452+0000] {processor.py:839} INFO - DAG(s) dict_keys(['example_skip_dag']) retrieved from /home/airflow/.local/lib/python3.8/site-packages/airflow/example_dags/example_skip_dag.py
[2023-10-18T23:58:41.467+0000] {logging_mixin.py:151} INFO - [2023-10-18T23:58:41.467+0000] {dag.py:2915} INFO - Sync 1 DAGs
[2023-10-18T23:58:41.480+0000] {logging_mixin.py:151} INFO - [2023-10-18T23:58:41.480+0000] {dag.py:3696} INFO - Setting next_dagrun for example_skip_dag to 2023-10-17T23:58:41.480438+00:00, run_after=2023-10-18T23:58:41.480438+00:00
[2023-10-18T23:58:41.491+0000] {processor.py:179} INFO - Processing /home/airflow/.local/lib/python3.8/site-packages/airflow/example_dags/example_skip_dag.py took 0.049 seconds
[2023-10-18T23:59:11.723+0000] {processor.py:157} INFO - Started process (PID=515) to work on /home/airflow/.local/lib/python3.8/site-packages/airflow/example_dags/example_skip_dag.py
[2023-10-18T23:59:11.724+0000] {processor.py:829} INFO - Processing file /home/airflow/.local/lib/python3.8/site-packages/airflow/example_dags/example_skip_dag.py for tasks to queue
[2023-10-18T23:59:11.726+0000] {logging_mixin.py:151} INFO - [2023-10-18T23:59:11.726+0000] {dagbag.py:539} INFO - Filling up the DagBag from /home/airflow/.local/lib/python3.8/site-packages/airflow/example_dags/example_skip_dag.py
[2023-10-18T23:59:11.731+0000] {processor.py:839} INFO - DAG(s) dict_keys(['example_skip_dag']) retrieved from /home/airflow/.local/lib/python3.8/site-packages/airflow/example_dags/example_skip_dag.py
[2023-10-18T23:59:11.747+0000] {logging_mixin.py:151} INFO - [2023-10-18T23:59:11.746+0000] {dag.py:2915} INFO - Sync 1 DAGs
[2023-10-18T23:59:11.761+0000] {logging_mixin.py:151} INFO - [2023-10-18T23:59:11.761+0000] {dag.py:3696} INFO - Setting next_dagrun for example_skip_dag to 2023-10-17T23:59:11.760606+00:00, run_after=2023-10-18T23:59:11.760606+00:00
[2023-10-18T23:59:11.772+0000] {processor.py:179} INFO - Processing /home/airflow/.local/lib/python3.8/site-packages/airflow/example_dags/example_skip_dag.py took 0.052 seconds
[2023-10-18T23:59:42.102+0000] {processor.py:157} INFO - Started process (PID=571) to work on /home/airflow/.local/lib/python3.8/site-packages/airflow/example_dags/example_skip_dag.py
[2023-10-18T23:59:42.103+0000] {processor.py:829} INFO - Processing file /home/airflow/.local/lib/python3.8/site-packages/airflow/example_dags/example_skip_dag.py for tasks to queue
[2023-10-18T23:59:42.106+0000] {logging_mixin.py:151} INFO - [2023-10-18T23:59:42.105+0000] {dagbag.py:539} INFO - Filling up the DagBag from /home/airflow/.local/lib/python3.8/site-packages/airflow/example_dags/example_skip_dag.py
[2023-10-18T23:59:42.110+0000] {processor.py:839} INFO - DAG(s) dict_keys(['example_skip_dag']) retrieved from /home/airflow/.local/lib/python3.8/site-packages/airflow/example_dags/example_skip_dag.py
[2023-10-18T23:59:42.126+0000] {logging_mixin.py:151} INFO - [2023-10-18T23:59:42.126+0000] {dag.py:2915} INFO - Sync 1 DAGs
[2023-10-18T23:59:42.140+0000] {logging_mixin.py:151} INFO - [2023-10-18T23:59:42.139+0000] {dag.py:3696} INFO - Setting next_dagrun for example_skip_dag to 2023-10-17T23:59:42.139689+00:00, run_after=2023-10-18T23:59:42.139689+00:00
[2023-10-18T23:59:42.151+0000] {processor.py:179} INFO - Processing /home/airflow/.local/lib/python3.8/site-packages/airflow/example_dags/example_skip_dag.py took 0.052 seconds
