[2023-10-18T23:55:05.829+0000] {processor.py:157} INFO - Started process (PID=53) to work on /home/airflow/.local/lib/python3.8/site-packages/airflow/example_dags/example_params_ui_tutorial.py
[2023-10-18T23:55:05.830+0000] {processor.py:829} INFO - Processing file /home/airflow/.local/lib/python3.8/site-packages/airflow/example_dags/example_params_ui_tutorial.py for tasks to queue
[2023-10-18T23:55:05.832+0000] {logging_mixin.py:151} INFO - [2023-10-18T23:55:05.832+0000] {dagbag.py:539} INFO - Filling up the DagBag from /home/airflow/.local/lib/python3.8/site-packages/airflow/example_dags/example_params_ui_tutorial.py
[2023-10-18T23:55:05.867+0000] {processor.py:839} INFO - DAG(s) dict_keys(['example_params_ui_tutorial']) retrieved from /home/airflow/.local/lib/python3.8/site-packages/airflow/example_dags/example_params_ui_tutorial.py
[2023-10-18T23:55:06.030+0000] {logging_mixin.py:151} INFO - [2023-10-18T23:55:06.029+0000] {security.py:708} INFO - Not syncing DAG-level permissions for DAG 'DAG:example_params_ui_tutorial' as access control is unset.
[2023-10-18T23:55:06.031+0000] {logging_mixin.py:151} INFO - [2023-10-18T23:55:06.031+0000] {dag.py:2915} INFO - Sync 1 DAGs
[2023-10-18T23:55:06.043+0000] {logging_mixin.py:151} INFO - [2023-10-18T23:55:06.043+0000] {dag.py:3696} INFO - Setting next_dagrun for example_params_ui_tutorial to None, run_after=None
[2023-10-18T23:55:06.084+0000] {processor.py:179} INFO - Processing /home/airflow/.local/lib/python3.8/site-packages/airflow/example_dags/example_params_ui_tutorial.py took 0.257 seconds
[2023-10-18T23:55:36.275+0000] {processor.py:157} INFO - Started process (PID=109) to work on /home/airflow/.local/lib/python3.8/site-packages/airflow/example_dags/example_params_ui_tutorial.py
[2023-10-18T23:55:36.276+0000] {processor.py:829} INFO - Processing file /home/airflow/.local/lib/python3.8/site-packages/airflow/example_dags/example_params_ui_tutorial.py for tasks to queue
[2023-10-18T23:55:36.277+0000] {logging_mixin.py:151} INFO - [2023-10-18T23:55:36.277+0000] {dagbag.py:539} INFO - Filling up the DagBag from /home/airflow/.local/lib/python3.8/site-packages/airflow/example_dags/example_params_ui_tutorial.py
[2023-10-18T23:55:36.301+0000] {processor.py:839} INFO - DAG(s) dict_keys(['example_params_ui_tutorial']) retrieved from /home/airflow/.local/lib/python3.8/site-packages/airflow/example_dags/example_params_ui_tutorial.py
[2023-10-18T23:55:36.333+0000] {logging_mixin.py:151} INFO - [2023-10-18T23:55:36.332+0000] {dag.py:2915} INFO - Sync 1 DAGs
[2023-10-18T23:55:36.341+0000] {logging_mixin.py:151} INFO - [2023-10-18T23:55:36.340+0000] {dag.py:3696} INFO - Setting next_dagrun for example_params_ui_tutorial to None, run_after=None
[2023-10-18T23:55:36.352+0000] {processor.py:179} INFO - Processing /home/airflow/.local/lib/python3.8/site-packages/airflow/example_dags/example_params_ui_tutorial.py took 0.079 seconds
[2023-10-18T23:56:06.752+0000] {processor.py:157} INFO - Started process (PID=165) to work on /home/airflow/.local/lib/python3.8/site-packages/airflow/example_dags/example_params_ui_tutorial.py
[2023-10-18T23:56:06.753+0000] {processor.py:829} INFO - Processing file /home/airflow/.local/lib/python3.8/site-packages/airflow/example_dags/example_params_ui_tutorial.py for tasks to queue
[2023-10-18T23:56:06.754+0000] {logging_mixin.py:151} INFO - [2023-10-18T23:56:06.754+0000] {dagbag.py:539} INFO - Filling up the DagBag from /home/airflow/.local/lib/python3.8/site-packages/airflow/example_dags/example_params_ui_tutorial.py
[2023-10-18T23:56:06.777+0000] {processor.py:839} INFO - DAG(s) dict_keys(['example_params_ui_tutorial']) retrieved from /home/airflow/.local/lib/python3.8/site-packages/airflow/example_dags/example_params_ui_tutorial.py
[2023-10-18T23:56:06.808+0000] {logging_mixin.py:151} INFO - [2023-10-18T23:56:06.808+0000] {dag.py:2915} INFO - Sync 1 DAGs
[2023-10-18T23:56:06.816+0000] {logging_mixin.py:151} INFO - [2023-10-18T23:56:06.816+0000] {dag.py:3696} INFO - Setting next_dagrun for example_params_ui_tutorial to None, run_after=None
[2023-10-18T23:56:06.827+0000] {processor.py:179} INFO - Processing /home/airflow/.local/lib/python3.8/site-packages/airflow/example_dags/example_params_ui_tutorial.py took 0.078 seconds
[2023-10-18T23:56:37.233+0000] {processor.py:157} INFO - Started process (PID=221) to work on /home/airflow/.local/lib/python3.8/site-packages/airflow/example_dags/example_params_ui_tutorial.py
[2023-10-18T23:56:37.234+0000] {processor.py:829} INFO - Processing file /home/airflow/.local/lib/python3.8/site-packages/airflow/example_dags/example_params_ui_tutorial.py for tasks to queue
[2023-10-18T23:56:37.236+0000] {logging_mixin.py:151} INFO - [2023-10-18T23:56:37.236+0000] {dagbag.py:539} INFO - Filling up the DagBag from /home/airflow/.local/lib/python3.8/site-packages/airflow/example_dags/example_params_ui_tutorial.py
[2023-10-18T23:56:37.258+0000] {processor.py:839} INFO - DAG(s) dict_keys(['example_params_ui_tutorial']) retrieved from /home/airflow/.local/lib/python3.8/site-packages/airflow/example_dags/example_params_ui_tutorial.py
[2023-10-18T23:56:37.289+0000] {logging_mixin.py:151} INFO - [2023-10-18T23:56:37.289+0000] {dag.py:2915} INFO - Sync 1 DAGs
[2023-10-18T23:56:37.297+0000] {logging_mixin.py:151} INFO - [2023-10-18T23:56:37.297+0000] {dag.py:3696} INFO - Setting next_dagrun for example_params_ui_tutorial to None, run_after=None
[2023-10-18T23:56:37.307+0000] {processor.py:179} INFO - Processing /home/airflow/.local/lib/python3.8/site-packages/airflow/example_dags/example_params_ui_tutorial.py took 0.077 seconds
[2023-10-18T23:57:07.884+0000] {processor.py:157} INFO - Started process (PID=277) to work on /home/airflow/.local/lib/python3.8/site-packages/airflow/example_dags/example_params_ui_tutorial.py
[2023-10-18T23:57:07.885+0000] {processor.py:829} INFO - Processing file /home/airflow/.local/lib/python3.8/site-packages/airflow/example_dags/example_params_ui_tutorial.py for tasks to queue
[2023-10-18T23:57:07.887+0000] {logging_mixin.py:151} INFO - [2023-10-18T23:57:07.887+0000] {dagbag.py:539} INFO - Filling up the DagBag from /home/airflow/.local/lib/python3.8/site-packages/airflow/example_dags/example_params_ui_tutorial.py
[2023-10-18T23:57:07.913+0000] {processor.py:839} INFO - DAG(s) dict_keys(['example_params_ui_tutorial']) retrieved from /home/airflow/.local/lib/python3.8/site-packages/airflow/example_dags/example_params_ui_tutorial.py
[2023-10-18T23:57:07.945+0000] {logging_mixin.py:151} INFO - [2023-10-18T23:57:07.945+0000] {dag.py:2915} INFO - Sync 1 DAGs
[2023-10-18T23:57:07.953+0000] {logging_mixin.py:151} INFO - [2023-10-18T23:57:07.953+0000] {dag.py:3696} INFO - Setting next_dagrun for example_params_ui_tutorial to None, run_after=None
[2023-10-18T23:57:07.965+0000] {processor.py:179} INFO - Processing /home/airflow/.local/lib/python3.8/site-packages/airflow/example_dags/example_params_ui_tutorial.py took 0.084 seconds
[2023-10-18T23:57:38.028+0000] {processor.py:157} INFO - Started process (PID=333) to work on /home/airflow/.local/lib/python3.8/site-packages/airflow/example_dags/example_params_ui_tutorial.py
[2023-10-18T23:57:38.030+0000] {processor.py:829} INFO - Processing file /home/airflow/.local/lib/python3.8/site-packages/airflow/example_dags/example_params_ui_tutorial.py for tasks to queue
[2023-10-18T23:57:38.032+0000] {logging_mixin.py:151} INFO - [2023-10-18T23:57:38.031+0000] {dagbag.py:539} INFO - Filling up the DagBag from /home/airflow/.local/lib/python3.8/site-packages/airflow/example_dags/example_params_ui_tutorial.py
[2023-10-18T23:57:38.057+0000] {processor.py:839} INFO - DAG(s) dict_keys(['example_params_ui_tutorial']) retrieved from /home/airflow/.local/lib/python3.8/site-packages/airflow/example_dags/example_params_ui_tutorial.py
[2023-10-18T23:57:38.090+0000] {logging_mixin.py:151} INFO - [2023-10-18T23:57:38.090+0000] {dag.py:2915} INFO - Sync 1 DAGs
[2023-10-18T23:57:38.098+0000] {logging_mixin.py:151} INFO - [2023-10-18T23:57:38.098+0000] {dag.py:3696} INFO - Setting next_dagrun for example_params_ui_tutorial to None, run_after=None
[2023-10-18T23:57:38.110+0000] {processor.py:179} INFO - Processing /home/airflow/.local/lib/python3.8/site-packages/airflow/example_dags/example_params_ui_tutorial.py took 0.085 seconds
[2023-10-18T23:58:08.467+0000] {processor.py:157} INFO - Started process (PID=389) to work on /home/airflow/.local/lib/python3.8/site-packages/airflow/example_dags/example_params_ui_tutorial.py
[2023-10-18T23:58:08.468+0000] {processor.py:829} INFO - Processing file /home/airflow/.local/lib/python3.8/site-packages/airflow/example_dags/example_params_ui_tutorial.py for tasks to queue
[2023-10-18T23:58:08.470+0000] {logging_mixin.py:151} INFO - [2023-10-18T23:58:08.470+0000] {dagbag.py:539} INFO - Filling up the DagBag from /home/airflow/.local/lib/python3.8/site-packages/airflow/example_dags/example_params_ui_tutorial.py
[2023-10-18T23:58:08.491+0000] {processor.py:839} INFO - DAG(s) dict_keys(['example_params_ui_tutorial']) retrieved from /home/airflow/.local/lib/python3.8/site-packages/airflow/example_dags/example_params_ui_tutorial.py
[2023-10-18T23:58:08.522+0000] {logging_mixin.py:151} INFO - [2023-10-18T23:58:08.522+0000] {dag.py:2915} INFO - Sync 1 DAGs
[2023-10-18T23:58:08.529+0000] {logging_mixin.py:151} INFO - [2023-10-18T23:58:08.529+0000] {dag.py:3696} INFO - Setting next_dagrun for example_params_ui_tutorial to None, run_after=None
[2023-10-18T23:58:08.539+0000] {processor.py:179} INFO - Processing /home/airflow/.local/lib/python3.8/site-packages/airflow/example_dags/example_params_ui_tutorial.py took 0.076 seconds
[2023-10-18T23:58:38.786+0000] {processor.py:157} INFO - Started process (PID=445) to work on /home/airflow/.local/lib/python3.8/site-packages/airflow/example_dags/example_params_ui_tutorial.py
[2023-10-18T23:58:38.787+0000] {processor.py:829} INFO - Processing file /home/airflow/.local/lib/python3.8/site-packages/airflow/example_dags/example_params_ui_tutorial.py for tasks to queue
[2023-10-18T23:58:38.789+0000] {logging_mixin.py:151} INFO - [2023-10-18T23:58:38.789+0000] {dagbag.py:539} INFO - Filling up the DagBag from /home/airflow/.local/lib/python3.8/site-packages/airflow/example_dags/example_params_ui_tutorial.py
[2023-10-18T23:58:38.812+0000] {processor.py:839} INFO - DAG(s) dict_keys(['example_params_ui_tutorial']) retrieved from /home/airflow/.local/lib/python3.8/site-packages/airflow/example_dags/example_params_ui_tutorial.py
[2023-10-18T23:58:38.844+0000] {logging_mixin.py:151} INFO - [2023-10-18T23:58:38.844+0000] {dag.py:2915} INFO - Sync 1 DAGs
[2023-10-18T23:58:38.852+0000] {logging_mixin.py:151} INFO - [2023-10-18T23:58:38.852+0000] {dag.py:3696} INFO - Setting next_dagrun for example_params_ui_tutorial to None, run_after=None
[2023-10-18T23:58:38.864+0000] {processor.py:179} INFO - Processing /home/airflow/.local/lib/python3.8/site-packages/airflow/example_dags/example_params_ui_tutorial.py took 0.080 seconds
[2023-10-18T23:59:09.053+0000] {processor.py:157} INFO - Started process (PID=501) to work on /home/airflow/.local/lib/python3.8/site-packages/airflow/example_dags/example_params_ui_tutorial.py
[2023-10-18T23:59:09.054+0000] {processor.py:829} INFO - Processing file /home/airflow/.local/lib/python3.8/site-packages/airflow/example_dags/example_params_ui_tutorial.py for tasks to queue
[2023-10-18T23:59:09.056+0000] {logging_mixin.py:151} INFO - [2023-10-18T23:59:09.056+0000] {dagbag.py:539} INFO - Filling up the DagBag from /home/airflow/.local/lib/python3.8/site-packages/airflow/example_dags/example_params_ui_tutorial.py
[2023-10-18T23:59:09.077+0000] {processor.py:839} INFO - DAG(s) dict_keys(['example_params_ui_tutorial']) retrieved from /home/airflow/.local/lib/python3.8/site-packages/airflow/example_dags/example_params_ui_tutorial.py
[2023-10-18T23:59:09.109+0000] {logging_mixin.py:151} INFO - [2023-10-18T23:59:09.109+0000] {dag.py:2915} INFO - Sync 1 DAGs
[2023-10-18T23:59:09.116+0000] {logging_mixin.py:151} INFO - [2023-10-18T23:59:09.116+0000] {dag.py:3696} INFO - Setting next_dagrun for example_params_ui_tutorial to None, run_after=None
[2023-10-18T23:59:09.128+0000] {processor.py:179} INFO - Processing /home/airflow/.local/lib/python3.8/site-packages/airflow/example_dags/example_params_ui_tutorial.py took 0.077 seconds
[2023-10-18T23:59:39.471+0000] {processor.py:157} INFO - Started process (PID=557) to work on /home/airflow/.local/lib/python3.8/site-packages/airflow/example_dags/example_params_ui_tutorial.py
[2023-10-18T23:59:39.473+0000] {processor.py:829} INFO - Processing file /home/airflow/.local/lib/python3.8/site-packages/airflow/example_dags/example_params_ui_tutorial.py for tasks to queue
[2023-10-18T23:59:39.474+0000] {logging_mixin.py:151} INFO - [2023-10-18T23:59:39.474+0000] {dagbag.py:539} INFO - Filling up the DagBag from /home/airflow/.local/lib/python3.8/site-packages/airflow/example_dags/example_params_ui_tutorial.py
[2023-10-18T23:59:39.497+0000] {processor.py:839} INFO - DAG(s) dict_keys(['example_params_ui_tutorial']) retrieved from /home/airflow/.local/lib/python3.8/site-packages/airflow/example_dags/example_params_ui_tutorial.py
[2023-10-18T23:59:39.528+0000] {logging_mixin.py:151} INFO - [2023-10-18T23:59:39.528+0000] {dag.py:2915} INFO - Sync 1 DAGs
[2023-10-18T23:59:39.535+0000] {logging_mixin.py:151} INFO - [2023-10-18T23:59:39.535+0000] {dag.py:3696} INFO - Setting next_dagrun for example_params_ui_tutorial to None, run_after=None
[2023-10-18T23:59:39.546+0000] {processor.py:179} INFO - Processing /home/airflow/.local/lib/python3.8/site-packages/airflow/example_dags/example_params_ui_tutorial.py took 0.077 seconds
