[2023-10-18T23:55:07.554+0000] {processor.py:157} INFO - Started process (PID=70) to work on /home/airflow/.local/lib/python3.8/site-packages/airflow/example_dags/example_params_trigger_ui.py
[2023-10-18T23:55:07.555+0000] {processor.py:829} INFO - Processing file /home/airflow/.local/lib/python3.8/site-packages/airflow/example_dags/example_params_trigger_ui.py for tasks to queue
[2023-10-18T23:55:07.557+0000] {logging_mixin.py:151} INFO - [2023-10-18T23:55:07.557+0000] {dagbag.py:539} INFO - Filling up the DagBag from /home/airflow/.local/lib/python3.8/site-packages/airflow/example_dags/example_params_trigger_ui.py
[2023-10-18T23:55:07.577+0000] {processor.py:839} INFO - DAG(s) dict_keys(['example_params_trigger_ui']) retrieved from /home/airflow/.local/lib/python3.8/site-packages/airflow/example_dags/example_params_trigger_ui.py
[2023-10-18T23:55:07.655+0000] {logging_mixin.py:151} INFO - [2023-10-18T23:55:07.655+0000] {dag.py:2915} INFO - Sync 1 DAGs
[2023-10-18T23:55:07.670+0000] {logging_mixin.py:151} INFO - [2023-10-18T23:55:07.669+0000] {dag.py:3696} INFO - Setting next_dagrun for example_params_trigger_ui to None, run_after=None
[2023-10-18T23:55:07.714+0000] {processor.py:179} INFO - Processing /home/airflow/.local/lib/python3.8/site-packages/airflow/example_dags/example_params_trigger_ui.py took 0.163 seconds
[2023-10-18T23:55:38.193+0000] {processor.py:157} INFO - Started process (PID=126) to work on /home/airflow/.local/lib/python3.8/site-packages/airflow/example_dags/example_params_trigger_ui.py
[2023-10-18T23:55:38.195+0000] {processor.py:829} INFO - Processing file /home/airflow/.local/lib/python3.8/site-packages/airflow/example_dags/example_params_trigger_ui.py for tasks to queue
[2023-10-18T23:55:38.196+0000] {logging_mixin.py:151} INFO - [2023-10-18T23:55:38.196+0000] {dagbag.py:539} INFO - Filling up the DagBag from /home/airflow/.local/lib/python3.8/site-packages/airflow/example_dags/example_params_trigger_ui.py
[2023-10-18T23:55:38.208+0000] {processor.py:839} INFO - DAG(s) dict_keys(['example_params_trigger_ui']) retrieved from /home/airflow/.local/lib/python3.8/site-packages/airflow/example_dags/example_params_trigger_ui.py
[2023-10-18T23:55:38.237+0000] {logging_mixin.py:151} INFO - [2023-10-18T23:55:38.237+0000] {dag.py:2915} INFO - Sync 1 DAGs
[2023-10-18T23:55:38.245+0000] {logging_mixin.py:151} INFO - [2023-10-18T23:55:38.245+0000] {dag.py:3696} INFO - Setting next_dagrun for example_params_trigger_ui to None, run_after=None
[2023-10-18T23:55:38.256+0000] {processor.py:179} INFO - Processing /home/airflow/.local/lib/python3.8/site-packages/airflow/example_dags/example_params_trigger_ui.py took 0.065 seconds
[2023-10-18T23:56:08.718+0000] {processor.py:157} INFO - Started process (PID=182) to work on /home/airflow/.local/lib/python3.8/site-packages/airflow/example_dags/example_params_trigger_ui.py
[2023-10-18T23:56:08.719+0000] {processor.py:829} INFO - Processing file /home/airflow/.local/lib/python3.8/site-packages/airflow/example_dags/example_params_trigger_ui.py for tasks to queue
[2023-10-18T23:56:08.721+0000] {logging_mixin.py:151} INFO - [2023-10-18T23:56:08.721+0000] {dagbag.py:539} INFO - Filling up the DagBag from /home/airflow/.local/lib/python3.8/site-packages/airflow/example_dags/example_params_trigger_ui.py
[2023-10-18T23:56:08.732+0000] {processor.py:839} INFO - DAG(s) dict_keys(['example_params_trigger_ui']) retrieved from /home/airflow/.local/lib/python3.8/site-packages/airflow/example_dags/example_params_trigger_ui.py
[2023-10-18T23:56:08.762+0000] {logging_mixin.py:151} INFO - [2023-10-18T23:56:08.762+0000] {dag.py:2915} INFO - Sync 1 DAGs
[2023-10-18T23:56:08.770+0000] {logging_mixin.py:151} INFO - [2023-10-18T23:56:08.770+0000] {dag.py:3696} INFO - Setting next_dagrun for example_params_trigger_ui to None, run_after=None
[2023-10-18T23:56:08.781+0000] {processor.py:179} INFO - Processing /home/airflow/.local/lib/python3.8/site-packages/airflow/example_dags/example_params_trigger_ui.py took 0.067 seconds
[2023-10-18T23:56:39.188+0000] {processor.py:157} INFO - Started process (PID=238) to work on /home/airflow/.local/lib/python3.8/site-packages/airflow/example_dags/example_params_trigger_ui.py
[2023-10-18T23:56:39.189+0000] {processor.py:829} INFO - Processing file /home/airflow/.local/lib/python3.8/site-packages/airflow/example_dags/example_params_trigger_ui.py for tasks to queue
[2023-10-18T23:56:39.191+0000] {logging_mixin.py:151} INFO - [2023-10-18T23:56:39.190+0000] {dagbag.py:539} INFO - Filling up the DagBag from /home/airflow/.local/lib/python3.8/site-packages/airflow/example_dags/example_params_trigger_ui.py
[2023-10-18T23:56:39.202+0000] {processor.py:839} INFO - DAG(s) dict_keys(['example_params_trigger_ui']) retrieved from /home/airflow/.local/lib/python3.8/site-packages/airflow/example_dags/example_params_trigger_ui.py
[2023-10-18T23:56:39.229+0000] {logging_mixin.py:151} INFO - [2023-10-18T23:56:39.229+0000] {dag.py:2915} INFO - Sync 1 DAGs
[2023-10-18T23:56:39.237+0000] {logging_mixin.py:151} INFO - [2023-10-18T23:56:39.237+0000] {dag.py:3696} INFO - Setting next_dagrun for example_params_trigger_ui to None, run_after=None
[2023-10-18T23:56:39.247+0000] {processor.py:179} INFO - Processing /home/airflow/.local/lib/python3.8/site-packages/airflow/example_dags/example_params_trigger_ui.py took 0.062 seconds
[2023-10-18T23:57:10.116+0000] {processor.py:157} INFO - Started process (PID=294) to work on /home/airflow/.local/lib/python3.8/site-packages/airflow/example_dags/example_params_trigger_ui.py
[2023-10-18T23:57:10.117+0000] {processor.py:829} INFO - Processing file /home/airflow/.local/lib/python3.8/site-packages/airflow/example_dags/example_params_trigger_ui.py for tasks to queue
[2023-10-18T23:57:10.119+0000] {logging_mixin.py:151} INFO - [2023-10-18T23:57:10.119+0000] {dagbag.py:539} INFO - Filling up the DagBag from /home/airflow/.local/lib/python3.8/site-packages/airflow/example_dags/example_params_trigger_ui.py
[2023-10-18T23:57:10.132+0000] {processor.py:839} INFO - DAG(s) dict_keys(['example_params_trigger_ui']) retrieved from /home/airflow/.local/lib/python3.8/site-packages/airflow/example_dags/example_params_trigger_ui.py
[2023-10-18T23:57:10.162+0000] {logging_mixin.py:151} INFO - [2023-10-18T23:57:10.162+0000] {dag.py:2915} INFO - Sync 1 DAGs
[2023-10-18T23:57:10.170+0000] {logging_mixin.py:151} INFO - [2023-10-18T23:57:10.170+0000] {dag.py:3696} INFO - Setting next_dagrun for example_params_trigger_ui to None, run_after=None
[2023-10-18T23:57:10.185+0000] {processor.py:179} INFO - Processing /home/airflow/.local/lib/python3.8/site-packages/airflow/example_dags/example_params_trigger_ui.py took 0.073 seconds
[2023-10-18T23:57:40.926+0000] {processor.py:157} INFO - Started process (PID=350) to work on /home/airflow/.local/lib/python3.8/site-packages/airflow/example_dags/example_params_trigger_ui.py
[2023-10-18T23:57:40.928+0000] {processor.py:829} INFO - Processing file /home/airflow/.local/lib/python3.8/site-packages/airflow/example_dags/example_params_trigger_ui.py for tasks to queue
[2023-10-18T23:57:40.929+0000] {logging_mixin.py:151} INFO - [2023-10-18T23:57:40.929+0000] {dagbag.py:539} INFO - Filling up the DagBag from /home/airflow/.local/lib/python3.8/site-packages/airflow/example_dags/example_params_trigger_ui.py
[2023-10-18T23:57:40.940+0000] {processor.py:839} INFO - DAG(s) dict_keys(['example_params_trigger_ui']) retrieved from /home/airflow/.local/lib/python3.8/site-packages/airflow/example_dags/example_params_trigger_ui.py
[2023-10-18T23:57:40.969+0000] {logging_mixin.py:151} INFO - [2023-10-18T23:57:40.969+0000] {dag.py:2915} INFO - Sync 1 DAGs
[2023-10-18T23:57:40.978+0000] {logging_mixin.py:151} INFO - [2023-10-18T23:57:40.978+0000] {dag.py:3696} INFO - Setting next_dagrun for example_params_trigger_ui to None, run_after=None
[2023-10-18T23:57:40.989+0000] {processor.py:179} INFO - Processing /home/airflow/.local/lib/python3.8/site-packages/airflow/example_dags/example_params_trigger_ui.py took 0.065 seconds
[2023-10-18T23:58:11.226+0000] {processor.py:157} INFO - Started process (PID=406) to work on /home/airflow/.local/lib/python3.8/site-packages/airflow/example_dags/example_params_trigger_ui.py
[2023-10-18T23:58:11.229+0000] {processor.py:829} INFO - Processing file /home/airflow/.local/lib/python3.8/site-packages/airflow/example_dags/example_params_trigger_ui.py for tasks to queue
[2023-10-18T23:58:11.231+0000] {logging_mixin.py:151} INFO - [2023-10-18T23:58:11.231+0000] {dagbag.py:539} INFO - Filling up the DagBag from /home/airflow/.local/lib/python3.8/site-packages/airflow/example_dags/example_params_trigger_ui.py
[2023-10-18T23:58:11.242+0000] {processor.py:839} INFO - DAG(s) dict_keys(['example_params_trigger_ui']) retrieved from /home/airflow/.local/lib/python3.8/site-packages/airflow/example_dags/example_params_trigger_ui.py
[2023-10-18T23:58:11.270+0000] {logging_mixin.py:151} INFO - [2023-10-18T23:58:11.270+0000] {dag.py:2915} INFO - Sync 1 DAGs
[2023-10-18T23:58:11.278+0000] {logging_mixin.py:151} INFO - [2023-10-18T23:58:11.278+0000] {dag.py:3696} INFO - Setting next_dagrun for example_params_trigger_ui to None, run_after=None
[2023-10-18T23:58:11.289+0000] {processor.py:179} INFO - Processing /home/airflow/.local/lib/python3.8/site-packages/airflow/example_dags/example_params_trigger_ui.py took 0.066 seconds
[2023-10-18T23:58:41.523+0000] {processor.py:157} INFO - Started process (PID=462) to work on /home/airflow/.local/lib/python3.8/site-packages/airflow/example_dags/example_params_trigger_ui.py
[2023-10-18T23:58:41.524+0000] {processor.py:829} INFO - Processing file /home/airflow/.local/lib/python3.8/site-packages/airflow/example_dags/example_params_trigger_ui.py for tasks to queue
[2023-10-18T23:58:41.526+0000] {logging_mixin.py:151} INFO - [2023-10-18T23:58:41.525+0000] {dagbag.py:539} INFO - Filling up the DagBag from /home/airflow/.local/lib/python3.8/site-packages/airflow/example_dags/example_params_trigger_ui.py
[2023-10-18T23:58:41.537+0000] {processor.py:839} INFO - DAG(s) dict_keys(['example_params_trigger_ui']) retrieved from /home/airflow/.local/lib/python3.8/site-packages/airflow/example_dags/example_params_trigger_ui.py
[2023-10-18T23:58:41.567+0000] {logging_mixin.py:151} INFO - [2023-10-18T23:58:41.566+0000] {dag.py:2915} INFO - Sync 1 DAGs
[2023-10-18T23:58:41.574+0000] {logging_mixin.py:151} INFO - [2023-10-18T23:58:41.574+0000] {dag.py:3696} INFO - Setting next_dagrun for example_params_trigger_ui to None, run_after=None
[2023-10-18T23:58:41.588+0000] {processor.py:179} INFO - Processing /home/airflow/.local/lib/python3.8/site-packages/airflow/example_dags/example_params_trigger_ui.py took 0.067 seconds
[2023-10-18T23:59:11.805+0000] {processor.py:157} INFO - Started process (PID=518) to work on /home/airflow/.local/lib/python3.8/site-packages/airflow/example_dags/example_params_trigger_ui.py
[2023-10-18T23:59:11.806+0000] {processor.py:829} INFO - Processing file /home/airflow/.local/lib/python3.8/site-packages/airflow/example_dags/example_params_trigger_ui.py for tasks to queue
[2023-10-18T23:59:11.808+0000] {logging_mixin.py:151} INFO - [2023-10-18T23:59:11.808+0000] {dagbag.py:539} INFO - Filling up the DagBag from /home/airflow/.local/lib/python3.8/site-packages/airflow/example_dags/example_params_trigger_ui.py
[2023-10-18T23:59:11.819+0000] {processor.py:839} INFO - DAG(s) dict_keys(['example_params_trigger_ui']) retrieved from /home/airflow/.local/lib/python3.8/site-packages/airflow/example_dags/example_params_trigger_ui.py
[2023-10-18T23:59:11.848+0000] {logging_mixin.py:151} INFO - [2023-10-18T23:59:11.848+0000] {dag.py:2915} INFO - Sync 1 DAGs
[2023-10-18T23:59:11.856+0000] {logging_mixin.py:151} INFO - [2023-10-18T23:59:11.856+0000] {dag.py:3696} INFO - Setting next_dagrun for example_params_trigger_ui to None, run_after=None
[2023-10-18T23:59:11.867+0000] {processor.py:179} INFO - Processing /home/airflow/.local/lib/python3.8/site-packages/airflow/example_dags/example_params_trigger_ui.py took 0.065 seconds
[2023-10-18T23:59:42.193+0000] {processor.py:157} INFO - Started process (PID=574) to work on /home/airflow/.local/lib/python3.8/site-packages/airflow/example_dags/example_params_trigger_ui.py
[2023-10-18T23:59:42.194+0000] {processor.py:829} INFO - Processing file /home/airflow/.local/lib/python3.8/site-packages/airflow/example_dags/example_params_trigger_ui.py for tasks to queue
[2023-10-18T23:59:42.196+0000] {logging_mixin.py:151} INFO - [2023-10-18T23:59:42.196+0000] {dagbag.py:539} INFO - Filling up the DagBag from /home/airflow/.local/lib/python3.8/site-packages/airflow/example_dags/example_params_trigger_ui.py
[2023-10-18T23:59:42.207+0000] {processor.py:839} INFO - DAG(s) dict_keys(['example_params_trigger_ui']) retrieved from /home/airflow/.local/lib/python3.8/site-packages/airflow/example_dags/example_params_trigger_ui.py
[2023-10-18T23:59:42.236+0000] {logging_mixin.py:151} INFO - [2023-10-18T23:59:42.236+0000] {dag.py:2915} INFO - Sync 1 DAGs
[2023-10-18T23:59:42.244+0000] {logging_mixin.py:151} INFO - [2023-10-18T23:59:42.244+0000] {dag.py:3696} INFO - Setting next_dagrun for example_params_trigger_ui to None, run_after=None
[2023-10-18T23:59:42.257+0000] {processor.py:179} INFO - Processing /home/airflow/.local/lib/python3.8/site-packages/airflow/example_dags/example_params_trigger_ui.py took 0.066 seconds
