[2023-10-18T23:55:05.648+0000] {processor.py:157} INFO - Started process (PID=50) to work on /home/airflow/.local/lib/python3.8/site-packages/airflow/example_dags/example_sensor_decorator.py
[2023-10-18T23:55:05.650+0000] {processor.py:829} INFO - Processing file /home/airflow/.local/lib/python3.8/site-packages/airflow/example_dags/example_sensor_decorator.py for tasks to queue
[2023-10-18T23:55:05.653+0000] {logging_mixin.py:151} INFO - [2023-10-18T23:55:05.652+0000] {dagbag.py:539} INFO - Filling up the DagBag from /home/airflow/.local/lib/python3.8/site-packages/airflow/example_dags/example_sensor_decorator.py
[2023-10-18T23:55:05.662+0000] {processor.py:839} INFO - DAG(s) dict_keys(['example_sensor_decorator']) retrieved from /home/airflow/.local/lib/python3.8/site-packages/airflow/example_dags/example_sensor_decorator.py
[2023-10-18T23:55:05.701+0000] {logging_mixin.py:151} INFO - [2023-10-18T23:55:05.701+0000] {dag.py:2915} INFO - Sync 1 DAGs
[2023-10-18T23:55:05.713+0000] {logging_mixin.py:151} INFO - [2023-10-18T23:55:05.712+0000] {dag.py:3696} INFO - Setting next_dagrun for example_sensor_decorator to None, run_after=None
[2023-10-18T23:55:05.743+0000] {processor.py:179} INFO - Processing /home/airflow/.local/lib/python3.8/site-packages/airflow/example_dags/example_sensor_decorator.py took 0.103 seconds
[2023-10-18T23:55:36.170+0000] {processor.py:157} INFO - Started process (PID=106) to work on /home/airflow/.local/lib/python3.8/site-packages/airflow/example_dags/example_sensor_decorator.py
[2023-10-18T23:55:36.171+0000] {processor.py:829} INFO - Processing file /home/airflow/.local/lib/python3.8/site-packages/airflow/example_dags/example_sensor_decorator.py for tasks to queue
[2023-10-18T23:55:36.173+0000] {logging_mixin.py:151} INFO - [2023-10-18T23:55:36.172+0000] {dagbag.py:539} INFO - Filling up the DagBag from /home/airflow/.local/lib/python3.8/site-packages/airflow/example_dags/example_sensor_decorator.py
[2023-10-18T23:55:36.177+0000] {processor.py:839} INFO - DAG(s) dict_keys(['example_sensor_decorator']) retrieved from /home/airflow/.local/lib/python3.8/site-packages/airflow/example_dags/example_sensor_decorator.py
[2023-10-18T23:55:36.192+0000] {logging_mixin.py:151} INFO - [2023-10-18T23:55:36.191+0000] {dag.py:2915} INFO - Sync 1 DAGs
[2023-10-18T23:55:36.200+0000] {logging_mixin.py:151} INFO - [2023-10-18T23:55:36.200+0000] {dag.py:3696} INFO - Setting next_dagrun for example_sensor_decorator to None, run_after=None
[2023-10-18T23:55:36.210+0000] {processor.py:179} INFO - Processing /home/airflow/.local/lib/python3.8/site-packages/airflow/example_dags/example_sensor_decorator.py took 0.043 seconds
[2023-10-18T23:56:06.674+0000] {processor.py:157} INFO - Started process (PID=162) to work on /home/airflow/.local/lib/python3.8/site-packages/airflow/example_dags/example_sensor_decorator.py
[2023-10-18T23:56:06.675+0000] {processor.py:829} INFO - Processing file /home/airflow/.local/lib/python3.8/site-packages/airflow/example_dags/example_sensor_decorator.py for tasks to queue
[2023-10-18T23:56:06.677+0000] {logging_mixin.py:151} INFO - [2023-10-18T23:56:06.676+0000] {dagbag.py:539} INFO - Filling up the DagBag from /home/airflow/.local/lib/python3.8/site-packages/airflow/example_dags/example_sensor_decorator.py
[2023-10-18T23:56:06.681+0000] {processor.py:839} INFO - DAG(s) dict_keys(['example_sensor_decorator']) retrieved from /home/airflow/.local/lib/python3.8/site-packages/airflow/example_dags/example_sensor_decorator.py
[2023-10-18T23:56:06.697+0000] {logging_mixin.py:151} INFO - [2023-10-18T23:56:06.697+0000] {dag.py:2915} INFO - Sync 1 DAGs
[2023-10-18T23:56:06.705+0000] {logging_mixin.py:151} INFO - [2023-10-18T23:56:06.705+0000] {dag.py:3696} INFO - Setting next_dagrun for example_sensor_decorator to None, run_after=None
[2023-10-18T23:56:06.717+0000] {processor.py:179} INFO - Processing /home/airflow/.local/lib/python3.8/site-packages/airflow/example_dags/example_sensor_decorator.py took 0.046 seconds
[2023-10-18T23:56:37.154+0000] {processor.py:157} INFO - Started process (PID=218) to work on /home/airflow/.local/lib/python3.8/site-packages/airflow/example_dags/example_sensor_decorator.py
[2023-10-18T23:56:37.155+0000] {processor.py:829} INFO - Processing file /home/airflow/.local/lib/python3.8/site-packages/airflow/example_dags/example_sensor_decorator.py for tasks to queue
[2023-10-18T23:56:37.157+0000] {logging_mixin.py:151} INFO - [2023-10-18T23:56:37.156+0000] {dagbag.py:539} INFO - Filling up the DagBag from /home/airflow/.local/lib/python3.8/site-packages/airflow/example_dags/example_sensor_decorator.py
[2023-10-18T23:56:37.161+0000] {processor.py:839} INFO - DAG(s) dict_keys(['example_sensor_decorator']) retrieved from /home/airflow/.local/lib/python3.8/site-packages/airflow/example_dags/example_sensor_decorator.py
[2023-10-18T23:56:37.175+0000] {logging_mixin.py:151} INFO - [2023-10-18T23:56:37.175+0000] {dag.py:2915} INFO - Sync 1 DAGs
[2023-10-18T23:56:37.184+0000] {logging_mixin.py:151} INFO - [2023-10-18T23:56:37.184+0000] {dag.py:3696} INFO - Setting next_dagrun for example_sensor_decorator to None, run_after=None
[2023-10-18T23:56:37.196+0000] {processor.py:179} INFO - Processing /home/airflow/.local/lib/python3.8/site-packages/airflow/example_dags/example_sensor_decorator.py took 0.045 seconds
[2023-10-18T23:57:07.777+0000] {processor.py:157} INFO - Started process (PID=274) to work on /home/airflow/.local/lib/python3.8/site-packages/airflow/example_dags/example_sensor_decorator.py
[2023-10-18T23:57:07.778+0000] {processor.py:829} INFO - Processing file /home/airflow/.local/lib/python3.8/site-packages/airflow/example_dags/example_sensor_decorator.py for tasks to queue
[2023-10-18T23:57:07.780+0000] {logging_mixin.py:151} INFO - [2023-10-18T23:57:07.780+0000] {dagbag.py:539} INFO - Filling up the DagBag from /home/airflow/.local/lib/python3.8/site-packages/airflow/example_dags/example_sensor_decorator.py
[2023-10-18T23:57:07.785+0000] {processor.py:839} INFO - DAG(s) dict_keys(['example_sensor_decorator']) retrieved from /home/airflow/.local/lib/python3.8/site-packages/airflow/example_dags/example_sensor_decorator.py
[2023-10-18T23:57:07.800+0000] {logging_mixin.py:151} INFO - [2023-10-18T23:57:07.800+0000] {dag.py:2915} INFO - Sync 1 DAGs
[2023-10-18T23:57:07.809+0000] {logging_mixin.py:151} INFO - [2023-10-18T23:57:07.809+0000] {dag.py:3696} INFO - Setting next_dagrun for example_sensor_decorator to None, run_after=None
[2023-10-18T23:57:07.822+0000] {processor.py:179} INFO - Processing /home/airflow/.local/lib/python3.8/site-packages/airflow/example_dags/example_sensor_decorator.py took 0.047 seconds
[2023-10-18T23:57:37.946+0000] {processor.py:157} INFO - Started process (PID=330) to work on /home/airflow/.local/lib/python3.8/site-packages/airflow/example_dags/example_sensor_decorator.py
[2023-10-18T23:57:37.947+0000] {processor.py:829} INFO - Processing file /home/airflow/.local/lib/python3.8/site-packages/airflow/example_dags/example_sensor_decorator.py for tasks to queue
[2023-10-18T23:57:37.949+0000] {logging_mixin.py:151} INFO - [2023-10-18T23:57:37.949+0000] {dagbag.py:539} INFO - Filling up the DagBag from /home/airflow/.local/lib/python3.8/site-packages/airflow/example_dags/example_sensor_decorator.py
[2023-10-18T23:57:37.954+0000] {processor.py:839} INFO - DAG(s) dict_keys(['example_sensor_decorator']) retrieved from /home/airflow/.local/lib/python3.8/site-packages/airflow/example_dags/example_sensor_decorator.py
[2023-10-18T23:57:37.968+0000] {logging_mixin.py:151} INFO - [2023-10-18T23:57:37.968+0000] {dag.py:2915} INFO - Sync 1 DAGs
[2023-10-18T23:57:37.977+0000] {logging_mixin.py:151} INFO - [2023-10-18T23:57:37.976+0000] {dag.py:3696} INFO - Setting next_dagrun for example_sensor_decorator to None, run_after=None
[2023-10-18T23:57:37.988+0000] {processor.py:179} INFO - Processing /home/airflow/.local/lib/python3.8/site-packages/airflow/example_dags/example_sensor_decorator.py took 0.044 seconds
[2023-10-18T23:58:08.358+0000] {processor.py:157} INFO - Started process (PID=386) to work on /home/airflow/.local/lib/python3.8/site-packages/airflow/example_dags/example_sensor_decorator.py
[2023-10-18T23:58:08.359+0000] {processor.py:829} INFO - Processing file /home/airflow/.local/lib/python3.8/site-packages/airflow/example_dags/example_sensor_decorator.py for tasks to queue
[2023-10-18T23:58:08.360+0000] {logging_mixin.py:151} INFO - [2023-10-18T23:58:08.360+0000] {dagbag.py:539} INFO - Filling up the DagBag from /home/airflow/.local/lib/python3.8/site-packages/airflow/example_dags/example_sensor_decorator.py
[2023-10-18T23:58:08.365+0000] {processor.py:839} INFO - DAG(s) dict_keys(['example_sensor_decorator']) retrieved from /home/airflow/.local/lib/python3.8/site-packages/airflow/example_dags/example_sensor_decorator.py
[2023-10-18T23:58:08.379+0000] {logging_mixin.py:151} INFO - [2023-10-18T23:58:08.379+0000] {dag.py:2915} INFO - Sync 1 DAGs
[2023-10-18T23:58:08.386+0000] {logging_mixin.py:151} INFO - [2023-10-18T23:58:08.386+0000] {dag.py:3696} INFO - Setting next_dagrun for example_sensor_decorator to None, run_after=None
[2023-10-18T23:58:08.397+0000] {processor.py:179} INFO - Processing /home/airflow/.local/lib/python3.8/site-packages/airflow/example_dags/example_sensor_decorator.py took 0.042 seconds
[2023-10-18T23:58:38.665+0000] {processor.py:157} INFO - Started process (PID=442) to work on /home/airflow/.local/lib/python3.8/site-packages/airflow/example_dags/example_sensor_decorator.py
[2023-10-18T23:58:38.666+0000] {processor.py:829} INFO - Processing file /home/airflow/.local/lib/python3.8/site-packages/airflow/example_dags/example_sensor_decorator.py for tasks to queue
[2023-10-18T23:58:38.667+0000] {logging_mixin.py:151} INFO - [2023-10-18T23:58:38.667+0000] {dagbag.py:539} INFO - Filling up the DagBag from /home/airflow/.local/lib/python3.8/site-packages/airflow/example_dags/example_sensor_decorator.py
[2023-10-18T23:58:38.672+0000] {processor.py:839} INFO - DAG(s) dict_keys(['example_sensor_decorator']) retrieved from /home/airflow/.local/lib/python3.8/site-packages/airflow/example_dags/example_sensor_decorator.py
[2023-10-18T23:58:38.687+0000] {logging_mixin.py:151} INFO - [2023-10-18T23:58:38.687+0000] {dag.py:2915} INFO - Sync 1 DAGs
[2023-10-18T23:58:38.695+0000] {logging_mixin.py:151} INFO - [2023-10-18T23:58:38.695+0000] {dag.py:3696} INFO - Setting next_dagrun for example_sensor_decorator to None, run_after=None
[2023-10-18T23:58:38.707+0000] {processor.py:179} INFO - Processing /home/airflow/.local/lib/python3.8/site-packages/airflow/example_dags/example_sensor_decorator.py took 0.045 seconds
[2023-10-18T23:59:08.915+0000] {processor.py:157} INFO - Started process (PID=498) to work on /home/airflow/.local/lib/python3.8/site-packages/airflow/example_dags/example_sensor_decorator.py
[2023-10-18T23:59:08.916+0000] {processor.py:829} INFO - Processing file /home/airflow/.local/lib/python3.8/site-packages/airflow/example_dags/example_sensor_decorator.py for tasks to queue
[2023-10-18T23:59:08.917+0000] {logging_mixin.py:151} INFO - [2023-10-18T23:59:08.917+0000] {dagbag.py:539} INFO - Filling up the DagBag from /home/airflow/.local/lib/python3.8/site-packages/airflow/example_dags/example_sensor_decorator.py
[2023-10-18T23:59:08.921+0000] {processor.py:839} INFO - DAG(s) dict_keys(['example_sensor_decorator']) retrieved from /home/airflow/.local/lib/python3.8/site-packages/airflow/example_dags/example_sensor_decorator.py
[2023-10-18T23:59:08.936+0000] {logging_mixin.py:151} INFO - [2023-10-18T23:59:08.936+0000] {dag.py:2915} INFO - Sync 1 DAGs
[2023-10-18T23:59:08.944+0000] {logging_mixin.py:151} INFO - [2023-10-18T23:59:08.944+0000] {dag.py:3696} INFO - Setting next_dagrun for example_sensor_decorator to None, run_after=None
[2023-10-18T23:59:08.956+0000] {processor.py:179} INFO - Processing /home/airflow/.local/lib/python3.8/site-packages/airflow/example_dags/example_sensor_decorator.py took 0.044 seconds
[2023-10-18T23:59:39.272+0000] {processor.py:157} INFO - Started process (PID=554) to work on /home/airflow/.local/lib/python3.8/site-packages/airflow/example_dags/example_sensor_decorator.py
[2023-10-18T23:59:39.274+0000] {processor.py:829} INFO - Processing file /home/airflow/.local/lib/python3.8/site-packages/airflow/example_dags/example_sensor_decorator.py for tasks to queue
[2023-10-18T23:59:39.277+0000] {logging_mixin.py:151} INFO - [2023-10-18T23:59:39.276+0000] {dagbag.py:539} INFO - Filling up the DagBag from /home/airflow/.local/lib/python3.8/site-packages/airflow/example_dags/example_sensor_decorator.py
[2023-10-18T23:59:39.283+0000] {processor.py:839} INFO - DAG(s) dict_keys(['example_sensor_decorator']) retrieved from /home/airflow/.local/lib/python3.8/site-packages/airflow/example_dags/example_sensor_decorator.py
[2023-10-18T23:59:39.302+0000] {logging_mixin.py:151} INFO - [2023-10-18T23:59:39.302+0000] {dag.py:2915} INFO - Sync 1 DAGs
[2023-10-18T23:59:39.314+0000] {logging_mixin.py:151} INFO - [2023-10-18T23:59:39.314+0000] {dag.py:3696} INFO - Setting next_dagrun for example_sensor_decorator to None, run_after=None
[2023-10-18T23:59:39.331+0000] {processor.py:179} INFO - Processing /home/airflow/.local/lib/python3.8/site-packages/airflow/example_dags/example_sensor_decorator.py took 0.062 seconds
