[2023-10-18T23:55:08.068+0000] {processor.py:157} INFO - Started process (PID=77) to work on /home/airflow/.local/lib/python3.8/site-packages/airflow/example_dags/tutorial_dag.py
[2023-10-18T23:55:08.069+0000] {processor.py:829} INFO - Processing file /home/airflow/.local/lib/python3.8/site-packages/airflow/example_dags/tutorial_dag.py for tasks to queue
[2023-10-18T23:55:08.071+0000] {logging_mixin.py:151} INFO - [2023-10-18T23:55:08.071+0000] {dagbag.py:539} INFO - Filling up the DagBag from /home/airflow/.local/lib/python3.8/site-packages/airflow/example_dags/tutorial_dag.py
[2023-10-18T23:55:08.076+0000] {processor.py:839} INFO - DAG(s) dict_keys(['tutorial_dag']) retrieved from /home/airflow/.local/lib/python3.8/site-packages/airflow/example_dags/tutorial_dag.py
[2023-10-18T23:55:08.093+0000] {logging_mixin.py:151} INFO - [2023-10-18T23:55:08.093+0000] {dag.py:2915} INFO - Sync 1 DAGs
[2023-10-18T23:55:08.114+0000] {logging_mixin.py:151} INFO - [2023-10-18T23:55:08.114+0000] {dag.py:3696} INFO - Setting next_dagrun for tutorial_dag to None, run_after=None
[2023-10-18T23:55:08.129+0000] {processor.py:179} INFO - Processing /home/airflow/.local/lib/python3.8/site-packages/airflow/example_dags/tutorial_dag.py took 0.064 seconds
[2023-10-18T23:55:38.468+0000] {processor.py:157} INFO - Started process (PID=133) to work on /home/airflow/.local/lib/python3.8/site-packages/airflow/example_dags/tutorial_dag.py
[2023-10-18T23:55:38.468+0000] {processor.py:829} INFO - Processing file /home/airflow/.local/lib/python3.8/site-packages/airflow/example_dags/tutorial_dag.py for tasks to queue
[2023-10-18T23:55:38.470+0000] {logging_mixin.py:151} INFO - [2023-10-18T23:55:38.470+0000] {dagbag.py:539} INFO - Filling up the DagBag from /home/airflow/.local/lib/python3.8/site-packages/airflow/example_dags/tutorial_dag.py
[2023-10-18T23:55:38.476+0000] {processor.py:839} INFO - DAG(s) dict_keys(['tutorial_dag']) retrieved from /home/airflow/.local/lib/python3.8/site-packages/airflow/example_dags/tutorial_dag.py
[2023-10-18T23:55:38.493+0000] {logging_mixin.py:151} INFO - [2023-10-18T23:55:38.492+0000] {dag.py:2915} INFO - Sync 1 DAGs
[2023-10-18T23:55:38.501+0000] {logging_mixin.py:151} INFO - [2023-10-18T23:55:38.501+0000] {dag.py:3696} INFO - Setting next_dagrun for tutorial_dag to None, run_after=None
[2023-10-18T23:55:38.513+0000] {processor.py:179} INFO - Processing /home/airflow/.local/lib/python3.8/site-packages/airflow/example_dags/tutorial_dag.py took 0.049 seconds
[2023-10-18T23:56:08.988+0000] {processor.py:157} INFO - Started process (PID=189) to work on /home/airflow/.local/lib/python3.8/site-packages/airflow/example_dags/tutorial_dag.py
[2023-10-18T23:56:08.989+0000] {processor.py:829} INFO - Processing file /home/airflow/.local/lib/python3.8/site-packages/airflow/example_dags/tutorial_dag.py for tasks to queue
[2023-10-18T23:56:08.990+0000] {logging_mixin.py:151} INFO - [2023-10-18T23:56:08.990+0000] {dagbag.py:539} INFO - Filling up the DagBag from /home/airflow/.local/lib/python3.8/site-packages/airflow/example_dags/tutorial_dag.py
[2023-10-18T23:56:08.994+0000] {processor.py:839} INFO - DAG(s) dict_keys(['tutorial_dag']) retrieved from /home/airflow/.local/lib/python3.8/site-packages/airflow/example_dags/tutorial_dag.py
[2023-10-18T23:56:09.009+0000] {logging_mixin.py:151} INFO - [2023-10-18T23:56:09.009+0000] {dag.py:2915} INFO - Sync 1 DAGs
[2023-10-18T23:56:09.017+0000] {logging_mixin.py:151} INFO - [2023-10-18T23:56:09.017+0000] {dag.py:3696} INFO - Setting next_dagrun for tutorial_dag to None, run_after=None
[2023-10-18T23:56:09.029+0000] {processor.py:179} INFO - Processing /home/airflow/.local/lib/python3.8/site-packages/airflow/example_dags/tutorial_dag.py took 0.044 seconds
[2023-10-18T23:56:39.477+0000] {processor.py:157} INFO - Started process (PID=245) to work on /home/airflow/.local/lib/python3.8/site-packages/airflow/example_dags/tutorial_dag.py
[2023-10-18T23:56:39.478+0000] {processor.py:829} INFO - Processing file /home/airflow/.local/lib/python3.8/site-packages/airflow/example_dags/tutorial_dag.py for tasks to queue
[2023-10-18T23:56:39.480+0000] {logging_mixin.py:151} INFO - [2023-10-18T23:56:39.480+0000] {dagbag.py:539} INFO - Filling up the DagBag from /home/airflow/.local/lib/python3.8/site-packages/airflow/example_dags/tutorial_dag.py
[2023-10-18T23:56:39.484+0000] {processor.py:839} INFO - DAG(s) dict_keys(['tutorial_dag']) retrieved from /home/airflow/.local/lib/python3.8/site-packages/airflow/example_dags/tutorial_dag.py
[2023-10-18T23:56:39.499+0000] {logging_mixin.py:151} INFO - [2023-10-18T23:56:39.499+0000] {dag.py:2915} INFO - Sync 1 DAGs
[2023-10-18T23:56:39.508+0000] {logging_mixin.py:151} INFO - [2023-10-18T23:56:39.508+0000] {dag.py:3696} INFO - Setting next_dagrun for tutorial_dag to None, run_after=None
[2023-10-18T23:56:39.521+0000] {processor.py:179} INFO - Processing /home/airflow/.local/lib/python3.8/site-packages/airflow/example_dags/tutorial_dag.py took 0.047 seconds
[2023-10-18T23:57:10.366+0000] {processor.py:157} INFO - Started process (PID=301) to work on /home/airflow/.local/lib/python3.8/site-packages/airflow/example_dags/tutorial_dag.py
[2023-10-18T23:57:10.367+0000] {processor.py:829} INFO - Processing file /home/airflow/.local/lib/python3.8/site-packages/airflow/example_dags/tutorial_dag.py for tasks to queue
[2023-10-18T23:57:10.369+0000] {logging_mixin.py:151} INFO - [2023-10-18T23:57:10.368+0000] {dagbag.py:539} INFO - Filling up the DagBag from /home/airflow/.local/lib/python3.8/site-packages/airflow/example_dags/tutorial_dag.py
[2023-10-18T23:57:10.373+0000] {processor.py:839} INFO - DAG(s) dict_keys(['tutorial_dag']) retrieved from /home/airflow/.local/lib/python3.8/site-packages/airflow/example_dags/tutorial_dag.py
[2023-10-18T23:57:10.388+0000] {logging_mixin.py:151} INFO - [2023-10-18T23:57:10.388+0000] {dag.py:2915} INFO - Sync 1 DAGs
[2023-10-18T23:57:10.397+0000] {logging_mixin.py:151} INFO - [2023-10-18T23:57:10.396+0000] {dag.py:3696} INFO - Setting next_dagrun for tutorial_dag to None, run_after=None
[2023-10-18T23:57:10.423+0000] {processor.py:179} INFO - Processing /home/airflow/.local/lib/python3.8/site-packages/airflow/example_dags/tutorial_dag.py took 0.059 seconds
[2023-10-18T23:57:41.228+0000] {processor.py:157} INFO - Started process (PID=357) to work on /home/airflow/.local/lib/python3.8/site-packages/airflow/example_dags/tutorial_dag.py
[2023-10-18T23:57:41.229+0000] {processor.py:829} INFO - Processing file /home/airflow/.local/lib/python3.8/site-packages/airflow/example_dags/tutorial_dag.py for tasks to queue
[2023-10-18T23:57:41.230+0000] {logging_mixin.py:151} INFO - [2023-10-18T23:57:41.230+0000] {dagbag.py:539} INFO - Filling up the DagBag from /home/airflow/.local/lib/python3.8/site-packages/airflow/example_dags/tutorial_dag.py
[2023-10-18T23:57:41.234+0000] {processor.py:839} INFO - DAG(s) dict_keys(['tutorial_dag']) retrieved from /home/airflow/.local/lib/python3.8/site-packages/airflow/example_dags/tutorial_dag.py
[2023-10-18T23:57:41.249+0000] {logging_mixin.py:151} INFO - [2023-10-18T23:57:41.249+0000] {dag.py:2915} INFO - Sync 1 DAGs
[2023-10-18T23:57:41.256+0000] {logging_mixin.py:151} INFO - [2023-10-18T23:57:41.256+0000] {dag.py:3696} INFO - Setting next_dagrun for tutorial_dag to None, run_after=None
[2023-10-18T23:57:41.268+0000] {processor.py:179} INFO - Processing /home/airflow/.local/lib/python3.8/site-packages/airflow/example_dags/tutorial_dag.py took 0.043 seconds
[2023-10-18T23:58:11.524+0000] {processor.py:157} INFO - Started process (PID=413) to work on /home/airflow/.local/lib/python3.8/site-packages/airflow/example_dags/tutorial_dag.py
[2023-10-18T23:58:11.525+0000] {processor.py:829} INFO - Processing file /home/airflow/.local/lib/python3.8/site-packages/airflow/example_dags/tutorial_dag.py for tasks to queue
[2023-10-18T23:58:11.526+0000] {logging_mixin.py:151} INFO - [2023-10-18T23:58:11.526+0000] {dagbag.py:539} INFO - Filling up the DagBag from /home/airflow/.local/lib/python3.8/site-packages/airflow/example_dags/tutorial_dag.py
[2023-10-18T23:58:11.530+0000] {processor.py:839} INFO - DAG(s) dict_keys(['tutorial_dag']) retrieved from /home/airflow/.local/lib/python3.8/site-packages/airflow/example_dags/tutorial_dag.py
[2023-10-18T23:58:11.545+0000] {logging_mixin.py:151} INFO - [2023-10-18T23:58:11.545+0000] {dag.py:2915} INFO - Sync 1 DAGs
[2023-10-18T23:58:11.553+0000] {logging_mixin.py:151} INFO - [2023-10-18T23:58:11.553+0000] {dag.py:3696} INFO - Setting next_dagrun for tutorial_dag to None, run_after=None
[2023-10-18T23:58:11.565+0000] {processor.py:179} INFO - Processing /home/airflow/.local/lib/python3.8/site-packages/airflow/example_dags/tutorial_dag.py took 0.044 seconds
[2023-10-18T23:58:41.836+0000] {processor.py:157} INFO - Started process (PID=469) to work on /home/airflow/.local/lib/python3.8/site-packages/airflow/example_dags/tutorial_dag.py
[2023-10-18T23:58:41.837+0000] {processor.py:829} INFO - Processing file /home/airflow/.local/lib/python3.8/site-packages/airflow/example_dags/tutorial_dag.py for tasks to queue
[2023-10-18T23:58:41.839+0000] {logging_mixin.py:151} INFO - [2023-10-18T23:58:41.839+0000] {dagbag.py:539} INFO - Filling up the DagBag from /home/airflow/.local/lib/python3.8/site-packages/airflow/example_dags/tutorial_dag.py
[2023-10-18T23:58:41.843+0000] {processor.py:839} INFO - DAG(s) dict_keys(['tutorial_dag']) retrieved from /home/airflow/.local/lib/python3.8/site-packages/airflow/example_dags/tutorial_dag.py
[2023-10-18T23:58:41.858+0000] {logging_mixin.py:151} INFO - [2023-10-18T23:58:41.857+0000] {dag.py:2915} INFO - Sync 1 DAGs
[2023-10-18T23:58:41.866+0000] {logging_mixin.py:151} INFO - [2023-10-18T23:58:41.866+0000] {dag.py:3696} INFO - Setting next_dagrun for tutorial_dag to None, run_after=None
[2023-10-18T23:58:41.877+0000] {processor.py:179} INFO - Processing /home/airflow/.local/lib/python3.8/site-packages/airflow/example_dags/tutorial_dag.py took 0.044 seconds
[2023-10-18T23:59:12.105+0000] {processor.py:157} INFO - Started process (PID=525) to work on /home/airflow/.local/lib/python3.8/site-packages/airflow/example_dags/tutorial_dag.py
[2023-10-18T23:59:12.106+0000] {processor.py:829} INFO - Processing file /home/airflow/.local/lib/python3.8/site-packages/airflow/example_dags/tutorial_dag.py for tasks to queue
[2023-10-18T23:59:12.107+0000] {logging_mixin.py:151} INFO - [2023-10-18T23:59:12.107+0000] {dagbag.py:539} INFO - Filling up the DagBag from /home/airflow/.local/lib/python3.8/site-packages/airflow/example_dags/tutorial_dag.py
[2023-10-18T23:59:12.111+0000] {processor.py:839} INFO - DAG(s) dict_keys(['tutorial_dag']) retrieved from /home/airflow/.local/lib/python3.8/site-packages/airflow/example_dags/tutorial_dag.py
[2023-10-18T23:59:12.125+0000] {logging_mixin.py:151} INFO - [2023-10-18T23:59:12.125+0000] {dag.py:2915} INFO - Sync 1 DAGs
[2023-10-18T23:59:12.134+0000] {logging_mixin.py:151} INFO - [2023-10-18T23:59:12.134+0000] {dag.py:3696} INFO - Setting next_dagrun for tutorial_dag to None, run_after=None
[2023-10-18T23:59:12.146+0000] {processor.py:179} INFO - Processing /home/airflow/.local/lib/python3.8/site-packages/airflow/example_dags/tutorial_dag.py took 0.044 seconds
[2023-10-18T23:59:42.437+0000] {processor.py:157} INFO - Started process (PID=581) to work on /home/airflow/.local/lib/python3.8/site-packages/airflow/example_dags/tutorial_dag.py
[2023-10-18T23:59:42.438+0000] {processor.py:829} INFO - Processing file /home/airflow/.local/lib/python3.8/site-packages/airflow/example_dags/tutorial_dag.py for tasks to queue
[2023-10-18T23:59:42.439+0000] {logging_mixin.py:151} INFO - [2023-10-18T23:59:42.439+0000] {dagbag.py:539} INFO - Filling up the DagBag from /home/airflow/.local/lib/python3.8/site-packages/airflow/example_dags/tutorial_dag.py
[2023-10-18T23:59:42.443+0000] {processor.py:839} INFO - DAG(s) dict_keys(['tutorial_dag']) retrieved from /home/airflow/.local/lib/python3.8/site-packages/airflow/example_dags/tutorial_dag.py
[2023-10-18T23:59:42.457+0000] {logging_mixin.py:151} INFO - [2023-10-18T23:59:42.457+0000] {dag.py:2915} INFO - Sync 1 DAGs
[2023-10-18T23:59:42.465+0000] {logging_mixin.py:151} INFO - [2023-10-18T23:59:42.465+0000] {dag.py:3696} INFO - Setting next_dagrun for tutorial_dag to None, run_after=None
[2023-10-18T23:59:42.476+0000] {processor.py:179} INFO - Processing /home/airflow/.local/lib/python3.8/site-packages/airflow/example_dags/tutorial_dag.py took 0.042 seconds
