[2023-10-18T23:55:05.699+0000] {processor.py:157} INFO - Started process (PID=51) to work on /home/airflow/.local/lib/python3.8/site-packages/airflow/example_dags/tutorial.py
[2023-10-18T23:55:05.701+0000] {processor.py:829} INFO - Processing file /home/airflow/.local/lib/python3.8/site-packages/airflow/example_dags/tutorial.py for tasks to queue
[2023-10-18T23:55:05.704+0000] {logging_mixin.py:151} INFO - [2023-10-18T23:55:05.704+0000] {dagbag.py:539} INFO - Filling up the DagBag from /home/airflow/.local/lib/python3.8/site-packages/airflow/example_dags/tutorial.py
[2023-10-18T23:55:05.717+0000] {processor.py:839} INFO - DAG(s) dict_keys(['tutorial']) retrieved from /home/airflow/.local/lib/python3.8/site-packages/airflow/example_dags/tutorial.py
[2023-10-18T23:55:05.756+0000] {logging_mixin.py:151} INFO - [2023-10-18T23:55:05.756+0000] {dag.py:2915} INFO - Sync 1 DAGs
[2023-10-18T23:55:05.780+0000] {logging_mixin.py:151} INFO - [2023-10-18T23:55:05.779+0000] {dag.py:3696} INFO - Setting next_dagrun for tutorial to 2023-10-17T23:55:05.779551+00:00, run_after=2023-10-18T23:55:05.779551+00:00
[2023-10-18T23:55:05.805+0000] {processor.py:179} INFO - Processing /home/airflow/.local/lib/python3.8/site-packages/airflow/example_dags/tutorial.py took 0.112 seconds
[2023-10-18T23:55:36.210+0000] {processor.py:157} INFO - Started process (PID=107) to work on /home/airflow/.local/lib/python3.8/site-packages/airflow/example_dags/tutorial.py
[2023-10-18T23:55:36.211+0000] {processor.py:829} INFO - Processing file /home/airflow/.local/lib/python3.8/site-packages/airflow/example_dags/tutorial.py for tasks to queue
[2023-10-18T23:55:36.213+0000] {logging_mixin.py:151} INFO - [2023-10-18T23:55:36.212+0000] {dagbag.py:539} INFO - Filling up the DagBag from /home/airflow/.local/lib/python3.8/site-packages/airflow/example_dags/tutorial.py
[2023-10-18T23:55:36.217+0000] {processor.py:839} INFO - DAG(s) dict_keys(['tutorial']) retrieved from /home/airflow/.local/lib/python3.8/site-packages/airflow/example_dags/tutorial.py
[2023-10-18T23:55:36.232+0000] {logging_mixin.py:151} INFO - [2023-10-18T23:55:36.231+0000] {dag.py:2915} INFO - Sync 1 DAGs
[2023-10-18T23:55:36.245+0000] {logging_mixin.py:151} INFO - [2023-10-18T23:55:36.245+0000] {dag.py:3696} INFO - Setting next_dagrun for tutorial to 2023-10-17T23:55:36.244949+00:00, run_after=2023-10-18T23:55:36.244949+00:00
[2023-10-18T23:55:36.258+0000] {processor.py:179} INFO - Processing /home/airflow/.local/lib/python3.8/site-packages/airflow/example_dags/tutorial.py took 0.050 seconds
[2023-10-18T23:56:06.685+0000] {processor.py:157} INFO - Started process (PID=163) to work on /home/airflow/.local/lib/python3.8/site-packages/airflow/example_dags/tutorial.py
[2023-10-18T23:56:06.686+0000] {processor.py:829} INFO - Processing file /home/airflow/.local/lib/python3.8/site-packages/airflow/example_dags/tutorial.py for tasks to queue
[2023-10-18T23:56:06.688+0000] {logging_mixin.py:151} INFO - [2023-10-18T23:56:06.688+0000] {dagbag.py:539} INFO - Filling up the DagBag from /home/airflow/.local/lib/python3.8/site-packages/airflow/example_dags/tutorial.py
[2023-10-18T23:56:06.693+0000] {processor.py:839} INFO - DAG(s) dict_keys(['tutorial']) retrieved from /home/airflow/.local/lib/python3.8/site-packages/airflow/example_dags/tutorial.py
[2023-10-18T23:56:06.708+0000] {logging_mixin.py:151} INFO - [2023-10-18T23:56:06.708+0000] {dag.py:2915} INFO - Sync 1 DAGs
[2023-10-18T23:56:06.722+0000] {logging_mixin.py:151} INFO - [2023-10-18T23:56:06.722+0000] {dag.py:3696} INFO - Setting next_dagrun for tutorial to 2023-10-17T23:56:06.722288+00:00, run_after=2023-10-18T23:56:06.722288+00:00
[2023-10-18T23:56:06.734+0000] {processor.py:179} INFO - Processing /home/airflow/.local/lib/python3.8/site-packages/airflow/example_dags/tutorial.py took 0.052 seconds
[2023-10-18T23:56:37.164+0000] {processor.py:157} INFO - Started process (PID=219) to work on /home/airflow/.local/lib/python3.8/site-packages/airflow/example_dags/tutorial.py
[2023-10-18T23:56:37.165+0000] {processor.py:829} INFO - Processing file /home/airflow/.local/lib/python3.8/site-packages/airflow/example_dags/tutorial.py for tasks to queue
[2023-10-18T23:56:37.167+0000] {logging_mixin.py:151} INFO - [2023-10-18T23:56:37.167+0000] {dagbag.py:539} INFO - Filling up the DagBag from /home/airflow/.local/lib/python3.8/site-packages/airflow/example_dags/tutorial.py
[2023-10-18T23:56:37.171+0000] {processor.py:839} INFO - DAG(s) dict_keys(['tutorial']) retrieved from /home/airflow/.local/lib/python3.8/site-packages/airflow/example_dags/tutorial.py
[2023-10-18T23:56:37.187+0000] {logging_mixin.py:151} INFO - [2023-10-18T23:56:37.186+0000] {dag.py:2915} INFO - Sync 1 DAGs
[2023-10-18T23:56:37.200+0000] {logging_mixin.py:151} INFO - [2023-10-18T23:56:37.200+0000] {dag.py:3696} INFO - Setting next_dagrun for tutorial to 2023-10-17T23:56:37.200674+00:00, run_after=2023-10-18T23:56:37.200674+00:00
[2023-10-18T23:56:37.214+0000] {processor.py:179} INFO - Processing /home/airflow/.local/lib/python3.8/site-packages/airflow/example_dags/tutorial.py took 0.052 seconds
[2023-10-18T23:57:07.813+0000] {processor.py:157} INFO - Started process (PID=275) to work on /home/airflow/.local/lib/python3.8/site-packages/airflow/example_dags/tutorial.py
[2023-10-18T23:57:07.814+0000] {processor.py:829} INFO - Processing file /home/airflow/.local/lib/python3.8/site-packages/airflow/example_dags/tutorial.py for tasks to queue
[2023-10-18T23:57:07.816+0000] {logging_mixin.py:151} INFO - [2023-10-18T23:57:07.816+0000] {dagbag.py:539} INFO - Filling up the DagBag from /home/airflow/.local/lib/python3.8/site-packages/airflow/example_dags/tutorial.py
[2023-10-18T23:57:07.821+0000] {processor.py:839} INFO - DAG(s) dict_keys(['tutorial']) retrieved from /home/airflow/.local/lib/python3.8/site-packages/airflow/example_dags/tutorial.py
[2023-10-18T23:57:07.836+0000] {logging_mixin.py:151} INFO - [2023-10-18T23:57:07.836+0000] {dag.py:2915} INFO - Sync 1 DAGs
[2023-10-18T23:57:07.851+0000] {logging_mixin.py:151} INFO - [2023-10-18T23:57:07.851+0000] {dag.py:3696} INFO - Setting next_dagrun for tutorial to 2023-10-17T23:57:07.851460+00:00, run_after=2023-10-18T23:57:07.851460+00:00
[2023-10-18T23:57:07.866+0000] {processor.py:179} INFO - Processing /home/airflow/.local/lib/python3.8/site-packages/airflow/example_dags/tutorial.py took 0.056 seconds
[2023-10-18T23:57:37.957+0000] {processor.py:157} INFO - Started process (PID=331) to work on /home/airflow/.local/lib/python3.8/site-packages/airflow/example_dags/tutorial.py
[2023-10-18T23:57:37.958+0000] {processor.py:829} INFO - Processing file /home/airflow/.local/lib/python3.8/site-packages/airflow/example_dags/tutorial.py for tasks to queue
[2023-10-18T23:57:37.960+0000] {logging_mixin.py:151} INFO - [2023-10-18T23:57:37.960+0000] {dagbag.py:539} INFO - Filling up the DagBag from /home/airflow/.local/lib/python3.8/site-packages/airflow/example_dags/tutorial.py
[2023-10-18T23:57:37.965+0000] {processor.py:839} INFO - DAG(s) dict_keys(['tutorial']) retrieved from /home/airflow/.local/lib/python3.8/site-packages/airflow/example_dags/tutorial.py
[2023-10-18T23:57:37.980+0000] {logging_mixin.py:151} INFO - [2023-10-18T23:57:37.980+0000] {dag.py:2915} INFO - Sync 1 DAGs
[2023-10-18T23:57:37.994+0000] {logging_mixin.py:151} INFO - [2023-10-18T23:57:37.994+0000] {dag.py:3696} INFO - Setting next_dagrun for tutorial to 2023-10-17T23:57:37.993870+00:00, run_after=2023-10-18T23:57:37.993870+00:00
[2023-10-18T23:57:38.006+0000] {processor.py:179} INFO - Processing /home/airflow/.local/lib/python3.8/site-packages/airflow/example_dags/tutorial.py took 0.052 seconds
[2023-10-18T23:58:08.405+0000] {processor.py:157} INFO - Started process (PID=387) to work on /home/airflow/.local/lib/python3.8/site-packages/airflow/example_dags/tutorial.py
[2023-10-18T23:58:08.406+0000] {processor.py:829} INFO - Processing file /home/airflow/.local/lib/python3.8/site-packages/airflow/example_dags/tutorial.py for tasks to queue
[2023-10-18T23:58:08.407+0000] {logging_mixin.py:151} INFO - [2023-10-18T23:58:08.407+0000] {dagbag.py:539} INFO - Filling up the DagBag from /home/airflow/.local/lib/python3.8/site-packages/airflow/example_dags/tutorial.py
[2023-10-18T23:58:08.412+0000] {processor.py:839} INFO - DAG(s) dict_keys(['tutorial']) retrieved from /home/airflow/.local/lib/python3.8/site-packages/airflow/example_dags/tutorial.py
[2023-10-18T23:58:08.426+0000] {logging_mixin.py:151} INFO - [2023-10-18T23:58:08.426+0000] {dag.py:2915} INFO - Sync 1 DAGs
[2023-10-18T23:58:08.439+0000] {logging_mixin.py:151} INFO - [2023-10-18T23:58:08.439+0000] {dag.py:3696} INFO - Setting next_dagrun for tutorial to 2023-10-17T23:58:08.439324+00:00, run_after=2023-10-18T23:58:08.439324+00:00
[2023-10-18T23:58:08.450+0000] {processor.py:179} INFO - Processing /home/airflow/.local/lib/python3.8/site-packages/airflow/example_dags/tutorial.py took 0.048 seconds
[2023-10-18T23:58:38.722+0000] {processor.py:157} INFO - Started process (PID=443) to work on /home/airflow/.local/lib/python3.8/site-packages/airflow/example_dags/tutorial.py
[2023-10-18T23:58:38.723+0000] {processor.py:829} INFO - Processing file /home/airflow/.local/lib/python3.8/site-packages/airflow/example_dags/tutorial.py for tasks to queue
[2023-10-18T23:58:38.725+0000] {logging_mixin.py:151} INFO - [2023-10-18T23:58:38.725+0000] {dagbag.py:539} INFO - Filling up the DagBag from /home/airflow/.local/lib/python3.8/site-packages/airflow/example_dags/tutorial.py
[2023-10-18T23:58:38.729+0000] {processor.py:839} INFO - DAG(s) dict_keys(['tutorial']) retrieved from /home/airflow/.local/lib/python3.8/site-packages/airflow/example_dags/tutorial.py
[2023-10-18T23:58:38.744+0000] {logging_mixin.py:151} INFO - [2023-10-18T23:58:38.744+0000] {dag.py:2915} INFO - Sync 1 DAGs
[2023-10-18T23:58:38.758+0000] {logging_mixin.py:151} INFO - [2023-10-18T23:58:38.758+0000] {dag.py:3696} INFO - Setting next_dagrun for tutorial to 2023-10-17T23:58:38.758475+00:00, run_after=2023-10-18T23:58:38.758475+00:00
[2023-10-18T23:58:38.770+0000] {processor.py:179} INFO - Processing /home/airflow/.local/lib/python3.8/site-packages/airflow/example_dags/tutorial.py took 0.050 seconds
[2023-10-18T23:59:08.971+0000] {processor.py:157} INFO - Started process (PID=499) to work on /home/airflow/.local/lib/python3.8/site-packages/airflow/example_dags/tutorial.py
[2023-10-18T23:59:08.971+0000] {processor.py:829} INFO - Processing file /home/airflow/.local/lib/python3.8/site-packages/airflow/example_dags/tutorial.py for tasks to queue
[2023-10-18T23:59:08.973+0000] {logging_mixin.py:151} INFO - [2023-10-18T23:59:08.973+0000] {dagbag.py:539} INFO - Filling up the DagBag from /home/airflow/.local/lib/python3.8/site-packages/airflow/example_dags/tutorial.py
[2023-10-18T23:59:08.977+0000] {processor.py:839} INFO - DAG(s) dict_keys(['tutorial']) retrieved from /home/airflow/.local/lib/python3.8/site-packages/airflow/example_dags/tutorial.py
[2023-10-18T23:59:08.992+0000] {logging_mixin.py:151} INFO - [2023-10-18T23:59:08.992+0000] {dag.py:2915} INFO - Sync 1 DAGs
[2023-10-18T23:59:09.006+0000] {logging_mixin.py:151} INFO - [2023-10-18T23:59:09.006+0000] {dag.py:3696} INFO - Setting next_dagrun for tutorial to 2023-10-17T23:59:09.005878+00:00, run_after=2023-10-18T23:59:09.005878+00:00
[2023-10-18T23:59:09.017+0000] {processor.py:179} INFO - Processing /home/airflow/.local/lib/python3.8/site-packages/airflow/example_dags/tutorial.py took 0.049 seconds
[2023-10-18T23:59:39.354+0000] {processor.py:157} INFO - Started process (PID=555) to work on /home/airflow/.local/lib/python3.8/site-packages/airflow/example_dags/tutorial.py
[2023-10-18T23:59:39.356+0000] {processor.py:829} INFO - Processing file /home/airflow/.local/lib/python3.8/site-packages/airflow/example_dags/tutorial.py for tasks to queue
[2023-10-18T23:59:39.358+0000] {logging_mixin.py:151} INFO - [2023-10-18T23:59:39.358+0000] {dagbag.py:539} INFO - Filling up the DagBag from /home/airflow/.local/lib/python3.8/site-packages/airflow/example_dags/tutorial.py
[2023-10-18T23:59:39.365+0000] {processor.py:839} INFO - DAG(s) dict_keys(['tutorial']) retrieved from /home/airflow/.local/lib/python3.8/site-packages/airflow/example_dags/tutorial.py
[2023-10-18T23:59:39.395+0000] {logging_mixin.py:151} INFO - [2023-10-18T23:59:39.395+0000] {dag.py:2915} INFO - Sync 1 DAGs
[2023-10-18T23:59:39.414+0000] {logging_mixin.py:151} INFO - [2023-10-18T23:59:39.413+0000] {dag.py:3696} INFO - Setting next_dagrun for tutorial to 2023-10-17T23:59:39.413775+00:00, run_after=2023-10-18T23:59:39.413775+00:00
[2023-10-18T23:59:39.427+0000] {processor.py:179} INFO - Processing /home/airflow/.local/lib/python3.8/site-packages/airflow/example_dags/tutorial.py took 0.077 seconds
