[2023-10-08T22:28:56.718+0000] {processor.py:157} INFO - Started process (PID=2723) to work on /opt/airflow/dags/mongo_data_loader.py
[2023-10-08T22:28:56.720+0000] {processor.py:829} INFO - Processing file /opt/airflow/dags/mongo_data_loader.py for tasks to queue
[2023-10-08T22:28:56.722+0000] {logging_mixin.py:151} INFO - [2023-10-08T22:28:56.722+0000] {dagbag.py:539} INFO - Filling up the DagBag from /opt/airflow/dags/mongo_data_loader.py
[2023-10-08T22:28:56.728+0000] {processor.py:841} WARNING - No viable dags retrieved from /opt/airflow/dags/mongo_data_loader.py
[2023-10-08T22:28:56.740+0000] {processor.py:179} INFO - Processing /opt/airflow/dags/mongo_data_loader.py took 0.025 seconds
[2023-10-08T22:29:26.781+0000] {processor.py:157} INFO - Started process (PID=2778) to work on /opt/airflow/dags/mongo_data_loader.py
[2023-10-08T22:29:26.783+0000] {processor.py:829} INFO - Processing file /opt/airflow/dags/mongo_data_loader.py for tasks to queue
[2023-10-08T22:29:26.787+0000] {logging_mixin.py:151} INFO - [2023-10-08T22:29:26.786+0000] {dagbag.py:539} INFO - Filling up the DagBag from /opt/airflow/dags/mongo_data_loader.py
[2023-10-08T22:29:26.793+0000] {processor.py:841} WARNING - No viable dags retrieved from /opt/airflow/dags/mongo_data_loader.py
[2023-10-08T22:29:26.809+0000] {processor.py:179} INFO - Processing /opt/airflow/dags/mongo_data_loader.py took 0.034 seconds
[2023-10-08T22:29:57.020+0000] {processor.py:157} INFO - Started process (PID=2833) to work on /opt/airflow/dags/mongo_data_loader.py
[2023-10-08T22:29:57.022+0000] {processor.py:829} INFO - Processing file /opt/airflow/dags/mongo_data_loader.py for tasks to queue
[2023-10-08T22:29:57.024+0000] {logging_mixin.py:151} INFO - [2023-10-08T22:29:57.024+0000] {dagbag.py:539} INFO - Filling up the DagBag from /opt/airflow/dags/mongo_data_loader.py
[2023-10-08T22:29:57.030+0000] {processor.py:841} WARNING - No viable dags retrieved from /opt/airflow/dags/mongo_data_loader.py
[2023-10-08T22:29:57.046+0000] {processor.py:179} INFO - Processing /opt/airflow/dags/mongo_data_loader.py took 0.032 seconds
[2023-10-08T22:30:27.321+0000] {processor.py:157} INFO - Started process (PID=2888) to work on /opt/airflow/dags/mongo_data_loader.py
[2023-10-08T22:30:27.323+0000] {processor.py:829} INFO - Processing file /opt/airflow/dags/mongo_data_loader.py for tasks to queue
[2023-10-08T22:30:27.327+0000] {logging_mixin.py:151} INFO - [2023-10-08T22:30:27.326+0000] {dagbag.py:539} INFO - Filling up the DagBag from /opt/airflow/dags/mongo_data_loader.py
[2023-10-08T22:30:27.329+0000] {processor.py:841} WARNING - No viable dags retrieved from /opt/airflow/dags/mongo_data_loader.py
[2023-10-08T22:30:27.344+0000] {processor.py:179} INFO - Processing /opt/airflow/dags/mongo_data_loader.py took 0.027 seconds
[2023-10-08T22:30:58.298+0000] {processor.py:157} INFO - Started process (PID=2943) to work on /opt/airflow/dags/mongo_data_loader.py
[2023-10-08T22:30:58.298+0000] {processor.py:829} INFO - Processing file /opt/airflow/dags/mongo_data_loader.py for tasks to queue
[2023-10-08T22:30:58.300+0000] {logging_mixin.py:151} INFO - [2023-10-08T22:30:58.300+0000] {dagbag.py:539} INFO - Filling up the DagBag from /opt/airflow/dags/mongo_data_loader.py
[2023-10-08T22:30:58.303+0000] {processor.py:841} WARNING - No viable dags retrieved from /opt/airflow/dags/mongo_data_loader.py
[2023-10-08T22:30:58.316+0000] {processor.py:179} INFO - Processing /opt/airflow/dags/mongo_data_loader.py took 0.020 seconds
[2023-10-08T22:31:29.066+0000] {processor.py:157} INFO - Started process (PID=2998) to work on /opt/airflow/dags/mongo_data_loader.py
[2023-10-08T22:31:29.067+0000] {processor.py:829} INFO - Processing file /opt/airflow/dags/mongo_data_loader.py for tasks to queue
[2023-10-08T22:31:29.070+0000] {logging_mixin.py:151} INFO - [2023-10-08T22:31:29.070+0000] {dagbag.py:539} INFO - Filling up the DagBag from /opt/airflow/dags/mongo_data_loader.py
[2023-10-08T22:31:29.073+0000] {processor.py:841} WARNING - No viable dags retrieved from /opt/airflow/dags/mongo_data_loader.py
[2023-10-08T22:31:29.084+0000] {processor.py:179} INFO - Processing /opt/airflow/dags/mongo_data_loader.py took 0.020 seconds
[2023-10-08T22:31:59.210+0000] {processor.py:157} INFO - Started process (PID=3053) to work on /opt/airflow/dags/mongo_data_loader.py
[2023-10-08T22:31:59.210+0000] {processor.py:829} INFO - Processing file /opt/airflow/dags/mongo_data_loader.py for tasks to queue
[2023-10-08T22:31:59.212+0000] {logging_mixin.py:151} INFO - [2023-10-08T22:31:59.212+0000] {dagbag.py:539} INFO - Filling up the DagBag from /opt/airflow/dags/mongo_data_loader.py
[2023-10-08T22:31:59.215+0000] {processor.py:841} WARNING - No viable dags retrieved from /opt/airflow/dags/mongo_data_loader.py
[2023-10-08T22:31:59.229+0000] {processor.py:179} INFO - Processing /opt/airflow/dags/mongo_data_loader.py took 0.025 seconds
[2023-10-08T22:32:29.291+0000] {processor.py:157} INFO - Started process (PID=3107) to work on /opt/airflow/dags/mongo_data_loader.py
[2023-10-08T22:32:29.291+0000] {processor.py:829} INFO - Processing file /opt/airflow/dags/mongo_data_loader.py for tasks to queue
[2023-10-08T22:32:29.293+0000] {logging_mixin.py:151} INFO - [2023-10-08T22:32:29.293+0000] {dagbag.py:539} INFO - Filling up the DagBag from /opt/airflow/dags/mongo_data_loader.py
[2023-10-08T22:32:29.296+0000] {processor.py:841} WARNING - No viable dags retrieved from /opt/airflow/dags/mongo_data_loader.py
[2023-10-08T22:32:29.311+0000] {processor.py:179} INFO - Processing /opt/airflow/dags/mongo_data_loader.py took 0.024 seconds
[2023-10-08T22:32:59.744+0000] {processor.py:157} INFO - Started process (PID=3162) to work on /opt/airflow/dags/mongo_data_loader.py
[2023-10-08T22:32:59.744+0000] {processor.py:829} INFO - Processing file /opt/airflow/dags/mongo_data_loader.py for tasks to queue
[2023-10-08T22:32:59.748+0000] {logging_mixin.py:151} INFO - [2023-10-08T22:32:59.747+0000] {dagbag.py:539} INFO - Filling up the DagBag from /opt/airflow/dags/mongo_data_loader.py
[2023-10-08T22:32:59.752+0000] {processor.py:841} WARNING - No viable dags retrieved from /opt/airflow/dags/mongo_data_loader.py
[2023-10-08T22:32:59.767+0000] {processor.py:179} INFO - Processing /opt/airflow/dags/mongo_data_loader.py took 0.028 seconds
[2023-10-08T22:45:11.442+0000] {processor.py:157} INFO - Started process (PID=3168) to work on /opt/airflow/dags/mongo_data_loader.py
[2023-10-08T22:45:11.443+0000] {processor.py:829} INFO - Processing file /opt/airflow/dags/mongo_data_loader.py for tasks to queue
[2023-10-08T22:45:11.445+0000] {logging_mixin.py:151} INFO - [2023-10-08T22:45:11.444+0000] {dagbag.py:539} INFO - Filling up the DagBag from /opt/airflow/dags/mongo_data_loader.py
[2023-10-08T22:45:11.447+0000] {processor.py:841} WARNING - No viable dags retrieved from /opt/airflow/dags/mongo_data_loader.py
[2023-10-08T22:45:11.458+0000] {processor.py:179} INFO - Processing /opt/airflow/dags/mongo_data_loader.py took 0.018 seconds
[2023-10-08T22:45:42.316+0000] {processor.py:157} INFO - Started process (PID=3223) to work on /opt/airflow/dags/mongo_data_loader.py
[2023-10-08T22:45:42.318+0000] {processor.py:829} INFO - Processing file /opt/airflow/dags/mongo_data_loader.py for tasks to queue
[2023-10-08T22:45:42.321+0000] {logging_mixin.py:151} INFO - [2023-10-08T22:45:42.321+0000] {dagbag.py:539} INFO - Filling up the DagBag from /opt/airflow/dags/mongo_data_loader.py
[2023-10-08T22:45:42.326+0000] {processor.py:841} WARNING - No viable dags retrieved from /opt/airflow/dags/mongo_data_loader.py
[2023-10-08T22:45:42.344+0000] {processor.py:179} INFO - Processing /opt/airflow/dags/mongo_data_loader.py took 0.037 seconds
[2023-10-08T22:46:12.622+0000] {processor.py:157} INFO - Started process (PID=3278) to work on /opt/airflow/dags/mongo_data_loader.py
[2023-10-08T22:46:12.624+0000] {processor.py:829} INFO - Processing file /opt/airflow/dags/mongo_data_loader.py for tasks to queue
[2023-10-08T22:46:12.628+0000] {logging_mixin.py:151} INFO - [2023-10-08T22:46:12.627+0000] {dagbag.py:539} INFO - Filling up the DagBag from /opt/airflow/dags/mongo_data_loader.py
[2023-10-08T22:46:12.634+0000] {processor.py:841} WARNING - No viable dags retrieved from /opt/airflow/dags/mongo_data_loader.py
[2023-10-08T22:46:12.652+0000] {processor.py:179} INFO - Processing /opt/airflow/dags/mongo_data_loader.py took 0.036 seconds
[2023-10-08T22:46:42.767+0000] {processor.py:157} INFO - Started process (PID=3333) to work on /opt/airflow/dags/mongo_data_loader.py
[2023-10-08T22:46:42.770+0000] {processor.py:829} INFO - Processing file /opt/airflow/dags/mongo_data_loader.py for tasks to queue
[2023-10-08T22:46:42.777+0000] {logging_mixin.py:151} INFO - [2023-10-08T22:46:42.776+0000] {dagbag.py:539} INFO - Filling up the DagBag from /opt/airflow/dags/mongo_data_loader.py
[2023-10-08T22:46:42.782+0000] {processor.py:841} WARNING - No viable dags retrieved from /opt/airflow/dags/mongo_data_loader.py
[2023-10-08T22:46:42.798+0000] {processor.py:179} INFO - Processing /opt/airflow/dags/mongo_data_loader.py took 0.040 seconds
[2023-10-08T22:47:13.093+0000] {processor.py:157} INFO - Started process (PID=3388) to work on /opt/airflow/dags/mongo_data_loader.py
[2023-10-08T22:47:13.095+0000] {processor.py:829} INFO - Processing file /opt/airflow/dags/mongo_data_loader.py for tasks to queue
[2023-10-08T22:47:13.099+0000] {logging_mixin.py:151} INFO - [2023-10-08T22:47:13.099+0000] {dagbag.py:539} INFO - Filling up the DagBag from /opt/airflow/dags/mongo_data_loader.py
[2023-10-08T22:47:13.105+0000] {processor.py:841} WARNING - No viable dags retrieved from /opt/airflow/dags/mongo_data_loader.py
[2023-10-08T22:47:13.122+0000] {processor.py:179} INFO - Processing /opt/airflow/dags/mongo_data_loader.py took 0.036 seconds
[2023-10-08T22:47:43.309+0000] {processor.py:157} INFO - Started process (PID=3443) to work on /opt/airflow/dags/mongo_data_loader.py
[2023-10-08T22:47:43.310+0000] {processor.py:829} INFO - Processing file /opt/airflow/dags/mongo_data_loader.py for tasks to queue
[2023-10-08T22:47:43.313+0000] {logging_mixin.py:151} INFO - [2023-10-08T22:47:43.312+0000] {dagbag.py:539} INFO - Filling up the DagBag from /opt/airflow/dags/mongo_data_loader.py
[2023-10-08T22:47:43.316+0000] {processor.py:841} WARNING - No viable dags retrieved from /opt/airflow/dags/mongo_data_loader.py
[2023-10-08T22:47:43.331+0000] {processor.py:179} INFO - Processing /opt/airflow/dags/mongo_data_loader.py took 0.026 seconds
[2023-10-08T22:48:13.650+0000] {processor.py:157} INFO - Started process (PID=3498) to work on /opt/airflow/dags/mongo_data_loader.py
[2023-10-08T22:48:13.652+0000] {processor.py:829} INFO - Processing file /opt/airflow/dags/mongo_data_loader.py for tasks to queue
[2023-10-08T22:48:13.656+0000] {logging_mixin.py:151} INFO - [2023-10-08T22:48:13.655+0000] {dagbag.py:539} INFO - Filling up the DagBag from /opt/airflow/dags/mongo_data_loader.py
[2023-10-08T22:48:13.661+0000] {processor.py:841} WARNING - No viable dags retrieved from /opt/airflow/dags/mongo_data_loader.py
[2023-10-08T22:48:13.673+0000] {processor.py:179} INFO - Processing /opt/airflow/dags/mongo_data_loader.py took 0.027 seconds
[2023-10-08T22:48:44.205+0000] {processor.py:157} INFO - Started process (PID=3553) to work on /opt/airflow/dags/mongo_data_loader.py
[2023-10-08T22:48:44.206+0000] {processor.py:829} INFO - Processing file /opt/airflow/dags/mongo_data_loader.py for tasks to queue
[2023-10-08T22:48:44.211+0000] {logging_mixin.py:151} INFO - [2023-10-08T22:48:44.210+0000] {dagbag.py:539} INFO - Filling up the DagBag from /opt/airflow/dags/mongo_data_loader.py
[2023-10-08T22:48:44.215+0000] {processor.py:841} WARNING - No viable dags retrieved from /opt/airflow/dags/mongo_data_loader.py
[2023-10-08T22:48:44.235+0000] {processor.py:179} INFO - Processing /opt/airflow/dags/mongo_data_loader.py took 0.036 seconds
[2023-10-08T22:49:14.533+0000] {processor.py:157} INFO - Started process (PID=3608) to work on /opt/airflow/dags/mongo_data_loader.py
[2023-10-08T22:49:14.535+0000] {processor.py:829} INFO - Processing file /opt/airflow/dags/mongo_data_loader.py for tasks to queue
[2023-10-08T22:49:14.538+0000] {logging_mixin.py:151} INFO - [2023-10-08T22:49:14.538+0000] {dagbag.py:539} INFO - Filling up the DagBag from /opt/airflow/dags/mongo_data_loader.py
[2023-10-08T22:49:14.541+0000] {processor.py:841} WARNING - No viable dags retrieved from /opt/airflow/dags/mongo_data_loader.py
[2023-10-08T22:49:14.551+0000] {processor.py:179} INFO - Processing /opt/airflow/dags/mongo_data_loader.py took 0.023 seconds
[2023-10-08T22:49:44.780+0000] {processor.py:157} INFO - Started process (PID=3663) to work on /opt/airflow/dags/mongo_data_loader.py
[2023-10-08T22:49:44.784+0000] {processor.py:829} INFO - Processing file /opt/airflow/dags/mongo_data_loader.py for tasks to queue
[2023-10-08T22:49:44.788+0000] {logging_mixin.py:151} INFO - [2023-10-08T22:49:44.787+0000] {dagbag.py:539} INFO - Filling up the DagBag from /opt/airflow/dags/mongo_data_loader.py
[2023-10-08T22:49:44.792+0000] {processor.py:841} WARNING - No viable dags retrieved from /opt/airflow/dags/mongo_data_loader.py
[2023-10-08T22:49:44.804+0000] {processor.py:179} INFO - Processing /opt/airflow/dags/mongo_data_loader.py took 0.029 seconds
[2023-10-08T22:50:15.001+0000] {processor.py:157} INFO - Started process (PID=3718) to work on /opt/airflow/dags/mongo_data_loader.py
[2023-10-08T22:50:15.002+0000] {processor.py:829} INFO - Processing file /opt/airflow/dags/mongo_data_loader.py for tasks to queue
[2023-10-08T22:50:15.005+0000] {logging_mixin.py:151} INFO - [2023-10-08T22:50:15.004+0000] {dagbag.py:539} INFO - Filling up the DagBag from /opt/airflow/dags/mongo_data_loader.py
[2023-10-08T22:50:15.008+0000] {processor.py:841} WARNING - No viable dags retrieved from /opt/airflow/dags/mongo_data_loader.py
[2023-10-08T22:50:15.021+0000] {processor.py:179} INFO - Processing /opt/airflow/dags/mongo_data_loader.py took 0.026 seconds
[2023-10-08T22:50:45.245+0000] {processor.py:157} INFO - Started process (PID=3773) to work on /opt/airflow/dags/mongo_data_loader.py
[2023-10-08T22:50:45.247+0000] {processor.py:829} INFO - Processing file /opt/airflow/dags/mongo_data_loader.py for tasks to queue
[2023-10-08T22:50:45.249+0000] {logging_mixin.py:151} INFO - [2023-10-08T22:50:45.249+0000] {dagbag.py:539} INFO - Filling up the DagBag from /opt/airflow/dags/mongo_data_loader.py
[2023-10-08T22:50:45.252+0000] {processor.py:841} WARNING - No viable dags retrieved from /opt/airflow/dags/mongo_data_loader.py
[2023-10-08T22:50:45.262+0000] {processor.py:179} INFO - Processing /opt/airflow/dags/mongo_data_loader.py took 0.021 seconds
[2023-10-08T22:51:15.667+0000] {processor.py:157} INFO - Started process (PID=3828) to work on /opt/airflow/dags/mongo_data_loader.py
[2023-10-08T22:51:15.670+0000] {processor.py:829} INFO - Processing file /opt/airflow/dags/mongo_data_loader.py for tasks to queue
[2023-10-08T22:51:15.675+0000] {logging_mixin.py:151} INFO - [2023-10-08T22:51:15.674+0000] {dagbag.py:539} INFO - Filling up the DagBag from /opt/airflow/dags/mongo_data_loader.py
[2023-10-08T22:51:15.678+0000] {processor.py:841} WARNING - No viable dags retrieved from /opt/airflow/dags/mongo_data_loader.py
[2023-10-08T22:51:15.707+0000] {processor.py:179} INFO - Processing /opt/airflow/dags/mongo_data_loader.py took 0.051 seconds
[2023-10-08T22:52:46.110+0000] {processor.py:157} INFO - Started process (PID=3883) to work on /opt/airflow/dags/mongo_data_loader.py
[2023-10-08T22:52:46.112+0000] {processor.py:829} INFO - Processing file /opt/airflow/dags/mongo_data_loader.py for tasks to queue
[2023-10-08T22:52:46.116+0000] {logging_mixin.py:151} INFO - [2023-10-08T22:52:46.115+0000] {dagbag.py:539} INFO - Filling up the DagBag from /opt/airflow/dags/mongo_data_loader.py
[2023-10-08T22:52:46.122+0000] {processor.py:841} WARNING - No viable dags retrieved from /opt/airflow/dags/mongo_data_loader.py
[2023-10-08T22:52:46.136+0000] {processor.py:179} INFO - Processing /opt/airflow/dags/mongo_data_loader.py took 0.031 seconds
[2023-10-08T22:53:16.198+0000] {processor.py:157} INFO - Started process (PID=3938) to work on /opt/airflow/dags/mongo_data_loader.py
[2023-10-08T22:53:16.203+0000] {processor.py:829} INFO - Processing file /opt/airflow/dags/mongo_data_loader.py for tasks to queue
[2023-10-08T22:53:16.205+0000] {logging_mixin.py:151} INFO - [2023-10-08T22:53:16.205+0000] {dagbag.py:539} INFO - Filling up the DagBag from /opt/airflow/dags/mongo_data_loader.py
[2023-10-08T22:53:16.210+0000] {processor.py:841} WARNING - No viable dags retrieved from /opt/airflow/dags/mongo_data_loader.py
[2023-10-08T22:53:16.222+0000] {processor.py:179} INFO - Processing /opt/airflow/dags/mongo_data_loader.py took 0.030 seconds
[2023-10-08T22:53:46.523+0000] {processor.py:157} INFO - Started process (PID=3993) to work on /opt/airflow/dags/mongo_data_loader.py
[2023-10-08T22:53:46.524+0000] {processor.py:829} INFO - Processing file /opt/airflow/dags/mongo_data_loader.py for tasks to queue
[2023-10-08T22:53:46.526+0000] {logging_mixin.py:151} INFO - [2023-10-08T22:53:46.525+0000] {dagbag.py:539} INFO - Filling up the DagBag from /opt/airflow/dags/mongo_data_loader.py
[2023-10-08T22:53:46.529+0000] {processor.py:841} WARNING - No viable dags retrieved from /opt/airflow/dags/mongo_data_loader.py
[2023-10-08T22:53:46.541+0000] {processor.py:179} INFO - Processing /opt/airflow/dags/mongo_data_loader.py took 0.024 seconds
[2023-10-08T22:54:16.560+0000] {processor.py:157} INFO - Started process (PID=4048) to work on /opt/airflow/dags/mongo_data_loader.py
[2023-10-08T22:54:16.562+0000] {processor.py:829} INFO - Processing file /opt/airflow/dags/mongo_data_loader.py for tasks to queue
[2023-10-08T22:54:16.564+0000] {logging_mixin.py:151} INFO - [2023-10-08T22:54:16.564+0000] {dagbag.py:539} INFO - Filling up the DagBag from /opt/airflow/dags/mongo_data_loader.py
[2023-10-08T22:54:16.566+0000] {processor.py:841} WARNING - No viable dags retrieved from /opt/airflow/dags/mongo_data_loader.py
[2023-10-08T22:54:16.575+0000] {processor.py:179} INFO - Processing /opt/airflow/dags/mongo_data_loader.py took 0.017 seconds
[2023-10-08T22:55:26.381+0000] {processor.py:157} INFO - Started process (PID=4103) to work on /opt/airflow/dags/mongo_data_loader.py
[2023-10-08T22:55:26.382+0000] {processor.py:829} INFO - Processing file /opt/airflow/dags/mongo_data_loader.py for tasks to queue
[2023-10-08T22:55:26.386+0000] {logging_mixin.py:151} INFO - [2023-10-08T22:55:26.385+0000] {dagbag.py:539} INFO - Filling up the DagBag from /opt/airflow/dags/mongo_data_loader.py
[2023-10-08T22:55:26.389+0000] {processor.py:841} WARNING - No viable dags retrieved from /opt/airflow/dags/mongo_data_loader.py
[2023-10-08T22:55:26.404+0000] {processor.py:179} INFO - Processing /opt/airflow/dags/mongo_data_loader.py took 0.027 seconds
[2023-10-08T22:55:56.539+0000] {processor.py:157} INFO - Started process (PID=4158) to work on /opt/airflow/dags/mongo_data_loader.py
[2023-10-08T22:55:56.541+0000] {processor.py:829} INFO - Processing file /opt/airflow/dags/mongo_data_loader.py for tasks to queue
[2023-10-08T22:55:56.542+0000] {logging_mixin.py:151} INFO - [2023-10-08T22:55:56.542+0000] {dagbag.py:539} INFO - Filling up the DagBag from /opt/airflow/dags/mongo_data_loader.py
[2023-10-08T22:55:56.545+0000] {processor.py:841} WARNING - No viable dags retrieved from /opt/airflow/dags/mongo_data_loader.py
[2023-10-08T22:55:56.555+0000] {processor.py:179} INFO - Processing /opt/airflow/dags/mongo_data_loader.py took 0.019 seconds
[2023-10-08T22:56:26.638+0000] {processor.py:157} INFO - Started process (PID=4213) to work on /opt/airflow/dags/mongo_data_loader.py
[2023-10-08T22:56:26.640+0000] {processor.py:829} INFO - Processing file /opt/airflow/dags/mongo_data_loader.py for tasks to queue
[2023-10-08T22:56:26.643+0000] {logging_mixin.py:151} INFO - [2023-10-08T22:56:26.643+0000] {dagbag.py:539} INFO - Filling up the DagBag from /opt/airflow/dags/mongo_data_loader.py
[2023-10-08T22:56:26.647+0000] {processor.py:841} WARNING - No viable dags retrieved from /opt/airflow/dags/mongo_data_loader.py
[2023-10-08T22:56:26.662+0000] {processor.py:179} INFO - Processing /opt/airflow/dags/mongo_data_loader.py took 0.028 seconds
[2023-10-08T22:56:56.809+0000] {processor.py:157} INFO - Started process (PID=4268) to work on /opt/airflow/dags/mongo_data_loader.py
[2023-10-08T22:56:56.811+0000] {processor.py:829} INFO - Processing file /opt/airflow/dags/mongo_data_loader.py for tasks to queue
[2023-10-08T22:56:56.814+0000] {logging_mixin.py:151} INFO - [2023-10-08T22:56:56.814+0000] {dagbag.py:539} INFO - Filling up the DagBag from /opt/airflow/dags/mongo_data_loader.py
[2023-10-08T22:56:56.820+0000] {processor.py:841} WARNING - No viable dags retrieved from /opt/airflow/dags/mongo_data_loader.py
[2023-10-08T22:56:56.835+0000] {processor.py:179} INFO - Processing /opt/airflow/dags/mongo_data_loader.py took 0.033 seconds
[2023-10-08T22:57:26.975+0000] {processor.py:157} INFO - Started process (PID=4323) to work on /opt/airflow/dags/mongo_data_loader.py
[2023-10-08T22:57:26.978+0000] {processor.py:829} INFO - Processing file /opt/airflow/dags/mongo_data_loader.py for tasks to queue
[2023-10-08T22:57:26.981+0000] {logging_mixin.py:151} INFO - [2023-10-08T22:57:26.981+0000] {dagbag.py:539} INFO - Filling up the DagBag from /opt/airflow/dags/mongo_data_loader.py
[2023-10-08T22:57:26.986+0000] {processor.py:841} WARNING - No viable dags retrieved from /opt/airflow/dags/mongo_data_loader.py
[2023-10-08T22:57:27.000+0000] {processor.py:179} INFO - Processing /opt/airflow/dags/mongo_data_loader.py took 0.030 seconds
[2023-10-08T22:58:13.338+0000] {processor.py:157} INFO - Started process (PID=4378) to work on /opt/airflow/dags/mongo_data_loader.py
[2023-10-08T22:58:13.340+0000] {processor.py:829} INFO - Processing file /opt/airflow/dags/mongo_data_loader.py for tasks to queue
[2023-10-08T22:58:13.345+0000] {logging_mixin.py:151} INFO - [2023-10-08T22:58:13.345+0000] {dagbag.py:539} INFO - Filling up the DagBag from /opt/airflow/dags/mongo_data_loader.py
[2023-10-08T22:58:13.351+0000] {processor.py:841} WARNING - No viable dags retrieved from /opt/airflow/dags/mongo_data_loader.py
[2023-10-08T22:58:13.367+0000] {processor.py:179} INFO - Processing /opt/airflow/dags/mongo_data_loader.py took 0.039 seconds
[2023-10-08T22:58:43.643+0000] {processor.py:157} INFO - Started process (PID=4433) to work on /opt/airflow/dags/mongo_data_loader.py
[2023-10-08T22:58:43.645+0000] {processor.py:829} INFO - Processing file /opt/airflow/dags/mongo_data_loader.py for tasks to queue
[2023-10-08T22:58:43.649+0000] {logging_mixin.py:151} INFO - [2023-10-08T22:58:43.648+0000] {dagbag.py:539} INFO - Filling up the DagBag from /opt/airflow/dags/mongo_data_loader.py
[2023-10-08T22:58:43.654+0000] {processor.py:841} WARNING - No viable dags retrieved from /opt/airflow/dags/mongo_data_loader.py
[2023-10-08T22:58:43.672+0000] {processor.py:179} INFO - Processing /opt/airflow/dags/mongo_data_loader.py took 0.034 seconds
[2023-10-08T22:59:13.821+0000] {processor.py:157} INFO - Started process (PID=4488) to work on /opt/airflow/dags/mongo_data_loader.py
[2023-10-08T22:59:13.825+0000] {processor.py:829} INFO - Processing file /opt/airflow/dags/mongo_data_loader.py for tasks to queue
[2023-10-08T22:59:13.829+0000] {logging_mixin.py:151} INFO - [2023-10-08T22:59:13.828+0000] {dagbag.py:539} INFO - Filling up the DagBag from /opt/airflow/dags/mongo_data_loader.py
[2023-10-08T22:59:13.835+0000] {processor.py:841} WARNING - No viable dags retrieved from /opt/airflow/dags/mongo_data_loader.py
[2023-10-08T22:59:13.850+0000] {processor.py:179} INFO - Processing /opt/airflow/dags/mongo_data_loader.py took 0.035 seconds
[2023-10-08T22:59:43.934+0000] {processor.py:157} INFO - Started process (PID=4543) to work on /opt/airflow/dags/mongo_data_loader.py
[2023-10-08T22:59:43.938+0000] {processor.py:829} INFO - Processing file /opt/airflow/dags/mongo_data_loader.py for tasks to queue
[2023-10-08T22:59:43.942+0000] {logging_mixin.py:151} INFO - [2023-10-08T22:59:43.941+0000] {dagbag.py:539} INFO - Filling up the DagBag from /opt/airflow/dags/mongo_data_loader.py
[2023-10-08T22:59:43.947+0000] {processor.py:841} WARNING - No viable dags retrieved from /opt/airflow/dags/mongo_data_loader.py
[2023-10-08T22:59:43.961+0000] {processor.py:179} INFO - Processing /opt/airflow/dags/mongo_data_loader.py took 0.033 seconds
[2023-10-08T23:00:14.136+0000] {processor.py:157} INFO - Started process (PID=4598) to work on /opt/airflow/dags/mongo_data_loader.py
[2023-10-08T23:00:14.253+0000] {processor.py:829} INFO - Processing file /opt/airflow/dags/mongo_data_loader.py for tasks to queue
[2023-10-08T23:00:14.257+0000] {logging_mixin.py:151} INFO - [2023-10-08T23:00:14.256+0000] {dagbag.py:539} INFO - Filling up the DagBag from /opt/airflow/dags/mongo_data_loader.py
[2023-10-08T23:00:14.297+0000] {processor.py:841} WARNING - No viable dags retrieved from /opt/airflow/dags/mongo_data_loader.py
[2023-10-08T23:00:14.328+0000] {processor.py:179} INFO - Processing /opt/airflow/dags/mongo_data_loader.py took 0.196 seconds
[2023-10-08T23:12:10.803+0000] {processor.py:157} INFO - Started process (PID=4653) to work on /opt/airflow/dags/mongo_data_loader.py
[2023-10-08T23:12:10.804+0000] {processor.py:829} INFO - Processing file /opt/airflow/dags/mongo_data_loader.py for tasks to queue
[2023-10-08T23:12:10.806+0000] {logging_mixin.py:151} INFO - [2023-10-08T23:12:10.806+0000] {dagbag.py:539} INFO - Filling up the DagBag from /opt/airflow/dags/mongo_data_loader.py
[2023-10-08T23:12:10.809+0000] {processor.py:841} WARNING - No viable dags retrieved from /opt/airflow/dags/mongo_data_loader.py
[2023-10-08T23:12:10.818+0000] {processor.py:179} INFO - Processing /opt/airflow/dags/mongo_data_loader.py took 0.017 seconds
[2023-10-08T23:26:48.823+0000] {processor.py:157} INFO - Started process (PID=34) to work on /opt/airflow/dags/mongo_data_loader.py
[2023-10-08T23:26:48.830+0000] {processor.py:829} INFO - Processing file /opt/airflow/dags/mongo_data_loader.py for tasks to queue
[2023-10-08T23:26:48.835+0000] {logging_mixin.py:151} INFO - [2023-10-08T23:26:48.834+0000] {dagbag.py:539} INFO - Filling up the DagBag from /opt/airflow/dags/mongo_data_loader.py
[2023-10-08T23:26:48.877+0000] {processor.py:841} WARNING - No viable dags retrieved from /opt/airflow/dags/mongo_data_loader.py
[2023-10-08T23:26:48.907+0000] {processor.py:179} INFO - Processing /opt/airflow/dags/mongo_data_loader.py took 0.088 seconds
[2023-10-08T23:27:19.154+0000] {processor.py:157} INFO - Started process (PID=89) to work on /opt/airflow/dags/mongo_data_loader.py
[2023-10-08T23:27:19.156+0000] {processor.py:829} INFO - Processing file /opt/airflow/dags/mongo_data_loader.py for tasks to queue
[2023-10-08T23:27:19.162+0000] {logging_mixin.py:151} INFO - [2023-10-08T23:27:19.161+0000] {dagbag.py:539} INFO - Filling up the DagBag from /opt/airflow/dags/mongo_data_loader.py
[2023-10-08T23:27:19.166+0000] {processor.py:841} WARNING - No viable dags retrieved from /opt/airflow/dags/mongo_data_loader.py
[2023-10-08T23:27:19.185+0000] {processor.py:179} INFO - Processing /opt/airflow/dags/mongo_data_loader.py took 0.037 seconds
[2023-10-08T23:27:49.230+0000] {processor.py:157} INFO - Started process (PID=144) to work on /opt/airflow/dags/mongo_data_loader.py
[2023-10-08T23:27:49.232+0000] {processor.py:829} INFO - Processing file /opt/airflow/dags/mongo_data_loader.py for tasks to queue
[2023-10-08T23:27:49.235+0000] {logging_mixin.py:151} INFO - [2023-10-08T23:27:49.235+0000] {dagbag.py:539} INFO - Filling up the DagBag from /opt/airflow/dags/mongo_data_loader.py
[2023-10-08T23:27:49.240+0000] {processor.py:841} WARNING - No viable dags retrieved from /opt/airflow/dags/mongo_data_loader.py
[2023-10-08T23:27:49.257+0000] {processor.py:179} INFO - Processing /opt/airflow/dags/mongo_data_loader.py took 0.032 seconds
[2023-10-08T23:28:19.380+0000] {processor.py:157} INFO - Started process (PID=199) to work on /opt/airflow/dags/mongo_data_loader.py
[2023-10-08T23:28:19.381+0000] {processor.py:829} INFO - Processing file /opt/airflow/dags/mongo_data_loader.py for tasks to queue
[2023-10-08T23:28:19.384+0000] {logging_mixin.py:151} INFO - [2023-10-08T23:28:19.383+0000] {dagbag.py:539} INFO - Filling up the DagBag from /opt/airflow/dags/mongo_data_loader.py
[2023-10-08T23:28:19.387+0000] {processor.py:841} WARNING - No viable dags retrieved from /opt/airflow/dags/mongo_data_loader.py
[2023-10-08T23:28:19.396+0000] {processor.py:179} INFO - Processing /opt/airflow/dags/mongo_data_loader.py took 0.019 seconds
[2023-10-08T23:28:49.716+0000] {processor.py:157} INFO - Started process (PID=254) to work on /opt/airflow/dags/mongo_data_loader.py
[2023-10-08T23:28:49.718+0000] {processor.py:829} INFO - Processing file /opt/airflow/dags/mongo_data_loader.py for tasks to queue
[2023-10-08T23:28:49.721+0000] {logging_mixin.py:151} INFO - [2023-10-08T23:28:49.721+0000] {dagbag.py:539} INFO - Filling up the DagBag from /opt/airflow/dags/mongo_data_loader.py
[2023-10-08T23:28:49.726+0000] {processor.py:841} WARNING - No viable dags retrieved from /opt/airflow/dags/mongo_data_loader.py
[2023-10-08T23:28:49.741+0000] {processor.py:179} INFO - Processing /opt/airflow/dags/mongo_data_loader.py took 0.031 seconds
[2023-10-08T23:29:19.931+0000] {processor.py:157} INFO - Started process (PID=309) to work on /opt/airflow/dags/mongo_data_loader.py
[2023-10-08T23:29:19.933+0000] {processor.py:829} INFO - Processing file /opt/airflow/dags/mongo_data_loader.py for tasks to queue
[2023-10-08T23:29:19.937+0000] {logging_mixin.py:151} INFO - [2023-10-08T23:29:19.937+0000] {dagbag.py:539} INFO - Filling up the DagBag from /opt/airflow/dags/mongo_data_loader.py
[2023-10-08T23:29:19.942+0000] {processor.py:841} WARNING - No viable dags retrieved from /opt/airflow/dags/mongo_data_loader.py
[2023-10-08T23:29:19.959+0000] {processor.py:179} INFO - Processing /opt/airflow/dags/mongo_data_loader.py took 0.034 seconds
[2023-10-08T23:29:50.056+0000] {processor.py:157} INFO - Started process (PID=364) to work on /opt/airflow/dags/mongo_data_loader.py
[2023-10-08T23:29:50.057+0000] {processor.py:829} INFO - Processing file /opt/airflow/dags/mongo_data_loader.py for tasks to queue
[2023-10-08T23:29:50.060+0000] {logging_mixin.py:151} INFO - [2023-10-08T23:29:50.059+0000] {dagbag.py:539} INFO - Filling up the DagBag from /opt/airflow/dags/mongo_data_loader.py
[2023-10-08T23:29:50.063+0000] {processor.py:841} WARNING - No viable dags retrieved from /opt/airflow/dags/mongo_data_loader.py
[2023-10-08T23:29:50.073+0000] {processor.py:179} INFO - Processing /opt/airflow/dags/mongo_data_loader.py took 0.020 seconds
[2023-10-08T23:30:20.123+0000] {processor.py:157} INFO - Started process (PID=419) to work on /opt/airflow/dags/mongo_data_loader.py
[2023-10-08T23:30:20.124+0000] {processor.py:829} INFO - Processing file /opt/airflow/dags/mongo_data_loader.py for tasks to queue
[2023-10-08T23:30:20.125+0000] {logging_mixin.py:151} INFO - [2023-10-08T23:30:20.125+0000] {dagbag.py:539} INFO - Filling up the DagBag from /opt/airflow/dags/mongo_data_loader.py
[2023-10-08T23:30:20.128+0000] {processor.py:841} WARNING - No viable dags retrieved from /opt/airflow/dags/mongo_data_loader.py
[2023-10-08T23:30:20.137+0000] {processor.py:179} INFO - Processing /opt/airflow/dags/mongo_data_loader.py took 0.016 seconds
[2023-10-08T23:30:50.197+0000] {processor.py:157} INFO - Started process (PID=474) to work on /opt/airflow/dags/mongo_data_loader.py
[2023-10-08T23:30:50.200+0000] {processor.py:829} INFO - Processing file /opt/airflow/dags/mongo_data_loader.py for tasks to queue
[2023-10-08T23:30:50.203+0000] {logging_mixin.py:151} INFO - [2023-10-08T23:30:50.203+0000] {dagbag.py:539} INFO - Filling up the DagBag from /opt/airflow/dags/mongo_data_loader.py
[2023-10-08T23:30:50.208+0000] {processor.py:841} WARNING - No viable dags retrieved from /opt/airflow/dags/mongo_data_loader.py
[2023-10-08T23:30:50.220+0000] {processor.py:179} INFO - Processing /opt/airflow/dags/mongo_data_loader.py took 0.028 seconds
[2023-10-08T23:31:20.361+0000] {processor.py:157} INFO - Started process (PID=529) to work on /opt/airflow/dags/mongo_data_loader.py
[2023-10-08T23:31:20.363+0000] {processor.py:829} INFO - Processing file /opt/airflow/dags/mongo_data_loader.py for tasks to queue
[2023-10-08T23:31:20.367+0000] {logging_mixin.py:151} INFO - [2023-10-08T23:31:20.367+0000] {dagbag.py:539} INFO - Filling up the DagBag from /opt/airflow/dags/mongo_data_loader.py
[2023-10-08T23:31:20.372+0000] {processor.py:841} WARNING - No viable dags retrieved from /opt/airflow/dags/mongo_data_loader.py
[2023-10-08T23:31:20.385+0000] {processor.py:179} INFO - Processing /opt/airflow/dags/mongo_data_loader.py took 0.030 seconds
[2023-10-08T23:31:50.438+0000] {processor.py:157} INFO - Started process (PID=584) to work on /opt/airflow/dags/mongo_data_loader.py
[2023-10-08T23:31:50.440+0000] {processor.py:829} INFO - Processing file /opt/airflow/dags/mongo_data_loader.py for tasks to queue
[2023-10-08T23:31:50.443+0000] {logging_mixin.py:151} INFO - [2023-10-08T23:31:50.443+0000] {dagbag.py:539} INFO - Filling up the DagBag from /opt/airflow/dags/mongo_data_loader.py
[2023-10-08T23:31:50.447+0000] {processor.py:841} WARNING - No viable dags retrieved from /opt/airflow/dags/mongo_data_loader.py
[2023-10-08T23:31:50.464+0000] {processor.py:179} INFO - Processing /opt/airflow/dags/mongo_data_loader.py took 0.031 seconds
[2023-10-08T23:32:20.541+0000] {processor.py:157} INFO - Started process (PID=639) to work on /opt/airflow/dags/mongo_data_loader.py
[2023-10-08T23:32:20.543+0000] {processor.py:829} INFO - Processing file /opt/airflow/dags/mongo_data_loader.py for tasks to queue
[2023-10-08T23:32:20.546+0000] {logging_mixin.py:151} INFO - [2023-10-08T23:32:20.546+0000] {dagbag.py:539} INFO - Filling up the DagBag from /opt/airflow/dags/mongo_data_loader.py
[2023-10-08T23:32:20.551+0000] {processor.py:841} WARNING - No viable dags retrieved from /opt/airflow/dags/mongo_data_loader.py
[2023-10-08T23:32:20.568+0000] {processor.py:179} INFO - Processing /opt/airflow/dags/mongo_data_loader.py took 0.032 seconds
[2023-10-08T23:32:50.789+0000] {processor.py:157} INFO - Started process (PID=694) to work on /opt/airflow/dags/mongo_data_loader.py
[2023-10-08T23:32:50.791+0000] {processor.py:829} INFO - Processing file /opt/airflow/dags/mongo_data_loader.py for tasks to queue
[2023-10-08T23:32:50.795+0000] {logging_mixin.py:151} INFO - [2023-10-08T23:32:50.794+0000] {dagbag.py:539} INFO - Filling up the DagBag from /opt/airflow/dags/mongo_data_loader.py
[2023-10-08T23:32:50.800+0000] {processor.py:841} WARNING - No viable dags retrieved from /opt/airflow/dags/mongo_data_loader.py
[2023-10-08T23:32:50.813+0000] {processor.py:179} INFO - Processing /opt/airflow/dags/mongo_data_loader.py took 0.029 seconds
[2023-10-08T23:33:20.915+0000] {processor.py:157} INFO - Started process (PID=749) to work on /opt/airflow/dags/mongo_data_loader.py
[2023-10-08T23:33:20.917+0000] {processor.py:829} INFO - Processing file /opt/airflow/dags/mongo_data_loader.py for tasks to queue
[2023-10-08T23:33:20.921+0000] {logging_mixin.py:151} INFO - [2023-10-08T23:33:20.921+0000] {dagbag.py:539} INFO - Filling up the DagBag from /opt/airflow/dags/mongo_data_loader.py
[2023-10-08T23:33:20.925+0000] {processor.py:841} WARNING - No viable dags retrieved from /opt/airflow/dags/mongo_data_loader.py
[2023-10-08T23:33:20.937+0000] {processor.py:179} INFO - Processing /opt/airflow/dags/mongo_data_loader.py took 0.027 seconds
[2023-10-08T23:33:51.133+0000] {processor.py:157} INFO - Started process (PID=804) to work on /opt/airflow/dags/mongo_data_loader.py
[2023-10-08T23:33:51.135+0000] {processor.py:829} INFO - Processing file /opt/airflow/dags/mongo_data_loader.py for tasks to queue
[2023-10-08T23:33:51.138+0000] {logging_mixin.py:151} INFO - [2023-10-08T23:33:51.138+0000] {dagbag.py:539} INFO - Filling up the DagBag from /opt/airflow/dags/mongo_data_loader.py
[2023-10-08T23:33:51.144+0000] {processor.py:841} WARNING - No viable dags retrieved from /opt/airflow/dags/mongo_data_loader.py
[2023-10-08T23:33:51.157+0000] {processor.py:179} INFO - Processing /opt/airflow/dags/mongo_data_loader.py took 0.029 seconds
[2023-10-08T23:34:21.372+0000] {processor.py:157} INFO - Started process (PID=859) to work on /opt/airflow/dags/mongo_data_loader.py
[2023-10-08T23:34:21.374+0000] {processor.py:829} INFO - Processing file /opt/airflow/dags/mongo_data_loader.py for tasks to queue
[2023-10-08T23:34:21.377+0000] {logging_mixin.py:151} INFO - [2023-10-08T23:34:21.377+0000] {dagbag.py:539} INFO - Filling up the DagBag from /opt/airflow/dags/mongo_data_loader.py
[2023-10-08T23:34:21.382+0000] {processor.py:841} WARNING - No viable dags retrieved from /opt/airflow/dags/mongo_data_loader.py
[2023-10-08T23:34:21.401+0000] {processor.py:179} INFO - Processing /opt/airflow/dags/mongo_data_loader.py took 0.034 seconds
[2023-10-08T23:34:51.499+0000] {processor.py:157} INFO - Started process (PID=914) to work on /opt/airflow/dags/mongo_data_loader.py
[2023-10-08T23:34:51.501+0000] {processor.py:829} INFO - Processing file /opt/airflow/dags/mongo_data_loader.py for tasks to queue
[2023-10-08T23:34:51.504+0000] {logging_mixin.py:151} INFO - [2023-10-08T23:34:51.504+0000] {dagbag.py:539} INFO - Filling up the DagBag from /opt/airflow/dags/mongo_data_loader.py
[2023-10-08T23:34:51.509+0000] {processor.py:841} WARNING - No viable dags retrieved from /opt/airflow/dags/mongo_data_loader.py
[2023-10-08T23:34:51.523+0000] {processor.py:179} INFO - Processing /opt/airflow/dags/mongo_data_loader.py took 0.029 seconds
[2023-10-08T23:35:21.686+0000] {processor.py:157} INFO - Started process (PID=969) to work on /opt/airflow/dags/mongo_data_loader.py
[2023-10-08T23:35:21.688+0000] {processor.py:829} INFO - Processing file /opt/airflow/dags/mongo_data_loader.py for tasks to queue
[2023-10-08T23:35:21.692+0000] {logging_mixin.py:151} INFO - [2023-10-08T23:35:21.692+0000] {dagbag.py:539} INFO - Filling up the DagBag from /opt/airflow/dags/mongo_data_loader.py
[2023-10-08T23:35:21.697+0000] {processor.py:841} WARNING - No viable dags retrieved from /opt/airflow/dags/mongo_data_loader.py
[2023-10-08T23:35:21.714+0000] {processor.py:179} INFO - Processing /opt/airflow/dags/mongo_data_loader.py took 0.034 seconds
[2023-10-08T23:35:51.744+0000] {processor.py:157} INFO - Started process (PID=1024) to work on /opt/airflow/dags/mongo_data_loader.py
[2023-10-08T23:35:51.746+0000] {processor.py:829} INFO - Processing file /opt/airflow/dags/mongo_data_loader.py for tasks to queue
[2023-10-08T23:35:51.749+0000] {logging_mixin.py:151} INFO - [2023-10-08T23:35:51.749+0000] {dagbag.py:539} INFO - Filling up the DagBag from /opt/airflow/dags/mongo_data_loader.py
[2023-10-08T23:35:51.753+0000] {processor.py:841} WARNING - No viable dags retrieved from /opt/airflow/dags/mongo_data_loader.py
[2023-10-08T23:35:51.770+0000] {processor.py:179} INFO - Processing /opt/airflow/dags/mongo_data_loader.py took 0.031 seconds
[2023-10-08T23:36:21.844+0000] {processor.py:157} INFO - Started process (PID=1079) to work on /opt/airflow/dags/mongo_data_loader.py
[2023-10-08T23:36:21.846+0000] {processor.py:829} INFO - Processing file /opt/airflow/dags/mongo_data_loader.py for tasks to queue
[2023-10-08T23:36:21.850+0000] {logging_mixin.py:151} INFO - [2023-10-08T23:36:21.849+0000] {dagbag.py:539} INFO - Filling up the DagBag from /opt/airflow/dags/mongo_data_loader.py
[2023-10-08T23:36:21.855+0000] {processor.py:841} WARNING - No viable dags retrieved from /opt/airflow/dags/mongo_data_loader.py
[2023-10-08T23:36:21.873+0000] {processor.py:179} INFO - Processing /opt/airflow/dags/mongo_data_loader.py took 0.034 seconds
[2023-10-08T23:36:52.149+0000] {processor.py:157} INFO - Started process (PID=1134) to work on /opt/airflow/dags/mongo_data_loader.py
[2023-10-08T23:36:52.151+0000] {processor.py:829} INFO - Processing file /opt/airflow/dags/mongo_data_loader.py for tasks to queue
[2023-10-08T23:36:52.155+0000] {logging_mixin.py:151} INFO - [2023-10-08T23:36:52.155+0000] {dagbag.py:539} INFO - Filling up the DagBag from /opt/airflow/dags/mongo_data_loader.py
[2023-10-08T23:36:52.160+0000] {processor.py:841} WARNING - No viable dags retrieved from /opt/airflow/dags/mongo_data_loader.py
[2023-10-08T23:36:52.176+0000] {processor.py:179} INFO - Processing /opt/airflow/dags/mongo_data_loader.py took 0.033 seconds
[2023-10-08T23:37:22.383+0000] {processor.py:157} INFO - Started process (PID=1189) to work on /opt/airflow/dags/mongo_data_loader.py
[2023-10-08T23:37:22.385+0000] {processor.py:829} INFO - Processing file /opt/airflow/dags/mongo_data_loader.py for tasks to queue
[2023-10-08T23:37:22.389+0000] {logging_mixin.py:151} INFO - [2023-10-08T23:37:22.389+0000] {dagbag.py:539} INFO - Filling up the DagBag from /opt/airflow/dags/mongo_data_loader.py
[2023-10-08T23:37:22.395+0000] {processor.py:841} WARNING - No viable dags retrieved from /opt/airflow/dags/mongo_data_loader.py
[2023-10-08T23:37:22.411+0000] {processor.py:179} INFO - Processing /opt/airflow/dags/mongo_data_loader.py took 0.034 seconds
[2023-10-08T23:37:52.519+0000] {processor.py:157} INFO - Started process (PID=1244) to work on /opt/airflow/dags/mongo_data_loader.py
[2023-10-08T23:37:52.521+0000] {processor.py:829} INFO - Processing file /opt/airflow/dags/mongo_data_loader.py for tasks to queue
[2023-10-08T23:37:52.525+0000] {logging_mixin.py:151} INFO - [2023-10-08T23:37:52.524+0000] {dagbag.py:539} INFO - Filling up the DagBag from /opt/airflow/dags/mongo_data_loader.py
[2023-10-08T23:37:52.531+0000] {processor.py:841} WARNING - No viable dags retrieved from /opt/airflow/dags/mongo_data_loader.py
[2023-10-08T23:37:52.549+0000] {processor.py:179} INFO - Processing /opt/airflow/dags/mongo_data_loader.py took 0.037 seconds
[2023-10-08T23:38:22.716+0000] {processor.py:157} INFO - Started process (PID=1299) to work on /opt/airflow/dags/mongo_data_loader.py
[2023-10-08T23:38:22.718+0000] {processor.py:829} INFO - Processing file /opt/airflow/dags/mongo_data_loader.py for tasks to queue
[2023-10-08T23:38:22.721+0000] {logging_mixin.py:151} INFO - [2023-10-08T23:38:22.721+0000] {dagbag.py:539} INFO - Filling up the DagBag from /opt/airflow/dags/mongo_data_loader.py
[2023-10-08T23:38:22.727+0000] {processor.py:841} WARNING - No viable dags retrieved from /opt/airflow/dags/mongo_data_loader.py
[2023-10-08T23:38:22.742+0000] {processor.py:179} INFO - Processing /opt/airflow/dags/mongo_data_loader.py took 0.032 seconds
[2023-10-08T23:38:52.906+0000] {processor.py:157} INFO - Started process (PID=1354) to work on /opt/airflow/dags/mongo_data_loader.py
[2023-10-08T23:38:52.908+0000] {processor.py:829} INFO - Processing file /opt/airflow/dags/mongo_data_loader.py for tasks to queue
[2023-10-08T23:38:52.911+0000] {logging_mixin.py:151} INFO - [2023-10-08T23:38:52.911+0000] {dagbag.py:539} INFO - Filling up the DagBag from /opt/airflow/dags/mongo_data_loader.py
[2023-10-08T23:38:52.917+0000] {processor.py:841} WARNING - No viable dags retrieved from /opt/airflow/dags/mongo_data_loader.py
[2023-10-08T23:38:52.934+0000] {processor.py:179} INFO - Processing /opt/airflow/dags/mongo_data_loader.py took 0.033 seconds
[2023-10-08T23:39:23.135+0000] {processor.py:157} INFO - Started process (PID=1409) to work on /opt/airflow/dags/mongo_data_loader.py
[2023-10-08T23:39:23.137+0000] {processor.py:829} INFO - Processing file /opt/airflow/dags/mongo_data_loader.py for tasks to queue
[2023-10-08T23:39:23.140+0000] {logging_mixin.py:151} INFO - [2023-10-08T23:39:23.140+0000] {dagbag.py:539} INFO - Filling up the DagBag from /opt/airflow/dags/mongo_data_loader.py
[2023-10-08T23:39:23.146+0000] {processor.py:841} WARNING - No viable dags retrieved from /opt/airflow/dags/mongo_data_loader.py
[2023-10-08T23:39:23.161+0000] {processor.py:179} INFO - Processing /opt/airflow/dags/mongo_data_loader.py took 0.032 seconds
[2023-10-08T23:39:53.238+0000] {processor.py:157} INFO - Started process (PID=1464) to work on /opt/airflow/dags/mongo_data_loader.py
[2023-10-08T23:39:53.240+0000] {processor.py:829} INFO - Processing file /opt/airflow/dags/mongo_data_loader.py for tasks to queue
[2023-10-08T23:39:53.243+0000] {logging_mixin.py:151} INFO - [2023-10-08T23:39:53.243+0000] {dagbag.py:539} INFO - Filling up the DagBag from /opt/airflow/dags/mongo_data_loader.py
[2023-10-08T23:39:53.249+0000] {processor.py:841} WARNING - No viable dags retrieved from /opt/airflow/dags/mongo_data_loader.py
[2023-10-08T23:39:53.264+0000] {processor.py:179} INFO - Processing /opt/airflow/dags/mongo_data_loader.py took 0.032 seconds
[2023-10-08T23:40:23.468+0000] {processor.py:157} INFO - Started process (PID=1519) to work on /opt/airflow/dags/mongo_data_loader.py
[2023-10-08T23:40:23.470+0000] {processor.py:829} INFO - Processing file /opt/airflow/dags/mongo_data_loader.py for tasks to queue
[2023-10-08T23:40:23.473+0000] {logging_mixin.py:151} INFO - [2023-10-08T23:40:23.473+0000] {dagbag.py:539} INFO - Filling up the DagBag from /opt/airflow/dags/mongo_data_loader.py
[2023-10-08T23:40:23.479+0000] {processor.py:841} WARNING - No viable dags retrieved from /opt/airflow/dags/mongo_data_loader.py
[2023-10-08T23:40:23.499+0000] {processor.py:179} INFO - Processing /opt/airflow/dags/mongo_data_loader.py took 0.037 seconds
[2023-10-08T23:40:53.599+0000] {processor.py:157} INFO - Started process (PID=1574) to work on /opt/airflow/dags/mongo_data_loader.py
[2023-10-08T23:40:53.601+0000] {processor.py:829} INFO - Processing file /opt/airflow/dags/mongo_data_loader.py for tasks to queue
[2023-10-08T23:40:53.604+0000] {logging_mixin.py:151} INFO - [2023-10-08T23:40:53.604+0000] {dagbag.py:539} INFO - Filling up the DagBag from /opt/airflow/dags/mongo_data_loader.py
[2023-10-08T23:40:53.610+0000] {processor.py:841} WARNING - No viable dags retrieved from /opt/airflow/dags/mongo_data_loader.py
[2023-10-08T23:40:53.624+0000] {processor.py:179} INFO - Processing /opt/airflow/dags/mongo_data_loader.py took 0.030 seconds
[2023-10-08T23:41:23.674+0000] {processor.py:157} INFO - Started process (PID=1629) to work on /opt/airflow/dags/mongo_data_loader.py
[2023-10-08T23:41:23.676+0000] {processor.py:829} INFO - Processing file /opt/airflow/dags/mongo_data_loader.py for tasks to queue
[2023-10-08T23:41:23.679+0000] {logging_mixin.py:151} INFO - [2023-10-08T23:41:23.678+0000] {dagbag.py:539} INFO - Filling up the DagBag from /opt/airflow/dags/mongo_data_loader.py
[2023-10-08T23:41:23.683+0000] {processor.py:841} WARNING - No viable dags retrieved from /opt/airflow/dags/mongo_data_loader.py
[2023-10-08T23:41:23.701+0000] {processor.py:179} INFO - Processing /opt/airflow/dags/mongo_data_loader.py took 0.033 seconds
[2023-10-08T23:41:53.910+0000] {processor.py:157} INFO - Started process (PID=1684) to work on /opt/airflow/dags/mongo_data_loader.py
[2023-10-08T23:41:53.912+0000] {processor.py:829} INFO - Processing file /opt/airflow/dags/mongo_data_loader.py for tasks to queue
[2023-10-08T23:41:53.915+0000] {logging_mixin.py:151} INFO - [2023-10-08T23:41:53.915+0000] {dagbag.py:539} INFO - Filling up the DagBag from /opt/airflow/dags/mongo_data_loader.py
[2023-10-08T23:41:53.920+0000] {processor.py:841} WARNING - No viable dags retrieved from /opt/airflow/dags/mongo_data_loader.py
[2023-10-08T23:41:53.934+0000] {processor.py:179} INFO - Processing /opt/airflow/dags/mongo_data_loader.py took 0.030 seconds
[2023-10-08T23:42:24.029+0000] {processor.py:157} INFO - Started process (PID=1739) to work on /opt/airflow/dags/mongo_data_loader.py
[2023-10-08T23:42:24.031+0000] {processor.py:829} INFO - Processing file /opt/airflow/dags/mongo_data_loader.py for tasks to queue
[2023-10-08T23:42:24.034+0000] {logging_mixin.py:151} INFO - [2023-10-08T23:42:24.034+0000] {dagbag.py:539} INFO - Filling up the DagBag from /opt/airflow/dags/mongo_data_loader.py
[2023-10-08T23:42:24.039+0000] {processor.py:841} WARNING - No viable dags retrieved from /opt/airflow/dags/mongo_data_loader.py
[2023-10-08T23:42:24.052+0000] {processor.py:179} INFO - Processing /opt/airflow/dags/mongo_data_loader.py took 0.029 seconds
[2023-10-08T23:42:54.275+0000] {processor.py:157} INFO - Started process (PID=1794) to work on /opt/airflow/dags/mongo_data_loader.py
[2023-10-08T23:42:54.280+0000] {processor.py:829} INFO - Processing file /opt/airflow/dags/mongo_data_loader.py for tasks to queue
[2023-10-08T23:42:54.283+0000] {logging_mixin.py:151} INFO - [2023-10-08T23:42:54.283+0000] {dagbag.py:539} INFO - Filling up the DagBag from /opt/airflow/dags/mongo_data_loader.py
[2023-10-08T23:42:54.287+0000] {processor.py:841} WARNING - No viable dags retrieved from /opt/airflow/dags/mongo_data_loader.py
[2023-10-08T23:42:54.300+0000] {processor.py:179} INFO - Processing /opt/airflow/dags/mongo_data_loader.py took 0.031 seconds
[2023-10-08T23:43:24.395+0000] {processor.py:157} INFO - Started process (PID=1849) to work on /opt/airflow/dags/mongo_data_loader.py
[2023-10-08T23:43:24.397+0000] {processor.py:829} INFO - Processing file /opt/airflow/dags/mongo_data_loader.py for tasks to queue
[2023-10-08T23:43:24.401+0000] {logging_mixin.py:151} INFO - [2023-10-08T23:43:24.401+0000] {dagbag.py:539} INFO - Filling up the DagBag from /opt/airflow/dags/mongo_data_loader.py
[2023-10-08T23:43:24.407+0000] {processor.py:841} WARNING - No viable dags retrieved from /opt/airflow/dags/mongo_data_loader.py
[2023-10-08T23:43:24.424+0000] {processor.py:179} INFO - Processing /opt/airflow/dags/mongo_data_loader.py took 0.034 seconds
[2023-10-08T23:43:54.623+0000] {processor.py:157} INFO - Started process (PID=1904) to work on /opt/airflow/dags/mongo_data_loader.py
[2023-10-08T23:43:54.625+0000] {processor.py:829} INFO - Processing file /opt/airflow/dags/mongo_data_loader.py for tasks to queue
[2023-10-08T23:43:54.630+0000] {logging_mixin.py:151} INFO - [2023-10-08T23:43:54.629+0000] {dagbag.py:539} INFO - Filling up the DagBag from /opt/airflow/dags/mongo_data_loader.py
[2023-10-08T23:43:54.634+0000] {processor.py:841} WARNING - No viable dags retrieved from /opt/airflow/dags/mongo_data_loader.py
[2023-10-08T23:43:54.649+0000] {processor.py:179} INFO - Processing /opt/airflow/dags/mongo_data_loader.py took 0.032 seconds
[2023-10-08T23:44:24.845+0000] {processor.py:157} INFO - Started process (PID=1959) to work on /opt/airflow/dags/mongo_data_loader.py
[2023-10-08T23:44:24.847+0000] {processor.py:829} INFO - Processing file /opt/airflow/dags/mongo_data_loader.py for tasks to queue
[2023-10-08T23:44:24.850+0000] {logging_mixin.py:151} INFO - [2023-10-08T23:44:24.850+0000] {dagbag.py:539} INFO - Filling up the DagBag from /opt/airflow/dags/mongo_data_loader.py
[2023-10-08T23:44:24.856+0000] {processor.py:841} WARNING - No viable dags retrieved from /opt/airflow/dags/mongo_data_loader.py
[2023-10-08T23:44:24.869+0000] {processor.py:179} INFO - Processing /opt/airflow/dags/mongo_data_loader.py took 0.030 seconds
[2023-10-08T23:44:54.946+0000] {processor.py:157} INFO - Started process (PID=2014) to work on /opt/airflow/dags/mongo_data_loader.py
[2023-10-08T23:44:54.948+0000] {processor.py:829} INFO - Processing file /opt/airflow/dags/mongo_data_loader.py for tasks to queue
[2023-10-08T23:44:54.952+0000] {logging_mixin.py:151} INFO - [2023-10-08T23:44:54.952+0000] {dagbag.py:539} INFO - Filling up the DagBag from /opt/airflow/dags/mongo_data_loader.py
[2023-10-08T23:44:54.957+0000] {processor.py:841} WARNING - No viable dags retrieved from /opt/airflow/dags/mongo_data_loader.py
[2023-10-08T23:44:54.973+0000] {processor.py:179} INFO - Processing /opt/airflow/dags/mongo_data_loader.py took 0.032 seconds
[2023-10-08T23:45:25.106+0000] {processor.py:157} INFO - Started process (PID=2069) to work on /opt/airflow/dags/mongo_data_loader.py
[2023-10-08T23:45:25.109+0000] {processor.py:829} INFO - Processing file /opt/airflow/dags/mongo_data_loader.py for tasks to queue
[2023-10-08T23:45:25.112+0000] {logging_mixin.py:151} INFO - [2023-10-08T23:45:25.112+0000] {dagbag.py:539} INFO - Filling up the DagBag from /opt/airflow/dags/mongo_data_loader.py
[2023-10-08T23:45:25.118+0000] {processor.py:841} WARNING - No viable dags retrieved from /opt/airflow/dags/mongo_data_loader.py
[2023-10-08T23:45:25.135+0000] {processor.py:179} INFO - Processing /opt/airflow/dags/mongo_data_loader.py took 0.035 seconds
[2023-10-08T23:49:11.225+0000] {processor.py:157} INFO - Started process (PID=2115) to work on /opt/airflow/dags/mongo_data_loader.py
[2023-10-08T23:49:11.228+0000] {processor.py:829} INFO - Processing file /opt/airflow/dags/mongo_data_loader.py for tasks to queue
[2023-10-08T23:49:11.233+0000] {logging_mixin.py:151} INFO - [2023-10-08T23:49:11.232+0000] {dagbag.py:539} INFO - Filling up the DagBag from /opt/airflow/dags/mongo_data_loader.py
[2023-10-08T23:49:11.240+0000] {processor.py:841} WARNING - No viable dags retrieved from /opt/airflow/dags/mongo_data_loader.py
[2023-10-08T23:49:11.257+0000] {processor.py:179} INFO - Processing /opt/airflow/dags/mongo_data_loader.py took 0.042 seconds
[2023-10-08T23:49:41.485+0000] {processor.py:157} INFO - Started process (PID=2170) to work on /opt/airflow/dags/mongo_data_loader.py
[2023-10-08T23:49:41.489+0000] {processor.py:829} INFO - Processing file /opt/airflow/dags/mongo_data_loader.py for tasks to queue
[2023-10-08T23:49:41.493+0000] {logging_mixin.py:151} INFO - [2023-10-08T23:49:41.492+0000] {dagbag.py:539} INFO - Filling up the DagBag from /opt/airflow/dags/mongo_data_loader.py
[2023-10-08T23:49:41.499+0000] {processor.py:841} WARNING - No viable dags retrieved from /opt/airflow/dags/mongo_data_loader.py
[2023-10-08T23:49:41.514+0000] {processor.py:179} INFO - Processing /opt/airflow/dags/mongo_data_loader.py took 0.035 seconds
[2023-10-08T23:50:12.368+0000] {processor.py:157} INFO - Started process (PID=2225) to work on /opt/airflow/dags/mongo_data_loader.py
[2023-10-08T23:50:12.370+0000] {processor.py:829} INFO - Processing file /opt/airflow/dags/mongo_data_loader.py for tasks to queue
[2023-10-08T23:50:12.373+0000] {logging_mixin.py:151} INFO - [2023-10-08T23:50:12.372+0000] {dagbag.py:539} INFO - Filling up the DagBag from /opt/airflow/dags/mongo_data_loader.py
[2023-10-08T23:50:12.378+0000] {processor.py:841} WARNING - No viable dags retrieved from /opt/airflow/dags/mongo_data_loader.py
[2023-10-08T23:50:12.396+0000] {processor.py:179} INFO - Processing /opt/airflow/dags/mongo_data_loader.py took 0.032 seconds
[2023-10-08T23:50:42.571+0000] {processor.py:157} INFO - Started process (PID=2287) to work on /opt/airflow/dags/mongo_data_loader.py
[2023-10-08T23:50:42.572+0000] {processor.py:829} INFO - Processing file /opt/airflow/dags/mongo_data_loader.py for tasks to queue
[2023-10-08T23:50:42.573+0000] {logging_mixin.py:151} INFO - [2023-10-08T23:50:42.573+0000] {dagbag.py:539} INFO - Filling up the DagBag from /opt/airflow/dags/mongo_data_loader.py
[2023-10-08T23:50:42.578+0000] {logging_mixin.py:151} INFO - [2023-10-08T23:50:42.577+0000] {dagbag.py:347} ERROR - Failed to import: /opt/airflow/dags/mongo_data_loader.py
Traceback (most recent call last):
  File "/home/airflow/.local/lib/python3.8/site-packages/airflow/models/dagbag.py", line 343, in parse
    loader.exec_module(new_module)
  File "<frozen importlib._bootstrap_external>", line 839, in exec_module
  File "<frozen importlib._bootstrap_external>", line 976, in get_code
  File "<frozen importlib._bootstrap_external>", line 906, in source_to_code
  File "<frozen importlib._bootstrap>", line 219, in _call_with_frames_removed
  File "/opt/airflow/dags/mongo_data_loader.py", line 9
    
    ^
SyntaxError: unexpected EOF while parsing
[2023-10-08T23:50:42.578+0000] {processor.py:841} WARNING - No viable dags retrieved from /opt/airflow/dags/mongo_data_loader.py
[2023-10-08T23:50:42.592+0000] {processor.py:179} INFO - Processing /opt/airflow/dags/mongo_data_loader.py took 0.025 seconds
[2023-10-08T23:51:12.672+0000] {processor.py:157} INFO - Started process (PID=2342) to work on /opt/airflow/dags/mongo_data_loader.py
[2023-10-08T23:51:12.675+0000] {processor.py:829} INFO - Processing file /opt/airflow/dags/mongo_data_loader.py for tasks to queue
[2023-10-08T23:51:12.676+0000] {logging_mixin.py:151} INFO - [2023-10-08T23:51:12.676+0000] {dagbag.py:539} INFO - Filling up the DagBag from /opt/airflow/dags/mongo_data_loader.py
[2023-10-08T23:51:12.680+0000] {logging_mixin.py:151} INFO - [2023-10-08T23:51:12.680+0000] {dagbag.py:347} ERROR - Failed to import: /opt/airflow/dags/mongo_data_loader.py
Traceback (most recent call last):
  File "/home/airflow/.local/lib/python3.8/site-packages/airflow/models/dagbag.py", line 343, in parse
    loader.exec_module(new_module)
  File "<frozen importlib._bootstrap_external>", line 839, in exec_module
  File "<frozen importlib._bootstrap_external>", line 976, in get_code
  File "<frozen importlib._bootstrap_external>", line 906, in source_to_code
  File "<frozen importlib._bootstrap>", line 219, in _call_with_frames_removed
  File "/opt/airflow/dags/mongo_data_loader.py", line 9
    
    ^
SyntaxError: unexpected EOF while parsing
[2023-10-08T23:51:12.680+0000] {processor.py:841} WARNING - No viable dags retrieved from /opt/airflow/dags/mongo_data_loader.py
[2023-10-08T23:51:12.692+0000] {processor.py:179} INFO - Processing /opt/airflow/dags/mongo_data_loader.py took 0.023 seconds
[2023-10-08T23:51:43.587+0000] {processor.py:157} INFO - Started process (PID=2397) to work on /opt/airflow/dags/mongo_data_loader.py
[2023-10-08T23:51:43.589+0000] {processor.py:829} INFO - Processing file /opt/airflow/dags/mongo_data_loader.py for tasks to queue
[2023-10-08T23:51:43.594+0000] {logging_mixin.py:151} INFO - [2023-10-08T23:51:43.593+0000] {dagbag.py:539} INFO - Filling up the DagBag from /opt/airflow/dags/mongo_data_loader.py
[2023-10-08T23:51:43.600+0000] {logging_mixin.py:151} INFO - [2023-10-08T23:51:43.599+0000] {dagbag.py:347} ERROR - Failed to import: /opt/airflow/dags/mongo_data_loader.py
Traceback (most recent call last):
  File "/home/airflow/.local/lib/python3.8/site-packages/airflow/models/dagbag.py", line 343, in parse
    loader.exec_module(new_module)
  File "<frozen importlib._bootstrap_external>", line 839, in exec_module
  File "<frozen importlib._bootstrap_external>", line 976, in get_code
  File "<frozen importlib._bootstrap_external>", line 906, in source_to_code
  File "<frozen importlib._bootstrap>", line 219, in _call_with_frames_removed
  File "/opt/airflow/dags/mongo_data_loader.py", line 9
    
    ^
SyntaxError: unexpected EOF while parsing
[2023-10-08T23:51:43.601+0000] {processor.py:841} WARNING - No viable dags retrieved from /opt/airflow/dags/mongo_data_loader.py
[2023-10-08T23:51:43.620+0000] {processor.py:179} INFO - Processing /opt/airflow/dags/mongo_data_loader.py took 0.039 seconds
[2023-10-08T23:52:14.503+0000] {processor.py:157} INFO - Started process (PID=2453) to work on /opt/airflow/dags/mongo_data_loader.py
[2023-10-08T23:52:14.507+0000] {processor.py:829} INFO - Processing file /opt/airflow/dags/mongo_data_loader.py for tasks to queue
[2023-10-08T23:52:14.511+0000] {logging_mixin.py:151} INFO - [2023-10-08T23:52:14.511+0000] {dagbag.py:539} INFO - Filling up the DagBag from /opt/airflow/dags/mongo_data_loader.py
[2023-10-08T23:52:14.517+0000] {logging_mixin.py:151} INFO - [2023-10-08T23:52:14.516+0000] {dagbag.py:347} ERROR - Failed to import: /opt/airflow/dags/mongo_data_loader.py
Traceback (most recent call last):
  File "/home/airflow/.local/lib/python3.8/site-packages/airflow/models/dagbag.py", line 343, in parse
    loader.exec_module(new_module)
  File "<frozen importlib._bootstrap_external>", line 839, in exec_module
  File "<frozen importlib._bootstrap_external>", line 976, in get_code
  File "<frozen importlib._bootstrap_external>", line 906, in source_to_code
  File "<frozen importlib._bootstrap>", line 219, in _call_with_frames_removed
  File "/opt/airflow/dags/mongo_data_loader.py", line 9
    
    ^
SyntaxError: unexpected EOF while parsing
[2023-10-08T23:52:14.517+0000] {processor.py:841} WARNING - No viable dags retrieved from /opt/airflow/dags/mongo_data_loader.py
[2023-10-08T23:52:14.532+0000] {processor.py:179} INFO - Processing /opt/airflow/dags/mongo_data_loader.py took 0.034 seconds
[2023-10-08T23:52:44.664+0000] {processor.py:157} INFO - Started process (PID=2508) to work on /opt/airflow/dags/mongo_data_loader.py
[2023-10-08T23:52:44.666+0000] {processor.py:829} INFO - Processing file /opt/airflow/dags/mongo_data_loader.py for tasks to queue
[2023-10-08T23:52:44.669+0000] {logging_mixin.py:151} INFO - [2023-10-08T23:52:44.668+0000] {dagbag.py:539} INFO - Filling up the DagBag from /opt/airflow/dags/mongo_data_loader.py
[2023-10-08T23:52:44.675+0000] {logging_mixin.py:151} INFO - [2023-10-08T23:52:44.674+0000] {dagbag.py:347} ERROR - Failed to import: /opt/airflow/dags/mongo_data_loader.py
Traceback (most recent call last):
  File "/home/airflow/.local/lib/python3.8/site-packages/airflow/models/dagbag.py", line 343, in parse
    loader.exec_module(new_module)
  File "<frozen importlib._bootstrap_external>", line 839, in exec_module
  File "<frozen importlib._bootstrap_external>", line 976, in get_code
  File "<frozen importlib._bootstrap_external>", line 906, in source_to_code
  File "<frozen importlib._bootstrap>", line 219, in _call_with_frames_removed
  File "/opt/airflow/dags/mongo_data_loader.py", line 9
    
    ^
SyntaxError: unexpected EOF while parsing
[2023-10-08T23:52:44.675+0000] {processor.py:841} WARNING - No viable dags retrieved from /opt/airflow/dags/mongo_data_loader.py
[2023-10-08T23:52:44.693+0000] {processor.py:179} INFO - Processing /opt/airflow/dags/mongo_data_loader.py took 0.035 seconds
[2023-10-08T23:53:15.621+0000] {processor.py:157} INFO - Started process (PID=2563) to work on /opt/airflow/dags/mongo_data_loader.py
[2023-10-08T23:53:15.624+0000] {processor.py:829} INFO - Processing file /opt/airflow/dags/mongo_data_loader.py for tasks to queue
[2023-10-08T23:53:15.627+0000] {logging_mixin.py:151} INFO - [2023-10-08T23:53:15.627+0000] {dagbag.py:539} INFO - Filling up the DagBag from /opt/airflow/dags/mongo_data_loader.py
[2023-10-08T23:53:15.635+0000] {logging_mixin.py:151} INFO - [2023-10-08T23:53:15.634+0000] {dagbag.py:347} ERROR - Failed to import: /opt/airflow/dags/mongo_data_loader.py
Traceback (most recent call last):
  File "/home/airflow/.local/lib/python3.8/site-packages/airflow/models/dagbag.py", line 343, in parse
    loader.exec_module(new_module)
  File "<frozen importlib._bootstrap_external>", line 839, in exec_module
  File "<frozen importlib._bootstrap_external>", line 976, in get_code
  File "<frozen importlib._bootstrap_external>", line 906, in source_to_code
  File "<frozen importlib._bootstrap>", line 219, in _call_with_frames_removed
  File "/opt/airflow/dags/mongo_data_loader.py", line 9
    
    ^
SyntaxError: unexpected EOF while parsing
[2023-10-08T23:53:15.636+0000] {processor.py:841} WARNING - No viable dags retrieved from /opt/airflow/dags/mongo_data_loader.py
[2023-10-08T23:53:15.653+0000] {processor.py:179} INFO - Processing /opt/airflow/dags/mongo_data_loader.py took 0.038 seconds
[2023-10-08T23:55:18.142+0000] {processor.py:157} INFO - Started process (PID=2611) to work on /opt/airflow/dags/mongo_data_loader.py
[2023-10-08T23:55:18.143+0000] {processor.py:829} INFO - Processing file /opt/airflow/dags/mongo_data_loader.py for tasks to queue
[2023-10-08T23:55:18.145+0000] {logging_mixin.py:151} INFO - [2023-10-08T23:55:18.145+0000] {dagbag.py:539} INFO - Filling up the DagBag from /opt/airflow/dags/mongo_data_loader.py
[2023-10-08T23:55:18.150+0000] {logging_mixin.py:151} INFO - [2023-10-08T23:55:18.149+0000] {dagbag.py:347} ERROR - Failed to import: /opt/airflow/dags/mongo_data_loader.py
Traceback (most recent call last):
  File "/home/airflow/.local/lib/python3.8/site-packages/airflow/models/dagbag.py", line 343, in parse
    loader.exec_module(new_module)
  File "<frozen importlib._bootstrap_external>", line 839, in exec_module
  File "<frozen importlib._bootstrap_external>", line 976, in get_code
  File "<frozen importlib._bootstrap_external>", line 906, in source_to_code
  File "<frozen importlib._bootstrap>", line 219, in _call_with_frames_removed
  File "/opt/airflow/dags/mongo_data_loader.py", line 9
    
    ^
SyntaxError: unexpected EOF while parsing
[2023-10-08T23:55:18.150+0000] {processor.py:841} WARNING - No viable dags retrieved from /opt/airflow/dags/mongo_data_loader.py
[2023-10-08T23:55:18.164+0000] {processor.py:179} INFO - Processing /opt/airflow/dags/mongo_data_loader.py took 0.026 seconds
[2023-10-08T23:55:48.746+0000] {processor.py:157} INFO - Started process (PID=2666) to work on /opt/airflow/dags/mongo_data_loader.py
[2023-10-08T23:55:48.749+0000] {processor.py:829} INFO - Processing file /opt/airflow/dags/mongo_data_loader.py for tasks to queue
[2023-10-08T23:55:48.752+0000] {logging_mixin.py:151} INFO - [2023-10-08T23:55:48.752+0000] {dagbag.py:539} INFO - Filling up the DagBag from /opt/airflow/dags/mongo_data_loader.py
[2023-10-08T23:55:48.759+0000] {logging_mixin.py:151} INFO - [2023-10-08T23:55:48.758+0000] {dagbag.py:347} ERROR - Failed to import: /opt/airflow/dags/mongo_data_loader.py
Traceback (most recent call last):
  File "/home/airflow/.local/lib/python3.8/site-packages/airflow/models/dagbag.py", line 343, in parse
    loader.exec_module(new_module)
  File "<frozen importlib._bootstrap_external>", line 839, in exec_module
  File "<frozen importlib._bootstrap_external>", line 976, in get_code
  File "<frozen importlib._bootstrap_external>", line 906, in source_to_code
  File "<frozen importlib._bootstrap>", line 219, in _call_with_frames_removed
  File "/opt/airflow/dags/mongo_data_loader.py", line 9
    
    ^
SyntaxError: unexpected EOF while parsing
[2023-10-08T23:55:48.760+0000] {processor.py:841} WARNING - No viable dags retrieved from /opt/airflow/dags/mongo_data_loader.py
[2023-10-08T23:55:48.779+0000] {processor.py:179} INFO - Processing /opt/airflow/dags/mongo_data_loader.py took 0.039 seconds
[2023-10-08T23:56:18.919+0000] {processor.py:157} INFO - Started process (PID=2721) to work on /opt/airflow/dags/mongo_data_loader.py
[2023-10-08T23:56:18.921+0000] {processor.py:829} INFO - Processing file /opt/airflow/dags/mongo_data_loader.py for tasks to queue
[2023-10-08T23:56:18.925+0000] {logging_mixin.py:151} INFO - [2023-10-08T23:56:18.924+0000] {dagbag.py:539} INFO - Filling up the DagBag from /opt/airflow/dags/mongo_data_loader.py
[2023-10-08T23:56:18.932+0000] {logging_mixin.py:151} INFO - [2023-10-08T23:56:18.931+0000] {dagbag.py:347} ERROR - Failed to import: /opt/airflow/dags/mongo_data_loader.py
Traceback (most recent call last):
  File "/home/airflow/.local/lib/python3.8/site-packages/airflow/models/dagbag.py", line 343, in parse
    loader.exec_module(new_module)
  File "<frozen importlib._bootstrap_external>", line 839, in exec_module
  File "<frozen importlib._bootstrap_external>", line 976, in get_code
  File "<frozen importlib._bootstrap_external>", line 906, in source_to_code
  File "<frozen importlib._bootstrap>", line 219, in _call_with_frames_removed
  File "/opt/airflow/dags/mongo_data_loader.py", line 9
    
    ^
SyntaxError: unexpected EOF while parsing
[2023-10-08T23:56:18.933+0000] {processor.py:841} WARNING - No viable dags retrieved from /opt/airflow/dags/mongo_data_loader.py
[2023-10-08T23:56:18.952+0000] {processor.py:179} INFO - Processing /opt/airflow/dags/mongo_data_loader.py took 0.039 seconds
[2023-10-08T23:56:49.893+0000] {processor.py:157} INFO - Started process (PID=2776) to work on /opt/airflow/dags/mongo_data_loader.py
[2023-10-08T23:56:49.896+0000] {processor.py:829} INFO - Processing file /opt/airflow/dags/mongo_data_loader.py for tasks to queue
[2023-10-08T23:56:49.899+0000] {logging_mixin.py:151} INFO - [2023-10-08T23:56:49.899+0000] {dagbag.py:539} INFO - Filling up the DagBag from /opt/airflow/dags/mongo_data_loader.py
[2023-10-08T23:56:49.907+0000] {logging_mixin.py:151} INFO - [2023-10-08T23:56:49.906+0000] {dagbag.py:347} ERROR - Failed to import: /opt/airflow/dags/mongo_data_loader.py
Traceback (most recent call last):
  File "/home/airflow/.local/lib/python3.8/site-packages/airflow/models/dagbag.py", line 343, in parse
    loader.exec_module(new_module)
  File "<frozen importlib._bootstrap_external>", line 839, in exec_module
  File "<frozen importlib._bootstrap_external>", line 976, in get_code
  File "<frozen importlib._bootstrap_external>", line 906, in source_to_code
  File "<frozen importlib._bootstrap>", line 219, in _call_with_frames_removed
  File "/opt/airflow/dags/mongo_data_loader.py", line 9
    
    ^
SyntaxError: unexpected EOF while parsing
[2023-10-08T23:56:49.907+0000] {processor.py:841} WARNING - No viable dags retrieved from /opt/airflow/dags/mongo_data_loader.py
[2023-10-08T23:56:49.924+0000] {processor.py:179} INFO - Processing /opt/airflow/dags/mongo_data_loader.py took 0.037 seconds
[2023-10-08T23:57:20.152+0000] {processor.py:157} INFO - Started process (PID=2831) to work on /opt/airflow/dags/mongo_data_loader.py
[2023-10-08T23:57:20.154+0000] {processor.py:829} INFO - Processing file /opt/airflow/dags/mongo_data_loader.py for tasks to queue
[2023-10-08T23:57:20.156+0000] {logging_mixin.py:151} INFO - [2023-10-08T23:57:20.156+0000] {dagbag.py:539} INFO - Filling up the DagBag from /opt/airflow/dags/mongo_data_loader.py
[2023-10-08T23:57:20.161+0000] {logging_mixin.py:151} INFO - [2023-10-08T23:57:20.160+0000] {dagbag.py:347} ERROR - Failed to import: /opt/airflow/dags/mongo_data_loader.py
Traceback (most recent call last):
  File "/home/airflow/.local/lib/python3.8/site-packages/airflow/models/dagbag.py", line 343, in parse
    loader.exec_module(new_module)
  File "<frozen importlib._bootstrap_external>", line 839, in exec_module
  File "<frozen importlib._bootstrap_external>", line 976, in get_code
  File "<frozen importlib._bootstrap_external>", line 906, in source_to_code
  File "<frozen importlib._bootstrap>", line 219, in _call_with_frames_removed
  File "/opt/airflow/dags/mongo_data_loader.py", line 9
    
    ^
SyntaxError: unexpected EOF while parsing
[2023-10-08T23:57:20.161+0000] {processor.py:841} WARNING - No viable dags retrieved from /opt/airflow/dags/mongo_data_loader.py
[2023-10-08T23:57:20.179+0000] {processor.py:179} INFO - Processing /opt/airflow/dags/mongo_data_loader.py took 0.031 seconds
[2023-10-08T23:57:50.270+0000] {processor.py:157} INFO - Started process (PID=2886) to work on /opt/airflow/dags/mongo_data_loader.py
[2023-10-08T23:57:50.274+0000] {processor.py:829} INFO - Processing file /opt/airflow/dags/mongo_data_loader.py for tasks to queue
[2023-10-08T23:57:50.278+0000] {logging_mixin.py:151} INFO - [2023-10-08T23:57:50.277+0000] {dagbag.py:539} INFO - Filling up the DagBag from /opt/airflow/dags/mongo_data_loader.py
[2023-10-08T23:57:50.284+0000] {logging_mixin.py:151} INFO - [2023-10-08T23:57:50.283+0000] {dagbag.py:347} ERROR - Failed to import: /opt/airflow/dags/mongo_data_loader.py
Traceback (most recent call last):
  File "/home/airflow/.local/lib/python3.8/site-packages/airflow/models/dagbag.py", line 343, in parse
    loader.exec_module(new_module)
  File "<frozen importlib._bootstrap_external>", line 839, in exec_module
  File "<frozen importlib._bootstrap_external>", line 976, in get_code
  File "<frozen importlib._bootstrap_external>", line 906, in source_to_code
  File "<frozen importlib._bootstrap>", line 219, in _call_with_frames_removed
  File "/opt/airflow/dags/mongo_data_loader.py", line 9
    
    ^
SyntaxError: unexpected EOF while parsing
[2023-10-08T23:57:50.285+0000] {processor.py:841} WARNING - No viable dags retrieved from /opt/airflow/dags/mongo_data_loader.py
[2023-10-08T23:57:50.302+0000] {processor.py:179} INFO - Processing /opt/airflow/dags/mongo_data_loader.py took 0.039 seconds
[2023-10-08T23:58:20.465+0000] {processor.py:157} INFO - Started process (PID=2941) to work on /opt/airflow/dags/mongo_data_loader.py
[2023-10-08T23:58:20.469+0000] {processor.py:829} INFO - Processing file /opt/airflow/dags/mongo_data_loader.py for tasks to queue
[2023-10-08T23:58:20.472+0000] {logging_mixin.py:151} INFO - [2023-10-08T23:58:20.472+0000] {dagbag.py:539} INFO - Filling up the DagBag from /opt/airflow/dags/mongo_data_loader.py
[2023-10-08T23:58:20.478+0000] {logging_mixin.py:151} INFO - [2023-10-08T23:58:20.477+0000] {dagbag.py:347} ERROR - Failed to import: /opt/airflow/dags/mongo_data_loader.py
Traceback (most recent call last):
  File "/home/airflow/.local/lib/python3.8/site-packages/airflow/models/dagbag.py", line 343, in parse
    loader.exec_module(new_module)
  File "<frozen importlib._bootstrap_external>", line 839, in exec_module
  File "<frozen importlib._bootstrap_external>", line 976, in get_code
  File "<frozen importlib._bootstrap_external>", line 906, in source_to_code
  File "<frozen importlib._bootstrap>", line 219, in _call_with_frames_removed
  File "/opt/airflow/dags/mongo_data_loader.py", line 9
    
    ^
SyntaxError: unexpected EOF while parsing
[2023-10-08T23:58:20.478+0000] {processor.py:841} WARNING - No viable dags retrieved from /opt/airflow/dags/mongo_data_loader.py
[2023-10-08T23:58:20.494+0000] {processor.py:179} INFO - Processing /opt/airflow/dags/mongo_data_loader.py took 0.034 seconds
[2023-10-08T23:58:50.633+0000] {processor.py:157} INFO - Started process (PID=3003) to work on /opt/airflow/dags/mongo_data_loader.py
[2023-10-08T23:58:50.634+0000] {processor.py:829} INFO - Processing file /opt/airflow/dags/mongo_data_loader.py for tasks to queue
[2023-10-08T23:58:50.636+0000] {logging_mixin.py:151} INFO - [2023-10-08T23:58:50.636+0000] {dagbag.py:539} INFO - Filling up the DagBag from /opt/airflow/dags/mongo_data_loader.py
[2023-10-08T23:58:50.639+0000] {logging_mixin.py:151} INFO - [2023-10-08T23:58:50.639+0000] {dagbag.py:347} ERROR - Failed to import: /opt/airflow/dags/mongo_data_loader.py
Traceback (most recent call last):
  File "/home/airflow/.local/lib/python3.8/site-packages/airflow/models/dagbag.py", line 343, in parse
    loader.exec_module(new_module)
  File "<frozen importlib._bootstrap_external>", line 839, in exec_module
  File "<frozen importlib._bootstrap_external>", line 976, in get_code
  File "<frozen importlib._bootstrap_external>", line 906, in source_to_code
  File "<frozen importlib._bootstrap>", line 219, in _call_with_frames_removed
  File "/opt/airflow/dags/mongo_data_loader.py", line 9
    
    ^
SyntaxError: unexpected EOF while parsing
[2023-10-08T23:58:50.640+0000] {processor.py:841} WARNING - No viable dags retrieved from /opt/airflow/dags/mongo_data_loader.py
[2023-10-08T23:58:50.652+0000] {processor.py:179} INFO - Processing /opt/airflow/dags/mongo_data_loader.py took 0.021 seconds
[2023-10-08T23:59:20.775+0000] {processor.py:157} INFO - Started process (PID=3058) to work on /opt/airflow/dags/mongo_data_loader.py
[2023-10-08T23:59:20.777+0000] {processor.py:829} INFO - Processing file /opt/airflow/dags/mongo_data_loader.py for tasks to queue
[2023-10-08T23:59:20.779+0000] {logging_mixin.py:151} INFO - [2023-10-08T23:59:20.779+0000] {dagbag.py:539} INFO - Filling up the DagBag from /opt/airflow/dags/mongo_data_loader.py
[2023-10-08T23:59:20.782+0000] {logging_mixin.py:151} INFO - [2023-10-08T23:59:20.782+0000] {dagbag.py:347} ERROR - Failed to import: /opt/airflow/dags/mongo_data_loader.py
Traceback (most recent call last):
  File "/home/airflow/.local/lib/python3.8/site-packages/airflow/models/dagbag.py", line 343, in parse
    loader.exec_module(new_module)
  File "<frozen importlib._bootstrap_external>", line 839, in exec_module
  File "<frozen importlib._bootstrap_external>", line 976, in get_code
  File "<frozen importlib._bootstrap_external>", line 906, in source_to_code
  File "<frozen importlib._bootstrap>", line 219, in _call_with_frames_removed
  File "/opt/airflow/dags/mongo_data_loader.py", line 9
    
    ^
SyntaxError: unexpected EOF while parsing
[2023-10-08T23:59:20.782+0000] {processor.py:841} WARNING - No viable dags retrieved from /opt/airflow/dags/mongo_data_loader.py
[2023-10-08T23:59:20.794+0000] {processor.py:179} INFO - Processing /opt/airflow/dags/mongo_data_loader.py took 0.021 seconds
[2023-10-08T23:59:51.114+0000] {processor.py:157} INFO - Started process (PID=3113) to work on /opt/airflow/dags/mongo_data_loader.py
[2023-10-08T23:59:51.117+0000] {processor.py:829} INFO - Processing file /opt/airflow/dags/mongo_data_loader.py for tasks to queue
[2023-10-08T23:59:51.120+0000] {logging_mixin.py:151} INFO - [2023-10-08T23:59:51.120+0000] {dagbag.py:539} INFO - Filling up the DagBag from /opt/airflow/dags/mongo_data_loader.py
[2023-10-08T23:59:51.125+0000] {logging_mixin.py:151} INFO - [2023-10-08T23:59:51.124+0000] {dagbag.py:347} ERROR - Failed to import: /opt/airflow/dags/mongo_data_loader.py
Traceback (most recent call last):
  File "/home/airflow/.local/lib/python3.8/site-packages/airflow/models/dagbag.py", line 343, in parse
    loader.exec_module(new_module)
  File "<frozen importlib._bootstrap_external>", line 839, in exec_module
  File "<frozen importlib._bootstrap_external>", line 976, in get_code
  File "<frozen importlib._bootstrap_external>", line 906, in source_to_code
  File "<frozen importlib._bootstrap>", line 219, in _call_with_frames_removed
  File "/opt/airflow/dags/mongo_data_loader.py", line 9
    
    ^
SyntaxError: unexpected EOF while parsing
[2023-10-08T23:59:51.125+0000] {processor.py:841} WARNING - No viable dags retrieved from /opt/airflow/dags/mongo_data_loader.py
[2023-10-08T23:59:51.141+0000] {processor.py:179} INFO - Processing /opt/airflow/dags/mongo_data_loader.py took 0.031 seconds
